<?xml version="1.0" encoding="UTF-8"?>
<testsuite xmlns:xsi="http://www.w3.org/2001/XMLSchema-instance" xsi:noNamespaceSchemaLocation="https://maven.apache.org/surefire/maven-failsafe-plugin/xsd/failsafe-test-report-3.0.xsd" version="3.0" name="starter.CucumberTestSuite" time="229.491" tests="12" errors="0" skipped="0" failures="0">
  <properties>
    <property name="sun.desktop" value="windows"/>
    <property name="awt.toolkit" value="sun.awt.windows.WToolkit"/>
    <property name="java.specification.version" value="1.8"/>
    <property name="file.encoding.pkg" value="sun.io"/>
    <property name="webdriver.chrome.driver" value="D:\github\QE_MUHAMMAD-ADIBASYAH\miniproject\web\src\test\resources\webdriver\chromedriver.exe"/>
    <property name="sun.cpu.isalist" value="amd64"/>
    <property name="sun.jnu.encoding" value="Cp1252"/>
    <property name="java.class.path" value="D:\github\QE_MUHAMMAD-ADIBASYAH\miniproject\web\target\test-classes;D:\github\QE_MUHAMMAD-ADIBASYAH\miniproject\web\target\web-1.0-SNAPSHOT.jar;C:\Users\Admin\.m2\repository\net\serenity-bdd\serenity-core\3.2.1\serenity-core-3.2.1.jar;C:\Users\Admin\.m2\repository\net\serenity-bdd\serenity-model\3.2.1\serenity-model-3.2.1.jar;C:\Users\Admin\.m2\repository\org\apache\commons\commons-text\1.9\commons-text-1.9.jar;C:\Users\Admin\.m2\repository\commons-net\commons-net\3.8.0\commons-net-3.8.0.jar;C:\Users\Admin\.m2\repository\com\google\guava\guava\31.1-jre\guava-31.1-jre.jar;C:\Users\Admin\.m2\repository\com\google\guava\failureaccess\1.0.1\failureaccess-1.0.1.jar;C:\Users\Admin\.m2\repository\com\google\guava\listenablefuture\9999.0-empty-to-avoid-conflict-with-guava\listenablefuture-9999.0-empty-to-avoid-conflict-with-guava.jar;C:\Users\Admin\.m2\repository\com\google\code\findbugs\jsr305\3.0.2\jsr305-3.0.2.jar;C:\Users\Admin\.m2\repository\org\checkerframework\checker-qual\3.12.0\checker-qual-3.12.0.jar;C:\Users\Admin\.m2\repository\com\google\errorprone\error_prone_annotations\2.11.0\error_prone_annotations-2.11.0.jar;C:\Users\Admin\.m2\repository\com\google\j2objc\j2objc-annotations\1.3\j2objc-annotations-1.3.jar;C:\Users\Admin\.m2\repository\com\google\inject\guice\5.1.0\guice-5.1.0.jar;C:\Users\Admin\.m2\repository\javax\inject\javax.inject\1\javax.inject-1.jar;C:\Users\Admin\.m2\repository\aopalliance\aopalliance\1.0\aopalliance-1.0.jar;C:\Users\Admin\.m2\repository\org\jsoup\jsoup\1.14.3\jsoup-1.14.3.jar;C:\Users\Admin\.m2\repository\com\thoughtworks\xstream\xstream\1.4.19\xstream-1.4.19.jar;C:\Users\Admin\.m2\repository\io\github\x-stream\mxparser\1.2.2\mxparser-1.2.2.jar;C:\Users\Admin\.m2\repository\xmlpull\xmlpull\1.1.3.1\xmlpull-1.1.3.1.jar;C:\Users\Admin\.m2\repository\io\cucumber\cucumber-java\7.2.3\cucumber-java-7.2.3.jar;C:\Users\Admin\.m2\repository\com\typesafe\config\1.4.2\config-1.4.2.jar;C:\Users\Admin\.m2\repository\org\imgscalr\imgscalr-lib\4.2\imgscalr-lib-4.2.jar;C:\Users\Admin\.m2\repository\org\awaitility\awaitility\4.2.0\awaitility-4.2.0.jar;C:\Users\Admin\.m2\repository\org\freemarker\freemarker\2.3.31\freemarker-2.3.31.jar;C:\Users\Admin\.m2\repository\io\github\classgraph\classgraph\4.8.138\classgraph-4.8.138.jar;C:\Users\Admin\.m2\repository\net\sourceforge\jexcelapi\jxl\2.6.12\jxl-2.6.12.jar;C:\Users\Admin\.m2\repository\net\bytebuddy\byte-buddy\1.12.8\byte-buddy-1.12.8.jar;C:\Users\Admin\.m2\repository\net\bytebuddy\byte-buddy-agent\1.12.8\byte-buddy-agent-1.12.8.jar;C:\Users\Admin\.m2\repository\org\objenesis\objenesis\3.1\objenesis-3.1.jar;C:\Users\Admin\.m2\repository\net\serenity-bdd\serenity-reports\3.2.1\serenity-reports-3.2.1.jar;C:\Users\Admin\.m2\repository\net\serenity-bdd\serenity-stats\3.2.1\serenity-stats-3.2.1.jar;C:\Users\Admin\.m2\repository\net\serenity-bdd\serenity-reports-configuration\3.2.1\serenity-reports-configuration-3.2.1.jar;C:\Users\Admin\.m2\repository\com\vladsch\flexmark\flexmark-all\0.34.30\flexmark-all-0.34.30.jar;C:\Users\Admin\.m2\repository\com\vladsch\flexmark\flexmark\0.34.30\flexmark-0.34.30.jar;C:\Users\Admin\.m2\repository\com\vladsch\flexmark\flexmark-ext-abbreviation\0.34.30\flexmark-ext-abbreviation-0.34.30.jar;C:\Users\Admin\.m2\repository\com\vladsch\flexmark\flexmark-ext-admonition\0.34.30\flexmark-ext-admonition-0.34.30.jar;C:\Users\Admin\.m2\repository\com\vladsch\flexmark\flexmark-ext-anchorlink\0.34.30\flexmark-ext-anchorlink-0.34.30.jar;C:\Users\Admin\.m2\repository\com\vladsch\flexmark\flexmark-ext-aside\0.34.30\flexmark-ext-aside-0.34.30.jar;C:\Users\Admin\.m2\repository\com\vladsch\flexmark\flexmark-ext-attributes\0.34.30\flexmark-ext-attributes-0.34.30.jar;C:\Users\Admin\.m2\repository\com\vladsch\flexmark\flexmark-ext-autolink\0.34.30\flexmark-ext-autolink-0.34.30.jar;C:\Users\Admin\.m2\repository\org\nibor\autolink\autolink\0.6.0\autolink-0.6.0.jar;C:\Users\Admin\.m2\repository\com\vladsch\flexmark\flexmark-ext-definition\0.34.30\flexmark-ext-definition-0.34.30.jar;C:\Users\Admin\.m2\repository\com\vladsch\flexmark\flexmark-ext-emoji\0.34.30\flexmark-ext-emoji-0.34.30.jar;C:\Users\Admin\.m2\repository\com\vladsch\flexmark\flexmark-ext-enumerated-reference\0.34.30\flexmark-ext-enumerated-reference-0.34.30.jar;C:\Users\Admin\.m2\repository\com\vladsch\flexmark\flexmark-ext-escaped-character\0.34.30\flexmark-ext-escaped-character-0.34.30.jar;C:\Users\Admin\.m2\repository\com\vladsch\flexmark\flexmark-ext-footnotes\0.34.30\flexmark-ext-footnotes-0.34.30.jar;C:\Users\Admin\.m2\repository\com\vladsch\flexmark\flexmark-ext-gfm-issues\0.34.30\flexmark-ext-gfm-issues-0.34.30.jar;C:\Users\Admin\.m2\repository\com\vladsch\flexmark\flexmark-ext-gfm-strikethrough\0.34.30\flexmark-ext-gfm-strikethrough-0.34.30.jar;C:\Users\Admin\.m2\repository\com\vladsch\flexmark\flexmark-ext-gfm-tables\0.34.30\flexmark-ext-gfm-tables-0.34.30.jar;C:\Users\Admin\.m2\repository\com\vladsch\flexmark\flexmark-ext-gfm-tasklist\0.34.30\flexmark-ext-gfm-tasklist-0.34.30.jar;C:\Users\Admin\.m2\repository\com\vladsch\flexmark\flexmark-ext-gfm-users\0.34.30\flexmark-ext-gfm-users-0.34.30.jar;C:\Users\Admin\.m2\repository\com\vladsch\flexmark\flexmark-ext-gitlab\0.34.30\flexmark-ext-gitlab-0.34.30.jar;C:\Users\Admin\.m2\repository\com\vladsch\flexmark\flexmark-ext-jekyll-front-matter\0.34.30\flexmark-ext-jekyll-front-matter-0.34.30.jar;C:\Users\Admin\.m2\repository\com\vladsch\flexmark\flexmark-ext-jekyll-tag\0.34.30\flexmark-ext-jekyll-tag-0.34.30.jar;C:\Users\Admin\.m2\repository\com\vladsch\flexmark\flexmark-ext-media-tags\0.34.30\flexmark-ext-media-tags-0.34.30.jar;C:\Users\Admin\.m2\repository\com\vladsch\flexmark\flexmark-test-util\0.34.30\flexmark-test-util-0.34.30.jar;C:\Users\Admin\.m2\repository\com\vladsch\flexmark\flexmark-ext-ins\0.34.30\flexmark-ext-ins-0.34.30.jar;C:\Users\Admin\.m2\repository\com\vladsch\flexmark\flexmark-ext-xwiki-macros\0.34.30\flexmark-ext-xwiki-macros-0.34.30.jar;C:\Users\Admin\.m2\repository\com\vladsch\flexmark\flexmark-ext-superscript\0.34.30\flexmark-ext-superscript-0.34.30.jar;C:\Users\Admin\.m2\repository\com\vladsch\flexmark\flexmark-ext-tables\0.34.30\flexmark-ext-tables-0.34.30.jar;C:\Users\Admin\.m2\repository\com\vladsch\flexmark\flexmark-ext-toc\0.34.30\flexmark-ext-toc-0.34.30.jar;C:\Users\Admin\.m2\repository\com\vladsch\flexmark\flexmark-ext-typographic\0.34.30\flexmark-ext-typographic-0.34.30.jar;C:\Users\Admin\.m2\repository\com\vladsch\flexmark\flexmark-ext-wikilink\0.34.30\flexmark-ext-wikilink-0.34.30.jar;C:\Users\Admin\.m2\repository\com\vladsch\flexmark\flexmark-ext-yaml-front-matter\0.34.30\flexmark-ext-yaml-front-matter-0.34.30.jar;C:\Users\Admin\.m2\repository\com\vladsch\flexmark\flexmark-ext-youtube-embedded\0.34.30\flexmark-ext-youtube-embedded-0.34.30.jar;C:\Users\Admin\.m2\repository\com\vladsch\flexmark\flexmark-formatter\0.34.30\flexmark-formatter-0.34.30.jar;C:\Users\Admin\.m2\repository\com\vladsch\flexmark\flexmark-html-parser\0.34.30\flexmark-html-parser-0.34.30.jar;C:\Users\Admin\.m2\repository\com\vladsch\flexmark\flexmark-jira-converter\0.34.30\flexmark-jira-converter-0.34.30.jar;C:\Users\Admin\.m2\repository\com\vladsch\flexmark\flexmark-pdf-converter\0.34.30\flexmark-pdf-converter-0.34.30.jar;C:\Users\Admin\.m2\repository\com\openhtmltopdf\openhtmltopdf-core\0.0.1-RC13\openhtmltopdf-core-0.0.1-RC13.jar;C:\Users\Admin\.m2\repository\com\openhtmltopdf\openhtmltopdf-pdfbox\0.0.1-RC13\openhtmltopdf-pdfbox-0.0.1-RC13.jar;C:\Users\Admin\.m2\repository\org\apache\pdfbox\pdfbox\2.0.8\pdfbox-2.0.8.jar;C:\Users\Admin\.m2\repository\org\apache\pdfbox\fontbox\2.0.8\fontbox-2.0.8.jar;C:\Users\Admin\.m2\repository\commons-logging\commons-logging\1.2\commons-logging-1.2.jar;C:\Users\Admin\.m2\repository\org\apache\pdfbox\xmpbox\2.0.8\xmpbox-2.0.8.jar;C:\Users\Admin\.m2\repository\de\rototor\pdfbox\graphics2d\0.12\graphics2d-0.12.jar;C:\Users\Admin\.m2\repository\com\openhtmltopdf\openhtmltopdf-rtl-support\0.0.1-RC13\openhtmltopdf-rtl-support-0.0.1-RC13.jar;C:\Users\Admin\.m2\repository\com\ibm\icu\icu4j\59.1\icu4j-59.1.jar;C:\Users\Admin\.m2\repository\com\openhtmltopdf\openhtmltopdf-jsoup-dom-converter\0.0.1-RC13\openhtmltopdf-jsoup-dom-converter-0.0.1-RC13.jar;C:\Users\Admin\.m2\repository\com\vladsch\flexmark\flexmark-profile-pegdown\0.34.30\flexmark-profile-pegdown-0.34.30.jar;C:\Users\Admin\.m2\repository\com\vladsch\flexmark\flexmark-util\0.34.30\flexmark-util-0.34.30.jar;C:\Users\Admin\.m2\repository\com\vladsch\flexmark\flexmark-youtrack-converter\0.34.30\flexmark-youtrack-converter-0.34.30.jar;C:\Users\Admin\.m2\repository\es\nitaur\markdown\txtmark\0.16\txtmark-0.16.jar;C:\Users\Admin\.m2\repository\net\serenity-bdd\serenity-report-resources\3.2.1\serenity-report-resources-3.2.1.jar;C:\Users\Admin\.m2\repository\com\google\code\gson\gson\2.9.0\gson-2.9.0.jar;C:\Users\Admin\.m2\repository\com\fasterxml\jackson\core\jackson-core\2.13.2\jackson-core-2.13.2.jar;C:\Users\Admin\.m2\repository\com\fasterxml\jackson\core\jackson-databind\2.13.2\jackson-databind-2.13.2.jar;C:\Users\Admin\.m2\repository\com\fasterxml\jackson\core\jackson-annotations\2.13.2\jackson-annotations-2.13.2.jar;C:\Users\Admin\.m2\repository\commons-codec\commons-codec\1.15\commons-codec-1.15.jar;C:\Users\Admin\.m2\repository\commons-io\commons-io\2.11.0\commons-io-2.11.0.jar;C:\Users\Admin\.m2\repository\org\seleniumhq\selenium\selenium-java\4.1.2\selenium-java-4.1.2.jar;C:\Users\Admin\.m2\repository\org\seleniumhq\selenium\selenium-devtools-v85\4.1.2\selenium-devtools-v85-4.1.2.jar;C:\Users\Admin\.m2\repository\org\seleniumhq\selenium\selenium-devtools-v95\4.1.2\selenium-devtools-v95-4.1.2.jar;C:\Users\Admin\.m2\repository\org\seleniumhq\selenium\selenium-devtools-v96\4.1.2\selenium-devtools-v96-4.1.2.jar;C:\Users\Admin\.m2\repository\org\seleniumhq\selenium\selenium-devtools-v97\4.1.2\selenium-devtools-v97-4.1.2.jar;C:\Users\Admin\.m2\repository\org\seleniumhq\selenium\selenium-firefox-xpi-driver\4.1.2\selenium-firefox-xpi-driver-4.1.2.jar;C:\Users\Admin\.m2\repository\org\seleniumhq\selenium\selenium-opera-driver\4.1.2\selenium-opera-driver-4.1.2.jar;C:\Users\Admin\.m2\repository\org\seleniumhq\selenium\selenium-remote-driver\4.1.2\selenium-remote-driver-4.1.2.jar;C:\Users\Admin\.m2\repository\com\beust\jcommander\1.82\jcommander-1.82.jar;C:\Users\Admin\.m2\repository\io\netty\netty-buffer\4.1.73.Final\netty-buffer-4.1.73.Final.jar;C:\Users\Admin\.m2\repository\io\netty\netty-codec-http\4.1.73.Final\netty-codec-http-4.1.73.Final.jar;C:\Users\Admin\.m2\repository\io\netty\netty-codec\4.1.73.Final\netty-codec-4.1.73.Final.jar;C:\Users\Admin\.m2\repository\io\netty\netty-handler\4.1.73.Final\netty-handler-4.1.73.Final.jar;C:\Users\Admin\.m2\repository\io\netty\netty-tcnative-classes\2.0.46.Final\netty-tcnative-classes-2.0.46.Final.jar;C:\Users\Admin\.m2\repository\io\netty\netty-common\4.1.73.Final\netty-common-4.1.73.Final.jar;C:\Users\Admin\.m2\repository\io\netty\netty-transport-classes-epoll\4.1.73.Final\netty-transport-classes-epoll-4.1.73.Final.jar;C:\Users\Admin\.m2\repository\io\netty\netty-transport-classes-kqueue\4.1.73.Final\netty-transport-classes-kqueue-4.1.73.Final.jar;C:\Users\Admin\.m2\repository\io\netty\netty-transport-native-epoll\4.1.73.Final\netty-transport-native-epoll-4.1.73.Final.jar;C:\Users\Admin\.m2\repository\io\netty\netty-transport-native-kqueue\4.1.73.Final\netty-transport-native-kqueue-4.1.73.Final.jar;C:\Users\Admin\.m2\repository\io\netty\netty-transport-native-unix-common\4.1.73.Final\netty-transport-native-unix-common-4.1.73.Final.jar;C:\Users\Admin\.m2\repository\io\netty\netty-transport\4.1.73.Final\netty-transport-4.1.73.Final.jar;C:\Users\Admin\.m2\repository\io\netty\netty-resolver\4.1.73.Final\netty-resolver-4.1.73.Final.jar;C:\Users\Admin\.m2\repository\io\opentelemetry\opentelemetry-api\1.10.1\opentelemetry-api-1.10.1.jar;C:\Users\Admin\.m2\repository\io\opentelemetry\opentelemetry-context\1.10.1\opentelemetry-context-1.10.1.jar;C:\Users\Admin\.m2\repository\io\opentelemetry\opentelemetry-exporter-logging\1.10.1\opentelemetry-exporter-logging-1.10.1.jar;C:\Users\Admin\.m2\repository\io\opentelemetry\opentelemetry-sdk-metrics\1.10.1-alpha\opentelemetry-sdk-metrics-1.10.1-alpha.jar;C:\Users\Admin\.m2\repository\io\opentelemetry\opentelemetry-sdk-logs\1.10.1-alpha\opentelemetry-sdk-logs-1.10.1-alpha.jar;C:\Users\Admin\.m2\repository\io\opentelemetry\opentelemetry-sdk-common\1.10.1\opentelemetry-sdk-common-1.10.1.jar;C:\Users\Admin\.m2\repository\io\opentelemetry\opentelemetry-sdk-extension-autoconfigure-spi\1.10.1\opentelemetry-sdk-extension-autoconfigure-spi-1.10.1.jar;C:\Users\Admin\.m2\repository\io\opentelemetry\opentelemetry-sdk-extension-autoconfigure\1.10.1-alpha\opentelemetry-sdk-extension-autoconfigure-1.10.1-alpha.jar;C:\Users\Admin\.m2\repository\io\opentelemetry\opentelemetry-sdk-trace\1.10.1\opentelemetry-sdk-trace-1.10.1.jar;C:\Users\Admin\.m2\repository\io\opentelemetry\opentelemetry-sdk\1.10.1\opentelemetry-sdk-1.10.1.jar;C:\Users\Admin\.m2\repository\io\opentelemetry\opentelemetry-semconv\1.10.1-alpha\opentelemetry-semconv-1.10.1-alpha.jar;C:\Users\Admin\.m2\repository\io\ous\jtoml\2.0.0\jtoml-2.0.0.jar;C:\Users\Admin\.m2\repository\org\apache\commons\commons-exec\1.3\commons-exec-1.3.jar;C:\Users\Admin\.m2\repository\org\asynchttpclient\async-http-client\2.12.3\async-http-client-2.12.3.jar;C:\Users\Admin\.m2\repository\org\asynchttpclient\async-http-client-netty-utils\2.12.3\async-http-client-netty-utils-2.12.3.jar;C:\Users\Admin\.m2\repository\io\netty\netty-codec-socks\4.1.60.Final\netty-codec-socks-4.1.60.Final.jar;C:\Users\Admin\.m2\repository\io\netty\netty-handler-proxy\4.1.60.Final\netty-handler-proxy-4.1.60.Final.jar;C:\Users\Admin\.m2\repository\io\netty\netty-transport-native-epoll\4.1.60.Final\netty-transport-native-epoll-4.1.60.Final-linux-x86_64.jar;C:\Users\Admin\.m2\repository\io\netty\netty-transport-native-kqueue\4.1.60.Final\netty-transport-native-kqueue-4.1.60.Final-osx-x86_64.jar;C:\Users\Admin\.m2\repository\org\reactivestreams\reactive-streams\1.0.3\reactive-streams-1.0.3.jar;C:\Users\Admin\.m2\repository\com\typesafe\netty\netty-reactive-streams\2.0.4\netty-reactive-streams-2.0.4.jar;C:\Users\Admin\.m2\repository\org\seleniumhq\selenium\selenium-http\4.1.2\selenium-http-4.1.2.jar;C:\Users\Admin\.m2\repository\net\jodah\failsafe\2.4.4\failsafe-2.4.4.jar;C:\Users\Admin\.m2\repository\org\seleniumhq\selenium\selenium-safari-driver\4.1.2\selenium-safari-driver-4.1.2.jar;C:\Users\Admin\.m2\repository\org\seleniumhq\selenium\selenium-api\4.1.2\selenium-api-4.1.2.jar;C:\Users\Admin\.m2\repository\org\seleniumhq\selenium\selenium-support\4.1.2\selenium-support-4.1.2.jar;C:\Users\Admin\.m2\repository\com\google\auto\service\auto-service-annotations\1.0.1\auto-service-annotations-1.0.1.jar;C:\Users\Admin\.m2\repository\com\google\auto\service\auto-service\1.0.1\auto-service-1.0.1.jar;C:\Users\Admin\.m2\repository\com\google\auto\auto-common\1.2\auto-common-1.2.jar;C:\Users\Admin\.m2\repository\org\seleniumhq\selenium\selenium-json\4.1.2\selenium-json-4.1.2.jar;C:\Users\Admin\.m2\repository\org\seleniumhq\selenium\selenium-chrome-driver\4.1.2\selenium-chrome-driver-4.1.2.jar;C:\Users\Admin\.m2\repository\org\seleniumhq\selenium\selenium-chromium-driver\4.1.2\selenium-chromium-driver-4.1.2.jar;C:\Users\Admin\.m2\repository\org\seleniumhq\selenium\selenium-firefox-driver\4.1.2\selenium-firefox-driver-4.1.2.jar;C:\Users\Admin\.m2\repository\org\seleniumhq\selenium\selenium-edge-driver\4.1.2\selenium-edge-driver-4.1.2.jar;C:\Users\Admin\.m2\repository\org\seleniumhq\selenium\selenium-ie-driver\4.1.2\selenium-ie-driver-4.1.2.jar;C:\Users\Admin\.m2\repository\org\projectlombok\lombok\1.18.20\lombok-1.18.20.jar;C:\Users\Admin\.m2\repository\io\appium\java-client\8.0.0\java-client-8.0.0.jar;C:\Users\Admin\.m2\repository\commons-validator\commons-validator\1.7\commons-validator-1.7.jar;C:\Users\Admin\.m2\repository\commons-digester\commons-digester\2.1\commons-digester-2.1.jar;C:\Users\Admin\.m2\repository\org\aspectj\aspectjweaver\1.9.8\aspectjweaver-1.9.8.jar;C:\Users\Admin\.m2\repository\org\codehaus\groovy\groovy\3.0.10\groovy-3.0.10.jar;C:\Users\Admin\.m2\repository\net\sf\opencsv\opencsv\2.0\opencsv-2.0.jar;C:\Users\Admin\.m2\repository\commons-beanutils\commons-beanutils\1.9.4\commons-beanutils-1.9.4.jar;C:\Users\Admin\.m2\repository\org\apache\commons\commons-lang3\3.12.0\commons-lang3-3.12.0.jar;C:\Users\Admin\.m2\repository\commons-collections\commons-collections\3.2.2\commons-collections-3.2.2.jar;C:\Users\Admin\.m2\repository\org\fluentlenium\fluentlenium-core\0.10.2\fluentlenium-core-0.10.2.jar;C:\Users\Admin\.m2\repository\io\github\bonigarcia\webdrivermanager\5.1.0\webdrivermanager-5.1.0.jar;C:\Users\Admin\.m2\repository\com\github\docker-java\docker-java\3.2.13\docker-java-3.2.13.jar;C:\Users\Admin\.m2\repository\com\github\docker-java\docker-java-core\3.2.13\docker-java-core-3.2.13.jar;C:\Users\Admin\.m2\repository\com\github\docker-java\docker-java-api\3.2.13\docker-java-api-3.2.13.jar;C:\Users\Admin\.m2\repository\org\apache\commons\commons-compress\1.21\commons-compress-1.21.jar;C:\Users\Admin\.m2\repository\org\bouncycastle\bcpkix-jdk15on\1.64\bcpkix-jdk15on-1.64.jar;C:\Users\Admin\.m2\repository\org\bouncycastle\bcprov-jdk15on\1.64\bcprov-jdk15on-1.64.jar;C:\Users\Admin\.m2\repository\org\slf4j\jcl-over-slf4j\1.7.30\jcl-over-slf4j-1.7.30.jar;C:\Users\Admin\.m2\repository\com\github\docker-java\docker-java-transport-httpclient5\3.2.13\docker-java-transport-httpclient5-3.2.13.jar;C:\Users\Admin\.m2\repository\com\github\docker-java\docker-java-transport\3.2.13\docker-java-transport-3.2.13.jar;C:\Users\Admin\.m2\repository\org\apache\httpcomponents\client5\httpclient5\5.0.3\httpclient5-5.0.3.jar;C:\Users\Admin\.m2\repository\org\apache\httpcomponents\core5\httpcore5\5.0.2\httpcore5-5.0.2.jar;C:\Users\Admin\.m2\repository\net\java\dev\jna\jna\5.8.0\jna-5.8.0.jar;C:\Users\Admin\.m2\repository\org\brotli\dec\0.1.2\dec-0.1.2.jar;C:\Users\Admin\.m2\repository\com\jhlabs\filters\2.0.235\filters-2.0.235.jar;C:\Users\Admin\.m2\repository\com\paulhammant\ngwebdriver\1.1.6\ngwebdriver-1.1.6.jar;C:\Users\Admin\.m2\repository\joda-time\joda-time\2.8.2\joda-time-2.8.2.jar;C:\Users\Admin\.m2\repository\org\hamcrest\hamcrest\2.2\hamcrest-2.2.jar;C:\Users\Admin\.m2\repository\com\google\jimfs\jimfs\1.2\jimfs-1.2.jar;C:\Users\Admin\.m2\repository\org\mockito\mockito-core\3.3.3\mockito-core-3.3.3.jar;C:\Users\Admin\.m2\repository\javax\xml\bind\jaxb-api\2.3.1\jaxb-api-2.3.1.jar;C:\Users\Admin\.m2\repository\javax\activation\javax.activation-api\1.2.0\javax.activation-api-1.2.0.jar;C:\Users\Admin\.m2\repository\com\sun\xml\bind\jaxb-core\2.3.0.1\jaxb-core-2.3.0.1.jar;C:\Users\Admin\.m2\repository\com\sun\xml\bind\jaxb-impl\2.3.3\jaxb-impl-2.3.3.jar;C:\Users\Admin\.m2\repository\jakarta\xml\bind\jakarta.xml.bind-api\2.3.3\jakarta.xml.bind-api-2.3.3.jar;C:\Users\Admin\.m2\repository\com\sun\activation\jakarta.activation\1.2.2\jakarta.activation-1.2.2.jar;C:\Users\Admin\.m2\repository\javax\activation\activation\1.1.1\activation-1.1.1.jar;C:\Users\Admin\.m2\repository\net\serenity-bdd\serenity-cucumber\3.2.1\serenity-cucumber-3.2.1.jar;C:\Users\Admin\.m2\repository\io\cucumber\cucumber-core\7.2.3\cucumber-core-7.2.3.jar;C:\Users\Admin\.m2\repository\io\cucumber\cucumber-gherkin\7.2.3\cucumber-gherkin-7.2.3.jar;C:\Users\Admin\.m2\repository\io\cucumber\cucumber-gherkin-messages\7.2.3\cucumber-gherkin-messages-7.2.3.jar;C:\Users\Admin\.m2\repository\io\cucumber\messages\17.1.1\messages-17.1.1.jar;C:\Users\Admin\.m2\repository\io\cucumber\tag-expressions\4.1.0\tag-expressions-4.1.0.jar;C:\Users\Admin\.m2\repository\io\cucumber\cucumber-expressions\15.0.1\cucumber-expressions-15.0.1.jar;C:\Users\Admin\.m2\repository\io\cucumber\datatable\7.2.3\datatable-7.2.3.jar;C:\Users\Admin\.m2\repository\io\cucumber\cucumber-plugin\7.2.3\cucumber-plugin-7.2.3.jar;C:\Users\Admin\.m2\repository\io\cucumber\docstring\7.2.3\docstring-7.2.3.jar;C:\Users\Admin\.m2\repository\io\cucumber\html-formatter\17.0.0\html-formatter-17.0.0.jar;C:\Users\Admin\.m2\repository\io\cucumber\ci-environment\8.1.0\ci-environment-8.1.0.jar;C:\Users\Admin\.m2\repository\io\cucumber\cucumber-junit\7.2.3\cucumber-junit-7.2.3.jar;C:\Users\Admin\.m2\repository\org\apache\commons\commons-csv\1.5\commons-csv-1.5.jar;C:\Users\Admin\.m2\repository\net\serenity-bdd\serenity-screenplay\3.2.1\serenity-screenplay-3.2.1.jar;C:\Users\Admin\.m2\repository\net\serenity-bdd\serenity-screenplay-webdriver\3.2.1\serenity-screenplay-webdriver-3.2.1.jar;C:\Users\Admin\.m2\repository\net\serenity-bdd\serenity-ensure\3.2.1\serenity-ensure-3.2.1.jar;C:\Users\Admin\.m2\repository\net\serenity-bdd\serenity-junit\3.2.1\serenity-junit-3.2.1.jar;C:\Users\Admin\.m2\repository\org\jetbrains\kotlin\kotlin-stdlib\1.6.0\kotlin-stdlib-1.6.0.jar;C:\Users\Admin\.m2\repository\org\jetbrains\annotations\13.0\annotations-13.0.jar;C:\Users\Admin\.m2\repository\org\jetbrains\kotlin\kotlin-stdlib-common\1.6.0\kotlin-stdlib-common-1.6.0.jar;C:\Users\Admin\.m2\repository\org\junit\platform\junit-platform-launcher\1.8.1\junit-platform-launcher-1.8.1.jar;C:\Users\Admin\.m2\repository\org\junit\platform\junit-platform-engine\1.8.1\junit-platform-engine-1.8.1.jar;C:\Users\Admin\.m2\repository\org\opentest4j\opentest4j\1.2.0\opentest4j-1.2.0.jar;C:\Users\Admin\.m2\repository\org\junit\platform\junit-platform-commons\1.8.1\junit-platform-commons-1.8.1.jar;C:\Users\Admin\.m2\repository\org\apiguardian\apiguardian-api\1.1.2\apiguardian-api-1.1.2.jar;C:\Users\Admin\.m2\repository\org\junit\jupiter\junit-jupiter-engine\5.8.2\junit-jupiter-engine-5.8.2.jar;C:\Users\Admin\.m2\repository\org\junit\jupiter\junit-jupiter-api\5.8.2\junit-jupiter-api-5.8.2.jar;C:\Users\Admin\.m2\repository\org\junit\vintage\junit-vintage-engine\5.8.2\junit-vintage-engine-5.8.2.jar;C:\Users\Admin\.m2\repository\junit\junit\4.13.2\junit-4.13.2.jar;C:\Users\Admin\.m2\repository\org\hamcrest\hamcrest-core\1.3\hamcrest-core-1.3.jar;C:\Users\Admin\.m2\repository\ch\qos\logback\logback-classic\1.2.10\logback-classic-1.2.10.jar;C:\Users\Admin\.m2\repository\ch\qos\logback\logback-core\1.2.10\logback-core-1.2.10.jar;C:\Users\Admin\.m2\repository\org\slf4j\slf4j-api\1.7.32\slf4j-api-1.7.32.jar;C:\Users\Admin\.m2\repository\org\assertj\assertj-core\3.6.2\assertj-core-3.6.2.jar;"/>
    <property name="java.vm.vendor" value="Oracle Corporation"/>
    <property name="sun.arch.data.model" value="64"/>
    <property name="user.variant" value=""/>
    <property name="java.vendor.url" value="http://java.oracle.com/"/>
    <property name="user.timezone" value="Asia/Bangkok"/>
    <property name="java.vm.specification.version" value="1.8"/>
    <property name="os.name" value="Windows 10"/>
    <property name="user.country" value="US"/>
    <property name="sun.java.launcher" value="SUN_STANDARD"/>
    <property name="sun.boot.library.path" value="C:\Program Files\Java\jdk1.8.0_321\jre\bin"/>
    <property name="sun.java.command" value="C:\Users\Admin\AppData\Local\Temp\surefire1549583303369605794\surefirebooter4065454353720172432.jar C:\Users\Admin\AppData\Local\Temp\surefire1549583303369605794 2022-05-17T21-11-13_673-jvmRun1 surefire684304425710498765tmp surefire_05005622764796799855tmp"/>
    <property name="surefire.test.class.path" value="D:\github\QE_MUHAMMAD-ADIBASYAH\miniproject\web\target\test-classes;D:\github\QE_MUHAMMAD-ADIBASYAH\miniproject\web\target\web-1.0-SNAPSHOT.jar;C:\Users\Admin\.m2\repository\net\serenity-bdd\serenity-core\3.2.1\serenity-core-3.2.1.jar;C:\Users\Admin\.m2\repository\net\serenity-bdd\serenity-model\3.2.1\serenity-model-3.2.1.jar;C:\Users\Admin\.m2\repository\org\apache\commons\commons-text\1.9\commons-text-1.9.jar;C:\Users\Admin\.m2\repository\commons-net\commons-net\3.8.0\commons-net-3.8.0.jar;C:\Users\Admin\.m2\repository\com\google\guava\guava\31.1-jre\guava-31.1-jre.jar;C:\Users\Admin\.m2\repository\com\google\guava\failureaccess\1.0.1\failureaccess-1.0.1.jar;C:\Users\Admin\.m2\repository\com\google\guava\listenablefuture\9999.0-empty-to-avoid-conflict-with-guava\listenablefuture-9999.0-empty-to-avoid-conflict-with-guava.jar;C:\Users\Admin\.m2\repository\com\google\code\findbugs\jsr305\3.0.2\jsr305-3.0.2.jar;C:\Users\Admin\.m2\repository\org\checkerframework\checker-qual\3.12.0\checker-qual-3.12.0.jar;C:\Users\Admin\.m2\repository\com\google\errorprone\error_prone_annotations\2.11.0\error_prone_annotations-2.11.0.jar;C:\Users\Admin\.m2\repository\com\google\j2objc\j2objc-annotations\1.3\j2objc-annotations-1.3.jar;C:\Users\Admin\.m2\repository\com\google\inject\guice\5.1.0\guice-5.1.0.jar;C:\Users\Admin\.m2\repository\javax\inject\javax.inject\1\javax.inject-1.jar;C:\Users\Admin\.m2\repository\aopalliance\aopalliance\1.0\aopalliance-1.0.jar;C:\Users\Admin\.m2\repository\org\jsoup\jsoup\1.14.3\jsoup-1.14.3.jar;C:\Users\Admin\.m2\repository\com\thoughtworks\xstream\xstream\1.4.19\xstream-1.4.19.jar;C:\Users\Admin\.m2\repository\io\github\x-stream\mxparser\1.2.2\mxparser-1.2.2.jar;C:\Users\Admin\.m2\repository\xmlpull\xmlpull\1.1.3.1\xmlpull-1.1.3.1.jar;C:\Users\Admin\.m2\repository\io\cucumber\cucumber-java\7.2.3\cucumber-java-7.2.3.jar;C:\Users\Admin\.m2\repository\com\typesafe\config\1.4.2\config-1.4.2.jar;C:\Users\Admin\.m2\repository\org\imgscalr\imgscalr-lib\4.2\imgscalr-lib-4.2.jar;C:\Users\Admin\.m2\repository\org\awaitility\awaitility\4.2.0\awaitility-4.2.0.jar;C:\Users\Admin\.m2\repository\org\freemarker\freemarker\2.3.31\freemarker-2.3.31.jar;C:\Users\Admin\.m2\repository\io\github\classgraph\classgraph\4.8.138\classgraph-4.8.138.jar;C:\Users\Admin\.m2\repository\net\sourceforge\jexcelapi\jxl\2.6.12\jxl-2.6.12.jar;C:\Users\Admin\.m2\repository\net\bytebuddy\byte-buddy\1.12.8\byte-buddy-1.12.8.jar;C:\Users\Admin\.m2\repository\net\bytebuddy\byte-buddy-agent\1.12.8\byte-buddy-agent-1.12.8.jar;C:\Users\Admin\.m2\repository\org\objenesis\objenesis\3.1\objenesis-3.1.jar;C:\Users\Admin\.m2\repository\net\serenity-bdd\serenity-reports\3.2.1\serenity-reports-3.2.1.jar;C:\Users\Admin\.m2\repository\net\serenity-bdd\serenity-stats\3.2.1\serenity-stats-3.2.1.jar;C:\Users\Admin\.m2\repository\net\serenity-bdd\serenity-reports-configuration\3.2.1\serenity-reports-configuration-3.2.1.jar;C:\Users\Admin\.m2\repository\com\vladsch\flexmark\flexmark-all\0.34.30\flexmark-all-0.34.30.jar;C:\Users\Admin\.m2\repository\com\vladsch\flexmark\flexmark\0.34.30\flexmark-0.34.30.jar;C:\Users\Admin\.m2\repository\com\vladsch\flexmark\flexmark-ext-abbreviation\0.34.30\flexmark-ext-abbreviation-0.34.30.jar;C:\Users\Admin\.m2\repository\com\vladsch\flexmark\flexmark-ext-admonition\0.34.30\flexmark-ext-admonition-0.34.30.jar;C:\Users\Admin\.m2\repository\com\vladsch\flexmark\flexmark-ext-anchorlink\0.34.30\flexmark-ext-anchorlink-0.34.30.jar;C:\Users\Admin\.m2\repository\com\vladsch\flexmark\flexmark-ext-aside\0.34.30\flexmark-ext-aside-0.34.30.jar;C:\Users\Admin\.m2\repository\com\vladsch\flexmark\flexmark-ext-attributes\0.34.30\flexmark-ext-attributes-0.34.30.jar;C:\Users\Admin\.m2\repository\com\vladsch\flexmark\flexmark-ext-autolink\0.34.30\flexmark-ext-autolink-0.34.30.jar;C:\Users\Admin\.m2\repository\org\nibor\autolink\autolink\0.6.0\autolink-0.6.0.jar;C:\Users\Admin\.m2\repository\com\vladsch\flexmark\flexmark-ext-definition\0.34.30\flexmark-ext-definition-0.34.30.jar;C:\Users\Admin\.m2\repository\com\vladsch\flexmark\flexmark-ext-emoji\0.34.30\flexmark-ext-emoji-0.34.30.jar;C:\Users\Admin\.m2\repository\com\vladsch\flexmark\flexmark-ext-enumerated-reference\0.34.30\flexmark-ext-enumerated-reference-0.34.30.jar;C:\Users\Admin\.m2\repository\com\vladsch\flexmark\flexmark-ext-escaped-character\0.34.30\flexmark-ext-escaped-character-0.34.30.jar;C:\Users\Admin\.m2\repository\com\vladsch\flexmark\flexmark-ext-footnotes\0.34.30\flexmark-ext-footnotes-0.34.30.jar;C:\Users\Admin\.m2\repository\com\vladsch\flexmark\flexmark-ext-gfm-issues\0.34.30\flexmark-ext-gfm-issues-0.34.30.jar;C:\Users\Admin\.m2\repository\com\vladsch\flexmark\flexmark-ext-gfm-strikethrough\0.34.30\flexmark-ext-gfm-strikethrough-0.34.30.jar;C:\Users\Admin\.m2\repository\com\vladsch\flexmark\flexmark-ext-gfm-tables\0.34.30\flexmark-ext-gfm-tables-0.34.30.jar;C:\Users\Admin\.m2\repository\com\vladsch\flexmark\flexmark-ext-gfm-tasklist\0.34.30\flexmark-ext-gfm-tasklist-0.34.30.jar;C:\Users\Admin\.m2\repository\com\vladsch\flexmark\flexmark-ext-gfm-users\0.34.30\flexmark-ext-gfm-users-0.34.30.jar;C:\Users\Admin\.m2\repository\com\vladsch\flexmark\flexmark-ext-gitlab\0.34.30\flexmark-ext-gitlab-0.34.30.jar;C:\Users\Admin\.m2\repository\com\vladsch\flexmark\flexmark-ext-jekyll-front-matter\0.34.30\flexmark-ext-jekyll-front-matter-0.34.30.jar;C:\Users\Admin\.m2\repository\com\vladsch\flexmark\flexmark-ext-jekyll-tag\0.34.30\flexmark-ext-jekyll-tag-0.34.30.jar;C:\Users\Admin\.m2\repository\com\vladsch\flexmark\flexmark-ext-media-tags\0.34.30\flexmark-ext-media-tags-0.34.30.jar;C:\Users\Admin\.m2\repository\com\vladsch\flexmark\flexmark-test-util\0.34.30\flexmark-test-util-0.34.30.jar;C:\Users\Admin\.m2\repository\com\vladsch\flexmark\flexmark-ext-ins\0.34.30\flexmark-ext-ins-0.34.30.jar;C:\Users\Admin\.m2\repository\com\vladsch\flexmark\flexmark-ext-xwiki-macros\0.34.30\flexmark-ext-xwiki-macros-0.34.30.jar;C:\Users\Admin\.m2\repository\com\vladsch\flexmark\flexmark-ext-superscript\0.34.30\flexmark-ext-superscript-0.34.30.jar;C:\Users\Admin\.m2\repository\com\vladsch\flexmark\flexmark-ext-tables\0.34.30\flexmark-ext-tables-0.34.30.jar;C:\Users\Admin\.m2\repository\com\vladsch\flexmark\flexmark-ext-toc\0.34.30\flexmark-ext-toc-0.34.30.jar;C:\Users\Admin\.m2\repository\com\vladsch\flexmark\flexmark-ext-typographic\0.34.30\flexmark-ext-typographic-0.34.30.jar;C:\Users\Admin\.m2\repository\com\vladsch\flexmark\flexmark-ext-wikilink\0.34.30\flexmark-ext-wikilink-0.34.30.jar;C:\Users\Admin\.m2\repository\com\vladsch\flexmark\flexmark-ext-yaml-front-matter\0.34.30\flexmark-ext-yaml-front-matter-0.34.30.jar;C:\Users\Admin\.m2\repository\com\vladsch\flexmark\flexmark-ext-youtube-embedded\0.34.30\flexmark-ext-youtube-embedded-0.34.30.jar;C:\Users\Admin\.m2\repository\com\vladsch\flexmark\flexmark-formatter\0.34.30\flexmark-formatter-0.34.30.jar;C:\Users\Admin\.m2\repository\com\vladsch\flexmark\flexmark-html-parser\0.34.30\flexmark-html-parser-0.34.30.jar;C:\Users\Admin\.m2\repository\com\vladsch\flexmark\flexmark-jira-converter\0.34.30\flexmark-jira-converter-0.34.30.jar;C:\Users\Admin\.m2\repository\com\vladsch\flexmark\flexmark-pdf-converter\0.34.30\flexmark-pdf-converter-0.34.30.jar;C:\Users\Admin\.m2\repository\com\openhtmltopdf\openhtmltopdf-core\0.0.1-RC13\openhtmltopdf-core-0.0.1-RC13.jar;C:\Users\Admin\.m2\repository\com\openhtmltopdf\openhtmltopdf-pdfbox\0.0.1-RC13\openhtmltopdf-pdfbox-0.0.1-RC13.jar;C:\Users\Admin\.m2\repository\org\apache\pdfbox\pdfbox\2.0.8\pdfbox-2.0.8.jar;C:\Users\Admin\.m2\repository\org\apache\pdfbox\fontbox\2.0.8\fontbox-2.0.8.jar;C:\Users\Admin\.m2\repository\commons-logging\commons-logging\1.2\commons-logging-1.2.jar;C:\Users\Admin\.m2\repository\org\apache\pdfbox\xmpbox\2.0.8\xmpbox-2.0.8.jar;C:\Users\Admin\.m2\repository\de\rototor\pdfbox\graphics2d\0.12\graphics2d-0.12.jar;C:\Users\Admin\.m2\repository\com\openhtmltopdf\openhtmltopdf-rtl-support\0.0.1-RC13\openhtmltopdf-rtl-support-0.0.1-RC13.jar;C:\Users\Admin\.m2\repository\com\ibm\icu\icu4j\59.1\icu4j-59.1.jar;C:\Users\Admin\.m2\repository\com\openhtmltopdf\openhtmltopdf-jsoup-dom-converter\0.0.1-RC13\openhtmltopdf-jsoup-dom-converter-0.0.1-RC13.jar;C:\Users\Admin\.m2\repository\com\vladsch\flexmark\flexmark-profile-pegdown\0.34.30\flexmark-profile-pegdown-0.34.30.jar;C:\Users\Admin\.m2\repository\com\vladsch\flexmark\flexmark-util\0.34.30\flexmark-util-0.34.30.jar;C:\Users\Admin\.m2\repository\com\vladsch\flexmark\flexmark-youtrack-converter\0.34.30\flexmark-youtrack-converter-0.34.30.jar;C:\Users\Admin\.m2\repository\es\nitaur\markdown\txtmark\0.16\txtmark-0.16.jar;C:\Users\Admin\.m2\repository\net\serenity-bdd\serenity-report-resources\3.2.1\serenity-report-resources-3.2.1.jar;C:\Users\Admin\.m2\repository\com\google\code\gson\gson\2.9.0\gson-2.9.0.jar;C:\Users\Admin\.m2\repository\com\fasterxml\jackson\core\jackson-core\2.13.2\jackson-core-2.13.2.jar;C:\Users\Admin\.m2\repository\com\fasterxml\jackson\core\jackson-databind\2.13.2\jackson-databind-2.13.2.jar;C:\Users\Admin\.m2\repository\com\fasterxml\jackson\core\jackson-annotations\2.13.2\jackson-annotations-2.13.2.jar;C:\Users\Admin\.m2\repository\commons-codec\commons-codec\1.15\commons-codec-1.15.jar;C:\Users\Admin\.m2\repository\commons-io\commons-io\2.11.0\commons-io-2.11.0.jar;C:\Users\Admin\.m2\repository\org\seleniumhq\selenium\selenium-java\4.1.2\selenium-java-4.1.2.jar;C:\Users\Admin\.m2\repository\org\seleniumhq\selenium\selenium-devtools-v85\4.1.2\selenium-devtools-v85-4.1.2.jar;C:\Users\Admin\.m2\repository\org\seleniumhq\selenium\selenium-devtools-v95\4.1.2\selenium-devtools-v95-4.1.2.jar;C:\Users\Admin\.m2\repository\org\seleniumhq\selenium\selenium-devtools-v96\4.1.2\selenium-devtools-v96-4.1.2.jar;C:\Users\Admin\.m2\repository\org\seleniumhq\selenium\selenium-devtools-v97\4.1.2\selenium-devtools-v97-4.1.2.jar;C:\Users\Admin\.m2\repository\org\seleniumhq\selenium\selenium-firefox-xpi-driver\4.1.2\selenium-firefox-xpi-driver-4.1.2.jar;C:\Users\Admin\.m2\repository\org\seleniumhq\selenium\selenium-opera-driver\4.1.2\selenium-opera-driver-4.1.2.jar;C:\Users\Admin\.m2\repository\org\seleniumhq\selenium\selenium-remote-driver\4.1.2\selenium-remote-driver-4.1.2.jar;C:\Users\Admin\.m2\repository\com\beust\jcommander\1.82\jcommander-1.82.jar;C:\Users\Admin\.m2\repository\io\netty\netty-buffer\4.1.73.Final\netty-buffer-4.1.73.Final.jar;C:\Users\Admin\.m2\repository\io\netty\netty-codec-http\4.1.73.Final\netty-codec-http-4.1.73.Final.jar;C:\Users\Admin\.m2\repository\io\netty\netty-codec\4.1.73.Final\netty-codec-4.1.73.Final.jar;C:\Users\Admin\.m2\repository\io\netty\netty-handler\4.1.73.Final\netty-handler-4.1.73.Final.jar;C:\Users\Admin\.m2\repository\io\netty\netty-tcnative-classes\2.0.46.Final\netty-tcnative-classes-2.0.46.Final.jar;C:\Users\Admin\.m2\repository\io\netty\netty-common\4.1.73.Final\netty-common-4.1.73.Final.jar;C:\Users\Admin\.m2\repository\io\netty\netty-transport-classes-epoll\4.1.73.Final\netty-transport-classes-epoll-4.1.73.Final.jar;C:\Users\Admin\.m2\repository\io\netty\netty-transport-classes-kqueue\4.1.73.Final\netty-transport-classes-kqueue-4.1.73.Final.jar;C:\Users\Admin\.m2\repository\io\netty\netty-transport-native-epoll\4.1.73.Final\netty-transport-native-epoll-4.1.73.Final.jar;C:\Users\Admin\.m2\repository\io\netty\netty-transport-native-kqueue\4.1.73.Final\netty-transport-native-kqueue-4.1.73.Final.jar;C:\Users\Admin\.m2\repository\io\netty\netty-transport-native-unix-common\4.1.73.Final\netty-transport-native-unix-common-4.1.73.Final.jar;C:\Users\Admin\.m2\repository\io\netty\netty-transport\4.1.73.Final\netty-transport-4.1.73.Final.jar;C:\Users\Admin\.m2\repository\io\netty\netty-resolver\4.1.73.Final\netty-resolver-4.1.73.Final.jar;C:\Users\Admin\.m2\repository\io\opentelemetry\opentelemetry-api\1.10.1\opentelemetry-api-1.10.1.jar;C:\Users\Admin\.m2\repository\io\opentelemetry\opentelemetry-context\1.10.1\opentelemetry-context-1.10.1.jar;C:\Users\Admin\.m2\repository\io\opentelemetry\opentelemetry-exporter-logging\1.10.1\opentelemetry-exporter-logging-1.10.1.jar;C:\Users\Admin\.m2\repository\io\opentelemetry\opentelemetry-sdk-metrics\1.10.1-alpha\opentelemetry-sdk-metrics-1.10.1-alpha.jar;C:\Users\Admin\.m2\repository\io\opentelemetry\opentelemetry-sdk-logs\1.10.1-alpha\opentelemetry-sdk-logs-1.10.1-alpha.jar;C:\Users\Admin\.m2\repository\io\opentelemetry\opentelemetry-sdk-common\1.10.1\opentelemetry-sdk-common-1.10.1.jar;C:\Users\Admin\.m2\repository\io\opentelemetry\opentelemetry-sdk-extension-autoconfigure-spi\1.10.1\opentelemetry-sdk-extension-autoconfigure-spi-1.10.1.jar;C:\Users\Admin\.m2\repository\io\opentelemetry\opentelemetry-sdk-extension-autoconfigure\1.10.1-alpha\opentelemetry-sdk-extension-autoconfigure-1.10.1-alpha.jar;C:\Users\Admin\.m2\repository\io\opentelemetry\opentelemetry-sdk-trace\1.10.1\opentelemetry-sdk-trace-1.10.1.jar;C:\Users\Admin\.m2\repository\io\opentelemetry\opentelemetry-sdk\1.10.1\opentelemetry-sdk-1.10.1.jar;C:\Users\Admin\.m2\repository\io\opentelemetry\opentelemetry-semconv\1.10.1-alpha\opentelemetry-semconv-1.10.1-alpha.jar;C:\Users\Admin\.m2\repository\io\ous\jtoml\2.0.0\jtoml-2.0.0.jar;C:\Users\Admin\.m2\repository\org\apache\commons\commons-exec\1.3\commons-exec-1.3.jar;C:\Users\Admin\.m2\repository\org\asynchttpclient\async-http-client\2.12.3\async-http-client-2.12.3.jar;C:\Users\Admin\.m2\repository\org\asynchttpclient\async-http-client-netty-utils\2.12.3\async-http-client-netty-utils-2.12.3.jar;C:\Users\Admin\.m2\repository\io\netty\netty-codec-socks\4.1.60.Final\netty-codec-socks-4.1.60.Final.jar;C:\Users\Admin\.m2\repository\io\netty\netty-handler-proxy\4.1.60.Final\netty-handler-proxy-4.1.60.Final.jar;C:\Users\Admin\.m2\repository\io\netty\netty-transport-native-epoll\4.1.60.Final\netty-transport-native-epoll-4.1.60.Final-linux-x86_64.jar;C:\Users\Admin\.m2\repository\io\netty\netty-transport-native-kqueue\4.1.60.Final\netty-transport-native-kqueue-4.1.60.Final-osx-x86_64.jar;C:\Users\Admin\.m2\repository\org\reactivestreams\reactive-streams\1.0.3\reactive-streams-1.0.3.jar;C:\Users\Admin\.m2\repository\com\typesafe\netty\netty-reactive-streams\2.0.4\netty-reactive-streams-2.0.4.jar;C:\Users\Admin\.m2\repository\org\seleniumhq\selenium\selenium-http\4.1.2\selenium-http-4.1.2.jar;C:\Users\Admin\.m2\repository\net\jodah\failsafe\2.4.4\failsafe-2.4.4.jar;C:\Users\Admin\.m2\repository\org\seleniumhq\selenium\selenium-safari-driver\4.1.2\selenium-safari-driver-4.1.2.jar;C:\Users\Admin\.m2\repository\org\seleniumhq\selenium\selenium-api\4.1.2\selenium-api-4.1.2.jar;C:\Users\Admin\.m2\repository\org\seleniumhq\selenium\selenium-support\4.1.2\selenium-support-4.1.2.jar;C:\Users\Admin\.m2\repository\com\google\auto\service\auto-service-annotations\1.0.1\auto-service-annotations-1.0.1.jar;C:\Users\Admin\.m2\repository\com\google\auto\service\auto-service\1.0.1\auto-service-1.0.1.jar;C:\Users\Admin\.m2\repository\com\google\auto\auto-common\1.2\auto-common-1.2.jar;C:\Users\Admin\.m2\repository\org\seleniumhq\selenium\selenium-json\4.1.2\selenium-json-4.1.2.jar;C:\Users\Admin\.m2\repository\org\seleniumhq\selenium\selenium-chrome-driver\4.1.2\selenium-chrome-driver-4.1.2.jar;C:\Users\Admin\.m2\repository\org\seleniumhq\selenium\selenium-chromium-driver\4.1.2\selenium-chromium-driver-4.1.2.jar;C:\Users\Admin\.m2\repository\org\seleniumhq\selenium\selenium-firefox-driver\4.1.2\selenium-firefox-driver-4.1.2.jar;C:\Users\Admin\.m2\repository\org\seleniumhq\selenium\selenium-edge-driver\4.1.2\selenium-edge-driver-4.1.2.jar;C:\Users\Admin\.m2\repository\org\seleniumhq\selenium\selenium-ie-driver\4.1.2\selenium-ie-driver-4.1.2.jar;C:\Users\Admin\.m2\repository\org\projectlombok\lombok\1.18.20\lombok-1.18.20.jar;C:\Users\Admin\.m2\repository\io\appium\java-client\8.0.0\java-client-8.0.0.jar;C:\Users\Admin\.m2\repository\commons-validator\commons-validator\1.7\commons-validator-1.7.jar;C:\Users\Admin\.m2\repository\commons-digester\commons-digester\2.1\commons-digester-2.1.jar;C:\Users\Admin\.m2\repository\org\aspectj\aspectjweaver\1.9.8\aspectjweaver-1.9.8.jar;C:\Users\Admin\.m2\repository\org\codehaus\groovy\groovy\3.0.10\groovy-3.0.10.jar;C:\Users\Admin\.m2\repository\net\sf\opencsv\opencsv\2.0\opencsv-2.0.jar;C:\Users\Admin\.m2\repository\commons-beanutils\commons-beanutils\1.9.4\commons-beanutils-1.9.4.jar;C:\Users\Admin\.m2\repository\org\apache\commons\commons-lang3\3.12.0\commons-lang3-3.12.0.jar;C:\Users\Admin\.m2\repository\commons-collections\commons-collections\3.2.2\commons-collections-3.2.2.jar;C:\Users\Admin\.m2\repository\org\fluentlenium\fluentlenium-core\0.10.2\fluentlenium-core-0.10.2.jar;C:\Users\Admin\.m2\repository\io\github\bonigarcia\webdrivermanager\5.1.0\webdrivermanager-5.1.0.jar;C:\Users\Admin\.m2\repository\com\github\docker-java\docker-java\3.2.13\docker-java-3.2.13.jar;C:\Users\Admin\.m2\repository\com\github\docker-java\docker-java-core\3.2.13\docker-java-core-3.2.13.jar;C:\Users\Admin\.m2\repository\com\github\docker-java\docker-java-api\3.2.13\docker-java-api-3.2.13.jar;C:\Users\Admin\.m2\repository\org\apache\commons\commons-compress\1.21\commons-compress-1.21.jar;C:\Users\Admin\.m2\repository\org\bouncycastle\bcpkix-jdk15on\1.64\bcpkix-jdk15on-1.64.jar;C:\Users\Admin\.m2\repository\org\bouncycastle\bcprov-jdk15on\1.64\bcprov-jdk15on-1.64.jar;C:\Users\Admin\.m2\repository\org\slf4j\jcl-over-slf4j\1.7.30\jcl-over-slf4j-1.7.30.jar;C:\Users\Admin\.m2\repository\com\github\docker-java\docker-java-transport-httpclient5\3.2.13\docker-java-transport-httpclient5-3.2.13.jar;C:\Users\Admin\.m2\repository\com\github\docker-java\docker-java-transport\3.2.13\docker-java-transport-3.2.13.jar;C:\Users\Admin\.m2\repository\org\apache\httpcomponents\client5\httpclient5\5.0.3\httpclient5-5.0.3.jar;C:\Users\Admin\.m2\repository\org\apache\httpcomponents\core5\httpcore5\5.0.2\httpcore5-5.0.2.jar;C:\Users\Admin\.m2\repository\net\java\dev\jna\jna\5.8.0\jna-5.8.0.jar;C:\Users\Admin\.m2\repository\org\brotli\dec\0.1.2\dec-0.1.2.jar;C:\Users\Admin\.m2\repository\com\jhlabs\filters\2.0.235\filters-2.0.235.jar;C:\Users\Admin\.m2\repository\com\paulhammant\ngwebdriver\1.1.6\ngwebdriver-1.1.6.jar;C:\Users\Admin\.m2\repository\joda-time\joda-time\2.8.2\joda-time-2.8.2.jar;C:\Users\Admin\.m2\repository\org\hamcrest\hamcrest\2.2\hamcrest-2.2.jar;C:\Users\Admin\.m2\repository\com\google\jimfs\jimfs\1.2\jimfs-1.2.jar;C:\Users\Admin\.m2\repository\org\mockito\mockito-core\3.3.3\mockito-core-3.3.3.jar;C:\Users\Admin\.m2\repository\javax\xml\bind\jaxb-api\2.3.1\jaxb-api-2.3.1.jar;C:\Users\Admin\.m2\repository\javax\activation\javax.activation-api\1.2.0\javax.activation-api-1.2.0.jar;C:\Users\Admin\.m2\repository\com\sun\xml\bind\jaxb-core\2.3.0.1\jaxb-core-2.3.0.1.jar;C:\Users\Admin\.m2\repository\com\sun\xml\bind\jaxb-impl\2.3.3\jaxb-impl-2.3.3.jar;C:\Users\Admin\.m2\repository\jakarta\xml\bind\jakarta.xml.bind-api\2.3.3\jakarta.xml.bind-api-2.3.3.jar;C:\Users\Admin\.m2\repository\com\sun\activation\jakarta.activation\1.2.2\jakarta.activation-1.2.2.jar;C:\Users\Admin\.m2\repository\javax\activation\activation\1.1.1\activation-1.1.1.jar;C:\Users\Admin\.m2\repository\net\serenity-bdd\serenity-cucumber\3.2.1\serenity-cucumber-3.2.1.jar;C:\Users\Admin\.m2\repository\io\cucumber\cucumber-core\7.2.3\cucumber-core-7.2.3.jar;C:\Users\Admin\.m2\repository\io\cucumber\cucumber-gherkin\7.2.3\cucumber-gherkin-7.2.3.jar;C:\Users\Admin\.m2\repository\io\cucumber\cucumber-gherkin-messages\7.2.3\cucumber-gherkin-messages-7.2.3.jar;C:\Users\Admin\.m2\repository\io\cucumber\messages\17.1.1\messages-17.1.1.jar;C:\Users\Admin\.m2\repository\io\cucumber\tag-expressions\4.1.0\tag-expressions-4.1.0.jar;C:\Users\Admin\.m2\repository\io\cucumber\cucumber-expressions\15.0.1\cucumber-expressions-15.0.1.jar;C:\Users\Admin\.m2\repository\io\cucumber\datatable\7.2.3\datatable-7.2.3.jar;C:\Users\Admin\.m2\repository\io\cucumber\cucumber-plugin\7.2.3\cucumber-plugin-7.2.3.jar;C:\Users\Admin\.m2\repository\io\cucumber\docstring\7.2.3\docstring-7.2.3.jar;C:\Users\Admin\.m2\repository\io\cucumber\html-formatter\17.0.0\html-formatter-17.0.0.jar;C:\Users\Admin\.m2\repository\io\cucumber\ci-environment\8.1.0\ci-environment-8.1.0.jar;C:\Users\Admin\.m2\repository\io\cucumber\cucumber-junit\7.2.3\cucumber-junit-7.2.3.jar;C:\Users\Admin\.m2\repository\org\apache\commons\commons-csv\1.5\commons-csv-1.5.jar;C:\Users\Admin\.m2\repository\net\serenity-bdd\serenity-screenplay\3.2.1\serenity-screenplay-3.2.1.jar;C:\Users\Admin\.m2\repository\net\serenity-bdd\serenity-screenplay-webdriver\3.2.1\serenity-screenplay-webdriver-3.2.1.jar;C:\Users\Admin\.m2\repository\net\serenity-bdd\serenity-ensure\3.2.1\serenity-ensure-3.2.1.jar;C:\Users\Admin\.m2\repository\net\serenity-bdd\serenity-junit\3.2.1\serenity-junit-3.2.1.jar;C:\Users\Admin\.m2\repository\org\jetbrains\kotlin\kotlin-stdlib\1.6.0\kotlin-stdlib-1.6.0.jar;C:\Users\Admin\.m2\repository\org\jetbrains\annotations\13.0\annotations-13.0.jar;C:\Users\Admin\.m2\repository\org\jetbrains\kotlin\kotlin-stdlib-common\1.6.0\kotlin-stdlib-common-1.6.0.jar;C:\Users\Admin\.m2\repository\org\junit\platform\junit-platform-launcher\1.8.1\junit-platform-launcher-1.8.1.jar;C:\Users\Admin\.m2\repository\org\junit\platform\junit-platform-engine\1.8.1\junit-platform-engine-1.8.1.jar;C:\Users\Admin\.m2\repository\org\opentest4j\opentest4j\1.2.0\opentest4j-1.2.0.jar;C:\Users\Admin\.m2\repository\org\junit\platform\junit-platform-commons\1.8.1\junit-platform-commons-1.8.1.jar;C:\Users\Admin\.m2\repository\org\apiguardian\apiguardian-api\1.1.2\apiguardian-api-1.1.2.jar;C:\Users\Admin\.m2\repository\org\junit\jupiter\junit-jupiter-engine\5.8.2\junit-jupiter-engine-5.8.2.jar;C:\Users\Admin\.m2\repository\org\junit\jupiter\junit-jupiter-api\5.8.2\junit-jupiter-api-5.8.2.jar;C:\Users\Admin\.m2\repository\org\junit\vintage\junit-vintage-engine\5.8.2\junit-vintage-engine-5.8.2.jar;C:\Users\Admin\.m2\repository\junit\junit\4.13.2\junit-4.13.2.jar;C:\Users\Admin\.m2\repository\org\hamcrest\hamcrest-core\1.3\hamcrest-core-1.3.jar;C:\Users\Admin\.m2\repository\ch\qos\logback\logback-classic\1.2.10\logback-classic-1.2.10.jar;C:\Users\Admin\.m2\repository\ch\qos\logback\logback-core\1.2.10\logback-core-1.2.10.jar;C:\Users\Admin\.m2\repository\org\slf4j\slf4j-api\1.7.32\slf4j-api-1.7.32.jar;C:\Users\Admin\.m2\repository\org\assertj\assertj-core\3.6.2\assertj-core-3.6.2.jar;"/>
    <property name="sun.cpu.endian" value="little"/>
    <property name="user.home" value="C:\Users\Admin"/>
    <property name="user.language" value="en"/>
    <property name="java.specification.vendor" value="Oracle Corporation"/>
    <property name="java.home" value="C:\Program Files\Java\jdk1.8.0_321\jre"/>
    <property name="basedir" value="D:\github\QE_MUHAMMAD-ADIBASYAH\miniproject\web"/>
    <property name="file.separator" value="\"/>
    <property name="line.separator" value="&#10;"/>
    <property name="java.vm.specification.vendor" value="Oracle Corporation"/>
    <property name="java.specification.name" value="Java Platform API Specification"/>
    <property name="java.awt.graphicsenv" value="sun.awt.Win32GraphicsEnvironment"/>
    <property name="surefire.real.class.path" value="C:\Users\Admin\AppData\Local\Temp\surefire1549583303369605794\surefirebooter4065454353720172432.jar"/>
    <property name="sun.boot.class.path" value="C:\Program Files\Java\jdk1.8.0_321\jre\lib\resources.jar;C:\Program Files\Java\jdk1.8.0_321\jre\lib\rt.jar;C:\Program Files\Java\jdk1.8.0_321\jre\lib\sunrsasign.jar;C:\Program Files\Java\jdk1.8.0_321\jre\lib\jsse.jar;C:\Program Files\Java\jdk1.8.0_321\jre\lib\jce.jar;C:\Program Files\Java\jdk1.8.0_321\jre\lib\charsets.jar;C:\Program Files\Java\jdk1.8.0_321\jre\lib\jfr.jar;C:\Program Files\Java\jdk1.8.0_321\jre\classes"/>
    <property name="user.script" value=""/>
    <property name="java.protocol.handler.pkgs" value="com.google.common"/>
    <property name="sun.management.compiler" value="HotSpot 64-Bit Tiered Compilers"/>
    <property name="java.runtime.version" value="1.8.0_321-b07"/>
    <property name="user.name" value="Admin"/>
    <property name="path.separator" value=";"/>
    <property name="os.version" value="10.0"/>
    <property name="java.endorsed.dirs" value="C:\Program Files\Java\jdk1.8.0_321\jre\lib\endorsed"/>
    <property name="java.runtime.name" value="Java(TM) SE Runtime Environment"/>
    <property name="file.encoding" value="Cp1252"/>
    <property name="webdriver.base.url" value=""/>
    <property name="java.vm.name" value="Java HotSpot(TM) 64-Bit Server VM"/>
    <property name="localRepository" value="C:\Users\Admin\.m2\repository"/>
    <property name="java.vendor.url.bug" value="http://bugreport.sun.com/bugreport/"/>
    <property name="java.io.tmpdir" value="C:\Users\Admin\AppData\Local\Temp\"/>
    <property name="java.version" value="1.8.0_321"/>
    <property name="user.dir" value="D:\github\QE_MUHAMMAD-ADIBASYAH\miniproject\web"/>
    <property name="os.arch" value="amd64"/>
    <property name="java.vm.specification.name" value="Java Virtual Machine Specification"/>
    <property name="java.awt.printerjob" value="sun.awt.windows.WPrinterJob"/>
    <property name="sun.os.patch.level" value=""/>
    <property name="java.library.path" value="C:\Program Files\Java\jdk1.8.0_321\jre\bin;C:\Windows\Sun\Java\bin;C:\Windows\system32;C:\Windows;C:\Program Files (x86)\Common Files\Oracle\Java\javapath;C:\Windows\system32;C:\Windows;C:\Windows\System32\Wbem;C:\Windows\System32\WindowsPowerShell\v1.0\;C:\Windows\System32\OpenSSH\;C:\Program Files\MATLAB\R2016a\runtime\win64;C:\Program Files\MATLAB\R2016a\bin;C:\Program Files\MATLAB\R2016a\polyspace\bin;C:\Program Files\Git\cmd;C:\Program Files\Git\mingw64\bin;C:\Program Files\Git\usr\bin;C:\Program Files (x86)\dotnet\;C:\OPT\apache-maven-3.8.5\bin;%M2_HOME%\bin;D:\Program Files\;C:\Users\Admin\AppData\Local\Android\Sdk\platform-tools;%ANDROID_HOME%;C:\Users\Admin\AppData\Local\Microsoft\WindowsApps;;C:\Users\Admin\AppData\Local\Programs\Microsoft VS Code\bin;C:\Users\Admin\AppData\Roaming\npm;."/>
    <property name="java.vm.info" value="mixed mode"/>
    <property name="java.vendor" value="Oracle Corporation"/>
    <property name="java.vm.version" value="25.321-b07"/>
    <property name="java.ext.dirs" value="C:\Program Files\Java\jdk1.8.0_321\jre\lib\ext;C:\Windows\Sun\Java\lib\ext"/>
    <property name="sun.io.unicode.encoding" value="UnicodeLittle"/>
    <property name="java.class.version" value="52.0"/>
  </properties>
  <testcase name="As user i have be able to see detail product" classname="As user I want to see details product" time="29.517">
    <system-out><![CDATA[21:11:19.309 [main] INFO io.cucumber.core.plugin.SerenityReporter - Running feature from file:///D:/github/QE_MUHAMMAD-ADIBASYAH/miniproject/web/src/test/resources/features/Detail.feature
21:11:19.791 [main] INFO  - 

-------------------------------------------------------------------------------------
     _______. _______ .______       _______ .__   __.  __  .___________.____    ____ 
    /       ||   ____||   _  \     |   ____||  \ |  | |  | |           |\   \  /   / 
   |   (----`|  |__   |  |_)  |    |  |__   |   \|  | |  | `---|  |----` \   \/   /  
    \   \    |   __|  |      /     |   __|  |  . `  | |  |     |  |       \_    _/   
.----)   |   |  |____ |  |\  \----.|  |____ |  |\   | |  |     |  |         |  |     
|_______/    |_______|| _| `._____||_______||__| \__| |__|     |__|         |__|    
                                                                                     
 News and tutorials at http://www.serenity-bdd.info                                  
 Documentation at https://wakaleo.gitbooks.io/the-serenity-book/content/             
 Join the Serenity Community on Gitter: https://gitter.im/serenity-bdd/serenity-core 
 Serenity BDD Support and Training at http://serenity-bdd.info/#/trainingandsupport  
-------------------------------------------------------------------------------------

21:11:19.841 [main] DEBUG net.thucydides.core.steps.StepEventBus - Test suite started for story net.thucydides.core.model.Story@dab2d92f
21:11:19.845 [main] INFO  - Test Suite Started: As user I want to see details product
21:11:19.871 [main] INFO io.cucumber.core.plugin.SerenityReporter - Running feature from file:///D:/github/QE_MUHAMMAD-ADIBASYAH/miniproject/web/src/test/resources/features/Login.feature
21:11:19.881 [main] DEBUG net.thucydides.core.steps.StepEventBus - Test suite started for story net.thucydides.core.model.Story@ce9267e8
21:11:19.882 [main] INFO  - Test Suite Started: As user I want to login So that i can see home page
21:11:19.882 [main] INFO io.cucumber.core.plugin.SerenityReporter - Running feature from file:///D:/github/QE_MUHAMMAD-ADIBASYAH/miniproject/web/src/test/resources/features/Product.feature
21:11:19.889 [main] DEBUG net.thucydides.core.steps.StepEventBus - Test suite started for story net.thucydides.core.model.Story@18d344f6
21:11:19.890 [main] INFO  - Test Suite Started: As a user I want to buy items in the home page
21:11:19.890 [main] INFO io.cucumber.core.plugin.SerenityReporter - Running feature from file:///D:/github/QE_MUHAMMAD-ADIBASYAH/miniproject/web/src/test/resources/features/Register.feature
21:11:19.897 [main] DEBUG net.thucydides.core.steps.StepEventBus - Test suite started for story net.thucydides.core.model.Story@5074cca9
21:11:19.898 [main] INFO  - Test Suite Started: As user i want to create account So that i can login
21:11:19.899 [main] INFO io.cucumber.core.plugin.SerenityReporter - Running feature from file:///D:/github/QE_MUHAMMAD-ADIBASYAH/miniproject/web/src/test/resources/features/Transaction.feature
21:11:19.905 [main] DEBUG net.thucydides.core.steps.StepEventBus - Test suite started for story net.thucydides.core.model.Story@2fff0c52
21:11:19.906 [main] INFO  - Test Suite Started: As a user I want to pay for all items in the basket
21:11:19.907 [main] INFO io.cucumber.core.plugin.SerenityReporter - Running feature from file:///D:/github/QE_MUHAMMAD-ADIBASYAH/miniproject/web/src/test/resources/features/Detail.feature
21:11:19.910 [main] DEBUG net.thucydides.core.steps.StepEventBus - Test suite started for story net.thucydides.core.model.Story@dab2d92f
21:11:19.911 [main] INFO  - Test Suite Started: As user I want to see details product

@detail
Scenario: As user i have be able to see detail product &amp#27;[90m# src/test/resources/features/Detail.feature:4&amp#27;[0m
21:11:20.088 [main] INFO io.cucumber.core.plugin.SerenityReporter - Running feature from file:///D:/github/QE_MUHAMMAD-ADIBASYAH/miniproject/web/src/test/resources/features/Detail.feature
21:11:20.287 [main] INFO  - 
  _____   ___   ___   _____     ___   _____     _     ___   _____   ___   ___  
 |_   _| | __| / __| |_   _|   / __| |_   _|   /_\   | _ \ |_   _| | __| |   \ 
   | |   | _|  \__ \   | |     \__ \   | |    / _ \  |   /   | |   | _|  | |) |
   |_|   |___| |___/   |_|     |___/   |_|   /_/ \_\ |_|_\   |_|   |___| |___/ 

As user i have be able to see detail product(as-user-i-want-to-see-details-product;as-user-i-have-be-able-to-see-detail-product)
--------------------------------------------------------------------------------
21:11:21.667 [main] DEBUG net.thucydides.core.steps.StepInterceptor - STARTING STEP: DetailSteps.onTheHomePage - openPage
21:11:21.757 [main] INFO net.serenitybdd.core.webdriver.driverproviders.ChromeDriverProvider - Using automatically driver download
21:11:23.312 [main] DEBUG io.github.bonigarcia.wdm.cache.ResolutionCache - Removing resolution chrome=101 from cache (expired on Tue May 17 19:44:33 ICT 2022)
21:11:23.348 [main] DEBUG org.apache.hc.client5.http.impl.classic.InternalHttpClient - ex-00000001: preparing request execution
21:11:23.355 [main] DEBUG org.apache.hc.client5.http.protocol.RequestAddCookies - Cookie spec selected: strict
21:11:23.362 [main] DEBUG org.apache.hc.client5.http.protocol.RequestAuthCache - Auth cache not set in the context
21:11:23.363 [main] DEBUG org.apache.hc.client5.http.impl.classic.ProtocolExec - ex-00000001: target auth state: UNCHALLENGED
21:11:23.364 [main] DEBUG org.apache.hc.client5.http.impl.classic.ProtocolExec - ex-00000001: proxy auth state: UNCHALLENGED
21:11:23.364 [main] DEBUG org.apache.hc.client5.http.impl.classic.ConnectExec - ex-00000001: acquiring connection with route {s}->https://raw.githubusercontent.com:443
21:11:23.364 [main] DEBUG org.apache.hc.client5.http.impl.classic.InternalHttpClient - ex-00000001: acquiring endpoint (3 MINUTES)
21:11:23.367 [main] DEBUG org.apache.hc.client5.http.impl.io.PoolingHttpClientConnectionManager - ex-00000001: endpoint lease request (3 MINUTES) [route: {s}->https://raw.githubusercontent.com:443][total available: 0; route allocated: 0 of 5; total allocated: 0 of 25]
21:11:23.373 [main] DEBUG org.apache.hc.client5.http.impl.io.PoolingHttpClientConnectionManager - ex-00000001: endpoint leased [route: {s}->https://raw.githubusercontent.com:443][total available: 0; route allocated: 1 of 5; total allocated: 1 of 25]
21:11:23.391 [main] DEBUG org.apache.hc.client5.http.impl.io.PoolingHttpClientConnectionManager - ex-00000001: acquired ep-00000000
21:11:23.392 [main] DEBUG org.apache.hc.client5.http.impl.classic.InternalHttpClient - ex-00000001: acquired endpoint ep-00000000
21:11:23.392 [main] DEBUG org.apache.hc.client5.http.impl.classic.ConnectExec - ex-00000001: opening connection {s}->https://raw.githubusercontent.com:443
21:11:23.393 [main] DEBUG org.apache.hc.client5.http.impl.classic.InternalHttpClient - ep-00000000: connecting endpoint (30 SECONDS)
21:11:23.393 [main] DEBUG org.apache.hc.client5.http.impl.io.PoolingHttpClientConnectionManager - ep-00000000: connecting endpoint to https://raw.githubusercontent.com:443 (30 SECONDS)
21:11:24.634 [main] DEBUG org.apache.hc.client5.http.impl.io.DefaultHttpClientConnectionOperator - http-outgoing-0: connecting to raw.githubusercontent.com/185.199.108.133:443
21:11:24.634 [main] DEBUG org.apache.hc.client5.http.ssl.SSLConnectionSocketFactory - Connecting socket to raw.githubusercontent.com/185.199.108.133:443 with timeout 30 SECONDS
21:11:24.798 [main] DEBUG org.apache.hc.client5.http.ssl.SSLConnectionSocketFactory - Enabled protocols: [TLSv1.2]
21:11:24.798 [main] DEBUG org.apache.hc.client5.http.ssl.SSLConnectionSocketFactory - Enabled cipher suites: [TLS_ECDHE_ECDSA_WITH_AES_256_GCM_SHA384, TLS_ECDHE_ECDSA_WITH_AES_128_GCM_SHA256, TLS_ECDHE_RSA_WITH_AES_256_GCM_SHA384, TLS_ECDHE_RSA_WITH_AES_128_GCM_SHA256, TLS_DHE_RSA_WITH_AES_256_GCM_SHA384, TLS_DHE_DSS_WITH_AES_256_GCM_SHA384, TLS_DHE_RSA_WITH_AES_128_GCM_SHA256, TLS_DHE_DSS_WITH_AES_128_GCM_SHA256, TLS_ECDHE_ECDSA_WITH_AES_256_CBC_SHA384, TLS_ECDHE_RSA_WITH_AES_256_CBC_SHA384, TLS_ECDHE_ECDSA_WITH_AES_128_CBC_SHA256, TLS_ECDHE_RSA_WITH_AES_128_CBC_SHA256, TLS_DHE_RSA_WITH_AES_256_CBC_SHA256, TLS_DHE_DSS_WITH_AES_256_CBC_SHA256, TLS_DHE_RSA_WITH_AES_128_CBC_SHA256, TLS_DHE_DSS_WITH_AES_128_CBC_SHA256, TLS_ECDH_ECDSA_WITH_AES_256_GCM_SHA384, TLS_ECDH_RSA_WITH_AES_256_GCM_SHA384, TLS_ECDH_ECDSA_WITH_AES_128_GCM_SHA256, TLS_ECDH_RSA_WITH_AES_128_GCM_SHA256, TLS_ECDH_ECDSA_WITH_AES_256_CBC_SHA384, TLS_ECDH_RSA_WITH_AES_256_CBC_SHA384, TLS_ECDH_ECDSA_WITH_AES_128_CBC_SHA256, TLS_ECDH_RSA_WITH_AES_128_CBC_SHA256, TLS_ECDHE_ECDSA_WITH_AES_256_CBC_SHA, TLS_ECDHE_RSA_WITH_AES_256_CBC_SHA, TLS_ECDHE_ECDSA_WITH_AES_128_CBC_SHA, TLS_ECDHE_RSA_WITH_AES_128_CBC_SHA, TLS_DHE_RSA_WITH_AES_256_CBC_SHA, TLS_DHE_DSS_WITH_AES_256_CBC_SHA, TLS_DHE_RSA_WITH_AES_128_CBC_SHA, TLS_DHE_DSS_WITH_AES_128_CBC_SHA, TLS_ECDH_ECDSA_WITH_AES_256_CBC_SHA, TLS_ECDH_RSA_WITH_AES_256_CBC_SHA, TLS_ECDH_ECDSA_WITH_AES_128_CBC_SHA, TLS_ECDH_RSA_WITH_AES_128_CBC_SHA, TLS_RSA_WITH_AES_256_GCM_SHA384, TLS_RSA_WITH_AES_128_GCM_SHA256, TLS_RSA_WITH_AES_256_CBC_SHA256, TLS_RSA_WITH_AES_128_CBC_SHA256, TLS_RSA_WITH_AES_256_CBC_SHA, TLS_RSA_WITH_AES_128_CBC_SHA, TLS_EMPTY_RENEGOTIATION_INFO_SCSV]
21:11:24.800 [main] DEBUG org.apache.hc.client5.http.ssl.SSLConnectionSocketFactory - Starting handshake
21:11:25.161 [main] DEBUG org.apache.hc.client5.http.ssl.SSLConnectionSocketFactory - Secure session established
21:11:25.162 [main] DEBUG org.apache.hc.client5.http.ssl.SSLConnectionSocketFactory -  negotiated protocol: TLSv1.2
21:11:25.162 [main] DEBUG org.apache.hc.client5.http.ssl.SSLConnectionSocketFactory -  negotiated cipher suite: TLS_ECDHE_RSA_WITH_AES_128_GCM_SHA256
21:11:25.162 [main] DEBUG org.apache.hc.client5.http.ssl.SSLConnectionSocketFactory -  peer principal: CN=*.github.io, O="GitHub, Inc.", L=San Francisco, ST=California, C=US
21:11:25.162 [main] DEBUG org.apache.hc.client5.http.ssl.SSLConnectionSocketFactory -  peer alternative names: [*.github.io, github.com, *.github.com, www.github.com, github.io, githubusercontent.com, *.githubusercontent.com]
21:11:25.162 [main] DEBUG org.apache.hc.client5.http.ssl.SSLConnectionSocketFactory -  issuer principal: CN=DigiCert TLS RSA SHA256 2020 CA1, O=DigiCert Inc, C=US
21:11:25.164 [main] DEBUG org.apache.hc.client5.http.impl.io.DefaultHttpClientConnectionOperator - http-outgoing-0: connection established 192.168.43.104:57086<->185.199.108.133:443
21:11:25.166 [main] DEBUG org.apache.hc.client5.http.impl.io.PoolingHttpClientConnectionManager - ep-00000000: connected http-outgoing-0
21:11:25.166 [main] DEBUG org.apache.hc.client5.http.impl.classic.InternalHttpClient - ep-00000000: endpoint connected
21:11:25.167 [main] DEBUG org.apache.hc.client5.http.impl.classic.MainClientExec - ex-00000001: executing GET /bonigarcia/webdrivermanager/master/src/main/resources/commands.properties HTTP/1.1
21:11:25.168 [main] DEBUG org.apache.hc.client5.http.impl.classic.InternalHttpClient - ep-00000000: start execution ex-00000001
21:11:25.168 [main] DEBUG org.apache.hc.client5.http.impl.io.PoolingHttpClientConnectionManager - ep-00000000: executing exchange ex-00000001 over http-outgoing-0
21:11:25.169 [main] DEBUG org.apache.hc.client5.http.headers - http-outgoing-0 >> GET /bonigarcia/webdrivermanager/master/src/main/resources/commands.properties HTTP/1.1
21:11:25.169 [main] DEBUG org.apache.hc.client5.http.headers - http-outgoing-0 >> user-agent: Apache-HttpClient/5.0
21:11:25.169 [main] DEBUG org.apache.hc.client5.http.headers - http-outgoing-0 >> accept-encoding: gzip, deflate, br
21:11:25.169 [main] DEBUG org.apache.hc.client5.http.headers - http-outgoing-0 >> cache-control: max-age=0
21:11:25.169 [main] DEBUG org.apache.hc.client5.http.headers - http-outgoing-0 >> connection: keep-alive
21:11:25.170 [main] DEBUG org.apache.hc.client5.http.headers - http-outgoing-0 >> Host: raw.githubusercontent.com
21:11:25.170 [main] DEBUG org.apache.hc.client5.http.wire - http-outgoing-0 >> "GET /bonigarcia/webdrivermanager/master/src/main/resources/commands.properties HTTP/1.1[\r][\n]"
21:11:25.170 [main] DEBUG org.apache.hc.client5.http.wire - http-outgoing-0 >> "user-agent: Apache-HttpClient/5.0[\r][\n]"
21:11:25.170 [main] DEBUG org.apache.hc.client5.http.wire - http-outgoing-0 >> "accept-encoding: gzip, deflate, br[\r][\n]"
21:11:25.170 [main] DEBUG org.apache.hc.client5.http.wire - http-outgoing-0 >> "cache-control: max-age=0[\r][\n]"
21:11:25.170 [main] DEBUG org.apache.hc.client5.http.wire - http-outgoing-0 >> "connection: keep-alive[\r][\n]"
21:11:25.170 [main] DEBUG org.apache.hc.client5.http.wire - http-outgoing-0 >> "Host: raw.githubusercontent.com[\r][\n]"
21:11:25.170 [main] DEBUG org.apache.hc.client5.http.wire - http-outgoing-0 >> "[\r][\n]"
21:11:25.222 [main] DEBUG org.apache.hc.client5.http.wire - http-outgoing-0 << "HTTP/1.1 200 OK[\r][\n]"
21:11:25.223 [main] DEBUG org.apache.hc.client5.http.wire - http-outgoing-0 << "Connection: keep-alive[\r][\n]"
21:11:25.223 [main] DEBUG org.apache.hc.client5.http.wire - http-outgoing-0 << "Content-Length: 723[\r][\n]"
21:11:25.223 [main] DEBUG org.apache.hc.client5.http.wire - http-outgoing-0 << "Cache-Control: max-age=300[\r][\n]"
21:11:25.224 [main] DEBUG org.apache.hc.client5.http.wire - http-outgoing-0 << "Content-Security-Policy: default-src 'none'; style-src 'unsafe-inline'; sandbox[\r][\n]"
21:11:25.224 [main] DEBUG org.apache.hc.client5.http.wire - http-outgoing-0 << "Content-Type: text/plain; charset=utf-8[\r][\n]"
21:11:25.224 [main] DEBUG org.apache.hc.client5.http.wire - http-outgoing-0 << "ETag: W/"e82b438271e9e8680c688b0b680efd0bdd22faa6d6f0a32fc1fd8accc486b67e"[\r][\n]"
21:11:25.224 [main] DEBUG org.apache.hc.client5.http.wire - http-outgoing-0 << "Strict-Transport-Security: max-age=31536000[\r][\n]"
21:11:25.224 [main] DEBUG org.apache.hc.client5.http.wire - http-outgoing-0 << "X-Content-Type-Options: nosniff[\r][\n]"
21:11:25.225 [main] DEBUG org.apache.hc.client5.http.wire - http-outgoing-0 << "X-Frame-Options: deny[\r][\n]"
21:11:25.225 [main] DEBUG org.apache.hc.client5.http.wire - http-outgoing-0 << "X-XSS-Protection: 1; mode=block[\r][\n]"
21:11:25.225 [main] DEBUG org.apache.hc.client5.http.wire - http-outgoing-0 << "X-GitHub-Request-Id: 838C:6DC1:1C99DF:2CAE53:62707C45[\r][\n]"
21:11:25.225 [main] DEBUG org.apache.hc.client5.http.wire - http-outgoing-0 << "Content-Encoding: gzip[\r][\n]"
21:11:25.225 [main] DEBUG org.apache.hc.client5.http.wire - http-outgoing-0 << "Accept-Ranges: bytes[\r][\n]"
21:11:25.226 [main] DEBUG org.apache.hc.client5.http.wire - http-outgoing-0 << "Date: Tue, 17 May 2022 14:11:27 GMT[\r][\n]"
21:11:25.226 [main] DEBUG org.apache.hc.client5.http.wire - http-outgoing-0 << "Via: 1.1 varnish[\r][\n]"
21:11:25.226 [main] DEBUG org.apache.hc.client5.http.wire - http-outgoing-0 << "X-Served-By: cache-qpg1272-QPG[\r][\n]"
21:11:25.227 [main] DEBUG org.apache.hc.client5.http.wire - http-outgoing-0 << "X-Cache: HIT[\r][\n]"
21:11:25.227 [main] DEBUG org.apache.hc.client5.http.wire - http-outgoing-0 << "X-Cache-Hits: 1[\r][\n]"
21:11:25.227 [main] DEBUG org.apache.hc.client5.http.wire - http-outgoing-0 << "X-Timer: S1652796687.275450,VS0,VE1[\r][\n]"
21:11:25.227 [main] DEBUG org.apache.hc.client5.http.wire - http-outgoing-0 << "Vary: Authorization,Accept-Encoding,Origin[\r][\n]"
21:11:25.227 [main] DEBUG org.apache.hc.client5.http.wire - http-outgoing-0 << "Access-Control-Allow-Origin: *[\r][\n]"
21:11:25.228 [main] DEBUG org.apache.hc.client5.http.wire - http-outgoing-0 << "X-Fastly-Request-ID: 4b9363c3f24955cc381ab5c8a31969233c92dccd[\r][\n]"
21:11:25.228 [main] DEBUG org.apache.hc.client5.http.wire - http-outgoing-0 << "Expires: Tue, 17 May 2022 14:16:27 GMT[\r][\n]"
21:11:25.228 [main] DEBUG org.apache.hc.client5.http.wire - http-outgoing-0 << "Source-Age: 96[\r][\n]"
21:11:25.228 [main] DEBUG org.apache.hc.client5.http.wire - http-outgoing-0 << "[\r][\n]"
21:11:25.237 [main] DEBUG org.apache.hc.client5.http.headers - http-outgoing-0 << HTTP/1.1 200 OK
21:11:25.238 [main] DEBUG org.apache.hc.client5.http.headers - http-outgoing-0 << Connection: keep-alive
21:11:25.238 [main] DEBUG org.apache.hc.client5.http.headers - http-outgoing-0 << Content-Length: 723
21:11:25.238 [main] DEBUG org.apache.hc.client5.http.headers - http-outgoing-0 << Cache-Control: max-age=300
21:11:25.238 [main] DEBUG org.apache.hc.client5.http.headers - http-outgoing-0 << Content-Security-Policy: default-src 'none'; style-src 'unsafe-inline'; sandbox
21:11:25.238 [main] DEBUG org.apache.hc.client5.http.headers - http-outgoing-0 << Content-Type: text/plain; charset=utf-8
21:11:25.238 [main] DEBUG org.apache.hc.client5.http.headers - http-outgoing-0 << ETag: W/"e82b438271e9e8680c688b0b680efd0bdd22faa6d6f0a32fc1fd8accc486b67e"
21:11:25.238 [main] DEBUG org.apache.hc.client5.http.headers - http-outgoing-0 << Strict-Transport-Security: max-age=31536000
21:11:25.238 [main] DEBUG org.apache.hc.client5.http.headers - http-outgoing-0 << X-Content-Type-Options: nosniff
21:11:25.239 [main] DEBUG org.apache.hc.client5.http.headers - http-outgoing-0 << X-Frame-Options: deny
21:11:25.239 [main] DEBUG org.apache.hc.client5.http.headers - http-outgoing-0 << X-XSS-Protection: 1; mode=block
21:11:25.239 [main] DEBUG org.apache.hc.client5.http.headers - http-outgoing-0 << X-GitHub-Request-Id: 838C:6DC1:1C99DF:2CAE53:62707C45
21:11:25.239 [main] DEBUG org.apache.hc.client5.http.headers - http-outgoing-0 << Content-Encoding: gzip
21:11:25.239 [main] DEBUG org.apache.hc.client5.http.headers - http-outgoing-0 << Accept-Ranges: bytes
21:11:25.239 [main] DEBUG org.apache.hc.client5.http.headers - http-outgoing-0 << Date: Tue, 17 May 2022 14:11:27 GMT
21:11:25.239 [main] DEBUG org.apache.hc.client5.http.headers - http-outgoing-0 << Via: 1.1 varnish
21:11:25.239 [main] DEBUG org.apache.hc.client5.http.headers - http-outgoing-0 << X-Served-By: cache-qpg1272-QPG
21:11:25.239 [main] DEBUG org.apache.hc.client5.http.headers - http-outgoing-0 << X-Cache: HIT
21:11:25.239 [main] DEBUG org.apache.hc.client5.http.headers - http-outgoing-0 << X-Cache-Hits: 1
21:11:25.239 [main] DEBUG org.apache.hc.client5.http.headers - http-outgoing-0 << X-Timer: S1652796687.275450,VS0,VE1
21:11:25.240 [main] DEBUG org.apache.hc.client5.http.headers - http-outgoing-0 << Vary: Authorization,Accept-Encoding,Origin
21:11:25.240 [main] DEBUG org.apache.hc.client5.http.headers - http-outgoing-0 << Access-Control-Allow-Origin: *
21:11:25.240 [main] DEBUG org.apache.hc.client5.http.headers - http-outgoing-0 << X-Fastly-Request-ID: 4b9363c3f24955cc381ab5c8a31969233c92dccd
21:11:25.240 [main] DEBUG org.apache.hc.client5.http.headers - http-outgoing-0 << Expires: Tue, 17 May 2022 14:16:27 GMT
21:11:25.240 [main] DEBUG org.apache.hc.client5.http.headers - http-outgoing-0 << Source-Age: 96
21:11:25.247 [main] DEBUG org.apache.hc.client5.http.impl.classic.MainClientExec - ex-00000001: connection can be kept alive for 3 MINUTES
21:11:25.259 [main] DEBUG org.apache.hc.client5.http.wire - http-outgoing-0 << "[0x1f][0xffffff8b][0x8][0x0][0x0][0x0][0x0][0x0][0x0][0x3][0xffffffb5]V]o[0xffffffda]0[0x14]}[0xffffffe7]W\[0xffffff81]*[0xffffffb5][0x12][0x1f][[M[0xffffffd3]$[0x1e]hF[0xffffffbb]i [0x18][0xffffffb4][0xffffffdd]&[0xfffffff9][0xffffffc5]$7[0xffffffc1]R[0x12]#;[0xffffff94]v[0xffffffbf]~[0xffffffb6][0xfffffff3]1[0xffffff92][0xffffff9a][0xffffffc1][0x1a]x[0xffffffcb][0xffffffb5][0xffffffaf][0xffffffcf]9[0xffffffbe][0xfffffff7]8v[0xb][0x1c][0x1e]E4[0xfffffff6]$x4[0xffffffa1][0xb]*[0xffffffb1][0xffffffd1][0xffffff82][0xfffffffb]%[0xffffff93][0xffffffe0][0xffffffb3][0x10][0xffffffc1][0xffffffe5]qBY,!Y[0xffffffea] KM8,[0x10][0xfffffff0][0x19][0xffffffdd]u[0xffffff82][0x1e][0xffffffb0][0xffffffd8]L[0xffffffcb]%[0xffffff86][0xffffffa1][0xe][0xffffffb8][0xfffffff0]P[0xffffffe8]$[0xf][0x13]t[0x13]3[0xfffffff9][0xffffff84]B2[0xffffffae][0xffffffe6]|@[0xfffffff5][0x1d][0x8][0xffffffc4][0x18][0x16][0xffffff82]o[0xffffffa4][0xffffff9a]P[0xffffff94][0xffffffe7][0xffffffce]R[0xfffffff0][0x8][0xffffffdb]p[0xffffffcb][0x4][0xfffffffa][0xfffffffc][0xffffffb9][\r][0xffffff93][0x15][\n]"
21:11:25.260 [main] DEBUG org.apache.hc.client5.http.wire - http-outgoing-0 << "[0xffffffda][0xffffff86][0xffffffa1][0x17][0xffffffa8]Q3[0xffffffcb][0xffffffd6][0xffffffd1][0xffffff85][0xffffffc6][0xfffffff7][0xffffff98][0xffffffef][0xffffffa3][0xffffffc0]8[0x1][0xffffffae]s[0x12][0x16][0x7] _d[0xffffff82][0xffffff91][0xffffff84][0xfffffff3][0x1f],[0xfffffff6][0x14]j[0x1b]F,^+[0xffffff98]1ua2[0xffffffbf]h([0xffffff8e][0xffffff94][0xffffffa2][0xffffff91]m[0xffffffa3][0xffffffeb][0xffffff9a][0xffffffb0][0xffffffbb]I[0x17]t[0xffffffdf][0xffffffbd][0xffffffef][0xffffffbb][0xffffff91][0xffffffd7]U[0xffffffbb][0xffffff82][0xffffff9e][0x3][0xffffff9b][0xffffff88][0xffffffb9][0xffffffa6]$[0xffffffa6][0xc][0xffffff9b][0xffffffa5][0xffffffe2][0xffffff83][0xffffff98]F[0xffffffd8]o[0xffffff9e]Mg[0xffffff93][0xffffffbb][0xffffffd9]`|[0xfffffffb]u4[0xffffff9c][0x7f]"}B[0xffffffce][0x8][0xffffffb9][0xffffffe3]<[0x8][0xffffff91][0xffffff90][0xffffff94][0xffffff82][0xffffff90][0xffffffc1]j[0x15]2WI[0xffffffe3]1![0x19][0xffffff91]BnB[0xffffff80][0x9]<f[0xffffffb5][0xffffffe8]=[0xffffffd1]p[0xffffffbd][[0xffffffcf][0xffffffe5][0x1b][0xfffffff4][0xffffff9c][0xffffffff][0xfffffffc][0xfffffff8][0xffffffe1][0xffffffe2][0xffffff94][0xffffffa2][0xffffffae][0xe][0x14]5[0xffffff9a]8[0xffffff83][0xffffffd1]`:[0xfffffffd]<[0xffffffb8][0x1f][0xffffff9c]R[0xffffffcf]u[0x7f]6[0xffffffbc][0xffffff83][0xffffffef][0xf][0xffffffc3][0xffffffd9]/[0xfffffff8][0xfffffff2][0xffffffcd]y s[0xffffffee]'[0x1b]*0g[0xffffffcb][0xffffffc8]nF7H][0xffffff83][0xffffff97]{[0xffffffb1]Q[0x5][\r][0xffffffb5]c[0xffffffb4][0xf][0x2][0xffffffb3][0xffffffb4][0xffffff93][0xe]C[0xffffffa7][0xffffffb3]kAD][0xffffff9d][0xffffffde][0xffffffdb][0xffffffda][0xffffff88][0xffffffec][0xffffffa5][0xffffffbc][0xffffff99][0xffffffd9][0xffffffba]t[0xffffffb5][0xffffffea]9[0xffffffea][0x10])[0xffffffb7][0xffffffca][0xffffff9e][0xfffffff2][0xffffffe2]d^N[0xffffffd8]FW[0x16][0xffffffcd][0xffffffdc]_[0x10][0xfffffff9]i|[0x1c][0xffffff93][0xffffff8e][0xfffffff9]o[0x16][0xffffff86]4'!$G[0xffffffdf]W[0xfffffff4]W*j[[0xfffffff3]xR[0xffffffae][0xffffffb6][0xc][0xffffffd0],; #[0xffffffa9][0xffffff92]5[0xffffffb5][0x7][0xffffff9c][0xffffffb5][0xffffffd0][0x7f][0xffffff90][0xffffffc7]jgs[0xfffffffc][0xffffffc2][0xb][0xffffffd9][0x0]t[0xffffff9e]^'Y[0xfffffffb][0xffffff9f][0xffffffb1][0xffffffd8]:[0xffffffbf][0xffffff8d][0xffffffa5][0xffffff9a][0xffffffad][0x7f]m[0x5]&[0xffffffaa][0xffffffa0]^[0xffffff9b][0xffffffcb][0x5]f[0xffffffae][0xffffffe0]RU[0xffffff82][0x10]MS9l[0xffffff91]4t[0xfffffffb][0xffffff8a]][0xffffffd6][0xfffffff4][0xffffff96][0xffffffa6][0xffffff9f]P[0xffffffce][0xffffffd5][0xffffffce][0xffffff93][0xffffffff][0xffffff97][0xffffffcc]p[0xfffffffd][0xfffffff3][0xffffffe8][0x1b][0xffffffcc][0xffffffa2][0xffffffd9]Q[0xffffffbe][0xffffffb2][0xffffffa3][0xffffffc7]m'[0xffffffdf][0xffffffe4][[0xfffffffb]^[0xffffffb0][0xffffff9a][0xffffffbe][0xffffffda][0xffffffda]_[0xffffffce][0xffffff80][0xffffffd2][0xffffffc1]7[0xffffffb7]][0xffffffc1]b[0xffffffee][0xffffffb5][0xffffffff]w[0xffffff83][0xffffffed][0xffffffa7];[0x15]<[0x10]4[0xffffff92][0xffffff84][0x18][\n]"
21:11:25.260 [main] DEBUG org.apache.hc.client5.http.wire - http-outgoing-0 << "BB[0xffffffba][0xffffff8e]][0xffffffb5]jo[0xffffffb9]+"[0xffffffea][0xffffffb4][0xffffffff]h"[0xffffffea]\?5[0xffffffa9][0xffffffaf]k[0xffffffec][0xffffffff]P[0xffffffea][\n]"
21:11:25.260 [main] DEBUG org.apache.hc.client5.http.wire - http-outgoing-0 << "w[0xffffffe1]K[0x13][0xffffffda][0xffffffec][0xffffff98][0xffffffe6]Y[0xfffffffd]h8m6[0xffffff9c]T[0xffffffc1][0xfffffff2][0xffffffa7][0xffffff91]z_[0xffffff95]o85p[0x1c][0x13][0xffffffe6][0xfffffff0]5[0xffffffee][0xfffffffc][0xffffff92][0xffffff96][0xffffffda][0xfffffff7][0xffffffcf][0xffffffb1][0x5][0x1d][0xffffffea]K[0xffffff9b]9[0xffffff8e][0xffffffad]e[0xfffffff7][0xffffff93][0xffffffa8]`[0xffffffda][0xffffffff][0x1a][0xffffffd2][0xffffff88][0xffffff85][0xfffffffd][0xfffffff2][0xffffff91]N[0xfffffff6]`[0xffffffdf]2[0xffffffcf][0xffffffae]E[0xffffff97][0xffffffc5][0xffffffa2][0xffffff9d][0xffffffef]'[0xffffff9d]mun.[0xffffffd3]f^[0xffffffc7][0xffffff82][0xffffffda][0xffffff82]9[0xfffffff5][0xffffffa9]`[0x5][0xffffffbc]4[0xffffffa1][0x1d]<M[0xffffffb5]A[0xffffffa7]3[[0xffffffc0][0x7f][0x0][0xffffffc1][0xffffffd0]$[0xffffff85][0x1d][\r][0x0][0x0]"
21:11:25.263 [main] DEBUG org.apache.hc.client5.http.impl.classic.InternalHttpClient - ep-00000000: releasing valid endpoint
21:11:25.263 [main] DEBUG org.apache.hc.client5.http.impl.io.PoolingHttpClientConnectionManager - ep-00000000: releasing endpoint
21:11:25.263 [main] DEBUG org.apache.hc.client5.http.impl.io.PoolingHttpClientConnectionManager - ep-00000000: connection http-outgoing-0 can be kept alive for 3 MINUTES
21:11:25.264 [main] DEBUG org.apache.hc.client5.http.impl.io.PoolingHttpClientConnectionManager - ep-00000000: connection released [route: {s}->https://raw.githubusercontent.com:443][total available: 1; route allocated: 1 of 5; total allocated: 1 of 25]
21:11:25.265 [main] DEBUG io.github.bonigarcia.wdm.versions.VersionDetector - Detecting chrome version using online commands.properties
21:11:25.268 [main] DEBUG io.github.bonigarcia.wdm.versions.Shell - Running command on the shell: [cmd.exe, /C, wmic, datafile, where, name="%PROGRAMFILES:\=\\%\\Google\\Chrome\\Application\\chrome.exe", get, Version, /value]
21:11:25.988 [main] DEBUG io.github.bonigarcia.wdm.versions.Shell - Result: Version=101.0.4951.67
21:11:25.997 [main] DEBUG io.github.bonigarcia.wdm.cache.ResolutionCache - Resolution chrome101=101.0.4951.41 in cache (valid until 18:44:33 18/05/2022 ICT)
21:11:26.005 [main] INFO io.github.bonigarcia.wdm.WebDriverManager - Using chromedriver 101.0.4951.41 (resolved driver for Chrome 101)
21:11:26.020 [main] DEBUG io.github.bonigarcia.wdm.cache.ResolutionCache - Storing resolution chrome=101 in cache (valid until 22:11:26 17/05/2022 ICT)
21:11:26.037 [main] DEBUG io.github.bonigarcia.wdm.WebDriverManager - Driver chromedriver 101.0.4951.41 found in cache
21:11:26.038 [main] INFO io.github.bonigarcia.wdm.WebDriverManager - Exporting webdriver.chrome.driver as C:\Users\Admin\.cache\selenium\chromedriver\win32\101.0.4951.41\chromedriver.exe
21:11:26.233 [main] DEBUG net.thucydides.core.reflection.ClassFinder - Could not load class .starter.CucumberTestSuite
21:11:26.233 [main] DEBUG net.thucydides.core.reflection.ClassFinder - Could not load class .starter.pages.DetailPage
21:11:26.234 [main] DEBUG net.thucydides.core.reflection.ClassFinder - Could not load class .starter.pages.LoginPage
21:11:26.234 [main] DEBUG net.thucydides.core.reflection.ClassFinder - Could not load class .starter.pages.ProductPage
21:11:26.234 [main] DEBUG net.thucydides.core.reflection.ClassFinder - Could not load class .starter.pages.RegisterPage
21:11:26.234 [main] DEBUG net.thucydides.core.reflection.ClassFinder - Could not load class .starter.pages.TransactionPage
21:11:26.234 [main] DEBUG net.thucydides.core.reflection.ClassFinder - Could not load class .starter.stepdefenitions.DetailSteps
21:11:26.234 [main] DEBUG net.thucydides.core.reflection.ClassFinder - Could not load class .starter.stepdefenitions.LoginSteps
21:11:26.234 [main] DEBUG net.thucydides.core.reflection.ClassFinder - Could not load class .starter.stepdefenitions.ProductSteps
21:11:26.234 [main] DEBUG net.thucydides.core.reflection.ClassFinder - Could not load class .starter.stepdefenitions.RegisterSteps
21:11:26.235 [main] DEBUG net.thucydides.core.reflection.ClassFinder - Could not load class .starter.stepdefenitions.TransactionSteps
21:11:26.374 [main] DEBUG net.serenitybdd.core.webdriver.driverproviders.ProvideNewDriver - Instantiating driver
21:11:26.374 [main] DEBUG net.serenitybdd.core.webdriver.driverproviders.ProvideNewDriver - Driver capabilities: Capabilities {acceptInsecureCerts: false, base.url: https://qa.alta.id/, browserName: chrome, chrome.driver: src/test/resources/webdrive..., driver: chrome, goog:chromeOptions: {args: [], extensions: []}}
21:11:26.506 [main] DEBUG io.netty.util.internal.logging.InternalLoggerFactory - Using SLF4J as the default logging framework
21:11:26.512 [main] DEBUG io.netty.util.ResourceLeakDetector - -Dio.netty.leakDetection.level: simple
21:11:26.512 [main] DEBUG io.netty.util.ResourceLeakDetector - -Dio.netty.leakDetection.targetRecords: 4
21:11:26.520 [main] DEBUG io.netty.util.ResourceLeakDetectorFactory - Loaded default ResourceLeakDetector: io.netty.util.ResourceLeakDetector@60e1d87c
21:11:26.557 [main] DEBUG io.netty.util.internal.PlatformDependent0 - -Dio.netty.noUnsafe: false
21:11:26.557 [main] DEBUG io.netty.util.internal.PlatformDependent0 - Java version: 8
21:11:26.559 [main] DEBUG io.netty.util.internal.PlatformDependent0 - sun.misc.Unsafe.theUnsafe: available
21:11:26.560 [main] DEBUG io.netty.util.internal.PlatformDependent0 - sun.misc.Unsafe.copyMemory: available
21:11:26.561 [main] DEBUG io.netty.util.internal.PlatformDependent0 - java.nio.Buffer.address: available
21:11:26.562 [main] DEBUG io.netty.util.internal.PlatformDependent0 - direct buffer constructor: available
21:11:26.563 [main] DEBUG io.netty.util.internal.PlatformDependent0 - java.nio.Bits.unaligned: available, true
21:11:26.563 [main] DEBUG io.netty.util.internal.PlatformDependent0 - jdk.internal.misc.Unsafe.allocateUninitializedArray(int): unavailable prior to Java9
21:11:26.563 [main] DEBUG io.netty.util.internal.PlatformDependent0 - java.nio.DirectByteBuffer.<init>(long, int): available
21:11:26.563 [main] DEBUG io.netty.util.internal.PlatformDependent - sun.misc.Unsafe: available
21:11:26.564 [main] DEBUG io.netty.util.internal.PlatformDependent - -Dio.netty.tmpdir: C:\Users\Admin\AppData\Local\Temp (java.io.tmpdir)
21:11:26.564 [main] DEBUG io.netty.util.internal.PlatformDependent - -Dio.netty.bitMode: 64 (sun.arch.data.model)
21:11:26.564 [main] DEBUG io.netty.util.internal.PlatformDependent - Platform: Windows
21:11:26.566 [main] DEBUG io.netty.util.internal.PlatformDependent - -Dio.netty.maxDirectMemory: 928514048 bytes
21:11:26.566 [main] DEBUG io.netty.util.internal.PlatformDependent - -Dio.netty.uninitializedArrayAllocationThreshold: -1
21:11:26.568 [main] DEBUG io.netty.util.internal.CleanerJava6 - java.nio.ByteBuffer.cleaner(): available
21:11:26.568 [main] DEBUG io.netty.util.internal.PlatformDependent - -Dio.netty.noPreferDirect: false
21:11:26.582 [main] DEBUG io.netty.util.internal.PlatformDependent - org.jctools-core.MpscChunkedArrayQueue: available
21:11:26.631 [main] DEBUG io.netty.util.internal.InternalThreadLocalMap - -Dio.netty.threadLocalMap.stringBuilder.initialSize: 1024
21:11:26.631 [main] DEBUG io.netty.util.internal.InternalThreadLocalMap - -Dio.netty.threadLocalMap.stringBuilder.maxSize: 4096
21:11:26.661 [main] DEBUG io.netty.handler.ssl.JdkSslContext - Default protocols (JDK): [TLSv1.2] 
21:11:26.661 [main] DEBUG io.netty.handler.ssl.JdkSslContext - Default cipher suites (JDK): [TLS_ECDHE_ECDSA_WITH_AES_256_GCM_SHA384, TLS_ECDHE_ECDSA_WITH_AES_128_GCM_SHA256, TLS_ECDHE_RSA_WITH_AES_128_GCM_SHA256, TLS_ECDHE_RSA_WITH_AES_256_GCM_SHA384, TLS_ECDHE_RSA_WITH_AES_128_CBC_SHA, TLS_ECDHE_RSA_WITH_AES_256_CBC_SHA, TLS_RSA_WITH_AES_128_GCM_SHA256, TLS_RSA_WITH_AES_128_CBC_SHA, TLS_RSA_WITH_AES_256_CBC_SHA, TLS_AES_128_GCM_SHA256, TLS_AES_256_GCM_SHA384]
21:11:26.709 [main] DEBUG io.netty.channel.MultithreadEventLoopGroup - -Dio.netty.eventLoopThreads: 8
21:11:26.726 [main] DEBUG io.netty.channel.nio.NioEventLoop - -Dio.netty.noKeySetOptimization: false
21:11:26.727 [main] DEBUG io.netty.channel.nio.NioEventLoop - -Dio.netty.selectorAutoRebuildThreshold: 512
21:11:26.790 [main] DEBUG io.netty.buffer.PooledByteBufAllocator - -Dio.netty.allocator.numHeapArenas: 8
21:11:26.791 [main] DEBUG io.netty.buffer.PooledByteBufAllocator - -Dio.netty.allocator.numDirectArenas: 8
21:11:26.791 [main] DEBUG io.netty.buffer.PooledByteBufAllocator - -Dio.netty.allocator.pageSize: 8192
21:11:26.791 [main] DEBUG io.netty.buffer.PooledByteBufAllocator - -Dio.netty.allocator.maxOrder: 11
21:11:26.791 [main] DEBUG io.netty.buffer.PooledByteBufAllocator - -Dio.netty.allocator.chunkSize: 16777216
21:11:26.791 [main] DEBUG io.netty.buffer.PooledByteBufAllocator - -Dio.netty.allocator.smallCacheSize: 256
21:11:26.791 [main] DEBUG io.netty.buffer.PooledByteBufAllocator - -Dio.netty.allocator.normalCacheSize: 64
21:11:26.791 [main] DEBUG io.netty.buffer.PooledByteBufAllocator - -Dio.netty.allocator.maxCachedBufferCapacity: 32768
21:11:26.791 [main] DEBUG io.netty.buffer.PooledByteBufAllocator - -Dio.netty.allocator.cacheTrimInterval: 8192
21:11:26.791 [main] DEBUG io.netty.buffer.PooledByteBufAllocator - -Dio.netty.allocator.cacheTrimIntervalMillis: 0
21:11:26.791 [main] DEBUG io.netty.buffer.PooledByteBufAllocator - -Dio.netty.allocator.useCacheForAllThreads: true
21:11:26.791 [main] DEBUG io.netty.buffer.PooledByteBufAllocator - -Dio.netty.allocator.maxCachedByteBuffersPerChunk: 1023
21:11:26.811 [main] DEBUG io.netty.buffer.ByteBufUtil - -Dio.netty.allocator.type: pooled
21:11:26.811 [main] DEBUG io.netty.buffer.ByteBufUtil - -Dio.netty.threadLocalDirectBufferSize: 0
21:11:26.811 [main] DEBUG io.netty.buffer.ByteBufUtil - -Dio.netty.maxThreadLocalCharBufferSize: 16384
21:11:28.363 [Forwarding newSession on session null to remote] DEBUG io.netty.channel.DefaultChannelId - -Dio.netty.processId: 9880 (auto-detected)
21:11:28.368 [Forwarding newSession on session null to remote] DEBUG io.netty.util.NetUtil - -Djava.net.preferIPv4Stack: false
21:11:28.368 [Forwarding newSession on session null to remote] DEBUG io.netty.util.NetUtil - -Djava.net.preferIPv6Addresses: false
21:11:28.592 [Forwarding newSession on session null to remote] DEBUG io.netty.util.NetUtilInitializations - Loopback interface: lo (Software Loopback Interface 1, 127.0.0.1)
21:11:28.593 [Forwarding newSession on session null to remote] DEBUG io.netty.util.NetUtil - Failed to get SOMAXCONN from sysctl and file \proc\sys\net\core\somaxconn. Default: 200
21:11:28.807 [Forwarding newSession on session null to remote] DEBUG io.netty.channel.DefaultChannelId - -Dio.netty.machineId: 10:0b:a9:ff:fe:13:bd:20 (auto-detected)
21:11:28.951 [AsyncHttpClient-1-2] DEBUG io.netty.buffer.AbstractByteBuf - -Dio.netty.buffer.checkAccessible: true
21:11:28.952 [AsyncHttpClient-1-2] DEBUG io.netty.buffer.AbstractByteBuf - -Dio.netty.buffer.checkBounds: true
21:11:28.954 [AsyncHttpClient-1-2] DEBUG io.netty.util.ResourceLeakDetectorFactory - Loaded default ResourceLeakDetector: io.netty.util.ResourceLeakDetector@6f6f0a9e
21:11:29.026 [AsyncHttpClient-1-2] DEBUG org.asynchttpclient.netty.channel.NettyConnectListener - Using new Channel '[id: 0x4cb250d7, L:/127.0.0.1:57106 - R:localhost/127.0.0.1:49732]' for 'POST' to '/session'
21:11:29.075 [AsyncHttpClient-1-2] DEBUG io.netty.util.Recycler - -Dio.netty.recycler.maxCapacityPerThread: 4096
21:11:29.076 [AsyncHttpClient-1-2] DEBUG io.netty.util.Recycler - -Dio.netty.recycler.ratio: 8
21:11:29.076 [AsyncHttpClient-1-2] DEBUG io.netty.util.Recycler - -Dio.netty.recycler.chunkSize: 32
21:11:29.076 [AsyncHttpClient-1-2] DEBUG io.netty.util.Recycler - -Dio.netty.recycler.blocking: false
21:11:32.297 [AsyncHttpClient-1-2] DEBUG io.netty.handler.codec.compression.Brotli - brotli4j not in the classpath; Brotli support will be unavailable.
21:11:32.298 [AsyncHttpClient-1-2] DEBUG org.asynchttpclient.netty.handler.HttpHandler - 

Request DefaultHttpRequest(decodeResult: success, version: HTTP/1.1)
POST /session HTTP/1.1
User-Agent: selenium/4.1.2 (java windows)
Content-Length: 605
Content-Type: application/json; charset=utf-8
host: localhost:49732
accept: */*

Response DefaultHttpResponse(decodeResult: success, version: HTTP/1.1)
HTTP/1.1 200 OK
Content-Type: application/json; charset=utf-8
cache-control: no-cache
content-length: 789

21:11:32.333 [AsyncHttpClient-1-2] DEBUG org.asynchttpclient.netty.channel.ChannelManager - Adding key: http://localhost:49732 for channel [id: 0x4cb250d7, L:/127.0.0.1:57106 - R:localhost/127.0.0.1:49732]
21:11:32.697 [AsyncHttpClient-1-3] DEBUG org.asynchttpclient.netty.channel.NettyConnectListener - Using new Channel '[id: 0xa3cb0d56, L:/127.0.0.1:57114 - R:localhost/127.0.0.1:57107]' for 'GET' to '/json/version'
21:11:32.700 [AsyncHttpClient-1-3] DEBUG org.asynchttpclient.netty.handler.HttpHandler - 

Request DefaultFullHttpRequest(decodeResult: success, version: HTTP/1.1, content: EmptyByteBufBE)
GET /json/version HTTP/1.1
User-Agent: selenium/4.1.2 (java windows)
host: localhost:57107
accept: */*

Response DefaultHttpResponse(decodeResult: success, version: HTTP/1.1)
HTTP/1.1 200 OK
Content-Type: application/json; charset=UTF-8
content-length: 427

21:11:32.701 [AsyncHttpClient-1-3] DEBUG org.asynchttpclient.netty.channel.ChannelManager - Adding key: http://localhost:57107 for channel [id: 0xa3cb0d56, L:/127.0.0.1:57114 - R:localhost/127.0.0.1:57107]
21:11:32.743 [main] DEBUG io.netty.util.internal.ThreadLocalRandom - -Dio.netty.initialSeedUniquifier: 0x28661e5e6bb0d565
21:11:32.763 [AsyncHttpClient-1-4] DEBUG org.asynchttpclient.netty.channel.NettyConnectListener - Using new Channel '[id: 0x4f445aa1, L:/127.0.0.1:57115 - R:localhost/127.0.0.1:57107]' for 'GET' to '/devtools/browser/067db374-12f5-4f40-8a0e-f367628603c9'
21:11:32.766 [AsyncHttpClient-1-4] DEBUG org.asynchttpclient.netty.handler.WebSocketHandler - 

Request DefaultFullHttpRequest(decodeResult: success, version: HTTP/1.1, content: EmptyByteBufBE)
GET /devtools/browser/067db374-12f5-4f40-8a0e-f367628603c9 HTTP/1.1
upgrade: websocket
connection: upgrade
sec-websocket-key: khKxC4++dgOArOE/VoP9RA==
sec-websocket-version: 13
origin: http://localhost:57107
host: localhost:57107
accept: */*
user-agent: AHC/2.1

Response DefaultHttpResponse(decodeResult: success, version: HTTP/1.1)
HTTP/1.1 101 WebSocket Protocol Handshake
Upgrade: WebSocket
Connection: Upgrade
Sec-WebSocket-Accept: zzgXkMl7eSsZwKY+7/mVMQKqp04=

21:11:32.902 [Forwarding setCurrentWindowSize on session cc3a9e50d4a874aedaa57591efa08d1e to remote] DEBUG org.asynchttpclient.netty.request.NettyRequestSender - Using pooled Channel '[id: 0x4cb250d7, L:/127.0.0.1:57106 - R:localhost/127.0.0.1:49732]' for 'POST' to 'http://localhost:49732/session/cc3a9e50d4a874aedaa57591efa08d1e/window/rect'
21:11:32.903 [Forwarding setCurrentWindowSize on session cc3a9e50d4a874aedaa57591efa08d1e to remote] DEBUG org.asynchttpclient.netty.request.NettyRequestSender - Using open Channel [id: 0x4cb250d7, L:/127.0.0.1:57106 - R:localhost/127.0.0.1:49732] for POST '/session/cc3a9e50d4a874aedaa57591efa08d1e/window/rect'
21:11:33.046 [AsyncHttpClient-1-2] DEBUG org.asynchttpclient.netty.handler.HttpHandler - 

Request DefaultHttpRequest(decodeResult: success, version: HTTP/1.1)
POST /session/cc3a9e50d4a874aedaa57591efa08d1e/window/rect HTTP/1.1
User-Agent: selenium/4.1.2 (java windows)
Content-Length: 37
Content-Type: application/json; charset=utf-8
host: localhost:49732
accept: */*

Response DefaultHttpResponse(decodeResult: success, version: HTTP/1.1)
HTTP/1.1 200 OK
Content-Type: application/json; charset=utf-8
cache-control: no-cache
content-length: 51

21:11:33.046 [AsyncHttpClient-1-2] DEBUG org.asynchttpclient.netty.channel.ChannelManager - Adding key: http://localhost:49732 for channel [id: 0x4cb250d7, L:/127.0.0.1:57106 - R:localhost/127.0.0.1:49732]
21:11:33.054 [Forwarding setWindowPosition on session cc3a9e50d4a874aedaa57591efa08d1e to remote] DEBUG org.asynchttpclient.netty.request.NettyRequestSender - Using pooled Channel '[id: 0x4cb250d7, L:/127.0.0.1:57106 - R:localhost/127.0.0.1:49732]' for 'POST' to 'http://localhost:49732/session/cc3a9e50d4a874aedaa57591efa08d1e/window/rect'
21:11:33.056 [Forwarding setWindowPosition on session cc3a9e50d4a874aedaa57591efa08d1e to remote] DEBUG org.asynchttpclient.netty.request.NettyRequestSender - Using open Channel [id: 0x4cb250d7, L:/127.0.0.1:57106 - R:localhost/127.0.0.1:49732] for POST '/session/cc3a9e50d4a874aedaa57591efa08d1e/window/rect'
21:11:33.173 [AsyncHttpClient-1-2] DEBUG org.asynchttpclient.netty.handler.HttpHandler - 

Request DefaultHttpRequest(decodeResult: success, version: HTTP/1.1)
POST /session/cc3a9e50d4a874aedaa57591efa08d1e/window/rect HTTP/1.1
User-Agent: selenium/4.1.2 (java windows)
Content-Length: 22
Content-Type: application/json; charset=utf-8
host: localhost:49732
accept: */*

Response DefaultHttpResponse(decodeResult: success, version: HTTP/1.1)
HTTP/1.1 200 OK
Content-Type: application/json; charset=utf-8
cache-control: no-cache
content-length: 49

21:11:33.174 [AsyncHttpClient-1-2] DEBUG org.asynchttpclient.netty.channel.ChannelManager - Adding key: http://localhost:49732 for channel [id: 0x4cb250d7, L:/127.0.0.1:57106 - R:localhost/127.0.0.1:49732]
21:11:33.201 [AsyncHttpClient-1-1] DEBUG org.asynchttpclient.netty.channel.DefaultChannelPool - Entry count for : http://localhost:49732 : 1
21:11:33.202 [AsyncHttpClient-1-1] DEBUG org.asynchttpclient.netty.channel.DefaultChannelPool - Entry count for : http://localhost:57107 : 1
21:11:33.464 [main] DEBUG net.thucydides.core.reflection.ClassFinder - Could not load class .starter.CucumberTestSuite
21:11:33.465 [main] DEBUG net.thucydides.core.reflection.ClassFinder - Could not load class .starter.pages.DetailPage
21:11:33.465 [main] DEBUG net.thucydides.core.reflection.ClassFinder - Could not load class .starter.pages.LoginPage
21:11:33.465 [main] DEBUG net.thucydides.core.reflection.ClassFinder - Could not load class .starter.pages.ProductPage
21:11:33.465 [main] DEBUG net.thucydides.core.reflection.ClassFinder - Could not load class .starter.pages.RegisterPage
21:11:33.466 [main] DEBUG net.thucydides.core.reflection.ClassFinder - Could not load class .starter.pages.TransactionPage
21:11:33.466 [main] DEBUG net.thucydides.core.reflection.ClassFinder - Could not load class .starter.stepdefenitions.DetailSteps
21:11:33.468 [main] DEBUG net.thucydides.core.reflection.ClassFinder - Could not load class .starter.stepdefenitions.LoginSteps
21:11:33.469 [main] DEBUG net.thucydides.core.reflection.ClassFinder - Could not load class .starter.stepdefenitions.ProductSteps
21:11:33.469 [main] DEBUG net.thucydides.core.reflection.ClassFinder - Could not load class .starter.stepdefenitions.RegisterSteps
21:11:33.469 [main] DEBUG net.thucydides.core.reflection.ClassFinder - Could not load class .starter.stepdefenitions.TransactionSteps
21:11:33.480 [Forwarding get on session cc3a9e50d4a874aedaa57591efa08d1e to remote] DEBUG org.asynchttpclient.netty.request.NettyRequestSender - Using pooled Channel '[id: 0x4cb250d7, L:/127.0.0.1:57106 - R:localhost/127.0.0.1:49732]' for 'POST' to 'http://localhost:49732/session/cc3a9e50d4a874aedaa57591efa08d1e/url'
21:11:33.480 [Forwarding get on session cc3a9e50d4a874aedaa57591efa08d1e to remote] DEBUG org.asynchttpclient.netty.request.NettyRequestSender - Using open Channel [id: 0x4cb250d7, L:/127.0.0.1:57106 - R:localhost/127.0.0.1:49732] for POST '/session/cc3a9e50d4a874aedaa57591efa08d1e/url'
21:11:34.294 [AsyncHttpClient-1-1] DEBUG org.asynchttpclient.netty.channel.DefaultChannelPool - Entry count for : http://localhost:57107 : 1
21:11:35.403 [AsyncHttpClient-1-1] DEBUG org.asynchttpclient.netty.channel.DefaultChannelPool - Entry count for : http://localhost:57107 : 1
21:11:36.495 [AsyncHttpClient-1-1] DEBUG org.asynchttpclient.netty.channel.DefaultChannelPool - Entry count for : http://localhost:57107 : 1
21:11:37.592 [AsyncHttpClient-1-1] DEBUG org.asynchttpclient.netty.channel.DefaultChannelPool - Entry count for : http://localhost:57107 : 1
21:11:38.691 [AsyncHttpClient-1-1] DEBUG org.asynchttpclient.netty.channel.DefaultChannelPool - Entry count for : http://localhost:57107 : 1
21:11:39.798 [AsyncHttpClient-1-1] DEBUG org.asynchttpclient.netty.channel.DefaultChannelPool - Entry count for : http://localhost:57107 : 1
21:11:40.891 [AsyncHttpClient-1-1] DEBUG org.asynchttpclient.netty.channel.DefaultChannelPool - Entry count for : http://localhost:57107 : 1
21:11:41.996 [AsyncHttpClient-1-1] DEBUG org.asynchttpclient.netty.channel.DefaultChannelPool - Entry count for : http://localhost:57107 : 1
21:11:43.092 [AsyncHttpClient-1-1] DEBUG org.asynchttpclient.netty.channel.DefaultChannelPool - Entry count for : http://localhost:57107 : 1
21:11:43.268 [AsyncHttpClient-1-2] DEBUG org.asynchttpclient.netty.handler.HttpHandler - 

Request DefaultHttpRequest(decodeResult: success, version: HTTP/1.1)
POST /session/cc3a9e50d4a874aedaa57591efa08d1e/url HTTP/1.1
User-Agent: selenium/4.1.2 (java windows)
Content-Length: 49
Content-Type: application/json; charset=utf-8
host: localhost:49732
accept: */*

Response DefaultHttpResponse(decodeResult: success, version: HTTP/1.1)
HTTP/1.1 200 OK
Content-Type: application/json; charset=utf-8
cache-control: no-cache
content-length: 14

21:11:43.269 [AsyncHttpClient-1-2] DEBUG org.asynchttpclient.netty.channel.ChannelManager - Adding key: http://localhost:49732 for channel [id: 0x4cb250d7, L:/127.0.0.1:57106 - R:localhost/127.0.0.1:49732]
21:11:43.275 [Forwarding setTimeout on session cc3a9e50d4a874aedaa57591efa08d1e to remote] DEBUG org.asynchttpclient.netty.request.NettyRequestSender - Using pooled Channel '[id: 0x4cb250d7, L:/127.0.0.1:57106 - R:localhost/127.0.0.1:49732]' for 'POST' to 'http://localhost:49732/session/cc3a9e50d4a874aedaa57591efa08d1e/timeouts'
21:11:43.275 [Forwarding setTimeout on session cc3a9e50d4a874aedaa57591efa08d1e to remote] DEBUG org.asynchttpclient.netty.request.NettyRequestSender - Using open Channel [id: 0x4cb250d7, L:/127.0.0.1:57106 - R:localhost/127.0.0.1:49732] for POST '/session/cc3a9e50d4a874aedaa57591efa08d1e/timeouts'
21:11:43.282 [AsyncHttpClient-1-2] DEBUG org.asynchttpclient.netty.handler.HttpHandler - 

Request DefaultHttpRequest(decodeResult: success, version: HTTP/1.1)
POST /session/cc3a9e50d4a874aedaa57591efa08d1e/timeouts HTTP/1.1
User-Agent: selenium/4.1.2 (java windows)
Content-Length: 22
Content-Type: application/json; charset=utf-8
host: localhost:49732
accept: */*

Response DefaultHttpResponse(decodeResult: success, version: HTTP/1.1)
HTTP/1.1 200 OK
Content-Type: application/json; charset=utf-8
cache-control: no-cache
content-length: 14

21:11:43.283 [AsyncHttpClient-1-2] DEBUG org.asynchttpclient.netty.channel.ChannelManager - Adding key: http://localhost:49732 for channel [id: 0x4cb250d7, L:/127.0.0.1:57106 - R:localhost/127.0.0.1:49732]
21:11:43.309 [Forwarding getCurrentUrl on session cc3a9e50d4a874aedaa57591efa08d1e to remote] DEBUG org.asynchttpclient.netty.request.NettyRequestSender - Using pooled Channel '[id: 0x4cb250d7, L:/127.0.0.1:57106 - R:localhost/127.0.0.1:49732]' for 'GET' to 'http://localhost:49732/session/cc3a9e50d4a874aedaa57591efa08d1e/url'
21:11:43.312 [Forwarding getCurrentUrl on session cc3a9e50d4a874aedaa57591efa08d1e to remote] DEBUG org.asynchttpclient.netty.request.NettyRequestSender - Using open Channel [id: 0x4cb250d7, L:/127.0.0.1:57106 - R:localhost/127.0.0.1:49732] for GET '/session/cc3a9e50d4a874aedaa57591efa08d1e/url'
21:11:43.319 [AsyncHttpClient-1-2] DEBUG org.asynchttpclient.netty.handler.HttpHandler - 

Request DefaultFullHttpRequest(decodeResult: success, version: HTTP/1.1, content: EmptyByteBufBE)
GET /session/cc3a9e50d4a874aedaa57591efa08d1e/url HTTP/1.1
User-Agent: selenium/4.1.2 (java windows)
Cache-Control: no-cache
Content-Type: application/json; charset=utf-8
host: localhost:49732
accept: */*

Response DefaultHttpResponse(decodeResult: success, version: HTTP/1.1)
HTTP/1.1 200 OK
Content-Type: application/json; charset=utf-8
cache-control: no-cache
content-length: 31

21:11:43.320 [AsyncHttpClient-1-2] DEBUG org.asynchttpclient.netty.channel.ChannelManager - Adding key: http://localhost:49732 for channel [id: 0x4cb250d7, L:/127.0.0.1:57106 - R:localhost/127.0.0.1:49732]
21:11:43.337 [Forwarding getCurrentUrl on session cc3a9e50d4a874aedaa57591efa08d1e to remote] DEBUG org.asynchttpclient.netty.request.NettyRequestSender - Using pooled Channel '[id: 0x4cb250d7, L:/127.0.0.1:57106 - R:localhost/127.0.0.1:49732]' for 'GET' to 'http://localhost:49732/session/cc3a9e50d4a874aedaa57591efa08d1e/url'
21:11:43.337 [Forwarding getCurrentUrl on session cc3a9e50d4a874aedaa57591efa08d1e to remote] DEBUG org.asynchttpclient.netty.request.NettyRequestSender - Using open Channel [id: 0x4cb250d7, L:/127.0.0.1:57106 - R:localhost/127.0.0.1:49732] for GET '/session/cc3a9e50d4a874aedaa57591efa08d1e/url'
21:11:43.343 [AsyncHttpClient-1-2] DEBUG org.asynchttpclient.netty.handler.HttpHandler - 

Request DefaultFullHttpRequest(decodeResult: success, version: HTTP/1.1, content: EmptyByteBufBE)
GET /session/cc3a9e50d4a874aedaa57591efa08d1e/url HTTP/1.1
User-Agent: selenium/4.1.2 (java windows)
Cache-Control: no-cache
Content-Type: application/json; charset=utf-8
host: localhost:49732
accept: */*

Response DefaultHttpResponse(decodeResult: success, version: HTTP/1.1)
HTTP/1.1 200 OK
Content-Type: application/json; charset=utf-8
cache-control: no-cache
content-length: 31

21:11:43.343 [AsyncHttpClient-1-2] DEBUG org.asynchttpclient.netty.channel.ChannelManager - Adding key: http://localhost:49732 for channel [id: 0x4cb250d7, L:/127.0.0.1:57106 - R:localhost/127.0.0.1:49732]
21:11:43.391 [main] DEBUG net.serenitybdd.core.photography.Darkroom - Opening darkroom
21:11:43.392 [Darkroom Processing Line] DEBUG net.serenitybdd.core.photography.DarkroomProcessingLine - Darkroom processing line starting up
21:11:43.395 [Forwarding screenshot on session cc3a9e50d4a874aedaa57591efa08d1e to remote] DEBUG org.asynchttpclient.netty.request.NettyRequestSender - Using pooled Channel '[id: 0x4cb250d7, L:/127.0.0.1:57106 - R:localhost/127.0.0.1:49732]' for 'GET' to 'http://localhost:49732/session/cc3a9e50d4a874aedaa57591efa08d1e/screenshot'
21:11:43.396 [Forwarding screenshot on session cc3a9e50d4a874aedaa57591efa08d1e to remote] DEBUG org.asynchttpclient.netty.request.NettyRequestSender - Using open Channel [id: 0x4cb250d7, L:/127.0.0.1:57106 - R:localhost/127.0.0.1:49732] for GET '/session/cc3a9e50d4a874aedaa57591efa08d1e/screenshot'
21:11:43.699 [AsyncHttpClient-1-2] DEBUG org.asynchttpclient.netty.handler.HttpHandler - 

Request DefaultFullHttpRequest(decodeResult: success, version: HTTP/1.1, content: EmptyByteBufBE)
GET /session/cc3a9e50d4a874aedaa57591efa08d1e/screenshot HTTP/1.1
User-Agent: selenium/4.1.2 (java windows)
Cache-Control: no-cache
Content-Type: application/json; charset=utf-8
host: localhost:49732
accept: */*

Response DefaultHttpResponse(decodeResult: success, version: HTTP/1.1)
HTTP/1.1 200 OK
Content-Type: application/json; charset=utf-8
cache-control: no-cache
content-length: 31264

21:11:43.700 [AsyncHttpClient-1-2] DEBUG org.asynchttpclient.netty.channel.ChannelManager - Adding key: http://localhost:49732 for channel [id: 0x4cb250d7, L:/127.0.0.1:57106 - R:localhost/127.0.0.1:49732]
21:11:43.909 [main] DEBUG net.serenitybdd.core.photography.Darkroom - Send negative for processing for target\site\serenity\43d4839711a3c811963cb7564eae421af108095c958fe69c0588d8ff9d210568.png
21:11:43.910 [Darkroom Processing Line] DEBUG net.serenitybdd.core.photography.DarkroomProcessingLine - Processing screenshot image in /var/screenshots/screenshot-946518774893969892
21:11:43.910 [Darkroom Processing Line] DEBUG net.serenitybdd.core.photography.DarkroomProcessingLine - Saving screenshot to target\site\serenity\43d4839711a3c811963cb7564eae421af108095c958fe69c0588d8ff9d210568.png
21:11:43.929 [main] DEBUG net.thucydides.core.steps.StepInterceptor - STEP DONE: openPage
21:11:43.957 [main] DEBUG net.thucydides.core.steps.StepInterceptor - STARTING STEP: DetailSteps.onTheHomePage - onHomePage
21:11:43.969 [Forwarding findElement on session cc3a9e50d4a874aedaa57591efa08d1e to remote] DEBUG org.asynchttpclient.netty.request.NettyRequestSender - Using pooled Channel '[id: 0x4cb250d7, L:/127.0.0.1:57106 - R:localhost/127.0.0.1:49732]' for 'POST' to 'http://localhost:49732/session/cc3a9e50d4a874aedaa57591efa08d1e/element'
21:11:43.969 [Forwarding findElement on session cc3a9e50d4a874aedaa57591efa08d1e to remote] DEBUG org.asynchttpclient.netty.request.NettyRequestSender - Using open Channel [id: 0x4cb250d7, L:/127.0.0.1:57106 - R:localhost/127.0.0.1:49732] for POST '/session/cc3a9e50d4a874aedaa57591efa08d1e/element'
21:11:44.191 [AsyncHttpClient-1-1] DEBUG org.asynchttpclient.netty.channel.DefaultChannelPool - Entry count for : http://localhost:57107 : 1
21:11:45.294 [AsyncHttpClient-1-1] DEBUG org.asynchttpclient.netty.channel.DefaultChannelPool - Entry count for : http://localhost:57107 : 1
21:11:46.315 [AsyncHttpClient-1-2] DEBUG org.asynchttpclient.netty.handler.HttpHandler - 

Request DefaultHttpRequest(decodeResult: success, version: HTTP/1.1)
POST /session/cc3a9e50d4a874aedaa57591efa08d1e/element HTTP/1.1
User-Agent: selenium/4.1.2 (java windows)
Content-Length: 46
Content-Type: application/json; charset=utf-8
host: localhost:49732
accept: */*

Response DefaultHttpResponse(decodeResult: success, version: HTTP/1.1)
HTTP/1.1 400 Bad Request
Content-Type: application/json; charset=utf-8
cache-control: no-cache
content-length: 957

21:11:46.315 [AsyncHttpClient-1-2] DEBUG org.asynchttpclient.netty.channel.ChannelManager - Adding key: http://localhost:49732 for channel [id: 0x4cb250d7, L:/127.0.0.1:57106 - R:localhost/127.0.0.1:49732]
21:11:46.328 [Forwarding findElement on session cc3a9e50d4a874aedaa57591efa08d1e to remote] DEBUG org.asynchttpclient.netty.request.NettyRequestSender - Using pooled Channel '[id: 0x4cb250d7, L:/127.0.0.1:57106 - R:localhost/127.0.0.1:49732]' for 'POST' to 'http://localhost:49732/session/cc3a9e50d4a874aedaa57591efa08d1e/element'
21:11:46.328 [Forwarding findElement on session cc3a9e50d4a874aedaa57591efa08d1e to remote] DEBUG org.asynchttpclient.netty.request.NettyRequestSender - Using open Channel [id: 0x4cb250d7, L:/127.0.0.1:57106 - R:localhost/127.0.0.1:49732] for POST '/session/cc3a9e50d4a874aedaa57591efa08d1e/element'
21:11:46.353 [AsyncHttpClient-1-2] DEBUG org.asynchttpclient.netty.handler.HttpHandler - 

Request DefaultHttpRequest(decodeResult: success, version: HTTP/1.1)
POST /session/cc3a9e50d4a874aedaa57591efa08d1e/element HTTP/1.1
User-Agent: selenium/4.1.2 (java windows)
Content-Length: 54
Content-Type: application/json; charset=utf-8
host: localhost:49732
accept: */*

Response DefaultHttpResponse(decodeResult: success, version: HTTP/1.1)
HTTP/1.1 200 OK
Content-Type: application/json; charset=utf-8
cache-control: no-cache
content-length: 88

21:11:46.353 [AsyncHttpClient-1-2] DEBUG org.asynchttpclient.netty.channel.ChannelManager - Adding key: http://localhost:49732 for channel [id: 0x4cb250d7, L:/127.0.0.1:57106 - R:localhost/127.0.0.1:49732]
21:11:46.375 [Forwarding isElementDisplayed on session cc3a9e50d4a874aedaa57591efa08d1e to remote] DEBUG org.asynchttpclient.netty.request.NettyRequestSender - Using pooled Channel '[id: 0x4cb250d7, L:/127.0.0.1:57106 - R:localhost/127.0.0.1:49732]' for 'POST' to 'http://localhost:49732/session/cc3a9e50d4a874aedaa57591efa08d1e/execute/sync'
21:11:46.376 [Forwarding isElementDisplayed on session cc3a9e50d4a874aedaa57591efa08d1e to remote] DEBUG org.asynchttpclient.netty.request.NettyRequestSender - Using open Channel [id: 0x4cb250d7, L:/127.0.0.1:57106 - R:localhost/127.0.0.1:49732] for POST '/session/cc3a9e50d4a874aedaa57591efa08d1e/execute/sync'
21:11:46.390 [AsyncHttpClient-1-1] DEBUG org.asynchttpclient.netty.channel.DefaultChannelPool - Entry count for : http://localhost:57107 : 1
21:11:46.400 [AsyncHttpClient-1-2] DEBUG org.asynchttpclient.netty.handler.HttpHandler - 

Request DefaultHttpRequest(decodeResult: success, version: HTTP/1.1)
POST /session/cc3a9e50d4a874aedaa57591efa08d1e/execute/sync HTTP/1.1
User-Agent: selenium/4.1.2 (java windows)
Content-Length: 48780
Content-Type: application/json; charset=utf-8
host: localhost:49732
accept: */*

Response DefaultHttpResponse(decodeResult: success, version: HTTP/1.1)
HTTP/1.1 200 OK
Content-Type: application/json; charset=utf-8
cache-control: no-cache
content-length: 14

21:11:46.401 [AsyncHttpClient-1-2] DEBUG org.asynchttpclient.netty.channel.ChannelManager - Adding key: http://localhost:49732 for channel [id: 0x4cb250d7, L:/127.0.0.1:57106 - R:localhost/127.0.0.1:49732]
21:11:46.410 [Forwarding screenshot on session cc3a9e50d4a874aedaa57591efa08d1e to remote] DEBUG org.asynchttpclient.netty.request.NettyRequestSender - Using pooled Channel '[id: 0x4cb250d7, L:/127.0.0.1:57106 - R:localhost/127.0.0.1:49732]' for 'GET' to 'http://localhost:49732/session/cc3a9e50d4a874aedaa57591efa08d1e/screenshot'
21:11:46.411 [Forwarding screenshot on session cc3a9e50d4a874aedaa57591efa08d1e to remote] DEBUG org.asynchttpclient.netty.request.NettyRequestSender - Using open Channel [id: 0x4cb250d7, L:/127.0.0.1:57106 - R:localhost/127.0.0.1:49732] for GET '/session/cc3a9e50d4a874aedaa57591efa08d1e/screenshot'
21:11:46.582 [AsyncHttpClient-1-2] DEBUG org.asynchttpclient.netty.handler.HttpHandler - 

Request DefaultFullHttpRequest(decodeResult: success, version: HTTP/1.1, content: EmptyByteBufBE)
GET /session/cc3a9e50d4a874aedaa57591efa08d1e/screenshot HTTP/1.1
User-Agent: selenium/4.1.2 (java windows)
Cache-Control: no-cache
Content-Type: application/json; charset=utf-8
host: localhost:49732
accept: */*

Response DefaultHttpResponse(decodeResult: success, version: HTTP/1.1)
HTTP/1.1 200 OK
Content-Type: application/json; charset=utf-8
cache-control: no-cache
content-length: 88472

21:11:46.583 [AsyncHttpClient-1-2] DEBUG org.asynchttpclient.netty.channel.ChannelManager - Adding key: http://localhost:49732 for channel [id: 0x4cb250d7, L:/127.0.0.1:57106 - R:localhost/127.0.0.1:49732]
21:11:46.591 [main] DEBUG net.serenitybdd.core.photography.Darkroom - Send negative for processing for target\site\serenity\7d39be89592cc33467ddec9f89849a52cb0de9af1b63f287b53c28ab048d7913.png
21:11:46.592 [main] DEBUG net.thucydides.core.steps.StepInterceptor - STEP DONE: onHomePage
21:11:46.592 [Darkroom Processing Line] DEBUG net.serenitybdd.core.photography.DarkroomProcessingLine - Processing screenshot image in /var/screenshots/screenshot-7290886274423575506
21:11:46.592 [Darkroom Processing Line] DEBUG net.serenitybdd.core.photography.DarkroomProcessingLine - Saving screenshot to target\site\serenity\7d39be89592cc33467ddec9f89849a52cb0de9af1b63f287b53c28ab048d7913.png
  &amp#27;[32mGiven &amp#27;[0m&amp#27;[32mI am on the home page&amp#27;[0m                          &amp#27;[90m# starter.stepdefenitions.DetailSteps.onTheHomePage()&amp#27;[0m
21:11:46.629 [main] DEBUG net.thucydides.core.steps.StepInterceptor - STARTING STEP: DetailSteps.iClickDetailInItemsProduct - clickDetailProduct
21:11:46.643 [Forwarding findElement on session cc3a9e50d4a874aedaa57591efa08d1e to remote] DEBUG org.asynchttpclient.netty.request.NettyRequestSender - Using pooled Channel '[id: 0x4cb250d7, L:/127.0.0.1:57106 - R:localhost/127.0.0.1:49732]' for 'POST' to 'http://localhost:49732/session/cc3a9e50d4a874aedaa57591efa08d1e/element'
21:11:46.643 [Forwarding findElement on session cc3a9e50d4a874aedaa57591efa08d1e to remote] DEBUG org.asynchttpclient.netty.request.NettyRequestSender - Using open Channel [id: 0x4cb250d7, L:/127.0.0.1:57106 - R:localhost/127.0.0.1:49732] for POST '/session/cc3a9e50d4a874aedaa57591efa08d1e/element'
21:11:46.677 [AsyncHttpClient-1-2] DEBUG org.asynchttpclient.netty.handler.HttpHandler - 

Request DefaultHttpRequest(decodeResult: success, version: HTTP/1.1)
POST /session/cc3a9e50d4a874aedaa57591efa08d1e/element HTTP/1.1
User-Agent: selenium/4.1.2 (java windows)
Content-Length: 145
Content-Type: application/json; charset=utf-8
host: localhost:49732
accept: */*

Response DefaultHttpResponse(decodeResult: success, version: HTTP/1.1)
HTTP/1.1 200 OK
Content-Type: application/json; charset=utf-8
cache-control: no-cache
content-length: 88

21:11:46.677 [AsyncHttpClient-1-2] DEBUG org.asynchttpclient.netty.channel.ChannelManager - Adding key: http://localhost:49732 for channel [id: 0x4cb250d7, L:/127.0.0.1:57106 - R:localhost/127.0.0.1:49732]
21:11:46.683 [Forwarding getElementTagName on session cc3a9e50d4a874aedaa57591efa08d1e to remote] DEBUG org.asynchttpclient.netty.request.NettyRequestSender - Using pooled Channel '[id: 0x4cb250d7, L:/127.0.0.1:57106 - R:localhost/127.0.0.1:49732]' for 'GET' to 'http://localhost:49732/session/cc3a9e50d4a874aedaa57591efa08d1e/element/8852d883-c113-4596-8415-7a7394f590b7/name'
21:11:46.683 [Forwarding getElementTagName on session cc3a9e50d4a874aedaa57591efa08d1e to remote] DEBUG org.asynchttpclient.netty.request.NettyRequestSender - Using open Channel [id: 0x4cb250d7, L:/127.0.0.1:57106 - R:localhost/127.0.0.1:49732] for GET '/session/cc3a9e50d4a874aedaa57591efa08d1e/element/8852d883-c113-4596-8415-7a7394f590b7/name'
21:11:46.691 [AsyncHttpClient-1-2] DEBUG org.asynchttpclient.netty.handler.HttpHandler - 

Request DefaultFullHttpRequest(decodeResult: success, version: HTTP/1.1, content: EmptyByteBufBE)
GET /session/cc3a9e50d4a874aedaa57591efa08d1e/element/8852d883-c113-4596-8415-7a7394f590b7/name HTTP/1.1
User-Agent: selenium/4.1.2 (java windows)
Cache-Control: no-cache
Content-Type: application/json; charset=utf-8
host: localhost:49732
accept: */*

Response DefaultHttpResponse(decodeResult: success, version: HTTP/1.1)
HTTP/1.1 200 OK
Content-Type: application/json; charset=utf-8
cache-control: no-cache
content-length: 18

21:11:46.692 [AsyncHttpClient-1-2] DEBUG org.asynchttpclient.netty.channel.ChannelManager - Adding key: http://localhost:49732 for channel [id: 0x4cb250d7, L:/127.0.0.1:57106 - R:localhost/127.0.0.1:49732]
21:11:46.708 [Forwarding getElementTagName on session cc3a9e50d4a874aedaa57591efa08d1e to remote] DEBUG org.asynchttpclient.netty.request.NettyRequestSender - Using pooled Channel '[id: 0x4cb250d7, L:/127.0.0.1:57106 - R:localhost/127.0.0.1:49732]' for 'GET' to 'http://localhost:49732/session/cc3a9e50d4a874aedaa57591efa08d1e/element/8852d883-c113-4596-8415-7a7394f590b7/name'
21:11:46.709 [Forwarding getElementTagName on session cc3a9e50d4a874aedaa57591efa08d1e to remote] DEBUG org.asynchttpclient.netty.request.NettyRequestSender - Using open Channel [id: 0x4cb250d7, L:/127.0.0.1:57106 - R:localhost/127.0.0.1:49732] for GET '/session/cc3a9e50d4a874aedaa57591efa08d1e/element/8852d883-c113-4596-8415-7a7394f590b7/name'
21:11:46.716 [AsyncHttpClient-1-2] DEBUG org.asynchttpclient.netty.handler.HttpHandler - 

Request DefaultFullHttpRequest(decodeResult: success, version: HTTP/1.1, content: EmptyByteBufBE)
GET /session/cc3a9e50d4a874aedaa57591efa08d1e/element/8852d883-c113-4596-8415-7a7394f590b7/name HTTP/1.1
User-Agent: selenium/4.1.2 (java windows)
Cache-Control: no-cache
Content-Type: application/json; charset=utf-8
host: localhost:49732
accept: */*

Response DefaultHttpResponse(decodeResult: success, version: HTTP/1.1)
HTTP/1.1 200 OK
Content-Type: application/json; charset=utf-8
cache-control: no-cache
content-length: 18

21:11:46.717 [AsyncHttpClient-1-2] DEBUG org.asynchttpclient.netty.channel.ChannelManager - Adding key: http://localhost:49732 for channel [id: 0x4cb250d7, L:/127.0.0.1:57106 - R:localhost/127.0.0.1:49732]
21:11:46.729 [Forwarding isElementEnabled on session cc3a9e50d4a874aedaa57591efa08d1e to remote] DEBUG org.asynchttpclient.netty.request.NettyRequestSender - Using pooled Channel '[id: 0x4cb250d7, L:/127.0.0.1:57106 - R:localhost/127.0.0.1:49732]' for 'GET' to 'http://localhost:49732/session/cc3a9e50d4a874aedaa57591efa08d1e/element/8852d883-c113-4596-8415-7a7394f590b7/enabled'
21:11:46.729 [Forwarding isElementEnabled on session cc3a9e50d4a874aedaa57591efa08d1e to remote] DEBUG org.asynchttpclient.netty.request.NettyRequestSender - Using open Channel [id: 0x4cb250d7, L:/127.0.0.1:57106 - R:localhost/127.0.0.1:49732] for GET '/session/cc3a9e50d4a874aedaa57591efa08d1e/element/8852d883-c113-4596-8415-7a7394f590b7/enabled'
21:11:46.753 [AsyncHttpClient-1-2] DEBUG org.asynchttpclient.netty.handler.HttpHandler - 

Request DefaultFullHttpRequest(decodeResult: success, version: HTTP/1.1, content: EmptyByteBufBE)
GET /session/cc3a9e50d4a874aedaa57591efa08d1e/element/8852d883-c113-4596-8415-7a7394f590b7/enabled HTTP/1.1
User-Agent: selenium/4.1.2 (java windows)
Cache-Control: no-cache
Content-Type: application/json; charset=utf-8
host: localhost:49732
accept: */*

Response DefaultHttpResponse(decodeResult: success, version: HTTP/1.1)
HTTP/1.1 200 OK
Content-Type: application/json; charset=utf-8
cache-control: no-cache
content-length: 14

21:11:46.754 [AsyncHttpClient-1-2] DEBUG org.asynchttpclient.netty.channel.ChannelManager - Adding key: http://localhost:49732 for channel [id: 0x4cb250d7, L:/127.0.0.1:57106 - R:localhost/127.0.0.1:49732]
21:11:46.770 [Forwarding isElementEnabled on session cc3a9e50d4a874aedaa57591efa08d1e to remote] DEBUG org.asynchttpclient.netty.request.NettyRequestSender - Using pooled Channel '[id: 0x4cb250d7, L:/127.0.0.1:57106 - R:localhost/127.0.0.1:49732]' for 'GET' to 'http://localhost:49732/session/cc3a9e50d4a874aedaa57591efa08d1e/element/8852d883-c113-4596-8415-7a7394f590b7/enabled'
21:11:46.771 [Forwarding isElementEnabled on session cc3a9e50d4a874aedaa57591efa08d1e to remote] DEBUG org.asynchttpclient.netty.request.NettyRequestSender - Using open Channel [id: 0x4cb250d7, L:/127.0.0.1:57106 - R:localhost/127.0.0.1:49732] for GET '/session/cc3a9e50d4a874aedaa57591efa08d1e/element/8852d883-c113-4596-8415-7a7394f590b7/enabled'
21:11:46.785 [AsyncHttpClient-1-2] DEBUG org.asynchttpclient.netty.handler.HttpHandler - 

Request DefaultFullHttpRequest(decodeResult: success, version: HTTP/1.1, content: EmptyByteBufBE)
GET /session/cc3a9e50d4a874aedaa57591efa08d1e/element/8852d883-c113-4596-8415-7a7394f590b7/enabled HTTP/1.1
User-Agent: selenium/4.1.2 (java windows)
Cache-Control: no-cache
Content-Type: application/json; charset=utf-8
host: localhost:49732
accept: */*

Response DefaultHttpResponse(decodeResult: success, version: HTTP/1.1)
HTTP/1.1 200 OK
Content-Type: application/json; charset=utf-8
cache-control: no-cache
content-length: 14

21:11:46.785 [AsyncHttpClient-1-2] DEBUG org.asynchttpclient.netty.channel.ChannelManager - Adding key: http://localhost:49732 for channel [id: 0x4cb250d7, L:/127.0.0.1:57106 - R:localhost/127.0.0.1:49732]
21:11:46.805 [Forwarding findElement on session cc3a9e50d4a874aedaa57591efa08d1e to remote] DEBUG org.asynchttpclient.netty.request.NettyRequestSender - Using pooled Channel '[id: 0x4cb250d7, L:/127.0.0.1:57106 - R:localhost/127.0.0.1:49732]' for 'POST' to 'http://localhost:49732/session/cc3a9e50d4a874aedaa57591efa08d1e/element'
21:11:46.806 [Forwarding findElement on session cc3a9e50d4a874aedaa57591efa08d1e to remote] DEBUG org.asynchttpclient.netty.request.NettyRequestSender - Using open Channel [id: 0x4cb250d7, L:/127.0.0.1:57106 - R:localhost/127.0.0.1:49732] for POST '/session/cc3a9e50d4a874aedaa57591efa08d1e/element'
21:11:46.830 [AsyncHttpClient-1-2] DEBUG org.asynchttpclient.netty.handler.HttpHandler - 

Request DefaultHttpRequest(decodeResult: success, version: HTTP/1.1)
POST /session/cc3a9e50d4a874aedaa57591efa08d1e/element HTTP/1.1
User-Agent: selenium/4.1.2 (java windows)
Content-Length: 145
Content-Type: application/json; charset=utf-8
host: localhost:49732
accept: */*

Response DefaultHttpResponse(decodeResult: success, version: HTTP/1.1)
HTTP/1.1 200 OK
Content-Type: application/json; charset=utf-8
cache-control: no-cache
content-length: 88

21:11:46.830 [AsyncHttpClient-1-2] DEBUG org.asynchttpclient.netty.channel.ChannelManager - Adding key: http://localhost:49732 for channel [id: 0x4cb250d7, L:/127.0.0.1:57106 - R:localhost/127.0.0.1:49732]
21:11:46.837 [Forwarding clickElement on session cc3a9e50d4a874aedaa57591efa08d1e to remote] DEBUG org.asynchttpclient.netty.request.NettyRequestSender - Using pooled Channel '[id: 0x4cb250d7, L:/127.0.0.1:57106 - R:localhost/127.0.0.1:49732]' for 'POST' to 'http://localhost:49732/session/cc3a9e50d4a874aedaa57591efa08d1e/element/8852d883-c113-4596-8415-7a7394f590b7/click'
21:11:46.837 [Forwarding clickElement on session cc3a9e50d4a874aedaa57591efa08d1e to remote] DEBUG org.asynchttpclient.netty.request.NettyRequestSender - Using open Channel [id: 0x4cb250d7, L:/127.0.0.1:57106 - R:localhost/127.0.0.1:49732] for POST '/session/cc3a9e50d4a874aedaa57591efa08d1e/element/8852d883-c113-4596-8415-7a7394f590b7/click'
21:11:46.978 [AsyncHttpClient-1-2] DEBUG org.asynchttpclient.netty.handler.HttpHandler - 

Request DefaultHttpRequest(decodeResult: success, version: HTTP/1.1)
POST /session/cc3a9e50d4a874aedaa57591efa08d1e/element/8852d883-c113-4596-8415-7a7394f590b7/click HTTP/1.1
User-Agent: selenium/4.1.2 (java windows)
Content-Length: 50
Content-Type: application/json; charset=utf-8
host: localhost:49732
accept: */*

Response DefaultHttpResponse(decodeResult: success, version: HTTP/1.1)
HTTP/1.1 200 OK
Content-Type: application/json; charset=utf-8
cache-control: no-cache
content-length: 14

21:11:46.978 [AsyncHttpClient-1-2] DEBUG org.asynchttpclient.netty.channel.ChannelManager - Adding key: http://localhost:49732 for channel [id: 0x4cb250d7, L:/127.0.0.1:57106 - R:localhost/127.0.0.1:49732]
21:11:47.028 [Forwarding screenshot on session cc3a9e50d4a874aedaa57591efa08d1e to remote] DEBUG org.asynchttpclient.netty.request.NettyRequestSender - Using pooled Channel '[id: 0x4cb250d7, L:/127.0.0.1:57106 - R:localhost/127.0.0.1:49732]' for 'GET' to 'http://localhost:49732/session/cc3a9e50d4a874aedaa57591efa08d1e/screenshot'
21:11:47.028 [Forwarding screenshot on session cc3a9e50d4a874aedaa57591efa08d1e to remote] DEBUG org.asynchttpclient.netty.request.NettyRequestSender - Using open Channel [id: 0x4cb250d7, L:/127.0.0.1:57106 - R:localhost/127.0.0.1:49732] for GET '/session/cc3a9e50d4a874aedaa57591efa08d1e/screenshot'
21:11:47.491 [AsyncHttpClient-1-1] DEBUG org.asynchttpclient.netty.channel.DefaultChannelPool - Entry count for : http://localhost:57107 : 1
21:11:47.836 [AsyncHttpClient-1-2] DEBUG org.asynchttpclient.netty.handler.HttpHandler - 

Request DefaultFullHttpRequest(decodeResult: success, version: HTTP/1.1, content: EmptyByteBufBE)
GET /session/cc3a9e50d4a874aedaa57591efa08d1e/screenshot HTTP/1.1
User-Agent: selenium/4.1.2 (java windows)
Cache-Control: no-cache
Content-Type: application/json; charset=utf-8
host: localhost:49732
accept: */*

Response DefaultHttpResponse(decodeResult: success, version: HTTP/1.1)
HTTP/1.1 200 OK
Content-Type: application/json; charset=utf-8
cache-control: no-cache
content-length: 14868

21:11:47.837 [AsyncHttpClient-1-2] DEBUG org.asynchttpclient.netty.channel.ChannelManager - Adding key: http://localhost:49732 for channel [id: 0x4cb250d7, L:/127.0.0.1:57106 - R:localhost/127.0.0.1:49732]
21:11:47.841 [main] DEBUG net.serenitybdd.core.photography.Darkroom - Send negative for processing for target\site\serenity\9d3e6fe5a0d3fbad4d1fddb1467b952d283bf1fbfc37b33ec14367a2fb32b520.png
21:11:47.842 [main] DEBUG net.thucydides.core.steps.StepInterceptor - STEP DONE: clickDetailProduct
  &amp#27;[32mAnd &amp#27;[0m&amp#27;[32mI click detail in items product&amp#27;[0m                  &amp#27;[90m# starter.stepdefenitions.DetailSteps.iClickDetailInItemsProduct()&amp#27;[0m
21:11:47.856 [Darkroom Processing Line] DEBUG net.serenitybdd.core.photography.DarkroomProcessingLine - Processing screenshot image in /var/screenshots/screenshot-6319028287935062395
21:11:47.856 [Darkroom Processing Line] DEBUG net.serenitybdd.core.photography.DarkroomProcessingLine - Saving screenshot to target\site\serenity\9d3e6fe5a0d3fbad4d1fddb1467b952d283bf1fbfc37b33ec14367a2fb32b520.png
21:11:47.878 [main] DEBUG net.thucydides.core.steps.StepInterceptor - STARTING STEP: DetailSteps.iCanSeeDetailProduct - seeDetailProduct
21:11:47.885 [Forwarding findElement on session cc3a9e50d4a874aedaa57591efa08d1e to remote] DEBUG org.asynchttpclient.netty.request.NettyRequestSender - Using pooled Channel '[id: 0x4cb250d7, L:/127.0.0.1:57106 - R:localhost/127.0.0.1:49732]' for 'POST' to 'http://localhost:49732/session/cc3a9e50d4a874aedaa57591efa08d1e/element'
21:11:47.885 [Forwarding findElement on session cc3a9e50d4a874aedaa57591efa08d1e to remote] DEBUG org.asynchttpclient.netty.request.NettyRequestSender - Using open Channel [id: 0x4cb250d7, L:/127.0.0.1:57106 - R:localhost/127.0.0.1:49732] for POST '/session/cc3a9e50d4a874aedaa57591efa08d1e/element'
21:11:48.286 [AsyncHttpClient-1-2] DEBUG org.asynchttpclient.netty.handler.HttpHandler - 

Request DefaultHttpRequest(decodeResult: success, version: HTTP/1.1)
POST /session/cc3a9e50d4a874aedaa57591efa08d1e/element HTTP/1.1
User-Agent: selenium/4.1.2 (java windows)
Content-Length: 59
Content-Type: application/json; charset=utf-8
host: localhost:49732
accept: */*

Response DefaultHttpResponse(decodeResult: success, version: HTTP/1.1)
HTTP/1.1 200 OK
Content-Type: application/json; charset=utf-8
cache-control: no-cache
content-length: 88

21:11:48.288 [AsyncHttpClient-1-2] DEBUG org.asynchttpclient.netty.channel.ChannelManager - Adding key: http://localhost:49732 for channel [id: 0x4cb250d7, L:/127.0.0.1:57106 - R:localhost/127.0.0.1:49732]
21:11:48.310 [Forwarding isElementDisplayed on session cc3a9e50d4a874aedaa57591efa08d1e to remote] DEBUG org.asynchttpclient.netty.request.NettyRequestSender - Using pooled Channel '[id: 0x4cb250d7, L:/127.0.0.1:57106 - R:localhost/127.0.0.1:49732]' for 'POST' to 'http://localhost:49732/session/cc3a9e50d4a874aedaa57591efa08d1e/execute/sync'
21:11:48.310 [Forwarding isElementDisplayed on session cc3a9e50d4a874aedaa57591efa08d1e to remote] DEBUG org.asynchttpclient.netty.request.NettyRequestSender - Using open Channel [id: 0x4cb250d7, L:/127.0.0.1:57106 - R:localhost/127.0.0.1:49732] for POST '/session/cc3a9e50d4a874aedaa57591efa08d1e/execute/sync'
21:11:48.334 [AsyncHttpClient-1-2] DEBUG org.asynchttpclient.netty.handler.HttpHandler - 

Request DefaultHttpRequest(decodeResult: success, version: HTTP/1.1)
POST /session/cc3a9e50d4a874aedaa57591efa08d1e/execute/sync HTTP/1.1
User-Agent: selenium/4.1.2 (java windows)
Content-Length: 48780
Content-Type: application/json; charset=utf-8
host: localhost:49732
accept: */*

Response DefaultHttpResponse(decodeResult: success, version: HTTP/1.1)
HTTP/1.1 200 OK
Content-Type: application/json; charset=utf-8
cache-control: no-cache
content-length: 14

21:11:48.334 [AsyncHttpClient-1-2] DEBUG org.asynchttpclient.netty.channel.ChannelManager - Adding key: http://localhost:49732 for channel [id: 0x4cb250d7, L:/127.0.0.1:57106 - R:localhost/127.0.0.1:49732]
21:11:48.340 [Forwarding screenshot on session cc3a9e50d4a874aedaa57591efa08d1e to remote] DEBUG org.asynchttpclient.netty.request.NettyRequestSender - Using pooled Channel '[id: 0x4cb250d7, L:/127.0.0.1:57106 - R:localhost/127.0.0.1:49732]' for 'GET' to 'http://localhost:49732/session/cc3a9e50d4a874aedaa57591efa08d1e/screenshot'
21:11:48.340 [Forwarding screenshot on session cc3a9e50d4a874aedaa57591efa08d1e to remote] DEBUG org.asynchttpclient.netty.request.NettyRequestSender - Using open Channel [id: 0x4cb250d7, L:/127.0.0.1:57106 - R:localhost/127.0.0.1:49732] for GET '/session/cc3a9e50d4a874aedaa57591efa08d1e/screenshot'
21:11:48.506 [AsyncHttpClient-1-2] DEBUG org.asynchttpclient.netty.handler.HttpHandler - 

Request DefaultFullHttpRequest(decodeResult: success, version: HTTP/1.1, content: EmptyByteBufBE)
GET /session/cc3a9e50d4a874aedaa57591efa08d1e/screenshot HTTP/1.1
User-Agent: selenium/4.1.2 (java windows)
Cache-Control: no-cache
Content-Type: application/json; charset=utf-8
host: localhost:49732
accept: */*

Response DefaultHttpResponse(decodeResult: success, version: HTTP/1.1)
HTTP/1.1 200 OK
Content-Type: application/json; charset=utf-8
cache-control: no-cache
content-length: 28344

21:11:48.506 [AsyncHttpClient-1-2] DEBUG org.asynchttpclient.netty.channel.ChannelManager - Adding key: http://localhost:49732 for channel [id: 0x4cb250d7, L:/127.0.0.1:57106 - R:localhost/127.0.0.1:49732]
21:11:48.509 [main] DEBUG net.serenitybdd.core.photography.Darkroom - Send negative for processing for target\site\serenity\7e7f4d8a8574cd351c1a2e8f0336058261708741bfde46fb962cb9afe858cc9f.png
21:11:48.509 [main] DEBUG net.thucydides.core.steps.StepInterceptor - STEP DONE: seeDetailProduct
21:11:48.509 [Darkroom Processing Line] DEBUG net.serenitybdd.core.photography.DarkroomProcessingLine - Processing screenshot image in /var/screenshots/screenshot-8382358830137290638
21:11:48.509 [Darkroom Processing Line] DEBUG net.serenitybdd.core.photography.DarkroomProcessingLine - Saving screenshot to target\site\serenity\7e7f4d8a8574cd351c1a2e8f0336058261708741bfde46fb962cb9afe858cc9f.png
  &amp#27;[32mThen &amp#27;[0m&amp#27;[32mI can see detail product&amp#27;[0m                        &amp#27;[90m# starter.stepdefenitions.DetailSteps.iCanSeeDetailProduct()&amp#27;[0m
21:11:48.518 [main] INFO  - 
  _____   ___   ___   _____     ___     _     ___   ___   ___   ___  
 |_   _| | __| / __| |_   _|   | _ \   /_\   / __| / __| | __| |   \ 
   | |   | _|  \__ \   | |     |  _/  / _ \  \__ \ \__ \ | _|  | |) |
   |_|   |___| |___/   |_|     |_|   /_/ \_\ |___/ |___/ |___| |___/ 

As user i have be able to see detail product
----------------------------------------------------------------------
21:11:48.592 [AsyncHttpClient-1-1] DEBUG org.asynchttpclient.netty.channel.DefaultChannelPool - Entry count for : http://localhost:49732 : 1
21:11:48.592 [AsyncHttpClient-1-1] DEBUG org.asynchttpclient.netty.channel.DefaultChannelPool - Entry count for : http://localhost:57107 : 1
21:11:48.644 [Driver Command Executor] DEBUG org.asynchttpclient.netty.request.NettyRequestSender - Using pooled Channel '[id: 0x4cb250d7, L:/127.0.0.1:57106 - R:localhost/127.0.0.1:49732]' for 'DELETE' to 'http://localhost:49732/session/cc3a9e50d4a874aedaa57591efa08d1e'
21:11:48.644 [Driver Command Executor] DEBUG org.asynchttpclient.netty.request.NettyRequestSender - Using open Channel [id: 0x4cb250d7, L:/127.0.0.1:57106 - R:localhost/127.0.0.1:49732] for DELETE '/session/cc3a9e50d4a874aedaa57591efa08d1e'
21:11:48.646 [AsyncHttpClient-1-4] DEBUG org.asynchttpclient.netty.handler.WebSocketHandler - Channel Closed: [id: 0x4f445aa1, L:/127.0.0.1:57115 ! R:localhost/127.0.0.1:57107] with attribute NettyResponseFuture{currentRetry=5,
	isDone=1,
	isCancelled=0,
	asyncHandler=org.asynchttpclient.ws.WebSocketUpgradeHandler@c62c4cf,
	nettyRequest=org.asynchttpclient.netty.request.NettyRequest@246062b,
	future=java.util.concurrent.CompletableFuture@3cf6b335[Completed normally],
	uri=ws://localhost:57107/devtools/browser/067db374-12f5-4f40-8a0e-f367628603c9,
	keepAlive=true,
	redirectCount=0,
	timeoutsHolder=null,
	inAuth=0,
	touch=1652796692806}
21:11:48.647 [AsyncHttpClient-1-4] DEBUG org.asynchttpclient.netty.channel.ChannelManager - Closing Channel [id: 0x4f445aa1, L:/127.0.0.1:57115 ! R:localhost/127.0.0.1:57107] 
21:11:48.792 [AsyncHttpClient-1-3] DEBUG org.asynchttpclient.netty.handler.HttpHandler - Unexpected I/O exception on channel [id: 0xa3cb0d56, L:/127.0.0.1:57114 - R:localhost/127.0.0.1:57107]
java.io.IOException: An existing connection was forcibly closed by the remote host
	at sun.nio.ch.SocketDispatcher.read0(Native Method)
	at sun.nio.ch.SocketDispatcher.read(SocketDispatcher.java:43)
	at sun.nio.ch.IOUtil.readIntoNativeBuffer(IOUtil.java:223)
	at sun.nio.ch.IOUtil.read(IOUtil.java:192)
	at sun.nio.ch.SocketChannelImpl.read(SocketChannelImpl.java:378)
	at io.netty.buffer.PooledByteBuf.setBytes(PooledByteBuf.java:258)
	at io.netty.buffer.AbstractByteBuf.writeBytes(AbstractByteBuf.java:1132)
	at io.netty.channel.socket.nio.NioSocketChannel.doReadBytes(NioSocketChannel.java:350)
	at io.netty.channel.nio.AbstractNioByteChannel$NioByteUnsafe.read(AbstractNioByteChannel.java:151)
	at io.netty.channel.nio.NioEventLoop.processSelectedKey(NioEventLoop.java:722)
	at io.netty.channel.nio.NioEventLoop.processSelectedKeysOptimized(NioEventLoop.java:658)
	at io.netty.channel.nio.NioEventLoop.processSelectedKeys(NioEventLoop.java:584)
	at io.netty.channel.nio.NioEventLoop.run(NioEventLoop.java:496)
	at io.netty.util.concurrent.SingleThreadEventExecutor$4.run(SingleThreadEventExecutor.java:986)
	at io.netty.util.internal.ThreadExecutorMap$2.run(ThreadExecutorMap.java:74)
	at io.netty.util.concurrent.FastThreadLocalRunnable.run(FastThreadLocalRunnable.java:30)
	at java.lang.Thread.run(Thread.java:750)
21:11:48.793 [AsyncHttpClient-1-3] DEBUG org.asynchttpclient.netty.channel.ChannelManager - Closing Channel [id: 0xa3cb0d56, L:/127.0.0.1:57114 - R:localhost/127.0.0.1:57107] 
21:11:48.797 [AsyncHttpClient-1-3] DEBUG org.asynchttpclient.netty.handler.HttpHandler - Channel Closed: [id: 0xa3cb0d56, L:/127.0.0.1:57114 ! R:localhost/127.0.0.1:57107] with attribute DISCARD
21:11:48.804 [AsyncHttpClient-1-2] DEBUG org.asynchttpclient.netty.handler.HttpHandler - 

Request DefaultFullHttpRequest(decodeResult: success, version: HTTP/1.1, content: EmptyByteBufBE)
DELETE /session/cc3a9e50d4a874aedaa57591efa08d1e HTTP/1.1
User-Agent: selenium/4.1.2 (java windows)
Content-Type: application/json; charset=utf-8
host: localhost:49732
accept: */*

Response DefaultHttpResponse(decodeResult: success, version: HTTP/1.1)
HTTP/1.1 200 OK
Content-Type: application/json; charset=utf-8
cache-control: no-cache
content-length: 14

21:11:48.805 [AsyncHttpClient-1-2] DEBUG org.asynchttpclient.netty.channel.ChannelManager - Adding key: http://localhost:49732 for channel [id: 0x4cb250d7, L:/127.0.0.1:57106 - R:localhost/127.0.0.1:49732]
21:11:48.878 [AsyncHttpClient-1-2] DEBUG org.asynchttpclient.netty.handler.HttpHandler - Channel Closed: [id: 0x4cb250d7, L:/127.0.0.1:57106 ! R:localhost/127.0.0.1:49732] with attribute DISCARD
]]></system-out>
    <system-err><![CDATA[Starting ChromeDriver 100.0.4896.60 (6a5d10861ce8de5fce22564658033b43cb7de047-refs/branch-heads/4896@{#875}) on port 49732
Only local connections are allowed.
Please see https://chromedriver.chromium.org/security-considerations for suggestions on keeping ChromeDriver safe.
ChromeDriver was started successfully.
[1652796692.091][WARNING]: This version of ChromeDriver has not been tested with Chrome version 101.
May 17, 2022 9:11:32 PM org.openqa.selenium.remote.ProtocolHandshake createSession
INFO: Detected dialect: W3C
May 17, 2022 9:11:32 PM org.openqa.selenium.devtools.CdpVersionFinder findNearestMatch
WARNING: Unable to find an exact match for CDP version 101, so returning the closest version found: 97
May 17, 2022 9:11:32 PM org.openqa.selenium.devtools.CdpVersionFinder findNearestMatch
INFO: Found CDP implementation for version 101 of 97
]]></system-err>
  </testcase>
  <testcase name="As user i have be able to success login" classname="As user I want to login So that i can see home page" time="17.36">
    <system-out><![CDATA[21:11:49.452 [main] INFO io.cucumber.core.plugin.SerenityReporter - Running feature from file:///D:/github/QE_MUHAMMAD-ADIBASYAH/miniproject/web/src/test/resources/features/Login.feature
21:11:49.477 [main] DEBUG net.thucydides.core.steps.StepEventBus - Test suite started for story net.thucydides.core.model.Story@ce9267e8
21:11:49.478 [main] INFO  - Test Suite Started: As user I want to login So that i can see home page

@login @positive
Scenario: As user i have be able to success login &amp#27;[90m# src/test/resources/features/Login.feature:8&amp#27;[0m
21:11:49.561 [main] INFO io.cucumber.core.plugin.SerenityReporter - Running feature from file:///D:/github/QE_MUHAMMAD-ADIBASYAH/miniproject/web/src/test/resources/features/Login.feature
21:11:49.575 [main] INFO  - 
  _____   ___   ___   _____     ___   _____     _     ___   _____   ___   ___  
 |_   _| | __| / __| |_   _|   / __| |_   _|   /_\   | _ \ |_   _| | __| |   \ 
   | |   | _|  \__ \   | |     \__ \   | |    / _ \  |   /   | |   | _|  | |) |
   |_|   |___| |___/   |_|     |___/   |_|   /_/ \_\ |_|_\   |_|   |___| |___/ 

As user i have be able to success login(as-user-i-want-to-login-so-that-i-can-see-home-page;as-user-i-have-be-able-to-success-login)
--------------------------------------------------------------------------------
21:11:49.778 [AsyncHttpClient-1-1] DEBUG org.asynchttpclient.netty.channel.DefaultChannelPool - Entry count for : http://localhost:49732 : 1
21:11:49.778 [AsyncHttpClient-1-1] DEBUG org.asynchttpclient.netty.channel.DefaultChannelPool - Entry count for : http://localhost:57107 : 1
21:11:49.778 [AsyncHttpClient-1-1] DEBUG org.asynchttpclient.netty.channel.DefaultChannelPool - Adding Candidate expired Channel [id: 0x4cb250d7, L:/127.0.0.1:57106 ! R:localhost/127.0.0.1:49732] isIdleTimeoutExpired=false isRemotelyClosed=true isTtlExpired=false
21:11:49.779 [AsyncHttpClient-1-1] DEBUG org.asynchttpclient.netty.channel.DefaultChannelPool - Closing Idle Channel [id: 0x4cb250d7, L:/127.0.0.1:57106 ! R:localhost/127.0.0.1:49732]
21:11:49.779 [AsyncHttpClient-1-1] DEBUG org.asynchttpclient.netty.channel.DefaultChannelPool - Adding Candidate expired Channel [id: 0xa3cb0d56, L:/127.0.0.1:57114 ! R:localhost/127.0.0.1:57107] isIdleTimeoutExpired=false isRemotelyClosed=true isTtlExpired=false
21:11:49.779 [AsyncHttpClient-1-1] DEBUG org.asynchttpclient.netty.channel.DefaultChannelPool - Closing Idle Channel [id: 0xa3cb0d56, L:/127.0.0.1:57114 ! R:localhost/127.0.0.1:57107]
21:11:49.779 [AsyncHttpClient-1-1] DEBUG org.asynchttpclient.netty.channel.DefaultChannelPool - Closed 2 connections out of 2 in 1 ms
21:11:50.316 [main] DEBUG net.thucydides.core.steps.StepInterceptor - STARTING STEP: LoginSteps.onLoginPage - openPage
21:11:50.321 [main] INFO net.serenitybdd.core.webdriver.driverproviders.ChromeDriverProvider - Using automatically driver download
21:11:50.576 [main] DEBUG io.github.bonigarcia.wdm.cache.ResolutionCache - Resolution chrome=101 in cache (valid until 22:11:26 17/05/2022 ICT)
21:11:50.581 [main] DEBUG io.github.bonigarcia.wdm.cache.ResolutionCache - Resolution chrome101=101.0.4951.41 in cache (valid until 18:44:33 18/05/2022 ICT)
21:11:50.583 [main] INFO io.github.bonigarcia.wdm.WebDriverManager - Using chromedriver 101.0.4951.41 (resolved driver for Chrome 101)
21:11:50.597 [main] DEBUG io.github.bonigarcia.wdm.WebDriverManager - Driver chromedriver 101.0.4951.41 found in cache
21:11:50.598 [main] INFO io.github.bonigarcia.wdm.WebDriverManager - Exporting webdriver.chrome.driver as C:\Users\Admin\.cache\selenium\chromedriver\win32\101.0.4951.41\chromedriver.exe
21:11:50.824 [main] DEBUG net.serenitybdd.core.webdriver.driverproviders.ProvideNewDriver - Instantiating driver
21:11:50.824 [main] DEBUG net.serenitybdd.core.webdriver.driverproviders.ProvideNewDriver - Driver capabilities: Capabilities {acceptInsecureCerts: false, base.url: https://qa.alta.id/, browserName: chrome, chrome.driver: src/test/resources/webdrive..., driver: chrome, goog:chromeOptions: {args: [], extensions: []}}
21:11:51.403 [AsyncHttpClient-1-5] DEBUG org.asynchttpclient.netty.channel.NettyConnectListener - Using new Channel '[id: 0xba39b0ef, L:/127.0.0.1:57149 - R:localhost/127.0.0.1:52937]' for 'POST' to '/session'
21:11:52.634 [AsyncHttpClient-1-5] DEBUG org.asynchttpclient.netty.handler.HttpHandler - 

Request DefaultHttpRequest(decodeResult: success, version: HTTP/1.1)
POST /session HTTP/1.1
User-Agent: selenium/4.1.2 (java windows)
Content-Length: 605
Content-Type: application/json; charset=utf-8
host: localhost:52937
accept: */*

Response DefaultHttpResponse(decodeResult: success, version: HTTP/1.1)
HTTP/1.1 200 OK
Content-Type: application/json; charset=utf-8
cache-control: no-cache
content-length: 789

21:11:52.634 [AsyncHttpClient-1-5] DEBUG org.asynchttpclient.netty.channel.ChannelManager - Adding key: http://localhost:52937 for channel [id: 0xba39b0ef, L:/127.0.0.1:57149 - R:localhost/127.0.0.1:52937]
21:11:52.655 [AsyncHttpClient-1-6] DEBUG org.asynchttpclient.netty.channel.NettyConnectListener - Using new Channel '[id: 0x71f2b553, L:/127.0.0.1:57156 - R:localhost/127.0.0.1:57150]' for 'GET' to '/json/version'
21:11:52.657 [AsyncHttpClient-1-6] DEBUG org.asynchttpclient.netty.handler.HttpHandler - 

Request DefaultFullHttpRequest(decodeResult: success, version: HTTP/1.1, content: EmptyByteBufBE)
GET /json/version HTTP/1.1
User-Agent: selenium/4.1.2 (java windows)
host: localhost:57150
accept: */*

Response DefaultHttpResponse(decodeResult: success, version: HTTP/1.1)
HTTP/1.1 200 OK
Content-Type: application/json; charset=UTF-8
content-length: 427

21:11:52.657 [AsyncHttpClient-1-6] DEBUG org.asynchttpclient.netty.channel.ChannelManager - Adding key: http://localhost:57150 for channel [id: 0x71f2b553, L:/127.0.0.1:57156 - R:localhost/127.0.0.1:57150]
21:11:52.663 [AsyncHttpClient-1-7] DEBUG org.asynchttpclient.netty.channel.NettyConnectListener - Using new Channel '[id: 0xa0c2c36e, L:/127.0.0.1:57157 - R:localhost/127.0.0.1:57150]' for 'GET' to '/devtools/browser/f4d0868f-79cf-45c1-884f-df7f974a5449'
21:11:52.665 [AsyncHttpClient-1-7] DEBUG org.asynchttpclient.netty.handler.WebSocketHandler - 

Request DefaultFullHttpRequest(decodeResult: success, version: HTTP/1.1, content: EmptyByteBufBE)
GET /devtools/browser/f4d0868f-79cf-45c1-884f-df7f974a5449 HTTP/1.1
upgrade: websocket
connection: upgrade
sec-websocket-key: ThfOEjSjmtZeIwLWeEQKyw==
sec-websocket-version: 13
origin: http://localhost:57150
host: localhost:57150
accept: */*
user-agent: AHC/2.1

Response DefaultHttpResponse(decodeResult: success, version: HTTP/1.1)
HTTP/1.1 101 WebSocket Protocol Handshake
Upgrade: WebSocket
Connection: Upgrade
Sec-WebSocket-Accept: 2jkvEVDTS41trUAJZ3z0blotn3U=

21:11:52.672 [Forwarding setCurrentWindowSize on session b61931836d1c1d40e1ace3fd349a7357 to remote] DEBUG org.asynchttpclient.netty.request.NettyRequestSender - Using pooled Channel '[id: 0xba39b0ef, L:/127.0.0.1:57149 - R:localhost/127.0.0.1:52937]' for 'POST' to 'http://localhost:52937/session/b61931836d1c1d40e1ace3fd349a7357/window/rect'
21:11:52.672 [Forwarding setCurrentWindowSize on session b61931836d1c1d40e1ace3fd349a7357 to remote] DEBUG org.asynchttpclient.netty.request.NettyRequestSender - Using open Channel [id: 0xba39b0ef, L:/127.0.0.1:57149 - R:localhost/127.0.0.1:52937] for POST '/session/b61931836d1c1d40e1ace3fd349a7357/window/rect'
21:11:52.790 [AsyncHttpClient-1-5] DEBUG org.asynchttpclient.netty.handler.HttpHandler - 

Request DefaultHttpRequest(decodeResult: success, version: HTTP/1.1)
POST /session/b61931836d1c1d40e1ace3fd349a7357/window/rect HTTP/1.1
User-Agent: selenium/4.1.2 (java windows)
Content-Length: 37
Content-Type: application/json; charset=utf-8
host: localhost:52937
accept: */*

Response DefaultHttpResponse(decodeResult: success, version: HTTP/1.1)
HTTP/1.1 200 OK
Content-Type: application/json; charset=utf-8
cache-control: no-cache
content-length: 51

21:11:52.790 [AsyncHttpClient-1-5] DEBUG org.asynchttpclient.netty.channel.ChannelManager - Adding key: http://localhost:52937 for channel [id: 0xba39b0ef, L:/127.0.0.1:57149 - R:localhost/127.0.0.1:52937]
21:11:52.793 [Forwarding setWindowPosition on session b61931836d1c1d40e1ace3fd349a7357 to remote] DEBUG org.asynchttpclient.netty.request.NettyRequestSender - Using pooled Channel '[id: 0xba39b0ef, L:/127.0.0.1:57149 - R:localhost/127.0.0.1:52937]' for 'POST' to 'http://localhost:52937/session/b61931836d1c1d40e1ace3fd349a7357/window/rect'
21:11:52.793 [Forwarding setWindowPosition on session b61931836d1c1d40e1ace3fd349a7357 to remote] DEBUG org.asynchttpclient.netty.request.NettyRequestSender - Using open Channel [id: 0xba39b0ef, L:/127.0.0.1:57149 - R:localhost/127.0.0.1:52937] for POST '/session/b61931836d1c1d40e1ace3fd349a7357/window/rect'
21:11:52.915 [AsyncHttpClient-1-5] DEBUG org.asynchttpclient.netty.handler.HttpHandler - 

Request DefaultHttpRequest(decodeResult: success, version: HTTP/1.1)
POST /session/b61931836d1c1d40e1ace3fd349a7357/window/rect HTTP/1.1
User-Agent: selenium/4.1.2 (java windows)
Content-Length: 22
Content-Type: application/json; charset=utf-8
host: localhost:52937
accept: */*

Response DefaultHttpResponse(decodeResult: success, version: HTTP/1.1)
HTTP/1.1 200 OK
Content-Type: application/json; charset=utf-8
cache-control: no-cache
content-length: 49

21:11:52.916 [AsyncHttpClient-1-5] DEBUG org.asynchttpclient.netty.channel.ChannelManager - Adding key: http://localhost:52937 for channel [id: 0xba39b0ef, L:/127.0.0.1:57149 - R:localhost/127.0.0.1:52937]
21:11:52.918 [Forwarding get on session b61931836d1c1d40e1ace3fd349a7357 to remote] DEBUG org.asynchttpclient.netty.request.NettyRequestSender - Using pooled Channel '[id: 0xba39b0ef, L:/127.0.0.1:57149 - R:localhost/127.0.0.1:52937]' for 'POST' to 'http://localhost:52937/session/b61931836d1c1d40e1ace3fd349a7357/url'
21:11:52.918 [Forwarding get on session b61931836d1c1d40e1ace3fd349a7357 to remote] DEBUG org.asynchttpclient.netty.request.NettyRequestSender - Using open Channel [id: 0xba39b0ef, L:/127.0.0.1:57149 - R:localhost/127.0.0.1:52937] for POST '/session/b61931836d1c1d40e1ace3fd349a7357/url'
21:11:52.992 [AsyncHttpClient-1-1] DEBUG org.asynchttpclient.netty.channel.DefaultChannelPool - Entry count for : http://localhost:57150 : 1
21:11:54.100 [AsyncHttpClient-1-1] DEBUG org.asynchttpclient.netty.channel.DefaultChannelPool - Entry count for : http://localhost:57150 : 1
21:11:55.192 [AsyncHttpClient-1-1] DEBUG org.asynchttpclient.netty.channel.DefaultChannelPool - Entry count for : http://localhost:57150 : 1
21:11:56.297 [AsyncHttpClient-1-1] DEBUG org.asynchttpclient.netty.channel.DefaultChannelPool - Entry count for : http://localhost:57150 : 1
21:11:57.402 [AsyncHttpClient-1-1] DEBUG org.asynchttpclient.netty.channel.DefaultChannelPool - Entry count for : http://localhost:57150 : 1
21:11:58.492 [AsyncHttpClient-1-1] DEBUG org.asynchttpclient.netty.channel.DefaultChannelPool - Entry count for : http://localhost:57150 : 1
21:11:59.606 [AsyncHttpClient-1-1] DEBUG org.asynchttpclient.netty.channel.DefaultChannelPool - Entry count for : http://localhost:57150 : 1
21:12:00.691 [AsyncHttpClient-1-1] DEBUG org.asynchttpclient.netty.channel.DefaultChannelPool - Entry count for : http://localhost:57150 : 1
21:12:01.528 [AsyncHttpClient-1-5] DEBUG org.asynchttpclient.netty.handler.HttpHandler - 

Request DefaultHttpRequest(decodeResult: success, version: HTTP/1.1)
POST /session/b61931836d1c1d40e1ace3fd349a7357/url HTTP/1.1
User-Agent: selenium/4.1.2 (java windows)
Content-Length: 49
Content-Type: application/json; charset=utf-8
host: localhost:52937
accept: */*

Response DefaultHttpResponse(decodeResult: success, version: HTTP/1.1)
HTTP/1.1 200 OK
Content-Type: application/json; charset=utf-8
cache-control: no-cache
content-length: 14

21:12:01.528 [AsyncHttpClient-1-5] DEBUG org.asynchttpclient.netty.channel.ChannelManager - Adding key: http://localhost:52937 for channel [id: 0xba39b0ef, L:/127.0.0.1:57149 - R:localhost/127.0.0.1:52937]
21:12:01.530 [Forwarding setTimeout on session b61931836d1c1d40e1ace3fd349a7357 to remote] DEBUG org.asynchttpclient.netty.request.NettyRequestSender - Using pooled Channel '[id: 0xba39b0ef, L:/127.0.0.1:57149 - R:localhost/127.0.0.1:52937]' for 'POST' to 'http://localhost:52937/session/b61931836d1c1d40e1ace3fd349a7357/timeouts'
21:12:01.531 [Forwarding setTimeout on session b61931836d1c1d40e1ace3fd349a7357 to remote] DEBUG org.asynchttpclient.netty.request.NettyRequestSender - Using open Channel [id: 0xba39b0ef, L:/127.0.0.1:57149 - R:localhost/127.0.0.1:52937] for POST '/session/b61931836d1c1d40e1ace3fd349a7357/timeouts'
21:12:01.535 [AsyncHttpClient-1-5] DEBUG org.asynchttpclient.netty.handler.HttpHandler - 

Request DefaultHttpRequest(decodeResult: success, version: HTTP/1.1)
POST /session/b61931836d1c1d40e1ace3fd349a7357/timeouts HTTP/1.1
User-Agent: selenium/4.1.2 (java windows)
Content-Length: 22
Content-Type: application/json; charset=utf-8
host: localhost:52937
accept: */*

Response DefaultHttpResponse(decodeResult: success, version: HTTP/1.1)
HTTP/1.1 200 OK
Content-Type: application/json; charset=utf-8
cache-control: no-cache
content-length: 14

21:12:01.535 [AsyncHttpClient-1-5] DEBUG org.asynchttpclient.netty.channel.ChannelManager - Adding key: http://localhost:52937 for channel [id: 0xba39b0ef, L:/127.0.0.1:57149 - R:localhost/127.0.0.1:52937]
21:12:01.542 [Forwarding getCurrentUrl on session b61931836d1c1d40e1ace3fd349a7357 to remote] DEBUG org.asynchttpclient.netty.request.NettyRequestSender - Using pooled Channel '[id: 0xba39b0ef, L:/127.0.0.1:57149 - R:localhost/127.0.0.1:52937]' for 'GET' to 'http://localhost:52937/session/b61931836d1c1d40e1ace3fd349a7357/url'
21:12:01.542 [Forwarding getCurrentUrl on session b61931836d1c1d40e1ace3fd349a7357 to remote] DEBUG org.asynchttpclient.netty.request.NettyRequestSender - Using open Channel [id: 0xba39b0ef, L:/127.0.0.1:57149 - R:localhost/127.0.0.1:52937] for GET '/session/b61931836d1c1d40e1ace3fd349a7357/url'
21:12:01.553 [AsyncHttpClient-1-5] DEBUG org.asynchttpclient.netty.handler.HttpHandler - 

Request DefaultFullHttpRequest(decodeResult: success, version: HTTP/1.1, content: EmptyByteBufBE)
GET /session/b61931836d1c1d40e1ace3fd349a7357/url HTTP/1.1
User-Agent: selenium/4.1.2 (java windows)
Cache-Control: no-cache
Content-Type: application/json; charset=utf-8
host: localhost:52937
accept: */*

Response DefaultHttpResponse(decodeResult: success, version: HTTP/1.1)
HTTP/1.1 200 OK
Content-Type: application/json; charset=utf-8
cache-control: no-cache
content-length: 31

21:12:01.554 [AsyncHttpClient-1-5] DEBUG org.asynchttpclient.netty.channel.ChannelManager - Adding key: http://localhost:52937 for channel [id: 0xba39b0ef, L:/127.0.0.1:57149 - R:localhost/127.0.0.1:52937]
21:12:01.562 [Forwarding getCurrentUrl on session b61931836d1c1d40e1ace3fd349a7357 to remote] DEBUG org.asynchttpclient.netty.request.NettyRequestSender - Using pooled Channel '[id: 0xba39b0ef, L:/127.0.0.1:57149 - R:localhost/127.0.0.1:52937]' for 'GET' to 'http://localhost:52937/session/b61931836d1c1d40e1ace3fd349a7357/url'
21:12:01.562 [Forwarding getCurrentUrl on session b61931836d1c1d40e1ace3fd349a7357 to remote] DEBUG org.asynchttpclient.netty.request.NettyRequestSender - Using open Channel [id: 0xba39b0ef, L:/127.0.0.1:57149 - R:localhost/127.0.0.1:52937] for GET '/session/b61931836d1c1d40e1ace3fd349a7357/url'
21:12:01.589 [AsyncHttpClient-1-5] DEBUG org.asynchttpclient.netty.handler.HttpHandler - 

Request DefaultFullHttpRequest(decodeResult: success, version: HTTP/1.1, content: EmptyByteBufBE)
GET /session/b61931836d1c1d40e1ace3fd349a7357/url HTTP/1.1
User-Agent: selenium/4.1.2 (java windows)
Cache-Control: no-cache
Content-Type: application/json; charset=utf-8
host: localhost:52937
accept: */*

Response DefaultHttpResponse(decodeResult: success, version: HTTP/1.1)
HTTP/1.1 200 OK
Content-Type: application/json; charset=utf-8
cache-control: no-cache
content-length: 31

21:12:01.589 [AsyncHttpClient-1-5] DEBUG org.asynchttpclient.netty.channel.ChannelManager - Adding key: http://localhost:52937 for channel [id: 0xba39b0ef, L:/127.0.0.1:57149 - R:localhost/127.0.0.1:52937]
21:12:01.607 [main] DEBUG net.serenitybdd.core.photography.Darkroom - Opening darkroom
21:12:01.608 [Darkroom Processing Line] DEBUG net.serenitybdd.core.photography.DarkroomProcessingLine - Darkroom processing line starting up
21:12:01.608 [Forwarding screenshot on session b61931836d1c1d40e1ace3fd349a7357 to remote] DEBUG org.asynchttpclient.netty.request.NettyRequestSender - Using pooled Channel '[id: 0xba39b0ef, L:/127.0.0.1:57149 - R:localhost/127.0.0.1:52937]' for 'GET' to 'http://localhost:52937/session/b61931836d1c1d40e1ace3fd349a7357/screenshot'
21:12:01.608 [Forwarding screenshot on session b61931836d1c1d40e1ace3fd349a7357 to remote] DEBUG org.asynchttpclient.netty.request.NettyRequestSender - Using open Channel [id: 0xba39b0ef, L:/127.0.0.1:57149 - R:localhost/127.0.0.1:52937] for GET '/session/b61931836d1c1d40e1ace3fd349a7357/screenshot'
21:12:01.799 [AsyncHttpClient-1-1] DEBUG org.asynchttpclient.netty.channel.DefaultChannelPool - Entry count for : http://localhost:57150 : 1
21:12:01.832 [AsyncHttpClient-1-5] DEBUG org.asynchttpclient.netty.handler.HttpHandler - 

Request DefaultFullHttpRequest(decodeResult: success, version: HTTP/1.1, content: EmptyByteBufBE)
GET /session/b61931836d1c1d40e1ace3fd349a7357/screenshot HTTP/1.1
User-Agent: selenium/4.1.2 (java windows)
Cache-Control: no-cache
Content-Type: application/json; charset=utf-8
host: localhost:52937
accept: */*

Response DefaultHttpResponse(decodeResult: success, version: HTTP/1.1)
HTTP/1.1 200 OK
Content-Type: application/json; charset=utf-8
cache-control: no-cache
content-length: 25208

21:12:01.833 [AsyncHttpClient-1-5] DEBUG org.asynchttpclient.netty.channel.ChannelManager - Adding key: http://localhost:52937 for channel [id: 0xba39b0ef, L:/127.0.0.1:57149 - R:localhost/127.0.0.1:52937]
21:12:01.839 [main] DEBUG net.serenitybdd.core.photography.Darkroom - Send negative for processing for target\site\serenity\1734d5a7fb15a41217d95462c9b4ff2721e8157c2e43b3d2e2a4be012a0f4678.png
21:12:01.841 [main] DEBUG net.thucydides.core.steps.StepInterceptor - STEP DONE: openPage
21:12:01.842 [Darkroom Processing Line] DEBUG net.serenitybdd.core.photography.DarkroomProcessingLine - Processing screenshot image in /var/screenshots/screenshot-7521316911346992209
21:12:01.842 [Darkroom Processing Line] DEBUG net.serenitybdd.core.photography.DarkroomProcessingLine - Saving screenshot to target\site\serenity\1734d5a7fb15a41217d95462c9b4ff2721e8157c2e43b3d2e2a4be012a0f4678.png
21:12:01.856 [main] DEBUG net.thucydides.core.steps.StepInterceptor - STARTING STEP: LoginSteps.onLoginPage - clickLoginIcon
21:12:01.867 [Forwarding findElement on session b61931836d1c1d40e1ace3fd349a7357 to remote] DEBUG org.asynchttpclient.netty.request.NettyRequestSender - Using pooled Channel '[id: 0xba39b0ef, L:/127.0.0.1:57149 - R:localhost/127.0.0.1:52937]' for 'POST' to 'http://localhost:52937/session/b61931836d1c1d40e1ace3fd349a7357/element'
21:12:01.867 [Forwarding findElement on session b61931836d1c1d40e1ace3fd349a7357 to remote] DEBUG org.asynchttpclient.netty.request.NettyRequestSender - Using open Channel [id: 0xba39b0ef, L:/127.0.0.1:57149 - R:localhost/127.0.0.1:52937] for POST '/session/b61931836d1c1d40e1ace3fd349a7357/element'
21:12:01.887 [AsyncHttpClient-1-5] DEBUG org.asynchttpclient.netty.handler.HttpHandler - 

Request DefaultHttpRequest(decodeResult: success, version: HTTP/1.1)
POST /session/b61931836d1c1d40e1ace3fd349a7357/element HTTP/1.1
User-Agent: selenium/4.1.2 (java windows)
Content-Length: 129
Content-Type: application/json; charset=utf-8
host: localhost:52937
accept: */*

Response DefaultHttpResponse(decodeResult: success, version: HTTP/1.1)
HTTP/1.1 200 OK
Content-Type: application/json; charset=utf-8
cache-control: no-cache
content-length: 88

21:12:01.887 [AsyncHttpClient-1-5] DEBUG org.asynchttpclient.netty.channel.ChannelManager - Adding key: http://localhost:52937 for channel [id: 0xba39b0ef, L:/127.0.0.1:57149 - R:localhost/127.0.0.1:52937]
21:12:01.893 [Forwarding getElementTagName on session b61931836d1c1d40e1ace3fd349a7357 to remote] DEBUG org.asynchttpclient.netty.request.NettyRequestSender - Using pooled Channel '[id: 0xba39b0ef, L:/127.0.0.1:57149 - R:localhost/127.0.0.1:52937]' for 'GET' to 'http://localhost:52937/session/b61931836d1c1d40e1ace3fd349a7357/element/dd693918-85ba-46ab-8e39-3b916b02a170/name'
21:12:01.893 [Forwarding getElementTagName on session b61931836d1c1d40e1ace3fd349a7357 to remote] DEBUG org.asynchttpclient.netty.request.NettyRequestSender - Using open Channel [id: 0xba39b0ef, L:/127.0.0.1:57149 - R:localhost/127.0.0.1:52937] for GET '/session/b61931836d1c1d40e1ace3fd349a7357/element/dd693918-85ba-46ab-8e39-3b916b02a170/name'
21:12:01.900 [AsyncHttpClient-1-5] DEBUG org.asynchttpclient.netty.handler.HttpHandler - 

Request DefaultFullHttpRequest(decodeResult: success, version: HTTP/1.1, content: EmptyByteBufBE)
GET /session/b61931836d1c1d40e1ace3fd349a7357/element/dd693918-85ba-46ab-8e39-3b916b02a170/name HTTP/1.1
User-Agent: selenium/4.1.2 (java windows)
Cache-Control: no-cache
Content-Type: application/json; charset=utf-8
host: localhost:52937
accept: */*

Response DefaultHttpResponse(decodeResult: success, version: HTTP/1.1)
HTTP/1.1 200 OK
Content-Type: application/json; charset=utf-8
cache-control: no-cache
content-length: 18

21:12:01.900 [AsyncHttpClient-1-5] DEBUG org.asynchttpclient.netty.channel.ChannelManager - Adding key: http://localhost:52937 for channel [id: 0xba39b0ef, L:/127.0.0.1:57149 - R:localhost/127.0.0.1:52937]
21:12:01.902 [Forwarding getElementTagName on session b61931836d1c1d40e1ace3fd349a7357 to remote] DEBUG org.asynchttpclient.netty.request.NettyRequestSender - Using pooled Channel '[id: 0xba39b0ef, L:/127.0.0.1:57149 - R:localhost/127.0.0.1:52937]' for 'GET' to 'http://localhost:52937/session/b61931836d1c1d40e1ace3fd349a7357/element/dd693918-85ba-46ab-8e39-3b916b02a170/name'
21:12:01.902 [Forwarding getElementTagName on session b61931836d1c1d40e1ace3fd349a7357 to remote] DEBUG org.asynchttpclient.netty.request.NettyRequestSender - Using open Channel [id: 0xba39b0ef, L:/127.0.0.1:57149 - R:localhost/127.0.0.1:52937] for GET '/session/b61931836d1c1d40e1ace3fd349a7357/element/dd693918-85ba-46ab-8e39-3b916b02a170/name'
21:12:01.908 [AsyncHttpClient-1-5] DEBUG org.asynchttpclient.netty.handler.HttpHandler - 

Request DefaultFullHttpRequest(decodeResult: success, version: HTTP/1.1, content: EmptyByteBufBE)
GET /session/b61931836d1c1d40e1ace3fd349a7357/element/dd693918-85ba-46ab-8e39-3b916b02a170/name HTTP/1.1
User-Agent: selenium/4.1.2 (java windows)
Cache-Control: no-cache
Content-Type: application/json; charset=utf-8
host: localhost:52937
accept: */*

Response DefaultHttpResponse(decodeResult: success, version: HTTP/1.1)
HTTP/1.1 200 OK
Content-Type: application/json; charset=utf-8
cache-control: no-cache
content-length: 18

21:12:01.910 [AsyncHttpClient-1-5] DEBUG org.asynchttpclient.netty.channel.ChannelManager - Adding key: http://localhost:52937 for channel [id: 0xba39b0ef, L:/127.0.0.1:57149 - R:localhost/127.0.0.1:52937]
21:12:01.913 [Forwarding isElementEnabled on session b61931836d1c1d40e1ace3fd349a7357 to remote] DEBUG org.asynchttpclient.netty.request.NettyRequestSender - Using pooled Channel '[id: 0xba39b0ef, L:/127.0.0.1:57149 - R:localhost/127.0.0.1:52937]' for 'GET' to 'http://localhost:52937/session/b61931836d1c1d40e1ace3fd349a7357/element/dd693918-85ba-46ab-8e39-3b916b02a170/enabled'
21:12:01.913 [Forwarding isElementEnabled on session b61931836d1c1d40e1ace3fd349a7357 to remote] DEBUG org.asynchttpclient.netty.request.NettyRequestSender - Using open Channel [id: 0xba39b0ef, L:/127.0.0.1:57149 - R:localhost/127.0.0.1:52937] for GET '/session/b61931836d1c1d40e1ace3fd349a7357/element/dd693918-85ba-46ab-8e39-3b916b02a170/enabled'
21:12:01.927 [AsyncHttpClient-1-5] DEBUG org.asynchttpclient.netty.handler.HttpHandler - 

Request DefaultFullHttpRequest(decodeResult: success, version: HTTP/1.1, content: EmptyByteBufBE)
GET /session/b61931836d1c1d40e1ace3fd349a7357/element/dd693918-85ba-46ab-8e39-3b916b02a170/enabled HTTP/1.1
User-Agent: selenium/4.1.2 (java windows)
Cache-Control: no-cache
Content-Type: application/json; charset=utf-8
host: localhost:52937
accept: */*

Response DefaultHttpResponse(decodeResult: success, version: HTTP/1.1)
HTTP/1.1 200 OK
Content-Type: application/json; charset=utf-8
cache-control: no-cache
content-length: 14

21:12:01.927 [AsyncHttpClient-1-5] DEBUG org.asynchttpclient.netty.channel.ChannelManager - Adding key: http://localhost:52937 for channel [id: 0xba39b0ef, L:/127.0.0.1:57149 - R:localhost/127.0.0.1:52937]
21:12:01.930 [Forwarding isElementEnabled on session b61931836d1c1d40e1ace3fd349a7357 to remote] DEBUG org.asynchttpclient.netty.request.NettyRequestSender - Using pooled Channel '[id: 0xba39b0ef, L:/127.0.0.1:57149 - R:localhost/127.0.0.1:52937]' for 'GET' to 'http://localhost:52937/session/b61931836d1c1d40e1ace3fd349a7357/element/dd693918-85ba-46ab-8e39-3b916b02a170/enabled'
21:12:01.930 [Forwarding isElementEnabled on session b61931836d1c1d40e1ace3fd349a7357 to remote] DEBUG org.asynchttpclient.netty.request.NettyRequestSender - Using open Channel [id: 0xba39b0ef, L:/127.0.0.1:57149 - R:localhost/127.0.0.1:52937] for GET '/session/b61931836d1c1d40e1ace3fd349a7357/element/dd693918-85ba-46ab-8e39-3b916b02a170/enabled'
21:12:01.939 [AsyncHttpClient-1-5] DEBUG org.asynchttpclient.netty.handler.HttpHandler - 

Request DefaultFullHttpRequest(decodeResult: success, version: HTTP/1.1, content: EmptyByteBufBE)
GET /session/b61931836d1c1d40e1ace3fd349a7357/element/dd693918-85ba-46ab-8e39-3b916b02a170/enabled HTTP/1.1
User-Agent: selenium/4.1.2 (java windows)
Cache-Control: no-cache
Content-Type: application/json; charset=utf-8
host: localhost:52937
accept: */*

Response DefaultHttpResponse(decodeResult: success, version: HTTP/1.1)
HTTP/1.1 200 OK
Content-Type: application/json; charset=utf-8
cache-control: no-cache
content-length: 14

21:12:01.940 [AsyncHttpClient-1-5] DEBUG org.asynchttpclient.netty.channel.ChannelManager - Adding key: http://localhost:52937 for channel [id: 0xba39b0ef, L:/127.0.0.1:57149 - R:localhost/127.0.0.1:52937]
21:12:01.951 [Forwarding findElement on session b61931836d1c1d40e1ace3fd349a7357 to remote] DEBUG org.asynchttpclient.netty.request.NettyRequestSender - Using pooled Channel '[id: 0xba39b0ef, L:/127.0.0.1:57149 - R:localhost/127.0.0.1:52937]' for 'POST' to 'http://localhost:52937/session/b61931836d1c1d40e1ace3fd349a7357/element'
21:12:01.951 [Forwarding findElement on session b61931836d1c1d40e1ace3fd349a7357 to remote] DEBUG org.asynchttpclient.netty.request.NettyRequestSender - Using open Channel [id: 0xba39b0ef, L:/127.0.0.1:57149 - R:localhost/127.0.0.1:52937] for POST '/session/b61931836d1c1d40e1ace3fd349a7357/element'
21:12:01.979 [AsyncHttpClient-1-5] DEBUG org.asynchttpclient.netty.handler.HttpHandler - 

Request DefaultHttpRequest(decodeResult: success, version: HTTP/1.1)
POST /session/b61931836d1c1d40e1ace3fd349a7357/element HTTP/1.1
User-Agent: selenium/4.1.2 (java windows)
Content-Length: 129
Content-Type: application/json; charset=utf-8
host: localhost:52937
accept: */*

Response DefaultHttpResponse(decodeResult: success, version: HTTP/1.1)
HTTP/1.1 200 OK
Content-Type: application/json; charset=utf-8
cache-control: no-cache
content-length: 88

21:12:01.983 [AsyncHttpClient-1-5] DEBUG org.asynchttpclient.netty.channel.ChannelManager - Adding key: http://localhost:52937 for channel [id: 0xba39b0ef, L:/127.0.0.1:57149 - R:localhost/127.0.0.1:52937]
21:12:01.995 [Forwarding clickElement on session b61931836d1c1d40e1ace3fd349a7357 to remote] DEBUG org.asynchttpclient.netty.request.NettyRequestSender - Using pooled Channel '[id: 0xba39b0ef, L:/127.0.0.1:57149 - R:localhost/127.0.0.1:52937]' for 'POST' to 'http://localhost:52937/session/b61931836d1c1d40e1ace3fd349a7357/element/dd693918-85ba-46ab-8e39-3b916b02a170/click'
21:12:01.995 [Forwarding clickElement on session b61931836d1c1d40e1ace3fd349a7357 to remote] DEBUG org.asynchttpclient.netty.request.NettyRequestSender - Using open Channel [id: 0xba39b0ef, L:/127.0.0.1:57149 - R:localhost/127.0.0.1:52937] for POST '/session/b61931836d1c1d40e1ace3fd349a7357/element/dd693918-85ba-46ab-8e39-3b916b02a170/click'
21:12:02.256 [AsyncHttpClient-1-5] DEBUG org.asynchttpclient.netty.handler.HttpHandler - 

Request DefaultHttpRequest(decodeResult: success, version: HTTP/1.1)
POST /session/b61931836d1c1d40e1ace3fd349a7357/element/dd693918-85ba-46ab-8e39-3b916b02a170/click HTTP/1.1
User-Agent: selenium/4.1.2 (java windows)
Content-Length: 50
Content-Type: application/json; charset=utf-8
host: localhost:52937
accept: */*

Response DefaultHttpResponse(decodeResult: success, version: HTTP/1.1)
HTTP/1.1 200 OK
Content-Type: application/json; charset=utf-8
cache-control: no-cache
content-length: 14

21:12:02.256 [AsyncHttpClient-1-5] DEBUG org.asynchttpclient.netty.channel.ChannelManager - Adding key: http://localhost:52937 for channel [id: 0xba39b0ef, L:/127.0.0.1:57149 - R:localhost/127.0.0.1:52937]
21:12:02.300 [Forwarding screenshot on session b61931836d1c1d40e1ace3fd349a7357 to remote] DEBUG org.asynchttpclient.netty.request.NettyRequestSender - Using pooled Channel '[id: 0xba39b0ef, L:/127.0.0.1:57149 - R:localhost/127.0.0.1:52937]' for 'GET' to 'http://localhost:52937/session/b61931836d1c1d40e1ace3fd349a7357/screenshot'
21:12:02.302 [Forwarding screenshot on session b61931836d1c1d40e1ace3fd349a7357 to remote] DEBUG org.asynchttpclient.netty.request.NettyRequestSender - Using open Channel [id: 0xba39b0ef, L:/127.0.0.1:57149 - R:localhost/127.0.0.1:52937] for GET '/session/b61931836d1c1d40e1ace3fd349a7357/screenshot'
21:12:02.899 [AsyncHttpClient-1-1] DEBUG org.asynchttpclient.netty.channel.DefaultChannelPool - Entry count for : http://localhost:57150 : 1
21:12:02.943 [AsyncHttpClient-1-5] DEBUG org.asynchttpclient.netty.handler.HttpHandler - 

Request DefaultFullHttpRequest(decodeResult: success, version: HTTP/1.1, content: EmptyByteBufBE)
GET /session/b61931836d1c1d40e1ace3fd349a7357/screenshot HTTP/1.1
User-Agent: selenium/4.1.2 (java windows)
Cache-Control: no-cache
Content-Type: application/json; charset=utf-8
host: localhost:52937
accept: */*

Response DefaultHttpResponse(decodeResult: success, version: HTTP/1.1)
HTTP/1.1 200 OK
Content-Type: application/json; charset=utf-8
cache-control: no-cache
content-length: 26668

21:12:02.944 [AsyncHttpClient-1-5] DEBUG org.asynchttpclient.netty.channel.ChannelManager - Adding key: http://localhost:52937 for channel [id: 0xba39b0ef, L:/127.0.0.1:57149 - R:localhost/127.0.0.1:52937]
21:12:02.949 [main] DEBUG net.serenitybdd.core.photography.Darkroom - Send negative for processing for target\site\serenity\80c786978f38df523c7ac16ad55b4767f8afd175b69229ac01b627024b100755.png
21:12:02.949 [main] DEBUG net.thucydides.core.steps.StepInterceptor - STEP DONE: clickLoginIcon
  &amp#27;[32mGiven &amp#27;[0m&amp#27;[32mi am on the login page&amp#27;[0m                    &amp#27;[90m# starter.stepdefenitions.LoginSteps.onLoginPage()&amp#27;[0m
21:12:02.949 [Darkroom Processing Line] DEBUG net.serenitybdd.core.photography.DarkroomProcessingLine - Processing screenshot image in /var/screenshots/screenshot-8544049769412346935
21:12:02.950 [Darkroom Processing Line] DEBUG net.serenitybdd.core.photography.DarkroomProcessingLine - Saving screenshot to target\site\serenity\80c786978f38df523c7ac16ad55b4767f8afd175b69229ac01b627024b100755.png
21:12:02.975 [main] DEBUG net.thucydides.core.steps.StepInterceptor - STARTING STEP: LoginSteps.inputValidEmail - inputEmail
21:12:02.979 [Forwarding findElement on session b61931836d1c1d40e1ace3fd349a7357 to remote] DEBUG org.asynchttpclient.netty.request.NettyRequestSender - Using pooled Channel '[id: 0xba39b0ef, L:/127.0.0.1:57149 - R:localhost/127.0.0.1:52937]' for 'POST' to 'http://localhost:52937/session/b61931836d1c1d40e1ace3fd349a7357/element'
21:12:02.979 [Forwarding findElement on session b61931836d1c1d40e1ace3fd349a7357 to remote] DEBUG org.asynchttpclient.netty.request.NettyRequestSender - Using open Channel [id: 0xba39b0ef, L:/127.0.0.1:57149 - R:localhost/127.0.0.1:52937] for POST '/session/b61931836d1c1d40e1ace3fd349a7357/element'
21:12:02.999 [AsyncHttpClient-1-5] DEBUG org.asynchttpclient.netty.handler.HttpHandler - 

Request DefaultHttpRequest(decodeResult: success, version: HTTP/1.1)
POST /session/b61931836d1c1d40e1ace3fd349a7357/element HTTP/1.1
User-Agent: selenium/4.1.2 (java windows)
Content-Length: 110
Content-Type: application/json; charset=utf-8
host: localhost:52937
accept: */*

Response DefaultHttpResponse(decodeResult: success, version: HTTP/1.1)
HTTP/1.1 200 OK
Content-Type: application/json; charset=utf-8
cache-control: no-cache
content-length: 88

21:12:02.999 [AsyncHttpClient-1-5] DEBUG org.asynchttpclient.netty.channel.ChannelManager - Adding key: http://localhost:52937 for channel [id: 0xba39b0ef, L:/127.0.0.1:57149 - R:localhost/127.0.0.1:52937]
21:12:03.002 [Forwarding clearElement on session b61931836d1c1d40e1ace3fd349a7357 to remote] DEBUG org.asynchttpclient.netty.request.NettyRequestSender - Using pooled Channel '[id: 0xba39b0ef, L:/127.0.0.1:57149 - R:localhost/127.0.0.1:52937]' for 'POST' to 'http://localhost:52937/session/b61931836d1c1d40e1ace3fd349a7357/element/2795d7b8-bec6-410f-9231-820930ac3122/clear'
21:12:03.003 [Forwarding clearElement on session b61931836d1c1d40e1ace3fd349a7357 to remote] DEBUG org.asynchttpclient.netty.request.NettyRequestSender - Using open Channel [id: 0xba39b0ef, L:/127.0.0.1:57149 - R:localhost/127.0.0.1:52937] for POST '/session/b61931836d1c1d40e1ace3fd349a7357/element/2795d7b8-bec6-410f-9231-820930ac3122/clear'
21:12:03.071 [AsyncHttpClient-1-5] DEBUG org.asynchttpclient.netty.handler.HttpHandler - 

Request DefaultHttpRequest(decodeResult: success, version: HTTP/1.1)
POST /session/b61931836d1c1d40e1ace3fd349a7357/element/2795d7b8-bec6-410f-9231-820930ac3122/clear HTTP/1.1
User-Agent: selenium/4.1.2 (java windows)
Content-Length: 50
Content-Type: application/json; charset=utf-8
host: localhost:52937
accept: */*

Response DefaultHttpResponse(decodeResult: success, version: HTTP/1.1)
HTTP/1.1 200 OK
Content-Type: application/json; charset=utf-8
cache-control: no-cache
content-length: 14

21:12:03.071 [AsyncHttpClient-1-5] DEBUG org.asynchttpclient.netty.channel.ChannelManager - Adding key: http://localhost:52937 for channel [id: 0xba39b0ef, L:/127.0.0.1:57149 - R:localhost/127.0.0.1:52937]
21:12:03.077 [Forwarding sendKeysToElement on session b61931836d1c1d40e1ace3fd349a7357 to remote] DEBUG org.asynchttpclient.netty.request.NettyRequestSender - Using pooled Channel '[id: 0xba39b0ef, L:/127.0.0.1:57149 - R:localhost/127.0.0.1:52937]' for 'POST' to 'http://localhost:52937/session/b61931836d1c1d40e1ace3fd349a7357/element/2795d7b8-bec6-410f-9231-820930ac3122/value'
21:12:03.077 [Forwarding sendKeysToElement on session b61931836d1c1d40e1ace3fd349a7357 to remote] DEBUG org.asynchttpclient.netty.request.NettyRequestSender - Using open Channel [id: 0xba39b0ef, L:/127.0.0.1:57149 - R:localhost/127.0.0.1:52937] for POST '/session/b61931836d1c1d40e1ace3fd349a7357/element/2795d7b8-bec6-410f-9231-820930ac3122/value'
21:12:03.298 [AsyncHttpClient-1-5] DEBUG org.asynchttpclient.netty.handler.HttpHandler - 

Request DefaultHttpRequest(decodeResult: success, version: HTTP/1.1)
POST /session/b61931836d1c1d40e1ace3fd349a7357/element/2795d7b8-bec6-410f-9231-820930ac3122/value HTTP/1.1
User-Agent: selenium/4.1.2 (java windows)
Content-Length: 231
Content-Type: application/json; charset=utf-8
host: localhost:52937
accept: */*

Response DefaultHttpResponse(decodeResult: success, version: HTTP/1.1)
HTTP/1.1 200 OK
Content-Type: application/json; charset=utf-8
cache-control: no-cache
content-length: 14

21:12:03.298 [AsyncHttpClient-1-5] DEBUG org.asynchttpclient.netty.channel.ChannelManager - Adding key: http://localhost:52937 for channel [id: 0xba39b0ef, L:/127.0.0.1:57149 - R:localhost/127.0.0.1:52937]
21:12:03.306 [Forwarding screenshot on session b61931836d1c1d40e1ace3fd349a7357 to remote] DEBUG org.asynchttpclient.netty.request.NettyRequestSender - Using pooled Channel '[id: 0xba39b0ef, L:/127.0.0.1:57149 - R:localhost/127.0.0.1:52937]' for 'GET' to 'http://localhost:52937/session/b61931836d1c1d40e1ace3fd349a7357/screenshot'
21:12:03.306 [Forwarding screenshot on session b61931836d1c1d40e1ace3fd349a7357 to remote] DEBUG org.asynchttpclient.netty.request.NettyRequestSender - Using open Channel [id: 0xba39b0ef, L:/127.0.0.1:57149 - R:localhost/127.0.0.1:52937] for GET '/session/b61931836d1c1d40e1ace3fd349a7357/screenshot'
21:12:03.493 [AsyncHttpClient-1-5] DEBUG org.asynchttpclient.netty.handler.HttpHandler - 

Request DefaultFullHttpRequest(decodeResult: success, version: HTTP/1.1, content: EmptyByteBufBE)
GET /session/b61931836d1c1d40e1ace3fd349a7357/screenshot HTTP/1.1
User-Agent: selenium/4.1.2 (java windows)
Cache-Control: no-cache
Content-Type: application/json; charset=utf-8
host: localhost:52937
accept: */*

Response DefaultHttpResponse(decodeResult: success, version: HTTP/1.1)
HTTP/1.1 200 OK
Content-Type: application/json; charset=utf-8
cache-control: no-cache
content-length: 30304

21:12:03.494 [AsyncHttpClient-1-5] DEBUG org.asynchttpclient.netty.channel.ChannelManager - Adding key: http://localhost:52937 for channel [id: 0xba39b0ef, L:/127.0.0.1:57149 - R:localhost/127.0.0.1:52937]
21:12:03.498 [main] DEBUG net.serenitybdd.core.photography.Darkroom - Send negative for processing for target\site\serenity\fa90094a014735d92666db05699650e2b171f73d15846c9d65a9768fc42276fc.png
21:12:03.498 [main] DEBUG net.thucydides.core.steps.StepInterceptor - STEP DONE: inputEmail
  &amp#27;[32mWhen &amp#27;[0m&amp#27;[32mi input valid email&amp#27;[0m                        &amp#27;[90m# starter.stepdefenitions.LoginSteps.inputValidEmail()&amp#27;[0m
21:12:03.498 [Darkroom Processing Line] DEBUG net.serenitybdd.core.photography.DarkroomProcessingLine - Processing screenshot image in /var/screenshots/screenshot-781111676574734757
21:12:03.498 [Darkroom Processing Line] DEBUG net.serenitybdd.core.photography.DarkroomProcessingLine - Saving screenshot to target\site\serenity\fa90094a014735d92666db05699650e2b171f73d15846c9d65a9768fc42276fc.png
21:12:03.521 [main] DEBUG net.thucydides.core.steps.StepInterceptor - STARTING STEP: LoginSteps.inputValidPassword - inputPassword
21:12:03.525 [Forwarding findElement on session b61931836d1c1d40e1ace3fd349a7357 to remote] DEBUG org.asynchttpclient.netty.request.NettyRequestSender - Using pooled Channel '[id: 0xba39b0ef, L:/127.0.0.1:57149 - R:localhost/127.0.0.1:52937]' for 'POST' to 'http://localhost:52937/session/b61931836d1c1d40e1ace3fd349a7357/element'
21:12:03.525 [Forwarding findElement on session b61931836d1c1d40e1ace3fd349a7357 to remote] DEBUG org.asynchttpclient.netty.request.NettyRequestSender - Using open Channel [id: 0xba39b0ef, L:/127.0.0.1:57149 - R:localhost/127.0.0.1:52937] for POST '/session/b61931836d1c1d40e1ace3fd349a7357/element'
21:12:03.545 [AsyncHttpClient-1-5] DEBUG org.asynchttpclient.netty.handler.HttpHandler - 

Request DefaultHttpRequest(decodeResult: success, version: HTTP/1.1)
POST /session/b61931836d1c1d40e1ace3fd349a7357/element HTTP/1.1
User-Agent: selenium/4.1.2 (java windows)
Content-Length: 113
Content-Type: application/json; charset=utf-8
host: localhost:52937
accept: */*

Response DefaultHttpResponse(decodeResult: success, version: HTTP/1.1)
HTTP/1.1 200 OK
Content-Type: application/json; charset=utf-8
cache-control: no-cache
content-length: 88

21:12:03.546 [AsyncHttpClient-1-5] DEBUG org.asynchttpclient.netty.channel.ChannelManager - Adding key: http://localhost:52937 for channel [id: 0xba39b0ef, L:/127.0.0.1:57149 - R:localhost/127.0.0.1:52937]
21:12:03.548 [Forwarding clearElement on session b61931836d1c1d40e1ace3fd349a7357 to remote] DEBUG org.asynchttpclient.netty.request.NettyRequestSender - Using pooled Channel '[id: 0xba39b0ef, L:/127.0.0.1:57149 - R:localhost/127.0.0.1:52937]' for 'POST' to 'http://localhost:52937/session/b61931836d1c1d40e1ace3fd349a7357/element/3fea146d-fe98-43bd-9480-02564dd0add3/clear'
21:12:03.549 [Forwarding clearElement on session b61931836d1c1d40e1ace3fd349a7357 to remote] DEBUG org.asynchttpclient.netty.request.NettyRequestSender - Using open Channel [id: 0xba39b0ef, L:/127.0.0.1:57149 - R:localhost/127.0.0.1:52937] for POST '/session/b61931836d1c1d40e1ace3fd349a7357/element/3fea146d-fe98-43bd-9480-02564dd0add3/clear'
21:12:03.600 [AsyncHttpClient-1-5] DEBUG org.asynchttpclient.netty.handler.HttpHandler - 

Request DefaultHttpRequest(decodeResult: success, version: HTTP/1.1)
POST /session/b61931836d1c1d40e1ace3fd349a7357/element/3fea146d-fe98-43bd-9480-02564dd0add3/clear HTTP/1.1
User-Agent: selenium/4.1.2 (java windows)
Content-Length: 50
Content-Type: application/json; charset=utf-8
host: localhost:52937
accept: */*

Response DefaultHttpResponse(decodeResult: success, version: HTTP/1.1)
HTTP/1.1 200 OK
Content-Type: application/json; charset=utf-8
cache-control: no-cache
content-length: 14

21:12:03.601 [AsyncHttpClient-1-5] DEBUG org.asynchttpclient.netty.channel.ChannelManager - Adding key: http://localhost:52937 for channel [id: 0xba39b0ef, L:/127.0.0.1:57149 - R:localhost/127.0.0.1:52937]
21:12:03.603 [Forwarding sendKeysToElement on session b61931836d1c1d40e1ace3fd349a7357 to remote] DEBUG org.asynchttpclient.netty.request.NettyRequestSender - Using pooled Channel '[id: 0xba39b0ef, L:/127.0.0.1:57149 - R:localhost/127.0.0.1:52937]' for 'POST' to 'http://localhost:52937/session/b61931836d1c1d40e1ace3fd349a7357/element/3fea146d-fe98-43bd-9480-02564dd0add3/value'
21:12:03.604 [Forwarding sendKeysToElement on session b61931836d1c1d40e1ace3fd349a7357 to remote] DEBUG org.asynchttpclient.netty.request.NettyRequestSender - Using open Channel [id: 0xba39b0ef, L:/127.0.0.1:57149 - R:localhost/127.0.0.1:52937] for POST '/session/b61931836d1c1d40e1ace3fd349a7357/element/3fea146d-fe98-43bd-9480-02564dd0add3/value'
21:12:03.698 [AsyncHttpClient-1-5] DEBUG org.asynchttpclient.netty.handler.HttpHandler - 

Request DefaultHttpRequest(decodeResult: success, version: HTTP/1.1)
POST /session/b61931836d1c1d40e1ace3fd349a7357/element/3fea146d-fe98-43bd-9480-02564dd0add3/value HTTP/1.1
User-Agent: selenium/4.1.2 (java windows)
Content-Length: 111
Content-Type: application/json; charset=utf-8
host: localhost:52937
accept: */*

Response DefaultHttpResponse(decodeResult: success, version: HTTP/1.1)
HTTP/1.1 200 OK
Content-Type: application/json; charset=utf-8
cache-control: no-cache
content-length: 14

21:12:03.699 [AsyncHttpClient-1-5] DEBUG org.asynchttpclient.netty.channel.ChannelManager - Adding key: http://localhost:52937 for channel [id: 0xba39b0ef, L:/127.0.0.1:57149 - R:localhost/127.0.0.1:52937]
21:12:03.718 [Forwarding screenshot on session b61931836d1c1d40e1ace3fd349a7357 to remote] DEBUG org.asynchttpclient.netty.request.NettyRequestSender - Using pooled Channel '[id: 0xba39b0ef, L:/127.0.0.1:57149 - R:localhost/127.0.0.1:52937]' for 'GET' to 'http://localhost:52937/session/b61931836d1c1d40e1ace3fd349a7357/screenshot'
21:12:03.719 [Forwarding screenshot on session b61931836d1c1d40e1ace3fd349a7357 to remote] DEBUG org.asynchttpclient.netty.request.NettyRequestSender - Using open Channel [id: 0xba39b0ef, L:/127.0.0.1:57149 - R:localhost/127.0.0.1:52937] for GET '/session/b61931836d1c1d40e1ace3fd349a7357/screenshot'
21:12:03.904 [AsyncHttpClient-1-5] DEBUG org.asynchttpclient.netty.handler.HttpHandler - 

Request DefaultFullHttpRequest(decodeResult: success, version: HTTP/1.1, content: EmptyByteBufBE)
GET /session/b61931836d1c1d40e1ace3fd349a7357/screenshot HTTP/1.1
User-Agent: selenium/4.1.2 (java windows)
Cache-Control: no-cache
Content-Type: application/json; charset=utf-8
host: localhost:52937
accept: */*

Response DefaultHttpResponse(decodeResult: success, version: HTTP/1.1)
HTTP/1.1 200 OK
Content-Type: application/json; charset=utf-8
cache-control: no-cache
content-length: 30860

21:12:03.905 [AsyncHttpClient-1-5] DEBUG org.asynchttpclient.netty.channel.ChannelManager - Adding key: http://localhost:52937 for channel [id: 0xba39b0ef, L:/127.0.0.1:57149 - R:localhost/127.0.0.1:52937]
21:12:03.908 [main] DEBUG net.serenitybdd.core.photography.Darkroom - Send negative for processing for target\site\serenity\0881f315c2ebb559275cb6e48f9f69c1b4f09a4026f7159fa4f0a7aa61806937.png
21:12:03.909 [main] DEBUG net.thucydides.core.steps.StepInterceptor - STEP DONE: inputPassword
  &amp#27;[32mAnd &amp#27;[0m&amp#27;[32mi input valid password&amp#27;[0m                      &amp#27;[90m# starter.stepdefenitions.LoginSteps.inputValidPassword()&amp#27;[0m
21:12:03.909 [Darkroom Processing Line] DEBUG net.serenitybdd.core.photography.DarkroomProcessingLine - Processing screenshot image in /var/screenshots/screenshot-550519110022684788
21:12:03.909 [Darkroom Processing Line] DEBUG net.serenitybdd.core.photography.DarkroomProcessingLine - Saving screenshot to target\site\serenity\0881f315c2ebb559275cb6e48f9f69c1b4f09a4026f7159fa4f0a7aa61806937.png
21:12:03.929 [main] DEBUG net.thucydides.core.steps.StepInterceptor - STARTING STEP: LoginSteps.clickLoginButton - clickLoginButton
21:12:03.932 [Forwarding findElement on session b61931836d1c1d40e1ace3fd349a7357 to remote] DEBUG org.asynchttpclient.netty.request.NettyRequestSender - Using pooled Channel '[id: 0xba39b0ef, L:/127.0.0.1:57149 - R:localhost/127.0.0.1:52937]' for 'POST' to 'http://localhost:52937/session/b61931836d1c1d40e1ace3fd349a7357/element'
21:12:03.933 [Forwarding findElement on session b61931836d1c1d40e1ace3fd349a7357 to remote] DEBUG org.asynchttpclient.netty.request.NettyRequestSender - Using open Channel [id: 0xba39b0ef, L:/127.0.0.1:57149 - R:localhost/127.0.0.1:52937] for POST '/session/b61931836d1c1d40e1ace3fd349a7357/element'
21:12:03.950 [AsyncHttpClient-1-5] DEBUG org.asynchttpclient.netty.handler.HttpHandler - 

Request DefaultHttpRequest(decodeResult: success, version: HTTP/1.1)
POST /session/b61931836d1c1d40e1ace3fd349a7357/element HTTP/1.1
User-Agent: selenium/4.1.2 (java windows)
Content-Length: 83
Content-Type: application/json; charset=utf-8
host: localhost:52937
accept: */*

Response DefaultHttpResponse(decodeResult: success, version: HTTP/1.1)
HTTP/1.1 200 OK
Content-Type: application/json; charset=utf-8
cache-control: no-cache
content-length: 88

21:12:03.950 [AsyncHttpClient-1-5] DEBUG org.asynchttpclient.netty.channel.ChannelManager - Adding key: http://localhost:52937 for channel [id: 0xba39b0ef, L:/127.0.0.1:57149 - R:localhost/127.0.0.1:52937]
21:12:03.952 [Forwarding getElementTagName on session b61931836d1c1d40e1ace3fd349a7357 to remote] DEBUG org.asynchttpclient.netty.request.NettyRequestSender - Using pooled Channel '[id: 0xba39b0ef, L:/127.0.0.1:57149 - R:localhost/127.0.0.1:52937]' for 'GET' to 'http://localhost:52937/session/b61931836d1c1d40e1ace3fd349a7357/element/b11b9fb2-b361-4b41-b941-1e1c32c57770/name'
21:12:03.952 [Forwarding getElementTagName on session b61931836d1c1d40e1ace3fd349a7357 to remote] DEBUG org.asynchttpclient.netty.request.NettyRequestSender - Using open Channel [id: 0xba39b0ef, L:/127.0.0.1:57149 - R:localhost/127.0.0.1:52937] for GET '/session/b61931836d1c1d40e1ace3fd349a7357/element/b11b9fb2-b361-4b41-b941-1e1c32c57770/name'
21:12:03.961 [AsyncHttpClient-1-5] DEBUG org.asynchttpclient.netty.handler.HttpHandler - 

Request DefaultFullHttpRequest(decodeResult: success, version: HTTP/1.1, content: EmptyByteBufBE)
GET /session/b61931836d1c1d40e1ace3fd349a7357/element/b11b9fb2-b361-4b41-b941-1e1c32c57770/name HTTP/1.1
User-Agent: selenium/4.1.2 (java windows)
Cache-Control: no-cache
Content-Type: application/json; charset=utf-8
host: localhost:52937
accept: */*

Response DefaultHttpResponse(decodeResult: success, version: HTTP/1.1)
HTTP/1.1 200 OK
Content-Type: application/json; charset=utf-8
cache-control: no-cache
content-length: 16

21:12:03.962 [AsyncHttpClient-1-5] DEBUG org.asynchttpclient.netty.channel.ChannelManager - Adding key: http://localhost:52937 for channel [id: 0xba39b0ef, L:/127.0.0.1:57149 - R:localhost/127.0.0.1:52937]
21:12:03.964 [Forwarding getElementTagName on session b61931836d1c1d40e1ace3fd349a7357 to remote] DEBUG org.asynchttpclient.netty.request.NettyRequestSender - Using pooled Channel '[id: 0xba39b0ef, L:/127.0.0.1:57149 - R:localhost/127.0.0.1:52937]' for 'GET' to 'http://localhost:52937/session/b61931836d1c1d40e1ace3fd349a7357/element/b11b9fb2-b361-4b41-b941-1e1c32c57770/name'
21:12:03.964 [Forwarding getElementTagName on session b61931836d1c1d40e1ace3fd349a7357 to remote] DEBUG org.asynchttpclient.netty.request.NettyRequestSender - Using open Channel [id: 0xba39b0ef, L:/127.0.0.1:57149 - R:localhost/127.0.0.1:52937] for GET '/session/b61931836d1c1d40e1ace3fd349a7357/element/b11b9fb2-b361-4b41-b941-1e1c32c57770/name'
21:12:03.968 [AsyncHttpClient-1-5] DEBUG org.asynchttpclient.netty.handler.HttpHandler - 

Request DefaultFullHttpRequest(decodeResult: success, version: HTTP/1.1, content: EmptyByteBufBE)
GET /session/b61931836d1c1d40e1ace3fd349a7357/element/b11b9fb2-b361-4b41-b941-1e1c32c57770/name HTTP/1.1
User-Agent: selenium/4.1.2 (java windows)
Cache-Control: no-cache
Content-Type: application/json; charset=utf-8
host: localhost:52937
accept: */*

Response DefaultHttpResponse(decodeResult: success, version: HTTP/1.1)
HTTP/1.1 200 OK
Content-Type: application/json; charset=utf-8
cache-control: no-cache
content-length: 16

21:12:03.968 [AsyncHttpClient-1-5] DEBUG org.asynchttpclient.netty.channel.ChannelManager - Adding key: http://localhost:52937 for channel [id: 0xba39b0ef, L:/127.0.0.1:57149 - R:localhost/127.0.0.1:52937]
21:12:03.970 [Forwarding findElement on session b61931836d1c1d40e1ace3fd349a7357 to remote] DEBUG org.asynchttpclient.netty.request.NettyRequestSender - Using pooled Channel '[id: 0xba39b0ef, L:/127.0.0.1:57149 - R:localhost/127.0.0.1:52937]' for 'POST' to 'http://localhost:52937/session/b61931836d1c1d40e1ace3fd349a7357/element'
21:12:03.970 [Forwarding findElement on session b61931836d1c1d40e1ace3fd349a7357 to remote] DEBUG org.asynchttpclient.netty.request.NettyRequestSender - Using open Channel [id: 0xba39b0ef, L:/127.0.0.1:57149 - R:localhost/127.0.0.1:52937] for POST '/session/b61931836d1c1d40e1ace3fd349a7357/element'
21:12:03.982 [AsyncHttpClient-1-5] DEBUG org.asynchttpclient.netty.handler.HttpHandler - 

Request DefaultHttpRequest(decodeResult: success, version: HTTP/1.1)
POST /session/b61931836d1c1d40e1ace3fd349a7357/element HTTP/1.1
User-Agent: selenium/4.1.2 (java windows)
Content-Length: 83
Content-Type: application/json; charset=utf-8
host: localhost:52937
accept: */*

Response DefaultHttpResponse(decodeResult: success, version: HTTP/1.1)
HTTP/1.1 200 OK
Content-Type: application/json; charset=utf-8
cache-control: no-cache
content-length: 88

21:12:03.982 [AsyncHttpClient-1-5] DEBUG org.asynchttpclient.netty.channel.ChannelManager - Adding key: http://localhost:52937 for channel [id: 0xba39b0ef, L:/127.0.0.1:57149 - R:localhost/127.0.0.1:52937]
21:12:03.984 [Forwarding clickElement on session b61931836d1c1d40e1ace3fd349a7357 to remote] DEBUG org.asynchttpclient.netty.request.NettyRequestSender - Using pooled Channel '[id: 0xba39b0ef, L:/127.0.0.1:57149 - R:localhost/127.0.0.1:52937]' for 'POST' to 'http://localhost:52937/session/b61931836d1c1d40e1ace3fd349a7357/element/b11b9fb2-b361-4b41-b941-1e1c32c57770/click'
21:12:03.984 [Forwarding clickElement on session b61931836d1c1d40e1ace3fd349a7357 to remote] DEBUG org.asynchttpclient.netty.request.NettyRequestSender - Using open Channel [id: 0xba39b0ef, L:/127.0.0.1:57149 - R:localhost/127.0.0.1:52937] for POST '/session/b61931836d1c1d40e1ace3fd349a7357/element/b11b9fb2-b361-4b41-b941-1e1c32c57770/click'
21:12:04.001 [AsyncHttpClient-1-1] DEBUG org.asynchttpclient.netty.channel.DefaultChannelPool - Entry count for : http://localhost:57150 : 1
21:12:04.046 [AsyncHttpClient-1-5] DEBUG org.asynchttpclient.netty.handler.HttpHandler - 

Request DefaultHttpRequest(decodeResult: success, version: HTTP/1.1)
POST /session/b61931836d1c1d40e1ace3fd349a7357/element/b11b9fb2-b361-4b41-b941-1e1c32c57770/click HTTP/1.1
User-Agent: selenium/4.1.2 (java windows)
Content-Length: 50
Content-Type: application/json; charset=utf-8
host: localhost:52937
accept: */*

Response DefaultHttpResponse(decodeResult: success, version: HTTP/1.1)
HTTP/1.1 200 OK
Content-Type: application/json; charset=utf-8
cache-control: no-cache
content-length: 14

21:12:04.047 [AsyncHttpClient-1-5] DEBUG org.asynchttpclient.netty.channel.ChannelManager - Adding key: http://localhost:52937 for channel [id: 0xba39b0ef, L:/127.0.0.1:57149 - R:localhost/127.0.0.1:52937]
21:12:04.052 [Forwarding screenshot on session b61931836d1c1d40e1ace3fd349a7357 to remote] DEBUG org.asynchttpclient.netty.request.NettyRequestSender - Using pooled Channel '[id: 0xba39b0ef, L:/127.0.0.1:57149 - R:localhost/127.0.0.1:52937]' for 'GET' to 'http://localhost:52937/session/b61931836d1c1d40e1ace3fd349a7357/screenshot'
21:12:04.053 [Forwarding screenshot on session b61931836d1c1d40e1ace3fd349a7357 to remote] DEBUG org.asynchttpclient.netty.request.NettyRequestSender - Using open Channel [id: 0xba39b0ef, L:/127.0.0.1:57149 - R:localhost/127.0.0.1:52937] for GET '/session/b61931836d1c1d40e1ace3fd349a7357/screenshot'
21:12:05.091 [AsyncHttpClient-1-1] DEBUG org.asynchttpclient.netty.channel.DefaultChannelPool - Entry count for : http://localhost:57150 : 1
21:12:05.716 [AsyncHttpClient-1-5] DEBUG org.asynchttpclient.netty.handler.HttpHandler - 

Request DefaultFullHttpRequest(decodeResult: success, version: HTTP/1.1, content: EmptyByteBufBE)
GET /session/b61931836d1c1d40e1ace3fd349a7357/screenshot HTTP/1.1
User-Agent: selenium/4.1.2 (java windows)
Cache-Control: no-cache
Content-Type: application/json; charset=utf-8
host: localhost:52937
accept: */*

Response DefaultHttpResponse(decodeResult: success, version: HTTP/1.1)
HTTP/1.1 200 OK
Content-Type: application/json; charset=utf-8
cache-control: no-cache
content-length: 30348

21:12:05.717 [AsyncHttpClient-1-5] DEBUG org.asynchttpclient.netty.channel.ChannelManager - Adding key: http://localhost:52937 for channel [id: 0xba39b0ef, L:/127.0.0.1:57149 - R:localhost/127.0.0.1:52937]
21:12:05.724 [main] DEBUG net.serenitybdd.core.photography.Darkroom - Send negative for processing for target\site\serenity\1d3f1406d3c9cd77360727df4e608eed7869c9741186a385c085a01129310d49.png
21:12:05.724 [main] DEBUG net.thucydides.core.steps.StepInterceptor - STEP DONE: clickLoginButton
  &amp#27;[32mAnd &amp#27;[0m&amp#27;[32mi click login button&amp#27;[0m                        &amp#27;[90m# starter.stepdefenitions.LoginSteps.clickLoginButton()&amp#27;[0m
21:12:05.724 [Darkroom Processing Line] DEBUG net.serenitybdd.core.photography.DarkroomProcessingLine - Processing screenshot image in /var/screenshots/screenshot-4003035504486340736
21:12:05.726 [Darkroom Processing Line] DEBUG net.serenitybdd.core.photography.DarkroomProcessingLine - Saving screenshot to target\site\serenity\1d3f1406d3c9cd77360727df4e608eed7869c9741186a385c085a01129310d49.png
21:12:05.761 [main] DEBUG net.thucydides.core.steps.StepInterceptor - STARTING STEP: LoginSteps.successLogin - validationOnHomepage
21:12:05.768 [Forwarding findElement on session b61931836d1c1d40e1ace3fd349a7357 to remote] DEBUG org.asynchttpclient.netty.request.NettyRequestSender - Using pooled Channel '[id: 0xba39b0ef, L:/127.0.0.1:57149 - R:localhost/127.0.0.1:52937]' for 'POST' to 'http://localhost:52937/session/b61931836d1c1d40e1ace3fd349a7357/element'
21:12:05.768 [Forwarding findElement on session b61931836d1c1d40e1ace3fd349a7357 to remote] DEBUG org.asynchttpclient.netty.request.NettyRequestSender - Using open Channel [id: 0xba39b0ef, L:/127.0.0.1:57149 - R:localhost/127.0.0.1:52937] for POST '/session/b61931836d1c1d40e1ace3fd349a7357/element'
21:12:05.778 [AsyncHttpClient-1-5] DEBUG org.asynchttpclient.netty.handler.HttpHandler - 

Request DefaultHttpRequest(decodeResult: success, version: HTTP/1.1)
POST /session/b61931836d1c1d40e1ace3fd349a7357/element HTTP/1.1
User-Agent: selenium/4.1.2 (java windows)
Content-Length: 53
Content-Type: application/json; charset=utf-8
host: localhost:52937
accept: */*

Response DefaultHttpResponse(decodeResult: success, version: HTTP/1.1)
HTTP/1.1 400 Bad Request
Content-Type: application/json; charset=utf-8
cache-control: no-cache
content-length: 957

21:12:05.779 [AsyncHttpClient-1-5] DEBUG org.asynchttpclient.netty.channel.ChannelManager - Adding key: http://localhost:52937 for channel [id: 0xba39b0ef, L:/127.0.0.1:57149 - R:localhost/127.0.0.1:52937]
21:12:05.790 [Forwarding findElement on session b61931836d1c1d40e1ace3fd349a7357 to remote] DEBUG org.asynchttpclient.netty.request.NettyRequestSender - Using pooled Channel '[id: 0xba39b0ef, L:/127.0.0.1:57149 - R:localhost/127.0.0.1:52937]' for 'POST' to 'http://localhost:52937/session/b61931836d1c1d40e1ace3fd349a7357/element'
21:12:05.790 [Forwarding findElement on session b61931836d1c1d40e1ace3fd349a7357 to remote] DEBUG org.asynchttpclient.netty.request.NettyRequestSender - Using open Channel [id: 0xba39b0ef, L:/127.0.0.1:57149 - R:localhost/127.0.0.1:52937] for POST '/session/b61931836d1c1d40e1ace3fd349a7357/element'
21:12:05.810 [AsyncHttpClient-1-5] DEBUG org.asynchttpclient.netty.handler.HttpHandler - 

Request DefaultHttpRequest(decodeResult: success, version: HTTP/1.1)
POST /session/b61931836d1c1d40e1ace3fd349a7357/element HTTP/1.1
User-Agent: selenium/4.1.2 (java windows)
Content-Length: 63
Content-Type: application/json; charset=utf-8
host: localhost:52937
accept: */*

Response DefaultHttpResponse(decodeResult: success, version: HTTP/1.1)
HTTP/1.1 200 OK
Content-Type: application/json; charset=utf-8
cache-control: no-cache
content-length: 88

21:12:05.810 [AsyncHttpClient-1-5] DEBUG org.asynchttpclient.netty.channel.ChannelManager - Adding key: http://localhost:52937 for channel [id: 0xba39b0ef, L:/127.0.0.1:57149 - R:localhost/127.0.0.1:52937]
21:12:05.820 [Forwarding isElementDisplayed on session b61931836d1c1d40e1ace3fd349a7357 to remote] DEBUG org.asynchttpclient.netty.request.NettyRequestSender - Using pooled Channel '[id: 0xba39b0ef, L:/127.0.0.1:57149 - R:localhost/127.0.0.1:52937]' for 'POST' to 'http://localhost:52937/session/b61931836d1c1d40e1ace3fd349a7357/execute/sync'
21:12:05.821 [Forwarding isElementDisplayed on session b61931836d1c1d40e1ace3fd349a7357 to remote] DEBUG org.asynchttpclient.netty.request.NettyRequestSender - Using open Channel [id: 0xba39b0ef, L:/127.0.0.1:57149 - R:localhost/127.0.0.1:52937] for POST '/session/b61931836d1c1d40e1ace3fd349a7357/execute/sync'
21:12:05.842 [AsyncHttpClient-1-5] DEBUG org.asynchttpclient.netty.handler.HttpHandler - 

Request DefaultHttpRequest(decodeResult: success, version: HTTP/1.1)
POST /session/b61931836d1c1d40e1ace3fd349a7357/execute/sync HTTP/1.1
User-Agent: selenium/4.1.2 (java windows)
Content-Length: 48780
Content-Type: application/json; charset=utf-8
host: localhost:52937
accept: */*

Response DefaultHttpResponse(decodeResult: success, version: HTTP/1.1)
HTTP/1.1 200 OK
Content-Type: application/json; charset=utf-8
cache-control: no-cache
content-length: 14

21:12:05.842 [AsyncHttpClient-1-5] DEBUG org.asynchttpclient.netty.channel.ChannelManager - Adding key: http://localhost:52937 for channel [id: 0xba39b0ef, L:/127.0.0.1:57149 - R:localhost/127.0.0.1:52937]
21:12:05.848 [Forwarding screenshot on session b61931836d1c1d40e1ace3fd349a7357 to remote] DEBUG org.asynchttpclient.netty.request.NettyRequestSender - Using pooled Channel '[id: 0xba39b0ef, L:/127.0.0.1:57149 - R:localhost/127.0.0.1:52937]' for 'GET' to 'http://localhost:52937/session/b61931836d1c1d40e1ace3fd349a7357/screenshot'
21:12:05.848 [Forwarding screenshot on session b61931836d1c1d40e1ace3fd349a7357 to remote] DEBUG org.asynchttpclient.netty.request.NettyRequestSender - Using open Channel [id: 0xba39b0ef, L:/127.0.0.1:57149 - R:localhost/127.0.0.1:52937] for GET '/session/b61931836d1c1d40e1ace3fd349a7357/screenshot'
21:12:06.030 [AsyncHttpClient-1-5] DEBUG org.asynchttpclient.netty.handler.HttpHandler - 

Request DefaultFullHttpRequest(decodeResult: success, version: HTTP/1.1, content: EmptyByteBufBE)
GET /session/b61931836d1c1d40e1ace3fd349a7357/screenshot HTTP/1.1
User-Agent: selenium/4.1.2 (java windows)
Cache-Control: no-cache
Content-Type: application/json; charset=utf-8
host: localhost:52937
accept: */*

Response DefaultHttpResponse(decodeResult: success, version: HTTP/1.1)
HTTP/1.1 200 OK
Content-Type: application/json; charset=utf-8
cache-control: no-cache
content-length: 27536

21:12:06.030 [AsyncHttpClient-1-5] DEBUG org.asynchttpclient.netty.channel.ChannelManager - Adding key: http://localhost:52937 for channel [id: 0xba39b0ef, L:/127.0.0.1:57149 - R:localhost/127.0.0.1:52937]
21:12:06.038 [main] DEBUG net.serenitybdd.core.photography.Darkroom - Send negative for processing for target\site\serenity\35fd549402e3c5ec2acd5a49b96f6461d1479830ae8a0e254fff00fbf403cf53.png
21:12:06.039 [main] DEBUG net.thucydides.core.steps.StepInterceptor - STEP DONE: validationOnHomepage
  &amp#27;[32mThen &amp#27;[0m&amp#27;[32mi success login&amp#27;[0m                            &amp#27;[90m# starter.stepdefenitions.LoginSteps.successLogin()&amp#27;[0m
21:12:06.040 [Darkroom Processing Line] DEBUG net.serenitybdd.core.photography.DarkroomProcessingLine - Processing screenshot image in /var/screenshots/screenshot-595156019330920434
21:12:06.040 [Darkroom Processing Line] DEBUG net.serenitybdd.core.photography.DarkroomProcessingLine - Saving screenshot to target\site\serenity\35fd549402e3c5ec2acd5a49b96f6461d1479830ae8a0e254fff00fbf403cf53.png
21:12:06.048 [main] INFO  - 
  _____   ___   ___   _____     ___     _     ___   ___   ___   ___  
 |_   _| | __| / __| |_   _|   | _ \   /_\   / __| / __| | __| |   \ 
   | |   | _|  \__ \   | |     |  _/  / _ \  \__ \ \__ \ | _|  | |) |
   |_|   |___| |___/   |_|     |_|   /_/ \_\ |___/ |___/ |___| |___/ 

As user i have be able to success login
----------------------------------------------------------------------
21:12:06.051 [AsyncHttpClient-1-7] DEBUG org.asynchttpclient.netty.handler.WebSocketHandler - Channel Closed: [id: 0xa0c2c36e, L:/127.0.0.1:57157 ! R:localhost/127.0.0.1:57150] with attribute NettyResponseFuture{currentRetry=5,
	isDone=1,
	isCancelled=0,
	asyncHandler=org.asynchttpclient.ws.WebSocketUpgradeHandler@600c2e4a,
	nettyRequest=org.asynchttpclient.netty.request.NettyRequest@250eac2f,
	future=java.util.concurrent.CompletableFuture@6d9be021[Completed normally],
	uri=ws://localhost:57150/devtools/browser/f4d0868f-79cf-45c1-884f-df7f974a5449,
	keepAlive=true,
	redirectCount=0,
	timeoutsHolder=null,
	inAuth=0,
	touch=1652796712666}
21:12:06.052 [AsyncHttpClient-1-7] DEBUG org.asynchttpclient.netty.channel.ChannelManager - Closing Channel [id: 0xa0c2c36e, L:/127.0.0.1:57157 ! R:localhost/127.0.0.1:57150] 
21:12:06.052 [Driver Command Executor] DEBUG org.asynchttpclient.netty.request.NettyRequestSender - Using pooled Channel '[id: 0xba39b0ef, L:/127.0.0.1:57149 - R:localhost/127.0.0.1:52937]' for 'DELETE' to 'http://localhost:52937/session/b61931836d1c1d40e1ace3fd349a7357'
21:12:06.052 [Driver Command Executor] DEBUG org.asynchttpclient.netty.request.NettyRequestSender - Using open Channel [id: 0xba39b0ef, L:/127.0.0.1:57149 - R:localhost/127.0.0.1:52937] for DELETE '/session/b61931836d1c1d40e1ace3fd349a7357'
21:12:06.171 [AsyncHttpClient-1-6] DEBUG org.asynchttpclient.netty.handler.HttpHandler - Unexpected I/O exception on channel [id: 0x71f2b553, L:/127.0.0.1:57156 - R:localhost/127.0.0.1:57150]
java.io.IOException: An existing connection was forcibly closed by the remote host
	at sun.nio.ch.SocketDispatcher.read0(Native Method)
	at sun.nio.ch.SocketDispatcher.read(SocketDispatcher.java:43)
	at sun.nio.ch.IOUtil.readIntoNativeBuffer(IOUtil.java:223)
	at sun.nio.ch.IOUtil.read(IOUtil.java:192)
	at sun.nio.ch.SocketChannelImpl.read(SocketChannelImpl.java:378)
	at io.netty.buffer.PooledByteBuf.setBytes(PooledByteBuf.java:258)
	at io.netty.buffer.AbstractByteBuf.writeBytes(AbstractByteBuf.java:1132)
	at io.netty.channel.socket.nio.NioSocketChannel.doReadBytes(NioSocketChannel.java:350)
	at io.netty.channel.nio.AbstractNioByteChannel$NioByteUnsafe.read(AbstractNioByteChannel.java:151)
	at io.netty.channel.nio.NioEventLoop.processSelectedKey(NioEventLoop.java:722)
	at io.netty.channel.nio.NioEventLoop.processSelectedKeysOptimized(NioEventLoop.java:658)
	at io.netty.channel.nio.NioEventLoop.processSelectedKeys(NioEventLoop.java:584)
	at io.netty.channel.nio.NioEventLoop.run(NioEventLoop.java:496)
	at io.netty.util.concurrent.SingleThreadEventExecutor$4.run(SingleThreadEventExecutor.java:986)
	at io.netty.util.internal.ThreadExecutorMap$2.run(ThreadExecutorMap.java:74)
	at io.netty.util.concurrent.FastThreadLocalRunnable.run(FastThreadLocalRunnable.java:30)
	at java.lang.Thread.run(Thread.java:750)
21:12:06.171 [AsyncHttpClient-1-6] DEBUG org.asynchttpclient.netty.channel.ChannelManager - Closing Channel [id: 0x71f2b553, L:/127.0.0.1:57156 - R:localhost/127.0.0.1:57150] 
21:12:06.171 [AsyncHttpClient-1-6] DEBUG org.asynchttpclient.netty.handler.HttpHandler - Channel Closed: [id: 0x71f2b553, L:/127.0.0.1:57156 ! R:localhost/127.0.0.1:57150] with attribute DISCARD
21:12:06.193 [AsyncHttpClient-1-1] DEBUG org.asynchttpclient.netty.channel.DefaultChannelPool - Entry count for : http://localhost:57150 : 1
21:12:06.193 [AsyncHttpClient-1-1] DEBUG org.asynchttpclient.netty.channel.DefaultChannelPool - Adding Candidate expired Channel [id: 0x71f2b553, L:/127.0.0.1:57156 ! R:localhost/127.0.0.1:57150] isIdleTimeoutExpired=false isRemotelyClosed=true isTtlExpired=false
21:12:06.193 [AsyncHttpClient-1-1] DEBUG org.asynchttpclient.netty.channel.DefaultChannelPool - Closing Idle Channel [id: 0x71f2b553, L:/127.0.0.1:57156 ! R:localhost/127.0.0.1:57150]
21:12:06.193 [AsyncHttpClient-1-1] DEBUG org.asynchttpclient.netty.channel.DefaultChannelPool - Closed 1 connections out of 1 in 0 ms
21:12:06.202 [AsyncHttpClient-1-5] DEBUG org.asynchttpclient.netty.handler.HttpHandler - 

Request DefaultFullHttpRequest(decodeResult: success, version: HTTP/1.1, content: EmptyByteBufBE)
DELETE /session/b61931836d1c1d40e1ace3fd349a7357 HTTP/1.1
User-Agent: selenium/4.1.2 (java windows)
Content-Type: application/json; charset=utf-8
host: localhost:52937
accept: */*

Response DefaultHttpResponse(decodeResult: success, version: HTTP/1.1)
HTTP/1.1 200 OK
Content-Type: application/json; charset=utf-8
cache-control: no-cache
content-length: 14

21:12:06.202 [AsyncHttpClient-1-5] DEBUG org.asynchttpclient.netty.channel.ChannelManager - Adding key: http://localhost:52937 for channel [id: 0xba39b0ef, L:/127.0.0.1:57149 - R:localhost/127.0.0.1:52937]
21:12:06.310 [AsyncHttpClient-1-5] DEBUG org.asynchttpclient.netty.handler.HttpHandler - Channel Closed: [id: 0xba39b0ef, L:/127.0.0.1:57149 ! R:localhost/127.0.0.1:52937] with attribute DISCARD
]]></system-out>
    <system-err><![CDATA[Starting ChromeDriver 100.0.4896.60 (6a5d10861ce8de5fce22564658033b43cb7de047-refs/branch-heads/4896@{#875}) on port 52937
Only local connections are allowed.
Please see https://chromedriver.chromium.org/security-considerations for suggestions on keeping ChromeDriver safe.
ChromeDriver was started successfully.
[1652796712.570][WARNING]: This version of ChromeDriver has not been tested with Chrome version 101.
May 17, 2022 9:11:52 PM org.openqa.selenium.remote.ProtocolHandshake createSession
INFO: Detected dialect: W3C
May 17, 2022 9:11:52 PM org.openqa.selenium.devtools.CdpVersionFinder findNearestMatch
WARNING: Unable to find an exact match for CDP version 101, so returning the closest version found: 97
May 17, 2022 9:11:52 PM org.openqa.selenium.devtools.CdpVersionFinder findNearestMatch
INFO: Found CDP implementation for version 101 of 97
]]></system-err>
  </testcase>
  <testcase name="As user i have failed to login with invalid password" classname="As user I want to login So that i can see home page" time="18.879">
    <system-out><![CDATA[
@login @negative
Scenario: As user i have failed to login with invalid password             &amp#27;[90m# src/test/resources/features/Login.feature:15&amp#27;[0m
21:12:06.902 [main] INFO io.cucumber.core.plugin.SerenityReporter - Running feature from file:///D:/github/QE_MUHAMMAD-ADIBASYAH/miniproject/web/src/test/resources/features/Login.feature
21:12:06.909 [main] INFO  - 
  _____   ___   ___   _____     ___   _____     _     ___   _____   ___   ___  
 |_   _| | __| / __| |_   _|   / __| |_   _|   /_\   | _ \ |_   _| | __| |   \ 
   | |   | _|  \__ \   | |     \__ \   | |    / _ \  |   /   | |   | _|  | |) |
   |_|   |___| |___/   |_|     |___/   |_|   /_/ \_\ |_|_\   |_|   |___| |___/ 

As user i have failed to login with invalid password(as-user-i-want-to-login-so-that-i-can-see-home-page;as-user-i-have-failed-to-login-with-invalid-password)
--------------------------------------------------------------------------------
21:12:06.951 [main] DEBUG net.thucydides.core.steps.StepInterceptor - STARTING STEP: LoginSteps.onLoginPage - openPage
21:12:06.955 [main] INFO net.serenitybdd.core.webdriver.driverproviders.ChromeDriverProvider - Using automatically driver download
21:12:07.133 [main] DEBUG io.github.bonigarcia.wdm.cache.ResolutionCache - Resolution chrome=101 in cache (valid until 22:11:26 17/05/2022 ICT)
21:12:07.138 [main] DEBUG io.github.bonigarcia.wdm.cache.ResolutionCache - Resolution chrome101=101.0.4951.41 in cache (valid until 18:44:33 18/05/2022 ICT)
21:12:07.141 [main] INFO io.github.bonigarcia.wdm.WebDriverManager - Using chromedriver 101.0.4951.41 (resolved driver for Chrome 101)
21:12:07.155 [main] DEBUG io.github.bonigarcia.wdm.WebDriverManager - Driver chromedriver 101.0.4951.41 found in cache
21:12:07.156 [main] INFO io.github.bonigarcia.wdm.WebDriverManager - Exporting webdriver.chrome.driver as C:\Users\Admin\.cache\selenium\chromedriver\win32\101.0.4951.41\chromedriver.exe
21:12:07.277 [main] DEBUG net.serenitybdd.core.webdriver.driverproviders.ProvideNewDriver - Instantiating driver
21:12:07.278 [main] DEBUG net.serenitybdd.core.webdriver.driverproviders.ProvideNewDriver - Driver capabilities: Capabilities {acceptInsecureCerts: false, base.url: https://qa.alta.id/, browserName: chrome, chrome.driver: src/test/resources/webdrive..., driver: chrome, goog:chromeOptions: {args: [], extensions: []}}
21:12:07.303 [AsyncHttpClient-1-1] DEBUG org.asynchttpclient.netty.channel.DefaultChannelPool - Entry count for : http://localhost:52937 : 1
21:12:07.303 [AsyncHttpClient-1-1] DEBUG org.asynchttpclient.netty.channel.DefaultChannelPool - Adding Candidate expired Channel [id: 0xba39b0ef, L:/127.0.0.1:57149 ! R:localhost/127.0.0.1:52937] isIdleTimeoutExpired=false isRemotelyClosed=true isTtlExpired=false
21:12:07.303 [AsyncHttpClient-1-1] DEBUG org.asynchttpclient.netty.channel.DefaultChannelPool - Closing Idle Channel [id: 0xba39b0ef, L:/127.0.0.1:57149 ! R:localhost/127.0.0.1:52937]
21:12:07.303 [AsyncHttpClient-1-1] DEBUG org.asynchttpclient.netty.channel.DefaultChannelPool - Closed 1 connections out of 1 in 0 ms
21:12:07.843 [AsyncHttpClient-1-8] DEBUG org.asynchttpclient.netty.channel.NettyConnectListener - Using new Channel '[id: 0xb5cb6b88, L:/127.0.0.1:57181 - R:localhost/127.0.0.1:64933]' for 'POST' to '/session'
21:12:09.120 [AsyncHttpClient-1-8] DEBUG org.asynchttpclient.netty.handler.HttpHandler - 

Request DefaultHttpRequest(decodeResult: success, version: HTTP/1.1)
POST /session HTTP/1.1
User-Agent: selenium/4.1.2 (java windows)
Content-Length: 605
Content-Type: application/json; charset=utf-8
host: localhost:64933
accept: */*

Response DefaultHttpResponse(decodeResult: success, version: HTTP/1.1)
HTTP/1.1 200 OK
Content-Type: application/json; charset=utf-8
cache-control: no-cache
content-length: 789

21:12:09.120 [AsyncHttpClient-1-8] DEBUG org.asynchttpclient.netty.channel.ChannelManager - Adding key: http://localhost:64933 for channel [id: 0xb5cb6b88, L:/127.0.0.1:57181 - R:localhost/127.0.0.1:64933]
21:12:09.159 [AsyncHttpClient-1-9] DEBUG org.asynchttpclient.netty.channel.NettyConnectListener - Using new Channel '[id: 0x792abd71, L:/127.0.0.1:57187 - R:localhost/127.0.0.1:57182]' for 'GET' to '/json/version'
21:12:09.163 [AsyncHttpClient-1-9] DEBUG org.asynchttpclient.netty.handler.HttpHandler - 

Request DefaultFullHttpRequest(decodeResult: success, version: HTTP/1.1, content: EmptyByteBufBE)
GET /json/version HTTP/1.1
User-Agent: selenium/4.1.2 (java windows)
host: localhost:57182
accept: */*

Response DefaultHttpResponse(decodeResult: success, version: HTTP/1.1)
HTTP/1.1 200 OK
Content-Type: application/json; charset=UTF-8
content-length: 427

21:12:09.164 [AsyncHttpClient-1-9] DEBUG org.asynchttpclient.netty.channel.ChannelManager - Adding key: http://localhost:57182 for channel [id: 0x792abd71, L:/127.0.0.1:57187 - R:localhost/127.0.0.1:57182]
21:12:09.189 [AsyncHttpClient-1-2] DEBUG org.asynchttpclient.netty.channel.NettyConnectListener - Using new Channel '[id: 0xffbd9bb1, L:/127.0.0.1:57188 - R:localhost/127.0.0.1:57182]' for 'GET' to '/devtools/browser/19c332cd-537e-4460-93da-671ff4984aca'
21:12:09.191 [AsyncHttpClient-1-2] DEBUG org.asynchttpclient.netty.handler.WebSocketHandler - 

Request DefaultFullHttpRequest(decodeResult: success, version: HTTP/1.1, content: EmptyByteBufBE)
GET /devtools/browser/19c332cd-537e-4460-93da-671ff4984aca HTTP/1.1
upgrade: websocket
connection: upgrade
sec-websocket-key: lK7VMy3oAJTQaaYq4zdpIA==
sec-websocket-version: 13
origin: http://localhost:57182
host: localhost:57182
accept: */*
user-agent: AHC/2.1

Response DefaultHttpResponse(decodeResult: success, version: HTTP/1.1)
HTTP/1.1 101 WebSocket Protocol Handshake
Upgrade: WebSocket
Connection: Upgrade
Sec-WebSocket-Accept: n3B+yyaramMx+tJ7Z5ZKfmaJBXo=

21:12:09.217 [Forwarding setCurrentWindowSize on session 01645f8417dae8d1f25133864487d121 to remote] DEBUG org.asynchttpclient.netty.request.NettyRequestSender - Using pooled Channel '[id: 0xb5cb6b88, L:/127.0.0.1:57181 - R:localhost/127.0.0.1:64933]' for 'POST' to 'http://localhost:64933/session/01645f8417dae8d1f25133864487d121/window/rect'
21:12:09.217 [Forwarding setCurrentWindowSize on session 01645f8417dae8d1f25133864487d121 to remote] DEBUG org.asynchttpclient.netty.request.NettyRequestSender - Using open Channel [id: 0xb5cb6b88, L:/127.0.0.1:57181 - R:localhost/127.0.0.1:64933] for POST '/session/01645f8417dae8d1f25133864487d121/window/rect'
21:12:09.342 [AsyncHttpClient-1-8] DEBUG org.asynchttpclient.netty.handler.HttpHandler - 

Request DefaultHttpRequest(decodeResult: success, version: HTTP/1.1)
POST /session/01645f8417dae8d1f25133864487d121/window/rect HTTP/1.1
User-Agent: selenium/4.1.2 (java windows)
Content-Length: 37
Content-Type: application/json; charset=utf-8
host: localhost:64933
accept: */*

Response DefaultHttpResponse(decodeResult: success, version: HTTP/1.1)
HTTP/1.1 200 OK
Content-Type: application/json; charset=utf-8
cache-control: no-cache
content-length: 51

21:12:09.342 [AsyncHttpClient-1-8] DEBUG org.asynchttpclient.netty.channel.ChannelManager - Adding key: http://localhost:64933 for channel [id: 0xb5cb6b88, L:/127.0.0.1:57181 - R:localhost/127.0.0.1:64933]
21:12:09.345 [Forwarding setWindowPosition on session 01645f8417dae8d1f25133864487d121 to remote] DEBUG org.asynchttpclient.netty.request.NettyRequestSender - Using pooled Channel '[id: 0xb5cb6b88, L:/127.0.0.1:57181 - R:localhost/127.0.0.1:64933]' for 'POST' to 'http://localhost:64933/session/01645f8417dae8d1f25133864487d121/window/rect'
21:12:09.345 [Forwarding setWindowPosition on session 01645f8417dae8d1f25133864487d121 to remote] DEBUG org.asynchttpclient.netty.request.NettyRequestSender - Using open Channel [id: 0xb5cb6b88, L:/127.0.0.1:57181 - R:localhost/127.0.0.1:64933] for POST '/session/01645f8417dae8d1f25133864487d121/window/rect'
21:12:09.468 [AsyncHttpClient-1-8] DEBUG org.asynchttpclient.netty.handler.HttpHandler - 

Request DefaultHttpRequest(decodeResult: success, version: HTTP/1.1)
POST /session/01645f8417dae8d1f25133864487d121/window/rect HTTP/1.1
User-Agent: selenium/4.1.2 (java windows)
Content-Length: 22
Content-Type: application/json; charset=utf-8
host: localhost:64933
accept: */*

Response DefaultHttpResponse(decodeResult: success, version: HTTP/1.1)
HTTP/1.1 200 OK
Content-Type: application/json; charset=utf-8
cache-control: no-cache
content-length: 49

21:12:09.468 [AsyncHttpClient-1-8] DEBUG org.asynchttpclient.netty.channel.ChannelManager - Adding key: http://localhost:64933 for channel [id: 0xb5cb6b88, L:/127.0.0.1:57181 - R:localhost/127.0.0.1:64933]
21:12:09.471 [Forwarding get on session 01645f8417dae8d1f25133864487d121 to remote] DEBUG org.asynchttpclient.netty.request.NettyRequestSender - Using pooled Channel '[id: 0xb5cb6b88, L:/127.0.0.1:57181 - R:localhost/127.0.0.1:64933]' for 'POST' to 'http://localhost:64933/session/01645f8417dae8d1f25133864487d121/url'
21:12:09.472 [Forwarding get on session 01645f8417dae8d1f25133864487d121 to remote] DEBUG org.asynchttpclient.netty.request.NettyRequestSender - Using open Channel [id: 0xb5cb6b88, L:/127.0.0.1:57181 - R:localhost/127.0.0.1:64933] for POST '/session/01645f8417dae8d1f25133864487d121/url'
21:12:09.497 [AsyncHttpClient-1-1] DEBUG org.asynchttpclient.netty.channel.DefaultChannelPool - Entry count for : http://localhost:57182 : 1
21:12:10.597 [AsyncHttpClient-1-1] DEBUG org.asynchttpclient.netty.channel.DefaultChannelPool - Entry count for : http://localhost:57182 : 1
21:12:11.691 [AsyncHttpClient-1-1] DEBUG org.asynchttpclient.netty.channel.DefaultChannelPool - Entry count for : http://localhost:57182 : 1
21:12:12.797 [AsyncHttpClient-1-1] DEBUG org.asynchttpclient.netty.channel.DefaultChannelPool - Entry count for : http://localhost:57182 : 1
21:12:13.894 [AsyncHttpClient-1-1] DEBUG org.asynchttpclient.netty.channel.DefaultChannelPool - Entry count for : http://localhost:57182 : 1
21:12:14.990 [AsyncHttpClient-1-1] DEBUG org.asynchttpclient.netty.channel.DefaultChannelPool - Entry count for : http://localhost:57182 : 1
21:12:16.091 [AsyncHttpClient-1-1] DEBUG org.asynchttpclient.netty.channel.DefaultChannelPool - Entry count for : http://localhost:57182 : 1
21:12:17.192 [AsyncHttpClient-1-1] DEBUG org.asynchttpclient.netty.channel.DefaultChannelPool - Entry count for : http://localhost:57182 : 1
21:12:18.312 [AsyncHttpClient-1-1] DEBUG org.asynchttpclient.netty.channel.DefaultChannelPool - Entry count for : http://localhost:57182 : 1
21:12:19.403 [AsyncHttpClient-1-1] DEBUG org.asynchttpclient.netty.channel.DefaultChannelPool - Entry count for : http://localhost:57182 : 1
21:12:19.412 [AsyncHttpClient-1-8] DEBUG org.asynchttpclient.netty.handler.HttpHandler - 

Request DefaultHttpRequest(decodeResult: success, version: HTTP/1.1)
POST /session/01645f8417dae8d1f25133864487d121/url HTTP/1.1
User-Agent: selenium/4.1.2 (java windows)
Content-Length: 49
Content-Type: application/json; charset=utf-8
host: localhost:64933
accept: */*

Response DefaultHttpResponse(decodeResult: success, version: HTTP/1.1)
HTTP/1.1 200 OK
Content-Type: application/json; charset=utf-8
cache-control: no-cache
content-length: 14

21:12:19.413 [AsyncHttpClient-1-8] DEBUG org.asynchttpclient.netty.channel.ChannelManager - Adding key: http://localhost:64933 for channel [id: 0xb5cb6b88, L:/127.0.0.1:57181 - R:localhost/127.0.0.1:64933]
21:12:19.414 [Forwarding setTimeout on session 01645f8417dae8d1f25133864487d121 to remote] DEBUG org.asynchttpclient.netty.request.NettyRequestSender - Using pooled Channel '[id: 0xb5cb6b88, L:/127.0.0.1:57181 - R:localhost/127.0.0.1:64933]' for 'POST' to 'http://localhost:64933/session/01645f8417dae8d1f25133864487d121/timeouts'
21:12:19.414 [Forwarding setTimeout on session 01645f8417dae8d1f25133864487d121 to remote] DEBUG org.asynchttpclient.netty.request.NettyRequestSender - Using open Channel [id: 0xb5cb6b88, L:/127.0.0.1:57181 - R:localhost/127.0.0.1:64933] for POST '/session/01645f8417dae8d1f25133864487d121/timeouts'
21:12:19.418 [AsyncHttpClient-1-8] DEBUG org.asynchttpclient.netty.handler.HttpHandler - 

Request DefaultHttpRequest(decodeResult: success, version: HTTP/1.1)
POST /session/01645f8417dae8d1f25133864487d121/timeouts HTTP/1.1
User-Agent: selenium/4.1.2 (java windows)
Content-Length: 22
Content-Type: application/json; charset=utf-8
host: localhost:64933
accept: */*

Response DefaultHttpResponse(decodeResult: success, version: HTTP/1.1)
HTTP/1.1 200 OK
Content-Type: application/json; charset=utf-8
cache-control: no-cache
content-length: 14

21:12:19.419 [AsyncHttpClient-1-8] DEBUG org.asynchttpclient.netty.channel.ChannelManager - Adding key: http://localhost:64933 for channel [id: 0xb5cb6b88, L:/127.0.0.1:57181 - R:localhost/127.0.0.1:64933]
21:12:19.425 [Forwarding getCurrentUrl on session 01645f8417dae8d1f25133864487d121 to remote] DEBUG org.asynchttpclient.netty.request.NettyRequestSender - Using pooled Channel '[id: 0xb5cb6b88, L:/127.0.0.1:57181 - R:localhost/127.0.0.1:64933]' for 'GET' to 'http://localhost:64933/session/01645f8417dae8d1f25133864487d121/url'
21:12:19.425 [Forwarding getCurrentUrl on session 01645f8417dae8d1f25133864487d121 to remote] DEBUG org.asynchttpclient.netty.request.NettyRequestSender - Using open Channel [id: 0xb5cb6b88, L:/127.0.0.1:57181 - R:localhost/127.0.0.1:64933] for GET '/session/01645f8417dae8d1f25133864487d121/url'
21:12:19.439 [AsyncHttpClient-1-8] DEBUG org.asynchttpclient.netty.handler.HttpHandler - 

Request DefaultFullHttpRequest(decodeResult: success, version: HTTP/1.1, content: EmptyByteBufBE)
GET /session/01645f8417dae8d1f25133864487d121/url HTTP/1.1
User-Agent: selenium/4.1.2 (java windows)
Cache-Control: no-cache
Content-Type: application/json; charset=utf-8
host: localhost:64933
accept: */*

Response DefaultHttpResponse(decodeResult: success, version: HTTP/1.1)
HTTP/1.1 200 OK
Content-Type: application/json; charset=utf-8
cache-control: no-cache
content-length: 31

21:12:19.439 [AsyncHttpClient-1-8] DEBUG org.asynchttpclient.netty.channel.ChannelManager - Adding key: http://localhost:64933 for channel [id: 0xb5cb6b88, L:/127.0.0.1:57181 - R:localhost/127.0.0.1:64933]
21:12:19.449 [Forwarding getCurrentUrl on session 01645f8417dae8d1f25133864487d121 to remote] DEBUG org.asynchttpclient.netty.request.NettyRequestSender - Using pooled Channel '[id: 0xb5cb6b88, L:/127.0.0.1:57181 - R:localhost/127.0.0.1:64933]' for 'GET' to 'http://localhost:64933/session/01645f8417dae8d1f25133864487d121/url'
21:12:19.449 [Forwarding getCurrentUrl on session 01645f8417dae8d1f25133864487d121 to remote] DEBUG org.asynchttpclient.netty.request.NettyRequestSender - Using open Channel [id: 0xb5cb6b88, L:/127.0.0.1:57181 - R:localhost/127.0.0.1:64933] for GET '/session/01645f8417dae8d1f25133864487d121/url'
21:12:19.454 [AsyncHttpClient-1-8] DEBUG org.asynchttpclient.netty.handler.HttpHandler - 

Request DefaultFullHttpRequest(decodeResult: success, version: HTTP/1.1, content: EmptyByteBufBE)
GET /session/01645f8417dae8d1f25133864487d121/url HTTP/1.1
User-Agent: selenium/4.1.2 (java windows)
Cache-Control: no-cache
Content-Type: application/json; charset=utf-8
host: localhost:64933
accept: */*

Response DefaultHttpResponse(decodeResult: success, version: HTTP/1.1)
HTTP/1.1 200 OK
Content-Type: application/json; charset=utf-8
cache-control: no-cache
content-length: 31

21:12:19.454 [AsyncHttpClient-1-8] DEBUG org.asynchttpclient.netty.channel.ChannelManager - Adding key: http://localhost:64933 for channel [id: 0xb5cb6b88, L:/127.0.0.1:57181 - R:localhost/127.0.0.1:64933]
21:12:19.471 [Forwarding screenshot on session 01645f8417dae8d1f25133864487d121 to remote] DEBUG org.asynchttpclient.netty.request.NettyRequestSender - Using pooled Channel '[id: 0xb5cb6b88, L:/127.0.0.1:57181 - R:localhost/127.0.0.1:64933]' for 'GET' to 'http://localhost:64933/session/01645f8417dae8d1f25133864487d121/screenshot'
21:12:19.471 [Forwarding screenshot on session 01645f8417dae8d1f25133864487d121 to remote] DEBUG org.asynchttpclient.netty.request.NettyRequestSender - Using open Channel [id: 0xb5cb6b88, L:/127.0.0.1:57181 - R:localhost/127.0.0.1:64933] for GET '/session/01645f8417dae8d1f25133864487d121/screenshot'
21:12:19.676 [AsyncHttpClient-1-8] DEBUG org.asynchttpclient.netty.handler.HttpHandler - 

Request DefaultFullHttpRequest(decodeResult: success, version: HTTP/1.1, content: EmptyByteBufBE)
GET /session/01645f8417dae8d1f25133864487d121/screenshot HTTP/1.1
User-Agent: selenium/4.1.2 (java windows)
Cache-Control: no-cache
Content-Type: application/json; charset=utf-8
host: localhost:64933
accept: */*

Response DefaultHttpResponse(decodeResult: success, version: HTTP/1.1)
HTTP/1.1 200 OK
Content-Type: application/json; charset=utf-8
cache-control: no-cache
content-length: 25220

21:12:19.677 [AsyncHttpClient-1-8] DEBUG org.asynchttpclient.netty.channel.ChannelManager - Adding key: http://localhost:64933 for channel [id: 0xb5cb6b88, L:/127.0.0.1:57181 - R:localhost/127.0.0.1:64933]
21:12:19.682 [main] DEBUG net.serenitybdd.core.photography.Darkroom - Send negative for processing for target\site\serenity\ad70e04c96383fbcec7bbe25f3da2f839ee261ad32bb7deac690ceeeb6de260b.png
21:12:19.683 [main] DEBUG net.thucydides.core.steps.StepInterceptor - STEP DONE: openPage
21:12:19.683 [Darkroom Processing Line] DEBUG net.serenitybdd.core.photography.DarkroomProcessingLine - Processing screenshot image in /var/screenshots/screenshot-9047166235802217490
21:12:19.683 [Darkroom Processing Line] DEBUG net.serenitybdd.core.photography.DarkroomProcessingLine - Saving screenshot to target\site\serenity\ad70e04c96383fbcec7bbe25f3da2f839ee261ad32bb7deac690ceeeb6de260b.png
21:12:19.693 [main] DEBUG net.thucydides.core.steps.StepInterceptor - STARTING STEP: LoginSteps.onLoginPage - clickLoginIcon
21:12:19.702 [Forwarding findElement on session 01645f8417dae8d1f25133864487d121 to remote] DEBUG org.asynchttpclient.netty.request.NettyRequestSender - Using pooled Channel '[id: 0xb5cb6b88, L:/127.0.0.1:57181 - R:localhost/127.0.0.1:64933]' for 'POST' to 'http://localhost:64933/session/01645f8417dae8d1f25133864487d121/element'
21:12:19.702 [Forwarding findElement on session 01645f8417dae8d1f25133864487d121 to remote] DEBUG org.asynchttpclient.netty.request.NettyRequestSender - Using open Channel [id: 0xb5cb6b88, L:/127.0.0.1:57181 - R:localhost/127.0.0.1:64933] for POST '/session/01645f8417dae8d1f25133864487d121/element'
21:12:19.722 [AsyncHttpClient-1-8] DEBUG org.asynchttpclient.netty.handler.HttpHandler - 

Request DefaultHttpRequest(decodeResult: success, version: HTTP/1.1)
POST /session/01645f8417dae8d1f25133864487d121/element HTTP/1.1
User-Agent: selenium/4.1.2 (java windows)
Content-Length: 129
Content-Type: application/json; charset=utf-8
host: localhost:64933
accept: */*

Response DefaultHttpResponse(decodeResult: success, version: HTTP/1.1)
HTTP/1.1 200 OK
Content-Type: application/json; charset=utf-8
cache-control: no-cache
content-length: 88

21:12:19.722 [AsyncHttpClient-1-8] DEBUG org.asynchttpclient.netty.channel.ChannelManager - Adding key: http://localhost:64933 for channel [id: 0xb5cb6b88, L:/127.0.0.1:57181 - R:localhost/127.0.0.1:64933]
21:12:19.725 [Forwarding getElementTagName on session 01645f8417dae8d1f25133864487d121 to remote] DEBUG org.asynchttpclient.netty.request.NettyRequestSender - Using pooled Channel '[id: 0xb5cb6b88, L:/127.0.0.1:57181 - R:localhost/127.0.0.1:64933]' for 'GET' to 'http://localhost:64933/session/01645f8417dae8d1f25133864487d121/element/3f826f98-1b1a-4dfc-9c13-991833b5228c/name'
21:12:19.725 [Forwarding getElementTagName on session 01645f8417dae8d1f25133864487d121 to remote] DEBUG org.asynchttpclient.netty.request.NettyRequestSender - Using open Channel [id: 0xb5cb6b88, L:/127.0.0.1:57181 - R:localhost/127.0.0.1:64933] for GET '/session/01645f8417dae8d1f25133864487d121/element/3f826f98-1b1a-4dfc-9c13-991833b5228c/name'
21:12:19.732 [AsyncHttpClient-1-8] DEBUG org.asynchttpclient.netty.handler.HttpHandler - 

Request DefaultFullHttpRequest(decodeResult: success, version: HTTP/1.1, content: EmptyByteBufBE)
GET /session/01645f8417dae8d1f25133864487d121/element/3f826f98-1b1a-4dfc-9c13-991833b5228c/name HTTP/1.1
User-Agent: selenium/4.1.2 (java windows)
Cache-Control: no-cache
Content-Type: application/json; charset=utf-8
host: localhost:64933
accept: */*

Response DefaultHttpResponse(decodeResult: success, version: HTTP/1.1)
HTTP/1.1 200 OK
Content-Type: application/json; charset=utf-8
cache-control: no-cache
content-length: 18

21:12:19.732 [AsyncHttpClient-1-8] DEBUG org.asynchttpclient.netty.channel.ChannelManager - Adding key: http://localhost:64933 for channel [id: 0xb5cb6b88, L:/127.0.0.1:57181 - R:localhost/127.0.0.1:64933]
21:12:19.734 [Forwarding getElementTagName on session 01645f8417dae8d1f25133864487d121 to remote] DEBUG org.asynchttpclient.netty.request.NettyRequestSender - Using pooled Channel '[id: 0xb5cb6b88, L:/127.0.0.1:57181 - R:localhost/127.0.0.1:64933]' for 'GET' to 'http://localhost:64933/session/01645f8417dae8d1f25133864487d121/element/3f826f98-1b1a-4dfc-9c13-991833b5228c/name'
21:12:19.734 [Forwarding getElementTagName on session 01645f8417dae8d1f25133864487d121 to remote] DEBUG org.asynchttpclient.netty.request.NettyRequestSender - Using open Channel [id: 0xb5cb6b88, L:/127.0.0.1:57181 - R:localhost/127.0.0.1:64933] for GET '/session/01645f8417dae8d1f25133864487d121/element/3f826f98-1b1a-4dfc-9c13-991833b5228c/name'
21:12:19.738 [AsyncHttpClient-1-8] DEBUG org.asynchttpclient.netty.handler.HttpHandler - 

Request DefaultFullHttpRequest(decodeResult: success, version: HTTP/1.1, content: EmptyByteBufBE)
GET /session/01645f8417dae8d1f25133864487d121/element/3f826f98-1b1a-4dfc-9c13-991833b5228c/name HTTP/1.1
User-Agent: selenium/4.1.2 (java windows)
Cache-Control: no-cache
Content-Type: application/json; charset=utf-8
host: localhost:64933
accept: */*

Response DefaultHttpResponse(decodeResult: success, version: HTTP/1.1)
HTTP/1.1 200 OK
Content-Type: application/json; charset=utf-8
cache-control: no-cache
content-length: 18

21:12:19.739 [AsyncHttpClient-1-8] DEBUG org.asynchttpclient.netty.channel.ChannelManager - Adding key: http://localhost:64933 for channel [id: 0xb5cb6b88, L:/127.0.0.1:57181 - R:localhost/127.0.0.1:64933]
21:12:19.746 [Forwarding isElementEnabled on session 01645f8417dae8d1f25133864487d121 to remote] DEBUG org.asynchttpclient.netty.request.NettyRequestSender - Using pooled Channel '[id: 0xb5cb6b88, L:/127.0.0.1:57181 - R:localhost/127.0.0.1:64933]' for 'GET' to 'http://localhost:64933/session/01645f8417dae8d1f25133864487d121/element/3f826f98-1b1a-4dfc-9c13-991833b5228c/enabled'
21:12:19.747 [Forwarding isElementEnabled on session 01645f8417dae8d1f25133864487d121 to remote] DEBUG org.asynchttpclient.netty.request.NettyRequestSender - Using open Channel [id: 0xb5cb6b88, L:/127.0.0.1:57181 - R:localhost/127.0.0.1:64933] for GET '/session/01645f8417dae8d1f25133864487d121/element/3f826f98-1b1a-4dfc-9c13-991833b5228c/enabled'
21:12:19.757 [AsyncHttpClient-1-8] DEBUG org.asynchttpclient.netty.handler.HttpHandler - 

Request DefaultFullHttpRequest(decodeResult: success, version: HTTP/1.1, content: EmptyByteBufBE)
GET /session/01645f8417dae8d1f25133864487d121/element/3f826f98-1b1a-4dfc-9c13-991833b5228c/enabled HTTP/1.1
User-Agent: selenium/4.1.2 (java windows)
Cache-Control: no-cache
Content-Type: application/json; charset=utf-8
host: localhost:64933
accept: */*

Response DefaultHttpResponse(decodeResult: success, version: HTTP/1.1)
HTTP/1.1 200 OK
Content-Type: application/json; charset=utf-8
cache-control: no-cache
content-length: 14

21:12:19.757 [AsyncHttpClient-1-8] DEBUG org.asynchttpclient.netty.channel.ChannelManager - Adding key: http://localhost:64933 for channel [id: 0xb5cb6b88, L:/127.0.0.1:57181 - R:localhost/127.0.0.1:64933]
21:12:19.765 [Forwarding isElementEnabled on session 01645f8417dae8d1f25133864487d121 to remote] DEBUG org.asynchttpclient.netty.request.NettyRequestSender - Using pooled Channel '[id: 0xb5cb6b88, L:/127.0.0.1:57181 - R:localhost/127.0.0.1:64933]' for 'GET' to 'http://localhost:64933/session/01645f8417dae8d1f25133864487d121/element/3f826f98-1b1a-4dfc-9c13-991833b5228c/enabled'
21:12:19.766 [Forwarding isElementEnabled on session 01645f8417dae8d1f25133864487d121 to remote] DEBUG org.asynchttpclient.netty.request.NettyRequestSender - Using open Channel [id: 0xb5cb6b88, L:/127.0.0.1:57181 - R:localhost/127.0.0.1:64933] for GET '/session/01645f8417dae8d1f25133864487d121/element/3f826f98-1b1a-4dfc-9c13-991833b5228c/enabled'
21:12:19.775 [AsyncHttpClient-1-8] DEBUG org.asynchttpclient.netty.handler.HttpHandler - 

Request DefaultFullHttpRequest(decodeResult: success, version: HTTP/1.1, content: EmptyByteBufBE)
GET /session/01645f8417dae8d1f25133864487d121/element/3f826f98-1b1a-4dfc-9c13-991833b5228c/enabled HTTP/1.1
User-Agent: selenium/4.1.2 (java windows)
Cache-Control: no-cache
Content-Type: application/json; charset=utf-8
host: localhost:64933
accept: */*

Response DefaultHttpResponse(decodeResult: success, version: HTTP/1.1)
HTTP/1.1 200 OK
Content-Type: application/json; charset=utf-8
cache-control: no-cache
content-length: 14

21:12:19.775 [AsyncHttpClient-1-8] DEBUG org.asynchttpclient.netty.channel.ChannelManager - Adding key: http://localhost:64933 for channel [id: 0xb5cb6b88, L:/127.0.0.1:57181 - R:localhost/127.0.0.1:64933]
21:12:19.777 [Forwarding findElement on session 01645f8417dae8d1f25133864487d121 to remote] DEBUG org.asynchttpclient.netty.request.NettyRequestSender - Using pooled Channel '[id: 0xb5cb6b88, L:/127.0.0.1:57181 - R:localhost/127.0.0.1:64933]' for 'POST' to 'http://localhost:64933/session/01645f8417dae8d1f25133864487d121/element'
21:12:19.778 [Forwarding findElement on session 01645f8417dae8d1f25133864487d121 to remote] DEBUG org.asynchttpclient.netty.request.NettyRequestSender - Using open Channel [id: 0xb5cb6b88, L:/127.0.0.1:57181 - R:localhost/127.0.0.1:64933] for POST '/session/01645f8417dae8d1f25133864487d121/element'
21:12:19.827 [AsyncHttpClient-1-8] DEBUG org.asynchttpclient.netty.handler.HttpHandler - 

Request DefaultHttpRequest(decodeResult: success, version: HTTP/1.1)
POST /session/01645f8417dae8d1f25133864487d121/element HTTP/1.1
User-Agent: selenium/4.1.2 (java windows)
Content-Length: 129
Content-Type: application/json; charset=utf-8
host: localhost:64933
accept: */*

Response DefaultHttpResponse(decodeResult: success, version: HTTP/1.1)
HTTP/1.1 200 OK
Content-Type: application/json; charset=utf-8
cache-control: no-cache
content-length: 88

21:12:19.827 [AsyncHttpClient-1-8] DEBUG org.asynchttpclient.netty.channel.ChannelManager - Adding key: http://localhost:64933 for channel [id: 0xb5cb6b88, L:/127.0.0.1:57181 - R:localhost/127.0.0.1:64933]
21:12:19.830 [Forwarding clickElement on session 01645f8417dae8d1f25133864487d121 to remote] DEBUG org.asynchttpclient.netty.request.NettyRequestSender - Using pooled Channel '[id: 0xb5cb6b88, L:/127.0.0.1:57181 - R:localhost/127.0.0.1:64933]' for 'POST' to 'http://localhost:64933/session/01645f8417dae8d1f25133864487d121/element/3f826f98-1b1a-4dfc-9c13-991833b5228c/click'
21:12:19.830 [Forwarding clickElement on session 01645f8417dae8d1f25133864487d121 to remote] DEBUG org.asynchttpclient.netty.request.NettyRequestSender - Using open Channel [id: 0xb5cb6b88, L:/127.0.0.1:57181 - R:localhost/127.0.0.1:64933] for POST '/session/01645f8417dae8d1f25133864487d121/element/3f826f98-1b1a-4dfc-9c13-991833b5228c/click'
21:12:20.494 [AsyncHttpClient-1-1] DEBUG org.asynchttpclient.netty.channel.DefaultChannelPool - Entry count for : http://localhost:57182 : 1
21:12:21.597 [AsyncHttpClient-1-1] DEBUG org.asynchttpclient.netty.channel.DefaultChannelPool - Entry count for : http://localhost:57182 : 1
21:12:22.557 [AsyncHttpClient-1-8] DEBUG org.asynchttpclient.netty.handler.HttpHandler - 

Request DefaultHttpRequest(decodeResult: success, version: HTTP/1.1)
POST /session/01645f8417dae8d1f25133864487d121/element/3f826f98-1b1a-4dfc-9c13-991833b5228c/click HTTP/1.1
User-Agent: selenium/4.1.2 (java windows)
Content-Length: 50
Content-Type: application/json; charset=utf-8
host: localhost:64933
accept: */*

Response DefaultHttpResponse(decodeResult: success, version: HTTP/1.1)
HTTP/1.1 200 OK
Content-Type: application/json; charset=utf-8
cache-control: no-cache
content-length: 14

21:12:22.557 [AsyncHttpClient-1-8] DEBUG org.asynchttpclient.netty.channel.ChannelManager - Adding key: http://localhost:64933 for channel [id: 0xb5cb6b88, L:/127.0.0.1:57181 - R:localhost/127.0.0.1:64933]
21:12:22.573 [Forwarding screenshot on session 01645f8417dae8d1f25133864487d121 to remote] DEBUG org.asynchttpclient.netty.request.NettyRequestSender - Using pooled Channel '[id: 0xb5cb6b88, L:/127.0.0.1:57181 - R:localhost/127.0.0.1:64933]' for 'GET' to 'http://localhost:64933/session/01645f8417dae8d1f25133864487d121/screenshot'
21:12:22.573 [Forwarding screenshot on session 01645f8417dae8d1f25133864487d121 to remote] DEBUG org.asynchttpclient.netty.request.NettyRequestSender - Using open Channel [id: 0xb5cb6b88, L:/127.0.0.1:57181 - R:localhost/127.0.0.1:64933] for GET '/session/01645f8417dae8d1f25133864487d121/screenshot'
21:12:22.690 [AsyncHttpClient-1-1] DEBUG org.asynchttpclient.netty.channel.DefaultChannelPool - Entry count for : http://localhost:57182 : 1
21:12:22.948 [AsyncHttpClient-1-8] DEBUG org.asynchttpclient.netty.handler.HttpHandler - 

Request DefaultFullHttpRequest(decodeResult: success, version: HTTP/1.1, content: EmptyByteBufBE)
GET /session/01645f8417dae8d1f25133864487d121/screenshot HTTP/1.1
User-Agent: selenium/4.1.2 (java windows)
Cache-Control: no-cache
Content-Type: application/json; charset=utf-8
host: localhost:64933
accept: */*

Response DefaultHttpResponse(decodeResult: success, version: HTTP/1.1)
HTTP/1.1 200 OK
Content-Type: application/json; charset=utf-8
cache-control: no-cache
content-length: 26668

21:12:22.949 [AsyncHttpClient-1-8] DEBUG org.asynchttpclient.netty.channel.ChannelManager - Adding key: http://localhost:64933 for channel [id: 0xb5cb6b88, L:/127.0.0.1:57181 - R:localhost/127.0.0.1:64933]
21:12:22.952 [main] DEBUG net.serenitybdd.core.photography.Darkroom - Send negative for processing for target\site\serenity\80c786978f38df523c7ac16ad55b4767f8afd175b69229ac01b627024b100755.png
21:12:22.953 [main] DEBUG net.thucydides.core.steps.StepInterceptor - STEP DONE: clickLoginIcon
  &amp#27;[32mGiven &amp#27;[0m&amp#27;[32mi am on the login page&amp#27;[0m                                             &amp#27;[90m# starter.stepdefenitions.LoginSteps.onLoginPage()&amp#27;[0m
21:12:22.973 [main] DEBUG net.thucydides.core.steps.StepInterceptor - STARTING STEP: LoginSteps.inputValidEmail - inputEmail
21:12:22.979 [Forwarding findElement on session 01645f8417dae8d1f25133864487d121 to remote] DEBUG org.asynchttpclient.netty.request.NettyRequestSender - Using pooled Channel '[id: 0xb5cb6b88, L:/127.0.0.1:57181 - R:localhost/127.0.0.1:64933]' for 'POST' to 'http://localhost:64933/session/01645f8417dae8d1f25133864487d121/element'
21:12:22.979 [Forwarding findElement on session 01645f8417dae8d1f25133864487d121 to remote] DEBUG org.asynchttpclient.netty.request.NettyRequestSender - Using open Channel [id: 0xb5cb6b88, L:/127.0.0.1:57181 - R:localhost/127.0.0.1:64933] for POST '/session/01645f8417dae8d1f25133864487d121/element'
21:12:23.004 [AsyncHttpClient-1-8] DEBUG org.asynchttpclient.netty.handler.HttpHandler - 

Request DefaultHttpRequest(decodeResult: success, version: HTTP/1.1)
POST /session/01645f8417dae8d1f25133864487d121/element HTTP/1.1
User-Agent: selenium/4.1.2 (java windows)
Content-Length: 110
Content-Type: application/json; charset=utf-8
host: localhost:64933
accept: */*

Response DefaultHttpResponse(decodeResult: success, version: HTTP/1.1)
HTTP/1.1 200 OK
Content-Type: application/json; charset=utf-8
cache-control: no-cache
content-length: 88

21:12:23.004 [AsyncHttpClient-1-8] DEBUG org.asynchttpclient.netty.channel.ChannelManager - Adding key: http://localhost:64933 for channel [id: 0xb5cb6b88, L:/127.0.0.1:57181 - R:localhost/127.0.0.1:64933]
21:12:23.006 [Forwarding clearElement on session 01645f8417dae8d1f25133864487d121 to remote] DEBUG org.asynchttpclient.netty.request.NettyRequestSender - Using pooled Channel '[id: 0xb5cb6b88, L:/127.0.0.1:57181 - R:localhost/127.0.0.1:64933]' for 'POST' to 'http://localhost:64933/session/01645f8417dae8d1f25133864487d121/element/dbe7d43f-938d-4595-aa08-fffb66987701/clear'
21:12:23.006 [Forwarding clearElement on session 01645f8417dae8d1f25133864487d121 to remote] DEBUG org.asynchttpclient.netty.request.NettyRequestSender - Using open Channel [id: 0xb5cb6b88, L:/127.0.0.1:57181 - R:localhost/127.0.0.1:64933] for POST '/session/01645f8417dae8d1f25133864487d121/element/dbe7d43f-938d-4595-aa08-fffb66987701/clear'
21:12:23.060 [AsyncHttpClient-1-8] DEBUG org.asynchttpclient.netty.handler.HttpHandler - 

Request DefaultHttpRequest(decodeResult: success, version: HTTP/1.1)
POST /session/01645f8417dae8d1f25133864487d121/element/dbe7d43f-938d-4595-aa08-fffb66987701/clear HTTP/1.1
User-Agent: selenium/4.1.2 (java windows)
Content-Length: 50
Content-Type: application/json; charset=utf-8
host: localhost:64933
accept: */*

Response DefaultHttpResponse(decodeResult: success, version: HTTP/1.1)
HTTP/1.1 200 OK
Content-Type: application/json; charset=utf-8
cache-control: no-cache
content-length: 14

21:12:23.060 [AsyncHttpClient-1-8] DEBUG org.asynchttpclient.netty.channel.ChannelManager - Adding key: http://localhost:64933 for channel [id: 0xb5cb6b88, L:/127.0.0.1:57181 - R:localhost/127.0.0.1:64933]
21:12:23.064 [Forwarding sendKeysToElement on session 01645f8417dae8d1f25133864487d121 to remote] DEBUG org.asynchttpclient.netty.request.NettyRequestSender - Using pooled Channel '[id: 0xb5cb6b88, L:/127.0.0.1:57181 - R:localhost/127.0.0.1:64933]' for 'POST' to 'http://localhost:64933/session/01645f8417dae8d1f25133864487d121/element/dbe7d43f-938d-4595-aa08-fffb66987701/value'
21:12:23.065 [Forwarding sendKeysToElement on session 01645f8417dae8d1f25133864487d121 to remote] DEBUG org.asynchttpclient.netty.request.NettyRequestSender - Using open Channel [id: 0xb5cb6b88, L:/127.0.0.1:57181 - R:localhost/127.0.0.1:64933] for POST '/session/01645f8417dae8d1f25133864487d121/element/dbe7d43f-938d-4595-aa08-fffb66987701/value'
21:12:23.293 [AsyncHttpClient-1-8] DEBUG org.asynchttpclient.netty.handler.HttpHandler - 

Request DefaultHttpRequest(decodeResult: success, version: HTTP/1.1)
POST /session/01645f8417dae8d1f25133864487d121/element/dbe7d43f-938d-4595-aa08-fffb66987701/value HTTP/1.1
User-Agent: selenium/4.1.2 (java windows)
Content-Length: 231
Content-Type: application/json; charset=utf-8
host: localhost:64933
accept: */*

Response DefaultHttpResponse(decodeResult: success, version: HTTP/1.1)
HTTP/1.1 200 OK
Content-Type: application/json; charset=utf-8
cache-control: no-cache
content-length: 14

21:12:23.294 [AsyncHttpClient-1-8] DEBUG org.asynchttpclient.netty.channel.ChannelManager - Adding key: http://localhost:64933 for channel [id: 0xb5cb6b88, L:/127.0.0.1:57181 - R:localhost/127.0.0.1:64933]
21:12:23.305 [Forwarding screenshot on session 01645f8417dae8d1f25133864487d121 to remote] DEBUG org.asynchttpclient.netty.request.NettyRequestSender - Using pooled Channel '[id: 0xb5cb6b88, L:/127.0.0.1:57181 - R:localhost/127.0.0.1:64933]' for 'GET' to 'http://localhost:64933/session/01645f8417dae8d1f25133864487d121/screenshot'
21:12:23.305 [Forwarding screenshot on session 01645f8417dae8d1f25133864487d121 to remote] DEBUG org.asynchttpclient.netty.request.NettyRequestSender - Using open Channel [id: 0xb5cb6b88, L:/127.0.0.1:57181 - R:localhost/127.0.0.1:64933] for GET '/session/01645f8417dae8d1f25133864487d121/screenshot'
21:12:23.478 [AsyncHttpClient-1-8] DEBUG org.asynchttpclient.netty.handler.HttpHandler - 

Request DefaultFullHttpRequest(decodeResult: success, version: HTTP/1.1, content: EmptyByteBufBE)
GET /session/01645f8417dae8d1f25133864487d121/screenshot HTTP/1.1
User-Agent: selenium/4.1.2 (java windows)
Cache-Control: no-cache
Content-Type: application/json; charset=utf-8
host: localhost:64933
accept: */*

Response DefaultHttpResponse(decodeResult: success, version: HTTP/1.1)
HTTP/1.1 200 OK
Content-Type: application/json; charset=utf-8
cache-control: no-cache
content-length: 30512

21:12:23.479 [AsyncHttpClient-1-8] DEBUG org.asynchttpclient.netty.channel.ChannelManager - Adding key: http://localhost:64933 for channel [id: 0xb5cb6b88, L:/127.0.0.1:57181 - R:localhost/127.0.0.1:64933]
21:12:23.482 [main] DEBUG net.serenitybdd.core.photography.Darkroom - Send negative for processing for target\site\serenity\6613739e1034787ca24e3a8e9e09f10e2324ab9c9c5e5cc1a577be9c9c69b854.png
21:12:23.482 [main] DEBUG net.thucydides.core.steps.StepInterceptor - STEP DONE: inputEmail
21:12:23.482 [Darkroom Processing Line] DEBUG net.serenitybdd.core.photography.DarkroomProcessingLine - Processing screenshot image in /var/screenshots/screenshot-159653652375156281
  &amp#27;[32mWhen &amp#27;[0m&amp#27;[32mi input valid email&amp#27;[0m                                                 &amp#27;[90m# starter.stepdefenitions.LoginSteps.inputValidEmail()&amp#27;[0m
21:12:23.482 [Darkroom Processing Line] DEBUG net.serenitybdd.core.photography.DarkroomProcessingLine - Saving screenshot to target\site\serenity\6613739e1034787ca24e3a8e9e09f10e2324ab9c9c5e5cc1a577be9c9c69b854.png
21:12:23.500 [main] DEBUG net.thucydides.core.steps.StepInterceptor - STARTING STEP: LoginSteps.inputInvalidPassword - inputPassword
21:12:23.503 [Forwarding findElement on session 01645f8417dae8d1f25133864487d121 to remote] DEBUG org.asynchttpclient.netty.request.NettyRequestSender - Using pooled Channel '[id: 0xb5cb6b88, L:/127.0.0.1:57181 - R:localhost/127.0.0.1:64933]' for 'POST' to 'http://localhost:64933/session/01645f8417dae8d1f25133864487d121/element'
21:12:23.503 [Forwarding findElement on session 01645f8417dae8d1f25133864487d121 to remote] DEBUG org.asynchttpclient.netty.request.NettyRequestSender - Using open Channel [id: 0xb5cb6b88, L:/127.0.0.1:57181 - R:localhost/127.0.0.1:64933] for POST '/session/01645f8417dae8d1f25133864487d121/element'
21:12:23.519 [AsyncHttpClient-1-8] DEBUG org.asynchttpclient.netty.handler.HttpHandler - 

Request DefaultHttpRequest(decodeResult: success, version: HTTP/1.1)
POST /session/01645f8417dae8d1f25133864487d121/element HTTP/1.1
User-Agent: selenium/4.1.2 (java windows)
Content-Length: 113
Content-Type: application/json; charset=utf-8
host: localhost:64933
accept: */*

Response DefaultHttpResponse(decodeResult: success, version: HTTP/1.1)
HTTP/1.1 200 OK
Content-Type: application/json; charset=utf-8
cache-control: no-cache
content-length: 88

21:12:23.520 [AsyncHttpClient-1-8] DEBUG org.asynchttpclient.netty.channel.ChannelManager - Adding key: http://localhost:64933 for channel [id: 0xb5cb6b88, L:/127.0.0.1:57181 - R:localhost/127.0.0.1:64933]
21:12:23.521 [Forwarding clearElement on session 01645f8417dae8d1f25133864487d121 to remote] DEBUG org.asynchttpclient.netty.request.NettyRequestSender - Using pooled Channel '[id: 0xb5cb6b88, L:/127.0.0.1:57181 - R:localhost/127.0.0.1:64933]' for 'POST' to 'http://localhost:64933/session/01645f8417dae8d1f25133864487d121/element/f7e798d7-5b27-4075-ab90-abd02ce9227c/clear'
21:12:23.521 [Forwarding clearElement on session 01645f8417dae8d1f25133864487d121 to remote] DEBUG org.asynchttpclient.netty.request.NettyRequestSender - Using open Channel [id: 0xb5cb6b88, L:/127.0.0.1:57181 - R:localhost/127.0.0.1:64933] for POST '/session/01645f8417dae8d1f25133864487d121/element/f7e798d7-5b27-4075-ab90-abd02ce9227c/clear'
21:12:23.566 [AsyncHttpClient-1-8] DEBUG org.asynchttpclient.netty.handler.HttpHandler - 

Request DefaultHttpRequest(decodeResult: success, version: HTTP/1.1)
POST /session/01645f8417dae8d1f25133864487d121/element/f7e798d7-5b27-4075-ab90-abd02ce9227c/clear HTTP/1.1
User-Agent: selenium/4.1.2 (java windows)
Content-Length: 50
Content-Type: application/json; charset=utf-8
host: localhost:64933
accept: */*

Response DefaultHttpResponse(decodeResult: success, version: HTTP/1.1)
HTTP/1.1 200 OK
Content-Type: application/json; charset=utf-8
cache-control: no-cache
content-length: 14

21:12:23.566 [AsyncHttpClient-1-8] DEBUG org.asynchttpclient.netty.channel.ChannelManager - Adding key: http://localhost:64933 for channel [id: 0xb5cb6b88, L:/127.0.0.1:57181 - R:localhost/127.0.0.1:64933]
21:12:23.568 [Forwarding sendKeysToElement on session 01645f8417dae8d1f25133864487d121 to remote] DEBUG org.asynchttpclient.netty.request.NettyRequestSender - Using pooled Channel '[id: 0xb5cb6b88, L:/127.0.0.1:57181 - R:localhost/127.0.0.1:64933]' for 'POST' to 'http://localhost:64933/session/01645f8417dae8d1f25133864487d121/element/f7e798d7-5b27-4075-ab90-abd02ce9227c/value'
21:12:23.568 [Forwarding sendKeysToElement on session 01645f8417dae8d1f25133864487d121 to remote] DEBUG org.asynchttpclient.netty.request.NettyRequestSender - Using open Channel [id: 0xb5cb6b88, L:/127.0.0.1:57181 - R:localhost/127.0.0.1:64933] for POST '/session/01645f8417dae8d1f25133864487d121/element/f7e798d7-5b27-4075-ab90-abd02ce9227c/value'
21:12:23.687 [AsyncHttpClient-1-8] DEBUG org.asynchttpclient.netty.handler.HttpHandler - 

Request DefaultHttpRequest(decodeResult: success, version: HTTP/1.1)
POST /session/01645f8417dae8d1f25133864487d121/element/f7e798d7-5b27-4075-ab90-abd02ce9227c/value HTTP/1.1
User-Agent: selenium/4.1.2 (java windows)
Content-Length: 191
Content-Type: application/json; charset=utf-8
host: localhost:64933
accept: */*

Response DefaultHttpResponse(decodeResult: success, version: HTTP/1.1)
HTTP/1.1 200 OK
Content-Type: application/json; charset=utf-8
cache-control: no-cache
content-length: 14

21:12:23.687 [AsyncHttpClient-1-8] DEBUG org.asynchttpclient.netty.channel.ChannelManager - Adding key: http://localhost:64933 for channel [id: 0xb5cb6b88, L:/127.0.0.1:57181 - R:localhost/127.0.0.1:64933]
21:12:23.692 [Forwarding screenshot on session 01645f8417dae8d1f25133864487d121 to remote] DEBUG org.asynchttpclient.netty.request.NettyRequestSender - Using pooled Channel '[id: 0xb5cb6b88, L:/127.0.0.1:57181 - R:localhost/127.0.0.1:64933]' for 'GET' to 'http://localhost:64933/session/01645f8417dae8d1f25133864487d121/screenshot'
21:12:23.693 [Forwarding screenshot on session 01645f8417dae8d1f25133864487d121 to remote] DEBUG org.asynchttpclient.netty.request.NettyRequestSender - Using open Channel [id: 0xb5cb6b88, L:/127.0.0.1:57181 - R:localhost/127.0.0.1:64933] for GET '/session/01645f8417dae8d1f25133864487d121/screenshot'
21:12:23.790 [AsyncHttpClient-1-1] DEBUG org.asynchttpclient.netty.channel.DefaultChannelPool - Entry count for : http://localhost:57182 : 1
21:12:23.889 [AsyncHttpClient-1-8] DEBUG org.asynchttpclient.netty.handler.HttpHandler - 

Request DefaultFullHttpRequest(decodeResult: success, version: HTTP/1.1, content: EmptyByteBufBE)
GET /session/01645f8417dae8d1f25133864487d121/screenshot HTTP/1.1
User-Agent: selenium/4.1.2 (java windows)
Cache-Control: no-cache
Content-Type: application/json; charset=utf-8
host: localhost:64933
accept: */*

Response DefaultHttpResponse(decodeResult: success, version: HTTP/1.1)
HTTP/1.1 200 OK
Content-Type: application/json; charset=utf-8
cache-control: no-cache
content-length: 32360

21:12:23.889 [AsyncHttpClient-1-8] DEBUG org.asynchttpclient.netty.channel.ChannelManager - Adding key: http://localhost:64933 for channel [id: 0xb5cb6b88, L:/127.0.0.1:57181 - R:localhost/127.0.0.1:64933]
21:12:23.893 [main] DEBUG net.serenitybdd.core.photography.Darkroom - Send negative for processing for target\site\serenity\590914587fe91041d8c220721d46a3b0c77a12ac26b54cb06f9c843c2e416e93.png
21:12:23.893 [main] DEBUG net.thucydides.core.steps.StepInterceptor - STEP DONE: inputPassword
  &amp#27;[32mAnd &amp#27;[0m&amp#27;[32mi input invalid password&amp#27;[0m                                             &amp#27;[90m# starter.stepdefenitions.LoginSteps.inputInvalidPassword()&amp#27;[0m
21:12:23.893 [Darkroom Processing Line] DEBUG net.serenitybdd.core.photography.DarkroomProcessingLine - Processing screenshot image in /var/screenshots/screenshot-108387730679576778
21:12:23.893 [Darkroom Processing Line] DEBUG net.serenitybdd.core.photography.DarkroomProcessingLine - Saving screenshot to target\site\serenity\590914587fe91041d8c220721d46a3b0c77a12ac26b54cb06f9c843c2e416e93.png
21:12:23.917 [main] DEBUG net.thucydides.core.steps.StepInterceptor - STARTING STEP: LoginSteps.clickLoginButton - clickLoginButton
21:12:23.924 [Forwarding findElement on session 01645f8417dae8d1f25133864487d121 to remote] DEBUG org.asynchttpclient.netty.request.NettyRequestSender - Using pooled Channel '[id: 0xb5cb6b88, L:/127.0.0.1:57181 - R:localhost/127.0.0.1:64933]' for 'POST' to 'http://localhost:64933/session/01645f8417dae8d1f25133864487d121/element'
21:12:23.924 [Forwarding findElement on session 01645f8417dae8d1f25133864487d121 to remote] DEBUG org.asynchttpclient.netty.request.NettyRequestSender - Using open Channel [id: 0xb5cb6b88, L:/127.0.0.1:57181 - R:localhost/127.0.0.1:64933] for POST '/session/01645f8417dae8d1f25133864487d121/element'
21:12:23.941 [AsyncHttpClient-1-8] DEBUG org.asynchttpclient.netty.handler.HttpHandler - 

Request DefaultHttpRequest(decodeResult: success, version: HTTP/1.1)
POST /session/01645f8417dae8d1f25133864487d121/element HTTP/1.1
User-Agent: selenium/4.1.2 (java windows)
Content-Length: 83
Content-Type: application/json; charset=utf-8
host: localhost:64933
accept: */*

Response DefaultHttpResponse(decodeResult: success, version: HTTP/1.1)
HTTP/1.1 200 OK
Content-Type: application/json; charset=utf-8
cache-control: no-cache
content-length: 88

21:12:23.942 [AsyncHttpClient-1-8] DEBUG org.asynchttpclient.netty.channel.ChannelManager - Adding key: http://localhost:64933 for channel [id: 0xb5cb6b88, L:/127.0.0.1:57181 - R:localhost/127.0.0.1:64933]
21:12:23.944 [Forwarding getElementTagName on session 01645f8417dae8d1f25133864487d121 to remote] DEBUG org.asynchttpclient.netty.request.NettyRequestSender - Using pooled Channel '[id: 0xb5cb6b88, L:/127.0.0.1:57181 - R:localhost/127.0.0.1:64933]' for 'GET' to 'http://localhost:64933/session/01645f8417dae8d1f25133864487d121/element/d24178fe-84cd-4840-8076-c22d64db8c7c/name'
21:12:23.944 [Forwarding getElementTagName on session 01645f8417dae8d1f25133864487d121 to remote] DEBUG org.asynchttpclient.netty.request.NettyRequestSender - Using open Channel [id: 0xb5cb6b88, L:/127.0.0.1:57181 - R:localhost/127.0.0.1:64933] for GET '/session/01645f8417dae8d1f25133864487d121/element/d24178fe-84cd-4840-8076-c22d64db8c7c/name'
21:12:23.949 [AsyncHttpClient-1-8] DEBUG org.asynchttpclient.netty.handler.HttpHandler - 

Request DefaultFullHttpRequest(decodeResult: success, version: HTTP/1.1, content: EmptyByteBufBE)
GET /session/01645f8417dae8d1f25133864487d121/element/d24178fe-84cd-4840-8076-c22d64db8c7c/name HTTP/1.1
User-Agent: selenium/4.1.2 (java windows)
Cache-Control: no-cache
Content-Type: application/json; charset=utf-8
host: localhost:64933
accept: */*

Response DefaultHttpResponse(decodeResult: success, version: HTTP/1.1)
HTTP/1.1 200 OK
Content-Type: application/json; charset=utf-8
cache-control: no-cache
content-length: 16

21:12:23.949 [AsyncHttpClient-1-8] DEBUG org.asynchttpclient.netty.channel.ChannelManager - Adding key: http://localhost:64933 for channel [id: 0xb5cb6b88, L:/127.0.0.1:57181 - R:localhost/127.0.0.1:64933]
21:12:23.951 [Forwarding getElementTagName on session 01645f8417dae8d1f25133864487d121 to remote] DEBUG org.asynchttpclient.netty.request.NettyRequestSender - Using pooled Channel '[id: 0xb5cb6b88, L:/127.0.0.1:57181 - R:localhost/127.0.0.1:64933]' for 'GET' to 'http://localhost:64933/session/01645f8417dae8d1f25133864487d121/element/d24178fe-84cd-4840-8076-c22d64db8c7c/name'
21:12:23.951 [Forwarding getElementTagName on session 01645f8417dae8d1f25133864487d121 to remote] DEBUG org.asynchttpclient.netty.request.NettyRequestSender - Using open Channel [id: 0xb5cb6b88, L:/127.0.0.1:57181 - R:localhost/127.0.0.1:64933] for GET '/session/01645f8417dae8d1f25133864487d121/element/d24178fe-84cd-4840-8076-c22d64db8c7c/name'
21:12:23.955 [AsyncHttpClient-1-8] DEBUG org.asynchttpclient.netty.handler.HttpHandler - 

Request DefaultFullHttpRequest(decodeResult: success, version: HTTP/1.1, content: EmptyByteBufBE)
GET /session/01645f8417dae8d1f25133864487d121/element/d24178fe-84cd-4840-8076-c22d64db8c7c/name HTTP/1.1
User-Agent: selenium/4.1.2 (java windows)
Cache-Control: no-cache
Content-Type: application/json; charset=utf-8
host: localhost:64933
accept: */*

Response DefaultHttpResponse(decodeResult: success, version: HTTP/1.1)
HTTP/1.1 200 OK
Content-Type: application/json; charset=utf-8
cache-control: no-cache
content-length: 16

21:12:23.955 [AsyncHttpClient-1-8] DEBUG org.asynchttpclient.netty.channel.ChannelManager - Adding key: http://localhost:64933 for channel [id: 0xb5cb6b88, L:/127.0.0.1:57181 - R:localhost/127.0.0.1:64933]
21:12:23.960 [Forwarding findElement on session 01645f8417dae8d1f25133864487d121 to remote] DEBUG org.asynchttpclient.netty.request.NettyRequestSender - Using pooled Channel '[id: 0xb5cb6b88, L:/127.0.0.1:57181 - R:localhost/127.0.0.1:64933]' for 'POST' to 'http://localhost:64933/session/01645f8417dae8d1f25133864487d121/element'
21:12:23.960 [Forwarding findElement on session 01645f8417dae8d1f25133864487d121 to remote] DEBUG org.asynchttpclient.netty.request.NettyRequestSender - Using open Channel [id: 0xb5cb6b88, L:/127.0.0.1:57181 - R:localhost/127.0.0.1:64933] for POST '/session/01645f8417dae8d1f25133864487d121/element'
21:12:23.968 [AsyncHttpClient-1-8] DEBUG org.asynchttpclient.netty.handler.HttpHandler - 

Request DefaultHttpRequest(decodeResult: success, version: HTTP/1.1)
POST /session/01645f8417dae8d1f25133864487d121/element HTTP/1.1
User-Agent: selenium/4.1.2 (java windows)
Content-Length: 83
Content-Type: application/json; charset=utf-8
host: localhost:64933
accept: */*

Response DefaultHttpResponse(decodeResult: success, version: HTTP/1.1)
HTTP/1.1 200 OK
Content-Type: application/json; charset=utf-8
cache-control: no-cache
content-length: 88

21:12:23.968 [AsyncHttpClient-1-8] DEBUG org.asynchttpclient.netty.channel.ChannelManager - Adding key: http://localhost:64933 for channel [id: 0xb5cb6b88, L:/127.0.0.1:57181 - R:localhost/127.0.0.1:64933]
21:12:23.970 [Forwarding clickElement on session 01645f8417dae8d1f25133864487d121 to remote] DEBUG org.asynchttpclient.netty.request.NettyRequestSender - Using pooled Channel '[id: 0xb5cb6b88, L:/127.0.0.1:57181 - R:localhost/127.0.0.1:64933]' for 'POST' to 'http://localhost:64933/session/01645f8417dae8d1f25133864487d121/element/d24178fe-84cd-4840-8076-c22d64db8c7c/click'
21:12:23.970 [Forwarding clickElement on session 01645f8417dae8d1f25133864487d121 to remote] DEBUG org.asynchttpclient.netty.request.NettyRequestSender - Using open Channel [id: 0xb5cb6b88, L:/127.0.0.1:57181 - R:localhost/127.0.0.1:64933] for POST '/session/01645f8417dae8d1f25133864487d121/element/d24178fe-84cd-4840-8076-c22d64db8c7c/click'
21:12:24.030 [AsyncHttpClient-1-8] DEBUG org.asynchttpclient.netty.handler.HttpHandler - 

Request DefaultHttpRequest(decodeResult: success, version: HTTP/1.1)
POST /session/01645f8417dae8d1f25133864487d121/element/d24178fe-84cd-4840-8076-c22d64db8c7c/click HTTP/1.1
User-Agent: selenium/4.1.2 (java windows)
Content-Length: 50
Content-Type: application/json; charset=utf-8
host: localhost:64933
accept: */*

Response DefaultHttpResponse(decodeResult: success, version: HTTP/1.1)
HTTP/1.1 200 OK
Content-Type: application/json; charset=utf-8
cache-control: no-cache
content-length: 14

21:12:24.030 [AsyncHttpClient-1-8] DEBUG org.asynchttpclient.netty.channel.ChannelManager - Adding key: http://localhost:64933 for channel [id: 0xb5cb6b88, L:/127.0.0.1:57181 - R:localhost/127.0.0.1:64933]
21:12:24.036 [Forwarding screenshot on session 01645f8417dae8d1f25133864487d121 to remote] DEBUG org.asynchttpclient.netty.request.NettyRequestSender - Using pooled Channel '[id: 0xb5cb6b88, L:/127.0.0.1:57181 - R:localhost/127.0.0.1:64933]' for 'GET' to 'http://localhost:64933/session/01645f8417dae8d1f25133864487d121/screenshot'
21:12:24.036 [Forwarding screenshot on session 01645f8417dae8d1f25133864487d121 to remote] DEBUG org.asynchttpclient.netty.request.NettyRequestSender - Using open Channel [id: 0xb5cb6b88, L:/127.0.0.1:57181 - R:localhost/127.0.0.1:64933] for GET '/session/01645f8417dae8d1f25133864487d121/screenshot'
21:12:24.269 [AsyncHttpClient-1-8] DEBUG org.asynchttpclient.netty.handler.HttpHandler - 

Request DefaultFullHttpRequest(decodeResult: success, version: HTTP/1.1, content: EmptyByteBufBE)
GET /session/01645f8417dae8d1f25133864487d121/screenshot HTTP/1.1
User-Agent: selenium/4.1.2 (java windows)
Cache-Control: no-cache
Content-Type: application/json; charset=utf-8
host: localhost:64933
accept: */*

Response DefaultHttpResponse(decodeResult: success, version: HTTP/1.1)
HTTP/1.1 200 OK
Content-Type: application/json; charset=utf-8
cache-control: no-cache
content-length: 31816

21:12:24.269 [AsyncHttpClient-1-8] DEBUG org.asynchttpclient.netty.channel.ChannelManager - Adding key: http://localhost:64933 for channel [id: 0xb5cb6b88, L:/127.0.0.1:57181 - R:localhost/127.0.0.1:64933]
21:12:24.272 [main] DEBUG net.serenitybdd.core.photography.Darkroom - Send negative for processing for target\site\serenity\37ec92285413d1a0fd151ba667b819924bda983cfc3801971afb9abd27a55174.png
21:12:24.272 [main] DEBUG net.thucydides.core.steps.StepInterceptor - STEP DONE: clickLoginButton
21:12:24.272 [Darkroom Processing Line] DEBUG net.serenitybdd.core.photography.DarkroomProcessingLine - Processing screenshot image in /var/screenshots/screenshot-6920269939961698790
21:12:24.272 [Darkroom Processing Line] DEBUG net.serenitybdd.core.photography.DarkroomProcessingLine - Saving screenshot to target\site\serenity\37ec92285413d1a0fd151ba667b819924bda983cfc3801971afb9abd27a55174.png
  &amp#27;[32mAnd &amp#27;[0m&amp#27;[32mi click login button&amp#27;[0m                                                 &amp#27;[90m# starter.stepdefenitions.LoginSteps.clickLoginButton()&amp#27;[0m
21:12:24.297 [main] DEBUG net.thucydides.core.steps.StepInterceptor - STARTING STEP: LoginSteps.iFailedToLoginAndGetErrorMessage - getInvalidMessage
21:12:24.303 [Forwarding findElement on session 01645f8417dae8d1f25133864487d121 to remote] DEBUG org.asynchttpclient.netty.request.NettyRequestSender - Using pooled Channel '[id: 0xb5cb6b88, L:/127.0.0.1:57181 - R:localhost/127.0.0.1:64933]' for 'POST' to 'http://localhost:64933/session/01645f8417dae8d1f25133864487d121/element'
21:12:24.303 [Forwarding findElement on session 01645f8417dae8d1f25133864487d121 to remote] DEBUG org.asynchttpclient.netty.request.NettyRequestSender - Using open Channel [id: 0xb5cb6b88, L:/127.0.0.1:57181 - R:localhost/127.0.0.1:64933] for POST '/session/01645f8417dae8d1f25133864487d121/element'
21:12:24.308 [AsyncHttpClient-1-8] DEBUG org.asynchttpclient.netty.handler.HttpHandler - 

Request DefaultHttpRequest(decodeResult: success, version: HTTP/1.1)
POST /session/01645f8417dae8d1f25133864487d121/element HTTP/1.1
User-Agent: selenium/4.1.2 (java windows)
Content-Length: 53
Content-Type: application/json; charset=utf-8
host: localhost:64933
accept: */*

Response DefaultHttpResponse(decodeResult: success, version: HTTP/1.1)
HTTP/1.1 400 Bad Request
Content-Type: application/json; charset=utf-8
cache-control: no-cache
content-length: 957

21:12:24.308 [AsyncHttpClient-1-8] DEBUG org.asynchttpclient.netty.channel.ChannelManager - Adding key: http://localhost:64933 for channel [id: 0xb5cb6b88, L:/127.0.0.1:57181 - R:localhost/127.0.0.1:64933]
21:12:24.310 [Forwarding findElement on session 01645f8417dae8d1f25133864487d121 to remote] DEBUG org.asynchttpclient.netty.request.NettyRequestSender - Using pooled Channel '[id: 0xb5cb6b88, L:/127.0.0.1:57181 - R:localhost/127.0.0.1:64933]' for 'POST' to 'http://localhost:64933/session/01645f8417dae8d1f25133864487d121/element'
21:12:24.310 [Forwarding findElement on session 01645f8417dae8d1f25133864487d121 to remote] DEBUG org.asynchttpclient.netty.request.NettyRequestSender - Using open Channel [id: 0xb5cb6b88, L:/127.0.0.1:57181 - R:localhost/127.0.0.1:64933] for POST '/session/01645f8417dae8d1f25133864487d121/element'
21:12:24.394 [AsyncHttpClient-1-8] DEBUG org.asynchttpclient.netty.handler.HttpHandler - 

Request DefaultHttpRequest(decodeResult: success, version: HTTP/1.1)
POST /session/01645f8417dae8d1f25133864487d121/element HTTP/1.1
User-Agent: selenium/4.1.2 (java windows)
Content-Length: 63
Content-Type: application/json; charset=utf-8
host: localhost:64933
accept: */*

Response DefaultHttpResponse(decodeResult: success, version: HTTP/1.1)
HTTP/1.1 200 OK
Content-Type: application/json; charset=utf-8
cache-control: no-cache
content-length: 88

21:12:24.394 [AsyncHttpClient-1-8] DEBUG org.asynchttpclient.netty.channel.ChannelManager - Adding key: http://localhost:64933 for channel [id: 0xb5cb6b88, L:/127.0.0.1:57181 - R:localhost/127.0.0.1:64933]
21:12:24.617 [Forwarding isElementDisplayed on session 01645f8417dae8d1f25133864487d121 to remote] DEBUG org.asynchttpclient.netty.request.NettyRequestSender - Using pooled Channel '[id: 0xb5cb6b88, L:/127.0.0.1:57181 - R:localhost/127.0.0.1:64933]' for 'POST' to 'http://localhost:64933/session/01645f8417dae8d1f25133864487d121/execute/sync'
21:12:24.617 [Forwarding isElementDisplayed on session 01645f8417dae8d1f25133864487d121 to remote] DEBUG org.asynchttpclient.netty.request.NettyRequestSender - Using open Channel [id: 0xb5cb6b88, L:/127.0.0.1:57181 - R:localhost/127.0.0.1:64933] for POST '/session/01645f8417dae8d1f25133864487d121/execute/sync'
21:12:24.640 [AsyncHttpClient-1-8] DEBUG org.asynchttpclient.netty.handler.HttpHandler - 

Request DefaultHttpRequest(decodeResult: success, version: HTTP/1.1)
POST /session/01645f8417dae8d1f25133864487d121/execute/sync HTTP/1.1
User-Agent: selenium/4.1.2 (java windows)
Content-Length: 48780
Content-Type: application/json; charset=utf-8
host: localhost:64933
accept: */*

Response DefaultHttpResponse(decodeResult: success, version: HTTP/1.1)
HTTP/1.1 200 OK
Content-Type: application/json; charset=utf-8
cache-control: no-cache
content-length: 14

21:12:24.640 [AsyncHttpClient-1-8] DEBUG org.asynchttpclient.netty.channel.ChannelManager - Adding key: http://localhost:64933 for channel [id: 0xb5cb6b88, L:/127.0.0.1:57181 - R:localhost/127.0.0.1:64933]
21:12:24.649 [Forwarding screenshot on session 01645f8417dae8d1f25133864487d121 to remote] DEBUG org.asynchttpclient.netty.request.NettyRequestSender - Using pooled Channel '[id: 0xb5cb6b88, L:/127.0.0.1:57181 - R:localhost/127.0.0.1:64933]' for 'GET' to 'http://localhost:64933/session/01645f8417dae8d1f25133864487d121/screenshot'
21:12:24.649 [Forwarding screenshot on session 01645f8417dae8d1f25133864487d121 to remote] DEBUG org.asynchttpclient.netty.request.NettyRequestSender - Using open Channel [id: 0xb5cb6b88, L:/127.0.0.1:57181 - R:localhost/127.0.0.1:64933] for GET '/session/01645f8417dae8d1f25133864487d121/screenshot'
21:12:24.856 [AsyncHttpClient-1-8] DEBUG org.asynchttpclient.netty.handler.HttpHandler - 

Request DefaultFullHttpRequest(decodeResult: success, version: HTTP/1.1, content: EmptyByteBufBE)
GET /session/01645f8417dae8d1f25133864487d121/screenshot HTTP/1.1
User-Agent: selenium/4.1.2 (java windows)
Cache-Control: no-cache
Content-Type: application/json; charset=utf-8
host: localhost:64933
accept: */*

Response DefaultHttpResponse(decodeResult: success, version: HTTP/1.1)
HTTP/1.1 200 OK
Content-Type: application/json; charset=utf-8
cache-control: no-cache
content-length: 37048

21:12:24.857 [AsyncHttpClient-1-8] DEBUG org.asynchttpclient.netty.channel.ChannelManager - Adding key: http://localhost:64933 for channel [id: 0xb5cb6b88, L:/127.0.0.1:57181 - R:localhost/127.0.0.1:64933]
21:12:24.862 [main] DEBUG net.serenitybdd.core.photography.Darkroom - Send negative for processing for target\site\serenity\a0757d54d7b97251d454e0a74566aa768167a9d8236c0c0858e70a8d85d7b578.png
21:12:24.862 [main] DEBUG net.thucydides.core.steps.StepInterceptor - STEP DONE: getInvalidMessage
  &amp#27;[32mThen &amp#27;[0m&amp#27;[32mi failed to login and get error message &amp#27;[0m&amp#27;[32m&amp#27;[1m"email or password invalid"&amp#27;[0m &amp#27;[90m# starter.stepdefenitions.LoginSteps.iFailedToLoginAndGetErrorMessage(java.lang.String)&amp#27;[0m
21:12:24.863 [Darkroom Processing Line] DEBUG net.serenitybdd.core.photography.DarkroomProcessingLine - Processing screenshot image in /var/screenshots/screenshot-7844573055721031057
21:12:24.863 [Darkroom Processing Line] DEBUG net.serenitybdd.core.photography.DarkroomProcessingLine - Saving screenshot to target\site\serenity\a0757d54d7b97251d454e0a74566aa768167a9d8236c0c0858e70a8d85d7b578.png
21:12:24.871 [main] INFO  - 
  _____   ___   ___   _____     ___     _     ___   ___   ___   ___  
 |_   _| | __| / __| |_   _|   | _ \   /_\   / __| / __| | __| |   \ 
   | |   | _|  \__ \   | |     |  _/  / _ \  \__ \ \__ \ | _|  | |) |
   |_|   |___| |___/   |_|     |_|   /_/ \_\ |___/ |___/ |___| |___/ 

As user i have failed to login with invalid password
----------------------------------------------------------------------
21:12:24.873 [AsyncHttpClient-1-2] DEBUG org.asynchttpclient.netty.handler.WebSocketHandler - Channel Closed: [id: 0xffbd9bb1, L:/127.0.0.1:57188 ! R:localhost/127.0.0.1:57182] with attribute NettyResponseFuture{currentRetry=5,
	isDone=1,
	isCancelled=0,
	asyncHandler=org.asynchttpclient.ws.WebSocketUpgradeHandler@2a8c2ed3,
	nettyRequest=org.asynchttpclient.netty.request.NettyRequest@1285060e,
	future=java.util.concurrent.CompletableFuture@fce7298[Completed normally],
	uri=ws://localhost:57182/devtools/browser/19c332cd-537e-4460-93da-671ff4984aca,
	keepAlive=true,
	redirectCount=0,
	timeoutsHolder=null,
	inAuth=0,
	touch=1652796729191}
21:12:24.874 [AsyncHttpClient-1-2] DEBUG org.asynchttpclient.netty.channel.ChannelManager - Closing Channel [id: 0xffbd9bb1, L:/127.0.0.1:57188 ! R:localhost/127.0.0.1:57182] 
21:12:24.874 [Driver Command Executor] DEBUG org.asynchttpclient.netty.request.NettyRequestSender - Using pooled Channel '[id: 0xb5cb6b88, L:/127.0.0.1:57181 - R:localhost/127.0.0.1:64933]' for 'DELETE' to 'http://localhost:64933/session/01645f8417dae8d1f25133864487d121'
21:12:24.875 [Driver Command Executor] DEBUG org.asynchttpclient.netty.request.NettyRequestSender - Using open Channel [id: 0xb5cb6b88, L:/127.0.0.1:57181 - R:localhost/127.0.0.1:64933] for DELETE '/session/01645f8417dae8d1f25133864487d121'
21:12:24.913 [AsyncHttpClient-1-1] DEBUG org.asynchttpclient.netty.channel.DefaultChannelPool - Entry count for : http://localhost:57182 : 1
21:12:25.002 [AsyncHttpClient-1-9] DEBUG org.asynchttpclient.netty.handler.HttpHandler - Unexpected I/O exception on channel [id: 0x792abd71, L:/127.0.0.1:57187 - R:localhost/127.0.0.1:57182]
java.io.IOException: An existing connection was forcibly closed by the remote host
	at sun.nio.ch.SocketDispatcher.read0(Native Method)
	at sun.nio.ch.SocketDispatcher.read(SocketDispatcher.java:43)
	at sun.nio.ch.IOUtil.readIntoNativeBuffer(IOUtil.java:223)
	at sun.nio.ch.IOUtil.read(IOUtil.java:192)
	at sun.nio.ch.SocketChannelImpl.read(SocketChannelImpl.java:378)
	at io.netty.buffer.PooledByteBuf.setBytes(PooledByteBuf.java:258)
	at io.netty.buffer.AbstractByteBuf.writeBytes(AbstractByteBuf.java:1132)
	at io.netty.channel.socket.nio.NioSocketChannel.doReadBytes(NioSocketChannel.java:350)
	at io.netty.channel.nio.AbstractNioByteChannel$NioByteUnsafe.read(AbstractNioByteChannel.java:151)
	at io.netty.channel.nio.NioEventLoop.processSelectedKey(NioEventLoop.java:722)
	at io.netty.channel.nio.NioEventLoop.processSelectedKeysOptimized(NioEventLoop.java:658)
	at io.netty.channel.nio.NioEventLoop.processSelectedKeys(NioEventLoop.java:584)
	at io.netty.channel.nio.NioEventLoop.run(NioEventLoop.java:496)
	at io.netty.util.concurrent.SingleThreadEventExecutor$4.run(SingleThreadEventExecutor.java:986)
	at io.netty.util.internal.ThreadExecutorMap$2.run(ThreadExecutorMap.java:74)
	at io.netty.util.concurrent.FastThreadLocalRunnable.run(FastThreadLocalRunnable.java:30)
	at java.lang.Thread.run(Thread.java:750)
21:12:25.002 [AsyncHttpClient-1-9] DEBUG org.asynchttpclient.netty.channel.ChannelManager - Closing Channel [id: 0x792abd71, L:/127.0.0.1:57187 - R:localhost/127.0.0.1:57182] 
21:12:25.003 [AsyncHttpClient-1-9] DEBUG org.asynchttpclient.netty.handler.HttpHandler - Channel Closed: [id: 0x792abd71, L:/127.0.0.1:57187 ! R:localhost/127.0.0.1:57182] with attribute DISCARD
21:12:25.062 [AsyncHttpClient-1-8] DEBUG org.asynchttpclient.netty.handler.HttpHandler - 

Request DefaultFullHttpRequest(decodeResult: success, version: HTTP/1.1, content: EmptyByteBufBE)
DELETE /session/01645f8417dae8d1f25133864487d121 HTTP/1.1
User-Agent: selenium/4.1.2 (java windows)
Content-Type: application/json; charset=utf-8
host: localhost:64933
accept: */*

Response DefaultHttpResponse(decodeResult: success, version: HTTP/1.1)
HTTP/1.1 200 OK
Content-Type: application/json; charset=utf-8
cache-control: no-cache
content-length: 14

21:12:25.062 [AsyncHttpClient-1-8] DEBUG org.asynchttpclient.netty.channel.ChannelManager - Adding key: http://localhost:64933 for channel [id: 0xb5cb6b88, L:/127.0.0.1:57181 - R:localhost/127.0.0.1:64933]
21:12:25.209 [AsyncHttpClient-1-8] DEBUG org.asynchttpclient.netty.handler.HttpHandler - Channel Closed: [id: 0xb5cb6b88, L:/127.0.0.1:57181 ! R:localhost/127.0.0.1:64933] with attribute DISCARD
]]></system-out>
    <system-err><![CDATA[Starting ChromeDriver 100.0.4896.60 (6a5d10861ce8de5fce22564658033b43cb7de047-refs/branch-heads/4896@{#875}) on port 64933
Only local connections are allowed.
Please see https://chromedriver.chromium.org/security-considerations for suggestions on keeping ChromeDriver safe.
ChromeDriver was started successfully.
[1652796729.056][WARNING]: This version of ChromeDriver has not been tested with Chrome version 101.
May 17, 2022 9:12:09 PM org.openqa.selenium.remote.ProtocolHandshake createSession
INFO: Detected dialect: W3C
May 17, 2022 9:12:09 PM org.openqa.selenium.devtools.CdpVersionFinder findNearestMatch
WARNING: Unable to find an exact match for CDP version 101, so returning the closest version found: 97
May 17, 2022 9:12:09 PM org.openqa.selenium.devtools.CdpVersionFinder findNearestMatch
INFO: Found CDP implementation for version 101 of 97
]]></system-err>
  </testcase>
  <testcase name="As user i have failed to login with invalid email" classname="As user I want to login So that i can see home page" time="12.583">
    <system-out><![CDATA[
@login @negative
Scenario: As user i have failed to login with invalid email     &amp#27;[90m# src/test/resources/features/Login.feature:22&amp#27;[0m
21:12:25.759 [main] INFO io.cucumber.core.plugin.SerenityReporter - Running feature from file:///D:/github/QE_MUHAMMAD-ADIBASYAH/miniproject/web/src/test/resources/features/Login.feature
21:12:25.767 [main] INFO  - 
  _____   ___   ___   _____     ___   _____     _     ___   _____   ___   ___  
 |_   _| | __| / __| |_   _|   / __| |_   _|   /_\   | _ \ |_   _| | __| |   \ 
   | |   | _|  \__ \   | |     \__ \   | |    / _ \  |   /   | |   | _|  | |) |
   |_|   |___| |___/   |_|     |___/   |_|   /_/ \_\ |_|_\   |_|   |___| |___/ 

As user i have failed to login with invalid email(as-user-i-want-to-login-so-that-i-can-see-home-page;as-user-i-have-failed-to-login-with-invalid-email)
--------------------------------------------------------------------------------
21:12:25.808 [main] DEBUG net.thucydides.core.steps.StepInterceptor - STARTING STEP: LoginSteps.onLoginPage - openPage
21:12:25.811 [main] INFO net.serenitybdd.core.webdriver.driverproviders.ChromeDriverProvider - Using automatically driver download
21:12:25.993 [AsyncHttpClient-1-1] DEBUG org.asynchttpclient.netty.channel.DefaultChannelPool - Entry count for : http://localhost:64933 : 1
21:12:25.993 [AsyncHttpClient-1-1] DEBUG org.asynchttpclient.netty.channel.DefaultChannelPool - Entry count for : http://localhost:57182 : 1
21:12:25.993 [AsyncHttpClient-1-1] DEBUG org.asynchttpclient.netty.channel.DefaultChannelPool - Adding Candidate expired Channel [id: 0xb5cb6b88, L:/127.0.0.1:57181 ! R:localhost/127.0.0.1:64933] isIdleTimeoutExpired=false isRemotelyClosed=true isTtlExpired=false
21:12:25.993 [AsyncHttpClient-1-1] DEBUG org.asynchttpclient.netty.channel.DefaultChannelPool - Closing Idle Channel [id: 0xb5cb6b88, L:/127.0.0.1:57181 ! R:localhost/127.0.0.1:64933]
21:12:25.993 [AsyncHttpClient-1-1] DEBUG org.asynchttpclient.netty.channel.DefaultChannelPool - Adding Candidate expired Channel [id: 0x792abd71, L:/127.0.0.1:57187 ! R:localhost/127.0.0.1:57182] isIdleTimeoutExpired=false isRemotelyClosed=true isTtlExpired=false
21:12:25.993 [AsyncHttpClient-1-1] DEBUG org.asynchttpclient.netty.channel.DefaultChannelPool - Closing Idle Channel [id: 0x792abd71, L:/127.0.0.1:57187 ! R:localhost/127.0.0.1:57182]
21:12:25.993 [AsyncHttpClient-1-1] DEBUG org.asynchttpclient.netty.channel.DefaultChannelPool - Closed 2 connections out of 2 in 0 ms
21:12:26.020 [main] DEBUG io.github.bonigarcia.wdm.cache.ResolutionCache - Resolution chrome=101 in cache (valid until 22:11:26 17/05/2022 ICT)
21:12:26.029 [main] DEBUG io.github.bonigarcia.wdm.cache.ResolutionCache - Resolution chrome101=101.0.4951.41 in cache (valid until 18:44:33 18/05/2022 ICT)
21:12:26.033 [main] INFO io.github.bonigarcia.wdm.WebDriverManager - Using chromedriver 101.0.4951.41 (resolved driver for Chrome 101)
21:12:26.053 [main] DEBUG io.github.bonigarcia.wdm.WebDriverManager - Driver chromedriver 101.0.4951.41 found in cache
21:12:26.054 [main] INFO io.github.bonigarcia.wdm.WebDriverManager - Exporting webdriver.chrome.driver as C:\Users\Admin\.cache\selenium\chromedriver\win32\101.0.4951.41\chromedriver.exe
21:12:26.197 [main] DEBUG net.serenitybdd.core.webdriver.driverproviders.ProvideNewDriver - Instantiating driver
21:12:26.197 [main] DEBUG net.serenitybdd.core.webdriver.driverproviders.ProvideNewDriver - Driver capabilities: Capabilities {acceptInsecureCerts: false, base.url: https://qa.alta.id/, browserName: chrome, chrome.driver: src/test/resources/webdrive..., driver: chrome, goog:chromeOptions: {args: [], extensions: []}}
21:12:26.762 [AsyncHttpClient-1-3] DEBUG org.asynchttpclient.netty.channel.NettyConnectListener - Using new Channel '[id: 0x07cfd9a0, L:/127.0.0.1:57217 - R:localhost/127.0.0.1:50279]' for 'POST' to '/session'
21:12:27.968 [AsyncHttpClient-1-3] DEBUG org.asynchttpclient.netty.handler.HttpHandler - 

Request DefaultHttpRequest(decodeResult: success, version: HTTP/1.1)
POST /session HTTP/1.1
User-Agent: selenium/4.1.2 (java windows)
Content-Length: 605
Content-Type: application/json; charset=utf-8
host: localhost:50279
accept: */*

Response DefaultHttpResponse(decodeResult: success, version: HTTP/1.1)
HTTP/1.1 200 OK
Content-Type: application/json; charset=utf-8
cache-control: no-cache
content-length: 788

21:12:27.968 [AsyncHttpClient-1-3] DEBUG org.asynchttpclient.netty.channel.ChannelManager - Adding key: http://localhost:50279 for channel [id: 0x07cfd9a0, L:/127.0.0.1:57217 - R:localhost/127.0.0.1:50279]
21:12:28.000 [AsyncHttpClient-1-4] DEBUG org.asynchttpclient.netty.channel.NettyConnectListener - Using new Channel '[id: 0x9956db78, L:/127.0.0.1:57223 - R:localhost/127.0.0.1:57218]' for 'GET' to '/json/version'
21:12:28.001 [AsyncHttpClient-1-4] DEBUG org.asynchttpclient.netty.handler.HttpHandler - 

Request DefaultFullHttpRequest(decodeResult: success, version: HTTP/1.1, content: EmptyByteBufBE)
GET /json/version HTTP/1.1
User-Agent: selenium/4.1.2 (java windows)
host: localhost:57218
accept: */*

Response DefaultHttpResponse(decodeResult: success, version: HTTP/1.1)
HTTP/1.1 200 OK
Content-Type: application/json; charset=UTF-8
content-length: 427

21:12:28.002 [AsyncHttpClient-1-4] DEBUG org.asynchttpclient.netty.channel.ChannelManager - Adding key: http://localhost:57218 for channel [id: 0x9956db78, L:/127.0.0.1:57223 - R:localhost/127.0.0.1:57218]
21:12:28.012 [AsyncHttpClient-1-5] DEBUG org.asynchttpclient.netty.channel.NettyConnectListener - Using new Channel '[id: 0x4031c2dc, L:/127.0.0.1:57224 - R:localhost/127.0.0.1:57218]' for 'GET' to '/devtools/browser/bf6d8602-3c23-4dfd-82d5-d31fa04b7c72'
21:12:28.015 [AsyncHttpClient-1-5] DEBUG org.asynchttpclient.netty.handler.WebSocketHandler - 

Request DefaultFullHttpRequest(decodeResult: success, version: HTTP/1.1, content: EmptyByteBufBE)
GET /devtools/browser/bf6d8602-3c23-4dfd-82d5-d31fa04b7c72 HTTP/1.1
upgrade: websocket
connection: upgrade
sec-websocket-key: EFdSKnesgrG9Fku7ZKInyQ==
sec-websocket-version: 13
origin: http://localhost:57218
host: localhost:57218
accept: */*
user-agent: AHC/2.1

Response DefaultHttpResponse(decodeResult: success, version: HTTP/1.1)
HTTP/1.1 101 WebSocket Protocol Handshake
Upgrade: WebSocket
Connection: Upgrade
Sec-WebSocket-Accept: qNva6FetGOWuwwx91ptivE0nPRU=

21:12:28.025 [Forwarding setCurrentWindowSize on session 81ab94ab1dd1347383b9f411d90a4ed5 to remote] DEBUG org.asynchttpclient.netty.request.NettyRequestSender - Using pooled Channel '[id: 0x07cfd9a0, L:/127.0.0.1:57217 - R:localhost/127.0.0.1:50279]' for 'POST' to 'http://localhost:50279/session/81ab94ab1dd1347383b9f411d90a4ed5/window/rect'
21:12:28.025 [Forwarding setCurrentWindowSize on session 81ab94ab1dd1347383b9f411d90a4ed5 to remote] DEBUG org.asynchttpclient.netty.request.NettyRequestSender - Using open Channel [id: 0x07cfd9a0, L:/127.0.0.1:57217 - R:localhost/127.0.0.1:50279] for POST '/session/81ab94ab1dd1347383b9f411d90a4ed5/window/rect'
21:12:28.149 [AsyncHttpClient-1-3] DEBUG org.asynchttpclient.netty.handler.HttpHandler - 

Request DefaultHttpRequest(decodeResult: success, version: HTTP/1.1)
POST /session/81ab94ab1dd1347383b9f411d90a4ed5/window/rect HTTP/1.1
User-Agent: selenium/4.1.2 (java windows)
Content-Length: 37
Content-Type: application/json; charset=utf-8
host: localhost:50279
accept: */*

Response DefaultHttpResponse(decodeResult: success, version: HTTP/1.1)
HTTP/1.1 200 OK
Content-Type: application/json; charset=utf-8
cache-control: no-cache
content-length: 51

21:12:28.149 [AsyncHttpClient-1-3] DEBUG org.asynchttpclient.netty.channel.ChannelManager - Adding key: http://localhost:50279 for channel [id: 0x07cfd9a0, L:/127.0.0.1:57217 - R:localhost/127.0.0.1:50279]
21:12:28.151 [Forwarding setWindowPosition on session 81ab94ab1dd1347383b9f411d90a4ed5 to remote] DEBUG org.asynchttpclient.netty.request.NettyRequestSender - Using pooled Channel '[id: 0x07cfd9a0, L:/127.0.0.1:57217 - R:localhost/127.0.0.1:50279]' for 'POST' to 'http://localhost:50279/session/81ab94ab1dd1347383b9f411d90a4ed5/window/rect'
21:12:28.151 [Forwarding setWindowPosition on session 81ab94ab1dd1347383b9f411d90a4ed5 to remote] DEBUG org.asynchttpclient.netty.request.NettyRequestSender - Using open Channel [id: 0x07cfd9a0, L:/127.0.0.1:57217 - R:localhost/127.0.0.1:50279] for POST '/session/81ab94ab1dd1347383b9f411d90a4ed5/window/rect'
21:12:28.196 [AsyncHttpClient-1-1] DEBUG org.asynchttpclient.netty.channel.DefaultChannelPool - Entry count for : http://localhost:57218 : 1
21:12:28.260 [AsyncHttpClient-1-3] DEBUG org.asynchttpclient.netty.handler.HttpHandler - 

Request DefaultHttpRequest(decodeResult: success, version: HTTP/1.1)
POST /session/81ab94ab1dd1347383b9f411d90a4ed5/window/rect HTTP/1.1
User-Agent: selenium/4.1.2 (java windows)
Content-Length: 22
Content-Type: application/json; charset=utf-8
host: localhost:50279
accept: */*

Response DefaultHttpResponse(decodeResult: success, version: HTTP/1.1)
HTTP/1.1 200 OK
Content-Type: application/json; charset=utf-8
cache-control: no-cache
content-length: 49

21:12:28.260 [AsyncHttpClient-1-3] DEBUG org.asynchttpclient.netty.channel.ChannelManager - Adding key: http://localhost:50279 for channel [id: 0x07cfd9a0, L:/127.0.0.1:57217 - R:localhost/127.0.0.1:50279]
21:12:28.262 [Forwarding get on session 81ab94ab1dd1347383b9f411d90a4ed5 to remote] DEBUG org.asynchttpclient.netty.request.NettyRequestSender - Using pooled Channel '[id: 0x07cfd9a0, L:/127.0.0.1:57217 - R:localhost/127.0.0.1:50279]' for 'POST' to 'http://localhost:50279/session/81ab94ab1dd1347383b9f411d90a4ed5/url'
21:12:28.262 [Forwarding get on session 81ab94ab1dd1347383b9f411d90a4ed5 to remote] DEBUG org.asynchttpclient.netty.request.NettyRequestSender - Using open Channel [id: 0x07cfd9a0, L:/127.0.0.1:57217 - R:localhost/127.0.0.1:50279] for POST '/session/81ab94ab1dd1347383b9f411d90a4ed5/url'
21:12:29.292 [AsyncHttpClient-1-1] DEBUG org.asynchttpclient.netty.channel.DefaultChannelPool - Entry count for : http://localhost:57218 : 1
21:12:30.396 [AsyncHttpClient-1-1] DEBUG org.asynchttpclient.netty.channel.DefaultChannelPool - Entry count for : http://localhost:57218 : 1
21:12:31.491 [AsyncHttpClient-1-1] DEBUG org.asynchttpclient.netty.channel.DefaultChannelPool - Entry count for : http://localhost:57218 : 1
21:12:32.593 [AsyncHttpClient-1-1] DEBUG org.asynchttpclient.netty.channel.DefaultChannelPool - Entry count for : http://localhost:57218 : 1
21:12:33.692 [AsyncHttpClient-1-1] DEBUG org.asynchttpclient.netty.channel.DefaultChannelPool - Entry count for : http://localhost:57218 : 1
21:12:34.791 [AsyncHttpClient-1-1] DEBUG org.asynchttpclient.netty.channel.DefaultChannelPool - Entry count for : http://localhost:57218 : 1
21:12:35.216 [AsyncHttpClient-1-3] DEBUG org.asynchttpclient.netty.handler.HttpHandler - 

Request DefaultHttpRequest(decodeResult: success, version: HTTP/1.1)
POST /session/81ab94ab1dd1347383b9f411d90a4ed5/url HTTP/1.1
User-Agent: selenium/4.1.2 (java windows)
Content-Length: 49
Content-Type: application/json; charset=utf-8
host: localhost:50279
accept: */*

Response DefaultHttpResponse(decodeResult: success, version: HTTP/1.1)
HTTP/1.1 200 OK
Content-Type: application/json; charset=utf-8
cache-control: no-cache
content-length: 14

21:12:35.216 [AsyncHttpClient-1-3] DEBUG org.asynchttpclient.netty.channel.ChannelManager - Adding key: http://localhost:50279 for channel [id: 0x07cfd9a0, L:/127.0.0.1:57217 - R:localhost/127.0.0.1:50279]
21:12:35.232 [Forwarding setTimeout on session 81ab94ab1dd1347383b9f411d90a4ed5 to remote] DEBUG org.asynchttpclient.netty.request.NettyRequestSender - Using pooled Channel '[id: 0x07cfd9a0, L:/127.0.0.1:57217 - R:localhost/127.0.0.1:50279]' for 'POST' to 'http://localhost:50279/session/81ab94ab1dd1347383b9f411d90a4ed5/timeouts'
21:12:35.232 [Forwarding setTimeout on session 81ab94ab1dd1347383b9f411d90a4ed5 to remote] DEBUG org.asynchttpclient.netty.request.NettyRequestSender - Using open Channel [id: 0x07cfd9a0, L:/127.0.0.1:57217 - R:localhost/127.0.0.1:50279] for POST '/session/81ab94ab1dd1347383b9f411d90a4ed5/timeouts'
21:12:35.236 [AsyncHttpClient-1-3] DEBUG org.asynchttpclient.netty.handler.HttpHandler - 

Request DefaultHttpRequest(decodeResult: success, version: HTTP/1.1)
POST /session/81ab94ab1dd1347383b9f411d90a4ed5/timeouts HTTP/1.1
User-Agent: selenium/4.1.2 (java windows)
Content-Length: 22
Content-Type: application/json; charset=utf-8
host: localhost:50279
accept: */*

Response DefaultHttpResponse(decodeResult: success, version: HTTP/1.1)
HTTP/1.1 200 OK
Content-Type: application/json; charset=utf-8
cache-control: no-cache
content-length: 14

21:12:35.236 [AsyncHttpClient-1-3] DEBUG org.asynchttpclient.netty.channel.ChannelManager - Adding key: http://localhost:50279 for channel [id: 0x07cfd9a0, L:/127.0.0.1:57217 - R:localhost/127.0.0.1:50279]
21:12:35.250 [Forwarding getCurrentUrl on session 81ab94ab1dd1347383b9f411d90a4ed5 to remote] DEBUG org.asynchttpclient.netty.request.NettyRequestSender - Using pooled Channel '[id: 0x07cfd9a0, L:/127.0.0.1:57217 - R:localhost/127.0.0.1:50279]' for 'GET' to 'http://localhost:50279/session/81ab94ab1dd1347383b9f411d90a4ed5/url'
21:12:35.250 [Forwarding getCurrentUrl on session 81ab94ab1dd1347383b9f411d90a4ed5 to remote] DEBUG org.asynchttpclient.netty.request.NettyRequestSender - Using open Channel [id: 0x07cfd9a0, L:/127.0.0.1:57217 - R:localhost/127.0.0.1:50279] for GET '/session/81ab94ab1dd1347383b9f411d90a4ed5/url'
21:12:35.268 [AsyncHttpClient-1-3] DEBUG org.asynchttpclient.netty.handler.HttpHandler - 

Request DefaultFullHttpRequest(decodeResult: success, version: HTTP/1.1, content: EmptyByteBufBE)
GET /session/81ab94ab1dd1347383b9f411d90a4ed5/url HTTP/1.1
User-Agent: selenium/4.1.2 (java windows)
Cache-Control: no-cache
Content-Type: application/json; charset=utf-8
host: localhost:50279
accept: */*

Response DefaultHttpResponse(decodeResult: success, version: HTTP/1.1)
HTTP/1.1 200 OK
Content-Type: application/json; charset=utf-8
cache-control: no-cache
content-length: 31

21:12:35.268 [AsyncHttpClient-1-3] DEBUG org.asynchttpclient.netty.channel.ChannelManager - Adding key: http://localhost:50279 for channel [id: 0x07cfd9a0, L:/127.0.0.1:57217 - R:localhost/127.0.0.1:50279]
21:12:35.273 [Forwarding getCurrentUrl on session 81ab94ab1dd1347383b9f411d90a4ed5 to remote] DEBUG org.asynchttpclient.netty.request.NettyRequestSender - Using pooled Channel '[id: 0x07cfd9a0, L:/127.0.0.1:57217 - R:localhost/127.0.0.1:50279]' for 'GET' to 'http://localhost:50279/session/81ab94ab1dd1347383b9f411d90a4ed5/url'
21:12:35.273 [Forwarding getCurrentUrl on session 81ab94ab1dd1347383b9f411d90a4ed5 to remote] DEBUG org.asynchttpclient.netty.request.NettyRequestSender - Using open Channel [id: 0x07cfd9a0, L:/127.0.0.1:57217 - R:localhost/127.0.0.1:50279] for GET '/session/81ab94ab1dd1347383b9f411d90a4ed5/url'
21:12:35.278 [AsyncHttpClient-1-3] DEBUG org.asynchttpclient.netty.handler.HttpHandler - 

Request DefaultFullHttpRequest(decodeResult: success, version: HTTP/1.1, content: EmptyByteBufBE)
GET /session/81ab94ab1dd1347383b9f411d90a4ed5/url HTTP/1.1
User-Agent: selenium/4.1.2 (java windows)
Cache-Control: no-cache
Content-Type: application/json; charset=utf-8
host: localhost:50279
accept: */*

Response DefaultHttpResponse(decodeResult: success, version: HTTP/1.1)
HTTP/1.1 200 OK
Content-Type: application/json; charset=utf-8
cache-control: no-cache
content-length: 31

21:12:35.278 [AsyncHttpClient-1-3] DEBUG org.asynchttpclient.netty.channel.ChannelManager - Adding key: http://localhost:50279 for channel [id: 0x07cfd9a0, L:/127.0.0.1:57217 - R:localhost/127.0.0.1:50279]
21:12:35.293 [Forwarding screenshot on session 81ab94ab1dd1347383b9f411d90a4ed5 to remote] DEBUG org.asynchttpclient.netty.request.NettyRequestSender - Using pooled Channel '[id: 0x07cfd9a0, L:/127.0.0.1:57217 - R:localhost/127.0.0.1:50279]' for 'GET' to 'http://localhost:50279/session/81ab94ab1dd1347383b9f411d90a4ed5/screenshot'
21:12:35.293 [Forwarding screenshot on session 81ab94ab1dd1347383b9f411d90a4ed5 to remote] DEBUG org.asynchttpclient.netty.request.NettyRequestSender - Using open Channel [id: 0x07cfd9a0, L:/127.0.0.1:57217 - R:localhost/127.0.0.1:50279] for GET '/session/81ab94ab1dd1347383b9f411d90a4ed5/screenshot'
21:12:35.459 [AsyncHttpClient-1-3] DEBUG org.asynchttpclient.netty.handler.HttpHandler - 

Request DefaultFullHttpRequest(decodeResult: success, version: HTTP/1.1, content: EmptyByteBufBE)
GET /session/81ab94ab1dd1347383b9f411d90a4ed5/screenshot HTTP/1.1
User-Agent: selenium/4.1.2 (java windows)
Cache-Control: no-cache
Content-Type: application/json; charset=utf-8
host: localhost:50279
accept: */*

Response DefaultHttpResponse(decodeResult: success, version: HTTP/1.1)
HTTP/1.1 200 OK
Content-Type: application/json; charset=utf-8
cache-control: no-cache
content-length: 25732

21:12:35.459 [AsyncHttpClient-1-3] DEBUG org.asynchttpclient.netty.channel.ChannelManager - Adding key: http://localhost:50279 for channel [id: 0x07cfd9a0, L:/127.0.0.1:57217 - R:localhost/127.0.0.1:50279]
21:12:35.462 [main] DEBUG net.serenitybdd.core.photography.Darkroom - Send negative for processing for target\site\serenity\ab15350ed79e113c0e0f424c3609c21c17fc0b27386076e1d1e48361af6e7a13.png
21:12:35.464 [Darkroom Processing Line] DEBUG net.serenitybdd.core.photography.DarkroomProcessingLine - Processing screenshot image in /var/screenshots/screenshot-8437859579848741125
21:12:35.464 [main] DEBUG net.thucydides.core.steps.StepInterceptor - STEP DONE: openPage
21:12:35.464 [Darkroom Processing Line] DEBUG net.serenitybdd.core.photography.DarkroomProcessingLine - Saving screenshot to target\site\serenity\ab15350ed79e113c0e0f424c3609c21c17fc0b27386076e1d1e48361af6e7a13.png
21:12:35.474 [main] DEBUG net.thucydides.core.steps.StepInterceptor - STARTING STEP: LoginSteps.onLoginPage - clickLoginIcon
21:12:35.480 [Forwarding findElement on session 81ab94ab1dd1347383b9f411d90a4ed5 to remote] DEBUG org.asynchttpclient.netty.request.NettyRequestSender - Using pooled Channel '[id: 0x07cfd9a0, L:/127.0.0.1:57217 - R:localhost/127.0.0.1:50279]' for 'POST' to 'http://localhost:50279/session/81ab94ab1dd1347383b9f411d90a4ed5/element'
21:12:35.480 [Forwarding findElement on session 81ab94ab1dd1347383b9f411d90a4ed5 to remote] DEBUG org.asynchttpclient.netty.request.NettyRequestSender - Using open Channel [id: 0x07cfd9a0, L:/127.0.0.1:57217 - R:localhost/127.0.0.1:50279] for POST '/session/81ab94ab1dd1347383b9f411d90a4ed5/element'
21:12:35.499 [AsyncHttpClient-1-3] DEBUG org.asynchttpclient.netty.handler.HttpHandler - 

Request DefaultHttpRequest(decodeResult: success, version: HTTP/1.1)
POST /session/81ab94ab1dd1347383b9f411d90a4ed5/element HTTP/1.1
User-Agent: selenium/4.1.2 (java windows)
Content-Length: 129
Content-Type: application/json; charset=utf-8
host: localhost:50279
accept: */*

Response DefaultHttpResponse(decodeResult: success, version: HTTP/1.1)
HTTP/1.1 200 OK
Content-Type: application/json; charset=utf-8
cache-control: no-cache
content-length: 88

21:12:35.500 [AsyncHttpClient-1-3] DEBUG org.asynchttpclient.netty.channel.ChannelManager - Adding key: http://localhost:50279 for channel [id: 0x07cfd9a0, L:/127.0.0.1:57217 - R:localhost/127.0.0.1:50279]
21:12:35.501 [Forwarding getElementTagName on session 81ab94ab1dd1347383b9f411d90a4ed5 to remote] DEBUG org.asynchttpclient.netty.request.NettyRequestSender - Using pooled Channel '[id: 0x07cfd9a0, L:/127.0.0.1:57217 - R:localhost/127.0.0.1:50279]' for 'GET' to 'http://localhost:50279/session/81ab94ab1dd1347383b9f411d90a4ed5/element/59958125-1b71-412b-b615-0b3a86770d93/name'
21:12:35.501 [Forwarding getElementTagName on session 81ab94ab1dd1347383b9f411d90a4ed5 to remote] DEBUG org.asynchttpclient.netty.request.NettyRequestSender - Using open Channel [id: 0x07cfd9a0, L:/127.0.0.1:57217 - R:localhost/127.0.0.1:50279] for GET '/session/81ab94ab1dd1347383b9f411d90a4ed5/element/59958125-1b71-412b-b615-0b3a86770d93/name'
21:12:35.510 [AsyncHttpClient-1-3] DEBUG org.asynchttpclient.netty.handler.HttpHandler - 

Request DefaultFullHttpRequest(decodeResult: success, version: HTTP/1.1, content: EmptyByteBufBE)
GET /session/81ab94ab1dd1347383b9f411d90a4ed5/element/59958125-1b71-412b-b615-0b3a86770d93/name HTTP/1.1
User-Agent: selenium/4.1.2 (java windows)
Cache-Control: no-cache
Content-Type: application/json; charset=utf-8
host: localhost:50279
accept: */*

Response DefaultHttpResponse(decodeResult: success, version: HTTP/1.1)
HTTP/1.1 200 OK
Content-Type: application/json; charset=utf-8
cache-control: no-cache
content-length: 18

21:12:35.510 [AsyncHttpClient-1-3] DEBUG org.asynchttpclient.netty.channel.ChannelManager - Adding key: http://localhost:50279 for channel [id: 0x07cfd9a0, L:/127.0.0.1:57217 - R:localhost/127.0.0.1:50279]
21:12:35.511 [Forwarding getElementTagName on session 81ab94ab1dd1347383b9f411d90a4ed5 to remote] DEBUG org.asynchttpclient.netty.request.NettyRequestSender - Using pooled Channel '[id: 0x07cfd9a0, L:/127.0.0.1:57217 - R:localhost/127.0.0.1:50279]' for 'GET' to 'http://localhost:50279/session/81ab94ab1dd1347383b9f411d90a4ed5/element/59958125-1b71-412b-b615-0b3a86770d93/name'
21:12:35.512 [Forwarding getElementTagName on session 81ab94ab1dd1347383b9f411d90a4ed5 to remote] DEBUG org.asynchttpclient.netty.request.NettyRequestSender - Using open Channel [id: 0x07cfd9a0, L:/127.0.0.1:57217 - R:localhost/127.0.0.1:50279] for GET '/session/81ab94ab1dd1347383b9f411d90a4ed5/element/59958125-1b71-412b-b615-0b3a86770d93/name'
21:12:35.516 [AsyncHttpClient-1-3] DEBUG org.asynchttpclient.netty.handler.HttpHandler - 

Request DefaultFullHttpRequest(decodeResult: success, version: HTTP/1.1, content: EmptyByteBufBE)
GET /session/81ab94ab1dd1347383b9f411d90a4ed5/element/59958125-1b71-412b-b615-0b3a86770d93/name HTTP/1.1
User-Agent: selenium/4.1.2 (java windows)
Cache-Control: no-cache
Content-Type: application/json; charset=utf-8
host: localhost:50279
accept: */*

Response DefaultHttpResponse(decodeResult: success, version: HTTP/1.1)
HTTP/1.1 200 OK
Content-Type: application/json; charset=utf-8
cache-control: no-cache
content-length: 18

21:12:35.517 [AsyncHttpClient-1-3] DEBUG org.asynchttpclient.netty.channel.ChannelManager - Adding key: http://localhost:50279 for channel [id: 0x07cfd9a0, L:/127.0.0.1:57217 - R:localhost/127.0.0.1:50279]
21:12:35.519 [Forwarding isElementEnabled on session 81ab94ab1dd1347383b9f411d90a4ed5 to remote] DEBUG org.asynchttpclient.netty.request.NettyRequestSender - Using pooled Channel '[id: 0x07cfd9a0, L:/127.0.0.1:57217 - R:localhost/127.0.0.1:50279]' for 'GET' to 'http://localhost:50279/session/81ab94ab1dd1347383b9f411d90a4ed5/element/59958125-1b71-412b-b615-0b3a86770d93/enabled'
21:12:35.519 [Forwarding isElementEnabled on session 81ab94ab1dd1347383b9f411d90a4ed5 to remote] DEBUG org.asynchttpclient.netty.request.NettyRequestSender - Using open Channel [id: 0x07cfd9a0, L:/127.0.0.1:57217 - R:localhost/127.0.0.1:50279] for GET '/session/81ab94ab1dd1347383b9f411d90a4ed5/element/59958125-1b71-412b-b615-0b3a86770d93/enabled'
21:12:35.531 [AsyncHttpClient-1-3] DEBUG org.asynchttpclient.netty.handler.HttpHandler - 

Request DefaultFullHttpRequest(decodeResult: success, version: HTTP/1.1, content: EmptyByteBufBE)
GET /session/81ab94ab1dd1347383b9f411d90a4ed5/element/59958125-1b71-412b-b615-0b3a86770d93/enabled HTTP/1.1
User-Agent: selenium/4.1.2 (java windows)
Cache-Control: no-cache
Content-Type: application/json; charset=utf-8
host: localhost:50279
accept: */*

Response DefaultHttpResponse(decodeResult: success, version: HTTP/1.1)
HTTP/1.1 200 OK
Content-Type: application/json; charset=utf-8
cache-control: no-cache
content-length: 14

21:12:35.532 [AsyncHttpClient-1-3] DEBUG org.asynchttpclient.netty.channel.ChannelManager - Adding key: http://localhost:50279 for channel [id: 0x07cfd9a0, L:/127.0.0.1:57217 - R:localhost/127.0.0.1:50279]
21:12:35.534 [Forwarding isElementEnabled on session 81ab94ab1dd1347383b9f411d90a4ed5 to remote] DEBUG org.asynchttpclient.netty.request.NettyRequestSender - Using pooled Channel '[id: 0x07cfd9a0, L:/127.0.0.1:57217 - R:localhost/127.0.0.1:50279]' for 'GET' to 'http://localhost:50279/session/81ab94ab1dd1347383b9f411d90a4ed5/element/59958125-1b71-412b-b615-0b3a86770d93/enabled'
21:12:35.534 [Forwarding isElementEnabled on session 81ab94ab1dd1347383b9f411d90a4ed5 to remote] DEBUG org.asynchttpclient.netty.request.NettyRequestSender - Using open Channel [id: 0x07cfd9a0, L:/127.0.0.1:57217 - R:localhost/127.0.0.1:50279] for GET '/session/81ab94ab1dd1347383b9f411d90a4ed5/element/59958125-1b71-412b-b615-0b3a86770d93/enabled'
21:12:35.542 [AsyncHttpClient-1-3] DEBUG org.asynchttpclient.netty.handler.HttpHandler - 

Request DefaultFullHttpRequest(decodeResult: success, version: HTTP/1.1, content: EmptyByteBufBE)
GET /session/81ab94ab1dd1347383b9f411d90a4ed5/element/59958125-1b71-412b-b615-0b3a86770d93/enabled HTTP/1.1
User-Agent: selenium/4.1.2 (java windows)
Cache-Control: no-cache
Content-Type: application/json; charset=utf-8
host: localhost:50279
accept: */*

Response DefaultHttpResponse(decodeResult: success, version: HTTP/1.1)
HTTP/1.1 200 OK
Content-Type: application/json; charset=utf-8
cache-control: no-cache
content-length: 14

21:12:35.542 [AsyncHttpClient-1-3] DEBUG org.asynchttpclient.netty.channel.ChannelManager - Adding key: http://localhost:50279 for channel [id: 0x07cfd9a0, L:/127.0.0.1:57217 - R:localhost/127.0.0.1:50279]
21:12:35.546 [Forwarding findElement on session 81ab94ab1dd1347383b9f411d90a4ed5 to remote] DEBUG org.asynchttpclient.netty.request.NettyRequestSender - Using pooled Channel '[id: 0x07cfd9a0, L:/127.0.0.1:57217 - R:localhost/127.0.0.1:50279]' for 'POST' to 'http://localhost:50279/session/81ab94ab1dd1347383b9f411d90a4ed5/element'
21:12:35.548 [Forwarding findElement on session 81ab94ab1dd1347383b9f411d90a4ed5 to remote] DEBUG org.asynchttpclient.netty.request.NettyRequestSender - Using open Channel [id: 0x07cfd9a0, L:/127.0.0.1:57217 - R:localhost/127.0.0.1:50279] for POST '/session/81ab94ab1dd1347383b9f411d90a4ed5/element'
21:12:35.588 [AsyncHttpClient-1-3] DEBUG org.asynchttpclient.netty.handler.HttpHandler - 

Request DefaultHttpRequest(decodeResult: success, version: HTTP/1.1)
POST /session/81ab94ab1dd1347383b9f411d90a4ed5/element HTTP/1.1
User-Agent: selenium/4.1.2 (java windows)
Content-Length: 129
Content-Type: application/json; charset=utf-8
host: localhost:50279
accept: */*

Response DefaultHttpResponse(decodeResult: success, version: HTTP/1.1)
HTTP/1.1 200 OK
Content-Type: application/json; charset=utf-8
cache-control: no-cache
content-length: 88

21:12:35.589 [AsyncHttpClient-1-3] DEBUG org.asynchttpclient.netty.channel.ChannelManager - Adding key: http://localhost:50279 for channel [id: 0x07cfd9a0, L:/127.0.0.1:57217 - R:localhost/127.0.0.1:50279]
21:12:35.592 [Forwarding clickElement on session 81ab94ab1dd1347383b9f411d90a4ed5 to remote] DEBUG org.asynchttpclient.netty.request.NettyRequestSender - Using pooled Channel '[id: 0x07cfd9a0, L:/127.0.0.1:57217 - R:localhost/127.0.0.1:50279]' for 'POST' to 'http://localhost:50279/session/81ab94ab1dd1347383b9f411d90a4ed5/element/59958125-1b71-412b-b615-0b3a86770d93/click'
21:12:35.592 [Forwarding clickElement on session 81ab94ab1dd1347383b9f411d90a4ed5 to remote] DEBUG org.asynchttpclient.netty.request.NettyRequestSender - Using open Channel [id: 0x07cfd9a0, L:/127.0.0.1:57217 - R:localhost/127.0.0.1:50279] for POST '/session/81ab94ab1dd1347383b9f411d90a4ed5/element/59958125-1b71-412b-b615-0b3a86770d93/click'
21:12:35.813 [AsyncHttpClient-1-3] DEBUG org.asynchttpclient.netty.handler.HttpHandler - 

Request DefaultHttpRequest(decodeResult: success, version: HTTP/1.1)
POST /session/81ab94ab1dd1347383b9f411d90a4ed5/element/59958125-1b71-412b-b615-0b3a86770d93/click HTTP/1.1
User-Agent: selenium/4.1.2 (java windows)
Content-Length: 50
Content-Type: application/json; charset=utf-8
host: localhost:50279
accept: */*

Response DefaultHttpResponse(decodeResult: success, version: HTTP/1.1)
HTTP/1.1 200 OK
Content-Type: application/json; charset=utf-8
cache-control: no-cache
content-length: 14

21:12:35.813 [AsyncHttpClient-1-3] DEBUG org.asynchttpclient.netty.channel.ChannelManager - Adding key: http://localhost:50279 for channel [id: 0x07cfd9a0, L:/127.0.0.1:57217 - R:localhost/127.0.0.1:50279]
21:12:35.832 [Forwarding screenshot on session 81ab94ab1dd1347383b9f411d90a4ed5 to remote] DEBUG org.asynchttpclient.netty.request.NettyRequestSender - Using pooled Channel '[id: 0x07cfd9a0, L:/127.0.0.1:57217 - R:localhost/127.0.0.1:50279]' for 'GET' to 'http://localhost:50279/session/81ab94ab1dd1347383b9f411d90a4ed5/screenshot'
21:12:35.832 [Forwarding screenshot on session 81ab94ab1dd1347383b9f411d90a4ed5 to remote] DEBUG org.asynchttpclient.netty.request.NettyRequestSender - Using open Channel [id: 0x07cfd9a0, L:/127.0.0.1:57217 - R:localhost/127.0.0.1:50279] for GET '/session/81ab94ab1dd1347383b9f411d90a4ed5/screenshot'
21:12:35.895 [AsyncHttpClient-1-1] DEBUG org.asynchttpclient.netty.channel.DefaultChannelPool - Entry count for : http://localhost:57218 : 1
21:12:36.110 [AsyncHttpClient-1-3] DEBUG org.asynchttpclient.netty.handler.HttpHandler - 

Request DefaultFullHttpRequest(decodeResult: success, version: HTTP/1.1, content: EmptyByteBufBE)
GET /session/81ab94ab1dd1347383b9f411d90a4ed5/screenshot HTTP/1.1
User-Agent: selenium/4.1.2 (java windows)
Cache-Control: no-cache
Content-Type: application/json; charset=utf-8
host: localhost:50279
accept: */*

Response DefaultHttpResponse(decodeResult: success, version: HTTP/1.1)
HTTP/1.1 200 OK
Content-Type: application/json; charset=utf-8
cache-control: no-cache
content-length: 27296

21:12:36.111 [AsyncHttpClient-1-3] DEBUG org.asynchttpclient.netty.channel.ChannelManager - Adding key: http://localhost:50279 for channel [id: 0x07cfd9a0, L:/127.0.0.1:57217 - R:localhost/127.0.0.1:50279]
21:12:36.113 [main] DEBUG net.serenitybdd.core.photography.Darkroom - Send negative for processing for target\site\serenity\efe155b8ee70c3745182adc1c1ea414ca12575d2da7fbac8e5b0f68aa6702a78.png
21:12:36.113 [main] DEBUG net.thucydides.core.steps.StepInterceptor - STEP DONE: clickLoginIcon
  &amp#27;[32mGiven &amp#27;[0m&amp#27;[32mi am on the login page&amp#27;[0m                                  &amp#27;[90m# starter.stepdefenitions.LoginSteps.onLoginPage()&amp#27;[0m
21:12:36.113 [Darkroom Processing Line] DEBUG net.serenitybdd.core.photography.DarkroomProcessingLine - Processing screenshot image in /var/screenshots/screenshot-1906951192397351892
21:12:36.113 [Darkroom Processing Line] DEBUG net.serenitybdd.core.photography.DarkroomProcessingLine - Saving screenshot to target\site\serenity\efe155b8ee70c3745182adc1c1ea414ca12575d2da7fbac8e5b0f68aa6702a78.png
21:12:36.126 [main] DEBUG net.thucydides.core.steps.StepInterceptor - STARTING STEP: LoginSteps.iInputInvalidEmail - inputEmail
21:12:36.131 [Forwarding findElement on session 81ab94ab1dd1347383b9f411d90a4ed5 to remote] DEBUG org.asynchttpclient.netty.request.NettyRequestSender - Using pooled Channel '[id: 0x07cfd9a0, L:/127.0.0.1:57217 - R:localhost/127.0.0.1:50279]' for 'POST' to 'http://localhost:50279/session/81ab94ab1dd1347383b9f411d90a4ed5/element'
21:12:36.131 [Forwarding findElement on session 81ab94ab1dd1347383b9f411d90a4ed5 to remote] DEBUG org.asynchttpclient.netty.request.NettyRequestSender - Using open Channel [id: 0x07cfd9a0, L:/127.0.0.1:57217 - R:localhost/127.0.0.1:50279] for POST '/session/81ab94ab1dd1347383b9f411d90a4ed5/element'
21:12:36.145 [AsyncHttpClient-1-3] DEBUG org.asynchttpclient.netty.handler.HttpHandler - 

Request DefaultHttpRequest(decodeResult: success, version: HTTP/1.1)
POST /session/81ab94ab1dd1347383b9f411d90a4ed5/element HTTP/1.1
User-Agent: selenium/4.1.2 (java windows)
Content-Length: 110
Content-Type: application/json; charset=utf-8
host: localhost:50279
accept: */*

Response DefaultHttpResponse(decodeResult: success, version: HTTP/1.1)
HTTP/1.1 200 OK
Content-Type: application/json; charset=utf-8
cache-control: no-cache
content-length: 88

21:12:36.145 [AsyncHttpClient-1-3] DEBUG org.asynchttpclient.netty.channel.ChannelManager - Adding key: http://localhost:50279 for channel [id: 0x07cfd9a0, L:/127.0.0.1:57217 - R:localhost/127.0.0.1:50279]
21:12:36.146 [Forwarding clearElement on session 81ab94ab1dd1347383b9f411d90a4ed5 to remote] DEBUG org.asynchttpclient.netty.request.NettyRequestSender - Using pooled Channel '[id: 0x07cfd9a0, L:/127.0.0.1:57217 - R:localhost/127.0.0.1:50279]' for 'POST' to 'http://localhost:50279/session/81ab94ab1dd1347383b9f411d90a4ed5/element/1bb4bc50-81ab-4ed9-ad3a-0775357386ec/clear'
21:12:36.147 [Forwarding clearElement on session 81ab94ab1dd1347383b9f411d90a4ed5 to remote] DEBUG org.asynchttpclient.netty.request.NettyRequestSender - Using open Channel [id: 0x07cfd9a0, L:/127.0.0.1:57217 - R:localhost/127.0.0.1:50279] for POST '/session/81ab94ab1dd1347383b9f411d90a4ed5/element/1bb4bc50-81ab-4ed9-ad3a-0775357386ec/clear'
21:12:36.218 [AsyncHttpClient-1-3] DEBUG org.asynchttpclient.netty.handler.HttpHandler - 

Request DefaultHttpRequest(decodeResult: success, version: HTTP/1.1)
POST /session/81ab94ab1dd1347383b9f411d90a4ed5/element/1bb4bc50-81ab-4ed9-ad3a-0775357386ec/clear HTTP/1.1
User-Agent: selenium/4.1.2 (java windows)
Content-Length: 50
Content-Type: application/json; charset=utf-8
host: localhost:50279
accept: */*

Response DefaultHttpResponse(decodeResult: success, version: HTTP/1.1)
HTTP/1.1 200 OK
Content-Type: application/json; charset=utf-8
cache-control: no-cache
content-length: 14

21:12:36.219 [AsyncHttpClient-1-3] DEBUG org.asynchttpclient.netty.channel.ChannelManager - Adding key: http://localhost:50279 for channel [id: 0x07cfd9a0, L:/127.0.0.1:57217 - R:localhost/127.0.0.1:50279]
21:12:36.221 [Forwarding sendKeysToElement on session 81ab94ab1dd1347383b9f411d90a4ed5 to remote] DEBUG org.asynchttpclient.netty.request.NettyRequestSender - Using pooled Channel '[id: 0x07cfd9a0, L:/127.0.0.1:57217 - R:localhost/127.0.0.1:50279]' for 'POST' to 'http://localhost:50279/session/81ab94ab1dd1347383b9f411d90a4ed5/element/1bb4bc50-81ab-4ed9-ad3a-0775357386ec/value'
21:12:36.221 [Forwarding sendKeysToElement on session 81ab94ab1dd1347383b9f411d90a4ed5 to remote] DEBUG org.asynchttpclient.netty.request.NettyRequestSender - Using open Channel [id: 0x07cfd9a0, L:/127.0.0.1:57217 - R:localhost/127.0.0.1:50279] for POST '/session/81ab94ab1dd1347383b9f411d90a4ed5/element/1bb4bc50-81ab-4ed9-ad3a-0775357386ec/value'
21:12:36.334 [AsyncHttpClient-1-3] DEBUG org.asynchttpclient.netty.handler.HttpHandler - 

Request DefaultHttpRequest(decodeResult: success, version: HTTP/1.1)
POST /session/81ab94ab1dd1347383b9f411d90a4ed5/element/1bb4bc50-81ab-4ed9-ad3a-0775357386ec/value HTTP/1.1
User-Agent: selenium/4.1.2 (java windows)
Content-Length: 161
Content-Type: application/json; charset=utf-8
host: localhost:50279
accept: */*

Response DefaultHttpResponse(decodeResult: success, version: HTTP/1.1)
HTTP/1.1 200 OK
Content-Type: application/json; charset=utf-8
cache-control: no-cache
content-length: 14

21:12:36.334 [AsyncHttpClient-1-3] DEBUG org.asynchttpclient.netty.channel.ChannelManager - Adding key: http://localhost:50279 for channel [id: 0x07cfd9a0, L:/127.0.0.1:57217 - R:localhost/127.0.0.1:50279]
21:12:36.341 [Forwarding screenshot on session 81ab94ab1dd1347383b9f411d90a4ed5 to remote] DEBUG org.asynchttpclient.netty.request.NettyRequestSender - Using pooled Channel '[id: 0x07cfd9a0, L:/127.0.0.1:57217 - R:localhost/127.0.0.1:50279]' for 'GET' to 'http://localhost:50279/session/81ab94ab1dd1347383b9f411d90a4ed5/screenshot'
21:12:36.341 [Forwarding screenshot on session 81ab94ab1dd1347383b9f411d90a4ed5 to remote] DEBUG org.asynchttpclient.netty.request.NettyRequestSender - Using open Channel [id: 0x07cfd9a0, L:/127.0.0.1:57217 - R:localhost/127.0.0.1:50279] for GET '/session/81ab94ab1dd1347383b9f411d90a4ed5/screenshot'
21:12:36.549 [AsyncHttpClient-1-3] DEBUG org.asynchttpclient.netty.handler.HttpHandler - 

Request DefaultFullHttpRequest(decodeResult: success, version: HTTP/1.1, content: EmptyByteBufBE)
GET /session/81ab94ab1dd1347383b9f411d90a4ed5/screenshot HTTP/1.1
User-Agent: selenium/4.1.2 (java windows)
Cache-Control: no-cache
Content-Type: application/json; charset=utf-8
host: localhost:50279
accept: */*

Response DefaultHttpResponse(decodeResult: success, version: HTTP/1.1)
HTTP/1.1 200 OK
Content-Type: application/json; charset=utf-8
cache-control: no-cache
content-length: 29700

21:12:36.550 [AsyncHttpClient-1-3] DEBUG org.asynchttpclient.netty.channel.ChannelManager - Adding key: http://localhost:50279 for channel [id: 0x07cfd9a0, L:/127.0.0.1:57217 - R:localhost/127.0.0.1:50279]
21:12:36.553 [main] DEBUG net.serenitybdd.core.photography.Darkroom - Send negative for processing for target\site\serenity\6eb67a67a34ee165b4fb96ed1f46929bd7ba0a984e33722f8c7fc69cdafd5ae1.png
21:12:36.553 [main] DEBUG net.thucydides.core.steps.StepInterceptor - STEP DONE: inputEmail
21:12:36.553 [Darkroom Processing Line] DEBUG net.serenitybdd.core.photography.DarkroomProcessingLine - Processing screenshot image in /var/screenshots/screenshot-236136264960683339
21:12:36.554 [Darkroom Processing Line] DEBUG net.serenitybdd.core.photography.DarkroomProcessingLine - Saving screenshot to target\site\serenity\6eb67a67a34ee165b4fb96ed1f46929bd7ba0a984e33722f8c7fc69cdafd5ae1.png
  &amp#27;[32mWhen &amp#27;[0m&amp#27;[32mi input invalid email&amp#27;[0m                                    &amp#27;[90m# starter.stepdefenitions.LoginSteps.iInputInvalidEmail()&amp#27;[0m
21:12:36.568 [main] DEBUG net.thucydides.core.steps.StepInterceptor - STARTING STEP: LoginSteps.inputValidPassword - inputPassword
21:12:36.571 [Forwarding findElement on session 81ab94ab1dd1347383b9f411d90a4ed5 to remote] DEBUG org.asynchttpclient.netty.request.NettyRequestSender - Using pooled Channel '[id: 0x07cfd9a0, L:/127.0.0.1:57217 - R:localhost/127.0.0.1:50279]' for 'POST' to 'http://localhost:50279/session/81ab94ab1dd1347383b9f411d90a4ed5/element'
21:12:36.571 [Forwarding findElement on session 81ab94ab1dd1347383b9f411d90a4ed5 to remote] DEBUG org.asynchttpclient.netty.request.NettyRequestSender - Using open Channel [id: 0x07cfd9a0, L:/127.0.0.1:57217 - R:localhost/127.0.0.1:50279] for POST '/session/81ab94ab1dd1347383b9f411d90a4ed5/element'
21:12:36.586 [AsyncHttpClient-1-3] DEBUG org.asynchttpclient.netty.handler.HttpHandler - 

Request DefaultHttpRequest(decodeResult: success, version: HTTP/1.1)
POST /session/81ab94ab1dd1347383b9f411d90a4ed5/element HTTP/1.1
User-Agent: selenium/4.1.2 (java windows)
Content-Length: 113
Content-Type: application/json; charset=utf-8
host: localhost:50279
accept: */*

Response DefaultHttpResponse(decodeResult: success, version: HTTP/1.1)
HTTP/1.1 200 OK
Content-Type: application/json; charset=utf-8
cache-control: no-cache
content-length: 88

21:12:36.587 [AsyncHttpClient-1-3] DEBUG org.asynchttpclient.netty.channel.ChannelManager - Adding key: http://localhost:50279 for channel [id: 0x07cfd9a0, L:/127.0.0.1:57217 - R:localhost/127.0.0.1:50279]
21:12:36.588 [Forwarding clearElement on session 81ab94ab1dd1347383b9f411d90a4ed5 to remote] DEBUG org.asynchttpclient.netty.request.NettyRequestSender - Using pooled Channel '[id: 0x07cfd9a0, L:/127.0.0.1:57217 - R:localhost/127.0.0.1:50279]' for 'POST' to 'http://localhost:50279/session/81ab94ab1dd1347383b9f411d90a4ed5/element/60351ac3-241d-4de9-84f9-cf0a0b637b3c/clear'
21:12:36.588 [Forwarding clearElement on session 81ab94ab1dd1347383b9f411d90a4ed5 to remote] DEBUG org.asynchttpclient.netty.request.NettyRequestSender - Using open Channel [id: 0x07cfd9a0, L:/127.0.0.1:57217 - R:localhost/127.0.0.1:50279] for POST '/session/81ab94ab1dd1347383b9f411d90a4ed5/element/60351ac3-241d-4de9-84f9-cf0a0b637b3c/clear'
21:12:36.627 [AsyncHttpClient-1-3] DEBUG org.asynchttpclient.netty.handler.HttpHandler - 

Request DefaultHttpRequest(decodeResult: success, version: HTTP/1.1)
POST /session/81ab94ab1dd1347383b9f411d90a4ed5/element/60351ac3-241d-4de9-84f9-cf0a0b637b3c/clear HTTP/1.1
User-Agent: selenium/4.1.2 (java windows)
Content-Length: 50
Content-Type: application/json; charset=utf-8
host: localhost:50279
accept: */*

Response DefaultHttpResponse(decodeResult: success, version: HTTP/1.1)
HTTP/1.1 200 OK
Content-Type: application/json; charset=utf-8
cache-control: no-cache
content-length: 14

21:12:36.627 [AsyncHttpClient-1-3] DEBUG org.asynchttpclient.netty.channel.ChannelManager - Adding key: http://localhost:50279 for channel [id: 0x07cfd9a0, L:/127.0.0.1:57217 - R:localhost/127.0.0.1:50279]
21:12:36.630 [Forwarding sendKeysToElement on session 81ab94ab1dd1347383b9f411d90a4ed5 to remote] DEBUG org.asynchttpclient.netty.request.NettyRequestSender - Using pooled Channel '[id: 0x07cfd9a0, L:/127.0.0.1:57217 - R:localhost/127.0.0.1:50279]' for 'POST' to 'http://localhost:50279/session/81ab94ab1dd1347383b9f411d90a4ed5/element/60351ac3-241d-4de9-84f9-cf0a0b637b3c/value'
21:12:36.630 [Forwarding sendKeysToElement on session 81ab94ab1dd1347383b9f411d90a4ed5 to remote] DEBUG org.asynchttpclient.netty.request.NettyRequestSender - Using open Channel [id: 0x07cfd9a0, L:/127.0.0.1:57217 - R:localhost/127.0.0.1:50279] for POST '/session/81ab94ab1dd1347383b9f411d90a4ed5/element/60351ac3-241d-4de9-84f9-cf0a0b637b3c/value'
21:12:36.716 [AsyncHttpClient-1-3] DEBUG org.asynchttpclient.netty.handler.HttpHandler - 

Request DefaultHttpRequest(decodeResult: success, version: HTTP/1.1)
POST /session/81ab94ab1dd1347383b9f411d90a4ed5/element/60351ac3-241d-4de9-84f9-cf0a0b637b3c/value HTTP/1.1
User-Agent: selenium/4.1.2 (java windows)
Content-Length: 111
Content-Type: application/json; charset=utf-8
host: localhost:50279
accept: */*

Response DefaultHttpResponse(decodeResult: success, version: HTTP/1.1)
HTTP/1.1 200 OK
Content-Type: application/json; charset=utf-8
cache-control: no-cache
content-length: 14

21:12:36.717 [AsyncHttpClient-1-3] DEBUG org.asynchttpclient.netty.channel.ChannelManager - Adding key: http://localhost:50279 for channel [id: 0x07cfd9a0, L:/127.0.0.1:57217 - R:localhost/127.0.0.1:50279]
21:12:36.725 [Forwarding screenshot on session 81ab94ab1dd1347383b9f411d90a4ed5 to remote] DEBUG org.asynchttpclient.netty.request.NettyRequestSender - Using pooled Channel '[id: 0x07cfd9a0, L:/127.0.0.1:57217 - R:localhost/127.0.0.1:50279]' for 'GET' to 'http://localhost:50279/session/81ab94ab1dd1347383b9f411d90a4ed5/screenshot'
21:12:36.726 [Forwarding screenshot on session 81ab94ab1dd1347383b9f411d90a4ed5 to remote] DEBUG org.asynchttpclient.netty.request.NettyRequestSender - Using open Channel [id: 0x07cfd9a0, L:/127.0.0.1:57217 - R:localhost/127.0.0.1:50279] for GET '/session/81ab94ab1dd1347383b9f411d90a4ed5/screenshot'
21:12:36.923 [AsyncHttpClient-1-3] DEBUG org.asynchttpclient.netty.handler.HttpHandler - 

Request DefaultFullHttpRequest(decodeResult: success, version: HTTP/1.1, content: EmptyByteBufBE)
GET /session/81ab94ab1dd1347383b9f411d90a4ed5/screenshot HTTP/1.1
User-Agent: selenium/4.1.2 (java windows)
Cache-Control: no-cache
Content-Type: application/json; charset=utf-8
host: localhost:50279
accept: */*

Response DefaultHttpResponse(decodeResult: success, version: HTTP/1.1)
HTTP/1.1 200 OK
Content-Type: application/json; charset=utf-8
cache-control: no-cache
content-length: 30020

21:12:36.924 [AsyncHttpClient-1-3] DEBUG org.asynchttpclient.netty.channel.ChannelManager - Adding key: http://localhost:50279 for channel [id: 0x07cfd9a0, L:/127.0.0.1:57217 - R:localhost/127.0.0.1:50279]
21:12:36.926 [main] DEBUG net.serenitybdd.core.photography.Darkroom - Send negative for processing for target\site\serenity\4c5995f3dbaa61558d3979273b77a8f824aa3402365da68fe3f93c445154daac.png
21:12:36.926 [main] DEBUG net.thucydides.core.steps.StepInterceptor - STEP DONE: inputPassword
  &amp#27;[32mAnd &amp#27;[0m&amp#27;[32mi input valid password&amp#27;[0m                                    &amp#27;[90m# starter.stepdefenitions.LoginSteps.inputValidPassword()&amp#27;[0m
21:12:36.926 [Darkroom Processing Line] DEBUG net.serenitybdd.core.photography.DarkroomProcessingLine - Processing screenshot image in /var/screenshots/screenshot-4655145716547681021
21:12:36.926 [Darkroom Processing Line] DEBUG net.serenitybdd.core.photography.DarkroomProcessingLine - Saving screenshot to target\site\serenity\4c5995f3dbaa61558d3979273b77a8f824aa3402365da68fe3f93c445154daac.png
21:12:36.944 [main] DEBUG net.thucydides.core.steps.StepInterceptor - STARTING STEP: LoginSteps.clickLoginButton - clickLoginButton
21:12:36.947 [Forwarding findElement on session 81ab94ab1dd1347383b9f411d90a4ed5 to remote] DEBUG org.asynchttpclient.netty.request.NettyRequestSender - Using pooled Channel '[id: 0x07cfd9a0, L:/127.0.0.1:57217 - R:localhost/127.0.0.1:50279]' for 'POST' to 'http://localhost:50279/session/81ab94ab1dd1347383b9f411d90a4ed5/element'
21:12:36.947 [Forwarding findElement on session 81ab94ab1dd1347383b9f411d90a4ed5 to remote] DEBUG org.asynchttpclient.netty.request.NettyRequestSender - Using open Channel [id: 0x07cfd9a0, L:/127.0.0.1:57217 - R:localhost/127.0.0.1:50279] for POST '/session/81ab94ab1dd1347383b9f411d90a4ed5/element'
21:12:36.963 [AsyncHttpClient-1-3] DEBUG org.asynchttpclient.netty.handler.HttpHandler - 

Request DefaultHttpRequest(decodeResult: success, version: HTTP/1.1)
POST /session/81ab94ab1dd1347383b9f411d90a4ed5/element HTTP/1.1
User-Agent: selenium/4.1.2 (java windows)
Content-Length: 83
Content-Type: application/json; charset=utf-8
host: localhost:50279
accept: */*

Response DefaultHttpResponse(decodeResult: success, version: HTTP/1.1)
HTTP/1.1 200 OK
Content-Type: application/json; charset=utf-8
cache-control: no-cache
content-length: 88

21:12:36.963 [AsyncHttpClient-1-3] DEBUG org.asynchttpclient.netty.channel.ChannelManager - Adding key: http://localhost:50279 for channel [id: 0x07cfd9a0, L:/127.0.0.1:57217 - R:localhost/127.0.0.1:50279]
21:12:36.965 [Forwarding getElementTagName on session 81ab94ab1dd1347383b9f411d90a4ed5 to remote] DEBUG org.asynchttpclient.netty.request.NettyRequestSender - Using pooled Channel '[id: 0x07cfd9a0, L:/127.0.0.1:57217 - R:localhost/127.0.0.1:50279]' for 'GET' to 'http://localhost:50279/session/81ab94ab1dd1347383b9f411d90a4ed5/element/fb22d3ee-daf7-4d5c-806e-c6b54bb88a5c/name'
21:12:36.965 [Forwarding getElementTagName on session 81ab94ab1dd1347383b9f411d90a4ed5 to remote] DEBUG org.asynchttpclient.netty.request.NettyRequestSender - Using open Channel [id: 0x07cfd9a0, L:/127.0.0.1:57217 - R:localhost/127.0.0.1:50279] for GET '/session/81ab94ab1dd1347383b9f411d90a4ed5/element/fb22d3ee-daf7-4d5c-806e-c6b54bb88a5c/name'
21:12:36.970 [AsyncHttpClient-1-3] DEBUG org.asynchttpclient.netty.handler.HttpHandler - 

Request DefaultFullHttpRequest(decodeResult: success, version: HTTP/1.1, content: EmptyByteBufBE)
GET /session/81ab94ab1dd1347383b9f411d90a4ed5/element/fb22d3ee-daf7-4d5c-806e-c6b54bb88a5c/name HTTP/1.1
User-Agent: selenium/4.1.2 (java windows)
Cache-Control: no-cache
Content-Type: application/json; charset=utf-8
host: localhost:50279
accept: */*

Response DefaultHttpResponse(decodeResult: success, version: HTTP/1.1)
HTTP/1.1 200 OK
Content-Type: application/json; charset=utf-8
cache-control: no-cache
content-length: 16

21:12:36.970 [AsyncHttpClient-1-3] DEBUG org.asynchttpclient.netty.channel.ChannelManager - Adding key: http://localhost:50279 for channel [id: 0x07cfd9a0, L:/127.0.0.1:57217 - R:localhost/127.0.0.1:50279]
21:12:36.972 [Forwarding getElementTagName on session 81ab94ab1dd1347383b9f411d90a4ed5 to remote] DEBUG org.asynchttpclient.netty.request.NettyRequestSender - Using pooled Channel '[id: 0x07cfd9a0, L:/127.0.0.1:57217 - R:localhost/127.0.0.1:50279]' for 'GET' to 'http://localhost:50279/session/81ab94ab1dd1347383b9f411d90a4ed5/element/fb22d3ee-daf7-4d5c-806e-c6b54bb88a5c/name'
21:12:36.972 [Forwarding getElementTagName on session 81ab94ab1dd1347383b9f411d90a4ed5 to remote] DEBUG org.asynchttpclient.netty.request.NettyRequestSender - Using open Channel [id: 0x07cfd9a0, L:/127.0.0.1:57217 - R:localhost/127.0.0.1:50279] for GET '/session/81ab94ab1dd1347383b9f411d90a4ed5/element/fb22d3ee-daf7-4d5c-806e-c6b54bb88a5c/name'
21:12:36.981 [AsyncHttpClient-1-3] DEBUG org.asynchttpclient.netty.handler.HttpHandler - 

Request DefaultFullHttpRequest(decodeResult: success, version: HTTP/1.1, content: EmptyByteBufBE)
GET /session/81ab94ab1dd1347383b9f411d90a4ed5/element/fb22d3ee-daf7-4d5c-806e-c6b54bb88a5c/name HTTP/1.1
User-Agent: selenium/4.1.2 (java windows)
Cache-Control: no-cache
Content-Type: application/json; charset=utf-8
host: localhost:50279
accept: */*

Response DefaultHttpResponse(decodeResult: success, version: HTTP/1.1)
HTTP/1.1 200 OK
Content-Type: application/json; charset=utf-8
cache-control: no-cache
content-length: 16

21:12:36.981 [AsyncHttpClient-1-3] DEBUG org.asynchttpclient.netty.channel.ChannelManager - Adding key: http://localhost:50279 for channel [id: 0x07cfd9a0, L:/127.0.0.1:57217 - R:localhost/127.0.0.1:50279]
21:12:36.983 [Forwarding findElement on session 81ab94ab1dd1347383b9f411d90a4ed5 to remote] DEBUG org.asynchttpclient.netty.request.NettyRequestSender - Using pooled Channel '[id: 0x07cfd9a0, L:/127.0.0.1:57217 - R:localhost/127.0.0.1:50279]' for 'POST' to 'http://localhost:50279/session/81ab94ab1dd1347383b9f411d90a4ed5/element'
21:12:36.983 [Forwarding findElement on session 81ab94ab1dd1347383b9f411d90a4ed5 to remote] DEBUG org.asynchttpclient.netty.request.NettyRequestSender - Using open Channel [id: 0x07cfd9a0, L:/127.0.0.1:57217 - R:localhost/127.0.0.1:50279] for POST '/session/81ab94ab1dd1347383b9f411d90a4ed5/element'
21:12:36.991 [AsyncHttpClient-1-1] DEBUG org.asynchttpclient.netty.channel.DefaultChannelPool - Entry count for : http://localhost:57218 : 1
21:12:36.991 [AsyncHttpClient-1-3] DEBUG org.asynchttpclient.netty.handler.HttpHandler - 

Request DefaultHttpRequest(decodeResult: success, version: HTTP/1.1)
POST /session/81ab94ab1dd1347383b9f411d90a4ed5/element HTTP/1.1
User-Agent: selenium/4.1.2 (java windows)
Content-Length: 83
Content-Type: application/json; charset=utf-8
host: localhost:50279
accept: */*

Response DefaultHttpResponse(decodeResult: success, version: HTTP/1.1)
HTTP/1.1 200 OK
Content-Type: application/json; charset=utf-8
cache-control: no-cache
content-length: 88

21:12:36.991 [AsyncHttpClient-1-3] DEBUG org.asynchttpclient.netty.channel.ChannelManager - Adding key: http://localhost:50279 for channel [id: 0x07cfd9a0, L:/127.0.0.1:57217 - R:localhost/127.0.0.1:50279]
21:12:36.992 [Forwarding clickElement on session 81ab94ab1dd1347383b9f411d90a4ed5 to remote] DEBUG org.asynchttpclient.netty.request.NettyRequestSender - Using pooled Channel '[id: 0x07cfd9a0, L:/127.0.0.1:57217 - R:localhost/127.0.0.1:50279]' for 'POST' to 'http://localhost:50279/session/81ab94ab1dd1347383b9f411d90a4ed5/element/fb22d3ee-daf7-4d5c-806e-c6b54bb88a5c/click'
21:12:36.993 [Forwarding clickElement on session 81ab94ab1dd1347383b9f411d90a4ed5 to remote] DEBUG org.asynchttpclient.netty.request.NettyRequestSender - Using open Channel [id: 0x07cfd9a0, L:/127.0.0.1:57217 - R:localhost/127.0.0.1:50279] for POST '/session/81ab94ab1dd1347383b9f411d90a4ed5/element/fb22d3ee-daf7-4d5c-806e-c6b54bb88a5c/click'
21:12:37.052 [AsyncHttpClient-1-3] DEBUG org.asynchttpclient.netty.handler.HttpHandler - 

Request DefaultHttpRequest(decodeResult: success, version: HTTP/1.1)
POST /session/81ab94ab1dd1347383b9f411d90a4ed5/element/fb22d3ee-daf7-4d5c-806e-c6b54bb88a5c/click HTTP/1.1
User-Agent: selenium/4.1.2 (java windows)
Content-Length: 50
Content-Type: application/json; charset=utf-8
host: localhost:50279
accept: */*

Response DefaultHttpResponse(decodeResult: success, version: HTTP/1.1)
HTTP/1.1 200 OK
Content-Type: application/json; charset=utf-8
cache-control: no-cache
content-length: 14

21:12:37.052 [AsyncHttpClient-1-3] DEBUG org.asynchttpclient.netty.channel.ChannelManager - Adding key: http://localhost:50279 for channel [id: 0x07cfd9a0, L:/127.0.0.1:57217 - R:localhost/127.0.0.1:50279]
21:12:37.061 [Forwarding screenshot on session 81ab94ab1dd1347383b9f411d90a4ed5 to remote] DEBUG org.asynchttpclient.netty.request.NettyRequestSender - Using pooled Channel '[id: 0x07cfd9a0, L:/127.0.0.1:57217 - R:localhost/127.0.0.1:50279]' for 'GET' to 'http://localhost:50279/session/81ab94ab1dd1347383b9f411d90a4ed5/screenshot'
21:12:37.061 [Forwarding screenshot on session 81ab94ab1dd1347383b9f411d90a4ed5 to remote] DEBUG org.asynchttpclient.netty.request.NettyRequestSender - Using open Channel [id: 0x07cfd9a0, L:/127.0.0.1:57217 - R:localhost/127.0.0.1:50279] for GET '/session/81ab94ab1dd1347383b9f411d90a4ed5/screenshot'
21:12:37.293 [AsyncHttpClient-1-3] DEBUG org.asynchttpclient.netty.handler.HttpHandler - 

Request DefaultFullHttpRequest(decodeResult: success, version: HTTP/1.1, content: EmptyByteBufBE)
GET /session/81ab94ab1dd1347383b9f411d90a4ed5/screenshot HTTP/1.1
User-Agent: selenium/4.1.2 (java windows)
Cache-Control: no-cache
Content-Type: application/json; charset=utf-8
host: localhost:50279
accept: */*

Response DefaultHttpResponse(decodeResult: success, version: HTTP/1.1)
HTTP/1.1 200 OK
Content-Type: application/json; charset=utf-8
cache-control: no-cache
content-length: 29444

21:12:37.294 [AsyncHttpClient-1-3] DEBUG org.asynchttpclient.netty.channel.ChannelManager - Adding key: http://localhost:50279 for channel [id: 0x07cfd9a0, L:/127.0.0.1:57217 - R:localhost/127.0.0.1:50279]
21:12:37.296 [main] DEBUG net.serenitybdd.core.photography.Darkroom - Send negative for processing for target\site\serenity\24f1eb21a6690b60db393ae3bb6ab37140aed963a7ad0ae1cddcc5fcc76f6008.png
21:12:37.297 [main] DEBUG net.thucydides.core.steps.StepInterceptor - STEP DONE: clickLoginButton
  &amp#27;[32mAnd &amp#27;[0m&amp#27;[32mi click login button&amp#27;[0m                                      &amp#27;[90m# starter.stepdefenitions.LoginSteps.clickLoginButton()&amp#27;[0m
21:12:37.297 [Darkroom Processing Line] DEBUG net.serenitybdd.core.photography.DarkroomProcessingLine - Processing screenshot image in /var/screenshots/screenshot-5996612704261909455
21:12:37.297 [Darkroom Processing Line] DEBUG net.serenitybdd.core.photography.DarkroomProcessingLine - Saving screenshot to target\site\serenity\24f1eb21a6690b60db393ae3bb6ab37140aed963a7ad0ae1cddcc5fcc76f6008.png
21:12:37.319 [main] DEBUG net.thucydides.core.steps.StepInterceptor - STARTING STEP: LoginSteps.iFailToLoginAndGetErrorMessage - getMessageNoRecord
21:12:37.324 [Forwarding findElement on session 81ab94ab1dd1347383b9f411d90a4ed5 to remote] DEBUG org.asynchttpclient.netty.request.NettyRequestSender - Using pooled Channel '[id: 0x07cfd9a0, L:/127.0.0.1:57217 - R:localhost/127.0.0.1:50279]' for 'POST' to 'http://localhost:50279/session/81ab94ab1dd1347383b9f411d90a4ed5/element'
21:12:37.324 [Forwarding findElement on session 81ab94ab1dd1347383b9f411d90a4ed5 to remote] DEBUG org.asynchttpclient.netty.request.NettyRequestSender - Using open Channel [id: 0x07cfd9a0, L:/127.0.0.1:57217 - R:localhost/127.0.0.1:50279] for POST '/session/81ab94ab1dd1347383b9f411d90a4ed5/element'
21:12:37.331 [AsyncHttpClient-1-3] DEBUG org.asynchttpclient.netty.handler.HttpHandler - 

Request DefaultHttpRequest(decodeResult: success, version: HTTP/1.1)
POST /session/81ab94ab1dd1347383b9f411d90a4ed5/element HTTP/1.1
User-Agent: selenium/4.1.2 (java windows)
Content-Length: 53
Content-Type: application/json; charset=utf-8
host: localhost:50279
accept: */*

Response DefaultHttpResponse(decodeResult: success, version: HTTP/1.1)
HTTP/1.1 400 Bad Request
Content-Type: application/json; charset=utf-8
cache-control: no-cache
content-length: 957

21:12:37.331 [AsyncHttpClient-1-3] DEBUG org.asynchttpclient.netty.channel.ChannelManager - Adding key: http://localhost:50279 for channel [id: 0x07cfd9a0, L:/127.0.0.1:57217 - R:localhost/127.0.0.1:50279]
21:12:37.333 [Forwarding findElement on session 81ab94ab1dd1347383b9f411d90a4ed5 to remote] DEBUG org.asynchttpclient.netty.request.NettyRequestSender - Using pooled Channel '[id: 0x07cfd9a0, L:/127.0.0.1:57217 - R:localhost/127.0.0.1:50279]' for 'POST' to 'http://localhost:50279/session/81ab94ab1dd1347383b9f411d90a4ed5/element'
21:12:37.333 [Forwarding findElement on session 81ab94ab1dd1347383b9f411d90a4ed5 to remote] DEBUG org.asynchttpclient.netty.request.NettyRequestSender - Using open Channel [id: 0x07cfd9a0, L:/127.0.0.1:57217 - R:localhost/127.0.0.1:50279] for POST '/session/81ab94ab1dd1347383b9f411d90a4ed5/element'
21:12:37.352 [AsyncHttpClient-1-3] DEBUG org.asynchttpclient.netty.handler.HttpHandler - 

Request DefaultHttpRequest(decodeResult: success, version: HTTP/1.1)
POST /session/81ab94ab1dd1347383b9f411d90a4ed5/element HTTP/1.1
User-Agent: selenium/4.1.2 (java windows)
Content-Length: 63
Content-Type: application/json; charset=utf-8
host: localhost:50279
accept: */*

Response DefaultHttpResponse(decodeResult: success, version: HTTP/1.1)
HTTP/1.1 200 OK
Content-Type: application/json; charset=utf-8
cache-control: no-cache
content-length: 88

21:12:37.352 [AsyncHttpClient-1-3] DEBUG org.asynchttpclient.netty.channel.ChannelManager - Adding key: http://localhost:50279 for channel [id: 0x07cfd9a0, L:/127.0.0.1:57217 - R:localhost/127.0.0.1:50279]
21:12:37.360 [Forwarding isElementDisplayed on session 81ab94ab1dd1347383b9f411d90a4ed5 to remote] DEBUG org.asynchttpclient.netty.request.NettyRequestSender - Using pooled Channel '[id: 0x07cfd9a0, L:/127.0.0.1:57217 - R:localhost/127.0.0.1:50279]' for 'POST' to 'http://localhost:50279/session/81ab94ab1dd1347383b9f411d90a4ed5/execute/sync'
21:12:37.362 [Forwarding isElementDisplayed on session 81ab94ab1dd1347383b9f411d90a4ed5 to remote] DEBUG org.asynchttpclient.netty.request.NettyRequestSender - Using open Channel [id: 0x07cfd9a0, L:/127.0.0.1:57217 - R:localhost/127.0.0.1:50279] for POST '/session/81ab94ab1dd1347383b9f411d90a4ed5/execute/sync'
21:12:37.385 [AsyncHttpClient-1-3] DEBUG org.asynchttpclient.netty.handler.HttpHandler - 

Request DefaultHttpRequest(decodeResult: success, version: HTTP/1.1)
POST /session/81ab94ab1dd1347383b9f411d90a4ed5/execute/sync HTTP/1.1
User-Agent: selenium/4.1.2 (java windows)
Content-Length: 48780
Content-Type: application/json; charset=utf-8
host: localhost:50279
accept: */*

Response DefaultHttpResponse(decodeResult: success, version: HTTP/1.1)
HTTP/1.1 200 OK
Content-Type: application/json; charset=utf-8
cache-control: no-cache
content-length: 14

21:12:37.385 [AsyncHttpClient-1-3] DEBUG org.asynchttpclient.netty.channel.ChannelManager - Adding key: http://localhost:50279 for channel [id: 0x07cfd9a0, L:/127.0.0.1:57217 - R:localhost/127.0.0.1:50279]
21:12:37.390 [Forwarding screenshot on session 81ab94ab1dd1347383b9f411d90a4ed5 to remote] DEBUG org.asynchttpclient.netty.request.NettyRequestSender - Using pooled Channel '[id: 0x07cfd9a0, L:/127.0.0.1:57217 - R:localhost/127.0.0.1:50279]' for 'GET' to 'http://localhost:50279/session/81ab94ab1dd1347383b9f411d90a4ed5/screenshot'
21:12:37.390 [Forwarding screenshot on session 81ab94ab1dd1347383b9f411d90a4ed5 to remote] DEBUG org.asynchttpclient.netty.request.NettyRequestSender - Using open Channel [id: 0x07cfd9a0, L:/127.0.0.1:57217 - R:localhost/127.0.0.1:50279] for GET '/session/81ab94ab1dd1347383b9f411d90a4ed5/screenshot'
21:12:37.586 [AsyncHttpClient-1-3] DEBUG org.asynchttpclient.netty.handler.HttpHandler - 

Request DefaultFullHttpRequest(decodeResult: success, version: HTTP/1.1, content: EmptyByteBufBE)
GET /session/81ab94ab1dd1347383b9f411d90a4ed5/screenshot HTTP/1.1
User-Agent: selenium/4.1.2 (java windows)
Cache-Control: no-cache
Content-Type: application/json; charset=utf-8
host: localhost:50279
accept: */*

Response DefaultHttpResponse(decodeResult: success, version: HTTP/1.1)
HTTP/1.1 200 OK
Content-Type: application/json; charset=utf-8
cache-control: no-cache
content-length: 32616

21:12:37.586 [AsyncHttpClient-1-3] DEBUG org.asynchttpclient.netty.channel.ChannelManager - Adding key: http://localhost:50279 for channel [id: 0x07cfd9a0, L:/127.0.0.1:57217 - R:localhost/127.0.0.1:50279]
21:12:37.589 [main] DEBUG net.serenitybdd.core.photography.Darkroom - Send negative for processing for target\site\serenity\dd5c1e3f5d0d34f9a4ee4076d992f7956709af3d3be91bde57ba7c60b127e3e3.png
21:12:37.589 [main] DEBUG net.thucydides.core.steps.StepInterceptor - STEP DONE: getMessageNoRecord
  &amp#27;[32mThen &amp#27;[0m&amp#27;[32mi fail to login and get error message &amp#27;[0m&amp#27;[32m&amp#27;[1m"record not found"&amp#27;[0m &amp#27;[90m# starter.stepdefenitions.LoginSteps.iFailToLoginAndGetErrorMessage(java.lang.String)&amp#27;[0m
21:12:37.589 [Darkroom Processing Line] DEBUG net.serenitybdd.core.photography.DarkroomProcessingLine - Processing screenshot image in /var/screenshots/screenshot-3701193961958755182
21:12:37.589 [Darkroom Processing Line] DEBUG net.serenitybdd.core.photography.DarkroomProcessingLine - Saving screenshot to target\site\serenity\dd5c1e3f5d0d34f9a4ee4076d992f7956709af3d3be91bde57ba7c60b127e3e3.png
21:12:37.595 [main] INFO  - 
  _____   ___   ___   _____     ___     _     ___   ___   ___   ___  
 |_   _| | __| / __| |_   _|   | _ \   /_\   / __| / __| | __| |   \ 
   | |   | _|  \__ \   | |     |  _/  / _ \  \__ \ \__ \ | _|  | |) |
   |_|   |___| |___/   |_|     |_|   /_/ \_\ |___/ |___/ |___| |___/ 

As user i have failed to login with invalid email
----------------------------------------------------------------------
21:12:37.597 [AsyncHttpClient-1-5] DEBUG org.asynchttpclient.netty.handler.WebSocketHandler - Channel Closed: [id: 0x4031c2dc, L:/127.0.0.1:57224 ! R:localhost/127.0.0.1:57218] with attribute NettyResponseFuture{currentRetry=5,
	isDone=1,
	isCancelled=0,
	asyncHandler=org.asynchttpclient.ws.WebSocketUpgradeHandler@4443b3d,
	nettyRequest=org.asynchttpclient.netty.request.NettyRequest@443c8bfe,
	future=java.util.concurrent.CompletableFuture@7c117497[Completed normally],
	uri=ws://localhost:57218/devtools/browser/bf6d8602-3c23-4dfd-82d5-d31fa04b7c72,
	keepAlive=true,
	redirectCount=0,
	timeoutsHolder=null,
	inAuth=0,
	touch=1652796748017}
21:12:37.597 [AsyncHttpClient-1-5] DEBUG org.asynchttpclient.netty.channel.ChannelManager - Closing Channel [id: 0x4031c2dc, L:/127.0.0.1:57224 ! R:localhost/127.0.0.1:57218] 
21:12:37.597 [Driver Command Executor] DEBUG org.asynchttpclient.netty.request.NettyRequestSender - Using pooled Channel '[id: 0x07cfd9a0, L:/127.0.0.1:57217 - R:localhost/127.0.0.1:50279]' for 'DELETE' to 'http://localhost:50279/session/81ab94ab1dd1347383b9f411d90a4ed5'
21:12:37.597 [Driver Command Executor] DEBUG org.asynchttpclient.netty.request.NettyRequestSender - Using open Channel [id: 0x07cfd9a0, L:/127.0.0.1:57217 - R:localhost/127.0.0.1:50279] for DELETE '/session/81ab94ab1dd1347383b9f411d90a4ed5'
21:12:37.681 [AsyncHttpClient-1-4] DEBUG org.asynchttpclient.netty.handler.HttpHandler - Unexpected I/O exception on channel [id: 0x9956db78, L:/127.0.0.1:57223 - R:localhost/127.0.0.1:57218]
java.io.IOException: An existing connection was forcibly closed by the remote host
	at sun.nio.ch.SocketDispatcher.read0(Native Method)
	at sun.nio.ch.SocketDispatcher.read(SocketDispatcher.java:43)
	at sun.nio.ch.IOUtil.readIntoNativeBuffer(IOUtil.java:223)
	at sun.nio.ch.IOUtil.read(IOUtil.java:192)
	at sun.nio.ch.SocketChannelImpl.read(SocketChannelImpl.java:378)
	at io.netty.buffer.PooledByteBuf.setBytes(PooledByteBuf.java:258)
	at io.netty.buffer.AbstractByteBuf.writeBytes(AbstractByteBuf.java:1132)
	at io.netty.channel.socket.nio.NioSocketChannel.doReadBytes(NioSocketChannel.java:350)
	at io.netty.channel.nio.AbstractNioByteChannel$NioByteUnsafe.read(AbstractNioByteChannel.java:151)
	at io.netty.channel.nio.NioEventLoop.processSelectedKey(NioEventLoop.java:722)
	at io.netty.channel.nio.NioEventLoop.processSelectedKeysOptimized(NioEventLoop.java:658)
	at io.netty.channel.nio.NioEventLoop.processSelectedKeys(NioEventLoop.java:584)
	at io.netty.channel.nio.NioEventLoop.run(NioEventLoop.java:496)
	at io.netty.util.concurrent.SingleThreadEventExecutor$4.run(SingleThreadEventExecutor.java:986)
	at io.netty.util.internal.ThreadExecutorMap$2.run(ThreadExecutorMap.java:74)
	at io.netty.util.concurrent.FastThreadLocalRunnable.run(FastThreadLocalRunnable.java:30)
	at java.lang.Thread.run(Thread.java:750)
21:12:37.681 [AsyncHttpClient-1-4] DEBUG org.asynchttpclient.netty.channel.ChannelManager - Closing Channel [id: 0x9956db78, L:/127.0.0.1:57223 - R:localhost/127.0.0.1:57218] 
21:12:37.681 [AsyncHttpClient-1-4] DEBUG org.asynchttpclient.netty.handler.HttpHandler - Channel Closed: [id: 0x9956db78, L:/127.0.0.1:57223 ! R:localhost/127.0.0.1:57218] with attribute DISCARD
21:12:37.702 [AsyncHttpClient-1-3] DEBUG org.asynchttpclient.netty.handler.HttpHandler - 

Request DefaultFullHttpRequest(decodeResult: success, version: HTTP/1.1, content: EmptyByteBufBE)
DELETE /session/81ab94ab1dd1347383b9f411d90a4ed5 HTTP/1.1
User-Agent: selenium/4.1.2 (java windows)
Content-Type: application/json; charset=utf-8
host: localhost:50279
accept: */*

Response DefaultHttpResponse(decodeResult: success, version: HTTP/1.1)
HTTP/1.1 200 OK
Content-Type: application/json; charset=utf-8
cache-control: no-cache
content-length: 14

21:12:37.702 [AsyncHttpClient-1-3] DEBUG org.asynchttpclient.netty.channel.ChannelManager - Adding key: http://localhost:50279 for channel [id: 0x07cfd9a0, L:/127.0.0.1:57217 - R:localhost/127.0.0.1:50279]
21:12:37.797 [AsyncHttpClient-1-3] DEBUG org.asynchttpclient.netty.handler.HttpHandler - Channel Closed: [id: 0x07cfd9a0, L:/127.0.0.1:57217 ! R:localhost/127.0.0.1:50279] with attribute DISCARD
21:12:38.091 [AsyncHttpClient-1-1] DEBUG org.asynchttpclient.netty.channel.DefaultChannelPool - Entry count for : http://localhost:50279 : 1
21:12:38.091 [AsyncHttpClient-1-1] DEBUG org.asynchttpclient.netty.channel.DefaultChannelPool - Entry count for : http://localhost:57218 : 1
21:12:38.091 [AsyncHttpClient-1-1] DEBUG org.asynchttpclient.netty.channel.DefaultChannelPool - Adding Candidate expired Channel [id: 0x07cfd9a0, L:/127.0.0.1:57217 ! R:localhost/127.0.0.1:50279] isIdleTimeoutExpired=false isRemotelyClosed=true isTtlExpired=false
21:12:38.091 [AsyncHttpClient-1-1] DEBUG org.asynchttpclient.netty.channel.DefaultChannelPool - Closing Idle Channel [id: 0x07cfd9a0, L:/127.0.0.1:57217 ! R:localhost/127.0.0.1:50279]
21:12:38.092 [AsyncHttpClient-1-1] DEBUG org.asynchttpclient.netty.channel.DefaultChannelPool - Adding Candidate expired Channel [id: 0x9956db78, L:/127.0.0.1:57223 ! R:localhost/127.0.0.1:57218] isIdleTimeoutExpired=false isRemotelyClosed=true isTtlExpired=false
21:12:38.092 [AsyncHttpClient-1-1] DEBUG org.asynchttpclient.netty.channel.DefaultChannelPool - Closing Idle Channel [id: 0x9956db78, L:/127.0.0.1:57223 ! R:localhost/127.0.0.1:57218]
21:12:38.092 [AsyncHttpClient-1-1] DEBUG org.asynchttpclient.netty.channel.DefaultChannelPool - Closed 2 connections out of 2 in 1 ms
]]></system-out>
    <system-err><![CDATA[Starting ChromeDriver 100.0.4896.60 (6a5d10861ce8de5fce22564658033b43cb7de047-refs/branch-heads/4896@{#875}) on port 50279
Only local connections are allowed.
Please see https://chromedriver.chromium.org/security-considerations for suggestions on keeping ChromeDriver safe.
ChromeDriver was started successfully.
[1652796747.903][WARNING]: This version of ChromeDriver has not been tested with Chrome version 101.
May 17, 2022 9:12:27 PM org.openqa.selenium.remote.ProtocolHandshake createSession
INFO: Detected dialect: W3C
May 17, 2022 9:12:28 PM org.openqa.selenium.devtools.CdpVersionFinder findNearestMatch
WARNING: Unable to find an exact match for CDP version 101, so returning the closest version found: 97
May 17, 2022 9:12:28 PM org.openqa.selenium.devtools.CdpVersionFinder findNearestMatch
INFO: Found CDP implementation for version 101 of 97
]]></system-err>
  </testcase>
  <testcase name="As user i have failed to login with not input data" classname="As user I want to login So that i can see home page" time="14.925">
    <system-out><![CDATA[
@login @negative
Scenario: As user i have failed to login with not input data &amp#27;[90m# src/test/resources/features/Login.feature:29&amp#27;[0m
21:12:38.329 [main] INFO io.cucumber.core.plugin.SerenityReporter - Running feature from file:///D:/github/QE_MUHAMMAD-ADIBASYAH/miniproject/web/src/test/resources/features/Login.feature
21:12:38.334 [main] INFO  - 
  _____   ___   ___   _____     ___   _____     _     ___   _____   ___   ___  
 |_   _| | __| / __| |_   _|   / __| |_   _|   /_\   | _ \ |_   _| | __| |   \ 
   | |   | _|  \__ \   | |     \__ \   | |    / _ \  |   /   | |   | _|  | |) |
   |_|   |___| |___/   |_|     |___/   |_|   /_/ \_\ |_|_\   |_|   |___| |___/ 

As user i have failed to login with not input data(as-user-i-want-to-login-so-that-i-can-see-home-page;as-user-i-have-failed-to-login-with-not-input-data)
--------------------------------------------------------------------------------
21:12:38.364 [main] DEBUG net.thucydides.core.steps.StepInterceptor - STARTING STEP: LoginSteps.onLoginPage - openPage
21:12:38.372 [main] INFO net.serenitybdd.core.webdriver.driverproviders.ChromeDriverProvider - Using automatically driver download
21:12:38.554 [main] DEBUG io.github.bonigarcia.wdm.cache.ResolutionCache - Resolution chrome=101 in cache (valid until 22:11:26 17/05/2022 ICT)
21:12:38.559 [main] DEBUG io.github.bonigarcia.wdm.cache.ResolutionCache - Resolution chrome101=101.0.4951.41 in cache (valid until 18:44:33 18/05/2022 ICT)
21:12:38.563 [main] INFO io.github.bonigarcia.wdm.WebDriverManager - Using chromedriver 101.0.4951.41 (resolved driver for Chrome 101)
21:12:38.577 [main] DEBUG io.github.bonigarcia.wdm.WebDriverManager - Driver chromedriver 101.0.4951.41 found in cache
21:12:38.578 [main] INFO io.github.bonigarcia.wdm.WebDriverManager - Exporting webdriver.chrome.driver as C:\Users\Admin\.cache\selenium\chromedriver\win32\101.0.4951.41\chromedriver.exe
21:12:38.716 [main] DEBUG net.serenitybdd.core.webdriver.driverproviders.ProvideNewDriver - Instantiating driver
21:12:38.716 [main] DEBUG net.serenitybdd.core.webdriver.driverproviders.ProvideNewDriver - Driver capabilities: Capabilities {acceptInsecureCerts: false, base.url: https://qa.alta.id/, browserName: chrome, chrome.driver: src/test/resources/webdrive..., driver: chrome, goog:chromeOptions: {args: [], extensions: []}}
21:12:39.255 [AsyncHttpClient-1-6] DEBUG org.asynchttpclient.netty.channel.NettyConnectListener - Using new Channel '[id: 0x629d301e, L:/127.0.0.1:57255 - R:localhost/127.0.0.1:54225]' for 'POST' to '/session'
21:12:40.582 [AsyncHttpClient-1-6] DEBUG org.asynchttpclient.netty.handler.HttpHandler - 

Request DefaultHttpRequest(decodeResult: success, version: HTTP/1.1)
POST /session HTTP/1.1
User-Agent: selenium/4.1.2 (java windows)
Content-Length: 605
Content-Type: application/json; charset=utf-8
host: localhost:54225
accept: */*

Response DefaultHttpResponse(decodeResult: success, version: HTTP/1.1)
HTTP/1.1 200 OK
Content-Type: application/json; charset=utf-8
cache-control: no-cache
content-length: 789

21:12:40.582 [AsyncHttpClient-1-6] DEBUG org.asynchttpclient.netty.channel.ChannelManager - Adding key: http://localhost:54225 for channel [id: 0x629d301e, L:/127.0.0.1:57255 - R:localhost/127.0.0.1:54225]
21:12:40.591 [AsyncHttpClient-1-7] DEBUG org.asynchttpclient.netty.channel.NettyConnectListener - Using new Channel '[id: 0x8492adc2, L:/127.0.0.1:57263 - R:localhost/127.0.0.1:57256]' for 'GET' to '/json/version'
21:12:40.591 [AsyncHttpClient-1-7] DEBUG org.asynchttpclient.netty.handler.HttpHandler - 

Request DefaultFullHttpRequest(decodeResult: success, version: HTTP/1.1, content: EmptyByteBufBE)
GET /json/version HTTP/1.1
User-Agent: selenium/4.1.2 (java windows)
host: localhost:57256
accept: */*

Response DefaultHttpResponse(decodeResult: success, version: HTTP/1.1)
HTTP/1.1 200 OK
Content-Type: application/json; charset=UTF-8
content-length: 427

21:12:40.592 [AsyncHttpClient-1-7] DEBUG org.asynchttpclient.netty.channel.ChannelManager - Adding key: http://localhost:57256 for channel [id: 0x8492adc2, L:/127.0.0.1:57263 - R:localhost/127.0.0.1:57256]
21:12:40.595 [AsyncHttpClient-1-8] DEBUG org.asynchttpclient.netty.channel.NettyConnectListener - Using new Channel '[id: 0x4e6abf75, L:/127.0.0.1:57264 - R:localhost/127.0.0.1:57256]' for 'GET' to '/devtools/browser/dcea9466-f714-474e-b111-415465f46e95'
21:12:40.595 [AsyncHttpClient-1-8] DEBUG org.asynchttpclient.netty.handler.WebSocketHandler - 

Request DefaultFullHttpRequest(decodeResult: success, version: HTTP/1.1, content: EmptyByteBufBE)
GET /devtools/browser/dcea9466-f714-474e-b111-415465f46e95 HTTP/1.1
upgrade: websocket
connection: upgrade
sec-websocket-key: SCpY7IfUPVRihWrJI02NoA==
sec-websocket-version: 13
origin: http://localhost:57256
host: localhost:57256
accept: */*
user-agent: AHC/2.1

Response DefaultHttpResponse(decodeResult: success, version: HTTP/1.1)
HTTP/1.1 101 WebSocket Protocol Handshake
Upgrade: WebSocket
Connection: Upgrade
Sec-WebSocket-Accept: tHcij3UoZVYLSQv9RMVsyEJ3/KY=

21:12:40.606 [Forwarding setCurrentWindowSize on session 65c3f36a52306e6c464ba7d9d2cc2ba2 to remote] DEBUG org.asynchttpclient.netty.request.NettyRequestSender - Using pooled Channel '[id: 0x629d301e, L:/127.0.0.1:57255 - R:localhost/127.0.0.1:54225]' for 'POST' to 'http://localhost:54225/session/65c3f36a52306e6c464ba7d9d2cc2ba2/window/rect'
21:12:40.606 [Forwarding setCurrentWindowSize on session 65c3f36a52306e6c464ba7d9d2cc2ba2 to remote] DEBUG org.asynchttpclient.netty.request.NettyRequestSender - Using open Channel [id: 0x629d301e, L:/127.0.0.1:57255 - R:localhost/127.0.0.1:54225] for POST '/session/65c3f36a52306e6c464ba7d9d2cc2ba2/window/rect'
21:12:40.731 [AsyncHttpClient-1-6] DEBUG org.asynchttpclient.netty.handler.HttpHandler - 

Request DefaultHttpRequest(decodeResult: success, version: HTTP/1.1)
POST /session/65c3f36a52306e6c464ba7d9d2cc2ba2/window/rect HTTP/1.1
User-Agent: selenium/4.1.2 (java windows)
Content-Length: 37
Content-Type: application/json; charset=utf-8
host: localhost:54225
accept: */*

Response DefaultHttpResponse(decodeResult: success, version: HTTP/1.1)
HTTP/1.1 200 OK
Content-Type: application/json; charset=utf-8
cache-control: no-cache
content-length: 51

21:12:40.731 [AsyncHttpClient-1-6] DEBUG org.asynchttpclient.netty.channel.ChannelManager - Adding key: http://localhost:54225 for channel [id: 0x629d301e, L:/127.0.0.1:57255 - R:localhost/127.0.0.1:54225]
21:12:40.733 [Forwarding setWindowPosition on session 65c3f36a52306e6c464ba7d9d2cc2ba2 to remote] DEBUG org.asynchttpclient.netty.request.NettyRequestSender - Using pooled Channel '[id: 0x629d301e, L:/127.0.0.1:57255 - R:localhost/127.0.0.1:54225]' for 'POST' to 'http://localhost:54225/session/65c3f36a52306e6c464ba7d9d2cc2ba2/window/rect'
21:12:40.733 [Forwarding setWindowPosition on session 65c3f36a52306e6c464ba7d9d2cc2ba2 to remote] DEBUG org.asynchttpclient.netty.request.NettyRequestSender - Using open Channel [id: 0x629d301e, L:/127.0.0.1:57255 - R:localhost/127.0.0.1:54225] for POST '/session/65c3f36a52306e6c464ba7d9d2cc2ba2/window/rect'
21:12:40.847 [AsyncHttpClient-1-6] DEBUG org.asynchttpclient.netty.handler.HttpHandler - 

Request DefaultHttpRequest(decodeResult: success, version: HTTP/1.1)
POST /session/65c3f36a52306e6c464ba7d9d2cc2ba2/window/rect HTTP/1.1
User-Agent: selenium/4.1.2 (java windows)
Content-Length: 22
Content-Type: application/json; charset=utf-8
host: localhost:54225
accept: */*

Response DefaultHttpResponse(decodeResult: success, version: HTTP/1.1)
HTTP/1.1 200 OK
Content-Type: application/json; charset=utf-8
cache-control: no-cache
content-length: 49

21:12:40.848 [AsyncHttpClient-1-6] DEBUG org.asynchttpclient.netty.channel.ChannelManager - Adding key: http://localhost:54225 for channel [id: 0x629d301e, L:/127.0.0.1:57255 - R:localhost/127.0.0.1:54225]
21:12:40.853 [Forwarding get on session 65c3f36a52306e6c464ba7d9d2cc2ba2 to remote] DEBUG org.asynchttpclient.netty.request.NettyRequestSender - Using pooled Channel '[id: 0x629d301e, L:/127.0.0.1:57255 - R:localhost/127.0.0.1:54225]' for 'POST' to 'http://localhost:54225/session/65c3f36a52306e6c464ba7d9d2cc2ba2/url'
21:12:40.854 [Forwarding get on session 65c3f36a52306e6c464ba7d9d2cc2ba2 to remote] DEBUG org.asynchttpclient.netty.request.NettyRequestSender - Using open Channel [id: 0x629d301e, L:/127.0.0.1:57255 - R:localhost/127.0.0.1:54225] for POST '/session/65c3f36a52306e6c464ba7d9d2cc2ba2/url'
21:12:41.391 [AsyncHttpClient-1-1] DEBUG org.asynchttpclient.netty.channel.DefaultChannelPool - Entry count for : http://localhost:57256 : 1
21:12:42.496 [AsyncHttpClient-1-1] DEBUG org.asynchttpclient.netty.channel.DefaultChannelPool - Entry count for : http://localhost:57256 : 1
21:12:43.592 [AsyncHttpClient-1-1] DEBUG org.asynchttpclient.netty.channel.DefaultChannelPool - Entry count for : http://localhost:57256 : 1
21:12:44.699 [AsyncHttpClient-1-1] DEBUG org.asynchttpclient.netty.channel.DefaultChannelPool - Entry count for : http://localhost:57256 : 1
21:12:45.791 [AsyncHttpClient-1-1] DEBUG org.asynchttpclient.netty.channel.DefaultChannelPool - Entry count for : http://localhost:57256 : 1
21:12:46.417 [AsyncHttpClient-1-6] DEBUG org.asynchttpclient.netty.handler.HttpHandler - 

Request DefaultHttpRequest(decodeResult: success, version: HTTP/1.1)
POST /session/65c3f36a52306e6c464ba7d9d2cc2ba2/url HTTP/1.1
User-Agent: selenium/4.1.2 (java windows)
Content-Length: 49
Content-Type: application/json; charset=utf-8
host: localhost:54225
accept: */*

Response DefaultHttpResponse(decodeResult: success, version: HTTP/1.1)
HTTP/1.1 200 OK
Content-Type: application/json; charset=utf-8
cache-control: no-cache
content-length: 14

21:12:46.418 [AsyncHttpClient-1-6] DEBUG org.asynchttpclient.netty.channel.ChannelManager - Adding key: http://localhost:54225 for channel [id: 0x629d301e, L:/127.0.0.1:57255 - R:localhost/127.0.0.1:54225]
21:12:46.421 [Forwarding setTimeout on session 65c3f36a52306e6c464ba7d9d2cc2ba2 to remote] DEBUG org.asynchttpclient.netty.request.NettyRequestSender - Using pooled Channel '[id: 0x629d301e, L:/127.0.0.1:57255 - R:localhost/127.0.0.1:54225]' for 'POST' to 'http://localhost:54225/session/65c3f36a52306e6c464ba7d9d2cc2ba2/timeouts'
21:12:46.421 [Forwarding setTimeout on session 65c3f36a52306e6c464ba7d9d2cc2ba2 to remote] DEBUG org.asynchttpclient.netty.request.NettyRequestSender - Using open Channel [id: 0x629d301e, L:/127.0.0.1:57255 - R:localhost/127.0.0.1:54225] for POST '/session/65c3f36a52306e6c464ba7d9d2cc2ba2/timeouts'
21:12:46.438 [AsyncHttpClient-1-6] DEBUG org.asynchttpclient.netty.handler.HttpHandler - 

Request DefaultHttpRequest(decodeResult: success, version: HTTP/1.1)
POST /session/65c3f36a52306e6c464ba7d9d2cc2ba2/timeouts HTTP/1.1
User-Agent: selenium/4.1.2 (java windows)
Content-Length: 22
Content-Type: application/json; charset=utf-8
host: localhost:54225
accept: */*

Response DefaultHttpResponse(decodeResult: success, version: HTTP/1.1)
HTTP/1.1 200 OK
Content-Type: application/json; charset=utf-8
cache-control: no-cache
content-length: 14

21:12:46.438 [AsyncHttpClient-1-6] DEBUG org.asynchttpclient.netty.channel.ChannelManager - Adding key: http://localhost:54225 for channel [id: 0x629d301e, L:/127.0.0.1:57255 - R:localhost/127.0.0.1:54225]
21:12:46.446 [Forwarding getCurrentUrl on session 65c3f36a52306e6c464ba7d9d2cc2ba2 to remote] DEBUG org.asynchttpclient.netty.request.NettyRequestSender - Using pooled Channel '[id: 0x629d301e, L:/127.0.0.1:57255 - R:localhost/127.0.0.1:54225]' for 'GET' to 'http://localhost:54225/session/65c3f36a52306e6c464ba7d9d2cc2ba2/url'
21:12:46.446 [Forwarding getCurrentUrl on session 65c3f36a52306e6c464ba7d9d2cc2ba2 to remote] DEBUG org.asynchttpclient.netty.request.NettyRequestSender - Using open Channel [id: 0x629d301e, L:/127.0.0.1:57255 - R:localhost/127.0.0.1:54225] for GET '/session/65c3f36a52306e6c464ba7d9d2cc2ba2/url'
21:12:46.460 [AsyncHttpClient-1-6] DEBUG org.asynchttpclient.netty.handler.HttpHandler - 

Request DefaultFullHttpRequest(decodeResult: success, version: HTTP/1.1, content: EmptyByteBufBE)
GET /session/65c3f36a52306e6c464ba7d9d2cc2ba2/url HTTP/1.1
User-Agent: selenium/4.1.2 (java windows)
Cache-Control: no-cache
Content-Type: application/json; charset=utf-8
host: localhost:54225
accept: */*

Response DefaultHttpResponse(decodeResult: success, version: HTTP/1.1)
HTTP/1.1 200 OK
Content-Type: application/json; charset=utf-8
cache-control: no-cache
content-length: 31

21:12:46.460 [AsyncHttpClient-1-6] DEBUG org.asynchttpclient.netty.channel.ChannelManager - Adding key: http://localhost:54225 for channel [id: 0x629d301e, L:/127.0.0.1:57255 - R:localhost/127.0.0.1:54225]
21:12:46.472 [Forwarding getCurrentUrl on session 65c3f36a52306e6c464ba7d9d2cc2ba2 to remote] DEBUG org.asynchttpclient.netty.request.NettyRequestSender - Using pooled Channel '[id: 0x629d301e, L:/127.0.0.1:57255 - R:localhost/127.0.0.1:54225]' for 'GET' to 'http://localhost:54225/session/65c3f36a52306e6c464ba7d9d2cc2ba2/url'
21:12:46.472 [Forwarding getCurrentUrl on session 65c3f36a52306e6c464ba7d9d2cc2ba2 to remote] DEBUG org.asynchttpclient.netty.request.NettyRequestSender - Using open Channel [id: 0x629d301e, L:/127.0.0.1:57255 - R:localhost/127.0.0.1:54225] for GET '/session/65c3f36a52306e6c464ba7d9d2cc2ba2/url'
21:12:46.477 [AsyncHttpClient-1-6] DEBUG org.asynchttpclient.netty.handler.HttpHandler - 

Request DefaultFullHttpRequest(decodeResult: success, version: HTTP/1.1, content: EmptyByteBufBE)
GET /session/65c3f36a52306e6c464ba7d9d2cc2ba2/url HTTP/1.1
User-Agent: selenium/4.1.2 (java windows)
Cache-Control: no-cache
Content-Type: application/json; charset=utf-8
host: localhost:54225
accept: */*

Response DefaultHttpResponse(decodeResult: success, version: HTTP/1.1)
HTTP/1.1 200 OK
Content-Type: application/json; charset=utf-8
cache-control: no-cache
content-length: 31

21:12:46.477 [AsyncHttpClient-1-6] DEBUG org.asynchttpclient.netty.channel.ChannelManager - Adding key: http://localhost:54225 for channel [id: 0x629d301e, L:/127.0.0.1:57255 - R:localhost/127.0.0.1:54225]
21:12:46.490 [Forwarding screenshot on session 65c3f36a52306e6c464ba7d9d2cc2ba2 to remote] DEBUG org.asynchttpclient.netty.request.NettyRequestSender - Using pooled Channel '[id: 0x629d301e, L:/127.0.0.1:57255 - R:localhost/127.0.0.1:54225]' for 'GET' to 'http://localhost:54225/session/65c3f36a52306e6c464ba7d9d2cc2ba2/screenshot'
21:12:46.490 [Forwarding screenshot on session 65c3f36a52306e6c464ba7d9d2cc2ba2 to remote] DEBUG org.asynchttpclient.netty.request.NettyRequestSender - Using open Channel [id: 0x629d301e, L:/127.0.0.1:57255 - R:localhost/127.0.0.1:54225] for GET '/session/65c3f36a52306e6c464ba7d9d2cc2ba2/screenshot'
21:12:46.733 [AsyncHttpClient-1-6] DEBUG org.asynchttpclient.netty.handler.HttpHandler - 

Request DefaultFullHttpRequest(decodeResult: success, version: HTTP/1.1, content: EmptyByteBufBE)
GET /session/65c3f36a52306e6c464ba7d9d2cc2ba2/screenshot HTTP/1.1
User-Agent: selenium/4.1.2 (java windows)
Cache-Control: no-cache
Content-Type: application/json; charset=utf-8
host: localhost:54225
accept: */*

Response DefaultHttpResponse(decodeResult: success, version: HTTP/1.1)
HTTP/1.1 200 OK
Content-Type: application/json; charset=utf-8
cache-control: no-cache
content-length: 25784

21:12:46.734 [AsyncHttpClient-1-6] DEBUG org.asynchttpclient.netty.channel.ChannelManager - Adding key: http://localhost:54225 for channel [id: 0x629d301e, L:/127.0.0.1:57255 - R:localhost/127.0.0.1:54225]
21:12:46.737 [main] DEBUG net.serenitybdd.core.photography.Darkroom - Send negative for processing for target\site\serenity\6346bd1059c8152697ec05b09c22269fbf2986277d3c8facba82175f3947add0.png
21:12:46.738 [main] DEBUG net.thucydides.core.steps.StepInterceptor - STEP DONE: openPage
21:12:46.738 [Darkroom Processing Line] DEBUG net.serenitybdd.core.photography.DarkroomProcessingLine - Processing screenshot image in /var/screenshots/screenshot-527139474459847927
21:12:46.738 [Darkroom Processing Line] DEBUG net.serenitybdd.core.photography.DarkroomProcessingLine - Saving screenshot to target\site\serenity\6346bd1059c8152697ec05b09c22269fbf2986277d3c8facba82175f3947add0.png
21:12:46.755 [main] DEBUG net.thucydides.core.steps.StepInterceptor - STARTING STEP: LoginSteps.onLoginPage - clickLoginIcon
21:12:46.821 [Forwarding findElement on session 65c3f36a52306e6c464ba7d9d2cc2ba2 to remote] DEBUG org.asynchttpclient.netty.request.NettyRequestSender - Using pooled Channel '[id: 0x629d301e, L:/127.0.0.1:57255 - R:localhost/127.0.0.1:54225]' for 'POST' to 'http://localhost:54225/session/65c3f36a52306e6c464ba7d9d2cc2ba2/element'
21:12:46.821 [Forwarding findElement on session 65c3f36a52306e6c464ba7d9d2cc2ba2 to remote] DEBUG org.asynchttpclient.netty.request.NettyRequestSender - Using open Channel [id: 0x629d301e, L:/127.0.0.1:57255 - R:localhost/127.0.0.1:54225] for POST '/session/65c3f36a52306e6c464ba7d9d2cc2ba2/element'
21:12:46.861 [AsyncHttpClient-1-6] DEBUG org.asynchttpclient.netty.handler.HttpHandler - 

Request DefaultHttpRequest(decodeResult: success, version: HTTP/1.1)
POST /session/65c3f36a52306e6c464ba7d9d2cc2ba2/element HTTP/1.1
User-Agent: selenium/4.1.2 (java windows)
Content-Length: 129
Content-Type: application/json; charset=utf-8
host: localhost:54225
accept: */*

Response DefaultHttpResponse(decodeResult: success, version: HTTP/1.1)
HTTP/1.1 200 OK
Content-Type: application/json; charset=utf-8
cache-control: no-cache
content-length: 88

21:12:46.861 [AsyncHttpClient-1-6] DEBUG org.asynchttpclient.netty.channel.ChannelManager - Adding key: http://localhost:54225 for channel [id: 0x629d301e, L:/127.0.0.1:57255 - R:localhost/127.0.0.1:54225]
21:12:46.864 [Forwarding getElementTagName on session 65c3f36a52306e6c464ba7d9d2cc2ba2 to remote] DEBUG org.asynchttpclient.netty.request.NettyRequestSender - Using pooled Channel '[id: 0x629d301e, L:/127.0.0.1:57255 - R:localhost/127.0.0.1:54225]' for 'GET' to 'http://localhost:54225/session/65c3f36a52306e6c464ba7d9d2cc2ba2/element/5923206e-07a9-47b7-9be5-a117965d7880/name'
21:12:46.864 [Forwarding getElementTagName on session 65c3f36a52306e6c464ba7d9d2cc2ba2 to remote] DEBUG org.asynchttpclient.netty.request.NettyRequestSender - Using open Channel [id: 0x629d301e, L:/127.0.0.1:57255 - R:localhost/127.0.0.1:54225] for GET '/session/65c3f36a52306e6c464ba7d9d2cc2ba2/element/5923206e-07a9-47b7-9be5-a117965d7880/name'
21:12:46.881 [AsyncHttpClient-1-6] DEBUG org.asynchttpclient.netty.handler.HttpHandler - 

Request DefaultFullHttpRequest(decodeResult: success, version: HTTP/1.1, content: EmptyByteBufBE)
GET /session/65c3f36a52306e6c464ba7d9d2cc2ba2/element/5923206e-07a9-47b7-9be5-a117965d7880/name HTTP/1.1
User-Agent: selenium/4.1.2 (java windows)
Cache-Control: no-cache
Content-Type: application/json; charset=utf-8
host: localhost:54225
accept: */*

Response DefaultHttpResponse(decodeResult: success, version: HTTP/1.1)
HTTP/1.1 200 OK
Content-Type: application/json; charset=utf-8
cache-control: no-cache
content-length: 18

21:12:46.881 [AsyncHttpClient-1-6] DEBUG org.asynchttpclient.netty.channel.ChannelManager - Adding key: http://localhost:54225 for channel [id: 0x629d301e, L:/127.0.0.1:57255 - R:localhost/127.0.0.1:54225]
21:12:46.883 [Forwarding getElementTagName on session 65c3f36a52306e6c464ba7d9d2cc2ba2 to remote] DEBUG org.asynchttpclient.netty.request.NettyRequestSender - Using pooled Channel '[id: 0x629d301e, L:/127.0.0.1:57255 - R:localhost/127.0.0.1:54225]' for 'GET' to 'http://localhost:54225/session/65c3f36a52306e6c464ba7d9d2cc2ba2/element/5923206e-07a9-47b7-9be5-a117965d7880/name'
21:12:46.883 [Forwarding getElementTagName on session 65c3f36a52306e6c464ba7d9d2cc2ba2 to remote] DEBUG org.asynchttpclient.netty.request.NettyRequestSender - Using open Channel [id: 0x629d301e, L:/127.0.0.1:57255 - R:localhost/127.0.0.1:54225] for GET '/session/65c3f36a52306e6c464ba7d9d2cc2ba2/element/5923206e-07a9-47b7-9be5-a117965d7880/name'
21:12:46.895 [AsyncHttpClient-1-6] DEBUG org.asynchttpclient.netty.handler.HttpHandler - 

Request DefaultFullHttpRequest(decodeResult: success, version: HTTP/1.1, content: EmptyByteBufBE)
GET /session/65c3f36a52306e6c464ba7d9d2cc2ba2/element/5923206e-07a9-47b7-9be5-a117965d7880/name HTTP/1.1
User-Agent: selenium/4.1.2 (java windows)
Cache-Control: no-cache
Content-Type: application/json; charset=utf-8
host: localhost:54225
accept: */*

Response DefaultHttpResponse(decodeResult: success, version: HTTP/1.1)
HTTP/1.1 200 OK
Content-Type: application/json; charset=utf-8
cache-control: no-cache
content-length: 18

21:12:46.893 [AsyncHttpClient-1-1] DEBUG org.asynchttpclient.netty.channel.DefaultChannelPool - Entry count for : http://localhost:57256 : 1
21:12:46.897 [AsyncHttpClient-1-6] DEBUG org.asynchttpclient.netty.channel.ChannelManager - Adding key: http://localhost:54225 for channel [id: 0x629d301e, L:/127.0.0.1:57255 - R:localhost/127.0.0.1:54225]
21:12:46.903 [Forwarding isElementEnabled on session 65c3f36a52306e6c464ba7d9d2cc2ba2 to remote] DEBUG org.asynchttpclient.netty.request.NettyRequestSender - Using pooled Channel '[id: 0x629d301e, L:/127.0.0.1:57255 - R:localhost/127.0.0.1:54225]' for 'GET' to 'http://localhost:54225/session/65c3f36a52306e6c464ba7d9d2cc2ba2/element/5923206e-07a9-47b7-9be5-a117965d7880/enabled'
21:12:46.904 [Forwarding isElementEnabled on session 65c3f36a52306e6c464ba7d9d2cc2ba2 to remote] DEBUG org.asynchttpclient.netty.request.NettyRequestSender - Using open Channel [id: 0x629d301e, L:/127.0.0.1:57255 - R:localhost/127.0.0.1:54225] for GET '/session/65c3f36a52306e6c464ba7d9d2cc2ba2/element/5923206e-07a9-47b7-9be5-a117965d7880/enabled'
21:12:46.924 [AsyncHttpClient-1-6] DEBUG org.asynchttpclient.netty.handler.HttpHandler - 

Request DefaultFullHttpRequest(decodeResult: success, version: HTTP/1.1, content: EmptyByteBufBE)
GET /session/65c3f36a52306e6c464ba7d9d2cc2ba2/element/5923206e-07a9-47b7-9be5-a117965d7880/enabled HTTP/1.1
User-Agent: selenium/4.1.2 (java windows)
Cache-Control: no-cache
Content-Type: application/json; charset=utf-8
host: localhost:54225
accept: */*

Response DefaultHttpResponse(decodeResult: success, version: HTTP/1.1)
HTTP/1.1 200 OK
Content-Type: application/json; charset=utf-8
cache-control: no-cache
content-length: 14

21:12:46.925 [AsyncHttpClient-1-6] DEBUG org.asynchttpclient.netty.channel.ChannelManager - Adding key: http://localhost:54225 for channel [id: 0x629d301e, L:/127.0.0.1:57255 - R:localhost/127.0.0.1:54225]
21:12:46.936 [Forwarding isElementEnabled on session 65c3f36a52306e6c464ba7d9d2cc2ba2 to remote] DEBUG org.asynchttpclient.netty.request.NettyRequestSender - Using pooled Channel '[id: 0x629d301e, L:/127.0.0.1:57255 - R:localhost/127.0.0.1:54225]' for 'GET' to 'http://localhost:54225/session/65c3f36a52306e6c464ba7d9d2cc2ba2/element/5923206e-07a9-47b7-9be5-a117965d7880/enabled'
21:12:46.936 [Forwarding isElementEnabled on session 65c3f36a52306e6c464ba7d9d2cc2ba2 to remote] DEBUG org.asynchttpclient.netty.request.NettyRequestSender - Using open Channel [id: 0x629d301e, L:/127.0.0.1:57255 - R:localhost/127.0.0.1:54225] for GET '/session/65c3f36a52306e6c464ba7d9d2cc2ba2/element/5923206e-07a9-47b7-9be5-a117965d7880/enabled'
21:12:46.954 [AsyncHttpClient-1-6] DEBUG org.asynchttpclient.netty.handler.HttpHandler - 

Request DefaultFullHttpRequest(decodeResult: success, version: HTTP/1.1, content: EmptyByteBufBE)
GET /session/65c3f36a52306e6c464ba7d9d2cc2ba2/element/5923206e-07a9-47b7-9be5-a117965d7880/enabled HTTP/1.1
User-Agent: selenium/4.1.2 (java windows)
Cache-Control: no-cache
Content-Type: application/json; charset=utf-8
host: localhost:54225
accept: */*

Response DefaultHttpResponse(decodeResult: success, version: HTTP/1.1)
HTTP/1.1 200 OK
Content-Type: application/json; charset=utf-8
cache-control: no-cache
content-length: 14

21:12:46.954 [AsyncHttpClient-1-6] DEBUG org.asynchttpclient.netty.channel.ChannelManager - Adding key: http://localhost:54225 for channel [id: 0x629d301e, L:/127.0.0.1:57255 - R:localhost/127.0.0.1:54225]
21:12:46.964 [Forwarding findElement on session 65c3f36a52306e6c464ba7d9d2cc2ba2 to remote] DEBUG org.asynchttpclient.netty.request.NettyRequestSender - Using pooled Channel '[id: 0x629d301e, L:/127.0.0.1:57255 - R:localhost/127.0.0.1:54225]' for 'POST' to 'http://localhost:54225/session/65c3f36a52306e6c464ba7d9d2cc2ba2/element'
21:12:46.964 [Forwarding findElement on session 65c3f36a52306e6c464ba7d9d2cc2ba2 to remote] DEBUG org.asynchttpclient.netty.request.NettyRequestSender - Using open Channel [id: 0x629d301e, L:/127.0.0.1:57255 - R:localhost/127.0.0.1:54225] for POST '/session/65c3f36a52306e6c464ba7d9d2cc2ba2/element'
21:12:47.094 [AsyncHttpClient-1-6] DEBUG org.asynchttpclient.netty.handler.HttpHandler - 

Request DefaultHttpRequest(decodeResult: success, version: HTTP/1.1)
POST /session/65c3f36a52306e6c464ba7d9d2cc2ba2/element HTTP/1.1
User-Agent: selenium/4.1.2 (java windows)
Content-Length: 129
Content-Type: application/json; charset=utf-8
host: localhost:54225
accept: */*

Response DefaultHttpResponse(decodeResult: success, version: HTTP/1.1)
HTTP/1.1 200 OK
Content-Type: application/json; charset=utf-8
cache-control: no-cache
content-length: 88

21:12:47.094 [AsyncHttpClient-1-6] DEBUG org.asynchttpclient.netty.channel.ChannelManager - Adding key: http://localhost:54225 for channel [id: 0x629d301e, L:/127.0.0.1:57255 - R:localhost/127.0.0.1:54225]
21:12:47.096 [Forwarding clickElement on session 65c3f36a52306e6c464ba7d9d2cc2ba2 to remote] DEBUG org.asynchttpclient.netty.request.NettyRequestSender - Using pooled Channel '[id: 0x629d301e, L:/127.0.0.1:57255 - R:localhost/127.0.0.1:54225]' for 'POST' to 'http://localhost:54225/session/65c3f36a52306e6c464ba7d9d2cc2ba2/element/5923206e-07a9-47b7-9be5-a117965d7880/click'
21:12:47.096 [Forwarding clickElement on session 65c3f36a52306e6c464ba7d9d2cc2ba2 to remote] DEBUG org.asynchttpclient.netty.request.NettyRequestSender - Using open Channel [id: 0x629d301e, L:/127.0.0.1:57255 - R:localhost/127.0.0.1:54225] for POST '/session/65c3f36a52306e6c464ba7d9d2cc2ba2/element/5923206e-07a9-47b7-9be5-a117965d7880/click'
21:12:47.995 [AsyncHttpClient-1-1] DEBUG org.asynchttpclient.netty.channel.DefaultChannelPool - Entry count for : http://localhost:57256 : 1
21:12:49.093 [AsyncHttpClient-1-1] DEBUG org.asynchttpclient.netty.channel.DefaultChannelPool - Entry count for : http://localhost:57256 : 1
21:12:50.209 [AsyncHttpClient-1-1] DEBUG org.asynchttpclient.netty.channel.DefaultChannelPool - Entry count for : http://localhost:57256 : 1
21:12:50.352 [AsyncHttpClient-1-6] DEBUG org.asynchttpclient.netty.handler.HttpHandler - 

Request DefaultHttpRequest(decodeResult: success, version: HTTP/1.1)
POST /session/65c3f36a52306e6c464ba7d9d2cc2ba2/element/5923206e-07a9-47b7-9be5-a117965d7880/click HTTP/1.1
User-Agent: selenium/4.1.2 (java windows)
Content-Length: 50
Content-Type: application/json; charset=utf-8
host: localhost:54225
accept: */*

Response DefaultHttpResponse(decodeResult: success, version: HTTP/1.1)
HTTP/1.1 200 OK
Content-Type: application/json; charset=utf-8
cache-control: no-cache
content-length: 14

21:12:50.353 [AsyncHttpClient-1-6] DEBUG org.asynchttpclient.netty.channel.ChannelManager - Adding key: http://localhost:54225 for channel [id: 0x629d301e, L:/127.0.0.1:57255 - R:localhost/127.0.0.1:54225]
21:12:50.365 [Forwarding screenshot on session 65c3f36a52306e6c464ba7d9d2cc2ba2 to remote] DEBUG org.asynchttpclient.netty.request.NettyRequestSender - Using pooled Channel '[id: 0x629d301e, L:/127.0.0.1:57255 - R:localhost/127.0.0.1:54225]' for 'GET' to 'http://localhost:54225/session/65c3f36a52306e6c464ba7d9d2cc2ba2/screenshot'
21:12:50.366 [Forwarding screenshot on session 65c3f36a52306e6c464ba7d9d2cc2ba2 to remote] DEBUG org.asynchttpclient.netty.request.NettyRequestSender - Using open Channel [id: 0x629d301e, L:/127.0.0.1:57255 - R:localhost/127.0.0.1:54225] for GET '/session/65c3f36a52306e6c464ba7d9d2cc2ba2/screenshot'
21:12:50.806 [AsyncHttpClient-1-6] DEBUG org.asynchttpclient.netty.handler.HttpHandler - 

Request DefaultFullHttpRequest(decodeResult: success, version: HTTP/1.1, content: EmptyByteBufBE)
GET /session/65c3f36a52306e6c464ba7d9d2cc2ba2/screenshot HTTP/1.1
User-Agent: selenium/4.1.2 (java windows)
Cache-Control: no-cache
Content-Type: application/json; charset=utf-8
host: localhost:54225
accept: */*

Response DefaultHttpResponse(decodeResult: success, version: HTTP/1.1)
HTTP/1.1 200 OK
Content-Type: application/json; charset=utf-8
cache-control: no-cache
content-length: 26636

21:12:50.807 [AsyncHttpClient-1-6] DEBUG org.asynchttpclient.netty.channel.ChannelManager - Adding key: http://localhost:54225 for channel [id: 0x629d301e, L:/127.0.0.1:57255 - R:localhost/127.0.0.1:54225]
21:12:50.810 [main] DEBUG net.serenitybdd.core.photography.Darkroom - Send negative for processing for target\site\serenity\a858c04a38cd62c7c679ca86fc9e39cc64df5cb0a3dfa8fa06e7e3b6b2aa1244.png
21:12:50.810 [main] DEBUG net.thucydides.core.steps.StepInterceptor - STEP DONE: clickLoginIcon
21:12:50.810 [Darkroom Processing Line] DEBUG net.serenitybdd.core.photography.DarkroomProcessingLine - Processing screenshot image in /var/screenshots/screenshot-6295092394278727164
21:12:50.810 [Darkroom Processing Line] DEBUG net.serenitybdd.core.photography.DarkroomProcessingLine - Saving screenshot to target\site\serenity\a858c04a38cd62c7c679ca86fc9e39cc64df5cb0a3dfa8fa06e7e3b6b2aa1244.png
  &amp#27;[32mGiven &amp#27;[0m&amp#27;[32mi am on the login page&amp#27;[0m                               &amp#27;[90m# starter.stepdefenitions.LoginSteps.onLoginPage()&amp#27;[0m
21:12:50.824 [main] DEBUG net.thucydides.core.steps.StepInterceptor - STARTING STEP: LoginSteps.notInputUsernamePassword - inputPassword
21:12:50.827 [Forwarding findElement on session 65c3f36a52306e6c464ba7d9d2cc2ba2 to remote] DEBUG org.asynchttpclient.netty.request.NettyRequestSender - Using pooled Channel '[id: 0x629d301e, L:/127.0.0.1:57255 - R:localhost/127.0.0.1:54225]' for 'POST' to 'http://localhost:54225/session/65c3f36a52306e6c464ba7d9d2cc2ba2/element'
21:12:50.827 [Forwarding findElement on session 65c3f36a52306e6c464ba7d9d2cc2ba2 to remote] DEBUG org.asynchttpclient.netty.request.NettyRequestSender - Using open Channel [id: 0x629d301e, L:/127.0.0.1:57255 - R:localhost/127.0.0.1:54225] for POST '/session/65c3f36a52306e6c464ba7d9d2cc2ba2/element'
21:12:50.843 [AsyncHttpClient-1-6] DEBUG org.asynchttpclient.netty.handler.HttpHandler - 

Request DefaultHttpRequest(decodeResult: success, version: HTTP/1.1)
POST /session/65c3f36a52306e6c464ba7d9d2cc2ba2/element HTTP/1.1
User-Agent: selenium/4.1.2 (java windows)
Content-Length: 113
Content-Type: application/json; charset=utf-8
host: localhost:54225
accept: */*

Response DefaultHttpResponse(decodeResult: success, version: HTTP/1.1)
HTTP/1.1 200 OK
Content-Type: application/json; charset=utf-8
cache-control: no-cache
content-length: 88

21:12:50.843 [AsyncHttpClient-1-6] DEBUG org.asynchttpclient.netty.channel.ChannelManager - Adding key: http://localhost:54225 for channel [id: 0x629d301e, L:/127.0.0.1:57255 - R:localhost/127.0.0.1:54225]
21:12:50.845 [Forwarding clearElement on session 65c3f36a52306e6c464ba7d9d2cc2ba2 to remote] DEBUG org.asynchttpclient.netty.request.NettyRequestSender - Using pooled Channel '[id: 0x629d301e, L:/127.0.0.1:57255 - R:localhost/127.0.0.1:54225]' for 'POST' to 'http://localhost:54225/session/65c3f36a52306e6c464ba7d9d2cc2ba2/element/1913b29d-0ab2-4ed3-b186-de0fcdc85eb2/clear'
21:12:50.845 [Forwarding clearElement on session 65c3f36a52306e6c464ba7d9d2cc2ba2 to remote] DEBUG org.asynchttpclient.netty.request.NettyRequestSender - Using open Channel [id: 0x629d301e, L:/127.0.0.1:57255 - R:localhost/127.0.0.1:54225] for POST '/session/65c3f36a52306e6c464ba7d9d2cc2ba2/element/1913b29d-0ab2-4ed3-b186-de0fcdc85eb2/clear'
21:12:50.889 [AsyncHttpClient-1-6] DEBUG org.asynchttpclient.netty.handler.HttpHandler - 

Request DefaultHttpRequest(decodeResult: success, version: HTTP/1.1)
POST /session/65c3f36a52306e6c464ba7d9d2cc2ba2/element/1913b29d-0ab2-4ed3-b186-de0fcdc85eb2/clear HTTP/1.1
User-Agent: selenium/4.1.2 (java windows)
Content-Length: 50
Content-Type: application/json; charset=utf-8
host: localhost:54225
accept: */*

Response DefaultHttpResponse(decodeResult: success, version: HTTP/1.1)
HTTP/1.1 200 OK
Content-Type: application/json; charset=utf-8
cache-control: no-cache
content-length: 14

21:12:50.889 [AsyncHttpClient-1-6] DEBUG org.asynchttpclient.netty.channel.ChannelManager - Adding key: http://localhost:54225 for channel [id: 0x629d301e, L:/127.0.0.1:57255 - R:localhost/127.0.0.1:54225]
21:12:50.891 [Forwarding sendKeysToElement on session 65c3f36a52306e6c464ba7d9d2cc2ba2 to remote] DEBUG org.asynchttpclient.netty.request.NettyRequestSender - Using pooled Channel '[id: 0x629d301e, L:/127.0.0.1:57255 - R:localhost/127.0.0.1:54225]' for 'POST' to 'http://localhost:54225/session/65c3f36a52306e6c464ba7d9d2cc2ba2/element/1913b29d-0ab2-4ed3-b186-de0fcdc85eb2/value'
21:12:50.891 [Forwarding sendKeysToElement on session 65c3f36a52306e6c464ba7d9d2cc2ba2 to remote] DEBUG org.asynchttpclient.netty.request.NettyRequestSender - Using open Channel [id: 0x629d301e, L:/127.0.0.1:57255 - R:localhost/127.0.0.1:54225] for POST '/session/65c3f36a52306e6c464ba7d9d2cc2ba2/element/1913b29d-0ab2-4ed3-b186-de0fcdc85eb2/value'
21:12:50.946 [AsyncHttpClient-1-6] DEBUG org.asynchttpclient.netty.handler.HttpHandler - 

Request DefaultHttpRequest(decodeResult: success, version: HTTP/1.1)
POST /session/65c3f36a52306e6c464ba7d9d2cc2ba2/element/1913b29d-0ab2-4ed3-b186-de0fcdc85eb2/value HTTP/1.1
User-Agent: selenium/4.1.2 (java windows)
Content-Length: 82
Content-Type: application/json; charset=utf-8
host: localhost:54225
accept: */*

Response DefaultHttpResponse(decodeResult: success, version: HTTP/1.1)
HTTP/1.1 200 OK
Content-Type: application/json; charset=utf-8
cache-control: no-cache
content-length: 14

21:12:50.946 [AsyncHttpClient-1-6] DEBUG org.asynchttpclient.netty.channel.ChannelManager - Adding key: http://localhost:54225 for channel [id: 0x629d301e, L:/127.0.0.1:57255 - R:localhost/127.0.0.1:54225]
21:12:50.953 [Forwarding screenshot on session 65c3f36a52306e6c464ba7d9d2cc2ba2 to remote] DEBUG org.asynchttpclient.netty.request.NettyRequestSender - Using pooled Channel '[id: 0x629d301e, L:/127.0.0.1:57255 - R:localhost/127.0.0.1:54225]' for 'GET' to 'http://localhost:54225/session/65c3f36a52306e6c464ba7d9d2cc2ba2/screenshot'
21:12:50.953 [Forwarding screenshot on session 65c3f36a52306e6c464ba7d9d2cc2ba2 to remote] DEBUG org.asynchttpclient.netty.request.NettyRequestSender - Using open Channel [id: 0x629d301e, L:/127.0.0.1:57255 - R:localhost/127.0.0.1:54225] for GET '/session/65c3f36a52306e6c464ba7d9d2cc2ba2/screenshot'
21:12:51.130 [AsyncHttpClient-1-6] DEBUG org.asynchttpclient.netty.handler.HttpHandler - 

Request DefaultFullHttpRequest(decodeResult: success, version: HTTP/1.1, content: EmptyByteBufBE)
GET /session/65c3f36a52306e6c464ba7d9d2cc2ba2/screenshot HTTP/1.1
User-Agent: selenium/4.1.2 (java windows)
Cache-Control: no-cache
Content-Type: application/json; charset=utf-8
host: localhost:54225
accept: */*

Response DefaultHttpResponse(decodeResult: success, version: HTTP/1.1)
HTTP/1.1 200 OK
Content-Type: application/json; charset=utf-8
cache-control: no-cache
content-length: 26608

21:12:51.131 [AsyncHttpClient-1-6] DEBUG org.asynchttpclient.netty.channel.ChannelManager - Adding key: http://localhost:54225 for channel [id: 0x629d301e, L:/127.0.0.1:57255 - R:localhost/127.0.0.1:54225]
21:12:51.133 [main] DEBUG net.serenitybdd.core.photography.Darkroom - Send negative for processing for target\site\serenity\5dfa9d2374e56d128c17a3d264fc74df3f54ad851a35c98e866b793ab90eee0e.png
21:12:51.134 [main] DEBUG net.thucydides.core.steps.StepInterceptor - STEP DONE: inputPassword
21:12:51.134 [Darkroom Processing Line] DEBUG net.serenitybdd.core.photography.DarkroomProcessingLine - Processing screenshot image in /var/screenshots/screenshot-5636868359884066548
21:12:51.134 [Darkroom Processing Line] DEBUG net.serenitybdd.core.photography.DarkroomProcessingLine - Saving screenshot to target\site\serenity\5dfa9d2374e56d128c17a3d264fc74df3f54ad851a35c98e866b793ab90eee0e.png
21:12:51.140 [main] DEBUG net.thucydides.core.steps.StepInterceptor - STARTING STEP: LoginSteps.notInputUsernamePassword - inputEmail
21:12:51.143 [Forwarding findElement on session 65c3f36a52306e6c464ba7d9d2cc2ba2 to remote] DEBUG org.asynchttpclient.netty.request.NettyRequestSender - Using pooled Channel '[id: 0x629d301e, L:/127.0.0.1:57255 - R:localhost/127.0.0.1:54225]' for 'POST' to 'http://localhost:54225/session/65c3f36a52306e6c464ba7d9d2cc2ba2/element'
21:12:51.143 [Forwarding findElement on session 65c3f36a52306e6c464ba7d9d2cc2ba2 to remote] DEBUG org.asynchttpclient.netty.request.NettyRequestSender - Using open Channel [id: 0x629d301e, L:/127.0.0.1:57255 - R:localhost/127.0.0.1:54225] for POST '/session/65c3f36a52306e6c464ba7d9d2cc2ba2/element'
21:12:51.158 [AsyncHttpClient-1-6] DEBUG org.asynchttpclient.netty.handler.HttpHandler - 

Request DefaultHttpRequest(decodeResult: success, version: HTTP/1.1)
POST /session/65c3f36a52306e6c464ba7d9d2cc2ba2/element HTTP/1.1
User-Agent: selenium/4.1.2 (java windows)
Content-Length: 110
Content-Type: application/json; charset=utf-8
host: localhost:54225
accept: */*

Response DefaultHttpResponse(decodeResult: success, version: HTTP/1.1)
HTTP/1.1 200 OK
Content-Type: application/json; charset=utf-8
cache-control: no-cache
content-length: 88

21:12:51.158 [AsyncHttpClient-1-6] DEBUG org.asynchttpclient.netty.channel.ChannelManager - Adding key: http://localhost:54225 for channel [id: 0x629d301e, L:/127.0.0.1:57255 - R:localhost/127.0.0.1:54225]
21:12:51.159 [Forwarding clearElement on session 65c3f36a52306e6c464ba7d9d2cc2ba2 to remote] DEBUG org.asynchttpclient.netty.request.NettyRequestSender - Using pooled Channel '[id: 0x629d301e, L:/127.0.0.1:57255 - R:localhost/127.0.0.1:54225]' for 'POST' to 'http://localhost:54225/session/65c3f36a52306e6c464ba7d9d2cc2ba2/element/9175dad2-0f08-479f-9ddb-158fda855380/clear'
21:12:51.159 [Forwarding clearElement on session 65c3f36a52306e6c464ba7d9d2cc2ba2 to remote] DEBUG org.asynchttpclient.netty.request.NettyRequestSender - Using open Channel [id: 0x629d301e, L:/127.0.0.1:57255 - R:localhost/127.0.0.1:54225] for POST '/session/65c3f36a52306e6c464ba7d9d2cc2ba2/element/9175dad2-0f08-479f-9ddb-158fda855380/clear'
21:12:51.200 [AsyncHttpClient-1-6] DEBUG org.asynchttpclient.netty.handler.HttpHandler - 

Request DefaultHttpRequest(decodeResult: success, version: HTTP/1.1)
POST /session/65c3f36a52306e6c464ba7d9d2cc2ba2/element/9175dad2-0f08-479f-9ddb-158fda855380/clear HTTP/1.1
User-Agent: selenium/4.1.2 (java windows)
Content-Length: 50
Content-Type: application/json; charset=utf-8
host: localhost:54225
accept: */*

Response DefaultHttpResponse(decodeResult: success, version: HTTP/1.1)
HTTP/1.1 200 OK
Content-Type: application/json; charset=utf-8
cache-control: no-cache
content-length: 14

21:12:51.200 [AsyncHttpClient-1-6] DEBUG org.asynchttpclient.netty.channel.ChannelManager - Adding key: http://localhost:54225 for channel [id: 0x629d301e, L:/127.0.0.1:57255 - R:localhost/127.0.0.1:54225]
21:12:51.202 [Forwarding sendKeysToElement on session 65c3f36a52306e6c464ba7d9d2cc2ba2 to remote] DEBUG org.asynchttpclient.netty.request.NettyRequestSender - Using pooled Channel '[id: 0x629d301e, L:/127.0.0.1:57255 - R:localhost/127.0.0.1:54225]' for 'POST' to 'http://localhost:54225/session/65c3f36a52306e6c464ba7d9d2cc2ba2/element/9175dad2-0f08-479f-9ddb-158fda855380/value'
21:12:51.202 [Forwarding sendKeysToElement on session 65c3f36a52306e6c464ba7d9d2cc2ba2 to remote] DEBUG org.asynchttpclient.netty.request.NettyRequestSender - Using open Channel [id: 0x629d301e, L:/127.0.0.1:57255 - R:localhost/127.0.0.1:54225] for POST '/session/65c3f36a52306e6c464ba7d9d2cc2ba2/element/9175dad2-0f08-479f-9ddb-158fda855380/value'
21:12:51.261 [AsyncHttpClient-1-6] DEBUG org.asynchttpclient.netty.handler.HttpHandler - 

Request DefaultHttpRequest(decodeResult: success, version: HTTP/1.1)
POST /session/65c3f36a52306e6c464ba7d9d2cc2ba2/element/9175dad2-0f08-479f-9ddb-158fda855380/value HTTP/1.1
User-Agent: selenium/4.1.2 (java windows)
Content-Length: 82
Content-Type: application/json; charset=utf-8
host: localhost:54225
accept: */*

Response DefaultHttpResponse(decodeResult: success, version: HTTP/1.1)
HTTP/1.1 200 OK
Content-Type: application/json; charset=utf-8
cache-control: no-cache
content-length: 14

21:12:51.261 [AsyncHttpClient-1-6] DEBUG org.asynchttpclient.netty.channel.ChannelManager - Adding key: http://localhost:54225 for channel [id: 0x629d301e, L:/127.0.0.1:57255 - R:localhost/127.0.0.1:54225]
21:12:51.271 [Forwarding screenshot on session 65c3f36a52306e6c464ba7d9d2cc2ba2 to remote] DEBUG org.asynchttpclient.netty.request.NettyRequestSender - Using pooled Channel '[id: 0x629d301e, L:/127.0.0.1:57255 - R:localhost/127.0.0.1:54225]' for 'GET' to 'http://localhost:54225/session/65c3f36a52306e6c464ba7d9d2cc2ba2/screenshot'
21:12:51.271 [Forwarding screenshot on session 65c3f36a52306e6c464ba7d9d2cc2ba2 to remote] DEBUG org.asynchttpclient.netty.request.NettyRequestSender - Using open Channel [id: 0x629d301e, L:/127.0.0.1:57255 - R:localhost/127.0.0.1:54225] for GET '/session/65c3f36a52306e6c464ba7d9d2cc2ba2/screenshot'
21:12:51.299 [AsyncHttpClient-1-1] DEBUG org.asynchttpclient.netty.channel.DefaultChannelPool - Entry count for : http://localhost:57256 : 1
21:12:51.520 [AsyncHttpClient-1-6] DEBUG org.asynchttpclient.netty.handler.HttpHandler - 

Request DefaultFullHttpRequest(decodeResult: success, version: HTTP/1.1, content: EmptyByteBufBE)
GET /session/65c3f36a52306e6c464ba7d9d2cc2ba2/screenshot HTTP/1.1
User-Agent: selenium/4.1.2 (java windows)
Cache-Control: no-cache
Content-Type: application/json; charset=utf-8
host: localhost:54225
accept: */*

Response DefaultHttpResponse(decodeResult: success, version: HTTP/1.1)
HTTP/1.1 200 OK
Content-Type: application/json; charset=utf-8
cache-control: no-cache
content-length: 27092

21:12:51.520 [AsyncHttpClient-1-6] DEBUG org.asynchttpclient.netty.channel.ChannelManager - Adding key: http://localhost:54225 for channel [id: 0x629d301e, L:/127.0.0.1:57255 - R:localhost/127.0.0.1:54225]
21:12:51.524 [main] DEBUG net.serenitybdd.core.photography.Darkroom - Send negative for processing for target\site\serenity\e1589428fff7870cb84b6a0dc7e58c2006c78227780e1579638f21494c64f362.png
21:12:51.524 [main] DEBUG net.thucydides.core.steps.StepInterceptor - STEP DONE: inputEmail
  &amp#27;[32mWhen &amp#27;[0m&amp#27;[32mi not input username and password&amp#27;[0m                     &amp#27;[90m# starter.stepdefenitions.LoginSteps.notInputUsernamePassword()&amp#27;[0m
21:12:51.526 [Darkroom Processing Line] DEBUG net.serenitybdd.core.photography.DarkroomProcessingLine - Processing screenshot image in /var/screenshots/screenshot-5423276414229747285
21:12:51.526 [Darkroom Processing Line] DEBUG net.serenitybdd.core.photography.DarkroomProcessingLine - Saving screenshot to target\site\serenity\e1589428fff7870cb84b6a0dc7e58c2006c78227780e1579638f21494c64f362.png
21:12:51.563 [main] DEBUG net.thucydides.core.steps.StepInterceptor - STARTING STEP: LoginSteps.clickLoginButton - clickLoginButton
21:12:51.568 [Forwarding findElement on session 65c3f36a52306e6c464ba7d9d2cc2ba2 to remote] DEBUG org.asynchttpclient.netty.request.NettyRequestSender - Using pooled Channel '[id: 0x629d301e, L:/127.0.0.1:57255 - R:localhost/127.0.0.1:54225]' for 'POST' to 'http://localhost:54225/session/65c3f36a52306e6c464ba7d9d2cc2ba2/element'
21:12:51.568 [Forwarding findElement on session 65c3f36a52306e6c464ba7d9d2cc2ba2 to remote] DEBUG org.asynchttpclient.netty.request.NettyRequestSender - Using open Channel [id: 0x629d301e, L:/127.0.0.1:57255 - R:localhost/127.0.0.1:54225] for POST '/session/65c3f36a52306e6c464ba7d9d2cc2ba2/element'
21:12:51.602 [AsyncHttpClient-1-6] DEBUG org.asynchttpclient.netty.handler.HttpHandler - 

Request DefaultHttpRequest(decodeResult: success, version: HTTP/1.1)
POST /session/65c3f36a52306e6c464ba7d9d2cc2ba2/element HTTP/1.1
User-Agent: selenium/4.1.2 (java windows)
Content-Length: 83
Content-Type: application/json; charset=utf-8
host: localhost:54225
accept: */*

Response DefaultHttpResponse(decodeResult: success, version: HTTP/1.1)
HTTP/1.1 200 OK
Content-Type: application/json; charset=utf-8
cache-control: no-cache
content-length: 88

21:12:51.602 [AsyncHttpClient-1-6] DEBUG org.asynchttpclient.netty.channel.ChannelManager - Adding key: http://localhost:54225 for channel [id: 0x629d301e, L:/127.0.0.1:57255 - R:localhost/127.0.0.1:54225]
21:12:51.605 [Forwarding getElementTagName on session 65c3f36a52306e6c464ba7d9d2cc2ba2 to remote] DEBUG org.asynchttpclient.netty.request.NettyRequestSender - Using pooled Channel '[id: 0x629d301e, L:/127.0.0.1:57255 - R:localhost/127.0.0.1:54225]' for 'GET' to 'http://localhost:54225/session/65c3f36a52306e6c464ba7d9d2cc2ba2/element/4dbe9f60-1319-4145-a58b-d06eac188b82/name'
21:12:51.605 [Forwarding getElementTagName on session 65c3f36a52306e6c464ba7d9d2cc2ba2 to remote] DEBUG org.asynchttpclient.netty.request.NettyRequestSender - Using open Channel [id: 0x629d301e, L:/127.0.0.1:57255 - R:localhost/127.0.0.1:54225] for GET '/session/65c3f36a52306e6c464ba7d9d2cc2ba2/element/4dbe9f60-1319-4145-a58b-d06eac188b82/name'
21:12:51.615 [AsyncHttpClient-1-6] DEBUG org.asynchttpclient.netty.handler.HttpHandler - 

Request DefaultFullHttpRequest(decodeResult: success, version: HTTP/1.1, content: EmptyByteBufBE)
GET /session/65c3f36a52306e6c464ba7d9d2cc2ba2/element/4dbe9f60-1319-4145-a58b-d06eac188b82/name HTTP/1.1
User-Agent: selenium/4.1.2 (java windows)
Cache-Control: no-cache
Content-Type: application/json; charset=utf-8
host: localhost:54225
accept: */*

Response DefaultHttpResponse(decodeResult: success, version: HTTP/1.1)
HTTP/1.1 200 OK
Content-Type: application/json; charset=utf-8
cache-control: no-cache
content-length: 16

21:12:51.616 [AsyncHttpClient-1-6] DEBUG org.asynchttpclient.netty.channel.ChannelManager - Adding key: http://localhost:54225 for channel [id: 0x629d301e, L:/127.0.0.1:57255 - R:localhost/127.0.0.1:54225]
21:12:51.618 [Forwarding getElementTagName on session 65c3f36a52306e6c464ba7d9d2cc2ba2 to remote] DEBUG org.asynchttpclient.netty.request.NettyRequestSender - Using pooled Channel '[id: 0x629d301e, L:/127.0.0.1:57255 - R:localhost/127.0.0.1:54225]' for 'GET' to 'http://localhost:54225/session/65c3f36a52306e6c464ba7d9d2cc2ba2/element/4dbe9f60-1319-4145-a58b-d06eac188b82/name'
21:12:51.618 [Forwarding getElementTagName on session 65c3f36a52306e6c464ba7d9d2cc2ba2 to remote] DEBUG org.asynchttpclient.netty.request.NettyRequestSender - Using open Channel [id: 0x629d301e, L:/127.0.0.1:57255 - R:localhost/127.0.0.1:54225] for GET '/session/65c3f36a52306e6c464ba7d9d2cc2ba2/element/4dbe9f60-1319-4145-a58b-d06eac188b82/name'
21:12:51.624 [AsyncHttpClient-1-6] DEBUG org.asynchttpclient.netty.handler.HttpHandler - 

Request DefaultFullHttpRequest(decodeResult: success, version: HTTP/1.1, content: EmptyByteBufBE)
GET /session/65c3f36a52306e6c464ba7d9d2cc2ba2/element/4dbe9f60-1319-4145-a58b-d06eac188b82/name HTTP/1.1
User-Agent: selenium/4.1.2 (java windows)
Cache-Control: no-cache
Content-Type: application/json; charset=utf-8
host: localhost:54225
accept: */*

Response DefaultHttpResponse(decodeResult: success, version: HTTP/1.1)
HTTP/1.1 200 OK
Content-Type: application/json; charset=utf-8
cache-control: no-cache
content-length: 16

21:12:51.624 [AsyncHttpClient-1-6] DEBUG org.asynchttpclient.netty.channel.ChannelManager - Adding key: http://localhost:54225 for channel [id: 0x629d301e, L:/127.0.0.1:57255 - R:localhost/127.0.0.1:54225]
21:12:51.634 [Forwarding findElement on session 65c3f36a52306e6c464ba7d9d2cc2ba2 to remote] DEBUG org.asynchttpclient.netty.request.NettyRequestSender - Using pooled Channel '[id: 0x629d301e, L:/127.0.0.1:57255 - R:localhost/127.0.0.1:54225]' for 'POST' to 'http://localhost:54225/session/65c3f36a52306e6c464ba7d9d2cc2ba2/element'
21:12:51.634 [Forwarding findElement on session 65c3f36a52306e6c464ba7d9d2cc2ba2 to remote] DEBUG org.asynchttpclient.netty.request.NettyRequestSender - Using open Channel [id: 0x629d301e, L:/127.0.0.1:57255 - R:localhost/127.0.0.1:54225] for POST '/session/65c3f36a52306e6c464ba7d9d2cc2ba2/element'
21:12:51.646 [AsyncHttpClient-1-6] DEBUG org.asynchttpclient.netty.handler.HttpHandler - 

Request DefaultHttpRequest(decodeResult: success, version: HTTP/1.1)
POST /session/65c3f36a52306e6c464ba7d9d2cc2ba2/element HTTP/1.1
User-Agent: selenium/4.1.2 (java windows)
Content-Length: 83
Content-Type: application/json; charset=utf-8
host: localhost:54225
accept: */*

Response DefaultHttpResponse(decodeResult: success, version: HTTP/1.1)
HTTP/1.1 200 OK
Content-Type: application/json; charset=utf-8
cache-control: no-cache
content-length: 88

21:12:51.646 [AsyncHttpClient-1-6] DEBUG org.asynchttpclient.netty.channel.ChannelManager - Adding key: http://localhost:54225 for channel [id: 0x629d301e, L:/127.0.0.1:57255 - R:localhost/127.0.0.1:54225]
21:12:51.654 [Forwarding clickElement on session 65c3f36a52306e6c464ba7d9d2cc2ba2 to remote] DEBUG org.asynchttpclient.netty.request.NettyRequestSender - Using pooled Channel '[id: 0x629d301e, L:/127.0.0.1:57255 - R:localhost/127.0.0.1:54225]' for 'POST' to 'http://localhost:54225/session/65c3f36a52306e6c464ba7d9d2cc2ba2/element/4dbe9f60-1319-4145-a58b-d06eac188b82/click'
21:12:51.655 [Forwarding clickElement on session 65c3f36a52306e6c464ba7d9d2cc2ba2 to remote] DEBUG org.asynchttpclient.netty.request.NettyRequestSender - Using open Channel [id: 0x629d301e, L:/127.0.0.1:57255 - R:localhost/127.0.0.1:54225] for POST '/session/65c3f36a52306e6c464ba7d9d2cc2ba2/element/4dbe9f60-1319-4145-a58b-d06eac188b82/click'
21:12:51.751 [AsyncHttpClient-1-6] DEBUG org.asynchttpclient.netty.handler.HttpHandler - 

Request DefaultHttpRequest(decodeResult: success, version: HTTP/1.1)
POST /session/65c3f36a52306e6c464ba7d9d2cc2ba2/element/4dbe9f60-1319-4145-a58b-d06eac188b82/click HTTP/1.1
User-Agent: selenium/4.1.2 (java windows)
Content-Length: 50
Content-Type: application/json; charset=utf-8
host: localhost:54225
accept: */*

Response DefaultHttpResponse(decodeResult: success, version: HTTP/1.1)
HTTP/1.1 200 OK
Content-Type: application/json; charset=utf-8
cache-control: no-cache
content-length: 14

21:12:51.752 [AsyncHttpClient-1-6] DEBUG org.asynchttpclient.netty.channel.ChannelManager - Adding key: http://localhost:54225 for channel [id: 0x629d301e, L:/127.0.0.1:57255 - R:localhost/127.0.0.1:54225]
21:12:51.764 [Forwarding screenshot on session 65c3f36a52306e6c464ba7d9d2cc2ba2 to remote] DEBUG org.asynchttpclient.netty.request.NettyRequestSender - Using pooled Channel '[id: 0x629d301e, L:/127.0.0.1:57255 - R:localhost/127.0.0.1:54225]' for 'GET' to 'http://localhost:54225/session/65c3f36a52306e6c464ba7d9d2cc2ba2/screenshot'
21:12:51.764 [Forwarding screenshot on session 65c3f36a52306e6c464ba7d9d2cc2ba2 to remote] DEBUG org.asynchttpclient.netty.request.NettyRequestSender - Using open Channel [id: 0x629d301e, L:/127.0.0.1:57255 - R:localhost/127.0.0.1:54225] for GET '/session/65c3f36a52306e6c464ba7d9d2cc2ba2/screenshot'
21:12:51.969 [AsyncHttpClient-1-6] DEBUG org.asynchttpclient.netty.handler.HttpHandler - 

Request DefaultFullHttpRequest(decodeResult: success, version: HTTP/1.1, content: EmptyByteBufBE)
GET /session/65c3f36a52306e6c464ba7d9d2cc2ba2/screenshot HTTP/1.1
User-Agent: selenium/4.1.2 (java windows)
Cache-Control: no-cache
Content-Type: application/json; charset=utf-8
host: localhost:54225
accept: */*

Response DefaultHttpResponse(decodeResult: success, version: HTTP/1.1)
HTTP/1.1 200 OK
Content-Type: application/json; charset=utf-8
cache-control: no-cache
content-length: 26820

21:12:51.969 [AsyncHttpClient-1-6] DEBUG org.asynchttpclient.netty.channel.ChannelManager - Adding key: http://localhost:54225 for channel [id: 0x629d301e, L:/127.0.0.1:57255 - R:localhost/127.0.0.1:54225]
21:12:51.973 [main] DEBUG net.serenitybdd.core.photography.Darkroom - Send negative for processing for target\site\serenity\53d0a88c023d648503bc77819758d9bb83b454e97643f02a41fa519153aef035.png
21:12:51.974 [main] DEBUG net.thucydides.core.steps.StepInterceptor - STEP DONE: clickLoginButton
21:12:51.974 [Darkroom Processing Line] DEBUG net.serenitybdd.core.photography.DarkroomProcessingLine - Processing screenshot image in /var/screenshots/screenshot-6992666806936061999
21:12:51.974 [Darkroom Processing Line] DEBUG net.serenitybdd.core.photography.DarkroomProcessingLine - Saving screenshot to target\site\serenity\53d0a88c023d648503bc77819758d9bb83b454e97643f02a41fa519153aef035.png
  &amp#27;[32mAnd &amp#27;[0m&amp#27;[32mi click login button&amp#27;[0m                                   &amp#27;[90m# starter.stepdefenitions.LoginSteps.clickLoginButton()&amp#27;[0m
21:12:51.990 [main] DEBUG net.thucydides.core.steps.StepInterceptor - STARTING STEP: LoginSteps.iGetErrorMessage - getErrorMessage
21:12:51.996 [Forwarding findElement on session 65c3f36a52306e6c464ba7d9d2cc2ba2 to remote] DEBUG org.asynchttpclient.netty.request.NettyRequestSender - Using pooled Channel '[id: 0x629d301e, L:/127.0.0.1:57255 - R:localhost/127.0.0.1:54225]' for 'POST' to 'http://localhost:54225/session/65c3f36a52306e6c464ba7d9d2cc2ba2/element'
21:12:51.996 [Forwarding findElement on session 65c3f36a52306e6c464ba7d9d2cc2ba2 to remote] DEBUG org.asynchttpclient.netty.request.NettyRequestSender - Using open Channel [id: 0x629d301e, L:/127.0.0.1:57255 - R:localhost/127.0.0.1:54225] for POST '/session/65c3f36a52306e6c464ba7d9d2cc2ba2/element'
21:12:51.999 [AsyncHttpClient-1-6] DEBUG org.asynchttpclient.netty.handler.HttpHandler - 

Request DefaultHttpRequest(decodeResult: success, version: HTTP/1.1)
POST /session/65c3f36a52306e6c464ba7d9d2cc2ba2/element HTTP/1.1
User-Agent: selenium/4.1.2 (java windows)
Content-Length: 53
Content-Type: application/json; charset=utf-8
host: localhost:54225
accept: */*

Response DefaultHttpResponse(decodeResult: success, version: HTTP/1.1)
HTTP/1.1 400 Bad Request
Content-Type: application/json; charset=utf-8
cache-control: no-cache
content-length: 957

21:12:51.999 [AsyncHttpClient-1-6] DEBUG org.asynchttpclient.netty.channel.ChannelManager - Adding key: http://localhost:54225 for channel [id: 0x629d301e, L:/127.0.0.1:57255 - R:localhost/127.0.0.1:54225]
21:12:52.001 [Forwarding findElement on session 65c3f36a52306e6c464ba7d9d2cc2ba2 to remote] DEBUG org.asynchttpclient.netty.request.NettyRequestSender - Using pooled Channel '[id: 0x629d301e, L:/127.0.0.1:57255 - R:localhost/127.0.0.1:54225]' for 'POST' to 'http://localhost:54225/session/65c3f36a52306e6c464ba7d9d2cc2ba2/element'
21:12:52.001 [Forwarding findElement on session 65c3f36a52306e6c464ba7d9d2cc2ba2 to remote] DEBUG org.asynchttpclient.netty.request.NettyRequestSender - Using open Channel [id: 0x629d301e, L:/127.0.0.1:57255 - R:localhost/127.0.0.1:54225] for POST '/session/65c3f36a52306e6c464ba7d9d2cc2ba2/element'
21:12:52.142 [AsyncHttpClient-1-6] DEBUG org.asynchttpclient.netty.handler.HttpHandler - 

Request DefaultHttpRequest(decodeResult: success, version: HTTP/1.1)
POST /session/65c3f36a52306e6c464ba7d9d2cc2ba2/element HTTP/1.1
User-Agent: selenium/4.1.2 (java windows)
Content-Length: 63
Content-Type: application/json; charset=utf-8
host: localhost:54225
accept: */*

Response DefaultHttpResponse(decodeResult: success, version: HTTP/1.1)
HTTP/1.1 200 OK
Content-Type: application/json; charset=utf-8
cache-control: no-cache
content-length: 88

21:12:52.142 [AsyncHttpClient-1-6] DEBUG org.asynchttpclient.netty.channel.ChannelManager - Adding key: http://localhost:54225 for channel [id: 0x629d301e, L:/127.0.0.1:57255 - R:localhost/127.0.0.1:54225]
21:12:52.147 [Forwarding isElementDisplayed on session 65c3f36a52306e6c464ba7d9d2cc2ba2 to remote] DEBUG org.asynchttpclient.netty.request.NettyRequestSender - Using pooled Channel '[id: 0x629d301e, L:/127.0.0.1:57255 - R:localhost/127.0.0.1:54225]' for 'POST' to 'http://localhost:54225/session/65c3f36a52306e6c464ba7d9d2cc2ba2/execute/sync'
21:12:52.148 [Forwarding isElementDisplayed on session 65c3f36a52306e6c464ba7d9d2cc2ba2 to remote] DEBUG org.asynchttpclient.netty.request.NettyRequestSender - Using open Channel [id: 0x629d301e, L:/127.0.0.1:57255 - R:localhost/127.0.0.1:54225] for POST '/session/65c3f36a52306e6c464ba7d9d2cc2ba2/execute/sync'
21:12:52.172 [AsyncHttpClient-1-6] DEBUG org.asynchttpclient.netty.handler.HttpHandler - 

Request DefaultHttpRequest(decodeResult: success, version: HTTP/1.1)
POST /session/65c3f36a52306e6c464ba7d9d2cc2ba2/execute/sync HTTP/1.1
User-Agent: selenium/4.1.2 (java windows)
Content-Length: 48780
Content-Type: application/json; charset=utf-8
host: localhost:54225
accept: */*

Response DefaultHttpResponse(decodeResult: success, version: HTTP/1.1)
HTTP/1.1 200 OK
Content-Type: application/json; charset=utf-8
cache-control: no-cache
content-length: 14

21:12:52.172 [AsyncHttpClient-1-6] DEBUG org.asynchttpclient.netty.channel.ChannelManager - Adding key: http://localhost:54225 for channel [id: 0x629d301e, L:/127.0.0.1:57255 - R:localhost/127.0.0.1:54225]
21:12:52.180 [Forwarding screenshot on session 65c3f36a52306e6c464ba7d9d2cc2ba2 to remote] DEBUG org.asynchttpclient.netty.request.NettyRequestSender - Using pooled Channel '[id: 0x629d301e, L:/127.0.0.1:57255 - R:localhost/127.0.0.1:54225]' for 'GET' to 'http://localhost:54225/session/65c3f36a52306e6c464ba7d9d2cc2ba2/screenshot'
21:12:52.180 [Forwarding screenshot on session 65c3f36a52306e6c464ba7d9d2cc2ba2 to remote] DEBUG org.asynchttpclient.netty.request.NettyRequestSender - Using open Channel [id: 0x629d301e, L:/127.0.0.1:57255 - R:localhost/127.0.0.1:54225] for GET '/session/65c3f36a52306e6c464ba7d9d2cc2ba2/screenshot'
21:12:52.360 [AsyncHttpClient-1-6] DEBUG org.asynchttpclient.netty.handler.HttpHandler - 

Request DefaultFullHttpRequest(decodeResult: success, version: HTTP/1.1, content: EmptyByteBufBE)
GET /session/65c3f36a52306e6c464ba7d9d2cc2ba2/screenshot HTTP/1.1
User-Agent: selenium/4.1.2 (java windows)
Cache-Control: no-cache
Content-Type: application/json; charset=utf-8
host: localhost:54225
accept: */*

Response DefaultHttpResponse(decodeResult: success, version: HTTP/1.1)
HTTP/1.1 200 OK
Content-Type: application/json; charset=utf-8
cache-control: no-cache
content-length: 29540

21:12:52.361 [AsyncHttpClient-1-6] DEBUG org.asynchttpclient.netty.channel.ChannelManager - Adding key: http://localhost:54225 for channel [id: 0x629d301e, L:/127.0.0.1:57255 - R:localhost/127.0.0.1:54225]
21:12:52.363 [main] DEBUG net.serenitybdd.core.photography.Darkroom - Send negative for processing for target\site\serenity\c15cf647d18e4d0fe25e4d09e99e64bb900c301a754c9953fe8df2c0971715ff.png
21:12:52.363 [main] DEBUG net.thucydides.core.steps.StepInterceptor - STEP DONE: getErrorMessage
  &amp#27;[32mThen &amp#27;[0m&amp#27;[32mi get error message &amp#27;[0m&amp#27;[32m&amp#27;[1m"email is required"&amp#27;[0m               &amp#27;[90m# starter.stepdefenitions.LoginSteps.iGetErrorMessage(java.lang.String)&amp#27;[0m
21:12:52.363 [Darkroom Processing Line] DEBUG net.serenitybdd.core.photography.DarkroomProcessingLine - Processing screenshot image in /var/screenshots/screenshot-2128899742261886652
21:12:52.363 [Darkroom Processing Line] DEBUG net.serenitybdd.core.photography.DarkroomProcessingLine - Saving screenshot to target\site\serenity\c15cf647d18e4d0fe25e4d09e99e64bb900c301a754c9953fe8df2c0971715ff.png
21:12:52.369 [main] INFO  - 
  _____   ___   ___   _____     ___     _     ___   ___   ___   ___  
 |_   _| | __| / __| |_   _|   | _ \   /_\   / __| / __| | __| |   \ 
   | |   | _|  \__ \   | |     |  _/  / _ \  \__ \ \__ \ | _|  | |) |
   |_|   |___| |___/   |_|     |_|   /_/ \_\ |___/ |___/ |___| |___/ 

As user i have failed to login with not input data
----------------------------------------------------------------------
21:12:52.370 [AsyncHttpClient-1-8] DEBUG org.asynchttpclient.netty.handler.WebSocketHandler - Channel Closed: [id: 0x4e6abf75, L:/127.0.0.1:57264 ! R:localhost/127.0.0.1:57256] with attribute NettyResponseFuture{currentRetry=5,
	isDone=1,
	isCancelled=0,
	asyncHandler=org.asynchttpclient.ws.WebSocketUpgradeHandler@f006645,
	nettyRequest=org.asynchttpclient.netty.request.NettyRequest@fa678b4,
	future=java.util.concurrent.CompletableFuture@771ea357[Completed normally],
	uri=ws://localhost:57256/devtools/browser/dcea9466-f714-474e-b111-415465f46e95,
	keepAlive=true,
	redirectCount=0,
	timeoutsHolder=null,
	inAuth=0,
	touch=1652796760596}
21:12:52.371 [AsyncHttpClient-1-8] DEBUG org.asynchttpclient.netty.channel.ChannelManager - Closing Channel [id: 0x4e6abf75, L:/127.0.0.1:57264 ! R:localhost/127.0.0.1:57256] 
21:12:52.371 [Driver Command Executor] DEBUG org.asynchttpclient.netty.request.NettyRequestSender - Using pooled Channel '[id: 0x629d301e, L:/127.0.0.1:57255 - R:localhost/127.0.0.1:54225]' for 'DELETE' to 'http://localhost:54225/session/65c3f36a52306e6c464ba7d9d2cc2ba2'
21:12:52.371 [Driver Command Executor] DEBUG org.asynchttpclient.netty.request.NettyRequestSender - Using open Channel [id: 0x629d301e, L:/127.0.0.1:57255 - R:localhost/127.0.0.1:54225] for DELETE '/session/65c3f36a52306e6c464ba7d9d2cc2ba2'
21:12:52.423 [AsyncHttpClient-1-1] DEBUG org.asynchttpclient.netty.channel.DefaultChannelPool - Entry count for : http://localhost:57256 : 1
21:12:52.535 [AsyncHttpClient-1-7] DEBUG org.asynchttpclient.netty.handler.HttpHandler - Unexpected I/O exception on channel [id: 0x8492adc2, L:/127.0.0.1:57263 - R:localhost/127.0.0.1:57256]
java.io.IOException: An existing connection was forcibly closed by the remote host
	at sun.nio.ch.SocketDispatcher.read0(Native Method)
	at sun.nio.ch.SocketDispatcher.read(SocketDispatcher.java:43)
	at sun.nio.ch.IOUtil.readIntoNativeBuffer(IOUtil.java:223)
	at sun.nio.ch.IOUtil.read(IOUtil.java:192)
	at sun.nio.ch.SocketChannelImpl.read(SocketChannelImpl.java:378)
	at io.netty.buffer.PooledByteBuf.setBytes(PooledByteBuf.java:258)
	at io.netty.buffer.AbstractByteBuf.writeBytes(AbstractByteBuf.java:1132)
	at io.netty.channel.socket.nio.NioSocketChannel.doReadBytes(NioSocketChannel.java:350)
	at io.netty.channel.nio.AbstractNioByteChannel$NioByteUnsafe.read(AbstractNioByteChannel.java:151)
	at io.netty.channel.nio.NioEventLoop.processSelectedKey(NioEventLoop.java:722)
	at io.netty.channel.nio.NioEventLoop.processSelectedKeysOptimized(NioEventLoop.java:658)
	at io.netty.channel.nio.NioEventLoop.processSelectedKeys(NioEventLoop.java:584)
	at io.netty.channel.nio.NioEventLoop.run(NioEventLoop.java:496)
	at io.netty.util.concurrent.SingleThreadEventExecutor$4.run(SingleThreadEventExecutor.java:986)
	at io.netty.util.internal.ThreadExecutorMap$2.run(ThreadExecutorMap.java:74)
	at io.netty.util.concurrent.FastThreadLocalRunnable.run(FastThreadLocalRunnable.java:30)
	at java.lang.Thread.run(Thread.java:750)
21:12:52.535 [AsyncHttpClient-1-7] DEBUG org.asynchttpclient.netty.channel.ChannelManager - Closing Channel [id: 0x8492adc2, L:/127.0.0.1:57263 - R:localhost/127.0.0.1:57256] 
21:12:52.535 [AsyncHttpClient-1-7] DEBUG org.asynchttpclient.netty.handler.HttpHandler - Channel Closed: [id: 0x8492adc2, L:/127.0.0.1:57263 ! R:localhost/127.0.0.1:57256] with attribute DISCARD
21:12:52.562 [AsyncHttpClient-1-6] DEBUG org.asynchttpclient.netty.handler.HttpHandler - 

Request DefaultFullHttpRequest(decodeResult: success, version: HTTP/1.1, content: EmptyByteBufBE)
DELETE /session/65c3f36a52306e6c464ba7d9d2cc2ba2 HTTP/1.1
User-Agent: selenium/4.1.2 (java windows)
Content-Type: application/json; charset=utf-8
host: localhost:54225
accept: */*

Response DefaultHttpResponse(decodeResult: success, version: HTTP/1.1)
HTTP/1.1 200 OK
Content-Type: application/json; charset=utf-8
cache-control: no-cache
content-length: 14

21:12:52.562 [AsyncHttpClient-1-6] DEBUG org.asynchttpclient.netty.channel.ChannelManager - Adding key: http://localhost:54225 for channel [id: 0x629d301e, L:/127.0.0.1:57255 - R:localhost/127.0.0.1:54225]
21:12:52.710 [AsyncHttpClient-1-6] DEBUG org.asynchttpclient.netty.handler.HttpHandler - Channel Closed: [id: 0x629d301e, L:/127.0.0.1:57255 ! R:localhost/127.0.0.1:54225] with attribute DISCARD
]]></system-out>
    <system-err><![CDATA[Starting ChromeDriver 100.0.4896.60 (6a5d10861ce8de5fce22564658033b43cb7de047-refs/branch-heads/4896@{#875}) on port 54225
Only local connections are allowed.
Please see https://chromedriver.chromium.org/security-considerations for suggestions on keeping ChromeDriver safe.
ChromeDriver was started successfully.
[1652796760.561][WARNING]: This version of ChromeDriver has not been tested with Chrome version 101.
May 17, 2022 9:12:40 PM org.openqa.selenium.remote.ProtocolHandshake createSession
INFO: Detected dialect: W3C
May 17, 2022 9:12:40 PM org.openqa.selenium.devtools.CdpVersionFinder findNearestMatch
WARNING: Unable to find an exact match for CDP version 101, so returning the closest version found: 97
May 17, 2022 9:12:40 PM org.openqa.selenium.devtools.CdpVersionFinder findNearestMatch
INFO: Found CDP implementation for version 101 of 97
]]></system-err>
  </testcase>
  <testcase name="As user i have be able to buy items" classname="As a user I want to buy items in the home page" time="19.343">
    <system-out><![CDATA[21:12:53.244 [main] INFO io.cucumber.core.plugin.SerenityReporter - Running feature from file:///D:/github/QE_MUHAMMAD-ADIBASYAH/miniproject/web/src/test/resources/features/Product.feature
21:12:53.250 [main] DEBUG net.thucydides.core.steps.StepEventBus - Test suite started for story net.thucydides.core.model.Story@18d344f6
21:12:53.251 [main] INFO  - Test Suite Started: As a user I want to buy items in the home page

@product
Scenario: As user i have be able to buy items &amp#27;[90m# src/test/resources/features/Product.feature:4&amp#27;[0m
21:12:53.281 [main] INFO io.cucumber.core.plugin.SerenityReporter - Running feature from file:///D:/github/QE_MUHAMMAD-ADIBASYAH/miniproject/web/src/test/resources/features/Product.feature
21:12:53.285 [main] INFO  - 
  _____   ___   ___   _____     ___   _____     _     ___   _____   ___   ___  
 |_   _| | __| / __| |_   _|   / __| |_   _|   /_\   | _ \ |_   _| | __| |   \ 
   | |   | _|  \__ \   | |     \__ \   | |    / _ \  |   /   | |   | _|  | |) |
   |_|   |___| |___/   |_|     |___/   |_|   /_/ \_\ |_|_\   |_|   |___| |___/ 

As user i have be able to buy items(as-a-user-i-want-to-buy-items-in-the-home-page;as-user-i-have-be-able-to-buy-items)
--------------------------------------------------------------------------------
21:12:53.508 [AsyncHttpClient-1-1] DEBUG org.asynchttpclient.netty.channel.DefaultChannelPool - Entry count for : http://localhost:57256 : 1
21:12:53.509 [AsyncHttpClient-1-1] DEBUG org.asynchttpclient.netty.channel.DefaultChannelPool - Entry count for : http://localhost:54225 : 1
21:12:53.509 [AsyncHttpClient-1-1] DEBUG org.asynchttpclient.netty.channel.DefaultChannelPool - Adding Candidate expired Channel [id: 0x8492adc2, L:/127.0.0.1:57263 ! R:localhost/127.0.0.1:57256] isIdleTimeoutExpired=false isRemotelyClosed=true isTtlExpired=false
21:12:53.509 [AsyncHttpClient-1-1] DEBUG org.asynchttpclient.netty.channel.DefaultChannelPool - Closing Idle Channel [id: 0x8492adc2, L:/127.0.0.1:57263 ! R:localhost/127.0.0.1:57256]
21:12:53.509 [AsyncHttpClient-1-1] DEBUG org.asynchttpclient.netty.channel.DefaultChannelPool - Adding Candidate expired Channel [id: 0x629d301e, L:/127.0.0.1:57255 ! R:localhost/127.0.0.1:54225] isIdleTimeoutExpired=false isRemotelyClosed=true isTtlExpired=false
21:12:53.509 [AsyncHttpClient-1-1] DEBUG org.asynchttpclient.netty.channel.DefaultChannelPool - Closing Idle Channel [id: 0x629d301e, L:/127.0.0.1:57255 ! R:localhost/127.0.0.1:54225]
21:12:53.509 [AsyncHttpClient-1-1] DEBUG org.asynchttpclient.netty.channel.DefaultChannelPool - Closed 2 connections out of 2 in 0 ms
21:12:53.524 [main] DEBUG net.thucydides.core.steps.StepInterceptor - STARTING STEP: ProductSteps.onTheHomePage - openPage
21:12:53.528 [main] INFO net.serenitybdd.core.webdriver.driverproviders.ChromeDriverProvider - Using automatically driver download
21:12:53.709 [main] DEBUG io.github.bonigarcia.wdm.cache.ResolutionCache - Resolution chrome=101 in cache (valid until 22:11:26 17/05/2022 ICT)
21:12:53.714 [main] DEBUG io.github.bonigarcia.wdm.cache.ResolutionCache - Resolution chrome101=101.0.4951.41 in cache (valid until 18:44:33 18/05/2022 ICT)
21:12:53.717 [main] INFO io.github.bonigarcia.wdm.WebDriverManager - Using chromedriver 101.0.4951.41 (resolved driver for Chrome 101)
21:12:53.732 [main] DEBUG io.github.bonigarcia.wdm.WebDriverManager - Driver chromedriver 101.0.4951.41 found in cache
21:12:53.733 [main] INFO io.github.bonigarcia.wdm.WebDriverManager - Exporting webdriver.chrome.driver as C:\Users\Admin\.cache\selenium\chromedriver\win32\101.0.4951.41\chromedriver.exe
21:12:53.869 [main] DEBUG net.serenitybdd.core.webdriver.driverproviders.ProvideNewDriver - Instantiating driver
21:12:53.869 [main] DEBUG net.serenitybdd.core.webdriver.driverproviders.ProvideNewDriver - Driver capabilities: Capabilities {acceptInsecureCerts: false, base.url: https://qa.alta.id/, browserName: chrome, chrome.driver: src/test/resources/webdrive..., driver: chrome, goog:chromeOptions: {args: [], extensions: []}}
21:12:54.427 [AsyncHttpClient-1-9] DEBUG org.asynchttpclient.netty.channel.NettyConnectListener - Using new Channel '[id: 0x7ebd2502, L:/127.0.0.1:57291 - R:localhost/127.0.0.1:64625]' for 'POST' to '/session'
21:12:55.945 [AsyncHttpClient-1-9] DEBUG org.asynchttpclient.netty.handler.HttpHandler - 

Request DefaultHttpRequest(decodeResult: success, version: HTTP/1.1)
POST /session HTTP/1.1
User-Agent: selenium/4.1.2 (java windows)
Content-Length: 605
Content-Type: application/json; charset=utf-8
host: localhost:64625
accept: */*

Response DefaultHttpResponse(decodeResult: success, version: HTTP/1.1)
HTTP/1.1 200 OK
Content-Type: application/json; charset=utf-8
cache-control: no-cache
content-length: 789

21:12:55.946 [AsyncHttpClient-1-9] DEBUG org.asynchttpclient.netty.channel.ChannelManager - Adding key: http://localhost:64625 for channel [id: 0x7ebd2502, L:/127.0.0.1:57291 - R:localhost/127.0.0.1:64625]
21:12:55.962 [AsyncHttpClient-1-2] DEBUG org.asynchttpclient.netty.channel.NettyConnectListener - Using new Channel '[id: 0xfe81f588, L:/127.0.0.1:57300 - R:localhost/127.0.0.1:57293]' for 'GET' to '/json/version'
21:12:55.963 [AsyncHttpClient-1-2] DEBUG org.asynchttpclient.netty.handler.HttpHandler - 

Request DefaultFullHttpRequest(decodeResult: success, version: HTTP/1.1, content: EmptyByteBufBE)
GET /json/version HTTP/1.1
User-Agent: selenium/4.1.2 (java windows)
host: localhost:57293
accept: */*

Response DefaultHttpResponse(decodeResult: success, version: HTTP/1.1)
HTTP/1.1 200 OK
Content-Type: application/json; charset=UTF-8
content-length: 427

21:12:55.963 [AsyncHttpClient-1-2] DEBUG org.asynchttpclient.netty.channel.ChannelManager - Adding key: http://localhost:57293 for channel [id: 0xfe81f588, L:/127.0.0.1:57300 - R:localhost/127.0.0.1:57293]
21:12:55.967 [AsyncHttpClient-1-3] DEBUG org.asynchttpclient.netty.channel.NettyConnectListener - Using new Channel '[id: 0x2162f392, L:/127.0.0.1:57301 - R:localhost/127.0.0.1:57293]' for 'GET' to '/devtools/browser/8ea2dac5-f95f-4932-bde0-14a531c8a38a'
21:12:55.968 [AsyncHttpClient-1-3] DEBUG org.asynchttpclient.netty.handler.WebSocketHandler - 

Request DefaultFullHttpRequest(decodeResult: success, version: HTTP/1.1, content: EmptyByteBufBE)
GET /devtools/browser/8ea2dac5-f95f-4932-bde0-14a531c8a38a HTTP/1.1
upgrade: websocket
connection: upgrade
sec-websocket-key: BZigR3EwcB/lgpq1W+cS0g==
sec-websocket-version: 13
origin: http://localhost:57293
host: localhost:57293
accept: */*
user-agent: AHC/2.1

Response DefaultHttpResponse(decodeResult: success, version: HTTP/1.1)
HTTP/1.1 101 WebSocket Protocol Handshake
Upgrade: WebSocket
Connection: Upgrade
Sec-WebSocket-Accept: yZAF5tr0/gXCaVS+ZbH5eRzsbeo=

21:12:55.980 [Forwarding setCurrentWindowSize on session 701fc467a17a16638ae9f2242eedc2c5 to remote] DEBUG org.asynchttpclient.netty.request.NettyRequestSender - Using pooled Channel '[id: 0x7ebd2502, L:/127.0.0.1:57291 - R:localhost/127.0.0.1:64625]' for 'POST' to 'http://localhost:64625/session/701fc467a17a16638ae9f2242eedc2c5/window/rect'
21:12:55.980 [Forwarding setCurrentWindowSize on session 701fc467a17a16638ae9f2242eedc2c5 to remote] DEBUG org.asynchttpclient.netty.request.NettyRequestSender - Using open Channel [id: 0x7ebd2502, L:/127.0.0.1:57291 - R:localhost/127.0.0.1:64625] for POST '/session/701fc467a17a16638ae9f2242eedc2c5/window/rect'
21:12:56.135 [AsyncHttpClient-1-9] DEBUG org.asynchttpclient.netty.handler.HttpHandler - 

Request DefaultHttpRequest(decodeResult: success, version: HTTP/1.1)
POST /session/701fc467a17a16638ae9f2242eedc2c5/window/rect HTTP/1.1
User-Agent: selenium/4.1.2 (java windows)
Content-Length: 37
Content-Type: application/json; charset=utf-8
host: localhost:64625
accept: */*

Response DefaultHttpResponse(decodeResult: success, version: HTTP/1.1)
HTTP/1.1 200 OK
Content-Type: application/json; charset=utf-8
cache-control: no-cache
content-length: 51

21:12:56.135 [AsyncHttpClient-1-9] DEBUG org.asynchttpclient.netty.channel.ChannelManager - Adding key: http://localhost:64625 for channel [id: 0x7ebd2502, L:/127.0.0.1:57291 - R:localhost/127.0.0.1:64625]
21:12:56.138 [Forwarding setWindowPosition on session 701fc467a17a16638ae9f2242eedc2c5 to remote] DEBUG org.asynchttpclient.netty.request.NettyRequestSender - Using pooled Channel '[id: 0x7ebd2502, L:/127.0.0.1:57291 - R:localhost/127.0.0.1:64625]' for 'POST' to 'http://localhost:64625/session/701fc467a17a16638ae9f2242eedc2c5/window/rect'
21:12:56.138 [Forwarding setWindowPosition on session 701fc467a17a16638ae9f2242eedc2c5 to remote] DEBUG org.asynchttpclient.netty.request.NettyRequestSender - Using open Channel [id: 0x7ebd2502, L:/127.0.0.1:57291 - R:localhost/127.0.0.1:64625] for POST '/session/701fc467a17a16638ae9f2242eedc2c5/window/rect'
21:12:56.254 [AsyncHttpClient-1-9] DEBUG org.asynchttpclient.netty.handler.HttpHandler - 

Request DefaultHttpRequest(decodeResult: success, version: HTTP/1.1)
POST /session/701fc467a17a16638ae9f2242eedc2c5/window/rect HTTP/1.1
User-Agent: selenium/4.1.2 (java windows)
Content-Length: 22
Content-Type: application/json; charset=utf-8
host: localhost:64625
accept: */*

Response DefaultHttpResponse(decodeResult: success, version: HTTP/1.1)
HTTP/1.1 200 OK
Content-Type: application/json; charset=utf-8
cache-control: no-cache
content-length: 49

21:12:56.255 [AsyncHttpClient-1-9] DEBUG org.asynchttpclient.netty.channel.ChannelManager - Adding key: http://localhost:64625 for channel [id: 0x7ebd2502, L:/127.0.0.1:57291 - R:localhost/127.0.0.1:64625]
21:12:56.257 [Forwarding get on session 701fc467a17a16638ae9f2242eedc2c5 to remote] DEBUG org.asynchttpclient.netty.request.NettyRequestSender - Using pooled Channel '[id: 0x7ebd2502, L:/127.0.0.1:57291 - R:localhost/127.0.0.1:64625]' for 'POST' to 'http://localhost:64625/session/701fc467a17a16638ae9f2242eedc2c5/url'
21:12:56.257 [Forwarding get on session 701fc467a17a16638ae9f2242eedc2c5 to remote] DEBUG org.asynchttpclient.netty.request.NettyRequestSender - Using open Channel [id: 0x7ebd2502, L:/127.0.0.1:57291 - R:localhost/127.0.0.1:64625] for POST '/session/701fc467a17a16638ae9f2242eedc2c5/url'
21:12:56.791 [AsyncHttpClient-1-1] DEBUG org.asynchttpclient.netty.channel.DefaultChannelPool - Entry count for : http://localhost:57293 : 1
21:12:57.900 [AsyncHttpClient-1-1] DEBUG org.asynchttpclient.netty.channel.DefaultChannelPool - Entry count for : http://localhost:57293 : 1
21:12:58.992 [AsyncHttpClient-1-1] DEBUG org.asynchttpclient.netty.channel.DefaultChannelPool - Entry count for : http://localhost:57293 : 1
21:13:00.094 [AsyncHttpClient-1-1] DEBUG org.asynchttpclient.netty.channel.DefaultChannelPool - Entry count for : http://localhost:57293 : 1
21:13:01.199 [AsyncHttpClient-1-1] DEBUG org.asynchttpclient.netty.channel.DefaultChannelPool - Entry count for : http://localhost:57293 : 1
21:13:02.291 [AsyncHttpClient-1-1] DEBUG org.asynchttpclient.netty.channel.DefaultChannelPool - Entry count for : http://localhost:57293 : 1
21:13:03.368 [AsyncHttpClient-1-9] DEBUG org.asynchttpclient.netty.handler.HttpHandler - 

Request DefaultHttpRequest(decodeResult: success, version: HTTP/1.1)
POST /session/701fc467a17a16638ae9f2242eedc2c5/url HTTP/1.1
User-Agent: selenium/4.1.2 (java windows)
Content-Length: 49
Content-Type: application/json; charset=utf-8
host: localhost:64625
accept: */*

Response DefaultHttpResponse(decodeResult: success, version: HTTP/1.1)
HTTP/1.1 200 OK
Content-Type: application/json; charset=utf-8
cache-control: no-cache
content-length: 14

21:13:03.369 [AsyncHttpClient-1-9] DEBUG org.asynchttpclient.netty.channel.ChannelManager - Adding key: http://localhost:64625 for channel [id: 0x7ebd2502, L:/127.0.0.1:57291 - R:localhost/127.0.0.1:64625]
21:13:03.378 [Forwarding setTimeout on session 701fc467a17a16638ae9f2242eedc2c5 to remote] DEBUG org.asynchttpclient.netty.request.NettyRequestSender - Using pooled Channel '[id: 0x7ebd2502, L:/127.0.0.1:57291 - R:localhost/127.0.0.1:64625]' for 'POST' to 'http://localhost:64625/session/701fc467a17a16638ae9f2242eedc2c5/timeouts'
21:13:03.379 [Forwarding setTimeout on session 701fc467a17a16638ae9f2242eedc2c5 to remote] DEBUG org.asynchttpclient.netty.request.NettyRequestSender - Using open Channel [id: 0x7ebd2502, L:/127.0.0.1:57291 - R:localhost/127.0.0.1:64625] for POST '/session/701fc467a17a16638ae9f2242eedc2c5/timeouts'
21:13:03.383 [AsyncHttpClient-1-9] DEBUG org.asynchttpclient.netty.handler.HttpHandler - 

Request DefaultHttpRequest(decodeResult: success, version: HTTP/1.1)
POST /session/701fc467a17a16638ae9f2242eedc2c5/timeouts HTTP/1.1
User-Agent: selenium/4.1.2 (java windows)
Content-Length: 22
Content-Type: application/json; charset=utf-8
host: localhost:64625
accept: */*

Response DefaultHttpResponse(decodeResult: success, version: HTTP/1.1)
HTTP/1.1 200 OK
Content-Type: application/json; charset=utf-8
cache-control: no-cache
content-length: 14

21:13:03.384 [AsyncHttpClient-1-9] DEBUG org.asynchttpclient.netty.channel.ChannelManager - Adding key: http://localhost:64625 for channel [id: 0x7ebd2502, L:/127.0.0.1:57291 - R:localhost/127.0.0.1:64625]
21:13:03.393 [AsyncHttpClient-1-1] DEBUG org.asynchttpclient.netty.channel.DefaultChannelPool - Entry count for : http://localhost:64625 : 1
21:13:03.394 [AsyncHttpClient-1-1] DEBUG org.asynchttpclient.netty.channel.DefaultChannelPool - Entry count for : http://localhost:57293 : 1
21:13:03.395 [Forwarding getCurrentUrl on session 701fc467a17a16638ae9f2242eedc2c5 to remote] DEBUG org.asynchttpclient.netty.request.NettyRequestSender - Using pooled Channel '[id: 0x7ebd2502, L:/127.0.0.1:57291 - R:localhost/127.0.0.1:64625]' for 'GET' to 'http://localhost:64625/session/701fc467a17a16638ae9f2242eedc2c5/url'
21:13:03.395 [Forwarding getCurrentUrl on session 701fc467a17a16638ae9f2242eedc2c5 to remote] DEBUG org.asynchttpclient.netty.request.NettyRequestSender - Using open Channel [id: 0x7ebd2502, L:/127.0.0.1:57291 - R:localhost/127.0.0.1:64625] for GET '/session/701fc467a17a16638ae9f2242eedc2c5/url'
21:13:03.405 [AsyncHttpClient-1-9] DEBUG org.asynchttpclient.netty.handler.HttpHandler - 

Request DefaultFullHttpRequest(decodeResult: success, version: HTTP/1.1, content: EmptyByteBufBE)
GET /session/701fc467a17a16638ae9f2242eedc2c5/url HTTP/1.1
User-Agent: selenium/4.1.2 (java windows)
Cache-Control: no-cache
Content-Type: application/json; charset=utf-8
host: localhost:64625
accept: */*

Response DefaultHttpResponse(decodeResult: success, version: HTTP/1.1)
HTTP/1.1 200 OK
Content-Type: application/json; charset=utf-8
cache-control: no-cache
content-length: 31

21:13:03.405 [AsyncHttpClient-1-9] DEBUG org.asynchttpclient.netty.channel.ChannelManager - Adding key: http://localhost:64625 for channel [id: 0x7ebd2502, L:/127.0.0.1:57291 - R:localhost/127.0.0.1:64625]
21:13:03.415 [Forwarding getCurrentUrl on session 701fc467a17a16638ae9f2242eedc2c5 to remote] DEBUG org.asynchttpclient.netty.request.NettyRequestSender - Using pooled Channel '[id: 0x7ebd2502, L:/127.0.0.1:57291 - R:localhost/127.0.0.1:64625]' for 'GET' to 'http://localhost:64625/session/701fc467a17a16638ae9f2242eedc2c5/url'
21:13:03.416 [Forwarding getCurrentUrl on session 701fc467a17a16638ae9f2242eedc2c5 to remote] DEBUG org.asynchttpclient.netty.request.NettyRequestSender - Using open Channel [id: 0x7ebd2502, L:/127.0.0.1:57291 - R:localhost/127.0.0.1:64625] for GET '/session/701fc467a17a16638ae9f2242eedc2c5/url'
21:13:03.422 [AsyncHttpClient-1-9] DEBUG org.asynchttpclient.netty.handler.HttpHandler - 

Request DefaultFullHttpRequest(decodeResult: success, version: HTTP/1.1, content: EmptyByteBufBE)
GET /session/701fc467a17a16638ae9f2242eedc2c5/url HTTP/1.1
User-Agent: selenium/4.1.2 (java windows)
Cache-Control: no-cache
Content-Type: application/json; charset=utf-8
host: localhost:64625
accept: */*

Response DefaultHttpResponse(decodeResult: success, version: HTTP/1.1)
HTTP/1.1 200 OK
Content-Type: application/json; charset=utf-8
cache-control: no-cache
content-length: 31

21:13:03.422 [AsyncHttpClient-1-9] DEBUG org.asynchttpclient.netty.channel.ChannelManager - Adding key: http://localhost:64625 for channel [id: 0x7ebd2502, L:/127.0.0.1:57291 - R:localhost/127.0.0.1:64625]
21:13:03.435 [main] DEBUG net.serenitybdd.core.photography.Darkroom - Opening darkroom
21:13:03.440 [Forwarding screenshot on session 701fc467a17a16638ae9f2242eedc2c5 to remote] DEBUG org.asynchttpclient.netty.request.NettyRequestSender - Using pooled Channel '[id: 0x7ebd2502, L:/127.0.0.1:57291 - R:localhost/127.0.0.1:64625]' for 'GET' to 'http://localhost:64625/session/701fc467a17a16638ae9f2242eedc2c5/screenshot'
21:13:03.440 [Forwarding screenshot on session 701fc467a17a16638ae9f2242eedc2c5 to remote] DEBUG org.asynchttpclient.netty.request.NettyRequestSender - Using open Channel [id: 0x7ebd2502, L:/127.0.0.1:57291 - R:localhost/127.0.0.1:64625] for GET '/session/701fc467a17a16638ae9f2242eedc2c5/screenshot'
21:13:03.447 [Darkroom Processing Line] DEBUG net.serenitybdd.core.photography.DarkroomProcessingLine - Darkroom processing line starting up
21:13:03.744 [AsyncHttpClient-1-9] DEBUG org.asynchttpclient.netty.handler.HttpHandler - 

Request DefaultFullHttpRequest(decodeResult: success, version: HTTP/1.1, content: EmptyByteBufBE)
GET /session/701fc467a17a16638ae9f2242eedc2c5/screenshot HTTP/1.1
User-Agent: selenium/4.1.2 (java windows)
Cache-Control: no-cache
Content-Type: application/json; charset=utf-8
host: localhost:64625
accept: */*

Response DefaultHttpResponse(decodeResult: success, version: HTTP/1.1)
HTTP/1.1 200 OK
Content-Type: application/json; charset=utf-8
cache-control: no-cache
content-length: 25208

21:13:03.746 [AsyncHttpClient-1-9] DEBUG org.asynchttpclient.netty.channel.ChannelManager - Adding key: http://localhost:64625 for channel [id: 0x7ebd2502, L:/127.0.0.1:57291 - R:localhost/127.0.0.1:64625]
21:13:03.749 [main] DEBUG net.serenitybdd.core.photography.Darkroom - Send negative for processing for target\site\serenity\1734d5a7fb15a41217d95462c9b4ff2721e8157c2e43b3d2e2a4be012a0f4678.png
21:13:03.749 [main] DEBUG net.thucydides.core.steps.StepInterceptor - STEP DONE: openPage
  &amp#27;[32mGiven &amp#27;[0m&amp#27;[32muser on the home page&amp#27;[0m                 &amp#27;[90m# starter.stepdefenitions.ProductSteps.onTheHomePage()&amp#27;[0m
21:13:04.125 [Forwarding screenshot on session 701fc467a17a16638ae9f2242eedc2c5 to remote] DEBUG org.asynchttpclient.netty.request.NettyRequestSender - Using pooled Channel '[id: 0x7ebd2502, L:/127.0.0.1:57291 - R:localhost/127.0.0.1:64625]' for 'GET' to 'http://localhost:64625/session/701fc467a17a16638ae9f2242eedc2c5/screenshot'
21:13:04.125 [Forwarding screenshot on session 701fc467a17a16638ae9f2242eedc2c5 to remote] DEBUG org.asynchttpclient.netty.request.NettyRequestSender - Using open Channel [id: 0x7ebd2502, L:/127.0.0.1:57291 - R:localhost/127.0.0.1:64625] for GET '/session/701fc467a17a16638ae9f2242eedc2c5/screenshot'
21:13:04.503 [AsyncHttpClient-1-1] DEBUG org.asynchttpclient.netty.channel.DefaultChannelPool - Entry count for : http://localhost:57293 : 1
21:13:05.592 [AsyncHttpClient-1-1] DEBUG org.asynchttpclient.netty.channel.DefaultChannelPool - Entry count for : http://localhost:57293 : 1
21:13:06.703 [AsyncHttpClient-1-1] DEBUG org.asynchttpclient.netty.channel.DefaultChannelPool - Entry count for : http://localhost:57293 : 1
21:13:07.034 [AsyncHttpClient-1-9] DEBUG org.asynchttpclient.netty.handler.HttpHandler - 

Request DefaultFullHttpRequest(decodeResult: success, version: HTTP/1.1, content: EmptyByteBufBE)
GET /session/701fc467a17a16638ae9f2242eedc2c5/screenshot HTTP/1.1
User-Agent: selenium/4.1.2 (java windows)
Cache-Control: no-cache
Content-Type: application/json; charset=utf-8
host: localhost:64625
accept: */*

Response DefaultHttpResponse(decodeResult: success, version: HTTP/1.1)
HTTP/1.1 200 OK
Content-Type: application/json; charset=utf-8
cache-control: no-cache
content-length: 88472

21:13:07.035 [AsyncHttpClient-1-9] DEBUG org.asynchttpclient.netty.channel.ChannelManager - Adding key: http://localhost:64625 for channel [id: 0x7ebd2502, L:/127.0.0.1:57291 - R:localhost/127.0.0.1:64625]
21:13:07.039 [main] DEBUG net.serenitybdd.core.photography.Darkroom - Send negative for processing for target\site\serenity\7d39be89592cc33467ddec9f89849a52cb0de9af1b63f287b53c28ab048d7913.png
21:13:07.040 [main] DEBUG net.thucydides.core.steps.StepInterceptor - STARTING STEP: TransactionSteps.userClickItems - clickItems
21:13:07.043 [Forwarding findElement on session 701fc467a17a16638ae9f2242eedc2c5 to remote] DEBUG org.asynchttpclient.netty.request.NettyRequestSender - Using pooled Channel '[id: 0x7ebd2502, L:/127.0.0.1:57291 - R:localhost/127.0.0.1:64625]' for 'POST' to 'http://localhost:64625/session/701fc467a17a16638ae9f2242eedc2c5/element'
21:13:07.043 [Forwarding findElement on session 701fc467a17a16638ae9f2242eedc2c5 to remote] DEBUG org.asynchttpclient.netty.request.NettyRequestSender - Using open Channel [id: 0x7ebd2502, L:/127.0.0.1:57291 - R:localhost/127.0.0.1:64625] for POST '/session/701fc467a17a16638ae9f2242eedc2c5/element'
21:13:07.092 [AsyncHttpClient-1-9] DEBUG org.asynchttpclient.netty.handler.HttpHandler - 

Request DefaultHttpRequest(decodeResult: success, version: HTTP/1.1)
POST /session/701fc467a17a16638ae9f2242eedc2c5/element HTTP/1.1
User-Agent: selenium/4.1.2 (java windows)
Content-Length: 150
Content-Type: application/json; charset=utf-8
host: localhost:64625
accept: */*

Response DefaultHttpResponse(decodeResult: success, version: HTTP/1.1)
HTTP/1.1 200 OK
Content-Type: application/json; charset=utf-8
cache-control: no-cache
content-length: 88

21:13:07.092 [AsyncHttpClient-1-9] DEBUG org.asynchttpclient.netty.channel.ChannelManager - Adding key: http://localhost:64625 for channel [id: 0x7ebd2502, L:/127.0.0.1:57291 - R:localhost/127.0.0.1:64625]
21:13:07.094 [Forwarding getElementTagName on session 701fc467a17a16638ae9f2242eedc2c5 to remote] DEBUG org.asynchttpclient.netty.request.NettyRequestSender - Using pooled Channel '[id: 0x7ebd2502, L:/127.0.0.1:57291 - R:localhost/127.0.0.1:64625]' for 'GET' to 'http://localhost:64625/session/701fc467a17a16638ae9f2242eedc2c5/element/5ec8c4d7-3d2a-480e-b604-cab50a42b0ad/name'
21:13:07.094 [Forwarding getElementTagName on session 701fc467a17a16638ae9f2242eedc2c5 to remote] DEBUG org.asynchttpclient.netty.request.NettyRequestSender - Using open Channel [id: 0x7ebd2502, L:/127.0.0.1:57291 - R:localhost/127.0.0.1:64625] for GET '/session/701fc467a17a16638ae9f2242eedc2c5/element/5ec8c4d7-3d2a-480e-b604-cab50a42b0ad/name'
21:13:07.100 [AsyncHttpClient-1-9] DEBUG org.asynchttpclient.netty.handler.HttpHandler - 

Request DefaultFullHttpRequest(decodeResult: success, version: HTTP/1.1, content: EmptyByteBufBE)
GET /session/701fc467a17a16638ae9f2242eedc2c5/element/5ec8c4d7-3d2a-480e-b604-cab50a42b0ad/name HTTP/1.1
User-Agent: selenium/4.1.2 (java windows)
Cache-Control: no-cache
Content-Type: application/json; charset=utf-8
host: localhost:64625
accept: */*

Response DefaultHttpResponse(decodeResult: success, version: HTTP/1.1)
HTTP/1.1 200 OK
Content-Type: application/json; charset=utf-8
cache-control: no-cache
content-length: 18

21:13:07.100 [AsyncHttpClient-1-9] DEBUG org.asynchttpclient.netty.channel.ChannelManager - Adding key: http://localhost:64625 for channel [id: 0x7ebd2502, L:/127.0.0.1:57291 - R:localhost/127.0.0.1:64625]
21:13:07.102 [Forwarding getElementTagName on session 701fc467a17a16638ae9f2242eedc2c5 to remote] DEBUG org.asynchttpclient.netty.request.NettyRequestSender - Using pooled Channel '[id: 0x7ebd2502, L:/127.0.0.1:57291 - R:localhost/127.0.0.1:64625]' for 'GET' to 'http://localhost:64625/session/701fc467a17a16638ae9f2242eedc2c5/element/5ec8c4d7-3d2a-480e-b604-cab50a42b0ad/name'
21:13:07.102 [Forwarding getElementTagName on session 701fc467a17a16638ae9f2242eedc2c5 to remote] DEBUG org.asynchttpclient.netty.request.NettyRequestSender - Using open Channel [id: 0x7ebd2502, L:/127.0.0.1:57291 - R:localhost/127.0.0.1:64625] for GET '/session/701fc467a17a16638ae9f2242eedc2c5/element/5ec8c4d7-3d2a-480e-b604-cab50a42b0ad/name'
21:13:07.106 [AsyncHttpClient-1-9] DEBUG org.asynchttpclient.netty.handler.HttpHandler - 

Request DefaultFullHttpRequest(decodeResult: success, version: HTTP/1.1, content: EmptyByteBufBE)
GET /session/701fc467a17a16638ae9f2242eedc2c5/element/5ec8c4d7-3d2a-480e-b604-cab50a42b0ad/name HTTP/1.1
User-Agent: selenium/4.1.2 (java windows)
Cache-Control: no-cache
Content-Type: application/json; charset=utf-8
host: localhost:64625
accept: */*

Response DefaultHttpResponse(decodeResult: success, version: HTTP/1.1)
HTTP/1.1 200 OK
Content-Type: application/json; charset=utf-8
cache-control: no-cache
content-length: 18

21:13:07.106 [AsyncHttpClient-1-9] DEBUG org.asynchttpclient.netty.channel.ChannelManager - Adding key: http://localhost:64625 for channel [id: 0x7ebd2502, L:/127.0.0.1:57291 - R:localhost/127.0.0.1:64625]
21:13:07.109 [Forwarding isElementEnabled on session 701fc467a17a16638ae9f2242eedc2c5 to remote] DEBUG org.asynchttpclient.netty.request.NettyRequestSender - Using pooled Channel '[id: 0x7ebd2502, L:/127.0.0.1:57291 - R:localhost/127.0.0.1:64625]' for 'GET' to 'http://localhost:64625/session/701fc467a17a16638ae9f2242eedc2c5/element/5ec8c4d7-3d2a-480e-b604-cab50a42b0ad/enabled'
21:13:07.109 [Forwarding isElementEnabled on session 701fc467a17a16638ae9f2242eedc2c5 to remote] DEBUG org.asynchttpclient.netty.request.NettyRequestSender - Using open Channel [id: 0x7ebd2502, L:/127.0.0.1:57291 - R:localhost/127.0.0.1:64625] for GET '/session/701fc467a17a16638ae9f2242eedc2c5/element/5ec8c4d7-3d2a-480e-b604-cab50a42b0ad/enabled'
21:13:07.123 [AsyncHttpClient-1-9] DEBUG org.asynchttpclient.netty.handler.HttpHandler - 

Request DefaultFullHttpRequest(decodeResult: success, version: HTTP/1.1, content: EmptyByteBufBE)
GET /session/701fc467a17a16638ae9f2242eedc2c5/element/5ec8c4d7-3d2a-480e-b604-cab50a42b0ad/enabled HTTP/1.1
User-Agent: selenium/4.1.2 (java windows)
Cache-Control: no-cache
Content-Type: application/json; charset=utf-8
host: localhost:64625
accept: */*

Response DefaultHttpResponse(decodeResult: success, version: HTTP/1.1)
HTTP/1.1 200 OK
Content-Type: application/json; charset=utf-8
cache-control: no-cache
content-length: 14

21:13:07.123 [AsyncHttpClient-1-9] DEBUG org.asynchttpclient.netty.channel.ChannelManager - Adding key: http://localhost:64625 for channel [id: 0x7ebd2502, L:/127.0.0.1:57291 - R:localhost/127.0.0.1:64625]
21:13:07.125 [Forwarding isElementEnabled on session 701fc467a17a16638ae9f2242eedc2c5 to remote] DEBUG org.asynchttpclient.netty.request.NettyRequestSender - Using pooled Channel '[id: 0x7ebd2502, L:/127.0.0.1:57291 - R:localhost/127.0.0.1:64625]' for 'GET' to 'http://localhost:64625/session/701fc467a17a16638ae9f2242eedc2c5/element/5ec8c4d7-3d2a-480e-b604-cab50a42b0ad/enabled'
21:13:07.126 [Forwarding isElementEnabled on session 701fc467a17a16638ae9f2242eedc2c5 to remote] DEBUG org.asynchttpclient.netty.request.NettyRequestSender - Using open Channel [id: 0x7ebd2502, L:/127.0.0.1:57291 - R:localhost/127.0.0.1:64625] for GET '/session/701fc467a17a16638ae9f2242eedc2c5/element/5ec8c4d7-3d2a-480e-b604-cab50a42b0ad/enabled'
21:13:07.147 [AsyncHttpClient-1-9] DEBUG org.asynchttpclient.netty.handler.HttpHandler - 

Request DefaultFullHttpRequest(decodeResult: success, version: HTTP/1.1, content: EmptyByteBufBE)
GET /session/701fc467a17a16638ae9f2242eedc2c5/element/5ec8c4d7-3d2a-480e-b604-cab50a42b0ad/enabled HTTP/1.1
User-Agent: selenium/4.1.2 (java windows)
Cache-Control: no-cache
Content-Type: application/json; charset=utf-8
host: localhost:64625
accept: */*

Response DefaultHttpResponse(decodeResult: success, version: HTTP/1.1)
HTTP/1.1 200 OK
Content-Type: application/json; charset=utf-8
cache-control: no-cache
content-length: 14

21:13:07.147 [AsyncHttpClient-1-9] DEBUG org.asynchttpclient.netty.channel.ChannelManager - Adding key: http://localhost:64625 for channel [id: 0x7ebd2502, L:/127.0.0.1:57291 - R:localhost/127.0.0.1:64625]
21:13:07.151 [Forwarding findElement on session 701fc467a17a16638ae9f2242eedc2c5 to remote] DEBUG org.asynchttpclient.netty.request.NettyRequestSender - Using pooled Channel '[id: 0x7ebd2502, L:/127.0.0.1:57291 - R:localhost/127.0.0.1:64625]' for 'POST' to 'http://localhost:64625/session/701fc467a17a16638ae9f2242eedc2c5/element'
21:13:07.151 [Forwarding findElement on session 701fc467a17a16638ae9f2242eedc2c5 to remote] DEBUG org.asynchttpclient.netty.request.NettyRequestSender - Using open Channel [id: 0x7ebd2502, L:/127.0.0.1:57291 - R:localhost/127.0.0.1:64625] for POST '/session/701fc467a17a16638ae9f2242eedc2c5/element'
21:13:07.166 [AsyncHttpClient-1-9] DEBUG org.asynchttpclient.netty.handler.HttpHandler - 

Request DefaultHttpRequest(decodeResult: success, version: HTTP/1.1)
POST /session/701fc467a17a16638ae9f2242eedc2c5/element HTTP/1.1
User-Agent: selenium/4.1.2 (java windows)
Content-Length: 150
Content-Type: application/json; charset=utf-8
host: localhost:64625
accept: */*

Response DefaultHttpResponse(decodeResult: success, version: HTTP/1.1)
HTTP/1.1 200 OK
Content-Type: application/json; charset=utf-8
cache-control: no-cache
content-length: 88

21:13:07.166 [AsyncHttpClient-1-9] DEBUG org.asynchttpclient.netty.channel.ChannelManager - Adding key: http://localhost:64625 for channel [id: 0x7ebd2502, L:/127.0.0.1:57291 - R:localhost/127.0.0.1:64625]
21:13:07.168 [Forwarding clickElement on session 701fc467a17a16638ae9f2242eedc2c5 to remote] DEBUG org.asynchttpclient.netty.request.NettyRequestSender - Using pooled Channel '[id: 0x7ebd2502, L:/127.0.0.1:57291 - R:localhost/127.0.0.1:64625]' for 'POST' to 'http://localhost:64625/session/701fc467a17a16638ae9f2242eedc2c5/element/5ec8c4d7-3d2a-480e-b604-cab50a42b0ad/click'
21:13:07.168 [Forwarding clickElement on session 701fc467a17a16638ae9f2242eedc2c5 to remote] DEBUG org.asynchttpclient.netty.request.NettyRequestSender - Using open Channel [id: 0x7ebd2502, L:/127.0.0.1:57291 - R:localhost/127.0.0.1:64625] for POST '/session/701fc467a17a16638ae9f2242eedc2c5/element/5ec8c4d7-3d2a-480e-b604-cab50a42b0ad/click'
21:13:07.364 [AsyncHttpClient-1-9] DEBUG org.asynchttpclient.netty.handler.HttpHandler - 

Request DefaultHttpRequest(decodeResult: success, version: HTTP/1.1)
POST /session/701fc467a17a16638ae9f2242eedc2c5/element/5ec8c4d7-3d2a-480e-b604-cab50a42b0ad/click HTTP/1.1
User-Agent: selenium/4.1.2 (java windows)
Content-Length: 50
Content-Type: application/json; charset=utf-8
host: localhost:64625
accept: */*

Response DefaultHttpResponse(decodeResult: success, version: HTTP/1.1)
HTTP/1.1 200 OK
Content-Type: application/json; charset=utf-8
cache-control: no-cache
content-length: 14

21:13:07.365 [AsyncHttpClient-1-9] DEBUG org.asynchttpclient.netty.channel.ChannelManager - Adding key: http://localhost:64625 for channel [id: 0x7ebd2502, L:/127.0.0.1:57291 - R:localhost/127.0.0.1:64625]
21:13:07.376 [Forwarding screenshot on session 701fc467a17a16638ae9f2242eedc2c5 to remote] DEBUG org.asynchttpclient.netty.request.NettyRequestSender - Using pooled Channel '[id: 0x7ebd2502, L:/127.0.0.1:57291 - R:localhost/127.0.0.1:64625]' for 'GET' to 'http://localhost:64625/session/701fc467a17a16638ae9f2242eedc2c5/screenshot'
21:13:07.377 [Forwarding screenshot on session 701fc467a17a16638ae9f2242eedc2c5 to remote] DEBUG org.asynchttpclient.netty.request.NettyRequestSender - Using open Channel [id: 0x7ebd2502, L:/127.0.0.1:57291 - R:localhost/127.0.0.1:64625] for GET '/session/701fc467a17a16638ae9f2242eedc2c5/screenshot'
21:13:07.650 [AsyncHttpClient-1-9] DEBUG org.asynchttpclient.netty.handler.HttpHandler - 

Request DefaultFullHttpRequest(decodeResult: success, version: HTTP/1.1, content: EmptyByteBufBE)
GET /session/701fc467a17a16638ae9f2242eedc2c5/screenshot HTTP/1.1
User-Agent: selenium/4.1.2 (java windows)
Cache-Control: no-cache
Content-Type: application/json; charset=utf-8
host: localhost:64625
accept: */*

Response DefaultHttpResponse(decodeResult: success, version: HTTP/1.1)
HTTP/1.1 200 OK
Content-Type: application/json; charset=utf-8
cache-control: no-cache
content-length: 90144

21:13:07.651 [AsyncHttpClient-1-9] DEBUG org.asynchttpclient.netty.channel.ChannelManager - Adding key: http://localhost:64625 for channel [id: 0x7ebd2502, L:/127.0.0.1:57291 - R:localhost/127.0.0.1:64625]
21:13:07.659 [main] DEBUG net.serenitybdd.core.photography.Darkroom - Send negative for processing for target\site\serenity\3f1e90393dcef7923449cfad49b12525433a36f0c19eef49619318cdd70afec3.png
21:13:07.660 [main] DEBUG net.thucydides.core.steps.StepInterceptor - STEP DONE: clickItems
21:13:07.661 [Darkroom Processing Line] DEBUG net.serenitybdd.core.photography.DarkroomProcessingLine - Processing screenshot image in /var/screenshots/screenshot-8759228457262291831
21:13:07.661 [Darkroom Processing Line] DEBUG net.serenitybdd.core.photography.DarkroomProcessingLine - Saving screenshot to target\site\serenity\3f1e90393dcef7923449cfad49b12525433a36f0c19eef49619318cdd70afec3.png
21:13:07.669 [main] DEBUG net.thucydides.core.steps.StepInterceptor - STARTING STEP: TransactionSteps.userClickItems - clickItems
21:13:07.673 [Forwarding findElement on session 701fc467a17a16638ae9f2242eedc2c5 to remote] DEBUG org.asynchttpclient.netty.request.NettyRequestSender - Using pooled Channel '[id: 0x7ebd2502, L:/127.0.0.1:57291 - R:localhost/127.0.0.1:64625]' for 'POST' to 'http://localhost:64625/session/701fc467a17a16638ae9f2242eedc2c5/element'
21:13:07.673 [Forwarding findElement on session 701fc467a17a16638ae9f2242eedc2c5 to remote] DEBUG org.asynchttpclient.netty.request.NettyRequestSender - Using open Channel [id: 0x7ebd2502, L:/127.0.0.1:57291 - R:localhost/127.0.0.1:64625] for POST '/session/701fc467a17a16638ae9f2242eedc2c5/element'
21:13:07.712 [AsyncHttpClient-1-9] DEBUG org.asynchttpclient.netty.handler.HttpHandler - 

Request DefaultHttpRequest(decodeResult: success, version: HTTP/1.1)
POST /session/701fc467a17a16638ae9f2242eedc2c5/element HTTP/1.1
User-Agent: selenium/4.1.2 (java windows)
Content-Length: 150
Content-Type: application/json; charset=utf-8
host: localhost:64625
accept: */*

Response DefaultHttpResponse(decodeResult: success, version: HTTP/1.1)
HTTP/1.1 200 OK
Content-Type: application/json; charset=utf-8
cache-control: no-cache
content-length: 88

21:13:07.712 [AsyncHttpClient-1-9] DEBUG org.asynchttpclient.netty.channel.ChannelManager - Adding key: http://localhost:64625 for channel [id: 0x7ebd2502, L:/127.0.0.1:57291 - R:localhost/127.0.0.1:64625]
21:13:07.715 [Forwarding getElementTagName on session 701fc467a17a16638ae9f2242eedc2c5 to remote] DEBUG org.asynchttpclient.netty.request.NettyRequestSender - Using pooled Channel '[id: 0x7ebd2502, L:/127.0.0.1:57291 - R:localhost/127.0.0.1:64625]' for 'GET' to 'http://localhost:64625/session/701fc467a17a16638ae9f2242eedc2c5/element/5ec8c4d7-3d2a-480e-b604-cab50a42b0ad/name'
21:13:07.715 [Forwarding getElementTagName on session 701fc467a17a16638ae9f2242eedc2c5 to remote] DEBUG org.asynchttpclient.netty.request.NettyRequestSender - Using open Channel [id: 0x7ebd2502, L:/127.0.0.1:57291 - R:localhost/127.0.0.1:64625] for GET '/session/701fc467a17a16638ae9f2242eedc2c5/element/5ec8c4d7-3d2a-480e-b604-cab50a42b0ad/name'
21:13:07.730 [AsyncHttpClient-1-9] DEBUG org.asynchttpclient.netty.handler.HttpHandler - 

Request DefaultFullHttpRequest(decodeResult: success, version: HTTP/1.1, content: EmptyByteBufBE)
GET /session/701fc467a17a16638ae9f2242eedc2c5/element/5ec8c4d7-3d2a-480e-b604-cab50a42b0ad/name HTTP/1.1
User-Agent: selenium/4.1.2 (java windows)
Cache-Control: no-cache
Content-Type: application/json; charset=utf-8
host: localhost:64625
accept: */*

Response DefaultHttpResponse(decodeResult: success, version: HTTP/1.1)
HTTP/1.1 200 OK
Content-Type: application/json; charset=utf-8
cache-control: no-cache
content-length: 18

21:13:07.730 [AsyncHttpClient-1-9] DEBUG org.asynchttpclient.netty.channel.ChannelManager - Adding key: http://localhost:64625 for channel [id: 0x7ebd2502, L:/127.0.0.1:57291 - R:localhost/127.0.0.1:64625]
21:13:07.732 [Forwarding getElementTagName on session 701fc467a17a16638ae9f2242eedc2c5 to remote] DEBUG org.asynchttpclient.netty.request.NettyRequestSender - Using pooled Channel '[id: 0x7ebd2502, L:/127.0.0.1:57291 - R:localhost/127.0.0.1:64625]' for 'GET' to 'http://localhost:64625/session/701fc467a17a16638ae9f2242eedc2c5/element/5ec8c4d7-3d2a-480e-b604-cab50a42b0ad/name'
21:13:07.732 [Forwarding getElementTagName on session 701fc467a17a16638ae9f2242eedc2c5 to remote] DEBUG org.asynchttpclient.netty.request.NettyRequestSender - Using open Channel [id: 0x7ebd2502, L:/127.0.0.1:57291 - R:localhost/127.0.0.1:64625] for GET '/session/701fc467a17a16638ae9f2242eedc2c5/element/5ec8c4d7-3d2a-480e-b604-cab50a42b0ad/name'
21:13:07.737 [AsyncHttpClient-1-9] DEBUG org.asynchttpclient.netty.handler.HttpHandler - 

Request DefaultFullHttpRequest(decodeResult: success, version: HTTP/1.1, content: EmptyByteBufBE)
GET /session/701fc467a17a16638ae9f2242eedc2c5/element/5ec8c4d7-3d2a-480e-b604-cab50a42b0ad/name HTTP/1.1
User-Agent: selenium/4.1.2 (java windows)
Cache-Control: no-cache
Content-Type: application/json; charset=utf-8
host: localhost:64625
accept: */*

Response DefaultHttpResponse(decodeResult: success, version: HTTP/1.1)
HTTP/1.1 200 OK
Content-Type: application/json; charset=utf-8
cache-control: no-cache
content-length: 18

21:13:07.737 [AsyncHttpClient-1-9] DEBUG org.asynchttpclient.netty.channel.ChannelManager - Adding key: http://localhost:64625 for channel [id: 0x7ebd2502, L:/127.0.0.1:57291 - R:localhost/127.0.0.1:64625]
21:13:07.740 [Forwarding isElementEnabled on session 701fc467a17a16638ae9f2242eedc2c5 to remote] DEBUG org.asynchttpclient.netty.request.NettyRequestSender - Using pooled Channel '[id: 0x7ebd2502, L:/127.0.0.1:57291 - R:localhost/127.0.0.1:64625]' for 'GET' to 'http://localhost:64625/session/701fc467a17a16638ae9f2242eedc2c5/element/5ec8c4d7-3d2a-480e-b604-cab50a42b0ad/enabled'
21:13:07.740 [Forwarding isElementEnabled on session 701fc467a17a16638ae9f2242eedc2c5 to remote] DEBUG org.asynchttpclient.netty.request.NettyRequestSender - Using open Channel [id: 0x7ebd2502, L:/127.0.0.1:57291 - R:localhost/127.0.0.1:64625] for GET '/session/701fc467a17a16638ae9f2242eedc2c5/element/5ec8c4d7-3d2a-480e-b604-cab50a42b0ad/enabled'
21:13:07.747 [AsyncHttpClient-1-9] DEBUG org.asynchttpclient.netty.handler.HttpHandler - 

Request DefaultFullHttpRequest(decodeResult: success, version: HTTP/1.1, content: EmptyByteBufBE)
GET /session/701fc467a17a16638ae9f2242eedc2c5/element/5ec8c4d7-3d2a-480e-b604-cab50a42b0ad/enabled HTTP/1.1
User-Agent: selenium/4.1.2 (java windows)
Cache-Control: no-cache
Content-Type: application/json; charset=utf-8
host: localhost:64625
accept: */*

Response DefaultHttpResponse(decodeResult: success, version: HTTP/1.1)
HTTP/1.1 200 OK
Content-Type: application/json; charset=utf-8
cache-control: no-cache
content-length: 14

21:13:07.747 [AsyncHttpClient-1-9] DEBUG org.asynchttpclient.netty.channel.ChannelManager - Adding key: http://localhost:64625 for channel [id: 0x7ebd2502, L:/127.0.0.1:57291 - R:localhost/127.0.0.1:64625]
21:13:07.748 [Forwarding isElementEnabled on session 701fc467a17a16638ae9f2242eedc2c5 to remote] DEBUG org.asynchttpclient.netty.request.NettyRequestSender - Using pooled Channel '[id: 0x7ebd2502, L:/127.0.0.1:57291 - R:localhost/127.0.0.1:64625]' for 'GET' to 'http://localhost:64625/session/701fc467a17a16638ae9f2242eedc2c5/element/5ec8c4d7-3d2a-480e-b604-cab50a42b0ad/enabled'
21:13:07.748 [Forwarding isElementEnabled on session 701fc467a17a16638ae9f2242eedc2c5 to remote] DEBUG org.asynchttpclient.netty.request.NettyRequestSender - Using open Channel [id: 0x7ebd2502, L:/127.0.0.1:57291 - R:localhost/127.0.0.1:64625] for GET '/session/701fc467a17a16638ae9f2242eedc2c5/element/5ec8c4d7-3d2a-480e-b604-cab50a42b0ad/enabled'
21:13:07.754 [AsyncHttpClient-1-9] DEBUG org.asynchttpclient.netty.handler.HttpHandler - 

Request DefaultFullHttpRequest(decodeResult: success, version: HTTP/1.1, content: EmptyByteBufBE)
GET /session/701fc467a17a16638ae9f2242eedc2c5/element/5ec8c4d7-3d2a-480e-b604-cab50a42b0ad/enabled HTTP/1.1
User-Agent: selenium/4.1.2 (java windows)
Cache-Control: no-cache
Content-Type: application/json; charset=utf-8
host: localhost:64625
accept: */*

Response DefaultHttpResponse(decodeResult: success, version: HTTP/1.1)
HTTP/1.1 200 OK
Content-Type: application/json; charset=utf-8
cache-control: no-cache
content-length: 14

21:13:07.754 [AsyncHttpClient-1-9] DEBUG org.asynchttpclient.netty.channel.ChannelManager - Adding key: http://localhost:64625 for channel [id: 0x7ebd2502, L:/127.0.0.1:57291 - R:localhost/127.0.0.1:64625]
21:13:07.759 [Forwarding findElement on session 701fc467a17a16638ae9f2242eedc2c5 to remote] DEBUG org.asynchttpclient.netty.request.NettyRequestSender - Using pooled Channel '[id: 0x7ebd2502, L:/127.0.0.1:57291 - R:localhost/127.0.0.1:64625]' for 'POST' to 'http://localhost:64625/session/701fc467a17a16638ae9f2242eedc2c5/element'
21:13:07.759 [Forwarding findElement on session 701fc467a17a16638ae9f2242eedc2c5 to remote] DEBUG org.asynchttpclient.netty.request.NettyRequestSender - Using open Channel [id: 0x7ebd2502, L:/127.0.0.1:57291 - R:localhost/127.0.0.1:64625] for POST '/session/701fc467a17a16638ae9f2242eedc2c5/element'
21:13:07.774 [AsyncHttpClient-1-9] DEBUG org.asynchttpclient.netty.handler.HttpHandler - 

Request DefaultHttpRequest(decodeResult: success, version: HTTP/1.1)
POST /session/701fc467a17a16638ae9f2242eedc2c5/element HTTP/1.1
User-Agent: selenium/4.1.2 (java windows)
Content-Length: 150
Content-Type: application/json; charset=utf-8
host: localhost:64625
accept: */*

Response DefaultHttpResponse(decodeResult: success, version: HTTP/1.1)
HTTP/1.1 200 OK
Content-Type: application/json; charset=utf-8
cache-control: no-cache
content-length: 88

21:13:07.775 [AsyncHttpClient-1-9] DEBUG org.asynchttpclient.netty.channel.ChannelManager - Adding key: http://localhost:64625 for channel [id: 0x7ebd2502, L:/127.0.0.1:57291 - R:localhost/127.0.0.1:64625]
21:13:07.777 [Forwarding clickElement on session 701fc467a17a16638ae9f2242eedc2c5 to remote] DEBUG org.asynchttpclient.netty.request.NettyRequestSender - Using pooled Channel '[id: 0x7ebd2502, L:/127.0.0.1:57291 - R:localhost/127.0.0.1:64625]' for 'POST' to 'http://localhost:64625/session/701fc467a17a16638ae9f2242eedc2c5/element/5ec8c4d7-3d2a-480e-b604-cab50a42b0ad/click'
21:13:07.777 [Forwarding clickElement on session 701fc467a17a16638ae9f2242eedc2c5 to remote] DEBUG org.asynchttpclient.netty.request.NettyRequestSender - Using open Channel [id: 0x7ebd2502, L:/127.0.0.1:57291 - R:localhost/127.0.0.1:64625] for POST '/session/701fc467a17a16638ae9f2242eedc2c5/element/5ec8c4d7-3d2a-480e-b604-cab50a42b0ad/click'
21:13:07.791 [AsyncHttpClient-1-1] DEBUG org.asynchttpclient.netty.channel.DefaultChannelPool - Entry count for : http://localhost:57293 : 1
21:13:07.885 [AsyncHttpClient-1-9] DEBUG org.asynchttpclient.netty.handler.HttpHandler - 

Request DefaultHttpRequest(decodeResult: success, version: HTTP/1.1)
POST /session/701fc467a17a16638ae9f2242eedc2c5/element/5ec8c4d7-3d2a-480e-b604-cab50a42b0ad/click HTTP/1.1
User-Agent: selenium/4.1.2 (java windows)
Content-Length: 50
Content-Type: application/json; charset=utf-8
host: localhost:64625
accept: */*

Response DefaultHttpResponse(decodeResult: success, version: HTTP/1.1)
HTTP/1.1 200 OK
Content-Type: application/json; charset=utf-8
cache-control: no-cache
content-length: 14

21:13:07.885 [AsyncHttpClient-1-9] DEBUG org.asynchttpclient.netty.channel.ChannelManager - Adding key: http://localhost:64625 for channel [id: 0x7ebd2502, L:/127.0.0.1:57291 - R:localhost/127.0.0.1:64625]
21:13:07.900 [Forwarding screenshot on session 701fc467a17a16638ae9f2242eedc2c5 to remote] DEBUG org.asynchttpclient.netty.request.NettyRequestSender - Using pooled Channel '[id: 0x7ebd2502, L:/127.0.0.1:57291 - R:localhost/127.0.0.1:64625]' for 'GET' to 'http://localhost:64625/session/701fc467a17a16638ae9f2242eedc2c5/screenshot'
21:13:07.900 [Forwarding screenshot on session 701fc467a17a16638ae9f2242eedc2c5 to remote] DEBUG org.asynchttpclient.netty.request.NettyRequestSender - Using open Channel [id: 0x7ebd2502, L:/127.0.0.1:57291 - R:localhost/127.0.0.1:64625] for GET '/session/701fc467a17a16638ae9f2242eedc2c5/screenshot'
21:13:08.250 [AsyncHttpClient-1-9] DEBUG org.asynchttpclient.netty.handler.HttpHandler - 

Request DefaultFullHttpRequest(decodeResult: success, version: HTTP/1.1, content: EmptyByteBufBE)
GET /session/701fc467a17a16638ae9f2242eedc2c5/screenshot HTTP/1.1
User-Agent: selenium/4.1.2 (java windows)
Cache-Control: no-cache
Content-Type: application/json; charset=utf-8
host: localhost:64625
accept: */*

Response DefaultHttpResponse(decodeResult: success, version: HTTP/1.1)
HTTP/1.1 200 OK
Content-Type: application/json; charset=utf-8
cache-control: no-cache
content-length: 90056

21:13:08.251 [AsyncHttpClient-1-9] DEBUG org.asynchttpclient.netty.channel.ChannelManager - Adding key: http://localhost:64625 for channel [id: 0x7ebd2502, L:/127.0.0.1:57291 - R:localhost/127.0.0.1:64625]
21:13:08.257 [main] DEBUG net.serenitybdd.core.photography.Darkroom - Send negative for processing for target\site\serenity\a968ef884a1b83ae925dee76bbe08541dbba4c4207bd7a6433a7c5c592b8bcc2.png
21:13:08.258 [main] DEBUG net.thucydides.core.steps.StepInterceptor - STEP DONE: clickItems
21:13:08.258 [Darkroom Processing Line] DEBUG net.serenitybdd.core.photography.DarkroomProcessingLine - Processing screenshot image in /var/screenshots/screenshot-3272771458765524427
21:13:08.258 [Darkroom Processing Line] DEBUG net.serenitybdd.core.photography.DarkroomProcessingLine - Saving screenshot to target\site\serenity\a968ef884a1b83ae925dee76bbe08541dbba4c4207bd7a6433a7c5c592b8bcc2.png
21:13:08.268 [main] DEBUG net.thucydides.core.steps.StepInterceptor - STARTING STEP: TransactionSteps.userClickItems - clickItems2
21:13:08.272 [Forwarding findElement on session 701fc467a17a16638ae9f2242eedc2c5 to remote] DEBUG org.asynchttpclient.netty.request.NettyRequestSender - Using pooled Channel '[id: 0x7ebd2502, L:/127.0.0.1:57291 - R:localhost/127.0.0.1:64625]' for 'POST' to 'http://localhost:64625/session/701fc467a17a16638ae9f2242eedc2c5/element'
21:13:08.272 [Forwarding findElement on session 701fc467a17a16638ae9f2242eedc2c5 to remote] DEBUG org.asynchttpclient.netty.request.NettyRequestSender - Using open Channel [id: 0x7ebd2502, L:/127.0.0.1:57291 - R:localhost/127.0.0.1:64625] for POST '/session/701fc467a17a16638ae9f2242eedc2c5/element'
21:13:08.295 [AsyncHttpClient-1-9] DEBUG org.asynchttpclient.netty.handler.HttpHandler - 

Request DefaultHttpRequest(decodeResult: success, version: HTTP/1.1)
POST /session/701fc467a17a16638ae9f2242eedc2c5/element HTTP/1.1
User-Agent: selenium/4.1.2 (java windows)
Content-Length: 150
Content-Type: application/json; charset=utf-8
host: localhost:64625
accept: */*

Response DefaultHttpResponse(decodeResult: success, version: HTTP/1.1)
HTTP/1.1 200 OK
Content-Type: application/json; charset=utf-8
cache-control: no-cache
content-length: 88

21:13:08.295 [AsyncHttpClient-1-9] DEBUG org.asynchttpclient.netty.channel.ChannelManager - Adding key: http://localhost:64625 for channel [id: 0x7ebd2502, L:/127.0.0.1:57291 - R:localhost/127.0.0.1:64625]
21:13:08.298 [Forwarding getElementTagName on session 701fc467a17a16638ae9f2242eedc2c5 to remote] DEBUG org.asynchttpclient.netty.request.NettyRequestSender - Using pooled Channel '[id: 0x7ebd2502, L:/127.0.0.1:57291 - R:localhost/127.0.0.1:64625]' for 'GET' to 'http://localhost:64625/session/701fc467a17a16638ae9f2242eedc2c5/element/ca304801-8ec2-411a-adf4-d82415ef706a/name'
21:13:08.298 [Forwarding getElementTagName on session 701fc467a17a16638ae9f2242eedc2c5 to remote] DEBUG org.asynchttpclient.netty.request.NettyRequestSender - Using open Channel [id: 0x7ebd2502, L:/127.0.0.1:57291 - R:localhost/127.0.0.1:64625] for GET '/session/701fc467a17a16638ae9f2242eedc2c5/element/ca304801-8ec2-411a-adf4-d82415ef706a/name'
21:13:08.354 [AsyncHttpClient-1-9] DEBUG org.asynchttpclient.netty.handler.HttpHandler - 

Request DefaultFullHttpRequest(decodeResult: success, version: HTTP/1.1, content: EmptyByteBufBE)
GET /session/701fc467a17a16638ae9f2242eedc2c5/element/ca304801-8ec2-411a-adf4-d82415ef706a/name HTTP/1.1
User-Agent: selenium/4.1.2 (java windows)
Cache-Control: no-cache
Content-Type: application/json; charset=utf-8
host: localhost:64625
accept: */*

Response DefaultHttpResponse(decodeResult: success, version: HTTP/1.1)
HTTP/1.1 200 OK
Content-Type: application/json; charset=utf-8
cache-control: no-cache
content-length: 18

21:13:08.354 [AsyncHttpClient-1-9] DEBUG org.asynchttpclient.netty.channel.ChannelManager - Adding key: http://localhost:64625 for channel [id: 0x7ebd2502, L:/127.0.0.1:57291 - R:localhost/127.0.0.1:64625]
21:13:08.356 [Forwarding getElementTagName on session 701fc467a17a16638ae9f2242eedc2c5 to remote] DEBUG org.asynchttpclient.netty.request.NettyRequestSender - Using pooled Channel '[id: 0x7ebd2502, L:/127.0.0.1:57291 - R:localhost/127.0.0.1:64625]' for 'GET' to 'http://localhost:64625/session/701fc467a17a16638ae9f2242eedc2c5/element/ca304801-8ec2-411a-adf4-d82415ef706a/name'
21:13:08.356 [Forwarding getElementTagName on session 701fc467a17a16638ae9f2242eedc2c5 to remote] DEBUG org.asynchttpclient.netty.request.NettyRequestSender - Using open Channel [id: 0x7ebd2502, L:/127.0.0.1:57291 - R:localhost/127.0.0.1:64625] for GET '/session/701fc467a17a16638ae9f2242eedc2c5/element/ca304801-8ec2-411a-adf4-d82415ef706a/name'
21:13:08.364 [AsyncHttpClient-1-9] DEBUG org.asynchttpclient.netty.handler.HttpHandler - 

Request DefaultFullHttpRequest(decodeResult: success, version: HTTP/1.1, content: EmptyByteBufBE)
GET /session/701fc467a17a16638ae9f2242eedc2c5/element/ca304801-8ec2-411a-adf4-d82415ef706a/name HTTP/1.1
User-Agent: selenium/4.1.2 (java windows)
Cache-Control: no-cache
Content-Type: application/json; charset=utf-8
host: localhost:64625
accept: */*

Response DefaultHttpResponse(decodeResult: success, version: HTTP/1.1)
HTTP/1.1 200 OK
Content-Type: application/json; charset=utf-8
cache-control: no-cache
content-length: 18

21:13:08.364 [AsyncHttpClient-1-9] DEBUG org.asynchttpclient.netty.channel.ChannelManager - Adding key: http://localhost:64625 for channel [id: 0x7ebd2502, L:/127.0.0.1:57291 - R:localhost/127.0.0.1:64625]
21:13:08.371 [Forwarding isElementEnabled on session 701fc467a17a16638ae9f2242eedc2c5 to remote] DEBUG org.asynchttpclient.netty.request.NettyRequestSender - Using pooled Channel '[id: 0x7ebd2502, L:/127.0.0.1:57291 - R:localhost/127.0.0.1:64625]' for 'GET' to 'http://localhost:64625/session/701fc467a17a16638ae9f2242eedc2c5/element/ca304801-8ec2-411a-adf4-d82415ef706a/enabled'
21:13:08.372 [Forwarding isElementEnabled on session 701fc467a17a16638ae9f2242eedc2c5 to remote] DEBUG org.asynchttpclient.netty.request.NettyRequestSender - Using open Channel [id: 0x7ebd2502, L:/127.0.0.1:57291 - R:localhost/127.0.0.1:64625] for GET '/session/701fc467a17a16638ae9f2242eedc2c5/element/ca304801-8ec2-411a-adf4-d82415ef706a/enabled'
21:13:08.405 [AsyncHttpClient-1-9] DEBUG org.asynchttpclient.netty.handler.HttpHandler - 

Request DefaultFullHttpRequest(decodeResult: success, version: HTTP/1.1, content: EmptyByteBufBE)
GET /session/701fc467a17a16638ae9f2242eedc2c5/element/ca304801-8ec2-411a-adf4-d82415ef706a/enabled HTTP/1.1
User-Agent: selenium/4.1.2 (java windows)
Cache-Control: no-cache
Content-Type: application/json; charset=utf-8
host: localhost:64625
accept: */*

Response DefaultHttpResponse(decodeResult: success, version: HTTP/1.1)
HTTP/1.1 200 OK
Content-Type: application/json; charset=utf-8
cache-control: no-cache
content-length: 14

21:13:08.406 [AsyncHttpClient-1-9] DEBUG org.asynchttpclient.netty.channel.ChannelManager - Adding key: http://localhost:64625 for channel [id: 0x7ebd2502, L:/127.0.0.1:57291 - R:localhost/127.0.0.1:64625]
21:13:08.409 [Forwarding isElementEnabled on session 701fc467a17a16638ae9f2242eedc2c5 to remote] DEBUG org.asynchttpclient.netty.request.NettyRequestSender - Using pooled Channel '[id: 0x7ebd2502, L:/127.0.0.1:57291 - R:localhost/127.0.0.1:64625]' for 'GET' to 'http://localhost:64625/session/701fc467a17a16638ae9f2242eedc2c5/element/ca304801-8ec2-411a-adf4-d82415ef706a/enabled'
21:13:08.409 [Forwarding isElementEnabled on session 701fc467a17a16638ae9f2242eedc2c5 to remote] DEBUG org.asynchttpclient.netty.request.NettyRequestSender - Using open Channel [id: 0x7ebd2502, L:/127.0.0.1:57291 - R:localhost/127.0.0.1:64625] for GET '/session/701fc467a17a16638ae9f2242eedc2c5/element/ca304801-8ec2-411a-adf4-d82415ef706a/enabled'
21:13:08.449 [AsyncHttpClient-1-9] DEBUG org.asynchttpclient.netty.handler.HttpHandler - 

Request DefaultFullHttpRequest(decodeResult: success, version: HTTP/1.1, content: EmptyByteBufBE)
GET /session/701fc467a17a16638ae9f2242eedc2c5/element/ca304801-8ec2-411a-adf4-d82415ef706a/enabled HTTP/1.1
User-Agent: selenium/4.1.2 (java windows)
Cache-Control: no-cache
Content-Type: application/json; charset=utf-8
host: localhost:64625
accept: */*

Response DefaultHttpResponse(decodeResult: success, version: HTTP/1.1)
HTTP/1.1 200 OK
Content-Type: application/json; charset=utf-8
cache-control: no-cache
content-length: 14

21:13:08.449 [AsyncHttpClient-1-9] DEBUG org.asynchttpclient.netty.channel.ChannelManager - Adding key: http://localhost:64625 for channel [id: 0x7ebd2502, L:/127.0.0.1:57291 - R:localhost/127.0.0.1:64625]
21:13:08.452 [Forwarding findElement on session 701fc467a17a16638ae9f2242eedc2c5 to remote] DEBUG org.asynchttpclient.netty.request.NettyRequestSender - Using pooled Channel '[id: 0x7ebd2502, L:/127.0.0.1:57291 - R:localhost/127.0.0.1:64625]' for 'POST' to 'http://localhost:64625/session/701fc467a17a16638ae9f2242eedc2c5/element'
21:13:08.452 [Forwarding findElement on session 701fc467a17a16638ae9f2242eedc2c5 to remote] DEBUG org.asynchttpclient.netty.request.NettyRequestSender - Using open Channel [id: 0x7ebd2502, L:/127.0.0.1:57291 - R:localhost/127.0.0.1:64625] for POST '/session/701fc467a17a16638ae9f2242eedc2c5/element'
21:13:08.468 [AsyncHttpClient-1-9] DEBUG org.asynchttpclient.netty.handler.HttpHandler - 

Request DefaultHttpRequest(decodeResult: success, version: HTTP/1.1)
POST /session/701fc467a17a16638ae9f2242eedc2c5/element HTTP/1.1
User-Agent: selenium/4.1.2 (java windows)
Content-Length: 150
Content-Type: application/json; charset=utf-8
host: localhost:64625
accept: */*

Response DefaultHttpResponse(decodeResult: success, version: HTTP/1.1)
HTTP/1.1 200 OK
Content-Type: application/json; charset=utf-8
cache-control: no-cache
content-length: 88

21:13:08.468 [AsyncHttpClient-1-9] DEBUG org.asynchttpclient.netty.channel.ChannelManager - Adding key: http://localhost:64625 for channel [id: 0x7ebd2502, L:/127.0.0.1:57291 - R:localhost/127.0.0.1:64625]
21:13:08.470 [Forwarding clickElement on session 701fc467a17a16638ae9f2242eedc2c5 to remote] DEBUG org.asynchttpclient.netty.request.NettyRequestSender - Using pooled Channel '[id: 0x7ebd2502, L:/127.0.0.1:57291 - R:localhost/127.0.0.1:64625]' for 'POST' to 'http://localhost:64625/session/701fc467a17a16638ae9f2242eedc2c5/element/ca304801-8ec2-411a-adf4-d82415ef706a/click'
21:13:08.470 [Forwarding clickElement on session 701fc467a17a16638ae9f2242eedc2c5 to remote] DEBUG org.asynchttpclient.netty.request.NettyRequestSender - Using open Channel [id: 0x7ebd2502, L:/127.0.0.1:57291 - R:localhost/127.0.0.1:64625] for POST '/session/701fc467a17a16638ae9f2242eedc2c5/element/ca304801-8ec2-411a-adf4-d82415ef706a/click'
21:13:08.914 [AsyncHttpClient-1-1] DEBUG org.asynchttpclient.netty.channel.DefaultChannelPool - Entry count for : http://localhost:57293 : 1
21:13:09.139 [AsyncHttpClient-1-9] DEBUG org.asynchttpclient.netty.handler.HttpHandler - 

Request DefaultHttpRequest(decodeResult: success, version: HTTP/1.1)
POST /session/701fc467a17a16638ae9f2242eedc2c5/element/ca304801-8ec2-411a-adf4-d82415ef706a/click HTTP/1.1
User-Agent: selenium/4.1.2 (java windows)
Content-Length: 50
Content-Type: application/json; charset=utf-8
host: localhost:64625
accept: */*

Response DefaultHttpResponse(decodeResult: success, version: HTTP/1.1)
HTTP/1.1 200 OK
Content-Type: application/json; charset=utf-8
cache-control: no-cache
content-length: 14

21:13:09.140 [AsyncHttpClient-1-9] DEBUG org.asynchttpclient.netty.channel.ChannelManager - Adding key: http://localhost:64625 for channel [id: 0x7ebd2502, L:/127.0.0.1:57291 - R:localhost/127.0.0.1:64625]
21:13:09.146 [Forwarding screenshot on session 701fc467a17a16638ae9f2242eedc2c5 to remote] DEBUG org.asynchttpclient.netty.request.NettyRequestSender - Using pooled Channel '[id: 0x7ebd2502, L:/127.0.0.1:57291 - R:localhost/127.0.0.1:64625]' for 'GET' to 'http://localhost:64625/session/701fc467a17a16638ae9f2242eedc2c5/screenshot'
21:13:09.147 [Forwarding screenshot on session 701fc467a17a16638ae9f2242eedc2c5 to remote] DEBUG org.asynchttpclient.netty.request.NettyRequestSender - Using open Channel [id: 0x7ebd2502, L:/127.0.0.1:57291 - R:localhost/127.0.0.1:64625] for GET '/session/701fc467a17a16638ae9f2242eedc2c5/screenshot'
21:13:09.543 [AsyncHttpClient-1-9] DEBUG org.asynchttpclient.netty.handler.HttpHandler - 

Request DefaultFullHttpRequest(decodeResult: success, version: HTTP/1.1, content: EmptyByteBufBE)
GET /session/701fc467a17a16638ae9f2242eedc2c5/screenshot HTTP/1.1
User-Agent: selenium/4.1.2 (java windows)
Cache-Control: no-cache
Content-Type: application/json; charset=utf-8
host: localhost:64625
accept: */*

Response DefaultHttpResponse(decodeResult: success, version: HTTP/1.1)
HTTP/1.1 200 OK
Content-Type: application/json; charset=utf-8
cache-control: no-cache
content-length: 90300

21:13:09.544 [AsyncHttpClient-1-9] DEBUG org.asynchttpclient.netty.channel.ChannelManager - Adding key: http://localhost:64625 for channel [id: 0x7ebd2502, L:/127.0.0.1:57291 - R:localhost/127.0.0.1:64625]
21:13:09.555 [main] DEBUG net.serenitybdd.core.photography.Darkroom - Send negative for processing for target\site\serenity\833d4e472f33a968fc31524fdda7dbc3c7736e1da956e1bc2483524b0ebe9c46.png
21:13:09.557 [main] DEBUG net.thucydides.core.steps.StepInterceptor - STEP DONE: clickItems2
21:13:09.557 [Darkroom Processing Line] DEBUG net.serenitybdd.core.photography.DarkroomProcessingLine - Processing screenshot image in /var/screenshots/screenshot-3598696787680521904
21:13:09.557 [Darkroom Processing Line] DEBUG net.serenitybdd.core.photography.DarkroomProcessingLine - Saving screenshot to target\site\serenity\833d4e472f33a968fc31524fdda7dbc3c7736e1da956e1bc2483524b0ebe9c46.png
21:13:09.567 [main] DEBUG net.thucydides.core.steps.StepInterceptor - STARTING STEP: TransactionSteps.userClickItems - clickItems2
21:13:09.575 [Forwarding findElement on session 701fc467a17a16638ae9f2242eedc2c5 to remote] DEBUG org.asynchttpclient.netty.request.NettyRequestSender - Using pooled Channel '[id: 0x7ebd2502, L:/127.0.0.1:57291 - R:localhost/127.0.0.1:64625]' for 'POST' to 'http://localhost:64625/session/701fc467a17a16638ae9f2242eedc2c5/element'
21:13:09.577 [Forwarding findElement on session 701fc467a17a16638ae9f2242eedc2c5 to remote] DEBUG org.asynchttpclient.netty.request.NettyRequestSender - Using open Channel [id: 0x7ebd2502, L:/127.0.0.1:57291 - R:localhost/127.0.0.1:64625] for POST '/session/701fc467a17a16638ae9f2242eedc2c5/element'
21:13:09.622 [AsyncHttpClient-1-9] DEBUG org.asynchttpclient.netty.handler.HttpHandler - 

Request DefaultHttpRequest(decodeResult: success, version: HTTP/1.1)
POST /session/701fc467a17a16638ae9f2242eedc2c5/element HTTP/1.1
User-Agent: selenium/4.1.2 (java windows)
Content-Length: 150
Content-Type: application/json; charset=utf-8
host: localhost:64625
accept: */*

Response DefaultHttpResponse(decodeResult: success, version: HTTP/1.1)
HTTP/1.1 200 OK
Content-Type: application/json; charset=utf-8
cache-control: no-cache
content-length: 88

21:13:09.623 [AsyncHttpClient-1-9] DEBUG org.asynchttpclient.netty.channel.ChannelManager - Adding key: http://localhost:64625 for channel [id: 0x7ebd2502, L:/127.0.0.1:57291 - R:localhost/127.0.0.1:64625]
21:13:09.624 [Forwarding getElementTagName on session 701fc467a17a16638ae9f2242eedc2c5 to remote] DEBUG org.asynchttpclient.netty.request.NettyRequestSender - Using pooled Channel '[id: 0x7ebd2502, L:/127.0.0.1:57291 - R:localhost/127.0.0.1:64625]' for 'GET' to 'http://localhost:64625/session/701fc467a17a16638ae9f2242eedc2c5/element/ca304801-8ec2-411a-adf4-d82415ef706a/name'
21:13:09.624 [Forwarding getElementTagName on session 701fc467a17a16638ae9f2242eedc2c5 to remote] DEBUG org.asynchttpclient.netty.request.NettyRequestSender - Using open Channel [id: 0x7ebd2502, L:/127.0.0.1:57291 - R:localhost/127.0.0.1:64625] for GET '/session/701fc467a17a16638ae9f2242eedc2c5/element/ca304801-8ec2-411a-adf4-d82415ef706a/name'
21:13:09.628 [AsyncHttpClient-1-9] DEBUG org.asynchttpclient.netty.handler.HttpHandler - 

Request DefaultFullHttpRequest(decodeResult: success, version: HTTP/1.1, content: EmptyByteBufBE)
GET /session/701fc467a17a16638ae9f2242eedc2c5/element/ca304801-8ec2-411a-adf4-d82415ef706a/name HTTP/1.1
User-Agent: selenium/4.1.2 (java windows)
Cache-Control: no-cache
Content-Type: application/json; charset=utf-8
host: localhost:64625
accept: */*

Response DefaultHttpResponse(decodeResult: success, version: HTTP/1.1)
HTTP/1.1 200 OK
Content-Type: application/json; charset=utf-8
cache-control: no-cache
content-length: 18

21:13:09.628 [AsyncHttpClient-1-9] DEBUG org.asynchttpclient.netty.channel.ChannelManager - Adding key: http://localhost:64625 for channel [id: 0x7ebd2502, L:/127.0.0.1:57291 - R:localhost/127.0.0.1:64625]
21:13:09.631 [Forwarding getElementTagName on session 701fc467a17a16638ae9f2242eedc2c5 to remote] DEBUG org.asynchttpclient.netty.request.NettyRequestSender - Using pooled Channel '[id: 0x7ebd2502, L:/127.0.0.1:57291 - R:localhost/127.0.0.1:64625]' for 'GET' to 'http://localhost:64625/session/701fc467a17a16638ae9f2242eedc2c5/element/ca304801-8ec2-411a-adf4-d82415ef706a/name'
21:13:09.631 [Forwarding getElementTagName on session 701fc467a17a16638ae9f2242eedc2c5 to remote] DEBUG org.asynchttpclient.netty.request.NettyRequestSender - Using open Channel [id: 0x7ebd2502, L:/127.0.0.1:57291 - R:localhost/127.0.0.1:64625] for GET '/session/701fc467a17a16638ae9f2242eedc2c5/element/ca304801-8ec2-411a-adf4-d82415ef706a/name'
21:13:09.637 [AsyncHttpClient-1-9] DEBUG org.asynchttpclient.netty.handler.HttpHandler - 

Request DefaultFullHttpRequest(decodeResult: success, version: HTTP/1.1, content: EmptyByteBufBE)
GET /session/701fc467a17a16638ae9f2242eedc2c5/element/ca304801-8ec2-411a-adf4-d82415ef706a/name HTTP/1.1
User-Agent: selenium/4.1.2 (java windows)
Cache-Control: no-cache
Content-Type: application/json; charset=utf-8
host: localhost:64625
accept: */*

Response DefaultHttpResponse(decodeResult: success, version: HTTP/1.1)
HTTP/1.1 200 OK
Content-Type: application/json; charset=utf-8
cache-control: no-cache
content-length: 18

21:13:09.638 [AsyncHttpClient-1-9] DEBUG org.asynchttpclient.netty.channel.ChannelManager - Adding key: http://localhost:64625 for channel [id: 0x7ebd2502, L:/127.0.0.1:57291 - R:localhost/127.0.0.1:64625]
21:13:09.640 [Forwarding isElementEnabled on session 701fc467a17a16638ae9f2242eedc2c5 to remote] DEBUG org.asynchttpclient.netty.request.NettyRequestSender - Using pooled Channel '[id: 0x7ebd2502, L:/127.0.0.1:57291 - R:localhost/127.0.0.1:64625]' for 'GET' to 'http://localhost:64625/session/701fc467a17a16638ae9f2242eedc2c5/element/ca304801-8ec2-411a-adf4-d82415ef706a/enabled'
21:13:09.640 [Forwarding isElementEnabled on session 701fc467a17a16638ae9f2242eedc2c5 to remote] DEBUG org.asynchttpclient.netty.request.NettyRequestSender - Using open Channel [id: 0x7ebd2502, L:/127.0.0.1:57291 - R:localhost/127.0.0.1:64625] for GET '/session/701fc467a17a16638ae9f2242eedc2c5/element/ca304801-8ec2-411a-adf4-d82415ef706a/enabled'
21:13:09.646 [AsyncHttpClient-1-9] DEBUG org.asynchttpclient.netty.handler.HttpHandler - 

Request DefaultFullHttpRequest(decodeResult: success, version: HTTP/1.1, content: EmptyByteBufBE)
GET /session/701fc467a17a16638ae9f2242eedc2c5/element/ca304801-8ec2-411a-adf4-d82415ef706a/enabled HTTP/1.1
User-Agent: selenium/4.1.2 (java windows)
Cache-Control: no-cache
Content-Type: application/json; charset=utf-8
host: localhost:64625
accept: */*

Response DefaultHttpResponse(decodeResult: success, version: HTTP/1.1)
HTTP/1.1 200 OK
Content-Type: application/json; charset=utf-8
cache-control: no-cache
content-length: 14

21:13:09.646 [AsyncHttpClient-1-9] DEBUG org.asynchttpclient.netty.channel.ChannelManager - Adding key: http://localhost:64625 for channel [id: 0x7ebd2502, L:/127.0.0.1:57291 - R:localhost/127.0.0.1:64625]
21:13:09.648 [Forwarding isElementEnabled on session 701fc467a17a16638ae9f2242eedc2c5 to remote] DEBUG org.asynchttpclient.netty.request.NettyRequestSender - Using pooled Channel '[id: 0x7ebd2502, L:/127.0.0.1:57291 - R:localhost/127.0.0.1:64625]' for 'GET' to 'http://localhost:64625/session/701fc467a17a16638ae9f2242eedc2c5/element/ca304801-8ec2-411a-adf4-d82415ef706a/enabled'
21:13:09.648 [Forwarding isElementEnabled on session 701fc467a17a16638ae9f2242eedc2c5 to remote] DEBUG org.asynchttpclient.netty.request.NettyRequestSender - Using open Channel [id: 0x7ebd2502, L:/127.0.0.1:57291 - R:localhost/127.0.0.1:64625] for GET '/session/701fc467a17a16638ae9f2242eedc2c5/element/ca304801-8ec2-411a-adf4-d82415ef706a/enabled'
21:13:09.653 [AsyncHttpClient-1-9] DEBUG org.asynchttpclient.netty.handler.HttpHandler - 

Request DefaultFullHttpRequest(decodeResult: success, version: HTTP/1.1, content: EmptyByteBufBE)
GET /session/701fc467a17a16638ae9f2242eedc2c5/element/ca304801-8ec2-411a-adf4-d82415ef706a/enabled HTTP/1.1
User-Agent: selenium/4.1.2 (java windows)
Cache-Control: no-cache
Content-Type: application/json; charset=utf-8
host: localhost:64625
accept: */*

Response DefaultHttpResponse(decodeResult: success, version: HTTP/1.1)
HTTP/1.1 200 OK
Content-Type: application/json; charset=utf-8
cache-control: no-cache
content-length: 14

21:13:09.654 [AsyncHttpClient-1-9] DEBUG org.asynchttpclient.netty.channel.ChannelManager - Adding key: http://localhost:64625 for channel [id: 0x7ebd2502, L:/127.0.0.1:57291 - R:localhost/127.0.0.1:64625]
21:13:09.657 [Forwarding findElement on session 701fc467a17a16638ae9f2242eedc2c5 to remote] DEBUG org.asynchttpclient.netty.request.NettyRequestSender - Using pooled Channel '[id: 0x7ebd2502, L:/127.0.0.1:57291 - R:localhost/127.0.0.1:64625]' for 'POST' to 'http://localhost:64625/session/701fc467a17a16638ae9f2242eedc2c5/element'
21:13:09.657 [Forwarding findElement on session 701fc467a17a16638ae9f2242eedc2c5 to remote] DEBUG org.asynchttpclient.netty.request.NettyRequestSender - Using open Channel [id: 0x7ebd2502, L:/127.0.0.1:57291 - R:localhost/127.0.0.1:64625] for POST '/session/701fc467a17a16638ae9f2242eedc2c5/element'
21:13:09.670 [AsyncHttpClient-1-9] DEBUG org.asynchttpclient.netty.handler.HttpHandler - 

Request DefaultHttpRequest(decodeResult: success, version: HTTP/1.1)
POST /session/701fc467a17a16638ae9f2242eedc2c5/element HTTP/1.1
User-Agent: selenium/4.1.2 (java windows)
Content-Length: 150
Content-Type: application/json; charset=utf-8
host: localhost:64625
accept: */*

Response DefaultHttpResponse(decodeResult: success, version: HTTP/1.1)
HTTP/1.1 200 OK
Content-Type: application/json; charset=utf-8
cache-control: no-cache
content-length: 88

21:13:09.670 [AsyncHttpClient-1-9] DEBUG org.asynchttpclient.netty.channel.ChannelManager - Adding key: http://localhost:64625 for channel [id: 0x7ebd2502, L:/127.0.0.1:57291 - R:localhost/127.0.0.1:64625]
21:13:09.672 [Forwarding clickElement on session 701fc467a17a16638ae9f2242eedc2c5 to remote] DEBUG org.asynchttpclient.netty.request.NettyRequestSender - Using pooled Channel '[id: 0x7ebd2502, L:/127.0.0.1:57291 - R:localhost/127.0.0.1:64625]' for 'POST' to 'http://localhost:64625/session/701fc467a17a16638ae9f2242eedc2c5/element/ca304801-8ec2-411a-adf4-d82415ef706a/click'
21:13:09.672 [Forwarding clickElement on session 701fc467a17a16638ae9f2242eedc2c5 to remote] DEBUG org.asynchttpclient.netty.request.NettyRequestSender - Using open Channel [id: 0x7ebd2502, L:/127.0.0.1:57291 - R:localhost/127.0.0.1:64625] for POST '/session/701fc467a17a16638ae9f2242eedc2c5/element/ca304801-8ec2-411a-adf4-d82415ef706a/click'
21:13:09.735 [AsyncHttpClient-1-9] DEBUG org.asynchttpclient.netty.handler.HttpHandler - 

Request DefaultHttpRequest(decodeResult: success, version: HTTP/1.1)
POST /session/701fc467a17a16638ae9f2242eedc2c5/element/ca304801-8ec2-411a-adf4-d82415ef706a/click HTTP/1.1
User-Agent: selenium/4.1.2 (java windows)
Content-Length: 50
Content-Type: application/json; charset=utf-8
host: localhost:64625
accept: */*

Response DefaultHttpResponse(decodeResult: success, version: HTTP/1.1)
HTTP/1.1 200 OK
Content-Type: application/json; charset=utf-8
cache-control: no-cache
content-length: 14

21:13:09.735 [AsyncHttpClient-1-9] DEBUG org.asynchttpclient.netty.channel.ChannelManager - Adding key: http://localhost:64625 for channel [id: 0x7ebd2502, L:/127.0.0.1:57291 - R:localhost/127.0.0.1:64625]
21:13:09.749 [Forwarding screenshot on session 701fc467a17a16638ae9f2242eedc2c5 to remote] DEBUG org.asynchttpclient.netty.request.NettyRequestSender - Using pooled Channel '[id: 0x7ebd2502, L:/127.0.0.1:57291 - R:localhost/127.0.0.1:64625]' for 'GET' to 'http://localhost:64625/session/701fc467a17a16638ae9f2242eedc2c5/screenshot'
21:13:09.749 [Forwarding screenshot on session 701fc467a17a16638ae9f2242eedc2c5 to remote] DEBUG org.asynchttpclient.netty.request.NettyRequestSender - Using open Channel [id: 0x7ebd2502, L:/127.0.0.1:57291 - R:localhost/127.0.0.1:64625] for GET '/session/701fc467a17a16638ae9f2242eedc2c5/screenshot'
21:13:10.000 [AsyncHttpClient-1-1] DEBUG org.asynchttpclient.netty.channel.DefaultChannelPool - Entry count for : http://localhost:57293 : 1
21:13:10.032 [AsyncHttpClient-1-9] DEBUG org.asynchttpclient.netty.handler.HttpHandler - 

Request DefaultFullHttpRequest(decodeResult: success, version: HTTP/1.1, content: EmptyByteBufBE)
GET /session/701fc467a17a16638ae9f2242eedc2c5/screenshot HTTP/1.1
User-Agent: selenium/4.1.2 (java windows)
Cache-Control: no-cache
Content-Type: application/json; charset=utf-8
host: localhost:64625
accept: */*

Response DefaultHttpResponse(decodeResult: success, version: HTTP/1.1)
HTTP/1.1 200 OK
Content-Type: application/json; charset=utf-8
cache-control: no-cache
content-length: 90164

21:13:10.033 [AsyncHttpClient-1-9] DEBUG org.asynchttpclient.netty.channel.ChannelManager - Adding key: http://localhost:64625 for channel [id: 0x7ebd2502, L:/127.0.0.1:57291 - R:localhost/127.0.0.1:64625]
21:13:10.042 [main] DEBUG net.serenitybdd.core.photography.Darkroom - Send negative for processing for target\site\serenity\0da0e3adb6d328a80d10b5aad3d6d5523036e6953844eb4b744ebac774e0015d.png
21:13:10.042 [main] DEBUG net.thucydides.core.steps.StepInterceptor - STEP DONE: clickItems2
21:13:10.042 [Darkroom Processing Line] DEBUG net.serenitybdd.core.photography.DarkroomProcessingLine - Processing screenshot image in /var/screenshots/screenshot-3417448934283786393
21:13:10.042 [Darkroom Processing Line] DEBUG net.serenitybdd.core.photography.DarkroomProcessingLine - Saving screenshot to target\site\serenity\0da0e3adb6d328a80d10b5aad3d6d5523036e6953844eb4b744ebac774e0015d.png
21:13:10.049 [main] DEBUG net.thucydides.core.steps.StepInterceptor - STARTING STEP: TransactionSteps.userClickItems - clickItems3
21:13:10.053 [Forwarding findElement on session 701fc467a17a16638ae9f2242eedc2c5 to remote] DEBUG org.asynchttpclient.netty.request.NettyRequestSender - Using pooled Channel '[id: 0x7ebd2502, L:/127.0.0.1:57291 - R:localhost/127.0.0.1:64625]' for 'POST' to 'http://localhost:64625/session/701fc467a17a16638ae9f2242eedc2c5/element'
21:13:10.053 [Forwarding findElement on session 701fc467a17a16638ae9f2242eedc2c5 to remote] DEBUG org.asynchttpclient.netty.request.NettyRequestSender - Using open Channel [id: 0x7ebd2502, L:/127.0.0.1:57291 - R:localhost/127.0.0.1:64625] for POST '/session/701fc467a17a16638ae9f2242eedc2c5/element'
21:13:10.073 [AsyncHttpClient-1-9] DEBUG org.asynchttpclient.netty.handler.HttpHandler - 

Request DefaultHttpRequest(decodeResult: success, version: HTTP/1.1)
POST /session/701fc467a17a16638ae9f2242eedc2c5/element HTTP/1.1
User-Agent: selenium/4.1.2 (java windows)
Content-Length: 150
Content-Type: application/json; charset=utf-8
host: localhost:64625
accept: */*

Response DefaultHttpResponse(decodeResult: success, version: HTTP/1.1)
HTTP/1.1 200 OK
Content-Type: application/json; charset=utf-8
cache-control: no-cache
content-length: 88

21:13:10.073 [AsyncHttpClient-1-9] DEBUG org.asynchttpclient.netty.channel.ChannelManager - Adding key: http://localhost:64625 for channel [id: 0x7ebd2502, L:/127.0.0.1:57291 - R:localhost/127.0.0.1:64625]
21:13:10.075 [Forwarding getElementTagName on session 701fc467a17a16638ae9f2242eedc2c5 to remote] DEBUG org.asynchttpclient.netty.request.NettyRequestSender - Using pooled Channel '[id: 0x7ebd2502, L:/127.0.0.1:57291 - R:localhost/127.0.0.1:64625]' for 'GET' to 'http://localhost:64625/session/701fc467a17a16638ae9f2242eedc2c5/element/0eb8fbdd-0782-4873-bfbf-3972517f71cb/name'
21:13:10.075 [Forwarding getElementTagName on session 701fc467a17a16638ae9f2242eedc2c5 to remote] DEBUG org.asynchttpclient.netty.request.NettyRequestSender - Using open Channel [id: 0x7ebd2502, L:/127.0.0.1:57291 - R:localhost/127.0.0.1:64625] for GET '/session/701fc467a17a16638ae9f2242eedc2c5/element/0eb8fbdd-0782-4873-bfbf-3972517f71cb/name'
21:13:10.082 [AsyncHttpClient-1-9] DEBUG org.asynchttpclient.netty.handler.HttpHandler - 

Request DefaultFullHttpRequest(decodeResult: success, version: HTTP/1.1, content: EmptyByteBufBE)
GET /session/701fc467a17a16638ae9f2242eedc2c5/element/0eb8fbdd-0782-4873-bfbf-3972517f71cb/name HTTP/1.1
User-Agent: selenium/4.1.2 (java windows)
Cache-Control: no-cache
Content-Type: application/json; charset=utf-8
host: localhost:64625
accept: */*

Response DefaultHttpResponse(decodeResult: success, version: HTTP/1.1)
HTTP/1.1 200 OK
Content-Type: application/json; charset=utf-8
cache-control: no-cache
content-length: 18

21:13:10.082 [AsyncHttpClient-1-9] DEBUG org.asynchttpclient.netty.channel.ChannelManager - Adding key: http://localhost:64625 for channel [id: 0x7ebd2502, L:/127.0.0.1:57291 - R:localhost/127.0.0.1:64625]
21:13:10.083 [Forwarding getElementTagName on session 701fc467a17a16638ae9f2242eedc2c5 to remote] DEBUG org.asynchttpclient.netty.request.NettyRequestSender - Using pooled Channel '[id: 0x7ebd2502, L:/127.0.0.1:57291 - R:localhost/127.0.0.1:64625]' for 'GET' to 'http://localhost:64625/session/701fc467a17a16638ae9f2242eedc2c5/element/0eb8fbdd-0782-4873-bfbf-3972517f71cb/name'
21:13:10.083 [Forwarding getElementTagName on session 701fc467a17a16638ae9f2242eedc2c5 to remote] DEBUG org.asynchttpclient.netty.request.NettyRequestSender - Using open Channel [id: 0x7ebd2502, L:/127.0.0.1:57291 - R:localhost/127.0.0.1:64625] for GET '/session/701fc467a17a16638ae9f2242eedc2c5/element/0eb8fbdd-0782-4873-bfbf-3972517f71cb/name'
21:13:10.087 [AsyncHttpClient-1-9] DEBUG org.asynchttpclient.netty.handler.HttpHandler - 

Request DefaultFullHttpRequest(decodeResult: success, version: HTTP/1.1, content: EmptyByteBufBE)
GET /session/701fc467a17a16638ae9f2242eedc2c5/element/0eb8fbdd-0782-4873-bfbf-3972517f71cb/name HTTP/1.1
User-Agent: selenium/4.1.2 (java windows)
Cache-Control: no-cache
Content-Type: application/json; charset=utf-8
host: localhost:64625
accept: */*

Response DefaultHttpResponse(decodeResult: success, version: HTTP/1.1)
HTTP/1.1 200 OK
Content-Type: application/json; charset=utf-8
cache-control: no-cache
content-length: 18

21:13:10.087 [AsyncHttpClient-1-9] DEBUG org.asynchttpclient.netty.channel.ChannelManager - Adding key: http://localhost:64625 for channel [id: 0x7ebd2502, L:/127.0.0.1:57291 - R:localhost/127.0.0.1:64625]
21:13:10.089 [Forwarding isElementEnabled on session 701fc467a17a16638ae9f2242eedc2c5 to remote] DEBUG org.asynchttpclient.netty.request.NettyRequestSender - Using pooled Channel '[id: 0x7ebd2502, L:/127.0.0.1:57291 - R:localhost/127.0.0.1:64625]' for 'GET' to 'http://localhost:64625/session/701fc467a17a16638ae9f2242eedc2c5/element/0eb8fbdd-0782-4873-bfbf-3972517f71cb/enabled'
21:13:10.089 [Forwarding isElementEnabled on session 701fc467a17a16638ae9f2242eedc2c5 to remote] DEBUG org.asynchttpclient.netty.request.NettyRequestSender - Using open Channel [id: 0x7ebd2502, L:/127.0.0.1:57291 - R:localhost/127.0.0.1:64625] for GET '/session/701fc467a17a16638ae9f2242eedc2c5/element/0eb8fbdd-0782-4873-bfbf-3972517f71cb/enabled'
21:13:10.103 [AsyncHttpClient-1-9] DEBUG org.asynchttpclient.netty.handler.HttpHandler - 

Request DefaultFullHttpRequest(decodeResult: success, version: HTTP/1.1, content: EmptyByteBufBE)
GET /session/701fc467a17a16638ae9f2242eedc2c5/element/0eb8fbdd-0782-4873-bfbf-3972517f71cb/enabled HTTP/1.1
User-Agent: selenium/4.1.2 (java windows)
Cache-Control: no-cache
Content-Type: application/json; charset=utf-8
host: localhost:64625
accept: */*

Response DefaultHttpResponse(decodeResult: success, version: HTTP/1.1)
HTTP/1.1 200 OK
Content-Type: application/json; charset=utf-8
cache-control: no-cache
content-length: 14

21:13:10.103 [AsyncHttpClient-1-9] DEBUG org.asynchttpclient.netty.channel.ChannelManager - Adding key: http://localhost:64625 for channel [id: 0x7ebd2502, L:/127.0.0.1:57291 - R:localhost/127.0.0.1:64625]
21:13:10.105 [Forwarding isElementEnabled on session 701fc467a17a16638ae9f2242eedc2c5 to remote] DEBUG org.asynchttpclient.netty.request.NettyRequestSender - Using pooled Channel '[id: 0x7ebd2502, L:/127.0.0.1:57291 - R:localhost/127.0.0.1:64625]' for 'GET' to 'http://localhost:64625/session/701fc467a17a16638ae9f2242eedc2c5/element/0eb8fbdd-0782-4873-bfbf-3972517f71cb/enabled'
21:13:10.106 [Forwarding isElementEnabled on session 701fc467a17a16638ae9f2242eedc2c5 to remote] DEBUG org.asynchttpclient.netty.request.NettyRequestSender - Using open Channel [id: 0x7ebd2502, L:/127.0.0.1:57291 - R:localhost/127.0.0.1:64625] for GET '/session/701fc467a17a16638ae9f2242eedc2c5/element/0eb8fbdd-0782-4873-bfbf-3972517f71cb/enabled'
21:13:10.112 [AsyncHttpClient-1-9] DEBUG org.asynchttpclient.netty.handler.HttpHandler - 

Request DefaultFullHttpRequest(decodeResult: success, version: HTTP/1.1, content: EmptyByteBufBE)
GET /session/701fc467a17a16638ae9f2242eedc2c5/element/0eb8fbdd-0782-4873-bfbf-3972517f71cb/enabled HTTP/1.1
User-Agent: selenium/4.1.2 (java windows)
Cache-Control: no-cache
Content-Type: application/json; charset=utf-8
host: localhost:64625
accept: */*

Response DefaultHttpResponse(decodeResult: success, version: HTTP/1.1)
HTTP/1.1 200 OK
Content-Type: application/json; charset=utf-8
cache-control: no-cache
content-length: 14

21:13:10.112 [AsyncHttpClient-1-9] DEBUG org.asynchttpclient.netty.channel.ChannelManager - Adding key: http://localhost:64625 for channel [id: 0x7ebd2502, L:/127.0.0.1:57291 - R:localhost/127.0.0.1:64625]
21:13:10.114 [Forwarding findElement on session 701fc467a17a16638ae9f2242eedc2c5 to remote] DEBUG org.asynchttpclient.netty.request.NettyRequestSender - Using pooled Channel '[id: 0x7ebd2502, L:/127.0.0.1:57291 - R:localhost/127.0.0.1:64625]' for 'POST' to 'http://localhost:64625/session/701fc467a17a16638ae9f2242eedc2c5/element'
21:13:10.114 [Forwarding findElement on session 701fc467a17a16638ae9f2242eedc2c5 to remote] DEBUG org.asynchttpclient.netty.request.NettyRequestSender - Using open Channel [id: 0x7ebd2502, L:/127.0.0.1:57291 - R:localhost/127.0.0.1:64625] for POST '/session/701fc467a17a16638ae9f2242eedc2c5/element'
21:13:10.126 [AsyncHttpClient-1-9] DEBUG org.asynchttpclient.netty.handler.HttpHandler - 

Request DefaultHttpRequest(decodeResult: success, version: HTTP/1.1)
POST /session/701fc467a17a16638ae9f2242eedc2c5/element HTTP/1.1
User-Agent: selenium/4.1.2 (java windows)
Content-Length: 150
Content-Type: application/json; charset=utf-8
host: localhost:64625
accept: */*

Response DefaultHttpResponse(decodeResult: success, version: HTTP/1.1)
HTTP/1.1 200 OK
Content-Type: application/json; charset=utf-8
cache-control: no-cache
content-length: 88

21:13:10.126 [AsyncHttpClient-1-9] DEBUG org.asynchttpclient.netty.channel.ChannelManager - Adding key: http://localhost:64625 for channel [id: 0x7ebd2502, L:/127.0.0.1:57291 - R:localhost/127.0.0.1:64625]
21:13:10.128 [Forwarding clickElement on session 701fc467a17a16638ae9f2242eedc2c5 to remote] DEBUG org.asynchttpclient.netty.request.NettyRequestSender - Using pooled Channel '[id: 0x7ebd2502, L:/127.0.0.1:57291 - R:localhost/127.0.0.1:64625]' for 'POST' to 'http://localhost:64625/session/701fc467a17a16638ae9f2242eedc2c5/element/0eb8fbdd-0782-4873-bfbf-3972517f71cb/click'
21:13:10.128 [Forwarding clickElement on session 701fc467a17a16638ae9f2242eedc2c5 to remote] DEBUG org.asynchttpclient.netty.request.NettyRequestSender - Using open Channel [id: 0x7ebd2502, L:/127.0.0.1:57291 - R:localhost/127.0.0.1:64625] for POST '/session/701fc467a17a16638ae9f2242eedc2c5/element/0eb8fbdd-0782-4873-bfbf-3972517f71cb/click'
21:13:10.217 [AsyncHttpClient-1-9] DEBUG org.asynchttpclient.netty.handler.HttpHandler - 

Request DefaultHttpRequest(decodeResult: success, version: HTTP/1.1)
POST /session/701fc467a17a16638ae9f2242eedc2c5/element/0eb8fbdd-0782-4873-bfbf-3972517f71cb/click HTTP/1.1
User-Agent: selenium/4.1.2 (java windows)
Content-Length: 50
Content-Type: application/json; charset=utf-8
host: localhost:64625
accept: */*

Response DefaultHttpResponse(decodeResult: success, version: HTTP/1.1)
HTTP/1.1 200 OK
Content-Type: application/json; charset=utf-8
cache-control: no-cache
content-length: 14

21:13:10.217 [AsyncHttpClient-1-9] DEBUG org.asynchttpclient.netty.channel.ChannelManager - Adding key: http://localhost:64625 for channel [id: 0x7ebd2502, L:/127.0.0.1:57291 - R:localhost/127.0.0.1:64625]
21:13:10.228 [Forwarding screenshot on session 701fc467a17a16638ae9f2242eedc2c5 to remote] DEBUG org.asynchttpclient.netty.request.NettyRequestSender - Using pooled Channel '[id: 0x7ebd2502, L:/127.0.0.1:57291 - R:localhost/127.0.0.1:64625]' for 'GET' to 'http://localhost:64625/session/701fc467a17a16638ae9f2242eedc2c5/screenshot'
21:13:10.228 [Forwarding screenshot on session 701fc467a17a16638ae9f2242eedc2c5 to remote] DEBUG org.asynchttpclient.netty.request.NettyRequestSender - Using open Channel [id: 0x7ebd2502, L:/127.0.0.1:57291 - R:localhost/127.0.0.1:64625] for GET '/session/701fc467a17a16638ae9f2242eedc2c5/screenshot'
21:13:10.439 [AsyncHttpClient-1-9] DEBUG org.asynchttpclient.netty.handler.HttpHandler - 

Request DefaultFullHttpRequest(decodeResult: success, version: HTTP/1.1, content: EmptyByteBufBE)
GET /session/701fc467a17a16638ae9f2242eedc2c5/screenshot HTTP/1.1
User-Agent: selenium/4.1.2 (java windows)
Cache-Control: no-cache
Content-Type: application/json; charset=utf-8
host: localhost:64625
accept: */*

Response DefaultHttpResponse(decodeResult: success, version: HTTP/1.1)
HTTP/1.1 200 OK
Content-Type: application/json; charset=utf-8
cache-control: no-cache
content-length: 90756

21:13:10.441 [AsyncHttpClient-1-9] DEBUG org.asynchttpclient.netty.channel.ChannelManager - Adding key: http://localhost:64625 for channel [id: 0x7ebd2502, L:/127.0.0.1:57291 - R:localhost/127.0.0.1:64625]
21:13:10.450 [main] DEBUG net.serenitybdd.core.photography.Darkroom - Send negative for processing for target\site\serenity\87dd38e2f364680a931afa268791b809bbff58f6480dec713c73c0706fd9bd8c.png
21:13:10.451 [Darkroom Processing Line] DEBUG net.serenitybdd.core.photography.DarkroomProcessingLine - Processing screenshot image in /var/screenshots/screenshot-224533465267134693
21:13:10.451 [Darkroom Processing Line] DEBUG net.serenitybdd.core.photography.DarkroomProcessingLine - Saving screenshot to target\site\serenity\87dd38e2f364680a931afa268791b809bbff58f6480dec713c73c0706fd9bd8c.png
21:13:10.451 [main] DEBUG net.thucydides.core.steps.StepInterceptor - STEP DONE: clickItems3
21:13:10.463 [main] DEBUG net.thucydides.core.steps.StepInterceptor - STARTING STEP: TransactionSteps.userClickItems - clickItems3
21:13:10.470 [Forwarding findElement on session 701fc467a17a16638ae9f2242eedc2c5 to remote] DEBUG org.asynchttpclient.netty.request.NettyRequestSender - Using pooled Channel '[id: 0x7ebd2502, L:/127.0.0.1:57291 - R:localhost/127.0.0.1:64625]' for 'POST' to 'http://localhost:64625/session/701fc467a17a16638ae9f2242eedc2c5/element'
21:13:10.470 [Forwarding findElement on session 701fc467a17a16638ae9f2242eedc2c5 to remote] DEBUG org.asynchttpclient.netty.request.NettyRequestSender - Using open Channel [id: 0x7ebd2502, L:/127.0.0.1:57291 - R:localhost/127.0.0.1:64625] for POST '/session/701fc467a17a16638ae9f2242eedc2c5/element'
21:13:10.491 [AsyncHttpClient-1-9] DEBUG org.asynchttpclient.netty.handler.HttpHandler - 

Request DefaultHttpRequest(decodeResult: success, version: HTTP/1.1)
POST /session/701fc467a17a16638ae9f2242eedc2c5/element HTTP/1.1
User-Agent: selenium/4.1.2 (java windows)
Content-Length: 150
Content-Type: application/json; charset=utf-8
host: localhost:64625
accept: */*

Response DefaultHttpResponse(decodeResult: success, version: HTTP/1.1)
HTTP/1.1 200 OK
Content-Type: application/json; charset=utf-8
cache-control: no-cache
content-length: 88

21:13:10.492 [AsyncHttpClient-1-9] DEBUG org.asynchttpclient.netty.channel.ChannelManager - Adding key: http://localhost:64625 for channel [id: 0x7ebd2502, L:/127.0.0.1:57291 - R:localhost/127.0.0.1:64625]
21:13:10.494 [Forwarding getElementTagName on session 701fc467a17a16638ae9f2242eedc2c5 to remote] DEBUG org.asynchttpclient.netty.request.NettyRequestSender - Using pooled Channel '[id: 0x7ebd2502, L:/127.0.0.1:57291 - R:localhost/127.0.0.1:64625]' for 'GET' to 'http://localhost:64625/session/701fc467a17a16638ae9f2242eedc2c5/element/0eb8fbdd-0782-4873-bfbf-3972517f71cb/name'
21:13:10.494 [Forwarding getElementTagName on session 701fc467a17a16638ae9f2242eedc2c5 to remote] DEBUG org.asynchttpclient.netty.request.NettyRequestSender - Using open Channel [id: 0x7ebd2502, L:/127.0.0.1:57291 - R:localhost/127.0.0.1:64625] for GET '/session/701fc467a17a16638ae9f2242eedc2c5/element/0eb8fbdd-0782-4873-bfbf-3972517f71cb/name'
21:13:10.504 [AsyncHttpClient-1-9] DEBUG org.asynchttpclient.netty.handler.HttpHandler - 

Request DefaultFullHttpRequest(decodeResult: success, version: HTTP/1.1, content: EmptyByteBufBE)
GET /session/701fc467a17a16638ae9f2242eedc2c5/element/0eb8fbdd-0782-4873-bfbf-3972517f71cb/name HTTP/1.1
User-Agent: selenium/4.1.2 (java windows)
Cache-Control: no-cache
Content-Type: application/json; charset=utf-8
host: localhost:64625
accept: */*

Response DefaultHttpResponse(decodeResult: success, version: HTTP/1.1)
HTTP/1.1 200 OK
Content-Type: application/json; charset=utf-8
cache-control: no-cache
content-length: 18

21:13:10.504 [AsyncHttpClient-1-9] DEBUG org.asynchttpclient.netty.channel.ChannelManager - Adding key: http://localhost:64625 for channel [id: 0x7ebd2502, L:/127.0.0.1:57291 - R:localhost/127.0.0.1:64625]
21:13:10.505 [Forwarding getElementTagName on session 701fc467a17a16638ae9f2242eedc2c5 to remote] DEBUG org.asynchttpclient.netty.request.NettyRequestSender - Using pooled Channel '[id: 0x7ebd2502, L:/127.0.0.1:57291 - R:localhost/127.0.0.1:64625]' for 'GET' to 'http://localhost:64625/session/701fc467a17a16638ae9f2242eedc2c5/element/0eb8fbdd-0782-4873-bfbf-3972517f71cb/name'
21:13:10.506 [Forwarding getElementTagName on session 701fc467a17a16638ae9f2242eedc2c5 to remote] DEBUG org.asynchttpclient.netty.request.NettyRequestSender - Using open Channel [id: 0x7ebd2502, L:/127.0.0.1:57291 - R:localhost/127.0.0.1:64625] for GET '/session/701fc467a17a16638ae9f2242eedc2c5/element/0eb8fbdd-0782-4873-bfbf-3972517f71cb/name'
21:13:10.512 [AsyncHttpClient-1-9] DEBUG org.asynchttpclient.netty.handler.HttpHandler - 

Request DefaultFullHttpRequest(decodeResult: success, version: HTTP/1.1, content: EmptyByteBufBE)
GET /session/701fc467a17a16638ae9f2242eedc2c5/element/0eb8fbdd-0782-4873-bfbf-3972517f71cb/name HTTP/1.1
User-Agent: selenium/4.1.2 (java windows)
Cache-Control: no-cache
Content-Type: application/json; charset=utf-8
host: localhost:64625
accept: */*

Response DefaultHttpResponse(decodeResult: success, version: HTTP/1.1)
HTTP/1.1 200 OK
Content-Type: application/json; charset=utf-8
cache-control: no-cache
content-length: 18

21:13:10.513 [AsyncHttpClient-1-9] DEBUG org.asynchttpclient.netty.channel.ChannelManager - Adding key: http://localhost:64625 for channel [id: 0x7ebd2502, L:/127.0.0.1:57291 - R:localhost/127.0.0.1:64625]
21:13:10.515 [Forwarding isElementEnabled on session 701fc467a17a16638ae9f2242eedc2c5 to remote] DEBUG org.asynchttpclient.netty.request.NettyRequestSender - Using pooled Channel '[id: 0x7ebd2502, L:/127.0.0.1:57291 - R:localhost/127.0.0.1:64625]' for 'GET' to 'http://localhost:64625/session/701fc467a17a16638ae9f2242eedc2c5/element/0eb8fbdd-0782-4873-bfbf-3972517f71cb/enabled'
21:13:10.515 [Forwarding isElementEnabled on session 701fc467a17a16638ae9f2242eedc2c5 to remote] DEBUG org.asynchttpclient.netty.request.NettyRequestSender - Using open Channel [id: 0x7ebd2502, L:/127.0.0.1:57291 - R:localhost/127.0.0.1:64625] for GET '/session/701fc467a17a16638ae9f2242eedc2c5/element/0eb8fbdd-0782-4873-bfbf-3972517f71cb/enabled'
21:13:10.525 [AsyncHttpClient-1-9] DEBUG org.asynchttpclient.netty.handler.HttpHandler - 

Request DefaultFullHttpRequest(decodeResult: success, version: HTTP/1.1, content: EmptyByteBufBE)
GET /session/701fc467a17a16638ae9f2242eedc2c5/element/0eb8fbdd-0782-4873-bfbf-3972517f71cb/enabled HTTP/1.1
User-Agent: selenium/4.1.2 (java windows)
Cache-Control: no-cache
Content-Type: application/json; charset=utf-8
host: localhost:64625
accept: */*

Response DefaultHttpResponse(decodeResult: success, version: HTTP/1.1)
HTTP/1.1 200 OK
Content-Type: application/json; charset=utf-8
cache-control: no-cache
content-length: 14

21:13:10.526 [AsyncHttpClient-1-9] DEBUG org.asynchttpclient.netty.channel.ChannelManager - Adding key: http://localhost:64625 for channel [id: 0x7ebd2502, L:/127.0.0.1:57291 - R:localhost/127.0.0.1:64625]
21:13:10.528 [Forwarding isElementEnabled on session 701fc467a17a16638ae9f2242eedc2c5 to remote] DEBUG org.asynchttpclient.netty.request.NettyRequestSender - Using pooled Channel '[id: 0x7ebd2502, L:/127.0.0.1:57291 - R:localhost/127.0.0.1:64625]' for 'GET' to 'http://localhost:64625/session/701fc467a17a16638ae9f2242eedc2c5/element/0eb8fbdd-0782-4873-bfbf-3972517f71cb/enabled'
21:13:10.529 [Forwarding isElementEnabled on session 701fc467a17a16638ae9f2242eedc2c5 to remote] DEBUG org.asynchttpclient.netty.request.NettyRequestSender - Using open Channel [id: 0x7ebd2502, L:/127.0.0.1:57291 - R:localhost/127.0.0.1:64625] for GET '/session/701fc467a17a16638ae9f2242eedc2c5/element/0eb8fbdd-0782-4873-bfbf-3972517f71cb/enabled'
21:13:10.537 [AsyncHttpClient-1-9] DEBUG org.asynchttpclient.netty.handler.HttpHandler - 

Request DefaultFullHttpRequest(decodeResult: success, version: HTTP/1.1, content: EmptyByteBufBE)
GET /session/701fc467a17a16638ae9f2242eedc2c5/element/0eb8fbdd-0782-4873-bfbf-3972517f71cb/enabled HTTP/1.1
User-Agent: selenium/4.1.2 (java windows)
Cache-Control: no-cache
Content-Type: application/json; charset=utf-8
host: localhost:64625
accept: */*

Response DefaultHttpResponse(decodeResult: success, version: HTTP/1.1)
HTTP/1.1 200 OK
Content-Type: application/json; charset=utf-8
cache-control: no-cache
content-length: 14

21:13:10.537 [AsyncHttpClient-1-9] DEBUG org.asynchttpclient.netty.channel.ChannelManager - Adding key: http://localhost:64625 for channel [id: 0x7ebd2502, L:/127.0.0.1:57291 - R:localhost/127.0.0.1:64625]
21:13:10.542 [Forwarding findElement on session 701fc467a17a16638ae9f2242eedc2c5 to remote] DEBUG org.asynchttpclient.netty.request.NettyRequestSender - Using pooled Channel '[id: 0x7ebd2502, L:/127.0.0.1:57291 - R:localhost/127.0.0.1:64625]' for 'POST' to 'http://localhost:64625/session/701fc467a17a16638ae9f2242eedc2c5/element'
21:13:10.543 [Forwarding findElement on session 701fc467a17a16638ae9f2242eedc2c5 to remote] DEBUG org.asynchttpclient.netty.request.NettyRequestSender - Using open Channel [id: 0x7ebd2502, L:/127.0.0.1:57291 - R:localhost/127.0.0.1:64625] for POST '/session/701fc467a17a16638ae9f2242eedc2c5/element'
21:13:10.557 [AsyncHttpClient-1-9] DEBUG org.asynchttpclient.netty.handler.HttpHandler - 

Request DefaultHttpRequest(decodeResult: success, version: HTTP/1.1)
POST /session/701fc467a17a16638ae9f2242eedc2c5/element HTTP/1.1
User-Agent: selenium/4.1.2 (java windows)
Content-Length: 150
Content-Type: application/json; charset=utf-8
host: localhost:64625
accept: */*

Response DefaultHttpResponse(decodeResult: success, version: HTTP/1.1)
HTTP/1.1 200 OK
Content-Type: application/json; charset=utf-8
cache-control: no-cache
content-length: 88

21:13:10.558 [AsyncHttpClient-1-9] DEBUG org.asynchttpclient.netty.channel.ChannelManager - Adding key: http://localhost:64625 for channel [id: 0x7ebd2502, L:/127.0.0.1:57291 - R:localhost/127.0.0.1:64625]
21:13:10.560 [Forwarding clickElement on session 701fc467a17a16638ae9f2242eedc2c5 to remote] DEBUG org.asynchttpclient.netty.request.NettyRequestSender - Using pooled Channel '[id: 0x7ebd2502, L:/127.0.0.1:57291 - R:localhost/127.0.0.1:64625]' for 'POST' to 'http://localhost:64625/session/701fc467a17a16638ae9f2242eedc2c5/element/0eb8fbdd-0782-4873-bfbf-3972517f71cb/click'
21:13:10.560 [Forwarding clickElement on session 701fc467a17a16638ae9f2242eedc2c5 to remote] DEBUG org.asynchttpclient.netty.request.NettyRequestSender - Using open Channel [id: 0x7ebd2502, L:/127.0.0.1:57291 - R:localhost/127.0.0.1:64625] for POST '/session/701fc467a17a16638ae9f2242eedc2c5/element/0eb8fbdd-0782-4873-bfbf-3972517f71cb/click'
21:13:10.651 [AsyncHttpClient-1-9] DEBUG org.asynchttpclient.netty.handler.HttpHandler - 

Request DefaultHttpRequest(decodeResult: success, version: HTTP/1.1)
POST /session/701fc467a17a16638ae9f2242eedc2c5/element/0eb8fbdd-0782-4873-bfbf-3972517f71cb/click HTTP/1.1
User-Agent: selenium/4.1.2 (java windows)
Content-Length: 50
Content-Type: application/json; charset=utf-8
host: localhost:64625
accept: */*

Response DefaultHttpResponse(decodeResult: success, version: HTTP/1.1)
HTTP/1.1 200 OK
Content-Type: application/json; charset=utf-8
cache-control: no-cache
content-length: 14

21:13:10.651 [AsyncHttpClient-1-9] DEBUG org.asynchttpclient.netty.channel.ChannelManager - Adding key: http://localhost:64625 for channel [id: 0x7ebd2502, L:/127.0.0.1:57291 - R:localhost/127.0.0.1:64625]
21:13:10.658 [Forwarding screenshot on session 701fc467a17a16638ae9f2242eedc2c5 to remote] DEBUG org.asynchttpclient.netty.request.NettyRequestSender - Using pooled Channel '[id: 0x7ebd2502, L:/127.0.0.1:57291 - R:localhost/127.0.0.1:64625]' for 'GET' to 'http://localhost:64625/session/701fc467a17a16638ae9f2242eedc2c5/screenshot'
21:13:10.658 [Forwarding screenshot on session 701fc467a17a16638ae9f2242eedc2c5 to remote] DEBUG org.asynchttpclient.netty.request.NettyRequestSender - Using open Channel [id: 0x7ebd2502, L:/127.0.0.1:57291 - R:localhost/127.0.0.1:64625] for GET '/session/701fc467a17a16638ae9f2242eedc2c5/screenshot'
21:13:10.852 [AsyncHttpClient-1-9] DEBUG org.asynchttpclient.netty.handler.HttpHandler - 

Request DefaultFullHttpRequest(decodeResult: success, version: HTTP/1.1, content: EmptyByteBufBE)
GET /session/701fc467a17a16638ae9f2242eedc2c5/screenshot HTTP/1.1
User-Agent: selenium/4.1.2 (java windows)
Cache-Control: no-cache
Content-Type: application/json; charset=utf-8
host: localhost:64625
accept: */*

Response DefaultHttpResponse(decodeResult: success, version: HTTP/1.1)
HTTP/1.1 200 OK
Content-Type: application/json; charset=utf-8
cache-control: no-cache
content-length: 90288

21:13:10.853 [AsyncHttpClient-1-9] DEBUG org.asynchttpclient.netty.channel.ChannelManager - Adding key: http://localhost:64625 for channel [id: 0x7ebd2502, L:/127.0.0.1:57291 - R:localhost/127.0.0.1:64625]
21:13:10.860 [main] DEBUG net.serenitybdd.core.photography.Darkroom - Send negative for processing for target\site\serenity\192ee120f305e91ebb45516dec212d25c41c40b70a5cdd5a0fca27b7b9c1e032.png
21:13:10.860 [main] DEBUG net.thucydides.core.steps.StepInterceptor - STEP DONE: clickItems3
  &amp#27;[32mWhen &amp#27;[0m&amp#27;[32muser click items&amp#27;[0m                       &amp#27;[90m# starter.stepdefenitions.TransactionSteps.userClickItems()&amp#27;[0m
21:13:10.860 [Darkroom Processing Line] DEBUG net.serenitybdd.core.photography.DarkroomProcessingLine - Processing screenshot image in /var/screenshots/screenshot-6350674508179151992
21:13:10.860 [Darkroom Processing Line] DEBUG net.serenitybdd.core.photography.DarkroomProcessingLine - Saving screenshot to target\site\serenity\192ee120f305e91ebb45516dec212d25c41c40b70a5cdd5a0fca27b7b9c1e032.png
21:13:10.886 [main] DEBUG net.thucydides.core.steps.StepInterceptor - STARTING STEP: ProductSteps.userSuccessToBuyItems - clickIconBasket
21:13:10.894 [Forwarding findElement on session 701fc467a17a16638ae9f2242eedc2c5 to remote] DEBUG org.asynchttpclient.netty.request.NettyRequestSender - Using pooled Channel '[id: 0x7ebd2502, L:/127.0.0.1:57291 - R:localhost/127.0.0.1:64625]' for 'POST' to 'http://localhost:64625/session/701fc467a17a16638ae9f2242eedc2c5/element'
21:13:10.894 [Forwarding findElement on session 701fc467a17a16638ae9f2242eedc2c5 to remote] DEBUG org.asynchttpclient.netty.request.NettyRequestSender - Using open Channel [id: 0x7ebd2502, L:/127.0.0.1:57291 - R:localhost/127.0.0.1:64625] for POST '/session/701fc467a17a16638ae9f2242eedc2c5/element'
21:13:10.916 [AsyncHttpClient-1-9] DEBUG org.asynchttpclient.netty.handler.HttpHandler - 

Request DefaultHttpRequest(decodeResult: success, version: HTTP/1.1)
POST /session/701fc467a17a16638ae9f2242eedc2c5/element HTTP/1.1
User-Agent: selenium/4.1.2 (java windows)
Content-Length: 129
Content-Type: application/json; charset=utf-8
host: localhost:64625
accept: */*

Response DefaultHttpResponse(decodeResult: success, version: HTTP/1.1)
HTTP/1.1 200 OK
Content-Type: application/json; charset=utf-8
cache-control: no-cache
content-length: 88

21:13:10.916 [AsyncHttpClient-1-9] DEBUG org.asynchttpclient.netty.channel.ChannelManager - Adding key: http://localhost:64625 for channel [id: 0x7ebd2502, L:/127.0.0.1:57291 - R:localhost/127.0.0.1:64625]
21:13:10.918 [Forwarding getElementTagName on session 701fc467a17a16638ae9f2242eedc2c5 to remote] DEBUG org.asynchttpclient.netty.request.NettyRequestSender - Using pooled Channel '[id: 0x7ebd2502, L:/127.0.0.1:57291 - R:localhost/127.0.0.1:64625]' for 'GET' to 'http://localhost:64625/session/701fc467a17a16638ae9f2242eedc2c5/element/7402c2ed-92b2-484a-be40-361428346962/name'
21:13:10.918 [Forwarding getElementTagName on session 701fc467a17a16638ae9f2242eedc2c5 to remote] DEBUG org.asynchttpclient.netty.request.NettyRequestSender - Using open Channel [id: 0x7ebd2502, L:/127.0.0.1:57291 - R:localhost/127.0.0.1:64625] for GET '/session/701fc467a17a16638ae9f2242eedc2c5/element/7402c2ed-92b2-484a-be40-361428346962/name'
21:13:10.923 [AsyncHttpClient-1-9] DEBUG org.asynchttpclient.netty.handler.HttpHandler - 

Request DefaultFullHttpRequest(decodeResult: success, version: HTTP/1.1, content: EmptyByteBufBE)
GET /session/701fc467a17a16638ae9f2242eedc2c5/element/7402c2ed-92b2-484a-be40-361428346962/name HTTP/1.1
User-Agent: selenium/4.1.2 (java windows)
Cache-Control: no-cache
Content-Type: application/json; charset=utf-8
host: localhost:64625
accept: */*

Response DefaultHttpResponse(decodeResult: success, version: HTTP/1.1)
HTTP/1.1 200 OK
Content-Type: application/json; charset=utf-8
cache-control: no-cache
content-length: 18

21:13:10.924 [AsyncHttpClient-1-9] DEBUG org.asynchttpclient.netty.channel.ChannelManager - Adding key: http://localhost:64625 for channel [id: 0x7ebd2502, L:/127.0.0.1:57291 - R:localhost/127.0.0.1:64625]
21:13:10.926 [Forwarding getElementTagName on session 701fc467a17a16638ae9f2242eedc2c5 to remote] DEBUG org.asynchttpclient.netty.request.NettyRequestSender - Using pooled Channel '[id: 0x7ebd2502, L:/127.0.0.1:57291 - R:localhost/127.0.0.1:64625]' for 'GET' to 'http://localhost:64625/session/701fc467a17a16638ae9f2242eedc2c5/element/7402c2ed-92b2-484a-be40-361428346962/name'
21:13:10.926 [Forwarding getElementTagName on session 701fc467a17a16638ae9f2242eedc2c5 to remote] DEBUG org.asynchttpclient.netty.request.NettyRequestSender - Using open Channel [id: 0x7ebd2502, L:/127.0.0.1:57291 - R:localhost/127.0.0.1:64625] for GET '/session/701fc467a17a16638ae9f2242eedc2c5/element/7402c2ed-92b2-484a-be40-361428346962/name'
21:13:10.932 [AsyncHttpClient-1-9] DEBUG org.asynchttpclient.netty.handler.HttpHandler - 

Request DefaultFullHttpRequest(decodeResult: success, version: HTTP/1.1, content: EmptyByteBufBE)
GET /session/701fc467a17a16638ae9f2242eedc2c5/element/7402c2ed-92b2-484a-be40-361428346962/name HTTP/1.1
User-Agent: selenium/4.1.2 (java windows)
Cache-Control: no-cache
Content-Type: application/json; charset=utf-8
host: localhost:64625
accept: */*

Response DefaultHttpResponse(decodeResult: success, version: HTTP/1.1)
HTTP/1.1 200 OK
Content-Type: application/json; charset=utf-8
cache-control: no-cache
content-length: 18

21:13:10.932 [AsyncHttpClient-1-9] DEBUG org.asynchttpclient.netty.channel.ChannelManager - Adding key: http://localhost:64625 for channel [id: 0x7ebd2502, L:/127.0.0.1:57291 - R:localhost/127.0.0.1:64625]
21:13:10.937 [Forwarding isElementEnabled on session 701fc467a17a16638ae9f2242eedc2c5 to remote] DEBUG org.asynchttpclient.netty.request.NettyRequestSender - Using pooled Channel '[id: 0x7ebd2502, L:/127.0.0.1:57291 - R:localhost/127.0.0.1:64625]' for 'GET' to 'http://localhost:64625/session/701fc467a17a16638ae9f2242eedc2c5/element/7402c2ed-92b2-484a-be40-361428346962/enabled'
21:13:10.937 [Forwarding isElementEnabled on session 701fc467a17a16638ae9f2242eedc2c5 to remote] DEBUG org.asynchttpclient.netty.request.NettyRequestSender - Using open Channel [id: 0x7ebd2502, L:/127.0.0.1:57291 - R:localhost/127.0.0.1:64625] for GET '/session/701fc467a17a16638ae9f2242eedc2c5/element/7402c2ed-92b2-484a-be40-361428346962/enabled'
21:13:10.946 [AsyncHttpClient-1-9] DEBUG org.asynchttpclient.netty.handler.HttpHandler - 

Request DefaultFullHttpRequest(decodeResult: success, version: HTTP/1.1, content: EmptyByteBufBE)
GET /session/701fc467a17a16638ae9f2242eedc2c5/element/7402c2ed-92b2-484a-be40-361428346962/enabled HTTP/1.1
User-Agent: selenium/4.1.2 (java windows)
Cache-Control: no-cache
Content-Type: application/json; charset=utf-8
host: localhost:64625
accept: */*

Response DefaultHttpResponse(decodeResult: success, version: HTTP/1.1)
HTTP/1.1 200 OK
Content-Type: application/json; charset=utf-8
cache-control: no-cache
content-length: 14

21:13:10.947 [AsyncHttpClient-1-9] DEBUG org.asynchttpclient.netty.channel.ChannelManager - Adding key: http://localhost:64625 for channel [id: 0x7ebd2502, L:/127.0.0.1:57291 - R:localhost/127.0.0.1:64625]
21:13:10.948 [Forwarding isElementEnabled on session 701fc467a17a16638ae9f2242eedc2c5 to remote] DEBUG org.asynchttpclient.netty.request.NettyRequestSender - Using pooled Channel '[id: 0x7ebd2502, L:/127.0.0.1:57291 - R:localhost/127.0.0.1:64625]' for 'GET' to 'http://localhost:64625/session/701fc467a17a16638ae9f2242eedc2c5/element/7402c2ed-92b2-484a-be40-361428346962/enabled'
21:13:10.948 [Forwarding isElementEnabled on session 701fc467a17a16638ae9f2242eedc2c5 to remote] DEBUG org.asynchttpclient.netty.request.NettyRequestSender - Using open Channel [id: 0x7ebd2502, L:/127.0.0.1:57291 - R:localhost/127.0.0.1:64625] for GET '/session/701fc467a17a16638ae9f2242eedc2c5/element/7402c2ed-92b2-484a-be40-361428346962/enabled'
21:13:10.955 [AsyncHttpClient-1-9] DEBUG org.asynchttpclient.netty.handler.HttpHandler - 

Request DefaultFullHttpRequest(decodeResult: success, version: HTTP/1.1, content: EmptyByteBufBE)
GET /session/701fc467a17a16638ae9f2242eedc2c5/element/7402c2ed-92b2-484a-be40-361428346962/enabled HTTP/1.1
User-Agent: selenium/4.1.2 (java windows)
Cache-Control: no-cache
Content-Type: application/json; charset=utf-8
host: localhost:64625
accept: */*

Response DefaultHttpResponse(decodeResult: success, version: HTTP/1.1)
HTTP/1.1 200 OK
Content-Type: application/json; charset=utf-8
cache-control: no-cache
content-length: 14

21:13:10.956 [AsyncHttpClient-1-9] DEBUG org.asynchttpclient.netty.channel.ChannelManager - Adding key: http://localhost:64625 for channel [id: 0x7ebd2502, L:/127.0.0.1:57291 - R:localhost/127.0.0.1:64625]
21:13:10.958 [Forwarding findElement on session 701fc467a17a16638ae9f2242eedc2c5 to remote] DEBUG org.asynchttpclient.netty.request.NettyRequestSender - Using pooled Channel '[id: 0x7ebd2502, L:/127.0.0.1:57291 - R:localhost/127.0.0.1:64625]' for 'POST' to 'http://localhost:64625/session/701fc467a17a16638ae9f2242eedc2c5/element'
21:13:10.958 [Forwarding findElement on session 701fc467a17a16638ae9f2242eedc2c5 to remote] DEBUG org.asynchttpclient.netty.request.NettyRequestSender - Using open Channel [id: 0x7ebd2502, L:/127.0.0.1:57291 - R:localhost/127.0.0.1:64625] for POST '/session/701fc467a17a16638ae9f2242eedc2c5/element'
21:13:10.971 [AsyncHttpClient-1-9] DEBUG org.asynchttpclient.netty.handler.HttpHandler - 

Request DefaultHttpRequest(decodeResult: success, version: HTTP/1.1)
POST /session/701fc467a17a16638ae9f2242eedc2c5/element HTTP/1.1
User-Agent: selenium/4.1.2 (java windows)
Content-Length: 129
Content-Type: application/json; charset=utf-8
host: localhost:64625
accept: */*

Response DefaultHttpResponse(decodeResult: success, version: HTTP/1.1)
HTTP/1.1 200 OK
Content-Type: application/json; charset=utf-8
cache-control: no-cache
content-length: 88

21:13:10.971 [AsyncHttpClient-1-9] DEBUG org.asynchttpclient.netty.channel.ChannelManager - Adding key: http://localhost:64625 for channel [id: 0x7ebd2502, L:/127.0.0.1:57291 - R:localhost/127.0.0.1:64625]
21:13:10.973 [Forwarding clickElement on session 701fc467a17a16638ae9f2242eedc2c5 to remote] DEBUG org.asynchttpclient.netty.request.NettyRequestSender - Using pooled Channel '[id: 0x7ebd2502, L:/127.0.0.1:57291 - R:localhost/127.0.0.1:64625]' for 'POST' to 'http://localhost:64625/session/701fc467a17a16638ae9f2242eedc2c5/element/7402c2ed-92b2-484a-be40-361428346962/click'
21:13:10.973 [Forwarding clickElement on session 701fc467a17a16638ae9f2242eedc2c5 to remote] DEBUG org.asynchttpclient.netty.request.NettyRequestSender - Using open Channel [id: 0x7ebd2502, L:/127.0.0.1:57291 - R:localhost/127.0.0.1:64625] for POST '/session/701fc467a17a16638ae9f2242eedc2c5/element/7402c2ed-92b2-484a-be40-361428346962/click'
21:13:11.057 [AsyncHttpClient-1-9] DEBUG org.asynchttpclient.netty.handler.HttpHandler - 

Request DefaultHttpRequest(decodeResult: success, version: HTTP/1.1)
POST /session/701fc467a17a16638ae9f2242eedc2c5/element/7402c2ed-92b2-484a-be40-361428346962/click HTTP/1.1
User-Agent: selenium/4.1.2 (java windows)
Content-Length: 50
Content-Type: application/json; charset=utf-8
host: localhost:64625
accept: */*

Response DefaultHttpResponse(decodeResult: success, version: HTTP/1.1)
HTTP/1.1 200 OK
Content-Type: application/json; charset=utf-8
cache-control: no-cache
content-length: 14

21:13:11.057 [AsyncHttpClient-1-9] DEBUG org.asynchttpclient.netty.channel.ChannelManager - Adding key: http://localhost:64625 for channel [id: 0x7ebd2502, L:/127.0.0.1:57291 - R:localhost/127.0.0.1:64625]
21:13:11.075 [Forwarding screenshot on session 701fc467a17a16638ae9f2242eedc2c5 to remote] DEBUG org.asynchttpclient.netty.request.NettyRequestSender - Using pooled Channel '[id: 0x7ebd2502, L:/127.0.0.1:57291 - R:localhost/127.0.0.1:64625]' for 'GET' to 'http://localhost:64625/session/701fc467a17a16638ae9f2242eedc2c5/screenshot'
21:13:11.075 [Forwarding screenshot on session 701fc467a17a16638ae9f2242eedc2c5 to remote] DEBUG org.asynchttpclient.netty.request.NettyRequestSender - Using open Channel [id: 0x7ebd2502, L:/127.0.0.1:57291 - R:localhost/127.0.0.1:64625] for GET '/session/701fc467a17a16638ae9f2242eedc2c5/screenshot'
21:13:11.094 [AsyncHttpClient-1-1] DEBUG org.asynchttpclient.netty.channel.DefaultChannelPool - Entry count for : http://localhost:57293 : 1
21:13:11.568 [AsyncHttpClient-1-9] DEBUG org.asynchttpclient.netty.handler.HttpHandler - 

Request DefaultFullHttpRequest(decodeResult: success, version: HTTP/1.1, content: EmptyByteBufBE)
GET /session/701fc467a17a16638ae9f2242eedc2c5/screenshot HTTP/1.1
User-Agent: selenium/4.1.2 (java windows)
Cache-Control: no-cache
Content-Type: application/json; charset=utf-8
host: localhost:64625
accept: */*

Response DefaultHttpResponse(decodeResult: success, version: HTTP/1.1)
HTTP/1.1 200 OK
Content-Type: application/json; charset=utf-8
cache-control: no-cache
content-length: 48168

21:13:11.569 [AsyncHttpClient-1-9] DEBUG org.asynchttpclient.netty.channel.ChannelManager - Adding key: http://localhost:64625 for channel [id: 0x7ebd2502, L:/127.0.0.1:57291 - R:localhost/127.0.0.1:64625]
21:13:11.576 [main] DEBUG net.serenitybdd.core.photography.Darkroom - Send negative for processing for target\site\serenity\0f9e1995178c6f81e64f712fad107f4182a4bce407133df69f6f3095d05036f3.png
21:13:11.576 [main] DEBUG net.thucydides.core.steps.StepInterceptor - STEP DONE: clickIconBasket
  &amp#27;[32mThen &amp#27;[0m&amp#27;[32muser success to buy items&amp#27;[0m              &amp#27;[90m# starter.stepdefenitions.ProductSteps.userSuccessToBuyItems()&amp#27;[0m
21:13:11.580 [Darkroom Processing Line] DEBUG net.serenitybdd.core.photography.DarkroomProcessingLine - Processing screenshot image in /var/screenshots/screenshot-5060670256372411780
21:13:11.580 [Darkroom Processing Line] DEBUG net.serenitybdd.core.photography.DarkroomProcessingLine - Saving screenshot to target\site\serenity\0f9e1995178c6f81e64f712fad107f4182a4bce407133df69f6f3095d05036f3.png
21:13:11.587 [main] INFO  - 
  _____   ___   ___   _____     ___     _     ___   ___   ___   ___  
 |_   _| | __| / __| |_   _|   | _ \   /_\   / __| / __| | __| |   \ 
   | |   | _|  \__ \   | |     |  _/  / _ \  \__ \ \__ \ | _|  | |) |
   |_|   |___| |___/   |_|     |_|   /_/ \_\ |___/ |___/ |___| |___/ 

As user i have be able to buy items
----------------------------------------------------------------------
21:13:11.588 [AsyncHttpClient-1-3] DEBUG org.asynchttpclient.netty.handler.WebSocketHandler - Channel Closed: [id: 0x2162f392, L:/127.0.0.1:57301 ! R:localhost/127.0.0.1:57293] with attribute NettyResponseFuture{currentRetry=5,
	isDone=1,
	isCancelled=0,
	asyncHandler=org.asynchttpclient.ws.WebSocketUpgradeHandler@28e857ba,
	nettyRequest=org.asynchttpclient.netty.request.NettyRequest@5b267f7a,
	future=java.util.concurrent.CompletableFuture@505cda60[Completed normally],
	uri=ws://localhost:57293/devtools/browser/8ea2dac5-f95f-4932-bde0-14a531c8a38a,
	keepAlive=true,
	redirectCount=0,
	timeoutsHolder=null,
	inAuth=0,
	touch=1652796775969}
21:13:11.588 [AsyncHttpClient-1-3] DEBUG org.asynchttpclient.netty.channel.ChannelManager - Closing Channel [id: 0x2162f392, L:/127.0.0.1:57301 ! R:localhost/127.0.0.1:57293] 
21:13:11.589 [Driver Command Executor] DEBUG org.asynchttpclient.netty.request.NettyRequestSender - Using pooled Channel '[id: 0x7ebd2502, L:/127.0.0.1:57291 - R:localhost/127.0.0.1:64625]' for 'DELETE' to 'http://localhost:64625/session/701fc467a17a16638ae9f2242eedc2c5'
21:13:11.589 [Driver Command Executor] DEBUG org.asynchttpclient.netty.request.NettyRequestSender - Using open Channel [id: 0x7ebd2502, L:/127.0.0.1:57291 - R:localhost/127.0.0.1:64625] for DELETE '/session/701fc467a17a16638ae9f2242eedc2c5'
21:13:11.958 [AsyncHttpClient-1-2] DEBUG org.asynchttpclient.netty.handler.HttpHandler - Unexpected I/O exception on channel [id: 0xfe81f588, L:/127.0.0.1:57300 - R:localhost/127.0.0.1:57293]
java.io.IOException: An existing connection was forcibly closed by the remote host
	at sun.nio.ch.SocketDispatcher.read0(Native Method)
	at sun.nio.ch.SocketDispatcher.read(SocketDispatcher.java:43)
	at sun.nio.ch.IOUtil.readIntoNativeBuffer(IOUtil.java:223)
	at sun.nio.ch.IOUtil.read(IOUtil.java:192)
	at sun.nio.ch.SocketChannelImpl.read(SocketChannelImpl.java:378)
	at io.netty.buffer.PooledByteBuf.setBytes(PooledByteBuf.java:258)
	at io.netty.buffer.AbstractByteBuf.writeBytes(AbstractByteBuf.java:1132)
	at io.netty.channel.socket.nio.NioSocketChannel.doReadBytes(NioSocketChannel.java:350)
	at io.netty.channel.nio.AbstractNioByteChannel$NioByteUnsafe.read(AbstractNioByteChannel.java:151)
	at io.netty.channel.nio.NioEventLoop.processSelectedKey(NioEventLoop.java:722)
	at io.netty.channel.nio.NioEventLoop.processSelectedKeysOptimized(NioEventLoop.java:658)
	at io.netty.channel.nio.NioEventLoop.processSelectedKeys(NioEventLoop.java:584)
	at io.netty.channel.nio.NioEventLoop.run(NioEventLoop.java:496)
	at io.netty.util.concurrent.SingleThreadEventExecutor$4.run(SingleThreadEventExecutor.java:986)
	at io.netty.util.internal.ThreadExecutorMap$2.run(ThreadExecutorMap.java:74)
	at io.netty.util.concurrent.FastThreadLocalRunnable.run(FastThreadLocalRunnable.java:30)
	at java.lang.Thread.run(Thread.java:750)
21:13:11.958 [AsyncHttpClient-1-2] DEBUG org.asynchttpclient.netty.channel.ChannelManager - Closing Channel [id: 0xfe81f588, L:/127.0.0.1:57300 - R:localhost/127.0.0.1:57293] 
21:13:11.958 [AsyncHttpClient-1-2] DEBUG org.asynchttpclient.netty.handler.HttpHandler - Channel Closed: [id: 0xfe81f588, L:/127.0.0.1:57300 ! R:localhost/127.0.0.1:57293] with attribute DISCARD
21:13:11.989 [AsyncHttpClient-1-9] DEBUG org.asynchttpclient.netty.handler.HttpHandler - 

Request DefaultFullHttpRequest(decodeResult: success, version: HTTP/1.1, content: EmptyByteBufBE)
DELETE /session/701fc467a17a16638ae9f2242eedc2c5 HTTP/1.1
User-Agent: selenium/4.1.2 (java windows)
Content-Type: application/json; charset=utf-8
host: localhost:64625
accept: */*

Response DefaultHttpResponse(decodeResult: success, version: HTTP/1.1)
HTTP/1.1 200 OK
Content-Type: application/json; charset=utf-8
cache-control: no-cache
content-length: 14

21:13:11.990 [AsyncHttpClient-1-9] DEBUG org.asynchttpclient.netty.channel.ChannelManager - Adding key: http://localhost:64625 for channel [id: 0x7ebd2502, L:/127.0.0.1:57291 - R:localhost/127.0.0.1:64625]
21:13:12.054 [AsyncHttpClient-1-9] DEBUG org.asynchttpclient.netty.handler.HttpHandler - Channel Closed: [id: 0x7ebd2502, L:/127.0.0.1:57291 ! R:localhost/127.0.0.1:64625] with attribute DISCARD
21:13:12.191 [AsyncHttpClient-1-1] DEBUG org.asynchttpclient.netty.channel.DefaultChannelPool - Entry count for : http://localhost:64625 : 1
21:13:12.191 [AsyncHttpClient-1-1] DEBUG org.asynchttpclient.netty.channel.DefaultChannelPool - Entry count for : http://localhost:57293 : 1
21:13:12.191 [AsyncHttpClient-1-1] DEBUG org.asynchttpclient.netty.channel.DefaultChannelPool - Adding Candidate expired Channel [id: 0x7ebd2502, L:/127.0.0.1:57291 ! R:localhost/127.0.0.1:64625] isIdleTimeoutExpired=false isRemotelyClosed=true isTtlExpired=false
21:13:12.191 [AsyncHttpClient-1-1] DEBUG org.asynchttpclient.netty.channel.DefaultChannelPool - Closing Idle Channel [id: 0x7ebd2502, L:/127.0.0.1:57291 ! R:localhost/127.0.0.1:64625]
21:13:12.191 [AsyncHttpClient-1-1] DEBUG org.asynchttpclient.netty.channel.DefaultChannelPool - Adding Candidate expired Channel [id: 0xfe81f588, L:/127.0.0.1:57300 ! R:localhost/127.0.0.1:57293] isIdleTimeoutExpired=false isRemotelyClosed=true isTtlExpired=false
21:13:12.191 [AsyncHttpClient-1-1] DEBUG org.asynchttpclient.netty.channel.DefaultChannelPool - Closing Idle Channel [id: 0xfe81f588, L:/127.0.0.1:57300 ! R:localhost/127.0.0.1:57293]
21:13:12.191 [AsyncHttpClient-1-1] DEBUG org.asynchttpclient.netty.channel.DefaultChannelPool - Closed 2 connections out of 2 in 0 ms
]]></system-out>
    <system-err><![CDATA[Starting ChromeDriver 100.0.4896.60 (6a5d10861ce8de5fce22564658033b43cb7de047-refs/branch-heads/4896@{#875}) on port 64625
Only local connections are allowed.
Please see https://chromedriver.chromium.org/security-considerations for suggestions on keeping ChromeDriver safe.
ChromeDriver was started successfully.
[1652796775.759][WARNING]: This version of ChromeDriver has not been tested with Chrome version 101.
May 17, 2022 9:12:55 PM org.openqa.selenium.remote.ProtocolHandshake createSession
INFO: Detected dialect: W3C
May 17, 2022 9:12:55 PM org.openqa.selenium.devtools.CdpVersionFinder findNearestMatch
WARNING: Unable to find an exact match for CDP version 101, so returning the closest version found: 97
May 17, 2022 9:12:55 PM org.openqa.selenium.devtools.CdpVersionFinder findNearestMatch
INFO: Found CDP implementation for version 101 of 97
]]></system-err>
  </testcase>
  <testcase name="As user i want to verify quantity working or not" classname="As a user I want to buy items in the home page" time="24.955">
    <system-out><![CDATA[
@product
Scenario: As user i want to verify quantity working or not &amp#27;[90m# src/test/resources/features/Product.feature:9&amp#27;[0m
21:13:12.620 [main] INFO io.cucumber.core.plugin.SerenityReporter - Running feature from file:///D:/github/QE_MUHAMMAD-ADIBASYAH/miniproject/web/src/test/resources/features/Product.feature
21:13:12.624 [main] INFO  - 
  _____   ___   ___   _____     ___   _____     _     ___   _____   ___   ___  
 |_   _| | __| / __| |_   _|   / __| |_   _|   /_\   | _ \ |_   _| | __| |   \ 
   | |   | _|  \__ \   | |     \__ \   | |    / _ \  |   /   | |   | _|  | |) |
   |_|   |___| |___/   |_|     |___/   |_|   /_/ \_\ |_|_\   |_|   |___| |___/ 

As user i want to verify quantity working or not(as-a-user-i-want-to-buy-items-in-the-home-page;as-user-i-want-to-verify-quantity-working-or-not)
--------------------------------------------------------------------------------
21:13:12.653 [main] DEBUG net.thucydides.core.steps.StepInterceptor - STARTING STEP: ProductSteps.onTheHomePage - openPage
21:13:12.655 [main] INFO net.serenitybdd.core.webdriver.driverproviders.ChromeDriverProvider - Using automatically driver download
21:13:12.886 [main] DEBUG io.github.bonigarcia.wdm.cache.ResolutionCache - Resolution chrome=101 in cache (valid until 22:11:26 17/05/2022 ICT)
21:13:12.890 [main] DEBUG io.github.bonigarcia.wdm.cache.ResolutionCache - Resolution chrome101=101.0.4951.41 in cache (valid until 18:44:33 18/05/2022 ICT)
21:13:12.892 [main] INFO io.github.bonigarcia.wdm.WebDriverManager - Using chromedriver 101.0.4951.41 (resolved driver for Chrome 101)
21:13:12.907 [main] DEBUG io.github.bonigarcia.wdm.WebDriverManager - Driver chromedriver 101.0.4951.41 found in cache
21:13:12.908 [main] INFO io.github.bonigarcia.wdm.WebDriverManager - Exporting webdriver.chrome.driver as C:\Users\Admin\.cache\selenium\chromedriver\win32\101.0.4951.41\chromedriver.exe
21:13:13.058 [main] DEBUG net.serenitybdd.core.webdriver.driverproviders.ProvideNewDriver - Instantiating driver
21:13:13.058 [main] DEBUG net.serenitybdd.core.webdriver.driverproviders.ProvideNewDriver - Driver capabilities: Capabilities {acceptInsecureCerts: false, base.url: https://qa.alta.id/, browserName: chrome, chrome.driver: src/test/resources/webdrive..., driver: chrome, goog:chromeOptions: {args: [], extensions: []}}
21:13:13.610 [AsyncHttpClient-1-4] DEBUG org.asynchttpclient.netty.channel.NettyConnectListener - Using new Channel '[id: 0x9988580f, L:/127.0.0.1:57328 - R:localhost/127.0.0.1:55262]' for 'POST' to '/session'
21:13:14.840 [AsyncHttpClient-1-4] DEBUG org.asynchttpclient.netty.handler.HttpHandler - 

Request DefaultHttpRequest(decodeResult: success, version: HTTP/1.1)
POST /session HTTP/1.1
User-Agent: selenium/4.1.2 (java windows)
Content-Length: 605
Content-Type: application/json; charset=utf-8
host: localhost:55262
accept: */*

Response DefaultHttpResponse(decodeResult: success, version: HTTP/1.1)
HTTP/1.1 200 OK
Content-Type: application/json; charset=utf-8
cache-control: no-cache
content-length: 789

21:13:14.840 [AsyncHttpClient-1-4] DEBUG org.asynchttpclient.netty.channel.ChannelManager - Adding key: http://localhost:55262 for channel [id: 0x9988580f, L:/127.0.0.1:57328 - R:localhost/127.0.0.1:55262]
21:13:14.877 [AsyncHttpClient-1-5] DEBUG org.asynchttpclient.netty.channel.NettyConnectListener - Using new Channel '[id: 0x1304ee7f, L:/127.0.0.1:57335 - R:localhost/127.0.0.1:57329]' for 'GET' to '/json/version'
21:13:14.878 [AsyncHttpClient-1-5] DEBUG org.asynchttpclient.netty.handler.HttpHandler - 

Request DefaultFullHttpRequest(decodeResult: success, version: HTTP/1.1, content: EmptyByteBufBE)
GET /json/version HTTP/1.1
User-Agent: selenium/4.1.2 (java windows)
host: localhost:57329
accept: */*

Response DefaultHttpResponse(decodeResult: success, version: HTTP/1.1)
HTTP/1.1 200 OK
Content-Type: application/json; charset=UTF-8
content-length: 427

21:13:14.878 [AsyncHttpClient-1-5] DEBUG org.asynchttpclient.netty.channel.ChannelManager - Adding key: http://localhost:57329 for channel [id: 0x1304ee7f, L:/127.0.0.1:57335 - R:localhost/127.0.0.1:57329]
21:13:14.887 [AsyncHttpClient-1-6] DEBUG org.asynchttpclient.netty.channel.NettyConnectListener - Using new Channel '[id: 0x4156109f, L:/127.0.0.1:57336 - R:localhost/127.0.0.1:57329]' for 'GET' to '/devtools/browser/5ad1e837-85a3-4ac5-9c62-fc7a6a329ad4'
21:13:14.888 [AsyncHttpClient-1-6] DEBUG org.asynchttpclient.netty.handler.WebSocketHandler - 

Request DefaultFullHttpRequest(decodeResult: success, version: HTTP/1.1, content: EmptyByteBufBE)
GET /devtools/browser/5ad1e837-85a3-4ac5-9c62-fc7a6a329ad4 HTTP/1.1
upgrade: websocket
connection: upgrade
sec-websocket-key: RuO3hsG980DAQeVvSgpkYw==
sec-websocket-version: 13
origin: http://localhost:57329
host: localhost:57329
accept: */*
user-agent: AHC/2.1

Response DefaultHttpResponse(decodeResult: success, version: HTTP/1.1)
HTTP/1.1 101 WebSocket Protocol Handshake
Upgrade: WebSocket
Connection: Upgrade
Sec-WebSocket-Accept: PGDpLr/KmiVd3vyo/JQ2eqRw/YI=

21:13:14.915 [Forwarding setCurrentWindowSize on session b96db7b2f3a4c38c3a667e13a3963ce9 to remote] DEBUG org.asynchttpclient.netty.request.NettyRequestSender - Using pooled Channel '[id: 0x9988580f, L:/127.0.0.1:57328 - R:localhost/127.0.0.1:55262]' for 'POST' to 'http://localhost:55262/session/b96db7b2f3a4c38c3a667e13a3963ce9/window/rect'
21:13:14.915 [Forwarding setCurrentWindowSize on session b96db7b2f3a4c38c3a667e13a3963ce9 to remote] DEBUG org.asynchttpclient.netty.request.NettyRequestSender - Using open Channel [id: 0x9988580f, L:/127.0.0.1:57328 - R:localhost/127.0.0.1:55262] for POST '/session/b96db7b2f3a4c38c3a667e13a3963ce9/window/rect'
21:13:15.049 [AsyncHttpClient-1-4] DEBUG org.asynchttpclient.netty.handler.HttpHandler - 

Request DefaultHttpRequest(decodeResult: success, version: HTTP/1.1)
POST /session/b96db7b2f3a4c38c3a667e13a3963ce9/window/rect HTTP/1.1
User-Agent: selenium/4.1.2 (java windows)
Content-Length: 37
Content-Type: application/json; charset=utf-8
host: localhost:55262
accept: */*

Response DefaultHttpResponse(decodeResult: success, version: HTTP/1.1)
HTTP/1.1 200 OK
Content-Type: application/json; charset=utf-8
cache-control: no-cache
content-length: 51

21:13:15.050 [AsyncHttpClient-1-4] DEBUG org.asynchttpclient.netty.channel.ChannelManager - Adding key: http://localhost:55262 for channel [id: 0x9988580f, L:/127.0.0.1:57328 - R:localhost/127.0.0.1:55262]
21:13:15.051 [Forwarding setWindowPosition on session b96db7b2f3a4c38c3a667e13a3963ce9 to remote] DEBUG org.asynchttpclient.netty.request.NettyRequestSender - Using pooled Channel '[id: 0x9988580f, L:/127.0.0.1:57328 - R:localhost/127.0.0.1:55262]' for 'POST' to 'http://localhost:55262/session/b96db7b2f3a4c38c3a667e13a3963ce9/window/rect'
21:13:15.051 [Forwarding setWindowPosition on session b96db7b2f3a4c38c3a667e13a3963ce9 to remote] DEBUG org.asynchttpclient.netty.request.NettyRequestSender - Using open Channel [id: 0x9988580f, L:/127.0.0.1:57328 - R:localhost/127.0.0.1:55262] for POST '/session/b96db7b2f3a4c38c3a667e13a3963ce9/window/rect'
21:13:15.160 [AsyncHttpClient-1-4] DEBUG org.asynchttpclient.netty.handler.HttpHandler - 

Request DefaultHttpRequest(decodeResult: success, version: HTTP/1.1)
POST /session/b96db7b2f3a4c38c3a667e13a3963ce9/window/rect HTTP/1.1
User-Agent: selenium/4.1.2 (java windows)
Content-Length: 22
Content-Type: application/json; charset=utf-8
host: localhost:55262
accept: */*

Response DefaultHttpResponse(decodeResult: success, version: HTTP/1.1)
HTTP/1.1 200 OK
Content-Type: application/json; charset=utf-8
cache-control: no-cache
content-length: 49

21:13:15.161 [AsyncHttpClient-1-4] DEBUG org.asynchttpclient.netty.channel.ChannelManager - Adding key: http://localhost:55262 for channel [id: 0x9988580f, L:/127.0.0.1:57328 - R:localhost/127.0.0.1:55262]
21:13:15.166 [Forwarding get on session b96db7b2f3a4c38c3a667e13a3963ce9 to remote] DEBUG org.asynchttpclient.netty.request.NettyRequestSender - Using pooled Channel '[id: 0x9988580f, L:/127.0.0.1:57328 - R:localhost/127.0.0.1:55262]' for 'POST' to 'http://localhost:55262/session/b96db7b2f3a4c38c3a667e13a3963ce9/url'
21:13:15.167 [Forwarding get on session b96db7b2f3a4c38c3a667e13a3963ce9 to remote] DEBUG org.asynchttpclient.netty.request.NettyRequestSender - Using open Channel [id: 0x9988580f, L:/127.0.0.1:57328 - R:localhost/127.0.0.1:55262] for POST '/session/b96db7b2f3a4c38c3a667e13a3963ce9/url'
21:13:15.498 [AsyncHttpClient-1-1] DEBUG org.asynchttpclient.netty.channel.DefaultChannelPool - Entry count for : http://localhost:57329 : 1
21:13:16.597 [AsyncHttpClient-1-1] DEBUG org.asynchttpclient.netty.channel.DefaultChannelPool - Entry count for : http://localhost:57329 : 1
21:13:17.690 [AsyncHttpClient-1-1] DEBUG org.asynchttpclient.netty.channel.DefaultChannelPool - Entry count for : http://localhost:57329 : 1
21:13:18.793 [AsyncHttpClient-1-1] DEBUG org.asynchttpclient.netty.channel.DefaultChannelPool - Entry count for : http://localhost:57329 : 1
21:13:19.892 [AsyncHttpClient-1-1] DEBUG org.asynchttpclient.netty.channel.DefaultChannelPool - Entry count for : http://localhost:57329 : 1
21:13:20.991 [AsyncHttpClient-1-1] DEBUG org.asynchttpclient.netty.channel.DefaultChannelPool - Entry count for : http://localhost:57329 : 1
21:13:22.092 [AsyncHttpClient-1-1] DEBUG org.asynchttpclient.netty.channel.DefaultChannelPool - Entry count for : http://localhost:57329 : 1
21:13:23.190 [AsyncHttpClient-1-1] DEBUG org.asynchttpclient.netty.channel.DefaultChannelPool - Entry count for : http://localhost:57329 : 1
21:13:24.293 [AsyncHttpClient-1-1] DEBUG org.asynchttpclient.netty.channel.DefaultChannelPool - Entry count for : http://localhost:57329 : 1
21:13:25.392 [AsyncHttpClient-1-1] DEBUG org.asynchttpclient.netty.channel.DefaultChannelPool - Entry count for : http://localhost:57329 : 1
21:13:26.497 [AsyncHttpClient-1-1] DEBUG org.asynchttpclient.netty.channel.DefaultChannelPool - Entry count for : http://localhost:57329 : 1
21:13:27.593 [AsyncHttpClient-1-1] DEBUG org.asynchttpclient.netty.channel.DefaultChannelPool - Entry count for : http://localhost:57329 : 1
21:13:28.697 [AsyncHttpClient-1-1] DEBUG org.asynchttpclient.netty.channel.DefaultChannelPool - Entry count for : http://localhost:57329 : 1
21:13:29.804 [AsyncHttpClient-1-1] DEBUG org.asynchttpclient.netty.channel.DefaultChannelPool - Entry count for : http://localhost:57329 : 1
21:13:30.891 [AsyncHttpClient-1-1] DEBUG org.asynchttpclient.netty.channel.DefaultChannelPool - Entry count for : http://localhost:57329 : 1
21:13:32.021 [AsyncHttpClient-1-1] DEBUG org.asynchttpclient.netty.channel.DefaultChannelPool - Entry count for : http://localhost:57329 : 1
21:13:32.423 [AsyncHttpClient-1-4] DEBUG org.asynchttpclient.netty.handler.HttpHandler - 

Request DefaultHttpRequest(decodeResult: success, version: HTTP/1.1)
POST /session/b96db7b2f3a4c38c3a667e13a3963ce9/url HTTP/1.1
User-Agent: selenium/4.1.2 (java windows)
Content-Length: 49
Content-Type: application/json; charset=utf-8
host: localhost:55262
accept: */*

Response DefaultHttpResponse(decodeResult: success, version: HTTP/1.1)
HTTP/1.1 200 OK
Content-Type: application/json; charset=utf-8
cache-control: no-cache
content-length: 14

21:13:32.424 [AsyncHttpClient-1-4] DEBUG org.asynchttpclient.netty.channel.ChannelManager - Adding key: http://localhost:55262 for channel [id: 0x9988580f, L:/127.0.0.1:57328 - R:localhost/127.0.0.1:55262]
21:13:32.426 [Forwarding setTimeout on session b96db7b2f3a4c38c3a667e13a3963ce9 to remote] DEBUG org.asynchttpclient.netty.request.NettyRequestSender - Using pooled Channel '[id: 0x9988580f, L:/127.0.0.1:57328 - R:localhost/127.0.0.1:55262]' for 'POST' to 'http://localhost:55262/session/b96db7b2f3a4c38c3a667e13a3963ce9/timeouts'
21:13:32.426 [Forwarding setTimeout on session b96db7b2f3a4c38c3a667e13a3963ce9 to remote] DEBUG org.asynchttpclient.netty.request.NettyRequestSender - Using open Channel [id: 0x9988580f, L:/127.0.0.1:57328 - R:localhost/127.0.0.1:55262] for POST '/session/b96db7b2f3a4c38c3a667e13a3963ce9/timeouts'
21:13:32.441 [AsyncHttpClient-1-4] DEBUG org.asynchttpclient.netty.handler.HttpHandler - 

Request DefaultHttpRequest(decodeResult: success, version: HTTP/1.1)
POST /session/b96db7b2f3a4c38c3a667e13a3963ce9/timeouts HTTP/1.1
User-Agent: selenium/4.1.2 (java windows)
Content-Length: 22
Content-Type: application/json; charset=utf-8
host: localhost:55262
accept: */*

Response DefaultHttpResponse(decodeResult: success, version: HTTP/1.1)
HTTP/1.1 200 OK
Content-Type: application/json; charset=utf-8
cache-control: no-cache
content-length: 14

21:13:32.441 [AsyncHttpClient-1-4] DEBUG org.asynchttpclient.netty.channel.ChannelManager - Adding key: http://localhost:55262 for channel [id: 0x9988580f, L:/127.0.0.1:57328 - R:localhost/127.0.0.1:55262]
21:13:32.447 [Forwarding getCurrentUrl on session b96db7b2f3a4c38c3a667e13a3963ce9 to remote] DEBUG org.asynchttpclient.netty.request.NettyRequestSender - Using pooled Channel '[id: 0x9988580f, L:/127.0.0.1:57328 - R:localhost/127.0.0.1:55262]' for 'GET' to 'http://localhost:55262/session/b96db7b2f3a4c38c3a667e13a3963ce9/url'
21:13:32.447 [Forwarding getCurrentUrl on session b96db7b2f3a4c38c3a667e13a3963ce9 to remote] DEBUG org.asynchttpclient.netty.request.NettyRequestSender - Using open Channel [id: 0x9988580f, L:/127.0.0.1:57328 - R:localhost/127.0.0.1:55262] for GET '/session/b96db7b2f3a4c38c3a667e13a3963ce9/url'
21:13:32.471 [AsyncHttpClient-1-4] DEBUG org.asynchttpclient.netty.handler.HttpHandler - 

Request DefaultFullHttpRequest(decodeResult: success, version: HTTP/1.1, content: EmptyByteBufBE)
GET /session/b96db7b2f3a4c38c3a667e13a3963ce9/url HTTP/1.1
User-Agent: selenium/4.1.2 (java windows)
Cache-Control: no-cache
Content-Type: application/json; charset=utf-8
host: localhost:55262
accept: */*

Response DefaultHttpResponse(decodeResult: success, version: HTTP/1.1)
HTTP/1.1 200 OK
Content-Type: application/json; charset=utf-8
cache-control: no-cache
content-length: 31

21:13:32.471 [AsyncHttpClient-1-4] DEBUG org.asynchttpclient.netty.channel.ChannelManager - Adding key: http://localhost:55262 for channel [id: 0x9988580f, L:/127.0.0.1:57328 - R:localhost/127.0.0.1:55262]
21:13:32.477 [Forwarding getCurrentUrl on session b96db7b2f3a4c38c3a667e13a3963ce9 to remote] DEBUG org.asynchttpclient.netty.request.NettyRequestSender - Using pooled Channel '[id: 0x9988580f, L:/127.0.0.1:57328 - R:localhost/127.0.0.1:55262]' for 'GET' to 'http://localhost:55262/session/b96db7b2f3a4c38c3a667e13a3963ce9/url'
21:13:32.477 [Forwarding getCurrentUrl on session b96db7b2f3a4c38c3a667e13a3963ce9 to remote] DEBUG org.asynchttpclient.netty.request.NettyRequestSender - Using open Channel [id: 0x9988580f, L:/127.0.0.1:57328 - R:localhost/127.0.0.1:55262] for GET '/session/b96db7b2f3a4c38c3a667e13a3963ce9/url'
21:13:32.483 [AsyncHttpClient-1-4] DEBUG org.asynchttpclient.netty.handler.HttpHandler - 

Request DefaultFullHttpRequest(decodeResult: success, version: HTTP/1.1, content: EmptyByteBufBE)
GET /session/b96db7b2f3a4c38c3a667e13a3963ce9/url HTTP/1.1
User-Agent: selenium/4.1.2 (java windows)
Cache-Control: no-cache
Content-Type: application/json; charset=utf-8
host: localhost:55262
accept: */*

Response DefaultHttpResponse(decodeResult: success, version: HTTP/1.1)
HTTP/1.1 200 OK
Content-Type: application/json; charset=utf-8
cache-control: no-cache
content-length: 31

21:13:32.484 [AsyncHttpClient-1-4] DEBUG org.asynchttpclient.netty.channel.ChannelManager - Adding key: http://localhost:55262 for channel [id: 0x9988580f, L:/127.0.0.1:57328 - R:localhost/127.0.0.1:55262]
21:13:32.488 [Forwarding screenshot on session b96db7b2f3a4c38c3a667e13a3963ce9 to remote] DEBUG org.asynchttpclient.netty.request.NettyRequestSender - Using pooled Channel '[id: 0x9988580f, L:/127.0.0.1:57328 - R:localhost/127.0.0.1:55262]' for 'GET' to 'http://localhost:55262/session/b96db7b2f3a4c38c3a667e13a3963ce9/screenshot'
21:13:32.488 [Forwarding screenshot on session b96db7b2f3a4c38c3a667e13a3963ce9 to remote] DEBUG org.asynchttpclient.netty.request.NettyRequestSender - Using open Channel [id: 0x9988580f, L:/127.0.0.1:57328 - R:localhost/127.0.0.1:55262] for GET '/session/b96db7b2f3a4c38c3a667e13a3963ce9/screenshot'
21:13:32.657 [AsyncHttpClient-1-4] DEBUG org.asynchttpclient.netty.handler.HttpHandler - 

Request DefaultFullHttpRequest(decodeResult: success, version: HTTP/1.1, content: EmptyByteBufBE)
GET /session/b96db7b2f3a4c38c3a667e13a3963ce9/screenshot HTTP/1.1
User-Agent: selenium/4.1.2 (java windows)
Cache-Control: no-cache
Content-Type: application/json; charset=utf-8
host: localhost:55262
accept: */*

Response DefaultHttpResponse(decodeResult: success, version: HTTP/1.1)
HTTP/1.1 200 OK
Content-Type: application/json; charset=utf-8
cache-control: no-cache
content-length: 88472

21:13:32.658 [AsyncHttpClient-1-4] DEBUG org.asynchttpclient.netty.channel.ChannelManager - Adding key: http://localhost:55262 for channel [id: 0x9988580f, L:/127.0.0.1:57328 - R:localhost/127.0.0.1:55262]
21:13:32.664 [main] DEBUG net.serenitybdd.core.photography.Darkroom - Send negative for processing for target\site\serenity\7d39be89592cc33467ddec9f89849a52cb0de9af1b63f287b53c28ab048d7913.png
21:13:32.665 [main] DEBUG net.thucydides.core.steps.StepInterceptor - STEP DONE: openPage
  &amp#27;[32mGiven &amp#27;[0m&amp#27;[32muser on the home page&amp#27;[0m                              &amp#27;[90m# starter.stepdefenitions.ProductSteps.onTheHomePage()&amp#27;[0m
21:13:32.712 [main] DEBUG net.thucydides.core.steps.StepInterceptor - STARTING STEP: TransactionSteps.userClickItems - clickItems
21:13:32.720 [Forwarding findElement on session b96db7b2f3a4c38c3a667e13a3963ce9 to remote] DEBUG org.asynchttpclient.netty.request.NettyRequestSender - Using pooled Channel '[id: 0x9988580f, L:/127.0.0.1:57328 - R:localhost/127.0.0.1:55262]' for 'POST' to 'http://localhost:55262/session/b96db7b2f3a4c38c3a667e13a3963ce9/element'
21:13:32.720 [Forwarding findElement on session b96db7b2f3a4c38c3a667e13a3963ce9 to remote] DEBUG org.asynchttpclient.netty.request.NettyRequestSender - Using open Channel [id: 0x9988580f, L:/127.0.0.1:57328 - R:localhost/127.0.0.1:55262] for POST '/session/b96db7b2f3a4c38c3a667e13a3963ce9/element'
21:13:32.765 [AsyncHttpClient-1-4] DEBUG org.asynchttpclient.netty.handler.HttpHandler - 

Request DefaultHttpRequest(decodeResult: success, version: HTTP/1.1)
POST /session/b96db7b2f3a4c38c3a667e13a3963ce9/element HTTP/1.1
User-Agent: selenium/4.1.2 (java windows)
Content-Length: 150
Content-Type: application/json; charset=utf-8
host: localhost:55262
accept: */*

Response DefaultHttpResponse(decodeResult: success, version: HTTP/1.1)
HTTP/1.1 200 OK
Content-Type: application/json; charset=utf-8
cache-control: no-cache
content-length: 88

21:13:32.766 [AsyncHttpClient-1-4] DEBUG org.asynchttpclient.netty.channel.ChannelManager - Adding key: http://localhost:55262 for channel [id: 0x9988580f, L:/127.0.0.1:57328 - R:localhost/127.0.0.1:55262]
21:13:32.768 [Forwarding getElementTagName on session b96db7b2f3a4c38c3a667e13a3963ce9 to remote] DEBUG org.asynchttpclient.netty.request.NettyRequestSender - Using pooled Channel '[id: 0x9988580f, L:/127.0.0.1:57328 - R:localhost/127.0.0.1:55262]' for 'GET' to 'http://localhost:55262/session/b96db7b2f3a4c38c3a667e13a3963ce9/element/5840ff38-b219-44b4-bb5b-1c473f60ae0f/name'
21:13:32.768 [Forwarding getElementTagName on session b96db7b2f3a4c38c3a667e13a3963ce9 to remote] DEBUG org.asynchttpclient.netty.request.NettyRequestSender - Using open Channel [id: 0x9988580f, L:/127.0.0.1:57328 - R:localhost/127.0.0.1:55262] for GET '/session/b96db7b2f3a4c38c3a667e13a3963ce9/element/5840ff38-b219-44b4-bb5b-1c473f60ae0f/name'
21:13:32.774 [AsyncHttpClient-1-4] DEBUG org.asynchttpclient.netty.handler.HttpHandler - 

Request DefaultFullHttpRequest(decodeResult: success, version: HTTP/1.1, content: EmptyByteBufBE)
GET /session/b96db7b2f3a4c38c3a667e13a3963ce9/element/5840ff38-b219-44b4-bb5b-1c473f60ae0f/name HTTP/1.1
User-Agent: selenium/4.1.2 (java windows)
Cache-Control: no-cache
Content-Type: application/json; charset=utf-8
host: localhost:55262
accept: */*

Response DefaultHttpResponse(decodeResult: success, version: HTTP/1.1)
HTTP/1.1 200 OK
Content-Type: application/json; charset=utf-8
cache-control: no-cache
content-length: 18

21:13:32.775 [AsyncHttpClient-1-4] DEBUG org.asynchttpclient.netty.channel.ChannelManager - Adding key: http://localhost:55262 for channel [id: 0x9988580f, L:/127.0.0.1:57328 - R:localhost/127.0.0.1:55262]
21:13:32.777 [Forwarding getElementTagName on session b96db7b2f3a4c38c3a667e13a3963ce9 to remote] DEBUG org.asynchttpclient.netty.request.NettyRequestSender - Using pooled Channel '[id: 0x9988580f, L:/127.0.0.1:57328 - R:localhost/127.0.0.1:55262]' for 'GET' to 'http://localhost:55262/session/b96db7b2f3a4c38c3a667e13a3963ce9/element/5840ff38-b219-44b4-bb5b-1c473f60ae0f/name'
21:13:32.777 [Forwarding getElementTagName on session b96db7b2f3a4c38c3a667e13a3963ce9 to remote] DEBUG org.asynchttpclient.netty.request.NettyRequestSender - Using open Channel [id: 0x9988580f, L:/127.0.0.1:57328 - R:localhost/127.0.0.1:55262] for GET '/session/b96db7b2f3a4c38c3a667e13a3963ce9/element/5840ff38-b219-44b4-bb5b-1c473f60ae0f/name'
21:13:32.783 [AsyncHttpClient-1-4] DEBUG org.asynchttpclient.netty.handler.HttpHandler - 

Request DefaultFullHttpRequest(decodeResult: success, version: HTTP/1.1, content: EmptyByteBufBE)
GET /session/b96db7b2f3a4c38c3a667e13a3963ce9/element/5840ff38-b219-44b4-bb5b-1c473f60ae0f/name HTTP/1.1
User-Agent: selenium/4.1.2 (java windows)
Cache-Control: no-cache
Content-Type: application/json; charset=utf-8
host: localhost:55262
accept: */*

Response DefaultHttpResponse(decodeResult: success, version: HTTP/1.1)
HTTP/1.1 200 OK
Content-Type: application/json; charset=utf-8
cache-control: no-cache
content-length: 18

21:13:32.783 [AsyncHttpClient-1-4] DEBUG org.asynchttpclient.netty.channel.ChannelManager - Adding key: http://localhost:55262 for channel [id: 0x9988580f, L:/127.0.0.1:57328 - R:localhost/127.0.0.1:55262]
21:13:32.788 [Forwarding isElementEnabled on session b96db7b2f3a4c38c3a667e13a3963ce9 to remote] DEBUG org.asynchttpclient.netty.request.NettyRequestSender - Using pooled Channel '[id: 0x9988580f, L:/127.0.0.1:57328 - R:localhost/127.0.0.1:55262]' for 'GET' to 'http://localhost:55262/session/b96db7b2f3a4c38c3a667e13a3963ce9/element/5840ff38-b219-44b4-bb5b-1c473f60ae0f/enabled'
21:13:32.788 [Forwarding isElementEnabled on session b96db7b2f3a4c38c3a667e13a3963ce9 to remote] DEBUG org.asynchttpclient.netty.request.NettyRequestSender - Using open Channel [id: 0x9988580f, L:/127.0.0.1:57328 - R:localhost/127.0.0.1:55262] for GET '/session/b96db7b2f3a4c38c3a667e13a3963ce9/element/5840ff38-b219-44b4-bb5b-1c473f60ae0f/enabled'
21:13:32.805 [AsyncHttpClient-1-4] DEBUG org.asynchttpclient.netty.handler.HttpHandler - 

Request DefaultFullHttpRequest(decodeResult: success, version: HTTP/1.1, content: EmptyByteBufBE)
GET /session/b96db7b2f3a4c38c3a667e13a3963ce9/element/5840ff38-b219-44b4-bb5b-1c473f60ae0f/enabled HTTP/1.1
User-Agent: selenium/4.1.2 (java windows)
Cache-Control: no-cache
Content-Type: application/json; charset=utf-8
host: localhost:55262
accept: */*

Response DefaultHttpResponse(decodeResult: success, version: HTTP/1.1)
HTTP/1.1 200 OK
Content-Type: application/json; charset=utf-8
cache-control: no-cache
content-length: 14

21:13:32.805 [AsyncHttpClient-1-4] DEBUG org.asynchttpclient.netty.channel.ChannelManager - Adding key: http://localhost:55262 for channel [id: 0x9988580f, L:/127.0.0.1:57328 - R:localhost/127.0.0.1:55262]
21:13:32.808 [Forwarding isElementEnabled on session b96db7b2f3a4c38c3a667e13a3963ce9 to remote] DEBUG org.asynchttpclient.netty.request.NettyRequestSender - Using pooled Channel '[id: 0x9988580f, L:/127.0.0.1:57328 - R:localhost/127.0.0.1:55262]' for 'GET' to 'http://localhost:55262/session/b96db7b2f3a4c38c3a667e13a3963ce9/element/5840ff38-b219-44b4-bb5b-1c473f60ae0f/enabled'
21:13:32.808 [Forwarding isElementEnabled on session b96db7b2f3a4c38c3a667e13a3963ce9 to remote] DEBUG org.asynchttpclient.netty.request.NettyRequestSender - Using open Channel [id: 0x9988580f, L:/127.0.0.1:57328 - R:localhost/127.0.0.1:55262] for GET '/session/b96db7b2f3a4c38c3a667e13a3963ce9/element/5840ff38-b219-44b4-bb5b-1c473f60ae0f/enabled'
21:13:32.820 [AsyncHttpClient-1-4] DEBUG org.asynchttpclient.netty.handler.HttpHandler - 

Request DefaultFullHttpRequest(decodeResult: success, version: HTTP/1.1, content: EmptyByteBufBE)
GET /session/b96db7b2f3a4c38c3a667e13a3963ce9/element/5840ff38-b219-44b4-bb5b-1c473f60ae0f/enabled HTTP/1.1
User-Agent: selenium/4.1.2 (java windows)
Cache-Control: no-cache
Content-Type: application/json; charset=utf-8
host: localhost:55262
accept: */*

Response DefaultHttpResponse(decodeResult: success, version: HTTP/1.1)
HTTP/1.1 200 OK
Content-Type: application/json; charset=utf-8
cache-control: no-cache
content-length: 14

21:13:32.821 [AsyncHttpClient-1-4] DEBUG org.asynchttpclient.netty.channel.ChannelManager - Adding key: http://localhost:55262 for channel [id: 0x9988580f, L:/127.0.0.1:57328 - R:localhost/127.0.0.1:55262]
21:13:32.830 [Forwarding findElement on session b96db7b2f3a4c38c3a667e13a3963ce9 to remote] DEBUG org.asynchttpclient.netty.request.NettyRequestSender - Using pooled Channel '[id: 0x9988580f, L:/127.0.0.1:57328 - R:localhost/127.0.0.1:55262]' for 'POST' to 'http://localhost:55262/session/b96db7b2f3a4c38c3a667e13a3963ce9/element'
21:13:32.830 [Forwarding findElement on session b96db7b2f3a4c38c3a667e13a3963ce9 to remote] DEBUG org.asynchttpclient.netty.request.NettyRequestSender - Using open Channel [id: 0x9988580f, L:/127.0.0.1:57328 - R:localhost/127.0.0.1:55262] for POST '/session/b96db7b2f3a4c38c3a667e13a3963ce9/element'
21:13:32.934 [AsyncHttpClient-1-4] DEBUG org.asynchttpclient.netty.handler.HttpHandler - 

Request DefaultHttpRequest(decodeResult: success, version: HTTP/1.1)
POST /session/b96db7b2f3a4c38c3a667e13a3963ce9/element HTTP/1.1
User-Agent: selenium/4.1.2 (java windows)
Content-Length: 150
Content-Type: application/json; charset=utf-8
host: localhost:55262
accept: */*

Response DefaultHttpResponse(decodeResult: success, version: HTTP/1.1)
HTTP/1.1 200 OK
Content-Type: application/json; charset=utf-8
cache-control: no-cache
content-length: 88

21:13:32.934 [AsyncHttpClient-1-4] DEBUG org.asynchttpclient.netty.channel.ChannelManager - Adding key: http://localhost:55262 for channel [id: 0x9988580f, L:/127.0.0.1:57328 - R:localhost/127.0.0.1:55262]
21:13:32.939 [Forwarding clickElement on session b96db7b2f3a4c38c3a667e13a3963ce9 to remote] DEBUG org.asynchttpclient.netty.request.NettyRequestSender - Using pooled Channel '[id: 0x9988580f, L:/127.0.0.1:57328 - R:localhost/127.0.0.1:55262]' for 'POST' to 'http://localhost:55262/session/b96db7b2f3a4c38c3a667e13a3963ce9/element/5840ff38-b219-44b4-bb5b-1c473f60ae0f/click'
21:13:32.940 [Forwarding clickElement on session b96db7b2f3a4c38c3a667e13a3963ce9 to remote] DEBUG org.asynchttpclient.netty.request.NettyRequestSender - Using open Channel [id: 0x9988580f, L:/127.0.0.1:57328 - R:localhost/127.0.0.1:55262] for POST '/session/b96db7b2f3a4c38c3a667e13a3963ce9/element/5840ff38-b219-44b4-bb5b-1c473f60ae0f/click'
21:13:33.093 [AsyncHttpClient-1-1] DEBUG org.asynchttpclient.netty.channel.DefaultChannelPool - Entry count for : http://localhost:57329 : 1
21:13:33.306 [AsyncHttpClient-1-4] DEBUG org.asynchttpclient.netty.handler.HttpHandler - 

Request DefaultHttpRequest(decodeResult: success, version: HTTP/1.1)
POST /session/b96db7b2f3a4c38c3a667e13a3963ce9/element/5840ff38-b219-44b4-bb5b-1c473f60ae0f/click HTTP/1.1
User-Agent: selenium/4.1.2 (java windows)
Content-Length: 50
Content-Type: application/json; charset=utf-8
host: localhost:55262
accept: */*

Response DefaultHttpResponse(decodeResult: success, version: HTTP/1.1)
HTTP/1.1 200 OK
Content-Type: application/json; charset=utf-8
cache-control: no-cache
content-length: 14

21:13:33.307 [AsyncHttpClient-1-4] DEBUG org.asynchttpclient.netty.channel.ChannelManager - Adding key: http://localhost:55262 for channel [id: 0x9988580f, L:/127.0.0.1:57328 - R:localhost/127.0.0.1:55262]
21:13:33.315 [Forwarding screenshot on session b96db7b2f3a4c38c3a667e13a3963ce9 to remote] DEBUG org.asynchttpclient.netty.request.NettyRequestSender - Using pooled Channel '[id: 0x9988580f, L:/127.0.0.1:57328 - R:localhost/127.0.0.1:55262]' for 'GET' to 'http://localhost:55262/session/b96db7b2f3a4c38c3a667e13a3963ce9/screenshot'
21:13:33.315 [Forwarding screenshot on session b96db7b2f3a4c38c3a667e13a3963ce9 to remote] DEBUG org.asynchttpclient.netty.request.NettyRequestSender - Using open Channel [id: 0x9988580f, L:/127.0.0.1:57328 - R:localhost/127.0.0.1:55262] for GET '/session/b96db7b2f3a4c38c3a667e13a3963ce9/screenshot'
21:13:33.521 [AsyncHttpClient-1-4] DEBUG org.asynchttpclient.netty.handler.HttpHandler - 

Request DefaultFullHttpRequest(decodeResult: success, version: HTTP/1.1, content: EmptyByteBufBE)
GET /session/b96db7b2f3a4c38c3a667e13a3963ce9/screenshot HTTP/1.1
User-Agent: selenium/4.1.2 (java windows)
Cache-Control: no-cache
Content-Type: application/json; charset=utf-8
host: localhost:55262
accept: */*

Response DefaultHttpResponse(decodeResult: success, version: HTTP/1.1)
HTTP/1.1 200 OK
Content-Type: application/json; charset=utf-8
cache-control: no-cache
content-length: 89928

21:13:33.522 [AsyncHttpClient-1-4] DEBUG org.asynchttpclient.netty.channel.ChannelManager - Adding key: http://localhost:55262 for channel [id: 0x9988580f, L:/127.0.0.1:57328 - R:localhost/127.0.0.1:55262]
21:13:33.527 [main] DEBUG net.serenitybdd.core.photography.Darkroom - Send negative for processing for target\site\serenity\c738d8f51487c84c717a30ce945b611ab8436832aa38a63a9b93d9e9cc82c955.png
21:13:33.527 [main] DEBUG net.thucydides.core.steps.StepInterceptor - STEP DONE: clickItems
21:13:33.527 [Darkroom Processing Line] DEBUG net.serenitybdd.core.photography.DarkroomProcessingLine - Processing screenshot image in /var/screenshots/screenshot-1751214311693408431
21:13:33.527 [Darkroom Processing Line] DEBUG net.serenitybdd.core.photography.DarkroomProcessingLine - Saving screenshot to target\site\serenity\c738d8f51487c84c717a30ce945b611ab8436832aa38a63a9b93d9e9cc82c955.png
21:13:33.539 [main] DEBUG net.thucydides.core.steps.StepInterceptor - STARTING STEP: TransactionSteps.userClickItems - clickItems
21:13:33.543 [Forwarding findElement on session b96db7b2f3a4c38c3a667e13a3963ce9 to remote] DEBUG org.asynchttpclient.netty.request.NettyRequestSender - Using pooled Channel '[id: 0x9988580f, L:/127.0.0.1:57328 - R:localhost/127.0.0.1:55262]' for 'POST' to 'http://localhost:55262/session/b96db7b2f3a4c38c3a667e13a3963ce9/element'
21:13:33.543 [Forwarding findElement on session b96db7b2f3a4c38c3a667e13a3963ce9 to remote] DEBUG org.asynchttpclient.netty.request.NettyRequestSender - Using open Channel [id: 0x9988580f, L:/127.0.0.1:57328 - R:localhost/127.0.0.1:55262] for POST '/session/b96db7b2f3a4c38c3a667e13a3963ce9/element'
21:13:33.571 [AsyncHttpClient-1-4] DEBUG org.asynchttpclient.netty.handler.HttpHandler - 

Request DefaultHttpRequest(decodeResult: success, version: HTTP/1.1)
POST /session/b96db7b2f3a4c38c3a667e13a3963ce9/element HTTP/1.1
User-Agent: selenium/4.1.2 (java windows)
Content-Length: 150
Content-Type: application/json; charset=utf-8
host: localhost:55262
accept: */*

Response DefaultHttpResponse(decodeResult: success, version: HTTP/1.1)
HTTP/1.1 200 OK
Content-Type: application/json; charset=utf-8
cache-control: no-cache
content-length: 88

21:13:33.571 [AsyncHttpClient-1-4] DEBUG org.asynchttpclient.netty.channel.ChannelManager - Adding key: http://localhost:55262 for channel [id: 0x9988580f, L:/127.0.0.1:57328 - R:localhost/127.0.0.1:55262]
21:13:33.575 [Forwarding getElementTagName on session b96db7b2f3a4c38c3a667e13a3963ce9 to remote] DEBUG org.asynchttpclient.netty.request.NettyRequestSender - Using pooled Channel '[id: 0x9988580f, L:/127.0.0.1:57328 - R:localhost/127.0.0.1:55262]' for 'GET' to 'http://localhost:55262/session/b96db7b2f3a4c38c3a667e13a3963ce9/element/5840ff38-b219-44b4-bb5b-1c473f60ae0f/name'
21:13:33.577 [Forwarding getElementTagName on session b96db7b2f3a4c38c3a667e13a3963ce9 to remote] DEBUG org.asynchttpclient.netty.request.NettyRequestSender - Using open Channel [id: 0x9988580f, L:/127.0.0.1:57328 - R:localhost/127.0.0.1:55262] for GET '/session/b96db7b2f3a4c38c3a667e13a3963ce9/element/5840ff38-b219-44b4-bb5b-1c473f60ae0f/name'
21:13:33.588 [AsyncHttpClient-1-4] DEBUG org.asynchttpclient.netty.handler.HttpHandler - 

Request DefaultFullHttpRequest(decodeResult: success, version: HTTP/1.1, content: EmptyByteBufBE)
GET /session/b96db7b2f3a4c38c3a667e13a3963ce9/element/5840ff38-b219-44b4-bb5b-1c473f60ae0f/name HTTP/1.1
User-Agent: selenium/4.1.2 (java windows)
Cache-Control: no-cache
Content-Type: application/json; charset=utf-8
host: localhost:55262
accept: */*

Response DefaultHttpResponse(decodeResult: success, version: HTTP/1.1)
HTTP/1.1 200 OK
Content-Type: application/json; charset=utf-8
cache-control: no-cache
content-length: 18

21:13:33.588 [AsyncHttpClient-1-4] DEBUG org.asynchttpclient.netty.channel.ChannelManager - Adding key: http://localhost:55262 for channel [id: 0x9988580f, L:/127.0.0.1:57328 - R:localhost/127.0.0.1:55262]
21:13:33.589 [Forwarding getElementTagName on session b96db7b2f3a4c38c3a667e13a3963ce9 to remote] DEBUG org.asynchttpclient.netty.request.NettyRequestSender - Using pooled Channel '[id: 0x9988580f, L:/127.0.0.1:57328 - R:localhost/127.0.0.1:55262]' for 'GET' to 'http://localhost:55262/session/b96db7b2f3a4c38c3a667e13a3963ce9/element/5840ff38-b219-44b4-bb5b-1c473f60ae0f/name'
21:13:33.590 [Forwarding getElementTagName on session b96db7b2f3a4c38c3a667e13a3963ce9 to remote] DEBUG org.asynchttpclient.netty.request.NettyRequestSender - Using open Channel [id: 0x9988580f, L:/127.0.0.1:57328 - R:localhost/127.0.0.1:55262] for GET '/session/b96db7b2f3a4c38c3a667e13a3963ce9/element/5840ff38-b219-44b4-bb5b-1c473f60ae0f/name'
21:13:33.604 [AsyncHttpClient-1-4] DEBUG org.asynchttpclient.netty.handler.HttpHandler - 

Request DefaultFullHttpRequest(decodeResult: success, version: HTTP/1.1, content: EmptyByteBufBE)
GET /session/b96db7b2f3a4c38c3a667e13a3963ce9/element/5840ff38-b219-44b4-bb5b-1c473f60ae0f/name HTTP/1.1
User-Agent: selenium/4.1.2 (java windows)
Cache-Control: no-cache
Content-Type: application/json; charset=utf-8
host: localhost:55262
accept: */*

Response DefaultHttpResponse(decodeResult: success, version: HTTP/1.1)
HTTP/1.1 200 OK
Content-Type: application/json; charset=utf-8
cache-control: no-cache
content-length: 18

21:13:33.604 [AsyncHttpClient-1-4] DEBUG org.asynchttpclient.netty.channel.ChannelManager - Adding key: http://localhost:55262 for channel [id: 0x9988580f, L:/127.0.0.1:57328 - R:localhost/127.0.0.1:55262]
21:13:33.608 [Forwarding isElementEnabled on session b96db7b2f3a4c38c3a667e13a3963ce9 to remote] DEBUG org.asynchttpclient.netty.request.NettyRequestSender - Using pooled Channel '[id: 0x9988580f, L:/127.0.0.1:57328 - R:localhost/127.0.0.1:55262]' for 'GET' to 'http://localhost:55262/session/b96db7b2f3a4c38c3a667e13a3963ce9/element/5840ff38-b219-44b4-bb5b-1c473f60ae0f/enabled'
21:13:33.609 [Forwarding isElementEnabled on session b96db7b2f3a4c38c3a667e13a3963ce9 to remote] DEBUG org.asynchttpclient.netty.request.NettyRequestSender - Using open Channel [id: 0x9988580f, L:/127.0.0.1:57328 - R:localhost/127.0.0.1:55262] for GET '/session/b96db7b2f3a4c38c3a667e13a3963ce9/element/5840ff38-b219-44b4-bb5b-1c473f60ae0f/enabled'
21:13:33.624 [AsyncHttpClient-1-4] DEBUG org.asynchttpclient.netty.handler.HttpHandler - 

Request DefaultFullHttpRequest(decodeResult: success, version: HTTP/1.1, content: EmptyByteBufBE)
GET /session/b96db7b2f3a4c38c3a667e13a3963ce9/element/5840ff38-b219-44b4-bb5b-1c473f60ae0f/enabled HTTP/1.1
User-Agent: selenium/4.1.2 (java windows)
Cache-Control: no-cache
Content-Type: application/json; charset=utf-8
host: localhost:55262
accept: */*

Response DefaultHttpResponse(decodeResult: success, version: HTTP/1.1)
HTTP/1.1 200 OK
Content-Type: application/json; charset=utf-8
cache-control: no-cache
content-length: 14

21:13:33.625 [AsyncHttpClient-1-4] DEBUG org.asynchttpclient.netty.channel.ChannelManager - Adding key: http://localhost:55262 for channel [id: 0x9988580f, L:/127.0.0.1:57328 - R:localhost/127.0.0.1:55262]
21:13:33.626 [Forwarding isElementEnabled on session b96db7b2f3a4c38c3a667e13a3963ce9 to remote] DEBUG org.asynchttpclient.netty.request.NettyRequestSender - Using pooled Channel '[id: 0x9988580f, L:/127.0.0.1:57328 - R:localhost/127.0.0.1:55262]' for 'GET' to 'http://localhost:55262/session/b96db7b2f3a4c38c3a667e13a3963ce9/element/5840ff38-b219-44b4-bb5b-1c473f60ae0f/enabled'
21:13:33.627 [Forwarding isElementEnabled on session b96db7b2f3a4c38c3a667e13a3963ce9 to remote] DEBUG org.asynchttpclient.netty.request.NettyRequestSender - Using open Channel [id: 0x9988580f, L:/127.0.0.1:57328 - R:localhost/127.0.0.1:55262] for GET '/session/b96db7b2f3a4c38c3a667e13a3963ce9/element/5840ff38-b219-44b4-bb5b-1c473f60ae0f/enabled'
21:13:33.649 [AsyncHttpClient-1-4] DEBUG org.asynchttpclient.netty.handler.HttpHandler - 

Request DefaultFullHttpRequest(decodeResult: success, version: HTTP/1.1, content: EmptyByteBufBE)
GET /session/b96db7b2f3a4c38c3a667e13a3963ce9/element/5840ff38-b219-44b4-bb5b-1c473f60ae0f/enabled HTTP/1.1
User-Agent: selenium/4.1.2 (java windows)
Cache-Control: no-cache
Content-Type: application/json; charset=utf-8
host: localhost:55262
accept: */*

Response DefaultHttpResponse(decodeResult: success, version: HTTP/1.1)
HTTP/1.1 200 OK
Content-Type: application/json; charset=utf-8
cache-control: no-cache
content-length: 14

21:13:33.649 [AsyncHttpClient-1-4] DEBUG org.asynchttpclient.netty.channel.ChannelManager - Adding key: http://localhost:55262 for channel [id: 0x9988580f, L:/127.0.0.1:57328 - R:localhost/127.0.0.1:55262]
21:13:33.651 [Forwarding findElement on session b96db7b2f3a4c38c3a667e13a3963ce9 to remote] DEBUG org.asynchttpclient.netty.request.NettyRequestSender - Using pooled Channel '[id: 0x9988580f, L:/127.0.0.1:57328 - R:localhost/127.0.0.1:55262]' for 'POST' to 'http://localhost:55262/session/b96db7b2f3a4c38c3a667e13a3963ce9/element'
21:13:33.651 [Forwarding findElement on session b96db7b2f3a4c38c3a667e13a3963ce9 to remote] DEBUG org.asynchttpclient.netty.request.NettyRequestSender - Using open Channel [id: 0x9988580f, L:/127.0.0.1:57328 - R:localhost/127.0.0.1:55262] for POST '/session/b96db7b2f3a4c38c3a667e13a3963ce9/element'
21:13:33.672 [AsyncHttpClient-1-4] DEBUG org.asynchttpclient.netty.handler.HttpHandler - 

Request DefaultHttpRequest(decodeResult: success, version: HTTP/1.1)
POST /session/b96db7b2f3a4c38c3a667e13a3963ce9/element HTTP/1.1
User-Agent: selenium/4.1.2 (java windows)
Content-Length: 150
Content-Type: application/json; charset=utf-8
host: localhost:55262
accept: */*

Response DefaultHttpResponse(decodeResult: success, version: HTTP/1.1)
HTTP/1.1 200 OK
Content-Type: application/json; charset=utf-8
cache-control: no-cache
content-length: 88

21:13:33.672 [AsyncHttpClient-1-4] DEBUG org.asynchttpclient.netty.channel.ChannelManager - Adding key: http://localhost:55262 for channel [id: 0x9988580f, L:/127.0.0.1:57328 - R:localhost/127.0.0.1:55262]
21:13:33.675 [Forwarding clickElement on session b96db7b2f3a4c38c3a667e13a3963ce9 to remote] DEBUG org.asynchttpclient.netty.request.NettyRequestSender - Using pooled Channel '[id: 0x9988580f, L:/127.0.0.1:57328 - R:localhost/127.0.0.1:55262]' for 'POST' to 'http://localhost:55262/session/b96db7b2f3a4c38c3a667e13a3963ce9/element/5840ff38-b219-44b4-bb5b-1c473f60ae0f/click'
21:13:33.675 [Forwarding clickElement on session b96db7b2f3a4c38c3a667e13a3963ce9 to remote] DEBUG org.asynchttpclient.netty.request.NettyRequestSender - Using open Channel [id: 0x9988580f, L:/127.0.0.1:57328 - R:localhost/127.0.0.1:55262] for POST '/session/b96db7b2f3a4c38c3a667e13a3963ce9/element/5840ff38-b219-44b4-bb5b-1c473f60ae0f/click'
21:13:33.773 [AsyncHttpClient-1-4] DEBUG org.asynchttpclient.netty.handler.HttpHandler - 

Request DefaultHttpRequest(decodeResult: success, version: HTTP/1.1)
POST /session/b96db7b2f3a4c38c3a667e13a3963ce9/element/5840ff38-b219-44b4-bb5b-1c473f60ae0f/click HTTP/1.1
User-Agent: selenium/4.1.2 (java windows)
Content-Length: 50
Content-Type: application/json; charset=utf-8
host: localhost:55262
accept: */*

Response DefaultHttpResponse(decodeResult: success, version: HTTP/1.1)
HTTP/1.1 200 OK
Content-Type: application/json; charset=utf-8
cache-control: no-cache
content-length: 14

21:13:33.773 [AsyncHttpClient-1-4] DEBUG org.asynchttpclient.netty.channel.ChannelManager - Adding key: http://localhost:55262 for channel [id: 0x9988580f, L:/127.0.0.1:57328 - R:localhost/127.0.0.1:55262]
21:13:33.781 [Forwarding screenshot on session b96db7b2f3a4c38c3a667e13a3963ce9 to remote] DEBUG org.asynchttpclient.netty.request.NettyRequestSender - Using pooled Channel '[id: 0x9988580f, L:/127.0.0.1:57328 - R:localhost/127.0.0.1:55262]' for 'GET' to 'http://localhost:55262/session/b96db7b2f3a4c38c3a667e13a3963ce9/screenshot'
21:13:33.781 [Forwarding screenshot on session b96db7b2f3a4c38c3a667e13a3963ce9 to remote] DEBUG org.asynchttpclient.netty.request.NettyRequestSender - Using open Channel [id: 0x9988580f, L:/127.0.0.1:57328 - R:localhost/127.0.0.1:55262] for GET '/session/b96db7b2f3a4c38c3a667e13a3963ce9/screenshot'
21:13:34.017 [AsyncHttpClient-1-4] DEBUG org.asynchttpclient.netty.handler.HttpHandler - 

Request DefaultFullHttpRequest(decodeResult: success, version: HTTP/1.1, content: EmptyByteBufBE)
GET /session/b96db7b2f3a4c38c3a667e13a3963ce9/screenshot HTTP/1.1
User-Agent: selenium/4.1.2 (java windows)
Cache-Control: no-cache
Content-Type: application/json; charset=utf-8
host: localhost:55262
accept: */*

Response DefaultHttpResponse(decodeResult: success, version: HTTP/1.1)
HTTP/1.1 200 OK
Content-Type: application/json; charset=utf-8
cache-control: no-cache
content-length: 90020

21:13:34.018 [AsyncHttpClient-1-4] DEBUG org.asynchttpclient.netty.channel.ChannelManager - Adding key: http://localhost:55262 for channel [id: 0x9988580f, L:/127.0.0.1:57328 - R:localhost/127.0.0.1:55262]
21:13:34.023 [main] DEBUG net.serenitybdd.core.photography.Darkroom - Send negative for processing for target\site\serenity\62d2c1b32f3f6641b3d3072a5e1acfcd4fad55cf5454d26f3b96683f59c12755.png
21:13:34.023 [main] DEBUG net.thucydides.core.steps.StepInterceptor - STEP DONE: clickItems
21:13:34.023 [Darkroom Processing Line] DEBUG net.serenitybdd.core.photography.DarkroomProcessingLine - Processing screenshot image in /var/screenshots/screenshot-5632960180555249510
21:13:34.023 [Darkroom Processing Line] DEBUG net.serenitybdd.core.photography.DarkroomProcessingLine - Saving screenshot to target\site\serenity\62d2c1b32f3f6641b3d3072a5e1acfcd4fad55cf5454d26f3b96683f59c12755.png
21:13:34.029 [main] DEBUG net.thucydides.core.steps.StepInterceptor - STARTING STEP: TransactionSteps.userClickItems - clickItems2
21:13:34.032 [Forwarding findElement on session b96db7b2f3a4c38c3a667e13a3963ce9 to remote] DEBUG org.asynchttpclient.netty.request.NettyRequestSender - Using pooled Channel '[id: 0x9988580f, L:/127.0.0.1:57328 - R:localhost/127.0.0.1:55262]' for 'POST' to 'http://localhost:55262/session/b96db7b2f3a4c38c3a667e13a3963ce9/element'
21:13:34.032 [Forwarding findElement on session b96db7b2f3a4c38c3a667e13a3963ce9 to remote] DEBUG org.asynchttpclient.netty.request.NettyRequestSender - Using open Channel [id: 0x9988580f, L:/127.0.0.1:57328 - R:localhost/127.0.0.1:55262] for POST '/session/b96db7b2f3a4c38c3a667e13a3963ce9/element'
21:13:34.048 [AsyncHttpClient-1-4] DEBUG org.asynchttpclient.netty.handler.HttpHandler - 

Request DefaultHttpRequest(decodeResult: success, version: HTTP/1.1)
POST /session/b96db7b2f3a4c38c3a667e13a3963ce9/element HTTP/1.1
User-Agent: selenium/4.1.2 (java windows)
Content-Length: 150
Content-Type: application/json; charset=utf-8
host: localhost:55262
accept: */*

Response DefaultHttpResponse(decodeResult: success, version: HTTP/1.1)
HTTP/1.1 200 OK
Content-Type: application/json; charset=utf-8
cache-control: no-cache
content-length: 88

21:13:34.049 [AsyncHttpClient-1-4] DEBUG org.asynchttpclient.netty.channel.ChannelManager - Adding key: http://localhost:55262 for channel [id: 0x9988580f, L:/127.0.0.1:57328 - R:localhost/127.0.0.1:55262]
21:13:34.050 [Forwarding getElementTagName on session b96db7b2f3a4c38c3a667e13a3963ce9 to remote] DEBUG org.asynchttpclient.netty.request.NettyRequestSender - Using pooled Channel '[id: 0x9988580f, L:/127.0.0.1:57328 - R:localhost/127.0.0.1:55262]' for 'GET' to 'http://localhost:55262/session/b96db7b2f3a4c38c3a667e13a3963ce9/element/fe573a0d-1b17-40e5-8c76-2e29f377ec0b/name'
21:13:34.050 [Forwarding getElementTagName on session b96db7b2f3a4c38c3a667e13a3963ce9 to remote] DEBUG org.asynchttpclient.netty.request.NettyRequestSender - Using open Channel [id: 0x9988580f, L:/127.0.0.1:57328 - R:localhost/127.0.0.1:55262] for GET '/session/b96db7b2f3a4c38c3a667e13a3963ce9/element/fe573a0d-1b17-40e5-8c76-2e29f377ec0b/name'
21:13:34.055 [AsyncHttpClient-1-4] DEBUG org.asynchttpclient.netty.handler.HttpHandler - 

Request DefaultFullHttpRequest(decodeResult: success, version: HTTP/1.1, content: EmptyByteBufBE)
GET /session/b96db7b2f3a4c38c3a667e13a3963ce9/element/fe573a0d-1b17-40e5-8c76-2e29f377ec0b/name HTTP/1.1
User-Agent: selenium/4.1.2 (java windows)
Cache-Control: no-cache
Content-Type: application/json; charset=utf-8
host: localhost:55262
accept: */*

Response DefaultHttpResponse(decodeResult: success, version: HTTP/1.1)
HTTP/1.1 200 OK
Content-Type: application/json; charset=utf-8
cache-control: no-cache
content-length: 18

21:13:34.055 [AsyncHttpClient-1-4] DEBUG org.asynchttpclient.netty.channel.ChannelManager - Adding key: http://localhost:55262 for channel [id: 0x9988580f, L:/127.0.0.1:57328 - R:localhost/127.0.0.1:55262]
21:13:34.058 [Forwarding getElementTagName on session b96db7b2f3a4c38c3a667e13a3963ce9 to remote] DEBUG org.asynchttpclient.netty.request.NettyRequestSender - Using pooled Channel '[id: 0x9988580f, L:/127.0.0.1:57328 - R:localhost/127.0.0.1:55262]' for 'GET' to 'http://localhost:55262/session/b96db7b2f3a4c38c3a667e13a3963ce9/element/fe573a0d-1b17-40e5-8c76-2e29f377ec0b/name'
21:13:34.058 [Forwarding getElementTagName on session b96db7b2f3a4c38c3a667e13a3963ce9 to remote] DEBUG org.asynchttpclient.netty.request.NettyRequestSender - Using open Channel [id: 0x9988580f, L:/127.0.0.1:57328 - R:localhost/127.0.0.1:55262] for GET '/session/b96db7b2f3a4c38c3a667e13a3963ce9/element/fe573a0d-1b17-40e5-8c76-2e29f377ec0b/name'
21:13:34.061 [AsyncHttpClient-1-4] DEBUG org.asynchttpclient.netty.handler.HttpHandler - 

Request DefaultFullHttpRequest(decodeResult: success, version: HTTP/1.1, content: EmptyByteBufBE)
GET /session/b96db7b2f3a4c38c3a667e13a3963ce9/element/fe573a0d-1b17-40e5-8c76-2e29f377ec0b/name HTTP/1.1
User-Agent: selenium/4.1.2 (java windows)
Cache-Control: no-cache
Content-Type: application/json; charset=utf-8
host: localhost:55262
accept: */*

Response DefaultHttpResponse(decodeResult: success, version: HTTP/1.1)
HTTP/1.1 200 OK
Content-Type: application/json; charset=utf-8
cache-control: no-cache
content-length: 18

21:13:34.062 [AsyncHttpClient-1-4] DEBUG org.asynchttpclient.netty.channel.ChannelManager - Adding key: http://localhost:55262 for channel [id: 0x9988580f, L:/127.0.0.1:57328 - R:localhost/127.0.0.1:55262]
21:13:34.064 [Forwarding isElementEnabled on session b96db7b2f3a4c38c3a667e13a3963ce9 to remote] DEBUG org.asynchttpclient.netty.request.NettyRequestSender - Using pooled Channel '[id: 0x9988580f, L:/127.0.0.1:57328 - R:localhost/127.0.0.1:55262]' for 'GET' to 'http://localhost:55262/session/b96db7b2f3a4c38c3a667e13a3963ce9/element/fe573a0d-1b17-40e5-8c76-2e29f377ec0b/enabled'
21:13:34.064 [Forwarding isElementEnabled on session b96db7b2f3a4c38c3a667e13a3963ce9 to remote] DEBUG org.asynchttpclient.netty.request.NettyRequestSender - Using open Channel [id: 0x9988580f, L:/127.0.0.1:57328 - R:localhost/127.0.0.1:55262] for GET '/session/b96db7b2f3a4c38c3a667e13a3963ce9/element/fe573a0d-1b17-40e5-8c76-2e29f377ec0b/enabled'
21:13:34.073 [AsyncHttpClient-1-4] DEBUG org.asynchttpclient.netty.handler.HttpHandler - 

Request DefaultFullHttpRequest(decodeResult: success, version: HTTP/1.1, content: EmptyByteBufBE)
GET /session/b96db7b2f3a4c38c3a667e13a3963ce9/element/fe573a0d-1b17-40e5-8c76-2e29f377ec0b/enabled HTTP/1.1
User-Agent: selenium/4.1.2 (java windows)
Cache-Control: no-cache
Content-Type: application/json; charset=utf-8
host: localhost:55262
accept: */*

Response DefaultHttpResponse(decodeResult: success, version: HTTP/1.1)
HTTP/1.1 200 OK
Content-Type: application/json; charset=utf-8
cache-control: no-cache
content-length: 14

21:13:34.073 [AsyncHttpClient-1-4] DEBUG org.asynchttpclient.netty.channel.ChannelManager - Adding key: http://localhost:55262 for channel [id: 0x9988580f, L:/127.0.0.1:57328 - R:localhost/127.0.0.1:55262]
21:13:34.075 [Forwarding isElementEnabled on session b96db7b2f3a4c38c3a667e13a3963ce9 to remote] DEBUG org.asynchttpclient.netty.request.NettyRequestSender - Using pooled Channel '[id: 0x9988580f, L:/127.0.0.1:57328 - R:localhost/127.0.0.1:55262]' for 'GET' to 'http://localhost:55262/session/b96db7b2f3a4c38c3a667e13a3963ce9/element/fe573a0d-1b17-40e5-8c76-2e29f377ec0b/enabled'
21:13:34.075 [Forwarding isElementEnabled on session b96db7b2f3a4c38c3a667e13a3963ce9 to remote] DEBUG org.asynchttpclient.netty.request.NettyRequestSender - Using open Channel [id: 0x9988580f, L:/127.0.0.1:57328 - R:localhost/127.0.0.1:55262] for GET '/session/b96db7b2f3a4c38c3a667e13a3963ce9/element/fe573a0d-1b17-40e5-8c76-2e29f377ec0b/enabled'
21:13:34.084 [AsyncHttpClient-1-4] DEBUG org.asynchttpclient.netty.handler.HttpHandler - 

Request DefaultFullHttpRequest(decodeResult: success, version: HTTP/1.1, content: EmptyByteBufBE)
GET /session/b96db7b2f3a4c38c3a667e13a3963ce9/element/fe573a0d-1b17-40e5-8c76-2e29f377ec0b/enabled HTTP/1.1
User-Agent: selenium/4.1.2 (java windows)
Cache-Control: no-cache
Content-Type: application/json; charset=utf-8
host: localhost:55262
accept: */*

Response DefaultHttpResponse(decodeResult: success, version: HTTP/1.1)
HTTP/1.1 200 OK
Content-Type: application/json; charset=utf-8
cache-control: no-cache
content-length: 14

21:13:34.084 [AsyncHttpClient-1-4] DEBUG org.asynchttpclient.netty.channel.ChannelManager - Adding key: http://localhost:55262 for channel [id: 0x9988580f, L:/127.0.0.1:57328 - R:localhost/127.0.0.1:55262]
21:13:34.087 [Forwarding findElement on session b96db7b2f3a4c38c3a667e13a3963ce9 to remote] DEBUG org.asynchttpclient.netty.request.NettyRequestSender - Using pooled Channel '[id: 0x9988580f, L:/127.0.0.1:57328 - R:localhost/127.0.0.1:55262]' for 'POST' to 'http://localhost:55262/session/b96db7b2f3a4c38c3a667e13a3963ce9/element'
21:13:34.088 [Forwarding findElement on session b96db7b2f3a4c38c3a667e13a3963ce9 to remote] DEBUG org.asynchttpclient.netty.request.NettyRequestSender - Using open Channel [id: 0x9988580f, L:/127.0.0.1:57328 - R:localhost/127.0.0.1:55262] for POST '/session/b96db7b2f3a4c38c3a667e13a3963ce9/element'
21:13:34.099 [AsyncHttpClient-1-4] DEBUG org.asynchttpclient.netty.handler.HttpHandler - 

Request DefaultHttpRequest(decodeResult: success, version: HTTP/1.1)
POST /session/b96db7b2f3a4c38c3a667e13a3963ce9/element HTTP/1.1
User-Agent: selenium/4.1.2 (java windows)
Content-Length: 150
Content-Type: application/json; charset=utf-8
host: localhost:55262
accept: */*

Response DefaultHttpResponse(decodeResult: success, version: HTTP/1.1)
HTTP/1.1 200 OK
Content-Type: application/json; charset=utf-8
cache-control: no-cache
content-length: 88

21:13:34.099 [AsyncHttpClient-1-4] DEBUG org.asynchttpclient.netty.channel.ChannelManager - Adding key: http://localhost:55262 for channel [id: 0x9988580f, L:/127.0.0.1:57328 - R:localhost/127.0.0.1:55262]
21:13:34.100 [Forwarding clickElement on session b96db7b2f3a4c38c3a667e13a3963ce9 to remote] DEBUG org.asynchttpclient.netty.request.NettyRequestSender - Using pooled Channel '[id: 0x9988580f, L:/127.0.0.1:57328 - R:localhost/127.0.0.1:55262]' for 'POST' to 'http://localhost:55262/session/b96db7b2f3a4c38c3a667e13a3963ce9/element/fe573a0d-1b17-40e5-8c76-2e29f377ec0b/click'
21:13:34.100 [Forwarding clickElement on session b96db7b2f3a4c38c3a667e13a3963ce9 to remote] DEBUG org.asynchttpclient.netty.request.NettyRequestSender - Using open Channel [id: 0x9988580f, L:/127.0.0.1:57328 - R:localhost/127.0.0.1:55262] for POST '/session/b96db7b2f3a4c38c3a667e13a3963ce9/element/fe573a0d-1b17-40e5-8c76-2e29f377ec0b/click'
21:13:34.194 [AsyncHttpClient-1-4] DEBUG org.asynchttpclient.netty.handler.HttpHandler - 

Request DefaultHttpRequest(decodeResult: success, version: HTTP/1.1)
POST /session/b96db7b2f3a4c38c3a667e13a3963ce9/element/fe573a0d-1b17-40e5-8c76-2e29f377ec0b/click HTTP/1.1
User-Agent: selenium/4.1.2 (java windows)
Content-Length: 50
Content-Type: application/json; charset=utf-8
host: localhost:55262
accept: */*

Response DefaultHttpResponse(decodeResult: success, version: HTTP/1.1)
HTTP/1.1 200 OK
Content-Type: application/json; charset=utf-8
cache-control: no-cache
content-length: 14

21:13:34.194 [AsyncHttpClient-1-4] DEBUG org.asynchttpclient.netty.channel.ChannelManager - Adding key: http://localhost:55262 for channel [id: 0x9988580f, L:/127.0.0.1:57328 - R:localhost/127.0.0.1:55262]
21:13:34.200 [AsyncHttpClient-1-1] DEBUG org.asynchttpclient.netty.channel.DefaultChannelPool - Entry count for : http://localhost:55262 : 1
21:13:34.201 [AsyncHttpClient-1-1] DEBUG org.asynchttpclient.netty.channel.DefaultChannelPool - Entry count for : http://localhost:57329 : 1
21:13:34.205 [Forwarding screenshot on session b96db7b2f3a4c38c3a667e13a3963ce9 to remote] DEBUG org.asynchttpclient.netty.request.NettyRequestSender - Using pooled Channel '[id: 0x9988580f, L:/127.0.0.1:57328 - R:localhost/127.0.0.1:55262]' for 'GET' to 'http://localhost:55262/session/b96db7b2f3a4c38c3a667e13a3963ce9/screenshot'
21:13:34.205 [Forwarding screenshot on session b96db7b2f3a4c38c3a667e13a3963ce9 to remote] DEBUG org.asynchttpclient.netty.request.NettyRequestSender - Using open Channel [id: 0x9988580f, L:/127.0.0.1:57328 - R:localhost/127.0.0.1:55262] for GET '/session/b96db7b2f3a4c38c3a667e13a3963ce9/screenshot'
21:13:34.431 [AsyncHttpClient-1-4] DEBUG org.asynchttpclient.netty.handler.HttpHandler - 

Request DefaultFullHttpRequest(decodeResult: success, version: HTTP/1.1, content: EmptyByteBufBE)
GET /session/b96db7b2f3a4c38c3a667e13a3963ce9/screenshot HTTP/1.1
User-Agent: selenium/4.1.2 (java windows)
Cache-Control: no-cache
Content-Type: application/json; charset=utf-8
host: localhost:55262
accept: */*

Response DefaultHttpResponse(decodeResult: success, version: HTTP/1.1)
HTTP/1.1 200 OK
Content-Type: application/json; charset=utf-8
cache-control: no-cache
content-length: 90304

21:13:34.432 [AsyncHttpClient-1-4] DEBUG org.asynchttpclient.netty.channel.ChannelManager - Adding key: http://localhost:55262 for channel [id: 0x9988580f, L:/127.0.0.1:57328 - R:localhost/127.0.0.1:55262]
21:13:34.438 [main] DEBUG net.serenitybdd.core.photography.Darkroom - Send negative for processing for target\site\serenity\5bea9d336a5fbad843dfda255b53fca639bbe30614a7b8fad5e5f6834a88bb5b.png
21:13:34.438 [main] DEBUG net.thucydides.core.steps.StepInterceptor - STEP DONE: clickItems2
21:13:34.439 [Darkroom Processing Line] DEBUG net.serenitybdd.core.photography.DarkroomProcessingLine - Processing screenshot image in /var/screenshots/screenshot-8507418203026901847
21:13:34.440 [Darkroom Processing Line] DEBUG net.serenitybdd.core.photography.DarkroomProcessingLine - Saving screenshot to target\site\serenity\5bea9d336a5fbad843dfda255b53fca639bbe30614a7b8fad5e5f6834a88bb5b.png
21:13:34.448 [main] DEBUG net.thucydides.core.steps.StepInterceptor - STARTING STEP: TransactionSteps.userClickItems - clickItems2
21:13:34.453 [Forwarding findElement on session b96db7b2f3a4c38c3a667e13a3963ce9 to remote] DEBUG org.asynchttpclient.netty.request.NettyRequestSender - Using pooled Channel '[id: 0x9988580f, L:/127.0.0.1:57328 - R:localhost/127.0.0.1:55262]' for 'POST' to 'http://localhost:55262/session/b96db7b2f3a4c38c3a667e13a3963ce9/element'
21:13:34.453 [Forwarding findElement on session b96db7b2f3a4c38c3a667e13a3963ce9 to remote] DEBUG org.asynchttpclient.netty.request.NettyRequestSender - Using open Channel [id: 0x9988580f, L:/127.0.0.1:57328 - R:localhost/127.0.0.1:55262] for POST '/session/b96db7b2f3a4c38c3a667e13a3963ce9/element'
21:13:34.468 [AsyncHttpClient-1-4] DEBUG org.asynchttpclient.netty.handler.HttpHandler - 

Request DefaultHttpRequest(decodeResult: success, version: HTTP/1.1)
POST /session/b96db7b2f3a4c38c3a667e13a3963ce9/element HTTP/1.1
User-Agent: selenium/4.1.2 (java windows)
Content-Length: 150
Content-Type: application/json; charset=utf-8
host: localhost:55262
accept: */*

Response DefaultHttpResponse(decodeResult: success, version: HTTP/1.1)
HTTP/1.1 200 OK
Content-Type: application/json; charset=utf-8
cache-control: no-cache
content-length: 88

21:13:34.468 [AsyncHttpClient-1-4] DEBUG org.asynchttpclient.netty.channel.ChannelManager - Adding key: http://localhost:55262 for channel [id: 0x9988580f, L:/127.0.0.1:57328 - R:localhost/127.0.0.1:55262]
21:13:34.470 [Forwarding getElementTagName on session b96db7b2f3a4c38c3a667e13a3963ce9 to remote] DEBUG org.asynchttpclient.netty.request.NettyRequestSender - Using pooled Channel '[id: 0x9988580f, L:/127.0.0.1:57328 - R:localhost/127.0.0.1:55262]' for 'GET' to 'http://localhost:55262/session/b96db7b2f3a4c38c3a667e13a3963ce9/element/fe573a0d-1b17-40e5-8c76-2e29f377ec0b/name'
21:13:34.470 [Forwarding getElementTagName on session b96db7b2f3a4c38c3a667e13a3963ce9 to remote] DEBUG org.asynchttpclient.netty.request.NettyRequestSender - Using open Channel [id: 0x9988580f, L:/127.0.0.1:57328 - R:localhost/127.0.0.1:55262] for GET '/session/b96db7b2f3a4c38c3a667e13a3963ce9/element/fe573a0d-1b17-40e5-8c76-2e29f377ec0b/name'
21:13:34.474 [AsyncHttpClient-1-4] DEBUG org.asynchttpclient.netty.handler.HttpHandler - 

Request DefaultFullHttpRequest(decodeResult: success, version: HTTP/1.1, content: EmptyByteBufBE)
GET /session/b96db7b2f3a4c38c3a667e13a3963ce9/element/fe573a0d-1b17-40e5-8c76-2e29f377ec0b/name HTTP/1.1
User-Agent: selenium/4.1.2 (java windows)
Cache-Control: no-cache
Content-Type: application/json; charset=utf-8
host: localhost:55262
accept: */*

Response DefaultHttpResponse(decodeResult: success, version: HTTP/1.1)
HTTP/1.1 200 OK
Content-Type: application/json; charset=utf-8
cache-control: no-cache
content-length: 18

21:13:34.475 [AsyncHttpClient-1-4] DEBUG org.asynchttpclient.netty.channel.ChannelManager - Adding key: http://localhost:55262 for channel [id: 0x9988580f, L:/127.0.0.1:57328 - R:localhost/127.0.0.1:55262]
21:13:34.476 [Forwarding getElementTagName on session b96db7b2f3a4c38c3a667e13a3963ce9 to remote] DEBUG org.asynchttpclient.netty.request.NettyRequestSender - Using pooled Channel '[id: 0x9988580f, L:/127.0.0.1:57328 - R:localhost/127.0.0.1:55262]' for 'GET' to 'http://localhost:55262/session/b96db7b2f3a4c38c3a667e13a3963ce9/element/fe573a0d-1b17-40e5-8c76-2e29f377ec0b/name'
21:13:34.476 [Forwarding getElementTagName on session b96db7b2f3a4c38c3a667e13a3963ce9 to remote] DEBUG org.asynchttpclient.netty.request.NettyRequestSender - Using open Channel [id: 0x9988580f, L:/127.0.0.1:57328 - R:localhost/127.0.0.1:55262] for GET '/session/b96db7b2f3a4c38c3a667e13a3963ce9/element/fe573a0d-1b17-40e5-8c76-2e29f377ec0b/name'
21:13:34.480 [AsyncHttpClient-1-4] DEBUG org.asynchttpclient.netty.handler.HttpHandler - 

Request DefaultFullHttpRequest(decodeResult: success, version: HTTP/1.1, content: EmptyByteBufBE)
GET /session/b96db7b2f3a4c38c3a667e13a3963ce9/element/fe573a0d-1b17-40e5-8c76-2e29f377ec0b/name HTTP/1.1
User-Agent: selenium/4.1.2 (java windows)
Cache-Control: no-cache
Content-Type: application/json; charset=utf-8
host: localhost:55262
accept: */*

Response DefaultHttpResponse(decodeResult: success, version: HTTP/1.1)
HTTP/1.1 200 OK
Content-Type: application/json; charset=utf-8
cache-control: no-cache
content-length: 18

21:13:34.480 [AsyncHttpClient-1-4] DEBUG org.asynchttpclient.netty.channel.ChannelManager - Adding key: http://localhost:55262 for channel [id: 0x9988580f, L:/127.0.0.1:57328 - R:localhost/127.0.0.1:55262]
21:13:34.483 [Forwarding isElementEnabled on session b96db7b2f3a4c38c3a667e13a3963ce9 to remote] DEBUG org.asynchttpclient.netty.request.NettyRequestSender - Using pooled Channel '[id: 0x9988580f, L:/127.0.0.1:57328 - R:localhost/127.0.0.1:55262]' for 'GET' to 'http://localhost:55262/session/b96db7b2f3a4c38c3a667e13a3963ce9/element/fe573a0d-1b17-40e5-8c76-2e29f377ec0b/enabled'
21:13:34.483 [Forwarding isElementEnabled on session b96db7b2f3a4c38c3a667e13a3963ce9 to remote] DEBUG org.asynchttpclient.netty.request.NettyRequestSender - Using open Channel [id: 0x9988580f, L:/127.0.0.1:57328 - R:localhost/127.0.0.1:55262] for GET '/session/b96db7b2f3a4c38c3a667e13a3963ce9/element/fe573a0d-1b17-40e5-8c76-2e29f377ec0b/enabled'
21:13:34.489 [AsyncHttpClient-1-4] DEBUG org.asynchttpclient.netty.handler.HttpHandler - 

Request DefaultFullHttpRequest(decodeResult: success, version: HTTP/1.1, content: EmptyByteBufBE)
GET /session/b96db7b2f3a4c38c3a667e13a3963ce9/element/fe573a0d-1b17-40e5-8c76-2e29f377ec0b/enabled HTTP/1.1
User-Agent: selenium/4.1.2 (java windows)
Cache-Control: no-cache
Content-Type: application/json; charset=utf-8
host: localhost:55262
accept: */*

Response DefaultHttpResponse(decodeResult: success, version: HTTP/1.1)
HTTP/1.1 200 OK
Content-Type: application/json; charset=utf-8
cache-control: no-cache
content-length: 14

21:13:34.489 [AsyncHttpClient-1-4] DEBUG org.asynchttpclient.netty.channel.ChannelManager - Adding key: http://localhost:55262 for channel [id: 0x9988580f, L:/127.0.0.1:57328 - R:localhost/127.0.0.1:55262]
21:13:34.490 [Forwarding isElementEnabled on session b96db7b2f3a4c38c3a667e13a3963ce9 to remote] DEBUG org.asynchttpclient.netty.request.NettyRequestSender - Using pooled Channel '[id: 0x9988580f, L:/127.0.0.1:57328 - R:localhost/127.0.0.1:55262]' for 'GET' to 'http://localhost:55262/session/b96db7b2f3a4c38c3a667e13a3963ce9/element/fe573a0d-1b17-40e5-8c76-2e29f377ec0b/enabled'
21:13:34.491 [Forwarding isElementEnabled on session b96db7b2f3a4c38c3a667e13a3963ce9 to remote] DEBUG org.asynchttpclient.netty.request.NettyRequestSender - Using open Channel [id: 0x9988580f, L:/127.0.0.1:57328 - R:localhost/127.0.0.1:55262] for GET '/session/b96db7b2f3a4c38c3a667e13a3963ce9/element/fe573a0d-1b17-40e5-8c76-2e29f377ec0b/enabled'
21:13:34.496 [AsyncHttpClient-1-4] DEBUG org.asynchttpclient.netty.handler.HttpHandler - 

Request DefaultFullHttpRequest(decodeResult: success, version: HTTP/1.1, content: EmptyByteBufBE)
GET /session/b96db7b2f3a4c38c3a667e13a3963ce9/element/fe573a0d-1b17-40e5-8c76-2e29f377ec0b/enabled HTTP/1.1
User-Agent: selenium/4.1.2 (java windows)
Cache-Control: no-cache
Content-Type: application/json; charset=utf-8
host: localhost:55262
accept: */*

Response DefaultHttpResponse(decodeResult: success, version: HTTP/1.1)
HTTP/1.1 200 OK
Content-Type: application/json; charset=utf-8
cache-control: no-cache
content-length: 14

21:13:34.496 [AsyncHttpClient-1-4] DEBUG org.asynchttpclient.netty.channel.ChannelManager - Adding key: http://localhost:55262 for channel [id: 0x9988580f, L:/127.0.0.1:57328 - R:localhost/127.0.0.1:55262]
21:13:34.498 [Forwarding findElement on session b96db7b2f3a4c38c3a667e13a3963ce9 to remote] DEBUG org.asynchttpclient.netty.request.NettyRequestSender - Using pooled Channel '[id: 0x9988580f, L:/127.0.0.1:57328 - R:localhost/127.0.0.1:55262]' for 'POST' to 'http://localhost:55262/session/b96db7b2f3a4c38c3a667e13a3963ce9/element'
21:13:34.498 [Forwarding findElement on session b96db7b2f3a4c38c3a667e13a3963ce9 to remote] DEBUG org.asynchttpclient.netty.request.NettyRequestSender - Using open Channel [id: 0x9988580f, L:/127.0.0.1:57328 - R:localhost/127.0.0.1:55262] for POST '/session/b96db7b2f3a4c38c3a667e13a3963ce9/element'
21:13:34.508 [AsyncHttpClient-1-4] DEBUG org.asynchttpclient.netty.handler.HttpHandler - 

Request DefaultHttpRequest(decodeResult: success, version: HTTP/1.1)
POST /session/b96db7b2f3a4c38c3a667e13a3963ce9/element HTTP/1.1
User-Agent: selenium/4.1.2 (java windows)
Content-Length: 150
Content-Type: application/json; charset=utf-8
host: localhost:55262
accept: */*

Response DefaultHttpResponse(decodeResult: success, version: HTTP/1.1)
HTTP/1.1 200 OK
Content-Type: application/json; charset=utf-8
cache-control: no-cache
content-length: 88

21:13:34.509 [AsyncHttpClient-1-4] DEBUG org.asynchttpclient.netty.channel.ChannelManager - Adding key: http://localhost:55262 for channel [id: 0x9988580f, L:/127.0.0.1:57328 - R:localhost/127.0.0.1:55262]
21:13:34.510 [Forwarding clickElement on session b96db7b2f3a4c38c3a667e13a3963ce9 to remote] DEBUG org.asynchttpclient.netty.request.NettyRequestSender - Using pooled Channel '[id: 0x9988580f, L:/127.0.0.1:57328 - R:localhost/127.0.0.1:55262]' for 'POST' to 'http://localhost:55262/session/b96db7b2f3a4c38c3a667e13a3963ce9/element/fe573a0d-1b17-40e5-8c76-2e29f377ec0b/click'
21:13:34.510 [Forwarding clickElement on session b96db7b2f3a4c38c3a667e13a3963ce9 to remote] DEBUG org.asynchttpclient.netty.request.NettyRequestSender - Using open Channel [id: 0x9988580f, L:/127.0.0.1:57328 - R:localhost/127.0.0.1:55262] for POST '/session/b96db7b2f3a4c38c3a667e13a3963ce9/element/fe573a0d-1b17-40e5-8c76-2e29f377ec0b/click'
21:13:34.574 [AsyncHttpClient-1-4] DEBUG org.asynchttpclient.netty.handler.HttpHandler - 

Request DefaultHttpRequest(decodeResult: success, version: HTTP/1.1)
POST /session/b96db7b2f3a4c38c3a667e13a3963ce9/element/fe573a0d-1b17-40e5-8c76-2e29f377ec0b/click HTTP/1.1
User-Agent: selenium/4.1.2 (java windows)
Content-Length: 50
Content-Type: application/json; charset=utf-8
host: localhost:55262
accept: */*

Response DefaultHttpResponse(decodeResult: success, version: HTTP/1.1)
HTTP/1.1 200 OK
Content-Type: application/json; charset=utf-8
cache-control: no-cache
content-length: 14

21:13:34.574 [AsyncHttpClient-1-4] DEBUG org.asynchttpclient.netty.channel.ChannelManager - Adding key: http://localhost:55262 for channel [id: 0x9988580f, L:/127.0.0.1:57328 - R:localhost/127.0.0.1:55262]
21:13:34.583 [Forwarding screenshot on session b96db7b2f3a4c38c3a667e13a3963ce9 to remote] DEBUG org.asynchttpclient.netty.request.NettyRequestSender - Using pooled Channel '[id: 0x9988580f, L:/127.0.0.1:57328 - R:localhost/127.0.0.1:55262]' for 'GET' to 'http://localhost:55262/session/b96db7b2f3a4c38c3a667e13a3963ce9/screenshot'
21:13:34.583 [Forwarding screenshot on session b96db7b2f3a4c38c3a667e13a3963ce9 to remote] DEBUG org.asynchttpclient.netty.request.NettyRequestSender - Using open Channel [id: 0x9988580f, L:/127.0.0.1:57328 - R:localhost/127.0.0.1:55262] for GET '/session/b96db7b2f3a4c38c3a667e13a3963ce9/screenshot'
21:13:34.771 [AsyncHttpClient-1-4] DEBUG org.asynchttpclient.netty.handler.HttpHandler - 

Request DefaultFullHttpRequest(decodeResult: success, version: HTTP/1.1, content: EmptyByteBufBE)
GET /session/b96db7b2f3a4c38c3a667e13a3963ce9/screenshot HTTP/1.1
User-Agent: selenium/4.1.2 (java windows)
Cache-Control: no-cache
Content-Type: application/json; charset=utf-8
host: localhost:55262
accept: */*

Response DefaultHttpResponse(decodeResult: success, version: HTTP/1.1)
HTTP/1.1 200 OK
Content-Type: application/json; charset=utf-8
cache-control: no-cache
content-length: 90304

21:13:34.772 [AsyncHttpClient-1-4] DEBUG org.asynchttpclient.netty.channel.ChannelManager - Adding key: http://localhost:55262 for channel [id: 0x9988580f, L:/127.0.0.1:57328 - R:localhost/127.0.0.1:55262]
21:13:34.776 [main] DEBUG net.serenitybdd.core.photography.Darkroom - Send negative for processing for target\site\serenity\3c1e0640e5e73dec2c076c68907b3a558ea291064afe91db1a47df6e557b5d4e.png
21:13:34.777 [main] DEBUG net.thucydides.core.steps.StepInterceptor - STEP DONE: clickItems2
21:13:34.777 [Darkroom Processing Line] DEBUG net.serenitybdd.core.photography.DarkroomProcessingLine - Processing screenshot image in /var/screenshots/screenshot-4509800476576605882
21:13:34.777 [Darkroom Processing Line] DEBUG net.serenitybdd.core.photography.DarkroomProcessingLine - Saving screenshot to target\site\serenity\3c1e0640e5e73dec2c076c68907b3a558ea291064afe91db1a47df6e557b5d4e.png
21:13:34.784 [main] DEBUG net.thucydides.core.steps.StepInterceptor - STARTING STEP: TransactionSteps.userClickItems - clickItems3
21:13:34.790 [Forwarding findElement on session b96db7b2f3a4c38c3a667e13a3963ce9 to remote] DEBUG org.asynchttpclient.netty.request.NettyRequestSender - Using pooled Channel '[id: 0x9988580f, L:/127.0.0.1:57328 - R:localhost/127.0.0.1:55262]' for 'POST' to 'http://localhost:55262/session/b96db7b2f3a4c38c3a667e13a3963ce9/element'
21:13:34.790 [Forwarding findElement on session b96db7b2f3a4c38c3a667e13a3963ce9 to remote] DEBUG org.asynchttpclient.netty.request.NettyRequestSender - Using open Channel [id: 0x9988580f, L:/127.0.0.1:57328 - R:localhost/127.0.0.1:55262] for POST '/session/b96db7b2f3a4c38c3a667e13a3963ce9/element'
21:13:34.812 [AsyncHttpClient-1-4] DEBUG org.asynchttpclient.netty.handler.HttpHandler - 

Request DefaultHttpRequest(decodeResult: success, version: HTTP/1.1)
POST /session/b96db7b2f3a4c38c3a667e13a3963ce9/element HTTP/1.1
User-Agent: selenium/4.1.2 (java windows)
Content-Length: 150
Content-Type: application/json; charset=utf-8
host: localhost:55262
accept: */*

Response DefaultHttpResponse(decodeResult: success, version: HTTP/1.1)
HTTP/1.1 200 OK
Content-Type: application/json; charset=utf-8
cache-control: no-cache
content-length: 88

21:13:34.812 [AsyncHttpClient-1-4] DEBUG org.asynchttpclient.netty.channel.ChannelManager - Adding key: http://localhost:55262 for channel [id: 0x9988580f, L:/127.0.0.1:57328 - R:localhost/127.0.0.1:55262]
21:13:34.814 [Forwarding getElementTagName on session b96db7b2f3a4c38c3a667e13a3963ce9 to remote] DEBUG org.asynchttpclient.netty.request.NettyRequestSender - Using pooled Channel '[id: 0x9988580f, L:/127.0.0.1:57328 - R:localhost/127.0.0.1:55262]' for 'GET' to 'http://localhost:55262/session/b96db7b2f3a4c38c3a667e13a3963ce9/element/db74455d-204a-4d05-a3f0-494b3fda30a7/name'
21:13:34.814 [Forwarding getElementTagName on session b96db7b2f3a4c38c3a667e13a3963ce9 to remote] DEBUG org.asynchttpclient.netty.request.NettyRequestSender - Using open Channel [id: 0x9988580f, L:/127.0.0.1:57328 - R:localhost/127.0.0.1:55262] for GET '/session/b96db7b2f3a4c38c3a667e13a3963ce9/element/db74455d-204a-4d05-a3f0-494b3fda30a7/name'
21:13:34.819 [AsyncHttpClient-1-4] DEBUG org.asynchttpclient.netty.handler.HttpHandler - 

Request DefaultFullHttpRequest(decodeResult: success, version: HTTP/1.1, content: EmptyByteBufBE)
GET /session/b96db7b2f3a4c38c3a667e13a3963ce9/element/db74455d-204a-4d05-a3f0-494b3fda30a7/name HTTP/1.1
User-Agent: selenium/4.1.2 (java windows)
Cache-Control: no-cache
Content-Type: application/json; charset=utf-8
host: localhost:55262
accept: */*

Response DefaultHttpResponse(decodeResult: success, version: HTTP/1.1)
HTTP/1.1 200 OK
Content-Type: application/json; charset=utf-8
cache-control: no-cache
content-length: 18

21:13:34.819 [AsyncHttpClient-1-4] DEBUG org.asynchttpclient.netty.channel.ChannelManager - Adding key: http://localhost:55262 for channel [id: 0x9988580f, L:/127.0.0.1:57328 - R:localhost/127.0.0.1:55262]
21:13:34.821 [Forwarding getElementTagName on session b96db7b2f3a4c38c3a667e13a3963ce9 to remote] DEBUG org.asynchttpclient.netty.request.NettyRequestSender - Using pooled Channel '[id: 0x9988580f, L:/127.0.0.1:57328 - R:localhost/127.0.0.1:55262]' for 'GET' to 'http://localhost:55262/session/b96db7b2f3a4c38c3a667e13a3963ce9/element/db74455d-204a-4d05-a3f0-494b3fda30a7/name'
21:13:34.821 [Forwarding getElementTagName on session b96db7b2f3a4c38c3a667e13a3963ce9 to remote] DEBUG org.asynchttpclient.netty.request.NettyRequestSender - Using open Channel [id: 0x9988580f, L:/127.0.0.1:57328 - R:localhost/127.0.0.1:55262] for GET '/session/b96db7b2f3a4c38c3a667e13a3963ce9/element/db74455d-204a-4d05-a3f0-494b3fda30a7/name'
21:13:34.844 [AsyncHttpClient-1-4] DEBUG org.asynchttpclient.netty.handler.HttpHandler - 

Request DefaultFullHttpRequest(decodeResult: success, version: HTTP/1.1, content: EmptyByteBufBE)
GET /session/b96db7b2f3a4c38c3a667e13a3963ce9/element/db74455d-204a-4d05-a3f0-494b3fda30a7/name HTTP/1.1
User-Agent: selenium/4.1.2 (java windows)
Cache-Control: no-cache
Content-Type: application/json; charset=utf-8
host: localhost:55262
accept: */*

Response DefaultHttpResponse(decodeResult: success, version: HTTP/1.1)
HTTP/1.1 200 OK
Content-Type: application/json; charset=utf-8
cache-control: no-cache
content-length: 18

21:13:34.845 [AsyncHttpClient-1-4] DEBUG org.asynchttpclient.netty.channel.ChannelManager - Adding key: http://localhost:55262 for channel [id: 0x9988580f, L:/127.0.0.1:57328 - R:localhost/127.0.0.1:55262]
21:13:34.847 [Forwarding isElementEnabled on session b96db7b2f3a4c38c3a667e13a3963ce9 to remote] DEBUG org.asynchttpclient.netty.request.NettyRequestSender - Using pooled Channel '[id: 0x9988580f, L:/127.0.0.1:57328 - R:localhost/127.0.0.1:55262]' for 'GET' to 'http://localhost:55262/session/b96db7b2f3a4c38c3a667e13a3963ce9/element/db74455d-204a-4d05-a3f0-494b3fda30a7/enabled'
21:13:34.847 [Forwarding isElementEnabled on session b96db7b2f3a4c38c3a667e13a3963ce9 to remote] DEBUG org.asynchttpclient.netty.request.NettyRequestSender - Using open Channel [id: 0x9988580f, L:/127.0.0.1:57328 - R:localhost/127.0.0.1:55262] for GET '/session/b96db7b2f3a4c38c3a667e13a3963ce9/element/db74455d-204a-4d05-a3f0-494b3fda30a7/enabled'
21:13:34.857 [AsyncHttpClient-1-4] DEBUG org.asynchttpclient.netty.handler.HttpHandler - 

Request DefaultFullHttpRequest(decodeResult: success, version: HTTP/1.1, content: EmptyByteBufBE)
GET /session/b96db7b2f3a4c38c3a667e13a3963ce9/element/db74455d-204a-4d05-a3f0-494b3fda30a7/enabled HTTP/1.1
User-Agent: selenium/4.1.2 (java windows)
Cache-Control: no-cache
Content-Type: application/json; charset=utf-8
host: localhost:55262
accept: */*

Response DefaultHttpResponse(decodeResult: success, version: HTTP/1.1)
HTTP/1.1 200 OK
Content-Type: application/json; charset=utf-8
cache-control: no-cache
content-length: 14

21:13:34.857 [AsyncHttpClient-1-4] DEBUG org.asynchttpclient.netty.channel.ChannelManager - Adding key: http://localhost:55262 for channel [id: 0x9988580f, L:/127.0.0.1:57328 - R:localhost/127.0.0.1:55262]
21:13:34.859 [Forwarding isElementEnabled on session b96db7b2f3a4c38c3a667e13a3963ce9 to remote] DEBUG org.asynchttpclient.netty.request.NettyRequestSender - Using pooled Channel '[id: 0x9988580f, L:/127.0.0.1:57328 - R:localhost/127.0.0.1:55262]' for 'GET' to 'http://localhost:55262/session/b96db7b2f3a4c38c3a667e13a3963ce9/element/db74455d-204a-4d05-a3f0-494b3fda30a7/enabled'
21:13:34.859 [Forwarding isElementEnabled on session b96db7b2f3a4c38c3a667e13a3963ce9 to remote] DEBUG org.asynchttpclient.netty.request.NettyRequestSender - Using open Channel [id: 0x9988580f, L:/127.0.0.1:57328 - R:localhost/127.0.0.1:55262] for GET '/session/b96db7b2f3a4c38c3a667e13a3963ce9/element/db74455d-204a-4d05-a3f0-494b3fda30a7/enabled'
21:13:34.872 [AsyncHttpClient-1-4] DEBUG org.asynchttpclient.netty.handler.HttpHandler - 

Request DefaultFullHttpRequest(decodeResult: success, version: HTTP/1.1, content: EmptyByteBufBE)
GET /session/b96db7b2f3a4c38c3a667e13a3963ce9/element/db74455d-204a-4d05-a3f0-494b3fda30a7/enabled HTTP/1.1
User-Agent: selenium/4.1.2 (java windows)
Cache-Control: no-cache
Content-Type: application/json; charset=utf-8
host: localhost:55262
accept: */*

Response DefaultHttpResponse(decodeResult: success, version: HTTP/1.1)
HTTP/1.1 200 OK
Content-Type: application/json; charset=utf-8
cache-control: no-cache
content-length: 14

21:13:34.872 [AsyncHttpClient-1-4] DEBUG org.asynchttpclient.netty.channel.ChannelManager - Adding key: http://localhost:55262 for channel [id: 0x9988580f, L:/127.0.0.1:57328 - R:localhost/127.0.0.1:55262]
21:13:34.875 [Forwarding findElement on session b96db7b2f3a4c38c3a667e13a3963ce9 to remote] DEBUG org.asynchttpclient.netty.request.NettyRequestSender - Using pooled Channel '[id: 0x9988580f, L:/127.0.0.1:57328 - R:localhost/127.0.0.1:55262]' for 'POST' to 'http://localhost:55262/session/b96db7b2f3a4c38c3a667e13a3963ce9/element'
21:13:34.875 [Forwarding findElement on session b96db7b2f3a4c38c3a667e13a3963ce9 to remote] DEBUG org.asynchttpclient.netty.request.NettyRequestSender - Using open Channel [id: 0x9988580f, L:/127.0.0.1:57328 - R:localhost/127.0.0.1:55262] for POST '/session/b96db7b2f3a4c38c3a667e13a3963ce9/element'
21:13:34.894 [AsyncHttpClient-1-4] DEBUG org.asynchttpclient.netty.handler.HttpHandler - 

Request DefaultHttpRequest(decodeResult: success, version: HTTP/1.1)
POST /session/b96db7b2f3a4c38c3a667e13a3963ce9/element HTTP/1.1
User-Agent: selenium/4.1.2 (java windows)
Content-Length: 150
Content-Type: application/json; charset=utf-8
host: localhost:55262
accept: */*

Response DefaultHttpResponse(decodeResult: success, version: HTTP/1.1)
HTTP/1.1 200 OK
Content-Type: application/json; charset=utf-8
cache-control: no-cache
content-length: 88

21:13:34.894 [AsyncHttpClient-1-4] DEBUG org.asynchttpclient.netty.channel.ChannelManager - Adding key: http://localhost:55262 for channel [id: 0x9988580f, L:/127.0.0.1:57328 - R:localhost/127.0.0.1:55262]
21:13:34.896 [Forwarding clickElement on session b96db7b2f3a4c38c3a667e13a3963ce9 to remote] DEBUG org.asynchttpclient.netty.request.NettyRequestSender - Using pooled Channel '[id: 0x9988580f, L:/127.0.0.1:57328 - R:localhost/127.0.0.1:55262]' for 'POST' to 'http://localhost:55262/session/b96db7b2f3a4c38c3a667e13a3963ce9/element/db74455d-204a-4d05-a3f0-494b3fda30a7/click'
21:13:34.897 [Forwarding clickElement on session b96db7b2f3a4c38c3a667e13a3963ce9 to remote] DEBUG org.asynchttpclient.netty.request.NettyRequestSender - Using open Channel [id: 0x9988580f, L:/127.0.0.1:57328 - R:localhost/127.0.0.1:55262] for POST '/session/b96db7b2f3a4c38c3a667e13a3963ce9/element/db74455d-204a-4d05-a3f0-494b3fda30a7/click'
21:13:34.985 [AsyncHttpClient-1-4] DEBUG org.asynchttpclient.netty.handler.HttpHandler - 

Request DefaultHttpRequest(decodeResult: success, version: HTTP/1.1)
POST /session/b96db7b2f3a4c38c3a667e13a3963ce9/element/db74455d-204a-4d05-a3f0-494b3fda30a7/click HTTP/1.1
User-Agent: selenium/4.1.2 (java windows)
Content-Length: 50
Content-Type: application/json; charset=utf-8
host: localhost:55262
accept: */*

Response DefaultHttpResponse(decodeResult: success, version: HTTP/1.1)
HTTP/1.1 200 OK
Content-Type: application/json; charset=utf-8
cache-control: no-cache
content-length: 14

21:13:34.985 [AsyncHttpClient-1-4] DEBUG org.asynchttpclient.netty.channel.ChannelManager - Adding key: http://localhost:55262 for channel [id: 0x9988580f, L:/127.0.0.1:57328 - R:localhost/127.0.0.1:55262]
21:13:34.995 [Forwarding screenshot on session b96db7b2f3a4c38c3a667e13a3963ce9 to remote] DEBUG org.asynchttpclient.netty.request.NettyRequestSender - Using pooled Channel '[id: 0x9988580f, L:/127.0.0.1:57328 - R:localhost/127.0.0.1:55262]' for 'GET' to 'http://localhost:55262/session/b96db7b2f3a4c38c3a667e13a3963ce9/screenshot'
21:13:34.995 [Forwarding screenshot on session b96db7b2f3a4c38c3a667e13a3963ce9 to remote] DEBUG org.asynchttpclient.netty.request.NettyRequestSender - Using open Channel [id: 0x9988580f, L:/127.0.0.1:57328 - R:localhost/127.0.0.1:55262] for GET '/session/b96db7b2f3a4c38c3a667e13a3963ce9/screenshot'
21:13:35.180 [AsyncHttpClient-1-4] DEBUG org.asynchttpclient.netty.handler.HttpHandler - 

Request DefaultFullHttpRequest(decodeResult: success, version: HTTP/1.1, content: EmptyByteBufBE)
GET /session/b96db7b2f3a4c38c3a667e13a3963ce9/screenshot HTTP/1.1
User-Agent: selenium/4.1.2 (java windows)
Cache-Control: no-cache
Content-Type: application/json; charset=utf-8
host: localhost:55262
accept: */*

Response DefaultHttpResponse(decodeResult: success, version: HTTP/1.1)
HTTP/1.1 200 OK
Content-Type: application/json; charset=utf-8
cache-control: no-cache
content-length: 90896

21:13:35.181 [AsyncHttpClient-1-4] DEBUG org.asynchttpclient.netty.channel.ChannelManager - Adding key: http://localhost:55262 for channel [id: 0x9988580f, L:/127.0.0.1:57328 - R:localhost/127.0.0.1:55262]
21:13:35.185 [main] DEBUG net.serenitybdd.core.photography.Darkroom - Send negative for processing for target\site\serenity\f0586a93dbae69000095e4025247761b57e7631517407f92c019035afc83ce29.png
21:13:35.186 [main] DEBUG net.thucydides.core.steps.StepInterceptor - STEP DONE: clickItems3
21:13:35.186 [Darkroom Processing Line] DEBUG net.serenitybdd.core.photography.DarkroomProcessingLine - Processing screenshot image in /var/screenshots/screenshot-4568050405257636931
21:13:35.186 [Darkroom Processing Line] DEBUG net.serenitybdd.core.photography.DarkroomProcessingLine - Saving screenshot to target\site\serenity\f0586a93dbae69000095e4025247761b57e7631517407f92c019035afc83ce29.png
21:13:35.194 [main] DEBUG net.thucydides.core.steps.StepInterceptor - STARTING STEP: TransactionSteps.userClickItems - clickItems3
21:13:35.201 [Forwarding findElement on session b96db7b2f3a4c38c3a667e13a3963ce9 to remote] DEBUG org.asynchttpclient.netty.request.NettyRequestSender - Using pooled Channel '[id: 0x9988580f, L:/127.0.0.1:57328 - R:localhost/127.0.0.1:55262]' for 'POST' to 'http://localhost:55262/session/b96db7b2f3a4c38c3a667e13a3963ce9/element'
21:13:35.201 [Forwarding findElement on session b96db7b2f3a4c38c3a667e13a3963ce9 to remote] DEBUG org.asynchttpclient.netty.request.NettyRequestSender - Using open Channel [id: 0x9988580f, L:/127.0.0.1:57328 - R:localhost/127.0.0.1:55262] for POST '/session/b96db7b2f3a4c38c3a667e13a3963ce9/element'
21:13:35.217 [AsyncHttpClient-1-4] DEBUG org.asynchttpclient.netty.handler.HttpHandler - 

Request DefaultHttpRequest(decodeResult: success, version: HTTP/1.1)
POST /session/b96db7b2f3a4c38c3a667e13a3963ce9/element HTTP/1.1
User-Agent: selenium/4.1.2 (java windows)
Content-Length: 150
Content-Type: application/json; charset=utf-8
host: localhost:55262
accept: */*

Response DefaultHttpResponse(decodeResult: success, version: HTTP/1.1)
HTTP/1.1 200 OK
Content-Type: application/json; charset=utf-8
cache-control: no-cache
content-length: 88

21:13:35.217 [AsyncHttpClient-1-4] DEBUG org.asynchttpclient.netty.channel.ChannelManager - Adding key: http://localhost:55262 for channel [id: 0x9988580f, L:/127.0.0.1:57328 - R:localhost/127.0.0.1:55262]
21:13:35.218 [Forwarding getElementTagName on session b96db7b2f3a4c38c3a667e13a3963ce9 to remote] DEBUG org.asynchttpclient.netty.request.NettyRequestSender - Using pooled Channel '[id: 0x9988580f, L:/127.0.0.1:57328 - R:localhost/127.0.0.1:55262]' for 'GET' to 'http://localhost:55262/session/b96db7b2f3a4c38c3a667e13a3963ce9/element/db74455d-204a-4d05-a3f0-494b3fda30a7/name'
21:13:35.218 [Forwarding getElementTagName on session b96db7b2f3a4c38c3a667e13a3963ce9 to remote] DEBUG org.asynchttpclient.netty.request.NettyRequestSender - Using open Channel [id: 0x9988580f, L:/127.0.0.1:57328 - R:localhost/127.0.0.1:55262] for GET '/session/b96db7b2f3a4c38c3a667e13a3963ce9/element/db74455d-204a-4d05-a3f0-494b3fda30a7/name'
21:13:35.222 [AsyncHttpClient-1-4] DEBUG org.asynchttpclient.netty.handler.HttpHandler - 

Request DefaultFullHttpRequest(decodeResult: success, version: HTTP/1.1, content: EmptyByteBufBE)
GET /session/b96db7b2f3a4c38c3a667e13a3963ce9/element/db74455d-204a-4d05-a3f0-494b3fda30a7/name HTTP/1.1
User-Agent: selenium/4.1.2 (java windows)
Cache-Control: no-cache
Content-Type: application/json; charset=utf-8
host: localhost:55262
accept: */*

Response DefaultHttpResponse(decodeResult: success, version: HTTP/1.1)
HTTP/1.1 200 OK
Content-Type: application/json; charset=utf-8
cache-control: no-cache
content-length: 18

21:13:35.222 [AsyncHttpClient-1-4] DEBUG org.asynchttpclient.netty.channel.ChannelManager - Adding key: http://localhost:55262 for channel [id: 0x9988580f, L:/127.0.0.1:57328 - R:localhost/127.0.0.1:55262]
21:13:35.224 [Forwarding getElementTagName on session b96db7b2f3a4c38c3a667e13a3963ce9 to remote] DEBUG org.asynchttpclient.netty.request.NettyRequestSender - Using pooled Channel '[id: 0x9988580f, L:/127.0.0.1:57328 - R:localhost/127.0.0.1:55262]' for 'GET' to 'http://localhost:55262/session/b96db7b2f3a4c38c3a667e13a3963ce9/element/db74455d-204a-4d05-a3f0-494b3fda30a7/name'
21:13:35.224 [Forwarding getElementTagName on session b96db7b2f3a4c38c3a667e13a3963ce9 to remote] DEBUG org.asynchttpclient.netty.request.NettyRequestSender - Using open Channel [id: 0x9988580f, L:/127.0.0.1:57328 - R:localhost/127.0.0.1:55262] for GET '/session/b96db7b2f3a4c38c3a667e13a3963ce9/element/db74455d-204a-4d05-a3f0-494b3fda30a7/name'
21:13:35.232 [AsyncHttpClient-1-4] DEBUG org.asynchttpclient.netty.handler.HttpHandler - 

Request DefaultFullHttpRequest(decodeResult: success, version: HTTP/1.1, content: EmptyByteBufBE)
GET /session/b96db7b2f3a4c38c3a667e13a3963ce9/element/db74455d-204a-4d05-a3f0-494b3fda30a7/name HTTP/1.1
User-Agent: selenium/4.1.2 (java windows)
Cache-Control: no-cache
Content-Type: application/json; charset=utf-8
host: localhost:55262
accept: */*

Response DefaultHttpResponse(decodeResult: success, version: HTTP/1.1)
HTTP/1.1 200 OK
Content-Type: application/json; charset=utf-8
cache-control: no-cache
content-length: 18

21:13:35.233 [AsyncHttpClient-1-4] DEBUG org.asynchttpclient.netty.channel.ChannelManager - Adding key: http://localhost:55262 for channel [id: 0x9988580f, L:/127.0.0.1:57328 - R:localhost/127.0.0.1:55262]
21:13:35.235 [Forwarding isElementEnabled on session b96db7b2f3a4c38c3a667e13a3963ce9 to remote] DEBUG org.asynchttpclient.netty.request.NettyRequestSender - Using pooled Channel '[id: 0x9988580f, L:/127.0.0.1:57328 - R:localhost/127.0.0.1:55262]' for 'GET' to 'http://localhost:55262/session/b96db7b2f3a4c38c3a667e13a3963ce9/element/db74455d-204a-4d05-a3f0-494b3fda30a7/enabled'
21:13:35.235 [Forwarding isElementEnabled on session b96db7b2f3a4c38c3a667e13a3963ce9 to remote] DEBUG org.asynchttpclient.netty.request.NettyRequestSender - Using open Channel [id: 0x9988580f, L:/127.0.0.1:57328 - R:localhost/127.0.0.1:55262] for GET '/session/b96db7b2f3a4c38c3a667e13a3963ce9/element/db74455d-204a-4d05-a3f0-494b3fda30a7/enabled'
21:13:35.241 [AsyncHttpClient-1-4] DEBUG org.asynchttpclient.netty.handler.HttpHandler - 

Request DefaultFullHttpRequest(decodeResult: success, version: HTTP/1.1, content: EmptyByteBufBE)
GET /session/b96db7b2f3a4c38c3a667e13a3963ce9/element/db74455d-204a-4d05-a3f0-494b3fda30a7/enabled HTTP/1.1
User-Agent: selenium/4.1.2 (java windows)
Cache-Control: no-cache
Content-Type: application/json; charset=utf-8
host: localhost:55262
accept: */*

Response DefaultHttpResponse(decodeResult: success, version: HTTP/1.1)
HTTP/1.1 200 OK
Content-Type: application/json; charset=utf-8
cache-control: no-cache
content-length: 14

21:13:35.241 [AsyncHttpClient-1-4] DEBUG org.asynchttpclient.netty.channel.ChannelManager - Adding key: http://localhost:55262 for channel [id: 0x9988580f, L:/127.0.0.1:57328 - R:localhost/127.0.0.1:55262]
21:13:35.242 [Forwarding isElementEnabled on session b96db7b2f3a4c38c3a667e13a3963ce9 to remote] DEBUG org.asynchttpclient.netty.request.NettyRequestSender - Using pooled Channel '[id: 0x9988580f, L:/127.0.0.1:57328 - R:localhost/127.0.0.1:55262]' for 'GET' to 'http://localhost:55262/session/b96db7b2f3a4c38c3a667e13a3963ce9/element/db74455d-204a-4d05-a3f0-494b3fda30a7/enabled'
21:13:35.242 [Forwarding isElementEnabled on session b96db7b2f3a4c38c3a667e13a3963ce9 to remote] DEBUG org.asynchttpclient.netty.request.NettyRequestSender - Using open Channel [id: 0x9988580f, L:/127.0.0.1:57328 - R:localhost/127.0.0.1:55262] for GET '/session/b96db7b2f3a4c38c3a667e13a3963ce9/element/db74455d-204a-4d05-a3f0-494b3fda30a7/enabled'
21:13:35.249 [AsyncHttpClient-1-4] DEBUG org.asynchttpclient.netty.handler.HttpHandler - 

Request DefaultFullHttpRequest(decodeResult: success, version: HTTP/1.1, content: EmptyByteBufBE)
GET /session/b96db7b2f3a4c38c3a667e13a3963ce9/element/db74455d-204a-4d05-a3f0-494b3fda30a7/enabled HTTP/1.1
User-Agent: selenium/4.1.2 (java windows)
Cache-Control: no-cache
Content-Type: application/json; charset=utf-8
host: localhost:55262
accept: */*

Response DefaultHttpResponse(decodeResult: success, version: HTTP/1.1)
HTTP/1.1 200 OK
Content-Type: application/json; charset=utf-8
cache-control: no-cache
content-length: 14

21:13:35.249 [AsyncHttpClient-1-4] DEBUG org.asynchttpclient.netty.channel.ChannelManager - Adding key: http://localhost:55262 for channel [id: 0x9988580f, L:/127.0.0.1:57328 - R:localhost/127.0.0.1:55262]
21:13:35.251 [Forwarding findElement on session b96db7b2f3a4c38c3a667e13a3963ce9 to remote] DEBUG org.asynchttpclient.netty.request.NettyRequestSender - Using pooled Channel '[id: 0x9988580f, L:/127.0.0.1:57328 - R:localhost/127.0.0.1:55262]' for 'POST' to 'http://localhost:55262/session/b96db7b2f3a4c38c3a667e13a3963ce9/element'
21:13:35.251 [Forwarding findElement on session b96db7b2f3a4c38c3a667e13a3963ce9 to remote] DEBUG org.asynchttpclient.netty.request.NettyRequestSender - Using open Channel [id: 0x9988580f, L:/127.0.0.1:57328 - R:localhost/127.0.0.1:55262] for POST '/session/b96db7b2f3a4c38c3a667e13a3963ce9/element'
21:13:35.261 [AsyncHttpClient-1-4] DEBUG org.asynchttpclient.netty.handler.HttpHandler - 

Request DefaultHttpRequest(decodeResult: success, version: HTTP/1.1)
POST /session/b96db7b2f3a4c38c3a667e13a3963ce9/element HTTP/1.1
User-Agent: selenium/4.1.2 (java windows)
Content-Length: 150
Content-Type: application/json; charset=utf-8
host: localhost:55262
accept: */*

Response DefaultHttpResponse(decodeResult: success, version: HTTP/1.1)
HTTP/1.1 200 OK
Content-Type: application/json; charset=utf-8
cache-control: no-cache
content-length: 88

21:13:35.261 [AsyncHttpClient-1-4] DEBUG org.asynchttpclient.netty.channel.ChannelManager - Adding key: http://localhost:55262 for channel [id: 0x9988580f, L:/127.0.0.1:57328 - R:localhost/127.0.0.1:55262]
21:13:35.262 [Forwarding clickElement on session b96db7b2f3a4c38c3a667e13a3963ce9 to remote] DEBUG org.asynchttpclient.netty.request.NettyRequestSender - Using pooled Channel '[id: 0x9988580f, L:/127.0.0.1:57328 - R:localhost/127.0.0.1:55262]' for 'POST' to 'http://localhost:55262/session/b96db7b2f3a4c38c3a667e13a3963ce9/element/db74455d-204a-4d05-a3f0-494b3fda30a7/click'
21:13:35.262 [Forwarding clickElement on session b96db7b2f3a4c38c3a667e13a3963ce9 to remote] DEBUG org.asynchttpclient.netty.request.NettyRequestSender - Using open Channel [id: 0x9988580f, L:/127.0.0.1:57328 - R:localhost/127.0.0.1:55262] for POST '/session/b96db7b2f3a4c38c3a667e13a3963ce9/element/db74455d-204a-4d05-a3f0-494b3fda30a7/click'
21:13:35.290 [AsyncHttpClient-1-1] DEBUG org.asynchttpclient.netty.channel.DefaultChannelPool - Entry count for : http://localhost:57329 : 1
21:13:35.323 [AsyncHttpClient-1-4] DEBUG org.asynchttpclient.netty.handler.HttpHandler - 

Request DefaultHttpRequest(decodeResult: success, version: HTTP/1.1)
POST /session/b96db7b2f3a4c38c3a667e13a3963ce9/element/db74455d-204a-4d05-a3f0-494b3fda30a7/click HTTP/1.1
User-Agent: selenium/4.1.2 (java windows)
Content-Length: 50
Content-Type: application/json; charset=utf-8
host: localhost:55262
accept: */*

Response DefaultHttpResponse(decodeResult: success, version: HTTP/1.1)
HTTP/1.1 200 OK
Content-Type: application/json; charset=utf-8
cache-control: no-cache
content-length: 14

21:13:35.323 [AsyncHttpClient-1-4] DEBUG org.asynchttpclient.netty.channel.ChannelManager - Adding key: http://localhost:55262 for channel [id: 0x9988580f, L:/127.0.0.1:57328 - R:localhost/127.0.0.1:55262]
21:13:35.330 [Forwarding screenshot on session b96db7b2f3a4c38c3a667e13a3963ce9 to remote] DEBUG org.asynchttpclient.netty.request.NettyRequestSender - Using pooled Channel '[id: 0x9988580f, L:/127.0.0.1:57328 - R:localhost/127.0.0.1:55262]' for 'GET' to 'http://localhost:55262/session/b96db7b2f3a4c38c3a667e13a3963ce9/screenshot'
21:13:35.330 [Forwarding screenshot on session b96db7b2f3a4c38c3a667e13a3963ce9 to remote] DEBUG org.asynchttpclient.netty.request.NettyRequestSender - Using open Channel [id: 0x9988580f, L:/127.0.0.1:57328 - R:localhost/127.0.0.1:55262] for GET '/session/b96db7b2f3a4c38c3a667e13a3963ce9/screenshot'
21:13:35.561 [AsyncHttpClient-1-4] DEBUG org.asynchttpclient.netty.handler.HttpHandler - 

Request DefaultFullHttpRequest(decodeResult: success, version: HTTP/1.1, content: EmptyByteBufBE)
GET /session/b96db7b2f3a4c38c3a667e13a3963ce9/screenshot HTTP/1.1
User-Agent: selenium/4.1.2 (java windows)
Cache-Control: no-cache
Content-Type: application/json; charset=utf-8
host: localhost:55262
accept: */*

Response DefaultHttpResponse(decodeResult: success, version: HTTP/1.1)
HTTP/1.1 200 OK
Content-Type: application/json; charset=utf-8
cache-control: no-cache
content-length: 90356

21:13:35.562 [AsyncHttpClient-1-4] DEBUG org.asynchttpclient.netty.channel.ChannelManager - Adding key: http://localhost:55262 for channel [id: 0x9988580f, L:/127.0.0.1:57328 - R:localhost/127.0.0.1:55262]
21:13:35.568 [main] DEBUG net.serenitybdd.core.photography.Darkroom - Send negative for processing for target\site\serenity\2c672aec5c849fe04227f36b0d5de792e65468f735d13f5be0d8cf2319e1ba68.png
21:13:35.568 [main] DEBUG net.thucydides.core.steps.StepInterceptor - STEP DONE: clickItems3
  &amp#27;[32mWhen &amp#27;[0m&amp#27;[32muser click items&amp#27;[0m                                    &amp#27;[90m# starter.stepdefenitions.TransactionSteps.userClickItems()&amp#27;[0m
21:13:35.568 [Darkroom Processing Line] DEBUG net.serenitybdd.core.photography.DarkroomProcessingLine - Processing screenshot image in /var/screenshots/screenshot-5269339431289442400
21:13:35.568 [Darkroom Processing Line] DEBUG net.serenitybdd.core.photography.DarkroomProcessingLine - Saving screenshot to target\site\serenity\2c672aec5c849fe04227f36b0d5de792e65468f735d13f5be0d8cf2319e1ba68.png
21:13:35.585 [main] DEBUG net.thucydides.core.steps.StepInterceptor - STARTING STEP: ProductSteps.userToBasketPage - clickIconBasket
21:13:35.587 [Forwarding findElement on session b96db7b2f3a4c38c3a667e13a3963ce9 to remote] DEBUG org.asynchttpclient.netty.request.NettyRequestSender - Using pooled Channel '[id: 0x9988580f, L:/127.0.0.1:57328 - R:localhost/127.0.0.1:55262]' for 'POST' to 'http://localhost:55262/session/b96db7b2f3a4c38c3a667e13a3963ce9/element'
21:13:35.587 [Forwarding findElement on session b96db7b2f3a4c38c3a667e13a3963ce9 to remote] DEBUG org.asynchttpclient.netty.request.NettyRequestSender - Using open Channel [id: 0x9988580f, L:/127.0.0.1:57328 - R:localhost/127.0.0.1:55262] for POST '/session/b96db7b2f3a4c38c3a667e13a3963ce9/element'
21:13:35.603 [AsyncHttpClient-1-4] DEBUG org.asynchttpclient.netty.handler.HttpHandler - 

Request DefaultHttpRequest(decodeResult: success, version: HTTP/1.1)
POST /session/b96db7b2f3a4c38c3a667e13a3963ce9/element HTTP/1.1
User-Agent: selenium/4.1.2 (java windows)
Content-Length: 129
Content-Type: application/json; charset=utf-8
host: localhost:55262
accept: */*

Response DefaultHttpResponse(decodeResult: success, version: HTTP/1.1)
HTTP/1.1 200 OK
Content-Type: application/json; charset=utf-8
cache-control: no-cache
content-length: 88

21:13:35.603 [AsyncHttpClient-1-4] DEBUG org.asynchttpclient.netty.channel.ChannelManager - Adding key: http://localhost:55262 for channel [id: 0x9988580f, L:/127.0.0.1:57328 - R:localhost/127.0.0.1:55262]
21:13:35.605 [Forwarding getElementTagName on session b96db7b2f3a4c38c3a667e13a3963ce9 to remote] DEBUG org.asynchttpclient.netty.request.NettyRequestSender - Using pooled Channel '[id: 0x9988580f, L:/127.0.0.1:57328 - R:localhost/127.0.0.1:55262]' for 'GET' to 'http://localhost:55262/session/b96db7b2f3a4c38c3a667e13a3963ce9/element/8ed5b0cb-01fa-4131-970f-c748aa359bd3/name'
21:13:35.605 [Forwarding getElementTagName on session b96db7b2f3a4c38c3a667e13a3963ce9 to remote] DEBUG org.asynchttpclient.netty.request.NettyRequestSender - Using open Channel [id: 0x9988580f, L:/127.0.0.1:57328 - R:localhost/127.0.0.1:55262] for GET '/session/b96db7b2f3a4c38c3a667e13a3963ce9/element/8ed5b0cb-01fa-4131-970f-c748aa359bd3/name'
21:13:35.609 [AsyncHttpClient-1-4] DEBUG org.asynchttpclient.netty.handler.HttpHandler - 

Request DefaultFullHttpRequest(decodeResult: success, version: HTTP/1.1, content: EmptyByteBufBE)
GET /session/b96db7b2f3a4c38c3a667e13a3963ce9/element/8ed5b0cb-01fa-4131-970f-c748aa359bd3/name HTTP/1.1
User-Agent: selenium/4.1.2 (java windows)
Cache-Control: no-cache
Content-Type: application/json; charset=utf-8
host: localhost:55262
accept: */*

Response DefaultHttpResponse(decodeResult: success, version: HTTP/1.1)
HTTP/1.1 200 OK
Content-Type: application/json; charset=utf-8
cache-control: no-cache
content-length: 18

21:13:35.610 [AsyncHttpClient-1-4] DEBUG org.asynchttpclient.netty.channel.ChannelManager - Adding key: http://localhost:55262 for channel [id: 0x9988580f, L:/127.0.0.1:57328 - R:localhost/127.0.0.1:55262]
21:13:35.611 [Forwarding getElementTagName on session b96db7b2f3a4c38c3a667e13a3963ce9 to remote] DEBUG org.asynchttpclient.netty.request.NettyRequestSender - Using pooled Channel '[id: 0x9988580f, L:/127.0.0.1:57328 - R:localhost/127.0.0.1:55262]' for 'GET' to 'http://localhost:55262/session/b96db7b2f3a4c38c3a667e13a3963ce9/element/8ed5b0cb-01fa-4131-970f-c748aa359bd3/name'
21:13:35.612 [Forwarding getElementTagName on session b96db7b2f3a4c38c3a667e13a3963ce9 to remote] DEBUG org.asynchttpclient.netty.request.NettyRequestSender - Using open Channel [id: 0x9988580f, L:/127.0.0.1:57328 - R:localhost/127.0.0.1:55262] for GET '/session/b96db7b2f3a4c38c3a667e13a3963ce9/element/8ed5b0cb-01fa-4131-970f-c748aa359bd3/name'
21:13:35.615 [AsyncHttpClient-1-4] DEBUG org.asynchttpclient.netty.handler.HttpHandler - 

Request DefaultFullHttpRequest(decodeResult: success, version: HTTP/1.1, content: EmptyByteBufBE)
GET /session/b96db7b2f3a4c38c3a667e13a3963ce9/element/8ed5b0cb-01fa-4131-970f-c748aa359bd3/name HTTP/1.1
User-Agent: selenium/4.1.2 (java windows)
Cache-Control: no-cache
Content-Type: application/json; charset=utf-8
host: localhost:55262
accept: */*

Response DefaultHttpResponse(decodeResult: success, version: HTTP/1.1)
HTTP/1.1 200 OK
Content-Type: application/json; charset=utf-8
cache-control: no-cache
content-length: 18

21:13:35.615 [AsyncHttpClient-1-4] DEBUG org.asynchttpclient.netty.channel.ChannelManager - Adding key: http://localhost:55262 for channel [id: 0x9988580f, L:/127.0.0.1:57328 - R:localhost/127.0.0.1:55262]
21:13:35.617 [Forwarding isElementEnabled on session b96db7b2f3a4c38c3a667e13a3963ce9 to remote] DEBUG org.asynchttpclient.netty.request.NettyRequestSender - Using pooled Channel '[id: 0x9988580f, L:/127.0.0.1:57328 - R:localhost/127.0.0.1:55262]' for 'GET' to 'http://localhost:55262/session/b96db7b2f3a4c38c3a667e13a3963ce9/element/8ed5b0cb-01fa-4131-970f-c748aa359bd3/enabled'
21:13:35.617 [Forwarding isElementEnabled on session b96db7b2f3a4c38c3a667e13a3963ce9 to remote] DEBUG org.asynchttpclient.netty.request.NettyRequestSender - Using open Channel [id: 0x9988580f, L:/127.0.0.1:57328 - R:localhost/127.0.0.1:55262] for GET '/session/b96db7b2f3a4c38c3a667e13a3963ce9/element/8ed5b0cb-01fa-4131-970f-c748aa359bd3/enabled'
21:13:35.626 [AsyncHttpClient-1-4] DEBUG org.asynchttpclient.netty.handler.HttpHandler - 

Request DefaultFullHttpRequest(decodeResult: success, version: HTTP/1.1, content: EmptyByteBufBE)
GET /session/b96db7b2f3a4c38c3a667e13a3963ce9/element/8ed5b0cb-01fa-4131-970f-c748aa359bd3/enabled HTTP/1.1
User-Agent: selenium/4.1.2 (java windows)
Cache-Control: no-cache
Content-Type: application/json; charset=utf-8
host: localhost:55262
accept: */*

Response DefaultHttpResponse(decodeResult: success, version: HTTP/1.1)
HTTP/1.1 200 OK
Content-Type: application/json; charset=utf-8
cache-control: no-cache
content-length: 14

21:13:35.626 [AsyncHttpClient-1-4] DEBUG org.asynchttpclient.netty.channel.ChannelManager - Adding key: http://localhost:55262 for channel [id: 0x9988580f, L:/127.0.0.1:57328 - R:localhost/127.0.0.1:55262]
21:13:35.627 [Forwarding isElementEnabled on session b96db7b2f3a4c38c3a667e13a3963ce9 to remote] DEBUG org.asynchttpclient.netty.request.NettyRequestSender - Using pooled Channel '[id: 0x9988580f, L:/127.0.0.1:57328 - R:localhost/127.0.0.1:55262]' for 'GET' to 'http://localhost:55262/session/b96db7b2f3a4c38c3a667e13a3963ce9/element/8ed5b0cb-01fa-4131-970f-c748aa359bd3/enabled'
21:13:35.627 [Forwarding isElementEnabled on session b96db7b2f3a4c38c3a667e13a3963ce9 to remote] DEBUG org.asynchttpclient.netty.request.NettyRequestSender - Using open Channel [id: 0x9988580f, L:/127.0.0.1:57328 - R:localhost/127.0.0.1:55262] for GET '/session/b96db7b2f3a4c38c3a667e13a3963ce9/element/8ed5b0cb-01fa-4131-970f-c748aa359bd3/enabled'
21:13:35.634 [AsyncHttpClient-1-4] DEBUG org.asynchttpclient.netty.handler.HttpHandler - 

Request DefaultFullHttpRequest(decodeResult: success, version: HTTP/1.1, content: EmptyByteBufBE)
GET /session/b96db7b2f3a4c38c3a667e13a3963ce9/element/8ed5b0cb-01fa-4131-970f-c748aa359bd3/enabled HTTP/1.1
User-Agent: selenium/4.1.2 (java windows)
Cache-Control: no-cache
Content-Type: application/json; charset=utf-8
host: localhost:55262
accept: */*

Response DefaultHttpResponse(decodeResult: success, version: HTTP/1.1)
HTTP/1.1 200 OK
Content-Type: application/json; charset=utf-8
cache-control: no-cache
content-length: 14

21:13:35.634 [AsyncHttpClient-1-4] DEBUG org.asynchttpclient.netty.channel.ChannelManager - Adding key: http://localhost:55262 for channel [id: 0x9988580f, L:/127.0.0.1:57328 - R:localhost/127.0.0.1:55262]
21:13:35.636 [Forwarding findElement on session b96db7b2f3a4c38c3a667e13a3963ce9 to remote] DEBUG org.asynchttpclient.netty.request.NettyRequestSender - Using pooled Channel '[id: 0x9988580f, L:/127.0.0.1:57328 - R:localhost/127.0.0.1:55262]' for 'POST' to 'http://localhost:55262/session/b96db7b2f3a4c38c3a667e13a3963ce9/element'
21:13:35.636 [Forwarding findElement on session b96db7b2f3a4c38c3a667e13a3963ce9 to remote] DEBUG org.asynchttpclient.netty.request.NettyRequestSender - Using open Channel [id: 0x9988580f, L:/127.0.0.1:57328 - R:localhost/127.0.0.1:55262] for POST '/session/b96db7b2f3a4c38c3a667e13a3963ce9/element'
21:13:35.645 [AsyncHttpClient-1-4] DEBUG org.asynchttpclient.netty.handler.HttpHandler - 

Request DefaultHttpRequest(decodeResult: success, version: HTTP/1.1)
POST /session/b96db7b2f3a4c38c3a667e13a3963ce9/element HTTP/1.1
User-Agent: selenium/4.1.2 (java windows)
Content-Length: 129
Content-Type: application/json; charset=utf-8
host: localhost:55262
accept: */*

Response DefaultHttpResponse(decodeResult: success, version: HTTP/1.1)
HTTP/1.1 200 OK
Content-Type: application/json; charset=utf-8
cache-control: no-cache
content-length: 88

21:13:35.646 [AsyncHttpClient-1-4] DEBUG org.asynchttpclient.netty.channel.ChannelManager - Adding key: http://localhost:55262 for channel [id: 0x9988580f, L:/127.0.0.1:57328 - R:localhost/127.0.0.1:55262]
21:13:35.647 [Forwarding clickElement on session b96db7b2f3a4c38c3a667e13a3963ce9 to remote] DEBUG org.asynchttpclient.netty.request.NettyRequestSender - Using pooled Channel '[id: 0x9988580f, L:/127.0.0.1:57328 - R:localhost/127.0.0.1:55262]' for 'POST' to 'http://localhost:55262/session/b96db7b2f3a4c38c3a667e13a3963ce9/element/8ed5b0cb-01fa-4131-970f-c748aa359bd3/click'
21:13:35.647 [Forwarding clickElement on session b96db7b2f3a4c38c3a667e13a3963ce9 to remote] DEBUG org.asynchttpclient.netty.request.NettyRequestSender - Using open Channel [id: 0x9988580f, L:/127.0.0.1:57328 - R:localhost/127.0.0.1:55262] for POST '/session/b96db7b2f3a4c38c3a667e13a3963ce9/element/8ed5b0cb-01fa-4131-970f-c748aa359bd3/click'
21:13:35.688 [AsyncHttpClient-1-4] DEBUG org.asynchttpclient.netty.handler.HttpHandler - 

Request DefaultHttpRequest(decodeResult: success, version: HTTP/1.1)
POST /session/b96db7b2f3a4c38c3a667e13a3963ce9/element/8ed5b0cb-01fa-4131-970f-c748aa359bd3/click HTTP/1.1
User-Agent: selenium/4.1.2 (java windows)
Content-Length: 50
Content-Type: application/json; charset=utf-8
host: localhost:55262
accept: */*

Response DefaultHttpResponse(decodeResult: success, version: HTTP/1.1)
HTTP/1.1 200 OK
Content-Type: application/json; charset=utf-8
cache-control: no-cache
content-length: 14

21:13:35.688 [AsyncHttpClient-1-4] DEBUG org.asynchttpclient.netty.channel.ChannelManager - Adding key: http://localhost:55262 for channel [id: 0x9988580f, L:/127.0.0.1:57328 - R:localhost/127.0.0.1:55262]
21:13:35.695 [Forwarding screenshot on session b96db7b2f3a4c38c3a667e13a3963ce9 to remote] DEBUG org.asynchttpclient.netty.request.NettyRequestSender - Using pooled Channel '[id: 0x9988580f, L:/127.0.0.1:57328 - R:localhost/127.0.0.1:55262]' for 'GET' to 'http://localhost:55262/session/b96db7b2f3a4c38c3a667e13a3963ce9/screenshot'
21:13:35.695 [Forwarding screenshot on session b96db7b2f3a4c38c3a667e13a3963ce9 to remote] DEBUG org.asynchttpclient.netty.request.NettyRequestSender - Using open Channel [id: 0x9988580f, L:/127.0.0.1:57328 - R:localhost/127.0.0.1:55262] for GET '/session/b96db7b2f3a4c38c3a667e13a3963ce9/screenshot'
21:13:36.074 [AsyncHttpClient-1-4] DEBUG org.asynchttpclient.netty.handler.HttpHandler - 

Request DefaultFullHttpRequest(decodeResult: success, version: HTTP/1.1, content: EmptyByteBufBE)
GET /session/b96db7b2f3a4c38c3a667e13a3963ce9/screenshot HTTP/1.1
User-Agent: selenium/4.1.2 (java windows)
Cache-Control: no-cache
Content-Type: application/json; charset=utf-8
host: localhost:55262
accept: */*

Response DefaultHttpResponse(decodeResult: success, version: HTTP/1.1)
HTTP/1.1 200 OK
Content-Type: application/json; charset=utf-8
cache-control: no-cache
content-length: 48148

21:13:36.074 [AsyncHttpClient-1-4] DEBUG org.asynchttpclient.netty.channel.ChannelManager - Adding key: http://localhost:55262 for channel [id: 0x9988580f, L:/127.0.0.1:57328 - R:localhost/127.0.0.1:55262]
21:13:36.078 [main] DEBUG net.serenitybdd.core.photography.Darkroom - Send negative for processing for target\site\serenity\1fe6a5648358724caac6ee762f8208eaac829b36860f0c2a2603889e02422220.png
21:13:36.078 [main] DEBUG net.thucydides.core.steps.StepInterceptor - STEP DONE: clickIconBasket
  &amp#27;[32mAnd &amp#27;[0m&amp#27;[32muser to basket page&amp#27;[0m                                  &amp#27;[90m# starter.stepdefenitions.ProductSteps.userToBasketPage()&amp#27;[0m
21:13:36.079 [Darkroom Processing Line] DEBUG net.serenitybdd.core.photography.DarkroomProcessingLine - Processing screenshot image in /var/screenshots/screenshot-2983836018692687480
21:13:36.079 [Darkroom Processing Line] DEBUG net.serenitybdd.core.photography.DarkroomProcessingLine - Saving screenshot to target\site\serenity\1fe6a5648358724caac6ee762f8208eaac829b36860f0c2a2603889e02422220.png
21:13:36.092 [main] DEBUG net.thucydides.core.steps.StepInterceptor - STARTING STEP: ProductSteps.userIncreasesTheNumberOfItems - clickIncreaseItems
21:13:36.097 [Forwarding findElement on session b96db7b2f3a4c38c3a667e13a3963ce9 to remote] DEBUG org.asynchttpclient.netty.request.NettyRequestSender - Using pooled Channel '[id: 0x9988580f, L:/127.0.0.1:57328 - R:localhost/127.0.0.1:55262]' for 'POST' to 'http://localhost:55262/session/b96db7b2f3a4c38c3a667e13a3963ce9/element'
21:13:36.097 [Forwarding findElement on session b96db7b2f3a4c38c3a667e13a3963ce9 to remote] DEBUG org.asynchttpclient.netty.request.NettyRequestSender - Using open Channel [id: 0x9988580f, L:/127.0.0.1:57328 - R:localhost/127.0.0.1:55262] for POST '/session/b96db7b2f3a4c38c3a667e13a3963ce9/element'
21:13:36.110 [AsyncHttpClient-1-4] DEBUG org.asynchttpclient.netty.handler.HttpHandler - 

Request DefaultHttpRequest(decodeResult: success, version: HTTP/1.1)
POST /session/b96db7b2f3a4c38c3a667e13a3963ce9/element HTTP/1.1
User-Agent: selenium/4.1.2 (java windows)
Content-Length: 146
Content-Type: application/json; charset=utf-8
host: localhost:55262
accept: */*

Response DefaultHttpResponse(decodeResult: success, version: HTTP/1.1)
HTTP/1.1 200 OK
Content-Type: application/json; charset=utf-8
cache-control: no-cache
content-length: 88

21:13:36.110 [AsyncHttpClient-1-4] DEBUG org.asynchttpclient.netty.channel.ChannelManager - Adding key: http://localhost:55262 for channel [id: 0x9988580f, L:/127.0.0.1:57328 - R:localhost/127.0.0.1:55262]
21:13:36.111 [Forwarding getElementTagName on session b96db7b2f3a4c38c3a667e13a3963ce9 to remote] DEBUG org.asynchttpclient.netty.request.NettyRequestSender - Using pooled Channel '[id: 0x9988580f, L:/127.0.0.1:57328 - R:localhost/127.0.0.1:55262]' for 'GET' to 'http://localhost:55262/session/b96db7b2f3a4c38c3a667e13a3963ce9/element/aa37fb51-6994-4531-8613-8bf3ea417052/name'
21:13:36.112 [Forwarding getElementTagName on session b96db7b2f3a4c38c3a667e13a3963ce9 to remote] DEBUG org.asynchttpclient.netty.request.NettyRequestSender - Using open Channel [id: 0x9988580f, L:/127.0.0.1:57328 - R:localhost/127.0.0.1:55262] for GET '/session/b96db7b2f3a4c38c3a667e13a3963ce9/element/aa37fb51-6994-4531-8613-8bf3ea417052/name'
21:13:36.119 [AsyncHttpClient-1-4] DEBUG org.asynchttpclient.netty.handler.HttpHandler - 

Request DefaultFullHttpRequest(decodeResult: success, version: HTTP/1.1, content: EmptyByteBufBE)
GET /session/b96db7b2f3a4c38c3a667e13a3963ce9/element/aa37fb51-6994-4531-8613-8bf3ea417052/name HTTP/1.1
User-Agent: selenium/4.1.2 (java windows)
Cache-Control: no-cache
Content-Type: application/json; charset=utf-8
host: localhost:55262
accept: */*

Response DefaultHttpResponse(decodeResult: success, version: HTTP/1.1)
HTTP/1.1 200 OK
Content-Type: application/json; charset=utf-8
cache-control: no-cache
content-length: 18

21:13:36.119 [AsyncHttpClient-1-4] DEBUG org.asynchttpclient.netty.channel.ChannelManager - Adding key: http://localhost:55262 for channel [id: 0x9988580f, L:/127.0.0.1:57328 - R:localhost/127.0.0.1:55262]
21:13:36.120 [Forwarding getElementTagName on session b96db7b2f3a4c38c3a667e13a3963ce9 to remote] DEBUG org.asynchttpclient.netty.request.NettyRequestSender - Using pooled Channel '[id: 0x9988580f, L:/127.0.0.1:57328 - R:localhost/127.0.0.1:55262]' for 'GET' to 'http://localhost:55262/session/b96db7b2f3a4c38c3a667e13a3963ce9/element/aa37fb51-6994-4531-8613-8bf3ea417052/name'
21:13:36.120 [Forwarding getElementTagName on session b96db7b2f3a4c38c3a667e13a3963ce9 to remote] DEBUG org.asynchttpclient.netty.request.NettyRequestSender - Using open Channel [id: 0x9988580f, L:/127.0.0.1:57328 - R:localhost/127.0.0.1:55262] for GET '/session/b96db7b2f3a4c38c3a667e13a3963ce9/element/aa37fb51-6994-4531-8613-8bf3ea417052/name'
21:13:36.124 [AsyncHttpClient-1-4] DEBUG org.asynchttpclient.netty.handler.HttpHandler - 

Request DefaultFullHttpRequest(decodeResult: success, version: HTTP/1.1, content: EmptyByteBufBE)
GET /session/b96db7b2f3a4c38c3a667e13a3963ce9/element/aa37fb51-6994-4531-8613-8bf3ea417052/name HTTP/1.1
User-Agent: selenium/4.1.2 (java windows)
Cache-Control: no-cache
Content-Type: application/json; charset=utf-8
host: localhost:55262
accept: */*

Response DefaultHttpResponse(decodeResult: success, version: HTTP/1.1)
HTTP/1.1 200 OK
Content-Type: application/json; charset=utf-8
cache-control: no-cache
content-length: 18

21:13:36.124 [AsyncHttpClient-1-4] DEBUG org.asynchttpclient.netty.channel.ChannelManager - Adding key: http://localhost:55262 for channel [id: 0x9988580f, L:/127.0.0.1:57328 - R:localhost/127.0.0.1:55262]
21:13:36.126 [Forwarding isElementEnabled on session b96db7b2f3a4c38c3a667e13a3963ce9 to remote] DEBUG org.asynchttpclient.netty.request.NettyRequestSender - Using pooled Channel '[id: 0x9988580f, L:/127.0.0.1:57328 - R:localhost/127.0.0.1:55262]' for 'GET' to 'http://localhost:55262/session/b96db7b2f3a4c38c3a667e13a3963ce9/element/aa37fb51-6994-4531-8613-8bf3ea417052/enabled'
21:13:36.126 [Forwarding isElementEnabled on session b96db7b2f3a4c38c3a667e13a3963ce9 to remote] DEBUG org.asynchttpclient.netty.request.NettyRequestSender - Using open Channel [id: 0x9988580f, L:/127.0.0.1:57328 - R:localhost/127.0.0.1:55262] for GET '/session/b96db7b2f3a4c38c3a667e13a3963ce9/element/aa37fb51-6994-4531-8613-8bf3ea417052/enabled'
21:13:36.142 [AsyncHttpClient-1-4] DEBUG org.asynchttpclient.netty.handler.HttpHandler - 

Request DefaultFullHttpRequest(decodeResult: success, version: HTTP/1.1, content: EmptyByteBufBE)
GET /session/b96db7b2f3a4c38c3a667e13a3963ce9/element/aa37fb51-6994-4531-8613-8bf3ea417052/enabled HTTP/1.1
User-Agent: selenium/4.1.2 (java windows)
Cache-Control: no-cache
Content-Type: application/json; charset=utf-8
host: localhost:55262
accept: */*

Response DefaultHttpResponse(decodeResult: success, version: HTTP/1.1)
HTTP/1.1 200 OK
Content-Type: application/json; charset=utf-8
cache-control: no-cache
content-length: 14

21:13:36.142 [AsyncHttpClient-1-4] DEBUG org.asynchttpclient.netty.channel.ChannelManager - Adding key: http://localhost:55262 for channel [id: 0x9988580f, L:/127.0.0.1:57328 - R:localhost/127.0.0.1:55262]
21:13:36.144 [Forwarding isElementEnabled on session b96db7b2f3a4c38c3a667e13a3963ce9 to remote] DEBUG org.asynchttpclient.netty.request.NettyRequestSender - Using pooled Channel '[id: 0x9988580f, L:/127.0.0.1:57328 - R:localhost/127.0.0.1:55262]' for 'GET' to 'http://localhost:55262/session/b96db7b2f3a4c38c3a667e13a3963ce9/element/aa37fb51-6994-4531-8613-8bf3ea417052/enabled'
21:13:36.144 [Forwarding isElementEnabled on session b96db7b2f3a4c38c3a667e13a3963ce9 to remote] DEBUG org.asynchttpclient.netty.request.NettyRequestSender - Using open Channel [id: 0x9988580f, L:/127.0.0.1:57328 - R:localhost/127.0.0.1:55262] for GET '/session/b96db7b2f3a4c38c3a667e13a3963ce9/element/aa37fb51-6994-4531-8613-8bf3ea417052/enabled'
21:13:36.157 [AsyncHttpClient-1-4] DEBUG org.asynchttpclient.netty.handler.HttpHandler - 

Request DefaultFullHttpRequest(decodeResult: success, version: HTTP/1.1, content: EmptyByteBufBE)
GET /session/b96db7b2f3a4c38c3a667e13a3963ce9/element/aa37fb51-6994-4531-8613-8bf3ea417052/enabled HTTP/1.1
User-Agent: selenium/4.1.2 (java windows)
Cache-Control: no-cache
Content-Type: application/json; charset=utf-8
host: localhost:55262
accept: */*

Response DefaultHttpResponse(decodeResult: success, version: HTTP/1.1)
HTTP/1.1 200 OK
Content-Type: application/json; charset=utf-8
cache-control: no-cache
content-length: 14

21:13:36.158 [AsyncHttpClient-1-4] DEBUG org.asynchttpclient.netty.channel.ChannelManager - Adding key: http://localhost:55262 for channel [id: 0x9988580f, L:/127.0.0.1:57328 - R:localhost/127.0.0.1:55262]
21:13:36.161 [Forwarding findElement on session b96db7b2f3a4c38c3a667e13a3963ce9 to remote] DEBUG org.asynchttpclient.netty.request.NettyRequestSender - Using pooled Channel '[id: 0x9988580f, L:/127.0.0.1:57328 - R:localhost/127.0.0.1:55262]' for 'POST' to 'http://localhost:55262/session/b96db7b2f3a4c38c3a667e13a3963ce9/element'
21:13:36.161 [Forwarding findElement on session b96db7b2f3a4c38c3a667e13a3963ce9 to remote] DEBUG org.asynchttpclient.netty.request.NettyRequestSender - Using open Channel [id: 0x9988580f, L:/127.0.0.1:57328 - R:localhost/127.0.0.1:55262] for POST '/session/b96db7b2f3a4c38c3a667e13a3963ce9/element'
21:13:36.172 [AsyncHttpClient-1-4] DEBUG org.asynchttpclient.netty.handler.HttpHandler - 

Request DefaultHttpRequest(decodeResult: success, version: HTTP/1.1)
POST /session/b96db7b2f3a4c38c3a667e13a3963ce9/element HTTP/1.1
User-Agent: selenium/4.1.2 (java windows)
Content-Length: 146
Content-Type: application/json; charset=utf-8
host: localhost:55262
accept: */*

Response DefaultHttpResponse(decodeResult: success, version: HTTP/1.1)
HTTP/1.1 200 OK
Content-Type: application/json; charset=utf-8
cache-control: no-cache
content-length: 88

21:13:36.172 [AsyncHttpClient-1-4] DEBUG org.asynchttpclient.netty.channel.ChannelManager - Adding key: http://localhost:55262 for channel [id: 0x9988580f, L:/127.0.0.1:57328 - R:localhost/127.0.0.1:55262]
21:13:36.174 [Forwarding clickElement on session b96db7b2f3a4c38c3a667e13a3963ce9 to remote] DEBUG org.asynchttpclient.netty.request.NettyRequestSender - Using pooled Channel '[id: 0x9988580f, L:/127.0.0.1:57328 - R:localhost/127.0.0.1:55262]' for 'POST' to 'http://localhost:55262/session/b96db7b2f3a4c38c3a667e13a3963ce9/element/aa37fb51-6994-4531-8613-8bf3ea417052/click'
21:13:36.174 [Forwarding clickElement on session b96db7b2f3a4c38c3a667e13a3963ce9 to remote] DEBUG org.asynchttpclient.netty.request.NettyRequestSender - Using open Channel [id: 0x9988580f, L:/127.0.0.1:57328 - R:localhost/127.0.0.1:55262] for POST '/session/b96db7b2f3a4c38c3a667e13a3963ce9/element/aa37fb51-6994-4531-8613-8bf3ea417052/click'
21:13:36.263 [AsyncHttpClient-1-4] DEBUG org.asynchttpclient.netty.handler.HttpHandler - 

Request DefaultHttpRequest(decodeResult: success, version: HTTP/1.1)
POST /session/b96db7b2f3a4c38c3a667e13a3963ce9/element/aa37fb51-6994-4531-8613-8bf3ea417052/click HTTP/1.1
User-Agent: selenium/4.1.2 (java windows)
Content-Length: 50
Content-Type: application/json; charset=utf-8
host: localhost:55262
accept: */*

Response DefaultHttpResponse(decodeResult: success, version: HTTP/1.1)
HTTP/1.1 200 OK
Content-Type: application/json; charset=utf-8
cache-control: no-cache
content-length: 14

21:13:36.263 [AsyncHttpClient-1-4] DEBUG org.asynchttpclient.netty.channel.ChannelManager - Adding key: http://localhost:55262 for channel [id: 0x9988580f, L:/127.0.0.1:57328 - R:localhost/127.0.0.1:55262]
21:13:36.269 [Forwarding screenshot on session b96db7b2f3a4c38c3a667e13a3963ce9 to remote] DEBUG org.asynchttpclient.netty.request.NettyRequestSender - Using pooled Channel '[id: 0x9988580f, L:/127.0.0.1:57328 - R:localhost/127.0.0.1:55262]' for 'GET' to 'http://localhost:55262/session/b96db7b2f3a4c38c3a667e13a3963ce9/screenshot'
21:13:36.269 [Forwarding screenshot on session b96db7b2f3a4c38c3a667e13a3963ce9 to remote] DEBUG org.asynchttpclient.netty.request.NettyRequestSender - Using open Channel [id: 0x9988580f, L:/127.0.0.1:57328 - R:localhost/127.0.0.1:55262] for GET '/session/b96db7b2f3a4c38c3a667e13a3963ce9/screenshot'
21:13:36.395 [AsyncHttpClient-1-1] DEBUG org.asynchttpclient.netty.channel.DefaultChannelPool - Entry count for : http://localhost:57329 : 1
21:13:36.483 [AsyncHttpClient-1-4] DEBUG org.asynchttpclient.netty.handler.HttpHandler - 

Request DefaultFullHttpRequest(decodeResult: success, version: HTTP/1.1, content: EmptyByteBufBE)
GET /session/b96db7b2f3a4c38c3a667e13a3963ce9/screenshot HTTP/1.1
User-Agent: selenium/4.1.2 (java windows)
Cache-Control: no-cache
Content-Type: application/json; charset=utf-8
host: localhost:55262
accept: */*

Response DefaultHttpResponse(decodeResult: success, version: HTTP/1.1)
HTTP/1.1 200 OK
Content-Type: application/json; charset=utf-8
cache-control: no-cache
content-length: 48592

21:13:36.483 [AsyncHttpClient-1-4] DEBUG org.asynchttpclient.netty.channel.ChannelManager - Adding key: http://localhost:55262 for channel [id: 0x9988580f, L:/127.0.0.1:57328 - R:localhost/127.0.0.1:55262]
21:13:36.486 [main] DEBUG net.serenitybdd.core.photography.Darkroom - Send negative for processing for target\site\serenity\e845ab50f6757f1556b9cebd76b0ed78173ea9a2792fc4e3c5322fa9280d1a19.png
21:13:36.486 [main] DEBUG net.thucydides.core.steps.StepInterceptor - STEP DONE: clickIncreaseItems
21:13:36.486 [Darkroom Processing Line] DEBUG net.serenitybdd.core.photography.DarkroomProcessingLine - Processing screenshot image in /var/screenshots/screenshot-5284690313850613269
21:13:36.487 [Darkroom Processing Line] DEBUG net.serenitybdd.core.photography.DarkroomProcessingLine - Saving screenshot to target\site\serenity\e845ab50f6757f1556b9cebd76b0ed78173ea9a2792fc4e3c5322fa9280d1a19.png
21:13:36.493 [main] DEBUG net.thucydides.core.steps.StepInterceptor - STARTING STEP: ProductSteps.userIncreasesTheNumberOfItems - clickDecreaseItems
21:13:36.496 [Forwarding findElement on session b96db7b2f3a4c38c3a667e13a3963ce9 to remote] DEBUG org.asynchttpclient.netty.request.NettyRequestSender - Using pooled Channel '[id: 0x9988580f, L:/127.0.0.1:57328 - R:localhost/127.0.0.1:55262]' for 'POST' to 'http://localhost:55262/session/b96db7b2f3a4c38c3a667e13a3963ce9/element'
21:13:36.496 [Forwarding findElement on session b96db7b2f3a4c38c3a667e13a3963ce9 to remote] DEBUG org.asynchttpclient.netty.request.NettyRequestSender - Using open Channel [id: 0x9988580f, L:/127.0.0.1:57328 - R:localhost/127.0.0.1:55262] for POST '/session/b96db7b2f3a4c38c3a667e13a3963ce9/element'
21:13:36.510 [AsyncHttpClient-1-4] DEBUG org.asynchttpclient.netty.handler.HttpHandler - 

Request DefaultHttpRequest(decodeResult: success, version: HTTP/1.1)
POST /session/b96db7b2f3a4c38c3a667e13a3963ce9/element HTTP/1.1
User-Agent: selenium/4.1.2 (java windows)
Content-Length: 146
Content-Type: application/json; charset=utf-8
host: localhost:55262
accept: */*

Response DefaultHttpResponse(decodeResult: success, version: HTTP/1.1)
HTTP/1.1 200 OK
Content-Type: application/json; charset=utf-8
cache-control: no-cache
content-length: 88

21:13:36.510 [AsyncHttpClient-1-4] DEBUG org.asynchttpclient.netty.channel.ChannelManager - Adding key: http://localhost:55262 for channel [id: 0x9988580f, L:/127.0.0.1:57328 - R:localhost/127.0.0.1:55262]
21:13:36.511 [Forwarding getElementTagName on session b96db7b2f3a4c38c3a667e13a3963ce9 to remote] DEBUG org.asynchttpclient.netty.request.NettyRequestSender - Using pooled Channel '[id: 0x9988580f, L:/127.0.0.1:57328 - R:localhost/127.0.0.1:55262]' for 'GET' to 'http://localhost:55262/session/b96db7b2f3a4c38c3a667e13a3963ce9/element/6e5bca32-86c8-48ab-8c5e-0d12d6f826e2/name'
21:13:36.512 [Forwarding getElementTagName on session b96db7b2f3a4c38c3a667e13a3963ce9 to remote] DEBUG org.asynchttpclient.netty.request.NettyRequestSender - Using open Channel [id: 0x9988580f, L:/127.0.0.1:57328 - R:localhost/127.0.0.1:55262] for GET '/session/b96db7b2f3a4c38c3a667e13a3963ce9/element/6e5bca32-86c8-48ab-8c5e-0d12d6f826e2/name'
21:13:36.516 [AsyncHttpClient-1-4] DEBUG org.asynchttpclient.netty.handler.HttpHandler - 

Request DefaultFullHttpRequest(decodeResult: success, version: HTTP/1.1, content: EmptyByteBufBE)
GET /session/b96db7b2f3a4c38c3a667e13a3963ce9/element/6e5bca32-86c8-48ab-8c5e-0d12d6f826e2/name HTTP/1.1
User-Agent: selenium/4.1.2 (java windows)
Cache-Control: no-cache
Content-Type: application/json; charset=utf-8
host: localhost:55262
accept: */*

Response DefaultHttpResponse(decodeResult: success, version: HTTP/1.1)
HTTP/1.1 200 OK
Content-Type: application/json; charset=utf-8
cache-control: no-cache
content-length: 18

21:13:36.516 [AsyncHttpClient-1-4] DEBUG org.asynchttpclient.netty.channel.ChannelManager - Adding key: http://localhost:55262 for channel [id: 0x9988580f, L:/127.0.0.1:57328 - R:localhost/127.0.0.1:55262]
21:13:36.518 [Forwarding getElementTagName on session b96db7b2f3a4c38c3a667e13a3963ce9 to remote] DEBUG org.asynchttpclient.netty.request.NettyRequestSender - Using pooled Channel '[id: 0x9988580f, L:/127.0.0.1:57328 - R:localhost/127.0.0.1:55262]' for 'GET' to 'http://localhost:55262/session/b96db7b2f3a4c38c3a667e13a3963ce9/element/6e5bca32-86c8-48ab-8c5e-0d12d6f826e2/name'
21:13:36.518 [Forwarding getElementTagName on session b96db7b2f3a4c38c3a667e13a3963ce9 to remote] DEBUG org.asynchttpclient.netty.request.NettyRequestSender - Using open Channel [id: 0x9988580f, L:/127.0.0.1:57328 - R:localhost/127.0.0.1:55262] for GET '/session/b96db7b2f3a4c38c3a667e13a3963ce9/element/6e5bca32-86c8-48ab-8c5e-0d12d6f826e2/name'
21:13:36.522 [AsyncHttpClient-1-4] DEBUG org.asynchttpclient.netty.handler.HttpHandler - 

Request DefaultFullHttpRequest(decodeResult: success, version: HTTP/1.1, content: EmptyByteBufBE)
GET /session/b96db7b2f3a4c38c3a667e13a3963ce9/element/6e5bca32-86c8-48ab-8c5e-0d12d6f826e2/name HTTP/1.1
User-Agent: selenium/4.1.2 (java windows)
Cache-Control: no-cache
Content-Type: application/json; charset=utf-8
host: localhost:55262
accept: */*

Response DefaultHttpResponse(decodeResult: success, version: HTTP/1.1)
HTTP/1.1 200 OK
Content-Type: application/json; charset=utf-8
cache-control: no-cache
content-length: 18

21:13:36.522 [AsyncHttpClient-1-4] DEBUG org.asynchttpclient.netty.channel.ChannelManager - Adding key: http://localhost:55262 for channel [id: 0x9988580f, L:/127.0.0.1:57328 - R:localhost/127.0.0.1:55262]
21:13:36.524 [Forwarding isElementEnabled on session b96db7b2f3a4c38c3a667e13a3963ce9 to remote] DEBUG org.asynchttpclient.netty.request.NettyRequestSender - Using pooled Channel '[id: 0x9988580f, L:/127.0.0.1:57328 - R:localhost/127.0.0.1:55262]' for 'GET' to 'http://localhost:55262/session/b96db7b2f3a4c38c3a667e13a3963ce9/element/6e5bca32-86c8-48ab-8c5e-0d12d6f826e2/enabled'
21:13:36.524 [Forwarding isElementEnabled on session b96db7b2f3a4c38c3a667e13a3963ce9 to remote] DEBUG org.asynchttpclient.netty.request.NettyRequestSender - Using open Channel [id: 0x9988580f, L:/127.0.0.1:57328 - R:localhost/127.0.0.1:55262] for GET '/session/b96db7b2f3a4c38c3a667e13a3963ce9/element/6e5bca32-86c8-48ab-8c5e-0d12d6f826e2/enabled'
21:13:36.533 [AsyncHttpClient-1-4] DEBUG org.asynchttpclient.netty.handler.HttpHandler - 

Request DefaultFullHttpRequest(decodeResult: success, version: HTTP/1.1, content: EmptyByteBufBE)
GET /session/b96db7b2f3a4c38c3a667e13a3963ce9/element/6e5bca32-86c8-48ab-8c5e-0d12d6f826e2/enabled HTTP/1.1
User-Agent: selenium/4.1.2 (java windows)
Cache-Control: no-cache
Content-Type: application/json; charset=utf-8
host: localhost:55262
accept: */*

Response DefaultHttpResponse(decodeResult: success, version: HTTP/1.1)
HTTP/1.1 200 OK
Content-Type: application/json; charset=utf-8
cache-control: no-cache
content-length: 14

21:13:36.533 [AsyncHttpClient-1-4] DEBUG org.asynchttpclient.netty.channel.ChannelManager - Adding key: http://localhost:55262 for channel [id: 0x9988580f, L:/127.0.0.1:57328 - R:localhost/127.0.0.1:55262]
21:13:36.534 [Forwarding isElementEnabled on session b96db7b2f3a4c38c3a667e13a3963ce9 to remote] DEBUG org.asynchttpclient.netty.request.NettyRequestSender - Using pooled Channel '[id: 0x9988580f, L:/127.0.0.1:57328 - R:localhost/127.0.0.1:55262]' for 'GET' to 'http://localhost:55262/session/b96db7b2f3a4c38c3a667e13a3963ce9/element/6e5bca32-86c8-48ab-8c5e-0d12d6f826e2/enabled'
21:13:36.534 [Forwarding isElementEnabled on session b96db7b2f3a4c38c3a667e13a3963ce9 to remote] DEBUG org.asynchttpclient.netty.request.NettyRequestSender - Using open Channel [id: 0x9988580f, L:/127.0.0.1:57328 - R:localhost/127.0.0.1:55262] for GET '/session/b96db7b2f3a4c38c3a667e13a3963ce9/element/6e5bca32-86c8-48ab-8c5e-0d12d6f826e2/enabled'
21:13:36.541 [AsyncHttpClient-1-4] DEBUG org.asynchttpclient.netty.handler.HttpHandler - 

Request DefaultFullHttpRequest(decodeResult: success, version: HTTP/1.1, content: EmptyByteBufBE)
GET /session/b96db7b2f3a4c38c3a667e13a3963ce9/element/6e5bca32-86c8-48ab-8c5e-0d12d6f826e2/enabled HTTP/1.1
User-Agent: selenium/4.1.2 (java windows)
Cache-Control: no-cache
Content-Type: application/json; charset=utf-8
host: localhost:55262
accept: */*

Response DefaultHttpResponse(decodeResult: success, version: HTTP/1.1)
HTTP/1.1 200 OK
Content-Type: application/json; charset=utf-8
cache-control: no-cache
content-length: 14

21:13:36.541 [AsyncHttpClient-1-4] DEBUG org.asynchttpclient.netty.channel.ChannelManager - Adding key: http://localhost:55262 for channel [id: 0x9988580f, L:/127.0.0.1:57328 - R:localhost/127.0.0.1:55262]
21:13:36.543 [Forwarding findElement on session b96db7b2f3a4c38c3a667e13a3963ce9 to remote] DEBUG org.asynchttpclient.netty.request.NettyRequestSender - Using pooled Channel '[id: 0x9988580f, L:/127.0.0.1:57328 - R:localhost/127.0.0.1:55262]' for 'POST' to 'http://localhost:55262/session/b96db7b2f3a4c38c3a667e13a3963ce9/element'
21:13:36.543 [Forwarding findElement on session b96db7b2f3a4c38c3a667e13a3963ce9 to remote] DEBUG org.asynchttpclient.netty.request.NettyRequestSender - Using open Channel [id: 0x9988580f, L:/127.0.0.1:57328 - R:localhost/127.0.0.1:55262] for POST '/session/b96db7b2f3a4c38c3a667e13a3963ce9/element'
21:13:36.551 [AsyncHttpClient-1-4] DEBUG org.asynchttpclient.netty.handler.HttpHandler - 

Request DefaultHttpRequest(decodeResult: success, version: HTTP/1.1)
POST /session/b96db7b2f3a4c38c3a667e13a3963ce9/element HTTP/1.1
User-Agent: selenium/4.1.2 (java windows)
Content-Length: 146
Content-Type: application/json; charset=utf-8
host: localhost:55262
accept: */*

Response DefaultHttpResponse(decodeResult: success, version: HTTP/1.1)
HTTP/1.1 200 OK
Content-Type: application/json; charset=utf-8
cache-control: no-cache
content-length: 88

21:13:36.551 [AsyncHttpClient-1-4] DEBUG org.asynchttpclient.netty.channel.ChannelManager - Adding key: http://localhost:55262 for channel [id: 0x9988580f, L:/127.0.0.1:57328 - R:localhost/127.0.0.1:55262]
21:13:36.552 [Forwarding clickElement on session b96db7b2f3a4c38c3a667e13a3963ce9 to remote] DEBUG org.asynchttpclient.netty.request.NettyRequestSender - Using pooled Channel '[id: 0x9988580f, L:/127.0.0.1:57328 - R:localhost/127.0.0.1:55262]' for 'POST' to 'http://localhost:55262/session/b96db7b2f3a4c38c3a667e13a3963ce9/element/6e5bca32-86c8-48ab-8c5e-0d12d6f826e2/click'
21:13:36.553 [Forwarding clickElement on session b96db7b2f3a4c38c3a667e13a3963ce9 to remote] DEBUG org.asynchttpclient.netty.request.NettyRequestSender - Using open Channel [id: 0x9988580f, L:/127.0.0.1:57328 - R:localhost/127.0.0.1:55262] for POST '/session/b96db7b2f3a4c38c3a667e13a3963ce9/element/6e5bca32-86c8-48ab-8c5e-0d12d6f826e2/click'
21:13:36.600 [AsyncHttpClient-1-4] DEBUG org.asynchttpclient.netty.handler.HttpHandler - 

Request DefaultHttpRequest(decodeResult: success, version: HTTP/1.1)
POST /session/b96db7b2f3a4c38c3a667e13a3963ce9/element/6e5bca32-86c8-48ab-8c5e-0d12d6f826e2/click HTTP/1.1
User-Agent: selenium/4.1.2 (java windows)
Content-Length: 50
Content-Type: application/json; charset=utf-8
host: localhost:55262
accept: */*

Response DefaultHttpResponse(decodeResult: success, version: HTTP/1.1)
HTTP/1.1 200 OK
Content-Type: application/json; charset=utf-8
cache-control: no-cache
content-length: 14

21:13:36.600 [AsyncHttpClient-1-4] DEBUG org.asynchttpclient.netty.channel.ChannelManager - Adding key: http://localhost:55262 for channel [id: 0x9988580f, L:/127.0.0.1:57328 - R:localhost/127.0.0.1:55262]
21:13:36.608 [Forwarding screenshot on session b96db7b2f3a4c38c3a667e13a3963ce9 to remote] DEBUG org.asynchttpclient.netty.request.NettyRequestSender - Using pooled Channel '[id: 0x9988580f, L:/127.0.0.1:57328 - R:localhost/127.0.0.1:55262]' for 'GET' to 'http://localhost:55262/session/b96db7b2f3a4c38c3a667e13a3963ce9/screenshot'
21:13:36.608 [Forwarding screenshot on session b96db7b2f3a4c38c3a667e13a3963ce9 to remote] DEBUG org.asynchttpclient.netty.request.NettyRequestSender - Using open Channel [id: 0x9988580f, L:/127.0.0.1:57328 - R:localhost/127.0.0.1:55262] for GET '/session/b96db7b2f3a4c38c3a667e13a3963ce9/screenshot'
21:13:36.789 [AsyncHttpClient-1-4] DEBUG org.asynchttpclient.netty.handler.HttpHandler - 

Request DefaultFullHttpRequest(decodeResult: success, version: HTTP/1.1, content: EmptyByteBufBE)
GET /session/b96db7b2f3a4c38c3a667e13a3963ce9/screenshot HTTP/1.1
User-Agent: selenium/4.1.2 (java windows)
Cache-Control: no-cache
Content-Type: application/json; charset=utf-8
host: localhost:55262
accept: */*

Response DefaultHttpResponse(decodeResult: success, version: HTTP/1.1)
HTTP/1.1 200 OK
Content-Type: application/json; charset=utf-8
cache-control: no-cache
content-length: 48368

21:13:36.790 [AsyncHttpClient-1-4] DEBUG org.asynchttpclient.netty.channel.ChannelManager - Adding key: http://localhost:55262 for channel [id: 0x9988580f, L:/127.0.0.1:57328 - R:localhost/127.0.0.1:55262]
21:13:36.792 [main] DEBUG net.serenitybdd.core.photography.Darkroom - Send negative for processing for target\site\serenity\83bf1c13a991afb6f7cc35f070ca283bd012b961d3f52fa0aa9d8d194d2ebbae.png
21:13:36.792 [main] DEBUG net.thucydides.core.steps.StepInterceptor - STEP DONE: clickDecreaseItems
  &amp#27;[32mAnd &amp#27;[0m&amp#27;[32muser increases the number of items&amp#27;[0m                   &amp#27;[90m# starter.stepdefenitions.ProductSteps.userIncreasesTheNumberOfItems()&amp#27;[0m
21:13:36.793 [Darkroom Processing Line] DEBUG net.serenitybdd.core.photography.DarkroomProcessingLine - Processing screenshot image in /var/screenshots/screenshot-2888768293760890105
21:13:36.793 [Darkroom Processing Line] DEBUG net.serenitybdd.core.photography.DarkroomProcessingLine - Saving screenshot to target\site\serenity\83bf1c13a991afb6f7cc35f070ca283bd012b961d3f52fa0aa9d8d194d2ebbae.png
  &amp#27;[32mThen &amp#27;[0m&amp#27;[32muser success to increases items&amp#27;[0m                     &amp#27;[90m# starter.stepdefenitions.ProductSteps.userSuccessToIncreasesItems()&amp#27;[0m
21:13:36.807 [main] INFO  - 
  _____   ___   ___   _____     ___     _     ___   ___   ___   ___  
 |_   _| | __| / __| |_   _|   | _ \   /_\   / __| / __| | __| |   \ 
   | |   | _|  \__ \   | |     |  _/  / _ \  \__ \ \__ \ | _|  | |) |
   |_|   |___| |___/   |_|     |_|   /_/ \_\ |___/ |___/ |___| |___/ 

As user i want to verify quantity working or not
----------------------------------------------------------------------
21:13:36.809 [AsyncHttpClient-1-6] DEBUG org.asynchttpclient.netty.handler.WebSocketHandler - Channel Closed: [id: 0x4156109f, L:/127.0.0.1:57336 ! R:localhost/127.0.0.1:57329] with attribute NettyResponseFuture{currentRetry=5,
	isDone=1,
	isCancelled=0,
	asyncHandler=org.asynchttpclient.ws.WebSocketUpgradeHandler@5d9fcb9a,
	nettyRequest=org.asynchttpclient.netty.request.NettyRequest@34574a7f,
	future=java.util.concurrent.CompletableFuture@2911368d[Completed normally],
	uri=ws://localhost:57329/devtools/browser/5ad1e837-85a3-4ac5-9c62-fc7a6a329ad4,
	keepAlive=true,
	redirectCount=0,
	timeoutsHolder=null,
	inAuth=0,
	touch=1652796794888}
21:13:36.809 [AsyncHttpClient-1-6] DEBUG org.asynchttpclient.netty.channel.ChannelManager - Closing Channel [id: 0x4156109f, L:/127.0.0.1:57336 ! R:localhost/127.0.0.1:57329] 
21:13:36.809 [Driver Command Executor] DEBUG org.asynchttpclient.netty.request.NettyRequestSender - Using pooled Channel '[id: 0x9988580f, L:/127.0.0.1:57328 - R:localhost/127.0.0.1:55262]' for 'DELETE' to 'http://localhost:55262/session/b96db7b2f3a4c38c3a667e13a3963ce9'
21:13:36.809 [Driver Command Executor] DEBUG org.asynchttpclient.netty.request.NettyRequestSender - Using open Channel [id: 0x9988580f, L:/127.0.0.1:57328 - R:localhost/127.0.0.1:55262] for DELETE '/session/b96db7b2f3a4c38c3a667e13a3963ce9'
21:13:36.900 [AsyncHttpClient-1-5] DEBUG org.asynchttpclient.netty.handler.HttpHandler - Unexpected I/O exception on channel [id: 0x1304ee7f, L:/127.0.0.1:57335 - R:localhost/127.0.0.1:57329]
java.io.IOException: An existing connection was forcibly closed by the remote host
	at sun.nio.ch.SocketDispatcher.read0(Native Method)
	at sun.nio.ch.SocketDispatcher.read(SocketDispatcher.java:43)
	at sun.nio.ch.IOUtil.readIntoNativeBuffer(IOUtil.java:223)
	at sun.nio.ch.IOUtil.read(IOUtil.java:192)
	at sun.nio.ch.SocketChannelImpl.read(SocketChannelImpl.java:378)
	at io.netty.buffer.PooledByteBuf.setBytes(PooledByteBuf.java:258)
	at io.netty.buffer.AbstractByteBuf.writeBytes(AbstractByteBuf.java:1132)
	at io.netty.channel.socket.nio.NioSocketChannel.doReadBytes(NioSocketChannel.java:350)
	at io.netty.channel.nio.AbstractNioByteChannel$NioByteUnsafe.read(AbstractNioByteChannel.java:151)
	at io.netty.channel.nio.NioEventLoop.processSelectedKey(NioEventLoop.java:722)
	at io.netty.channel.nio.NioEventLoop.processSelectedKeysOptimized(NioEventLoop.java:658)
	at io.netty.channel.nio.NioEventLoop.processSelectedKeys(NioEventLoop.java:584)
	at io.netty.channel.nio.NioEventLoop.run(NioEventLoop.java:496)
	at io.netty.util.concurrent.SingleThreadEventExecutor$4.run(SingleThreadEventExecutor.java:986)
	at io.netty.util.internal.ThreadExecutorMap$2.run(ThreadExecutorMap.java:74)
	at io.netty.util.concurrent.FastThreadLocalRunnable.run(FastThreadLocalRunnable.java:30)
	at java.lang.Thread.run(Thread.java:750)
21:13:36.901 [AsyncHttpClient-1-5] DEBUG org.asynchttpclient.netty.channel.ChannelManager - Closing Channel [id: 0x1304ee7f, L:/127.0.0.1:57335 - R:localhost/127.0.0.1:57329] 
21:13:36.901 [AsyncHttpClient-1-5] DEBUG org.asynchttpclient.netty.handler.HttpHandler - Channel Closed: [id: 0x1304ee7f, L:/127.0.0.1:57335 ! R:localhost/127.0.0.1:57329] with attribute DISCARD
21:13:36.922 [AsyncHttpClient-1-4] DEBUG org.asynchttpclient.netty.handler.HttpHandler - 

Request DefaultFullHttpRequest(decodeResult: success, version: HTTP/1.1, content: EmptyByteBufBE)
DELETE /session/b96db7b2f3a4c38c3a667e13a3963ce9 HTTP/1.1
User-Agent: selenium/4.1.2 (java windows)
Content-Type: application/json; charset=utf-8
host: localhost:55262
accept: */*

Response DefaultHttpResponse(decodeResult: success, version: HTTP/1.1)
HTTP/1.1 200 OK
Content-Type: application/json; charset=utf-8
cache-control: no-cache
content-length: 14

21:13:36.922 [AsyncHttpClient-1-4] DEBUG org.asynchttpclient.netty.channel.ChannelManager - Adding key: http://localhost:55262 for channel [id: 0x9988580f, L:/127.0.0.1:57328 - R:localhost/127.0.0.1:55262]
21:13:37.013 [AsyncHttpClient-1-4] DEBUG org.asynchttpclient.netty.handler.HttpHandler - Channel Closed: [id: 0x9988580f, L:/127.0.0.1:57328 ! R:localhost/127.0.0.1:55262] with attribute DISCARD
21:13:37.502 [AsyncHttpClient-1-1] DEBUG org.asynchttpclient.netty.channel.DefaultChannelPool - Entry count for : http://localhost:55262 : 1
21:13:37.502 [AsyncHttpClient-1-1] DEBUG org.asynchttpclient.netty.channel.DefaultChannelPool - Entry count for : http://localhost:57329 : 1
21:13:37.502 [AsyncHttpClient-1-1] DEBUG org.asynchttpclient.netty.channel.DefaultChannelPool - Adding Candidate expired Channel [id: 0x9988580f, L:/127.0.0.1:57328 ! R:localhost/127.0.0.1:55262] isIdleTimeoutExpired=false isRemotelyClosed=true isTtlExpired=false
21:13:37.502 [AsyncHttpClient-1-1] DEBUG org.asynchttpclient.netty.channel.DefaultChannelPool - Closing Idle Channel [id: 0x9988580f, L:/127.0.0.1:57328 ! R:localhost/127.0.0.1:55262]
21:13:37.503 [AsyncHttpClient-1-1] DEBUG org.asynchttpclient.netty.channel.DefaultChannelPool - Adding Candidate expired Channel [id: 0x1304ee7f, L:/127.0.0.1:57335 ! R:localhost/127.0.0.1:57329] isIdleTimeoutExpired=false isRemotelyClosed=true isTtlExpired=false
21:13:37.503 [AsyncHttpClient-1-1] DEBUG org.asynchttpclient.netty.channel.DefaultChannelPool - Closing Idle Channel [id: 0x1304ee7f, L:/127.0.0.1:57335 ! R:localhost/127.0.0.1:57329]
21:13:37.503 [AsyncHttpClient-1-1] DEBUG org.asynchttpclient.netty.channel.DefaultChannelPool - Closed 2 connections out of 2 in 1 ms
]]></system-out>
    <system-err><![CDATA[Starting ChromeDriver 100.0.4896.60 (6a5d10861ce8de5fce22564658033b43cb7de047-refs/branch-heads/4896@{#875}) on port 55262
Only local connections are allowed.
Please see https://chromedriver.chromium.org/security-considerations for suggestions on keeping ChromeDriver safe.
ChromeDriver was started successfully.
[1652796794.712][WARNING]: This version of ChromeDriver has not been tested with Chrome version 101.
May 17, 2022 9:13:14 PM org.openqa.selenium.remote.ProtocolHandshake createSession
INFO: Detected dialect: W3C
May 17, 2022 9:13:14 PM org.openqa.selenium.devtools.CdpVersionFinder findNearestMatch
WARNING: Unable to find an exact match for CDP version 101, so returning the closest version found: 97
May 17, 2022 9:13:14 PM org.openqa.selenium.devtools.CdpVersionFinder findNearestMatch
INFO: Found CDP implementation for version 101 of 97
]]></system-err>
  </testcase>
  <testcase name="As user i have be able to success crete account" classname="As user i want to create account So that i can login" time="14.951">
    <system-out><![CDATA[21:13:37.555 [main] INFO io.cucumber.core.plugin.SerenityReporter - Running feature from file:///D:/github/QE_MUHAMMAD-ADIBASYAH/miniproject/web/src/test/resources/features/Register.feature
21:13:37.563 [main] DEBUG net.thucydides.core.steps.StepEventBus - Test suite started for story net.thucydides.core.model.Story@5074cca9
21:13:37.564 [main] INFO  - Test Suite Started: As user i want to create account So that i can login

@register @positve
Scenario: As user i have be able to success crete account &amp#27;[90m# src/test/resources/features/Register.feature:5&amp#27;[0m
21:13:37.623 [main] INFO io.cucumber.core.plugin.SerenityReporter - Running feature from file:///D:/github/QE_MUHAMMAD-ADIBASYAH/miniproject/web/src/test/resources/features/Register.feature
21:13:37.638 [main] INFO  - 
  _____   ___   ___   _____     ___   _____     _     ___   _____   ___   ___  
 |_   _| | __| / __| |_   _|   / __| |_   _|   /_\   | _ \ |_   _| | __| |   \ 
   | |   | _|  \__ \   | |     \__ \   | |    / _ \  |   /   | |   | _|  | |) |
   |_|   |___| |___/   |_|     |___/   |_|   /_/ \_\ |_|_\   |_|   |___| |___/ 

As user i have be able to success crete account(as-user-i-want-to-create-account-so-that-i-can-login;as-user-i-have-be-able-to-success-crete-account)
--------------------------------------------------------------------------------
21:13:37.861 [main] DEBUG net.thucydides.core.steps.StepInterceptor - STARTING STEP: RegisterSteps.onRegisterPage - openPage
21:13:37.864 [main] INFO net.serenitybdd.core.webdriver.driverproviders.ChromeDriverProvider - Using automatically driver download
21:13:38.128 [main] DEBUG io.github.bonigarcia.wdm.cache.ResolutionCache - Resolution chrome=101 in cache (valid until 22:11:26 17/05/2022 ICT)
21:13:38.136 [main] DEBUG io.github.bonigarcia.wdm.cache.ResolutionCache - Resolution chrome101=101.0.4951.41 in cache (valid until 18:44:33 18/05/2022 ICT)
21:13:38.139 [main] INFO io.github.bonigarcia.wdm.WebDriverManager - Using chromedriver 101.0.4951.41 (resolved driver for Chrome 101)
21:13:38.160 [main] DEBUG io.github.bonigarcia.wdm.WebDriverManager - Driver chromedriver 101.0.4951.41 found in cache
21:13:38.162 [main] INFO io.github.bonigarcia.wdm.WebDriverManager - Exporting webdriver.chrome.driver as C:\Users\Admin\.cache\selenium\chromedriver\win32\101.0.4951.41\chromedriver.exe
21:13:38.310 [main] DEBUG net.serenitybdd.core.webdriver.driverproviders.ProvideNewDriver - Instantiating driver
21:13:38.310 [main] DEBUG net.serenitybdd.core.webdriver.driverproviders.ProvideNewDriver - Driver capabilities: Capabilities {acceptInsecureCerts: false, base.url: https://qa.alta.id/, browserName: chrome, chrome.driver: src/test/resources/webdrive..., driver: chrome, goog:chromeOptions: {args: [], extensions: []}}
21:13:38.882 [AsyncHttpClient-1-7] DEBUG org.asynchttpclient.netty.channel.NettyConnectListener - Using new Channel '[id: 0xbd214447, L:/127.0.0.1:57369 - R:localhost/127.0.0.1:63336]' for 'POST' to '/session'
21:13:40.150 [AsyncHttpClient-1-7] DEBUG org.asynchttpclient.netty.handler.HttpHandler - 

Request DefaultHttpRequest(decodeResult: success, version: HTTP/1.1)
POST /session HTTP/1.1
User-Agent: selenium/4.1.2 (java windows)
Content-Length: 605
Content-Type: application/json; charset=utf-8
host: localhost:63336
accept: */*

Response DefaultHttpResponse(decodeResult: success, version: HTTP/1.1)
HTTP/1.1 200 OK
Content-Type: application/json; charset=utf-8
cache-control: no-cache
content-length: 789

21:13:40.151 [AsyncHttpClient-1-7] DEBUG org.asynchttpclient.netty.channel.ChannelManager - Adding key: http://localhost:63336 for channel [id: 0xbd214447, L:/127.0.0.1:57369 - R:localhost/127.0.0.1:63336]
21:13:40.165 [AsyncHttpClient-1-8] DEBUG org.asynchttpclient.netty.channel.NettyConnectListener - Using new Channel '[id: 0xf873b204, L:/127.0.0.1:57375 - R:localhost/127.0.0.1:57370]' for 'GET' to '/json/version'
21:13:40.166 [AsyncHttpClient-1-8] DEBUG org.asynchttpclient.netty.handler.HttpHandler - 

Request DefaultFullHttpRequest(decodeResult: success, version: HTTP/1.1, content: EmptyByteBufBE)
GET /json/version HTTP/1.1
User-Agent: selenium/4.1.2 (java windows)
host: localhost:57370
accept: */*

Response DefaultHttpResponse(decodeResult: success, version: HTTP/1.1)
HTTP/1.1 200 OK
Content-Type: application/json; charset=UTF-8
content-length: 427

21:13:40.166 [AsyncHttpClient-1-8] DEBUG org.asynchttpclient.netty.channel.ChannelManager - Adding key: http://localhost:57370 for channel [id: 0xf873b204, L:/127.0.0.1:57375 - R:localhost/127.0.0.1:57370]
21:13:40.170 [AsyncHttpClient-1-9] DEBUG org.asynchttpclient.netty.channel.NettyConnectListener - Using new Channel '[id: 0x519b335a, L:/127.0.0.1:57376 - R:localhost/127.0.0.1:57370]' for 'GET' to '/devtools/browser/575b9fa4-a58a-47f2-8330-4f174f87d72d'
21:13:40.171 [AsyncHttpClient-1-9] DEBUG org.asynchttpclient.netty.handler.WebSocketHandler - 

Request DefaultFullHttpRequest(decodeResult: success, version: HTTP/1.1, content: EmptyByteBufBE)
GET /devtools/browser/575b9fa4-a58a-47f2-8330-4f174f87d72d HTTP/1.1
upgrade: websocket
connection: upgrade
sec-websocket-key: NQa3Lt+tlFszZWkOz8GF/w==
sec-websocket-version: 13
origin: http://localhost:57370
host: localhost:57370
accept: */*
user-agent: AHC/2.1

Response DefaultHttpResponse(decodeResult: success, version: HTTP/1.1)
HTTP/1.1 101 WebSocket Protocol Handshake
Upgrade: WebSocket
Connection: Upgrade
Sec-WebSocket-Accept: 4Y/BvaLu6ksrPA6l9jspqFuZCXI=

21:13:40.179 [Forwarding setCurrentWindowSize on session eaf2666ffce014904528e30f320935e9 to remote] DEBUG org.asynchttpclient.netty.request.NettyRequestSender - Using pooled Channel '[id: 0xbd214447, L:/127.0.0.1:57369 - R:localhost/127.0.0.1:63336]' for 'POST' to 'http://localhost:63336/session/eaf2666ffce014904528e30f320935e9/window/rect'
21:13:40.179 [Forwarding setCurrentWindowSize on session eaf2666ffce014904528e30f320935e9 to remote] DEBUG org.asynchttpclient.netty.request.NettyRequestSender - Using open Channel [id: 0xbd214447, L:/127.0.0.1:57369 - R:localhost/127.0.0.1:63336] for POST '/session/eaf2666ffce014904528e30f320935e9/window/rect'
21:13:40.330 [AsyncHttpClient-1-7] DEBUG org.asynchttpclient.netty.handler.HttpHandler - 

Request DefaultHttpRequest(decodeResult: success, version: HTTP/1.1)
POST /session/eaf2666ffce014904528e30f320935e9/window/rect HTTP/1.1
User-Agent: selenium/4.1.2 (java windows)
Content-Length: 37
Content-Type: application/json; charset=utf-8
host: localhost:63336
accept: */*

Response DefaultHttpResponse(decodeResult: success, version: HTTP/1.1)
HTTP/1.1 200 OK
Content-Type: application/json; charset=utf-8
cache-control: no-cache
content-length: 51

21:13:40.330 [AsyncHttpClient-1-7] DEBUG org.asynchttpclient.netty.channel.ChannelManager - Adding key: http://localhost:63336 for channel [id: 0xbd214447, L:/127.0.0.1:57369 - R:localhost/127.0.0.1:63336]
21:13:40.332 [Forwarding setWindowPosition on session eaf2666ffce014904528e30f320935e9 to remote] DEBUG org.asynchttpclient.netty.request.NettyRequestSender - Using pooled Channel '[id: 0xbd214447, L:/127.0.0.1:57369 - R:localhost/127.0.0.1:63336]' for 'POST' to 'http://localhost:63336/session/eaf2666ffce014904528e30f320935e9/window/rect'
21:13:40.332 [Forwarding setWindowPosition on session eaf2666ffce014904528e30f320935e9 to remote] DEBUG org.asynchttpclient.netty.request.NettyRequestSender - Using open Channel [id: 0xbd214447, L:/127.0.0.1:57369 - R:localhost/127.0.0.1:63336] for POST '/session/eaf2666ffce014904528e30f320935e9/window/rect'
21:13:40.439 [AsyncHttpClient-1-7] DEBUG org.asynchttpclient.netty.handler.HttpHandler - 

Request DefaultHttpRequest(decodeResult: success, version: HTTP/1.1)
POST /session/eaf2666ffce014904528e30f320935e9/window/rect HTTP/1.1
User-Agent: selenium/4.1.2 (java windows)
Content-Length: 22
Content-Type: application/json; charset=utf-8
host: localhost:63336
accept: */*

Response DefaultHttpResponse(decodeResult: success, version: HTTP/1.1)
HTTP/1.1 200 OK
Content-Type: application/json; charset=utf-8
cache-control: no-cache
content-length: 49

21:13:40.439 [AsyncHttpClient-1-7] DEBUG org.asynchttpclient.netty.channel.ChannelManager - Adding key: http://localhost:63336 for channel [id: 0xbd214447, L:/127.0.0.1:57369 - R:localhost/127.0.0.1:63336]
21:13:40.441 [Forwarding get on session eaf2666ffce014904528e30f320935e9 to remote] DEBUG org.asynchttpclient.netty.request.NettyRequestSender - Using pooled Channel '[id: 0xbd214447, L:/127.0.0.1:57369 - R:localhost/127.0.0.1:63336]' for 'POST' to 'http://localhost:63336/session/eaf2666ffce014904528e30f320935e9/url'
21:13:40.441 [Forwarding get on session eaf2666ffce014904528e30f320935e9 to remote] DEBUG org.asynchttpclient.netty.request.NettyRequestSender - Using open Channel [id: 0xbd214447, L:/127.0.0.1:57369 - R:localhost/127.0.0.1:63336] for POST '/session/eaf2666ffce014904528e30f320935e9/url'
21:13:40.801 [AsyncHttpClient-1-1] DEBUG org.asynchttpclient.netty.channel.DefaultChannelPool - Entry count for : http://localhost:57370 : 1
21:13:41.892 [AsyncHttpClient-1-1] DEBUG org.asynchttpclient.netty.channel.DefaultChannelPool - Entry count for : http://localhost:57370 : 1
21:13:42.995 [AsyncHttpClient-1-1] DEBUG org.asynchttpclient.netty.channel.DefaultChannelPool - Entry count for : http://localhost:57370 : 1
21:13:44.092 [AsyncHttpClient-1-1] DEBUG org.asynchttpclient.netty.channel.DefaultChannelPool - Entry count for : http://localhost:57370 : 1
21:13:45.191 [AsyncHttpClient-1-1] DEBUG org.asynchttpclient.netty.channel.DefaultChannelPool - Entry count for : http://localhost:57370 : 1
21:13:46.292 [AsyncHttpClient-1-1] DEBUG org.asynchttpclient.netty.channel.DefaultChannelPool - Entry count for : http://localhost:57370 : 1
21:13:47.399 [AsyncHttpClient-1-1] DEBUG org.asynchttpclient.netty.channel.DefaultChannelPool - Entry count for : http://localhost:57370 : 1
21:13:47.785 [AsyncHttpClient-1-7] DEBUG org.asynchttpclient.netty.handler.HttpHandler - 

Request DefaultHttpRequest(decodeResult: success, version: HTTP/1.1)
POST /session/eaf2666ffce014904528e30f320935e9/url HTTP/1.1
User-Agent: selenium/4.1.2 (java windows)
Content-Length: 49
Content-Type: application/json; charset=utf-8
host: localhost:63336
accept: */*

Response DefaultHttpResponse(decodeResult: success, version: HTTP/1.1)
HTTP/1.1 200 OK
Content-Type: application/json; charset=utf-8
cache-control: no-cache
content-length: 14

21:13:47.785 [AsyncHttpClient-1-7] DEBUG org.asynchttpclient.netty.channel.ChannelManager - Adding key: http://localhost:63336 for channel [id: 0xbd214447, L:/127.0.0.1:57369 - R:localhost/127.0.0.1:63336]
21:13:47.788 [Forwarding setTimeout on session eaf2666ffce014904528e30f320935e9 to remote] DEBUG org.asynchttpclient.netty.request.NettyRequestSender - Using pooled Channel '[id: 0xbd214447, L:/127.0.0.1:57369 - R:localhost/127.0.0.1:63336]' for 'POST' to 'http://localhost:63336/session/eaf2666ffce014904528e30f320935e9/timeouts'
21:13:47.789 [Forwarding setTimeout on session eaf2666ffce014904528e30f320935e9 to remote] DEBUG org.asynchttpclient.netty.request.NettyRequestSender - Using open Channel [id: 0xbd214447, L:/127.0.0.1:57369 - R:localhost/127.0.0.1:63336] for POST '/session/eaf2666ffce014904528e30f320935e9/timeouts'
21:13:47.798 [AsyncHttpClient-1-7] DEBUG org.asynchttpclient.netty.handler.HttpHandler - 

Request DefaultHttpRequest(decodeResult: success, version: HTTP/1.1)
POST /session/eaf2666ffce014904528e30f320935e9/timeouts HTTP/1.1
User-Agent: selenium/4.1.2 (java windows)
Content-Length: 22
Content-Type: application/json; charset=utf-8
host: localhost:63336
accept: */*

Response DefaultHttpResponse(decodeResult: success, version: HTTP/1.1)
HTTP/1.1 200 OK
Content-Type: application/json; charset=utf-8
cache-control: no-cache
content-length: 14

21:13:47.798 [AsyncHttpClient-1-7] DEBUG org.asynchttpclient.netty.channel.ChannelManager - Adding key: http://localhost:63336 for channel [id: 0xbd214447, L:/127.0.0.1:57369 - R:localhost/127.0.0.1:63336]
21:13:47.808 [Forwarding getCurrentUrl on session eaf2666ffce014904528e30f320935e9 to remote] DEBUG org.asynchttpclient.netty.request.NettyRequestSender - Using pooled Channel '[id: 0xbd214447, L:/127.0.0.1:57369 - R:localhost/127.0.0.1:63336]' for 'GET' to 'http://localhost:63336/session/eaf2666ffce014904528e30f320935e9/url'
21:13:47.808 [Forwarding getCurrentUrl on session eaf2666ffce014904528e30f320935e9 to remote] DEBUG org.asynchttpclient.netty.request.NettyRequestSender - Using open Channel [id: 0xbd214447, L:/127.0.0.1:57369 - R:localhost/127.0.0.1:63336] for GET '/session/eaf2666ffce014904528e30f320935e9/url'
21:13:47.822 [AsyncHttpClient-1-7] DEBUG org.asynchttpclient.netty.handler.HttpHandler - 

Request DefaultFullHttpRequest(decodeResult: success, version: HTTP/1.1, content: EmptyByteBufBE)
GET /session/eaf2666ffce014904528e30f320935e9/url HTTP/1.1
User-Agent: selenium/4.1.2 (java windows)
Cache-Control: no-cache
Content-Type: application/json; charset=utf-8
host: localhost:63336
accept: */*

Response DefaultHttpResponse(decodeResult: success, version: HTTP/1.1)
HTTP/1.1 200 OK
Content-Type: application/json; charset=utf-8
cache-control: no-cache
content-length: 31

21:13:47.823 [AsyncHttpClient-1-7] DEBUG org.asynchttpclient.netty.channel.ChannelManager - Adding key: http://localhost:63336 for channel [id: 0xbd214447, L:/127.0.0.1:57369 - R:localhost/127.0.0.1:63336]
21:13:47.827 [Forwarding getCurrentUrl on session eaf2666ffce014904528e30f320935e9 to remote] DEBUG org.asynchttpclient.netty.request.NettyRequestSender - Using pooled Channel '[id: 0xbd214447, L:/127.0.0.1:57369 - R:localhost/127.0.0.1:63336]' for 'GET' to 'http://localhost:63336/session/eaf2666ffce014904528e30f320935e9/url'
21:13:47.827 [Forwarding getCurrentUrl on session eaf2666ffce014904528e30f320935e9 to remote] DEBUG org.asynchttpclient.netty.request.NettyRequestSender - Using open Channel [id: 0xbd214447, L:/127.0.0.1:57369 - R:localhost/127.0.0.1:63336] for GET '/session/eaf2666ffce014904528e30f320935e9/url'
21:13:47.832 [AsyncHttpClient-1-7] DEBUG org.asynchttpclient.netty.handler.HttpHandler - 

Request DefaultFullHttpRequest(decodeResult: success, version: HTTP/1.1, content: EmptyByteBufBE)
GET /session/eaf2666ffce014904528e30f320935e9/url HTTP/1.1
User-Agent: selenium/4.1.2 (java windows)
Cache-Control: no-cache
Content-Type: application/json; charset=utf-8
host: localhost:63336
accept: */*

Response DefaultHttpResponse(decodeResult: success, version: HTTP/1.1)
HTTP/1.1 200 OK
Content-Type: application/json; charset=utf-8
cache-control: no-cache
content-length: 31

21:13:47.832 [AsyncHttpClient-1-7] DEBUG org.asynchttpclient.netty.channel.ChannelManager - Adding key: http://localhost:63336 for channel [id: 0xbd214447, L:/127.0.0.1:57369 - R:localhost/127.0.0.1:63336]
21:13:47.845 [main] DEBUG net.serenitybdd.core.photography.Darkroom - Opening darkroom
21:13:47.846 [Forwarding screenshot on session eaf2666ffce014904528e30f320935e9 to remote] DEBUG org.asynchttpclient.netty.request.NettyRequestSender - Using pooled Channel '[id: 0xbd214447, L:/127.0.0.1:57369 - R:localhost/127.0.0.1:63336]' for 'GET' to 'http://localhost:63336/session/eaf2666ffce014904528e30f320935e9/screenshot'
21:13:47.846 [Darkroom Processing Line] DEBUG net.serenitybdd.core.photography.DarkroomProcessingLine - Darkroom processing line starting up
21:13:47.846 [Forwarding screenshot on session eaf2666ffce014904528e30f320935e9 to remote] DEBUG org.asynchttpclient.netty.request.NettyRequestSender - Using open Channel [id: 0xbd214447, L:/127.0.0.1:57369 - R:localhost/127.0.0.1:63336] for GET '/session/eaf2666ffce014904528e30f320935e9/screenshot'
21:13:48.040 [AsyncHttpClient-1-7] DEBUG org.asynchttpclient.netty.handler.HttpHandler - 

Request DefaultFullHttpRequest(decodeResult: success, version: HTTP/1.1, content: EmptyByteBufBE)
GET /session/eaf2666ffce014904528e30f320935e9/screenshot HTTP/1.1
User-Agent: selenium/4.1.2 (java windows)
Cache-Control: no-cache
Content-Type: application/json; charset=utf-8
host: localhost:63336
accept: */*

Response DefaultHttpResponse(decodeResult: success, version: HTTP/1.1)
HTTP/1.1 200 OK
Content-Type: application/json; charset=utf-8
cache-control: no-cache
content-length: 30848

21:13:48.041 [AsyncHttpClient-1-7] DEBUG org.asynchttpclient.netty.channel.ChannelManager - Adding key: http://localhost:63336 for channel [id: 0xbd214447, L:/127.0.0.1:57369 - R:localhost/127.0.0.1:63336]
21:13:48.043 [main] DEBUG net.serenitybdd.core.photography.Darkroom - Send negative for processing for target\site\serenity\d9f587c082a426653773ddf660a1eaacd191fe8d34aad710fbd986a598a9dd57.png
21:13:48.044 [main] DEBUG net.thucydides.core.steps.StepInterceptor - STEP DONE: openPage
21:13:48.045 [Darkroom Processing Line] DEBUG net.serenitybdd.core.photography.DarkroomProcessingLine - Processing screenshot image in /var/screenshots/screenshot-1747243249855638658
21:13:48.045 [Darkroom Processing Line] DEBUG net.serenitybdd.core.photography.DarkroomProcessingLine - Saving screenshot to target\site\serenity\d9f587c082a426653773ddf660a1eaacd191fe8d34aad710fbd986a598a9dd57.png
21:13:48.059 [main] DEBUG net.thucydides.core.steps.StepInterceptor - STARTING STEP: RegisterSteps.onRegisterPage - clickLoginIcon
21:13:48.071 [Forwarding findElement on session eaf2666ffce014904528e30f320935e9 to remote] DEBUG org.asynchttpclient.netty.request.NettyRequestSender - Using pooled Channel '[id: 0xbd214447, L:/127.0.0.1:57369 - R:localhost/127.0.0.1:63336]' for 'POST' to 'http://localhost:63336/session/eaf2666ffce014904528e30f320935e9/element'
21:13:48.071 [Forwarding findElement on session eaf2666ffce014904528e30f320935e9 to remote] DEBUG org.asynchttpclient.netty.request.NettyRequestSender - Using open Channel [id: 0xbd214447, L:/127.0.0.1:57369 - R:localhost/127.0.0.1:63336] for POST '/session/eaf2666ffce014904528e30f320935e9/element'
21:13:48.096 [AsyncHttpClient-1-7] DEBUG org.asynchttpclient.netty.handler.HttpHandler - 

Request DefaultHttpRequest(decodeResult: success, version: HTTP/1.1)
POST /session/eaf2666ffce014904528e30f320935e9/element HTTP/1.1
User-Agent: selenium/4.1.2 (java windows)
Content-Length: 129
Content-Type: application/json; charset=utf-8
host: localhost:63336
accept: */*

Response DefaultHttpResponse(decodeResult: success, version: HTTP/1.1)
HTTP/1.1 200 OK
Content-Type: application/json; charset=utf-8
cache-control: no-cache
content-length: 88

21:13:48.096 [AsyncHttpClient-1-7] DEBUG org.asynchttpclient.netty.channel.ChannelManager - Adding key: http://localhost:63336 for channel [id: 0xbd214447, L:/127.0.0.1:57369 - R:localhost/127.0.0.1:63336]
21:13:48.098 [Forwarding getElementTagName on session eaf2666ffce014904528e30f320935e9 to remote] DEBUG org.asynchttpclient.netty.request.NettyRequestSender - Using pooled Channel '[id: 0xbd214447, L:/127.0.0.1:57369 - R:localhost/127.0.0.1:63336]' for 'GET' to 'http://localhost:63336/session/eaf2666ffce014904528e30f320935e9/element/ba1486b0-a3d8-4741-81c6-56b56fa7234d/name'
21:13:48.098 [Forwarding getElementTagName on session eaf2666ffce014904528e30f320935e9 to remote] DEBUG org.asynchttpclient.netty.request.NettyRequestSender - Using open Channel [id: 0xbd214447, L:/127.0.0.1:57369 - R:localhost/127.0.0.1:63336] for GET '/session/eaf2666ffce014904528e30f320935e9/element/ba1486b0-a3d8-4741-81c6-56b56fa7234d/name'
21:13:48.209 [AsyncHttpClient-1-7] DEBUG org.asynchttpclient.netty.handler.HttpHandler - 

Request DefaultFullHttpRequest(decodeResult: success, version: HTTP/1.1, content: EmptyByteBufBE)
GET /session/eaf2666ffce014904528e30f320935e9/element/ba1486b0-a3d8-4741-81c6-56b56fa7234d/name HTTP/1.1
User-Agent: selenium/4.1.2 (java windows)
Cache-Control: no-cache
Content-Type: application/json; charset=utf-8
host: localhost:63336
accept: */*

Response DefaultHttpResponse(decodeResult: success, version: HTTP/1.1)
HTTP/1.1 200 OK
Content-Type: application/json; charset=utf-8
cache-control: no-cache
content-length: 18

21:13:48.209 [AsyncHttpClient-1-7] DEBUG org.asynchttpclient.netty.channel.ChannelManager - Adding key: http://localhost:63336 for channel [id: 0xbd214447, L:/127.0.0.1:57369 - R:localhost/127.0.0.1:63336]
21:13:48.211 [Forwarding getElementTagName on session eaf2666ffce014904528e30f320935e9 to remote] DEBUG org.asynchttpclient.netty.request.NettyRequestSender - Using pooled Channel '[id: 0xbd214447, L:/127.0.0.1:57369 - R:localhost/127.0.0.1:63336]' for 'GET' to 'http://localhost:63336/session/eaf2666ffce014904528e30f320935e9/element/ba1486b0-a3d8-4741-81c6-56b56fa7234d/name'
21:13:48.211 [Forwarding getElementTagName on session eaf2666ffce014904528e30f320935e9 to remote] DEBUG org.asynchttpclient.netty.request.NettyRequestSender - Using open Channel [id: 0xbd214447, L:/127.0.0.1:57369 - R:localhost/127.0.0.1:63336] for GET '/session/eaf2666ffce014904528e30f320935e9/element/ba1486b0-a3d8-4741-81c6-56b56fa7234d/name'
21:13:48.215 [AsyncHttpClient-1-7] DEBUG org.asynchttpclient.netty.handler.HttpHandler - 

Request DefaultFullHttpRequest(decodeResult: success, version: HTTP/1.1, content: EmptyByteBufBE)
GET /session/eaf2666ffce014904528e30f320935e9/element/ba1486b0-a3d8-4741-81c6-56b56fa7234d/name HTTP/1.1
User-Agent: selenium/4.1.2 (java windows)
Cache-Control: no-cache
Content-Type: application/json; charset=utf-8
host: localhost:63336
accept: */*

Response DefaultHttpResponse(decodeResult: success, version: HTTP/1.1)
HTTP/1.1 200 OK
Content-Type: application/json; charset=utf-8
cache-control: no-cache
content-length: 18

21:13:48.215 [AsyncHttpClient-1-7] DEBUG org.asynchttpclient.netty.channel.ChannelManager - Adding key: http://localhost:63336 for channel [id: 0xbd214447, L:/127.0.0.1:57369 - R:localhost/127.0.0.1:63336]
21:13:48.218 [Forwarding isElementEnabled on session eaf2666ffce014904528e30f320935e9 to remote] DEBUG org.asynchttpclient.netty.request.NettyRequestSender - Using pooled Channel '[id: 0xbd214447, L:/127.0.0.1:57369 - R:localhost/127.0.0.1:63336]' for 'GET' to 'http://localhost:63336/session/eaf2666ffce014904528e30f320935e9/element/ba1486b0-a3d8-4741-81c6-56b56fa7234d/enabled'
21:13:48.218 [Forwarding isElementEnabled on session eaf2666ffce014904528e30f320935e9 to remote] DEBUG org.asynchttpclient.netty.request.NettyRequestSender - Using open Channel [id: 0xbd214447, L:/127.0.0.1:57369 - R:localhost/127.0.0.1:63336] for GET '/session/eaf2666ffce014904528e30f320935e9/element/ba1486b0-a3d8-4741-81c6-56b56fa7234d/enabled'
21:13:48.228 [AsyncHttpClient-1-7] DEBUG org.asynchttpclient.netty.handler.HttpHandler - 

Request DefaultFullHttpRequest(decodeResult: success, version: HTTP/1.1, content: EmptyByteBufBE)
GET /session/eaf2666ffce014904528e30f320935e9/element/ba1486b0-a3d8-4741-81c6-56b56fa7234d/enabled HTTP/1.1
User-Agent: selenium/4.1.2 (java windows)
Cache-Control: no-cache
Content-Type: application/json; charset=utf-8
host: localhost:63336
accept: */*

Response DefaultHttpResponse(decodeResult: success, version: HTTP/1.1)
HTTP/1.1 200 OK
Content-Type: application/json; charset=utf-8
cache-control: no-cache
content-length: 14

21:13:48.228 [AsyncHttpClient-1-7] DEBUG org.asynchttpclient.netty.channel.ChannelManager - Adding key: http://localhost:63336 for channel [id: 0xbd214447, L:/127.0.0.1:57369 - R:localhost/127.0.0.1:63336]
21:13:48.230 [Forwarding isElementEnabled on session eaf2666ffce014904528e30f320935e9 to remote] DEBUG org.asynchttpclient.netty.request.NettyRequestSender - Using pooled Channel '[id: 0xbd214447, L:/127.0.0.1:57369 - R:localhost/127.0.0.1:63336]' for 'GET' to 'http://localhost:63336/session/eaf2666ffce014904528e30f320935e9/element/ba1486b0-a3d8-4741-81c6-56b56fa7234d/enabled'
21:13:48.230 [Forwarding isElementEnabled on session eaf2666ffce014904528e30f320935e9 to remote] DEBUG org.asynchttpclient.netty.request.NettyRequestSender - Using open Channel [id: 0xbd214447, L:/127.0.0.1:57369 - R:localhost/127.0.0.1:63336] for GET '/session/eaf2666ffce014904528e30f320935e9/element/ba1486b0-a3d8-4741-81c6-56b56fa7234d/enabled'
21:13:48.237 [AsyncHttpClient-1-7] DEBUG org.asynchttpclient.netty.handler.HttpHandler - 

Request DefaultFullHttpRequest(decodeResult: success, version: HTTP/1.1, content: EmptyByteBufBE)
GET /session/eaf2666ffce014904528e30f320935e9/element/ba1486b0-a3d8-4741-81c6-56b56fa7234d/enabled HTTP/1.1
User-Agent: selenium/4.1.2 (java windows)
Cache-Control: no-cache
Content-Type: application/json; charset=utf-8
host: localhost:63336
accept: */*

Response DefaultHttpResponse(decodeResult: success, version: HTTP/1.1)
HTTP/1.1 200 OK
Content-Type: application/json; charset=utf-8
cache-control: no-cache
content-length: 14

21:13:48.237 [AsyncHttpClient-1-7] DEBUG org.asynchttpclient.netty.channel.ChannelManager - Adding key: http://localhost:63336 for channel [id: 0xbd214447, L:/127.0.0.1:57369 - R:localhost/127.0.0.1:63336]
21:13:48.240 [Forwarding findElement on session eaf2666ffce014904528e30f320935e9 to remote] DEBUG org.asynchttpclient.netty.request.NettyRequestSender - Using pooled Channel '[id: 0xbd214447, L:/127.0.0.1:57369 - R:localhost/127.0.0.1:63336]' for 'POST' to 'http://localhost:63336/session/eaf2666ffce014904528e30f320935e9/element'
21:13:48.240 [Forwarding findElement on session eaf2666ffce014904528e30f320935e9 to remote] DEBUG org.asynchttpclient.netty.request.NettyRequestSender - Using open Channel [id: 0xbd214447, L:/127.0.0.1:57369 - R:localhost/127.0.0.1:63336] for POST '/session/eaf2666ffce014904528e30f320935e9/element'
21:13:48.249 [AsyncHttpClient-1-7] DEBUG org.asynchttpclient.netty.handler.HttpHandler - 

Request DefaultHttpRequest(decodeResult: success, version: HTTP/1.1)
POST /session/eaf2666ffce014904528e30f320935e9/element HTTP/1.1
User-Agent: selenium/4.1.2 (java windows)
Content-Length: 129
Content-Type: application/json; charset=utf-8
host: localhost:63336
accept: */*

Response DefaultHttpResponse(decodeResult: success, version: HTTP/1.1)
HTTP/1.1 200 OK
Content-Type: application/json; charset=utf-8
cache-control: no-cache
content-length: 88

21:13:48.249 [AsyncHttpClient-1-7] DEBUG org.asynchttpclient.netty.channel.ChannelManager - Adding key: http://localhost:63336 for channel [id: 0xbd214447, L:/127.0.0.1:57369 - R:localhost/127.0.0.1:63336]
21:13:48.252 [Forwarding clickElement on session eaf2666ffce014904528e30f320935e9 to remote] DEBUG org.asynchttpclient.netty.request.NettyRequestSender - Using pooled Channel '[id: 0xbd214447, L:/127.0.0.1:57369 - R:localhost/127.0.0.1:63336]' for 'POST' to 'http://localhost:63336/session/eaf2666ffce014904528e30f320935e9/element/ba1486b0-a3d8-4741-81c6-56b56fa7234d/click'
21:13:48.252 [Forwarding clickElement on session eaf2666ffce014904528e30f320935e9 to remote] DEBUG org.asynchttpclient.netty.request.NettyRequestSender - Using open Channel [id: 0xbd214447, L:/127.0.0.1:57369 - R:localhost/127.0.0.1:63336] for POST '/session/eaf2666ffce014904528e30f320935e9/element/ba1486b0-a3d8-4741-81c6-56b56fa7234d/click'
21:13:48.343 [AsyncHttpClient-1-7] DEBUG org.asynchttpclient.netty.handler.HttpHandler - 

Request DefaultHttpRequest(decodeResult: success, version: HTTP/1.1)
POST /session/eaf2666ffce014904528e30f320935e9/element/ba1486b0-a3d8-4741-81c6-56b56fa7234d/click HTTP/1.1
User-Agent: selenium/4.1.2 (java windows)
Content-Length: 50
Content-Type: application/json; charset=utf-8
host: localhost:63336
accept: */*

Response DefaultHttpResponse(decodeResult: success, version: HTTP/1.1)
HTTP/1.1 200 OK
Content-Type: application/json; charset=utf-8
cache-control: no-cache
content-length: 14

21:13:48.343 [AsyncHttpClient-1-7] DEBUG org.asynchttpclient.netty.channel.ChannelManager - Adding key: http://localhost:63336 for channel [id: 0xbd214447, L:/127.0.0.1:57369 - R:localhost/127.0.0.1:63336]
21:13:48.364 [Forwarding screenshot on session eaf2666ffce014904528e30f320935e9 to remote] DEBUG org.asynchttpclient.netty.request.NettyRequestSender - Using pooled Channel '[id: 0xbd214447, L:/127.0.0.1:57369 - R:localhost/127.0.0.1:63336]' for 'GET' to 'http://localhost:63336/session/eaf2666ffce014904528e30f320935e9/screenshot'
21:13:48.364 [Forwarding screenshot on session eaf2666ffce014904528e30f320935e9 to remote] DEBUG org.asynchttpclient.netty.request.NettyRequestSender - Using open Channel [id: 0xbd214447, L:/127.0.0.1:57369 - R:localhost/127.0.0.1:63336] for GET '/session/eaf2666ffce014904528e30f320935e9/screenshot'
21:13:48.492 [AsyncHttpClient-1-1] DEBUG org.asynchttpclient.netty.channel.DefaultChannelPool - Entry count for : http://localhost:57370 : 1
21:13:48.743 [AsyncHttpClient-1-7] DEBUG org.asynchttpclient.netty.handler.HttpHandler - 

Request DefaultFullHttpRequest(decodeResult: success, version: HTTP/1.1, content: EmptyByteBufBE)
GET /session/eaf2666ffce014904528e30f320935e9/screenshot HTTP/1.1
User-Agent: selenium/4.1.2 (java windows)
Cache-Control: no-cache
Content-Type: application/json; charset=utf-8
host: localhost:63336
accept: */*

Response DefaultHttpResponse(decodeResult: success, version: HTTP/1.1)
HTTP/1.1 200 OK
Content-Type: application/json; charset=utf-8
cache-control: no-cache
content-length: 26976

21:13:48.743 [AsyncHttpClient-1-7] DEBUG org.asynchttpclient.netty.channel.ChannelManager - Adding key: http://localhost:63336 for channel [id: 0xbd214447, L:/127.0.0.1:57369 - R:localhost/127.0.0.1:63336]
21:13:48.746 [main] DEBUG net.serenitybdd.core.photography.Darkroom - Send negative for processing for target\site\serenity\c41464e010af9b7ce215f5176ebb876837e37199f2009aaf07e879ae059effc1.png
21:13:48.746 [main] DEBUG net.thucydides.core.steps.StepInterceptor - STEP DONE: clickLoginIcon
21:13:48.747 [Darkroom Processing Line] DEBUG net.serenitybdd.core.photography.DarkroomProcessingLine - Processing screenshot image in /var/screenshots/screenshot-7782060956994466729
21:13:48.747 [Darkroom Processing Line] DEBUG net.serenitybdd.core.photography.DarkroomProcessingLine - Saving screenshot to target\site\serenity\c41464e010af9b7ce215f5176ebb876837e37199f2009aaf07e879ae059effc1.png
21:13:48.757 [main] DEBUG net.thucydides.core.steps.StepInterceptor - STARTING STEP: RegisterSteps.onRegisterPage - clickRegisterIcon
21:13:48.761 [Forwarding findElement on session eaf2666ffce014904528e30f320935e9 to remote] DEBUG org.asynchttpclient.netty.request.NettyRequestSender - Using pooled Channel '[id: 0xbd214447, L:/127.0.0.1:57369 - R:localhost/127.0.0.1:63336]' for 'POST' to 'http://localhost:63336/session/eaf2666ffce014904528e30f320935e9/element'
21:13:48.761 [Forwarding findElement on session eaf2666ffce014904528e30f320935e9 to remote] DEBUG org.asynchttpclient.netty.request.NettyRequestSender - Using open Channel [id: 0xbd214447, L:/127.0.0.1:57369 - R:localhost/127.0.0.1:63336] for POST '/session/eaf2666ffce014904528e30f320935e9/element'
21:13:48.778 [AsyncHttpClient-1-7] DEBUG org.asynchttpclient.netty.handler.HttpHandler - 

Request DefaultHttpRequest(decodeResult: success, version: HTTP/1.1)
POST /session/eaf2666ffce014904528e30f320935e9/element HTTP/1.1
User-Agent: selenium/4.1.2 (java windows)
Content-Length: 50
Content-Type: application/json; charset=utf-8
host: localhost:63336
accept: */*

Response DefaultHttpResponse(decodeResult: success, version: HTTP/1.1)
HTTP/1.1 200 OK
Content-Type: application/json; charset=utf-8
cache-control: no-cache
content-length: 88

21:13:48.778 [AsyncHttpClient-1-7] DEBUG org.asynchttpclient.netty.channel.ChannelManager - Adding key: http://localhost:63336 for channel [id: 0xbd214447, L:/127.0.0.1:57369 - R:localhost/127.0.0.1:63336]
21:13:48.779 [Forwarding getElementTagName on session eaf2666ffce014904528e30f320935e9 to remote] DEBUG org.asynchttpclient.netty.request.NettyRequestSender - Using pooled Channel '[id: 0xbd214447, L:/127.0.0.1:57369 - R:localhost/127.0.0.1:63336]' for 'GET' to 'http://localhost:63336/session/eaf2666ffce014904528e30f320935e9/element/2dd83593-6548-4a08-b9cc-09b211a3e408/name'
21:13:48.779 [Forwarding getElementTagName on session eaf2666ffce014904528e30f320935e9 to remote] DEBUG org.asynchttpclient.netty.request.NettyRequestSender - Using open Channel [id: 0xbd214447, L:/127.0.0.1:57369 - R:localhost/127.0.0.1:63336] for GET '/session/eaf2666ffce014904528e30f320935e9/element/2dd83593-6548-4a08-b9cc-09b211a3e408/name'
21:13:48.785 [AsyncHttpClient-1-7] DEBUG org.asynchttpclient.netty.handler.HttpHandler - 

Request DefaultFullHttpRequest(decodeResult: success, version: HTTP/1.1, content: EmptyByteBufBE)
GET /session/eaf2666ffce014904528e30f320935e9/element/2dd83593-6548-4a08-b9cc-09b211a3e408/name HTTP/1.1
User-Agent: selenium/4.1.2 (java windows)
Cache-Control: no-cache
Content-Type: application/json; charset=utf-8
host: localhost:63336
accept: */*

Response DefaultHttpResponse(decodeResult: success, version: HTTP/1.1)
HTTP/1.1 200 OK
Content-Type: application/json; charset=utf-8
cache-control: no-cache
content-length: 13

21:13:48.786 [AsyncHttpClient-1-7] DEBUG org.asynchttpclient.netty.channel.ChannelManager - Adding key: http://localhost:63336 for channel [id: 0xbd214447, L:/127.0.0.1:57369 - R:localhost/127.0.0.1:63336]
21:13:48.788 [Forwarding getElementTagName on session eaf2666ffce014904528e30f320935e9 to remote] DEBUG org.asynchttpclient.netty.request.NettyRequestSender - Using pooled Channel '[id: 0xbd214447, L:/127.0.0.1:57369 - R:localhost/127.0.0.1:63336]' for 'GET' to 'http://localhost:63336/session/eaf2666ffce014904528e30f320935e9/element/2dd83593-6548-4a08-b9cc-09b211a3e408/name'
21:13:48.788 [Forwarding getElementTagName on session eaf2666ffce014904528e30f320935e9 to remote] DEBUG org.asynchttpclient.netty.request.NettyRequestSender - Using open Channel [id: 0xbd214447, L:/127.0.0.1:57369 - R:localhost/127.0.0.1:63336] for GET '/session/eaf2666ffce014904528e30f320935e9/element/2dd83593-6548-4a08-b9cc-09b211a3e408/name'
21:13:48.794 [AsyncHttpClient-1-7] DEBUG org.asynchttpclient.netty.handler.HttpHandler - 

Request DefaultFullHttpRequest(decodeResult: success, version: HTTP/1.1, content: EmptyByteBufBE)
GET /session/eaf2666ffce014904528e30f320935e9/element/2dd83593-6548-4a08-b9cc-09b211a3e408/name HTTP/1.1
User-Agent: selenium/4.1.2 (java windows)
Cache-Control: no-cache
Content-Type: application/json; charset=utf-8
host: localhost:63336
accept: */*

Response DefaultHttpResponse(decodeResult: success, version: HTTP/1.1)
HTTP/1.1 200 OK
Content-Type: application/json; charset=utf-8
cache-control: no-cache
content-length: 13

21:13:48.795 [AsyncHttpClient-1-7] DEBUG org.asynchttpclient.netty.channel.ChannelManager - Adding key: http://localhost:63336 for channel [id: 0xbd214447, L:/127.0.0.1:57369 - R:localhost/127.0.0.1:63336]
21:13:48.798 [Forwarding findElement on session eaf2666ffce014904528e30f320935e9 to remote] DEBUG org.asynchttpclient.netty.request.NettyRequestSender - Using pooled Channel '[id: 0xbd214447, L:/127.0.0.1:57369 - R:localhost/127.0.0.1:63336]' for 'POST' to 'http://localhost:63336/session/eaf2666ffce014904528e30f320935e9/element'
21:13:48.798 [Forwarding findElement on session eaf2666ffce014904528e30f320935e9 to remote] DEBUG org.asynchttpclient.netty.request.NettyRequestSender - Using open Channel [id: 0xbd214447, L:/127.0.0.1:57369 - R:localhost/127.0.0.1:63336] for POST '/session/eaf2666ffce014904528e30f320935e9/element'
21:13:48.809 [AsyncHttpClient-1-7] DEBUG org.asynchttpclient.netty.handler.HttpHandler - 

Request DefaultHttpRequest(decodeResult: success, version: HTTP/1.1)
POST /session/eaf2666ffce014904528e30f320935e9/element HTTP/1.1
User-Agent: selenium/4.1.2 (java windows)
Content-Length: 50
Content-Type: application/json; charset=utf-8
host: localhost:63336
accept: */*

Response DefaultHttpResponse(decodeResult: success, version: HTTP/1.1)
HTTP/1.1 200 OK
Content-Type: application/json; charset=utf-8
cache-control: no-cache
content-length: 88

21:13:48.809 [AsyncHttpClient-1-7] DEBUG org.asynchttpclient.netty.channel.ChannelManager - Adding key: http://localhost:63336 for channel [id: 0xbd214447, L:/127.0.0.1:57369 - R:localhost/127.0.0.1:63336]
21:13:48.817 [Forwarding clickElement on session eaf2666ffce014904528e30f320935e9 to remote] DEBUG org.asynchttpclient.netty.request.NettyRequestSender - Using pooled Channel '[id: 0xbd214447, L:/127.0.0.1:57369 - R:localhost/127.0.0.1:63336]' for 'POST' to 'http://localhost:63336/session/eaf2666ffce014904528e30f320935e9/element/2dd83593-6548-4a08-b9cc-09b211a3e408/click'
21:13:48.817 [Forwarding clickElement on session eaf2666ffce014904528e30f320935e9 to remote] DEBUG org.asynchttpclient.netty.request.NettyRequestSender - Using open Channel [id: 0xbd214447, L:/127.0.0.1:57369 - R:localhost/127.0.0.1:63336] for POST '/session/eaf2666ffce014904528e30f320935e9/element/2dd83593-6548-4a08-b9cc-09b211a3e408/click'
21:13:48.954 [AsyncHttpClient-1-7] DEBUG org.asynchttpclient.netty.handler.HttpHandler - 

Request DefaultHttpRequest(decodeResult: success, version: HTTP/1.1)
POST /session/eaf2666ffce014904528e30f320935e9/element/2dd83593-6548-4a08-b9cc-09b211a3e408/click HTTP/1.1
User-Agent: selenium/4.1.2 (java windows)
Content-Length: 50
Content-Type: application/json; charset=utf-8
host: localhost:63336
accept: */*

Response DefaultHttpResponse(decodeResult: success, version: HTTP/1.1)
HTTP/1.1 200 OK
Content-Type: application/json; charset=utf-8
cache-control: no-cache
content-length: 14

21:13:48.955 [AsyncHttpClient-1-7] DEBUG org.asynchttpclient.netty.channel.ChannelManager - Adding key: http://localhost:63336 for channel [id: 0xbd214447, L:/127.0.0.1:57369 - R:localhost/127.0.0.1:63336]
21:13:48.964 [Forwarding screenshot on session eaf2666ffce014904528e30f320935e9 to remote] DEBUG org.asynchttpclient.netty.request.NettyRequestSender - Using pooled Channel '[id: 0xbd214447, L:/127.0.0.1:57369 - R:localhost/127.0.0.1:63336]' for 'GET' to 'http://localhost:63336/session/eaf2666ffce014904528e30f320935e9/screenshot'
21:13:48.964 [Forwarding screenshot on session eaf2666ffce014904528e30f320935e9 to remote] DEBUG org.asynchttpclient.netty.request.NettyRequestSender - Using open Channel [id: 0xbd214447, L:/127.0.0.1:57369 - R:localhost/127.0.0.1:63336] for GET '/session/eaf2666ffce014904528e30f320935e9/screenshot'
21:13:49.314 [AsyncHttpClient-1-7] DEBUG org.asynchttpclient.netty.handler.HttpHandler - 

Request DefaultFullHttpRequest(decodeResult: success, version: HTTP/1.1, content: EmptyByteBufBE)
GET /session/eaf2666ffce014904528e30f320935e9/screenshot HTTP/1.1
User-Agent: selenium/4.1.2 (java windows)
Cache-Control: no-cache
Content-Type: application/json; charset=utf-8
host: localhost:63336
accept: */*

Response DefaultHttpResponse(decodeResult: success, version: HTTP/1.1)
HTTP/1.1 200 OK
Content-Type: application/json; charset=utf-8
cache-control: no-cache
content-length: 30192

21:13:49.316 [AsyncHttpClient-1-7] DEBUG org.asynchttpclient.netty.channel.ChannelManager - Adding key: http://localhost:63336 for channel [id: 0xbd214447, L:/127.0.0.1:57369 - R:localhost/127.0.0.1:63336]
21:13:49.323 [main] DEBUG net.serenitybdd.core.photography.Darkroom - Send negative for processing for target\site\serenity\d934f3c83aa39145b4745c377ef6b6fc8beda240ca8714cee5d0b31f08e7d806.png
21:13:49.323 [main] DEBUG net.thucydides.core.steps.StepInterceptor - STEP DONE: clickRegisterIcon
  &amp#27;[32mGiven &amp#27;[0m&amp#27;[32muser on the register page&amp#27;[0m                         &amp#27;[90m# starter.stepdefenitions.RegisterSteps.onRegisterPage()&amp#27;[0m
21:13:49.324 [Darkroom Processing Line] DEBUG net.serenitybdd.core.photography.DarkroomProcessingLine - Processing screenshot image in /var/screenshots/screenshot-4287486996722007011
21:13:49.324 [Darkroom Processing Line] DEBUG net.serenitybdd.core.photography.DarkroomProcessingLine - Saving screenshot to target\site\serenity\d934f3c83aa39145b4745c377ef6b6fc8beda240ca8714cee5d0b31f08e7d806.png
21:13:49.394 [Forwarding screenshot on session eaf2666ffce014904528e30f320935e9 to remote] DEBUG org.asynchttpclient.netty.request.NettyRequestSender - Using pooled Channel '[id: 0xbd214447, L:/127.0.0.1:57369 - R:localhost/127.0.0.1:63336]' for 'GET' to 'http://localhost:63336/session/eaf2666ffce014904528e30f320935e9/screenshot'
21:13:49.394 [Forwarding screenshot on session eaf2666ffce014904528e30f320935e9 to remote] DEBUG org.asynchttpclient.netty.request.NettyRequestSender - Using open Channel [id: 0xbd214447, L:/127.0.0.1:57369 - R:localhost/127.0.0.1:63336] for GET '/session/eaf2666ffce014904528e30f320935e9/screenshot'
21:13:49.571 [AsyncHttpClient-1-7] DEBUG org.asynchttpclient.netty.handler.HttpHandler - 

Request DefaultFullHttpRequest(decodeResult: success, version: HTTP/1.1, content: EmptyByteBufBE)
GET /session/eaf2666ffce014904528e30f320935e9/screenshot HTTP/1.1
User-Agent: selenium/4.1.2 (java windows)
Cache-Control: no-cache
Content-Type: application/json; charset=utf-8
host: localhost:63336
accept: */*

Response DefaultHttpResponse(decodeResult: success, version: HTTP/1.1)
HTTP/1.1 200 OK
Content-Type: application/json; charset=utf-8
cache-control: no-cache
content-length: 30088

21:13:49.571 [AsyncHttpClient-1-7] DEBUG org.asynchttpclient.netty.channel.ChannelManager - Adding key: http://localhost:63336 for channel [id: 0xbd214447, L:/127.0.0.1:57369 - R:localhost/127.0.0.1:63336]
21:13:49.574 [main] DEBUG net.serenitybdd.core.photography.Darkroom - Send negative for processing for target\site\serenity\e2ce22af35a32001852149a5ed084736295696f1501c531e99b8ce00dffbe791.png
21:13:49.574 [main] DEBUG net.thucydides.core.steps.StepInterceptor - STARTING STEP: RegisterSteps.userInputValidName - inputFullName
21:13:49.574 [Darkroom Processing Line] DEBUG net.serenitybdd.core.photography.DarkroomProcessingLine - Processing screenshot image in /var/screenshots/screenshot-3625052068927292288
21:13:49.574 [Darkroom Processing Line] DEBUG net.serenitybdd.core.photography.DarkroomProcessingLine - Saving screenshot to target\site\serenity\e2ce22af35a32001852149a5ed084736295696f1501c531e99b8ce00dffbe791.png
21:13:49.579 [Forwarding findElement on session eaf2666ffce014904528e30f320935e9 to remote] DEBUG org.asynchttpclient.netty.request.NettyRequestSender - Using pooled Channel '[id: 0xbd214447, L:/127.0.0.1:57369 - R:localhost/127.0.0.1:63336]' for 'POST' to 'http://localhost:63336/session/eaf2666ffce014904528e30f320935e9/element'
21:13:49.579 [Forwarding findElement on session eaf2666ffce014904528e30f320935e9 to remote] DEBUG org.asynchttpclient.netty.request.NettyRequestSender - Using open Channel [id: 0xbd214447, L:/127.0.0.1:57369 - R:localhost/127.0.0.1:63336] for POST '/session/eaf2666ffce014904528e30f320935e9/element'
21:13:49.591 [AsyncHttpClient-1-1] DEBUG org.asynchttpclient.netty.channel.DefaultChannelPool - Entry count for : http://localhost:57370 : 1
21:13:49.595 [AsyncHttpClient-1-7] DEBUG org.asynchttpclient.netty.handler.HttpHandler - 

Request DefaultHttpRequest(decodeResult: success, version: HTTP/1.1)
POST /session/eaf2666ffce014904528e30f320935e9/element HTTP/1.1
User-Agent: selenium/4.1.2 (java windows)
Content-Length: 123
Content-Type: application/json; charset=utf-8
host: localhost:63336
accept: */*

Response DefaultHttpResponse(decodeResult: success, version: HTTP/1.1)
HTTP/1.1 200 OK
Content-Type: application/json; charset=utf-8
cache-control: no-cache
content-length: 88

21:13:49.595 [AsyncHttpClient-1-7] DEBUG org.asynchttpclient.netty.channel.ChannelManager - Adding key: http://localhost:63336 for channel [id: 0xbd214447, L:/127.0.0.1:57369 - R:localhost/127.0.0.1:63336]
21:13:49.597 [Forwarding clearElement on session eaf2666ffce014904528e30f320935e9 to remote] DEBUG org.asynchttpclient.netty.request.NettyRequestSender - Using pooled Channel '[id: 0xbd214447, L:/127.0.0.1:57369 - R:localhost/127.0.0.1:63336]' for 'POST' to 'http://localhost:63336/session/eaf2666ffce014904528e30f320935e9/element/a68c180e-1a94-4c84-a805-fe72f561d8a3/clear'
21:13:49.597 [Forwarding clearElement on session eaf2666ffce014904528e30f320935e9 to remote] DEBUG org.asynchttpclient.netty.request.NettyRequestSender - Using open Channel [id: 0xbd214447, L:/127.0.0.1:57369 - R:localhost/127.0.0.1:63336] for POST '/session/eaf2666ffce014904528e30f320935e9/element/a68c180e-1a94-4c84-a805-fe72f561d8a3/clear'
21:13:49.647 [AsyncHttpClient-1-7] DEBUG org.asynchttpclient.netty.handler.HttpHandler - 

Request DefaultHttpRequest(decodeResult: success, version: HTTP/1.1)
POST /session/eaf2666ffce014904528e30f320935e9/element/a68c180e-1a94-4c84-a805-fe72f561d8a3/clear HTTP/1.1
User-Agent: selenium/4.1.2 (java windows)
Content-Length: 50
Content-Type: application/json; charset=utf-8
host: localhost:63336
accept: */*

Response DefaultHttpResponse(decodeResult: success, version: HTTP/1.1)
HTTP/1.1 200 OK
Content-Type: application/json; charset=utf-8
cache-control: no-cache
content-length: 14

21:13:49.648 [AsyncHttpClient-1-7] DEBUG org.asynchttpclient.netty.channel.ChannelManager - Adding key: http://localhost:63336 for channel [id: 0xbd214447, L:/127.0.0.1:57369 - R:localhost/127.0.0.1:63336]
21:13:49.650 [Forwarding sendKeysToElement on session eaf2666ffce014904528e30f320935e9 to remote] DEBUG org.asynchttpclient.netty.request.NettyRequestSender - Using pooled Channel '[id: 0xbd214447, L:/127.0.0.1:57369 - R:localhost/127.0.0.1:63336]' for 'POST' to 'http://localhost:63336/session/eaf2666ffce014904528e30f320935e9/element/a68c180e-1a94-4c84-a805-fe72f561d8a3/value'
21:13:49.650 [Forwarding sendKeysToElement on session eaf2666ffce014904528e30f320935e9 to remote] DEBUG org.asynchttpclient.netty.request.NettyRequestSender - Using open Channel [id: 0xbd214447, L:/127.0.0.1:57369 - R:localhost/127.0.0.1:63336] for POST '/session/eaf2666ffce014904528e30f320935e9/element/a68c180e-1a94-4c84-a805-fe72f561d8a3/value'
21:13:49.849 [AsyncHttpClient-1-7] DEBUG org.asynchttpclient.netty.handler.HttpHandler - 

Request DefaultHttpRequest(decodeResult: success, version: HTTP/1.1)
POST /session/eaf2666ffce014904528e30f320935e9/element/a68c180e-1a94-4c84-a805-fe72f561d8a3/value HTTP/1.1
User-Agent: selenium/4.1.2 (java windows)
Content-Length: 121
Content-Type: application/json; charset=utf-8
host: localhost:63336
accept: */*

Response DefaultHttpResponse(decodeResult: success, version: HTTP/1.1)
HTTP/1.1 200 OK
Content-Type: application/json; charset=utf-8
cache-control: no-cache
content-length: 14

21:13:49.849 [AsyncHttpClient-1-7] DEBUG org.asynchttpclient.netty.channel.ChannelManager - Adding key: http://localhost:63336 for channel [id: 0xbd214447, L:/127.0.0.1:57369 - R:localhost/127.0.0.1:63336]
21:13:49.855 [Forwarding screenshot on session eaf2666ffce014904528e30f320935e9 to remote] DEBUG org.asynchttpclient.netty.request.NettyRequestSender - Using pooled Channel '[id: 0xbd214447, L:/127.0.0.1:57369 - R:localhost/127.0.0.1:63336]' for 'GET' to 'http://localhost:63336/session/eaf2666ffce014904528e30f320935e9/screenshot'
21:13:49.855 [Forwarding screenshot on session eaf2666ffce014904528e30f320935e9 to remote] DEBUG org.asynchttpclient.netty.request.NettyRequestSender - Using open Channel [id: 0xbd214447, L:/127.0.0.1:57369 - R:localhost/127.0.0.1:63336] for GET '/session/eaf2666ffce014904528e30f320935e9/screenshot'
21:13:50.055 [AsyncHttpClient-1-7] DEBUG org.asynchttpclient.netty.handler.HttpHandler - 

Request DefaultFullHttpRequest(decodeResult: success, version: HTTP/1.1, content: EmptyByteBufBE)
GET /session/eaf2666ffce014904528e30f320935e9/screenshot HTTP/1.1
User-Agent: selenium/4.1.2 (java windows)
Cache-Control: no-cache
Content-Type: application/json; charset=utf-8
host: localhost:63336
accept: */*

Response DefaultHttpResponse(decodeResult: success, version: HTTP/1.1)
HTTP/1.1 200 OK
Content-Type: application/json; charset=utf-8
cache-control: no-cache
content-length: 31244

21:13:50.055 [AsyncHttpClient-1-7] DEBUG org.asynchttpclient.netty.channel.ChannelManager - Adding key: http://localhost:63336 for channel [id: 0xbd214447, L:/127.0.0.1:57369 - R:localhost/127.0.0.1:63336]
21:13:50.058 [main] DEBUG net.serenitybdd.core.photography.Darkroom - Send negative for processing for target\site\serenity\c11da893f1deabdbb79883b8726504a43ee8e1a0d4799233f70fbf6f60f85b1d.png
21:13:50.059 [Darkroom Processing Line] DEBUG net.serenitybdd.core.photography.DarkroomProcessingLine - Processing screenshot image in /var/screenshots/screenshot-1762544930161301524
21:13:50.059 [Darkroom Processing Line] DEBUG net.serenitybdd.core.photography.DarkroomProcessingLine - Saving screenshot to target\site\serenity\c11da893f1deabdbb79883b8726504a43ee8e1a0d4799233f70fbf6f60f85b1d.png
21:13:50.059 [main] DEBUG net.thucydides.core.steps.StepInterceptor - STEP DONE: inputFullName
  &amp#27;[32mWhen &amp#27;[0m&amp#27;[32muser input valid name&amp#27;[0m                              &amp#27;[90m# starter.stepdefenitions.RegisterSteps.userInputValidName()&amp#27;[0m
21:13:50.091 [main] DEBUG net.thucydides.core.steps.StepInterceptor - STARTING STEP: RegisterSteps.userInputValidEmail - inputEmail
21:13:50.096 [Forwarding findElement on session eaf2666ffce014904528e30f320935e9 to remote] DEBUG org.asynchttpclient.netty.request.NettyRequestSender - Using pooled Channel '[id: 0xbd214447, L:/127.0.0.1:57369 - R:localhost/127.0.0.1:63336]' for 'POST' to 'http://localhost:63336/session/eaf2666ffce014904528e30f320935e9/element'
21:13:50.096 [Forwarding findElement on session eaf2666ffce014904528e30f320935e9 to remote] DEBUG org.asynchttpclient.netty.request.NettyRequestSender - Using open Channel [id: 0xbd214447, L:/127.0.0.1:57369 - R:localhost/127.0.0.1:63336] for POST '/session/eaf2666ffce014904528e30f320935e9/element'
21:13:50.112 [AsyncHttpClient-1-7] DEBUG org.asynchttpclient.netty.handler.HttpHandler - 

Request DefaultHttpRequest(decodeResult: success, version: HTTP/1.1)
POST /session/eaf2666ffce014904528e30f320935e9/element HTTP/1.1
User-Agent: selenium/4.1.2 (java windows)
Content-Length: 116
Content-Type: application/json; charset=utf-8
host: localhost:63336
accept: */*

Response DefaultHttpResponse(decodeResult: success, version: HTTP/1.1)
HTTP/1.1 200 OK
Content-Type: application/json; charset=utf-8
cache-control: no-cache
content-length: 88

21:13:50.112 [AsyncHttpClient-1-7] DEBUG org.asynchttpclient.netty.channel.ChannelManager - Adding key: http://localhost:63336 for channel [id: 0xbd214447, L:/127.0.0.1:57369 - R:localhost/127.0.0.1:63336]
21:13:50.113 [Forwarding clearElement on session eaf2666ffce014904528e30f320935e9 to remote] DEBUG org.asynchttpclient.netty.request.NettyRequestSender - Using pooled Channel '[id: 0xbd214447, L:/127.0.0.1:57369 - R:localhost/127.0.0.1:63336]' for 'POST' to 'http://localhost:63336/session/eaf2666ffce014904528e30f320935e9/element/02cccca9-0575-4bc9-b7e1-d275fdf2ae41/clear'
21:13:50.113 [Forwarding clearElement on session eaf2666ffce014904528e30f320935e9 to remote] DEBUG org.asynchttpclient.netty.request.NettyRequestSender - Using open Channel [id: 0xbd214447, L:/127.0.0.1:57369 - R:localhost/127.0.0.1:63336] for POST '/session/eaf2666ffce014904528e30f320935e9/element/02cccca9-0575-4bc9-b7e1-d275fdf2ae41/clear'
21:13:50.150 [AsyncHttpClient-1-7] DEBUG org.asynchttpclient.netty.handler.HttpHandler - 

Request DefaultHttpRequest(decodeResult: success, version: HTTP/1.1)
POST /session/eaf2666ffce014904528e30f320935e9/element/02cccca9-0575-4bc9-b7e1-d275fdf2ae41/clear HTTP/1.1
User-Agent: selenium/4.1.2 (java windows)
Content-Length: 50
Content-Type: application/json; charset=utf-8
host: localhost:63336
accept: */*

Response DefaultHttpResponse(decodeResult: success, version: HTTP/1.1)
HTTP/1.1 200 OK
Content-Type: application/json; charset=utf-8
cache-control: no-cache
content-length: 14

21:13:50.150 [AsyncHttpClient-1-7] DEBUG org.asynchttpclient.netty.channel.ChannelManager - Adding key: http://localhost:63336 for channel [id: 0xbd214447, L:/127.0.0.1:57369 - R:localhost/127.0.0.1:63336]
21:13:50.153 [Forwarding sendKeysToElement on session eaf2666ffce014904528e30f320935e9 to remote] DEBUG org.asynchttpclient.netty.request.NettyRequestSender - Using pooled Channel '[id: 0xbd214447, L:/127.0.0.1:57369 - R:localhost/127.0.0.1:63336]' for 'POST' to 'http://localhost:63336/session/eaf2666ffce014904528e30f320935e9/element/02cccca9-0575-4bc9-b7e1-d275fdf2ae41/value'
21:13:50.153 [Forwarding sendKeysToElement on session eaf2666ffce014904528e30f320935e9 to remote] DEBUG org.asynchttpclient.netty.request.NettyRequestSender - Using open Channel [id: 0xbd214447, L:/127.0.0.1:57369 - R:localhost/127.0.0.1:63336] for POST '/session/eaf2666ffce014904528e30f320935e9/element/02cccca9-0575-4bc9-b7e1-d275fdf2ae41/value'
21:13:50.352 [AsyncHttpClient-1-7] DEBUG org.asynchttpclient.netty.handler.HttpHandler - 

Request DefaultHttpRequest(decodeResult: success, version: HTTP/1.1)
POST /session/eaf2666ffce014904528e30f320935e9/element/02cccca9-0575-4bc9-b7e1-d275fdf2ae41/value HTTP/1.1
User-Agent: selenium/4.1.2 (java windows)
Content-Length: 271
Content-Type: application/json; charset=utf-8
host: localhost:63336
accept: */*

Response DefaultHttpResponse(decodeResult: success, version: HTTP/1.1)
HTTP/1.1 200 OK
Content-Type: application/json; charset=utf-8
cache-control: no-cache
content-length: 14

21:13:50.352 [AsyncHttpClient-1-7] DEBUG org.asynchttpclient.netty.channel.ChannelManager - Adding key: http://localhost:63336 for channel [id: 0xbd214447, L:/127.0.0.1:57369 - R:localhost/127.0.0.1:63336]
21:13:50.358 [Forwarding screenshot on session eaf2666ffce014904528e30f320935e9 to remote] DEBUG org.asynchttpclient.netty.request.NettyRequestSender - Using pooled Channel '[id: 0xbd214447, L:/127.0.0.1:57369 - R:localhost/127.0.0.1:63336]' for 'GET' to 'http://localhost:63336/session/eaf2666ffce014904528e30f320935e9/screenshot'
21:13:50.358 [Forwarding screenshot on session eaf2666ffce014904528e30f320935e9 to remote] DEBUG org.asynchttpclient.netty.request.NettyRequestSender - Using open Channel [id: 0xbd214447, L:/127.0.0.1:57369 - R:localhost/127.0.0.1:63336] for GET '/session/eaf2666ffce014904528e30f320935e9/screenshot'
21:13:50.538 [AsyncHttpClient-1-7] DEBUG org.asynchttpclient.netty.handler.HttpHandler - 

Request DefaultFullHttpRequest(decodeResult: success, version: HTTP/1.1, content: EmptyByteBufBE)
GET /session/eaf2666ffce014904528e30f320935e9/screenshot HTTP/1.1
User-Agent: selenium/4.1.2 (java windows)
Cache-Control: no-cache
Content-Type: application/json; charset=utf-8
host: localhost:63336
accept: */*

Response DefaultHttpResponse(decodeResult: success, version: HTTP/1.1)
HTTP/1.1 200 OK
Content-Type: application/json; charset=utf-8
cache-control: no-cache
content-length: 35532

21:13:50.539 [AsyncHttpClient-1-7] DEBUG org.asynchttpclient.netty.channel.ChannelManager - Adding key: http://localhost:63336 for channel [id: 0xbd214447, L:/127.0.0.1:57369 - R:localhost/127.0.0.1:63336]
21:13:50.541 [main] DEBUG net.serenitybdd.core.photography.Darkroom - Send negative for processing for target\site\serenity\d5b371a28c7232a5fa797ccf82369f8e672e38fcef151a1c2da799ad09529976.png
21:13:50.542 [main] DEBUG net.thucydides.core.steps.StepInterceptor - STEP DONE: inputEmail
  &amp#27;[32mAnd &amp#27;[0m&amp#27;[32muser input valid email&amp#27;[0m                              &amp#27;[90m# starter.stepdefenitions.RegisterSteps.userInputValidEmail()&amp#27;[0m
21:13:50.542 [Darkroom Processing Line] DEBUG net.serenitybdd.core.photography.DarkroomProcessingLine - Processing screenshot image in /var/screenshots/screenshot-4927711700152984456
21:13:50.542 [Darkroom Processing Line] DEBUG net.serenitybdd.core.photography.DarkroomProcessingLine - Saving screenshot to target\site\serenity\d5b371a28c7232a5fa797ccf82369f8e672e38fcef151a1c2da799ad09529976.png
21:13:50.565 [main] DEBUG net.thucydides.core.steps.StepInterceptor - STARTING STEP: RegisterSteps.userInputValidPassword - inputPassword
21:13:50.571 [Forwarding findElement on session eaf2666ffce014904528e30f320935e9 to remote] DEBUG org.asynchttpclient.netty.request.NettyRequestSender - Using pooled Channel '[id: 0xbd214447, L:/127.0.0.1:57369 - R:localhost/127.0.0.1:63336]' for 'POST' to 'http://localhost:63336/session/eaf2666ffce014904528e30f320935e9/element'
21:13:50.571 [Forwarding findElement on session eaf2666ffce014904528e30f320935e9 to remote] DEBUG org.asynchttpclient.netty.request.NettyRequestSender - Using open Channel [id: 0xbd214447, L:/127.0.0.1:57369 - R:localhost/127.0.0.1:63336] for POST '/session/eaf2666ffce014904528e30f320935e9/element'
21:13:50.586 [AsyncHttpClient-1-7] DEBUG org.asynchttpclient.netty.handler.HttpHandler - 

Request DefaultHttpRequest(decodeResult: success, version: HTTP/1.1)
POST /session/eaf2666ffce014904528e30f320935e9/element HTTP/1.1
User-Agent: selenium/4.1.2 (java windows)
Content-Length: 119
Content-Type: application/json; charset=utf-8
host: localhost:63336
accept: */*

Response DefaultHttpResponse(decodeResult: success, version: HTTP/1.1)
HTTP/1.1 200 OK
Content-Type: application/json; charset=utf-8
cache-control: no-cache
content-length: 88

21:13:50.586 [AsyncHttpClient-1-7] DEBUG org.asynchttpclient.netty.channel.ChannelManager - Adding key: http://localhost:63336 for channel [id: 0xbd214447, L:/127.0.0.1:57369 - R:localhost/127.0.0.1:63336]
21:13:50.589 [Forwarding clearElement on session eaf2666ffce014904528e30f320935e9 to remote] DEBUG org.asynchttpclient.netty.request.NettyRequestSender - Using pooled Channel '[id: 0xbd214447, L:/127.0.0.1:57369 - R:localhost/127.0.0.1:63336]' for 'POST' to 'http://localhost:63336/session/eaf2666ffce014904528e30f320935e9/element/15745da7-18f2-4427-8aaf-99fd57f5baf0/clear'
21:13:50.590 [Forwarding clearElement on session eaf2666ffce014904528e30f320935e9 to remote] DEBUG org.asynchttpclient.netty.request.NettyRequestSender - Using open Channel [id: 0xbd214447, L:/127.0.0.1:57369 - R:localhost/127.0.0.1:63336] for POST '/session/eaf2666ffce014904528e30f320935e9/element/15745da7-18f2-4427-8aaf-99fd57f5baf0/clear'
21:13:50.638 [AsyncHttpClient-1-7] DEBUG org.asynchttpclient.netty.handler.HttpHandler - 

Request DefaultHttpRequest(decodeResult: success, version: HTTP/1.1)
POST /session/eaf2666ffce014904528e30f320935e9/element/15745da7-18f2-4427-8aaf-99fd57f5baf0/clear HTTP/1.1
User-Agent: selenium/4.1.2 (java windows)
Content-Length: 50
Content-Type: application/json; charset=utf-8
host: localhost:63336
accept: */*

Response DefaultHttpResponse(decodeResult: success, version: HTTP/1.1)
HTTP/1.1 200 OK
Content-Type: application/json; charset=utf-8
cache-control: no-cache
content-length: 14

21:13:50.638 [AsyncHttpClient-1-7] DEBUG org.asynchttpclient.netty.channel.ChannelManager - Adding key: http://localhost:63336 for channel [id: 0xbd214447, L:/127.0.0.1:57369 - R:localhost/127.0.0.1:63336]
21:13:50.640 [Forwarding sendKeysToElement on session eaf2666ffce014904528e30f320935e9 to remote] DEBUG org.asynchttpclient.netty.request.NettyRequestSender - Using pooled Channel '[id: 0xbd214447, L:/127.0.0.1:57369 - R:localhost/127.0.0.1:63336]' for 'POST' to 'http://localhost:63336/session/eaf2666ffce014904528e30f320935e9/element/15745da7-18f2-4427-8aaf-99fd57f5baf0/value'
21:13:50.640 [Forwarding sendKeysToElement on session eaf2666ffce014904528e30f320935e9 to remote] DEBUG org.asynchttpclient.netty.request.NettyRequestSender - Using open Channel [id: 0xbd214447, L:/127.0.0.1:57369 - R:localhost/127.0.0.1:63336] for POST '/session/eaf2666ffce014904528e30f320935e9/element/15745da7-18f2-4427-8aaf-99fd57f5baf0/value'
21:13:50.697 [AsyncHttpClient-1-1] DEBUG org.asynchttpclient.netty.channel.DefaultChannelPool - Entry count for : http://localhost:57370 : 1
21:13:50.764 [AsyncHttpClient-1-7] DEBUG org.asynchttpclient.netty.handler.HttpHandler - 

Request DefaultHttpRequest(decodeResult: success, version: HTTP/1.1)
POST /session/eaf2666ffce014904528e30f320935e9/element/15745da7-18f2-4427-8aaf-99fd57f5baf0/value HTTP/1.1
User-Agent: selenium/4.1.2 (java windows)
Content-Length: 181
Content-Type: application/json; charset=utf-8
host: localhost:63336
accept: */*

Response DefaultHttpResponse(decodeResult: success, version: HTTP/1.1)
HTTP/1.1 200 OK
Content-Type: application/json; charset=utf-8
cache-control: no-cache
content-length: 14

21:13:50.764 [AsyncHttpClient-1-7] DEBUG org.asynchttpclient.netty.channel.ChannelManager - Adding key: http://localhost:63336 for channel [id: 0xbd214447, L:/127.0.0.1:57369 - R:localhost/127.0.0.1:63336]
21:13:50.773 [Forwarding screenshot on session eaf2666ffce014904528e30f320935e9 to remote] DEBUG org.asynchttpclient.netty.request.NettyRequestSender - Using pooled Channel '[id: 0xbd214447, L:/127.0.0.1:57369 - R:localhost/127.0.0.1:63336]' for 'GET' to 'http://localhost:63336/session/eaf2666ffce014904528e30f320935e9/screenshot'
21:13:50.774 [Forwarding screenshot on session eaf2666ffce014904528e30f320935e9 to remote] DEBUG org.asynchttpclient.netty.request.NettyRequestSender - Using open Channel [id: 0xbd214447, L:/127.0.0.1:57369 - R:localhost/127.0.0.1:63336] for GET '/session/eaf2666ffce014904528e30f320935e9/screenshot'
21:13:50.960 [AsyncHttpClient-1-7] DEBUG org.asynchttpclient.netty.handler.HttpHandler - 

Request DefaultFullHttpRequest(decodeResult: success, version: HTTP/1.1, content: EmptyByteBufBE)
GET /session/eaf2666ffce014904528e30f320935e9/screenshot HTTP/1.1
User-Agent: selenium/4.1.2 (java windows)
Cache-Control: no-cache
Content-Type: application/json; charset=utf-8
host: localhost:63336
accept: */*

Response DefaultHttpResponse(decodeResult: success, version: HTTP/1.1)
HTTP/1.1 200 OK
Content-Type: application/json; charset=utf-8
cache-control: no-cache
content-length: 37992

21:13:50.960 [AsyncHttpClient-1-7] DEBUG org.asynchttpclient.netty.channel.ChannelManager - Adding key: http://localhost:63336 for channel [id: 0xbd214447, L:/127.0.0.1:57369 - R:localhost/127.0.0.1:63336]
21:13:50.963 [main] DEBUG net.serenitybdd.core.photography.Darkroom - Send negative for processing for target\site\serenity\ea2afe8c07878e8ddf7b5525443753e30739fc7ec7bbf0f415ce3766efcb02c3.png
21:13:50.963 [main] DEBUG net.thucydides.core.steps.StepInterceptor - STEP DONE: inputPassword
  &amp#27;[32mAnd &amp#27;[0m&amp#27;[32muser input valid password&amp#27;[0m                           &amp#27;[90m# starter.stepdefenitions.RegisterSteps.userInputValidPassword()&amp#27;[0m
21:13:50.963 [Darkroom Processing Line] DEBUG net.serenitybdd.core.photography.DarkroomProcessingLine - Processing screenshot image in /var/screenshots/screenshot-4020880719680634922
21:13:50.963 [Darkroom Processing Line] DEBUG net.serenitybdd.core.photography.DarkroomProcessingLine - Saving screenshot to target\site\serenity\ea2afe8c07878e8ddf7b5525443753e30739fc7ec7bbf0f415ce3766efcb02c3.png
21:13:50.984 [main] DEBUG net.thucydides.core.steps.StepInterceptor - STARTING STEP: RegisterSteps.userClickRegisterButton - clickRegisterButton
21:13:50.986 [Forwarding findElement on session eaf2666ffce014904528e30f320935e9 to remote] DEBUG org.asynchttpclient.netty.request.NettyRequestSender - Using pooled Channel '[id: 0xbd214447, L:/127.0.0.1:57369 - R:localhost/127.0.0.1:63336]' for 'POST' to 'http://localhost:63336/session/eaf2666ffce014904528e30f320935e9/element'
21:13:50.987 [Forwarding findElement on session eaf2666ffce014904528e30f320935e9 to remote] DEBUG org.asynchttpclient.netty.request.NettyRequestSender - Using open Channel [id: 0xbd214447, L:/127.0.0.1:57369 - R:localhost/127.0.0.1:63336] for POST '/session/eaf2666ffce014904528e30f320935e9/element'
21:13:51.003 [AsyncHttpClient-1-7] DEBUG org.asynchttpclient.netty.handler.HttpHandler - 

Request DefaultHttpRequest(decodeResult: success, version: HTTP/1.1)
POST /session/eaf2666ffce014904528e30f320935e9/element HTTP/1.1
User-Agent: selenium/4.1.2 (java windows)
Content-Length: 108
Content-Type: application/json; charset=utf-8
host: localhost:63336
accept: */*

Response DefaultHttpResponse(decodeResult: success, version: HTTP/1.1)
HTTP/1.1 200 OK
Content-Type: application/json; charset=utf-8
cache-control: no-cache
content-length: 88

21:13:51.004 [AsyncHttpClient-1-7] DEBUG org.asynchttpclient.netty.channel.ChannelManager - Adding key: http://localhost:63336 for channel [id: 0xbd214447, L:/127.0.0.1:57369 - R:localhost/127.0.0.1:63336]
21:13:51.005 [Forwarding getElementTagName on session eaf2666ffce014904528e30f320935e9 to remote] DEBUG org.asynchttpclient.netty.request.NettyRequestSender - Using pooled Channel '[id: 0xbd214447, L:/127.0.0.1:57369 - R:localhost/127.0.0.1:63336]' for 'GET' to 'http://localhost:63336/session/eaf2666ffce014904528e30f320935e9/element/7aca8f02-c24d-496b-84d3-6d698953ca91/name'
21:13:51.005 [Forwarding getElementTagName on session eaf2666ffce014904528e30f320935e9 to remote] DEBUG org.asynchttpclient.netty.request.NettyRequestSender - Using open Channel [id: 0xbd214447, L:/127.0.0.1:57369 - R:localhost/127.0.0.1:63336] for GET '/session/eaf2666ffce014904528e30f320935e9/element/7aca8f02-c24d-496b-84d3-6d698953ca91/name'
21:13:51.010 [AsyncHttpClient-1-7] DEBUG org.asynchttpclient.netty.handler.HttpHandler - 

Request DefaultFullHttpRequest(decodeResult: success, version: HTTP/1.1, content: EmptyByteBufBE)
GET /session/eaf2666ffce014904528e30f320935e9/element/7aca8f02-c24d-496b-84d3-6d698953ca91/name HTTP/1.1
User-Agent: selenium/4.1.2 (java windows)
Cache-Control: no-cache
Content-Type: application/json; charset=utf-8
host: localhost:63336
accept: */*

Response DefaultHttpResponse(decodeResult: success, version: HTTP/1.1)
HTTP/1.1 200 OK
Content-Type: application/json; charset=utf-8
cache-control: no-cache
content-length: 18

21:13:51.011 [AsyncHttpClient-1-7] DEBUG org.asynchttpclient.netty.channel.ChannelManager - Adding key: http://localhost:63336 for channel [id: 0xbd214447, L:/127.0.0.1:57369 - R:localhost/127.0.0.1:63336]
21:13:51.014 [Forwarding getElementTagName on session eaf2666ffce014904528e30f320935e9 to remote] DEBUG org.asynchttpclient.netty.request.NettyRequestSender - Using pooled Channel '[id: 0xbd214447, L:/127.0.0.1:57369 - R:localhost/127.0.0.1:63336]' for 'GET' to 'http://localhost:63336/session/eaf2666ffce014904528e30f320935e9/element/7aca8f02-c24d-496b-84d3-6d698953ca91/name'
21:13:51.014 [Forwarding getElementTagName on session eaf2666ffce014904528e30f320935e9 to remote] DEBUG org.asynchttpclient.netty.request.NettyRequestSender - Using open Channel [id: 0xbd214447, L:/127.0.0.1:57369 - R:localhost/127.0.0.1:63336] for GET '/session/eaf2666ffce014904528e30f320935e9/element/7aca8f02-c24d-496b-84d3-6d698953ca91/name'
21:13:51.020 [AsyncHttpClient-1-7] DEBUG org.asynchttpclient.netty.handler.HttpHandler - 

Request DefaultFullHttpRequest(decodeResult: success, version: HTTP/1.1, content: EmptyByteBufBE)
GET /session/eaf2666ffce014904528e30f320935e9/element/7aca8f02-c24d-496b-84d3-6d698953ca91/name HTTP/1.1
User-Agent: selenium/4.1.2 (java windows)
Cache-Control: no-cache
Content-Type: application/json; charset=utf-8
host: localhost:63336
accept: */*

Response DefaultHttpResponse(decodeResult: success, version: HTTP/1.1)
HTTP/1.1 200 OK
Content-Type: application/json; charset=utf-8
cache-control: no-cache
content-length: 18

21:13:51.020 [AsyncHttpClient-1-7] DEBUG org.asynchttpclient.netty.channel.ChannelManager - Adding key: http://localhost:63336 for channel [id: 0xbd214447, L:/127.0.0.1:57369 - R:localhost/127.0.0.1:63336]
21:13:51.022 [Forwarding isElementEnabled on session eaf2666ffce014904528e30f320935e9 to remote] DEBUG org.asynchttpclient.netty.request.NettyRequestSender - Using pooled Channel '[id: 0xbd214447, L:/127.0.0.1:57369 - R:localhost/127.0.0.1:63336]' for 'GET' to 'http://localhost:63336/session/eaf2666ffce014904528e30f320935e9/element/7aca8f02-c24d-496b-84d3-6d698953ca91/enabled'
21:13:51.022 [Forwarding isElementEnabled on session eaf2666ffce014904528e30f320935e9 to remote] DEBUG org.asynchttpclient.netty.request.NettyRequestSender - Using open Channel [id: 0xbd214447, L:/127.0.0.1:57369 - R:localhost/127.0.0.1:63336] for GET '/session/eaf2666ffce014904528e30f320935e9/element/7aca8f02-c24d-496b-84d3-6d698953ca91/enabled'
21:13:51.035 [AsyncHttpClient-1-7] DEBUG org.asynchttpclient.netty.handler.HttpHandler - 

Request DefaultFullHttpRequest(decodeResult: success, version: HTTP/1.1, content: EmptyByteBufBE)
GET /session/eaf2666ffce014904528e30f320935e9/element/7aca8f02-c24d-496b-84d3-6d698953ca91/enabled HTTP/1.1
User-Agent: selenium/4.1.2 (java windows)
Cache-Control: no-cache
Content-Type: application/json; charset=utf-8
host: localhost:63336
accept: */*

Response DefaultHttpResponse(decodeResult: success, version: HTTP/1.1)
HTTP/1.1 200 OK
Content-Type: application/json; charset=utf-8
cache-control: no-cache
content-length: 14

21:13:51.035 [AsyncHttpClient-1-7] DEBUG org.asynchttpclient.netty.channel.ChannelManager - Adding key: http://localhost:63336 for channel [id: 0xbd214447, L:/127.0.0.1:57369 - R:localhost/127.0.0.1:63336]
21:13:51.037 [Forwarding isElementEnabled on session eaf2666ffce014904528e30f320935e9 to remote] DEBUG org.asynchttpclient.netty.request.NettyRequestSender - Using pooled Channel '[id: 0xbd214447, L:/127.0.0.1:57369 - R:localhost/127.0.0.1:63336]' for 'GET' to 'http://localhost:63336/session/eaf2666ffce014904528e30f320935e9/element/7aca8f02-c24d-496b-84d3-6d698953ca91/enabled'
21:13:51.037 [Forwarding isElementEnabled on session eaf2666ffce014904528e30f320935e9 to remote] DEBUG org.asynchttpclient.netty.request.NettyRequestSender - Using open Channel [id: 0xbd214447, L:/127.0.0.1:57369 - R:localhost/127.0.0.1:63336] for GET '/session/eaf2666ffce014904528e30f320935e9/element/7aca8f02-c24d-496b-84d3-6d698953ca91/enabled'
21:13:51.057 [AsyncHttpClient-1-7] DEBUG org.asynchttpclient.netty.handler.HttpHandler - 

Request DefaultFullHttpRequest(decodeResult: success, version: HTTP/1.1, content: EmptyByteBufBE)
GET /session/eaf2666ffce014904528e30f320935e9/element/7aca8f02-c24d-496b-84d3-6d698953ca91/enabled HTTP/1.1
User-Agent: selenium/4.1.2 (java windows)
Cache-Control: no-cache
Content-Type: application/json; charset=utf-8
host: localhost:63336
accept: */*

Response DefaultHttpResponse(decodeResult: success, version: HTTP/1.1)
HTTP/1.1 200 OK
Content-Type: application/json; charset=utf-8
cache-control: no-cache
content-length: 14

21:13:51.058 [AsyncHttpClient-1-7] DEBUG org.asynchttpclient.netty.channel.ChannelManager - Adding key: http://localhost:63336 for channel [id: 0xbd214447, L:/127.0.0.1:57369 - R:localhost/127.0.0.1:63336]
21:13:51.061 [Forwarding findElement on session eaf2666ffce014904528e30f320935e9 to remote] DEBUG org.asynchttpclient.netty.request.NettyRequestSender - Using pooled Channel '[id: 0xbd214447, L:/127.0.0.1:57369 - R:localhost/127.0.0.1:63336]' for 'POST' to 'http://localhost:63336/session/eaf2666ffce014904528e30f320935e9/element'
21:13:51.061 [Forwarding findElement on session eaf2666ffce014904528e30f320935e9 to remote] DEBUG org.asynchttpclient.netty.request.NettyRequestSender - Using open Channel [id: 0xbd214447, L:/127.0.0.1:57369 - R:localhost/127.0.0.1:63336] for POST '/session/eaf2666ffce014904528e30f320935e9/element'
21:13:51.078 [AsyncHttpClient-1-7] DEBUG org.asynchttpclient.netty.handler.HttpHandler - 

Request DefaultHttpRequest(decodeResult: success, version: HTTP/1.1)
POST /session/eaf2666ffce014904528e30f320935e9/element HTTP/1.1
User-Agent: selenium/4.1.2 (java windows)
Content-Length: 108
Content-Type: application/json; charset=utf-8
host: localhost:63336
accept: */*

Response DefaultHttpResponse(decodeResult: success, version: HTTP/1.1)
HTTP/1.1 200 OK
Content-Type: application/json; charset=utf-8
cache-control: no-cache
content-length: 88

21:13:51.078 [AsyncHttpClient-1-7] DEBUG org.asynchttpclient.netty.channel.ChannelManager - Adding key: http://localhost:63336 for channel [id: 0xbd214447, L:/127.0.0.1:57369 - R:localhost/127.0.0.1:63336]
21:13:51.080 [Forwarding clickElement on session eaf2666ffce014904528e30f320935e9 to remote] DEBUG org.asynchttpclient.netty.request.NettyRequestSender - Using pooled Channel '[id: 0xbd214447, L:/127.0.0.1:57369 - R:localhost/127.0.0.1:63336]' for 'POST' to 'http://localhost:63336/session/eaf2666ffce014904528e30f320935e9/element/7aca8f02-c24d-496b-84d3-6d698953ca91/click'
21:13:51.080 [Forwarding clickElement on session eaf2666ffce014904528e30f320935e9 to remote] DEBUG org.asynchttpclient.netty.request.NettyRequestSender - Using open Channel [id: 0xbd214447, L:/127.0.0.1:57369 - R:localhost/127.0.0.1:63336] for POST '/session/eaf2666ffce014904528e30f320935e9/element/7aca8f02-c24d-496b-84d3-6d698953ca91/click'
21:13:51.202 [AsyncHttpClient-1-7] DEBUG org.asynchttpclient.netty.handler.HttpHandler - 

Request DefaultHttpRequest(decodeResult: success, version: HTTP/1.1)
POST /session/eaf2666ffce014904528e30f320935e9/element/7aca8f02-c24d-496b-84d3-6d698953ca91/click HTTP/1.1
User-Agent: selenium/4.1.2 (java windows)
Content-Length: 50
Content-Type: application/json; charset=utf-8
host: localhost:63336
accept: */*

Response DefaultHttpResponse(decodeResult: success, version: HTTP/1.1)
HTTP/1.1 200 OK
Content-Type: application/json; charset=utf-8
cache-control: no-cache
content-length: 14

21:13:51.203 [AsyncHttpClient-1-7] DEBUG org.asynchttpclient.netty.channel.ChannelManager - Adding key: http://localhost:63336 for channel [id: 0xbd214447, L:/127.0.0.1:57369 - R:localhost/127.0.0.1:63336]
21:13:51.208 [Forwarding screenshot on session eaf2666ffce014904528e30f320935e9 to remote] DEBUG org.asynchttpclient.netty.request.NettyRequestSender - Using pooled Channel '[id: 0xbd214447, L:/127.0.0.1:57369 - R:localhost/127.0.0.1:63336]' for 'GET' to 'http://localhost:63336/session/eaf2666ffce014904528e30f320935e9/screenshot'
21:13:51.208 [Forwarding screenshot on session eaf2666ffce014904528e30f320935e9 to remote] DEBUG org.asynchttpclient.netty.request.NettyRequestSender - Using open Channel [id: 0xbd214447, L:/127.0.0.1:57369 - R:localhost/127.0.0.1:63336] for GET '/session/eaf2666ffce014904528e30f320935e9/screenshot'
21:13:51.416 [AsyncHttpClient-1-7] DEBUG org.asynchttpclient.netty.handler.HttpHandler - 

Request DefaultFullHttpRequest(decodeResult: success, version: HTTP/1.1, content: EmptyByteBufBE)
GET /session/eaf2666ffce014904528e30f320935e9/screenshot HTTP/1.1
User-Agent: selenium/4.1.2 (java windows)
Cache-Control: no-cache
Content-Type: application/json; charset=utf-8
host: localhost:63336
accept: */*

Response DefaultHttpResponse(decodeResult: success, version: HTTP/1.1)
HTTP/1.1 200 OK
Content-Type: application/json; charset=utf-8
cache-control: no-cache
content-length: 37564

21:13:51.417 [AsyncHttpClient-1-7] DEBUG org.asynchttpclient.netty.channel.ChannelManager - Adding key: http://localhost:63336 for channel [id: 0xbd214447, L:/127.0.0.1:57369 - R:localhost/127.0.0.1:63336]
21:13:51.421 [main] DEBUG net.serenitybdd.core.photography.Darkroom - Send negative for processing for target\site\serenity\a11191f5954f0fb0926509fcc802bf21437302ab9444b304d0ffdff010a0c41d.png
21:13:51.421 [main] DEBUG net.thucydides.core.steps.StepInterceptor - STEP DONE: clickRegisterButton
  &amp#27;[32mAnd &amp#27;[0m&amp#27;[32muser click register button&amp#27;[0m                          &amp#27;[90m# starter.stepdefenitions.RegisterSteps.userClickRegisterButton()&amp#27;[0m
21:13:51.422 [Darkroom Processing Line] DEBUG net.serenitybdd.core.photography.DarkroomProcessingLine - Processing screenshot image in /var/screenshots/screenshot-2623054953425598439
21:13:51.422 [Darkroom Processing Line] DEBUG net.serenitybdd.core.photography.DarkroomProcessingLine - Saving screenshot to target\site\serenity\a11191f5954f0fb0926509fcc802bf21437302ab9444b304d0ffdff010a0c41d.png
21:13:51.447 [main] DEBUG net.thucydides.core.steps.StepInterceptor - STARTING STEP: RegisterSteps.userSuccessToCreateAccount - validationSuccessRegister
21:13:51.449 [Forwarding findElement on session eaf2666ffce014904528e30f320935e9 to remote] DEBUG org.asynchttpclient.netty.request.NettyRequestSender - Using pooled Channel '[id: 0xbd214447, L:/127.0.0.1:57369 - R:localhost/127.0.0.1:63336]' for 'POST' to 'http://localhost:63336/session/eaf2666ffce014904528e30f320935e9/element'
21:13:51.449 [Forwarding findElement on session eaf2666ffce014904528e30f320935e9 to remote] DEBUG org.asynchttpclient.netty.request.NettyRequestSender - Using open Channel [id: 0xbd214447, L:/127.0.0.1:57369 - R:localhost/127.0.0.1:63336] for POST '/session/eaf2666ffce014904528e30f320935e9/element'
21:13:51.452 [AsyncHttpClient-1-7] DEBUG org.asynchttpclient.netty.handler.HttpHandler - 

Request DefaultHttpRequest(decodeResult: success, version: HTTP/1.1)
POST /session/eaf2666ffce014904528e30f320935e9/element HTTP/1.1
User-Agent: selenium/4.1.2 (java windows)
Content-Length: 46
Content-Type: application/json; charset=utf-8
host: localhost:63336
accept: */*

Response DefaultHttpResponse(decodeResult: success, version: HTTP/1.1)
HTTP/1.1 400 Bad Request
Content-Type: application/json; charset=utf-8
cache-control: no-cache
content-length: 957

21:13:51.452 [AsyncHttpClient-1-7] DEBUG org.asynchttpclient.netty.channel.ChannelManager - Adding key: http://localhost:63336 for channel [id: 0xbd214447, L:/127.0.0.1:57369 - R:localhost/127.0.0.1:63336]
21:13:51.456 [Forwarding findElement on session eaf2666ffce014904528e30f320935e9 to remote] DEBUG org.asynchttpclient.netty.request.NettyRequestSender - Using pooled Channel '[id: 0xbd214447, L:/127.0.0.1:57369 - R:localhost/127.0.0.1:63336]' for 'POST' to 'http://localhost:63336/session/eaf2666ffce014904528e30f320935e9/element'
21:13:51.457 [Forwarding findElement on session eaf2666ffce014904528e30f320935e9 to remote] DEBUG org.asynchttpclient.netty.request.NettyRequestSender - Using open Channel [id: 0xbd214447, L:/127.0.0.1:57369 - R:localhost/127.0.0.1:63336] for POST '/session/eaf2666ffce014904528e30f320935e9/element'
21:13:51.474 [AsyncHttpClient-1-7] DEBUG org.asynchttpclient.netty.handler.HttpHandler - 

Request DefaultHttpRequest(decodeResult: success, version: HTTP/1.1)
POST /session/eaf2666ffce014904528e30f320935e9/element HTTP/1.1
User-Agent: selenium/4.1.2 (java windows)
Content-Length: 54
Content-Type: application/json; charset=utf-8
host: localhost:63336
accept: */*

Response DefaultHttpResponse(decodeResult: success, version: HTTP/1.1)
HTTP/1.1 200 OK
Content-Type: application/json; charset=utf-8
cache-control: no-cache
content-length: 88

21:13:51.474 [AsyncHttpClient-1-7] DEBUG org.asynchttpclient.netty.channel.ChannelManager - Adding key: http://localhost:63336 for channel [id: 0xbd214447, L:/127.0.0.1:57369 - R:localhost/127.0.0.1:63336]
21:13:51.481 [Forwarding isElementDisplayed on session eaf2666ffce014904528e30f320935e9 to remote] DEBUG org.asynchttpclient.netty.request.NettyRequestSender - Using pooled Channel '[id: 0xbd214447, L:/127.0.0.1:57369 - R:localhost/127.0.0.1:63336]' for 'POST' to 'http://localhost:63336/session/eaf2666ffce014904528e30f320935e9/execute/sync'
21:13:51.481 [Forwarding isElementDisplayed on session eaf2666ffce014904528e30f320935e9 to remote] DEBUG org.asynchttpclient.netty.request.NettyRequestSender - Using open Channel [id: 0xbd214447, L:/127.0.0.1:57369 - R:localhost/127.0.0.1:63336] for POST '/session/eaf2666ffce014904528e30f320935e9/execute/sync'
21:13:51.522 [AsyncHttpClient-1-7] DEBUG org.asynchttpclient.netty.handler.HttpHandler - 

Request DefaultHttpRequest(decodeResult: success, version: HTTP/1.1)
POST /session/eaf2666ffce014904528e30f320935e9/execute/sync HTTP/1.1
User-Agent: selenium/4.1.2 (java windows)
Content-Length: 48780
Content-Type: application/json; charset=utf-8
host: localhost:63336
accept: */*

Response DefaultHttpResponse(decodeResult: success, version: HTTP/1.1)
HTTP/1.1 200 OK
Content-Type: application/json; charset=utf-8
cache-control: no-cache
content-length: 14

21:13:51.522 [AsyncHttpClient-1-7] DEBUG org.asynchttpclient.netty.channel.ChannelManager - Adding key: http://localhost:63336 for channel [id: 0xbd214447, L:/127.0.0.1:57369 - R:localhost/127.0.0.1:63336]
21:13:51.529 [Forwarding screenshot on session eaf2666ffce014904528e30f320935e9 to remote] DEBUG org.asynchttpclient.netty.request.NettyRequestSender - Using pooled Channel '[id: 0xbd214447, L:/127.0.0.1:57369 - R:localhost/127.0.0.1:63336]' for 'GET' to 'http://localhost:63336/session/eaf2666ffce014904528e30f320935e9/screenshot'
21:13:51.529 [Forwarding screenshot on session eaf2666ffce014904528e30f320935e9 to remote] DEBUG org.asynchttpclient.netty.request.NettyRequestSender - Using open Channel [id: 0xbd214447, L:/127.0.0.1:57369 - R:localhost/127.0.0.1:63336] for GET '/session/eaf2666ffce014904528e30f320935e9/screenshot'
21:13:51.716 [AsyncHttpClient-1-7] DEBUG org.asynchttpclient.netty.handler.HttpHandler - 

Request DefaultFullHttpRequest(decodeResult: success, version: HTTP/1.1, content: EmptyByteBufBE)
GET /session/eaf2666ffce014904528e30f320935e9/screenshot HTTP/1.1
User-Agent: selenium/4.1.2 (java windows)
Cache-Control: no-cache
Content-Type: application/json; charset=utf-8
host: localhost:63336
accept: */*

Response DefaultHttpResponse(decodeResult: success, version: HTTP/1.1)
HTTP/1.1 200 OK
Content-Type: application/json; charset=utf-8
cache-control: no-cache
content-length: 25436

21:13:51.716 [AsyncHttpClient-1-7] DEBUG org.asynchttpclient.netty.channel.ChannelManager - Adding key: http://localhost:63336 for channel [id: 0xbd214447, L:/127.0.0.1:57369 - R:localhost/127.0.0.1:63336]
21:13:51.719 [main] DEBUG net.serenitybdd.core.photography.Darkroom - Send negative for processing for target\site\serenity\3b010c7146feec91f62085ed6920090f187d78222b3ed96ef65e4e625f6d7255.png
21:13:51.719 [main] DEBUG net.thucydides.core.steps.StepInterceptor - STEP DONE: validationSuccessRegister
  &amp#27;[32mThen &amp#27;[0m&amp#27;[32muser success to create account&amp#27;[0m                     &amp#27;[90m# starter.stepdefenitions.RegisterSteps.userSuccessToCreateAccount()&amp#27;[0m
21:13:51.719 [Darkroom Processing Line] DEBUG net.serenitybdd.core.photography.DarkroomProcessingLine - Processing screenshot image in /var/screenshots/screenshot-3528655857074536052
21:13:51.719 [Darkroom Processing Line] DEBUG net.serenitybdd.core.photography.DarkroomProcessingLine - Saving screenshot to target\site\serenity\3b010c7146feec91f62085ed6920090f187d78222b3ed96ef65e4e625f6d7255.png
21:13:51.725 [main] INFO  - 
  _____   ___   ___   _____     ___     _     ___   ___   ___   ___  
 |_   _| | __| / __| |_   _|   | _ \   /_\   / __| / __| | __| |   \ 
   | |   | _|  \__ \   | |     |  _/  / _ \  \__ \ \__ \ | _|  | |) |
   |_|   |___| |___/   |_|     |_|   /_/ \_\ |___/ |___/ |___| |___/ 

As user i have be able to success crete account
----------------------------------------------------------------------
21:13:51.726 [AsyncHttpClient-1-9] DEBUG org.asynchttpclient.netty.handler.WebSocketHandler - Channel Closed: [id: 0x519b335a, L:/127.0.0.1:57376 ! R:localhost/127.0.0.1:57370] with attribute NettyResponseFuture{currentRetry=5,
	isDone=1,
	isCancelled=0,
	asyncHandler=org.asynchttpclient.ws.WebSocketUpgradeHandler@12cc8a42,
	nettyRequest=org.asynchttpclient.netty.request.NettyRequest@486e3728,
	future=java.util.concurrent.CompletableFuture@133efb5e[Completed normally],
	uri=ws://localhost:57370/devtools/browser/575b9fa4-a58a-47f2-8330-4f174f87d72d,
	keepAlive=true,
	redirectCount=0,
	timeoutsHolder=null,
	inAuth=0,
	touch=1652796820172}
21:13:51.726 [AsyncHttpClient-1-9] DEBUG org.asynchttpclient.netty.channel.ChannelManager - Closing Channel [id: 0x519b335a, L:/127.0.0.1:57376 ! R:localhost/127.0.0.1:57370] 
21:13:51.727 [Driver Command Executor] DEBUG org.asynchttpclient.netty.request.NettyRequestSender - Using pooled Channel '[id: 0xbd214447, L:/127.0.0.1:57369 - R:localhost/127.0.0.1:63336]' for 'DELETE' to 'http://localhost:63336/session/eaf2666ffce014904528e30f320935e9'
21:13:51.727 [Driver Command Executor] DEBUG org.asynchttpclient.netty.request.NettyRequestSender - Using open Channel [id: 0xbd214447, L:/127.0.0.1:57369 - R:localhost/127.0.0.1:63336] for DELETE '/session/eaf2666ffce014904528e30f320935e9'
21:13:51.794 [AsyncHttpClient-1-1] DEBUG org.asynchttpclient.netty.channel.DefaultChannelPool - Entry count for : http://localhost:57370 : 1
21:13:51.807 [AsyncHttpClient-1-8] DEBUG org.asynchttpclient.netty.handler.HttpHandler - Unexpected I/O exception on channel [id: 0xf873b204, L:/127.0.0.1:57375 - R:localhost/127.0.0.1:57370]
java.io.IOException: An existing connection was forcibly closed by the remote host
	at sun.nio.ch.SocketDispatcher.read0(Native Method)
	at sun.nio.ch.SocketDispatcher.read(SocketDispatcher.java:43)
	at sun.nio.ch.IOUtil.readIntoNativeBuffer(IOUtil.java:223)
	at sun.nio.ch.IOUtil.read(IOUtil.java:192)
	at sun.nio.ch.SocketChannelImpl.read(SocketChannelImpl.java:378)
	at io.netty.buffer.PooledByteBuf.setBytes(PooledByteBuf.java:258)
	at io.netty.buffer.AbstractByteBuf.writeBytes(AbstractByteBuf.java:1132)
	at io.netty.channel.socket.nio.NioSocketChannel.doReadBytes(NioSocketChannel.java:350)
	at io.netty.channel.nio.AbstractNioByteChannel$NioByteUnsafe.read(AbstractNioByteChannel.java:151)
	at io.netty.channel.nio.NioEventLoop.processSelectedKey(NioEventLoop.java:722)
	at io.netty.channel.nio.NioEventLoop.processSelectedKeysOptimized(NioEventLoop.java:658)
	at io.netty.channel.nio.NioEventLoop.processSelectedKeys(NioEventLoop.java:584)
	at io.netty.channel.nio.NioEventLoop.run(NioEventLoop.java:496)
	at io.netty.util.concurrent.SingleThreadEventExecutor$4.run(SingleThreadEventExecutor.java:986)
	at io.netty.util.internal.ThreadExecutorMap$2.run(ThreadExecutorMap.java:74)
	at io.netty.util.concurrent.FastThreadLocalRunnable.run(FastThreadLocalRunnable.java:30)
	at java.lang.Thread.run(Thread.java:750)
21:13:51.807 [AsyncHttpClient-1-8] DEBUG org.asynchttpclient.netty.channel.ChannelManager - Closing Channel [id: 0xf873b204, L:/127.0.0.1:57375 - R:localhost/127.0.0.1:57370] 
21:13:51.807 [AsyncHttpClient-1-8] DEBUG org.asynchttpclient.netty.handler.HttpHandler - Channel Closed: [id: 0xf873b204, L:/127.0.0.1:57375 ! R:localhost/127.0.0.1:57370] with attribute DISCARD
21:13:51.841 [AsyncHttpClient-1-7] DEBUG org.asynchttpclient.netty.handler.HttpHandler - 

Request DefaultFullHttpRequest(decodeResult: success, version: HTTP/1.1, content: EmptyByteBufBE)
DELETE /session/eaf2666ffce014904528e30f320935e9 HTTP/1.1
User-Agent: selenium/4.1.2 (java windows)
Content-Type: application/json; charset=utf-8
host: localhost:63336
accept: */*

Response DefaultHttpResponse(decodeResult: success, version: HTTP/1.1)
HTTP/1.1 200 OK
Content-Type: application/json; charset=utf-8
cache-control: no-cache
content-length: 14

21:13:51.842 [AsyncHttpClient-1-7] DEBUG org.asynchttpclient.netty.channel.ChannelManager - Adding key: http://localhost:63336 for channel [id: 0xbd214447, L:/127.0.0.1:57369 - R:localhost/127.0.0.1:63336]
21:13:51.992 [AsyncHttpClient-1-7] DEBUG org.asynchttpclient.netty.handler.HttpHandler - Channel Closed: [id: 0xbd214447, L:/127.0.0.1:57369 ! R:localhost/127.0.0.1:63336] with attribute DISCARD
]]></system-out>
    <system-err><![CDATA[Starting ChromeDriver 100.0.4896.60 (6a5d10861ce8de5fce22564658033b43cb7de047-refs/branch-heads/4896@{#875}) on port 63336
Only local connections are allowed.
Please see https://chromedriver.chromium.org/security-considerations for suggestions on keeping ChromeDriver safe.
ChromeDriver was started successfully.
[1652796820.102][WARNING]: This version of ChromeDriver has not been tested with Chrome version 101.
May 17, 2022 9:13:40 PM org.openqa.selenium.remote.ProtocolHandshake createSession
INFO: Detected dialect: W3C
May 17, 2022 9:13:40 PM org.openqa.selenium.devtools.CdpVersionFinder findNearestMatch
WARNING: Unable to find an exact match for CDP version 101, so returning the closest version found: 97
May 17, 2022 9:13:40 PM org.openqa.selenium.devtools.CdpVersionFinder findNearestMatch
INFO: Found CDP implementation for version 101 of 97
]]></system-err>
  </testcase>
  <testcase name="As user i have failed to create account with registered data" classname="As user i want to create account So that i can login" time="12.143">
    <system-out><![CDATA[
@register @negative
Scenario: As user i have failed to create account with registered data          &amp#27;[90m# src/test/resources/features/Register.feature:14&amp#27;[0m
21:13:52.544 [main] INFO io.cucumber.core.plugin.SerenityReporter - Running feature from file:///D:/github/QE_MUHAMMAD-ADIBASYAH/miniproject/web/src/test/resources/features/Register.feature
21:13:52.547 [main] INFO  - 
  _____   ___   ___   _____     ___   _____     _     ___   _____   ___   ___  
 |_   _| | __| / __| |_   _|   / __| |_   _|   /_\   | _ \ |_   _| | __| |   \ 
   | |   | _|  \__ \   | |     \__ \   | |    / _ \  |   /   | |   | _|  | |) |
   |_|   |___| |___/   |_|     |___/   |_|   /_/ \_\ |_|_\   |_|   |___| |___/ 

As user i have failed to create account with registered data(as-user-i-want-to-create-account-so-that-i-can-login;as-user-i-have-failed-to-create-account-with-registered-data)
--------------------------------------------------------------------------------
21:13:52.602 [main] DEBUG net.thucydides.core.steps.StepInterceptor - STARTING STEP: RegisterSteps.onRegisterPage - openPage
21:13:52.613 [main] INFO net.serenitybdd.core.webdriver.driverproviders.ChromeDriverProvider - Using automatically driver download
21:13:52.893 [AsyncHttpClient-1-1] DEBUG org.asynchttpclient.netty.channel.DefaultChannelPool - Entry count for : http://localhost:57370 : 1
21:13:52.893 [AsyncHttpClient-1-1] DEBUG org.asynchttpclient.netty.channel.DefaultChannelPool - Entry count for : http://localhost:63336 : 1
21:13:52.893 [AsyncHttpClient-1-1] DEBUG org.asynchttpclient.netty.channel.DefaultChannelPool - Adding Candidate expired Channel [id: 0xf873b204, L:/127.0.0.1:57375 ! R:localhost/127.0.0.1:57370] isIdleTimeoutExpired=false isRemotelyClosed=true isTtlExpired=false
21:13:52.893 [AsyncHttpClient-1-1] DEBUG org.asynchttpclient.netty.channel.DefaultChannelPool - Closing Idle Channel [id: 0xf873b204, L:/127.0.0.1:57375 ! R:localhost/127.0.0.1:57370]
21:13:52.893 [AsyncHttpClient-1-1] DEBUG org.asynchttpclient.netty.channel.DefaultChannelPool - Adding Candidate expired Channel [id: 0xbd214447, L:/127.0.0.1:57369 ! R:localhost/127.0.0.1:63336] isIdleTimeoutExpired=false isRemotelyClosed=true isTtlExpired=false
21:13:52.893 [AsyncHttpClient-1-1] DEBUG org.asynchttpclient.netty.channel.DefaultChannelPool - Closing Idle Channel [id: 0xbd214447, L:/127.0.0.1:57369 ! R:localhost/127.0.0.1:63336]
21:13:52.893 [AsyncHttpClient-1-1] DEBUG org.asynchttpclient.netty.channel.DefaultChannelPool - Closed 2 connections out of 2 in 0 ms
21:13:53.034 [main] DEBUG io.github.bonigarcia.wdm.cache.ResolutionCache - Resolution chrome=101 in cache (valid until 22:11:26 17/05/2022 ICT)
21:13:53.069 [main] DEBUG io.github.bonigarcia.wdm.cache.ResolutionCache - Resolution chrome101=101.0.4951.41 in cache (valid until 18:44:33 18/05/2022 ICT)
21:13:53.073 [main] INFO io.github.bonigarcia.wdm.WebDriverManager - Using chromedriver 101.0.4951.41 (resolved driver for Chrome 101)
21:13:53.098 [main] DEBUG io.github.bonigarcia.wdm.WebDriverManager - Driver chromedriver 101.0.4951.41 found in cache
21:13:53.099 [main] INFO io.github.bonigarcia.wdm.WebDriverManager - Exporting webdriver.chrome.driver as C:\Users\Admin\.cache\selenium\chromedriver\win32\101.0.4951.41\chromedriver.exe
21:13:53.401 [main] DEBUG net.serenitybdd.core.webdriver.driverproviders.ProvideNewDriver - Instantiating driver
21:13:53.401 [main] DEBUG net.serenitybdd.core.webdriver.driverproviders.ProvideNewDriver - Driver capabilities: Capabilities {acceptInsecureCerts: false, base.url: https://qa.alta.id/, browserName: chrome, chrome.driver: src/test/resources/webdrive..., driver: chrome, goog:chromeOptions: {args: [], extensions: []}}
21:13:54.001 [AsyncHttpClient-1-2] DEBUG org.asynchttpclient.netty.channel.NettyConnectListener - Using new Channel '[id: 0x71f94cb5, L:/127.0.0.1:57402 - R:localhost/127.0.0.1:61409]' for 'POST' to '/session'
21:13:55.459 [AsyncHttpClient-1-2] DEBUG org.asynchttpclient.netty.handler.HttpHandler - 

Request DefaultHttpRequest(decodeResult: success, version: HTTP/1.1)
POST /session HTTP/1.1
User-Agent: selenium/4.1.2 (java windows)
Content-Length: 605
Content-Type: application/json; charset=utf-8
host: localhost:61409
accept: */*

Response DefaultHttpResponse(decodeResult: success, version: HTTP/1.1)
HTTP/1.1 200 OK
Content-Type: application/json; charset=utf-8
cache-control: no-cache
content-length: 789

21:13:55.459 [AsyncHttpClient-1-2] DEBUG org.asynchttpclient.netty.channel.ChannelManager - Adding key: http://localhost:61409 for channel [id: 0x71f94cb5, L:/127.0.0.1:57402 - R:localhost/127.0.0.1:61409]
21:13:55.474 [AsyncHttpClient-1-3] DEBUG org.asynchttpclient.netty.channel.NettyConnectListener - Using new Channel '[id: 0x8a8675d5, L:/127.0.0.1:57409 - R:localhost/127.0.0.1:57403]' for 'GET' to '/json/version'
21:13:55.476 [AsyncHttpClient-1-3] DEBUG org.asynchttpclient.netty.handler.HttpHandler - 

Request DefaultFullHttpRequest(decodeResult: success, version: HTTP/1.1, content: EmptyByteBufBE)
GET /json/version HTTP/1.1
User-Agent: selenium/4.1.2 (java windows)
host: localhost:57403
accept: */*

Response DefaultHttpResponse(decodeResult: success, version: HTTP/1.1)
HTTP/1.1 200 OK
Content-Type: application/json; charset=UTF-8
content-length: 427

21:13:55.476 [AsyncHttpClient-1-3] DEBUG org.asynchttpclient.netty.channel.ChannelManager - Adding key: http://localhost:57403 for channel [id: 0x8a8675d5, L:/127.0.0.1:57409 - R:localhost/127.0.0.1:57403]
21:13:55.481 [AsyncHttpClient-1-4] DEBUG org.asynchttpclient.netty.channel.NettyConnectListener - Using new Channel '[id: 0x4203445b, L:/127.0.0.1:57410 - R:localhost/127.0.0.1:57403]' for 'GET' to '/devtools/browser/3800cabb-8253-4462-a5d8-97e3e38148f4'
21:13:55.482 [AsyncHttpClient-1-4] DEBUG org.asynchttpclient.netty.handler.WebSocketHandler - 

Request DefaultFullHttpRequest(decodeResult: success, version: HTTP/1.1, content: EmptyByteBufBE)
GET /devtools/browser/3800cabb-8253-4462-a5d8-97e3e38148f4 HTTP/1.1
upgrade: websocket
connection: upgrade
sec-websocket-key: 6NlvFBYiATocEMARaoo1Bw==
sec-websocket-version: 13
origin: http://localhost:57403
host: localhost:57403
accept: */*
user-agent: AHC/2.1

Response DefaultHttpResponse(decodeResult: success, version: HTTP/1.1)
HTTP/1.1 101 WebSocket Protocol Handshake
Upgrade: WebSocket
Connection: Upgrade
Sec-WebSocket-Accept: cdkpK7StcQlwcwyG98Ix830JETU=

21:13:55.493 [Forwarding setCurrentWindowSize on session edbd8769d7ab740c6882bedda495403b to remote] DEBUG org.asynchttpclient.netty.request.NettyRequestSender - Using pooled Channel '[id: 0x71f94cb5, L:/127.0.0.1:57402 - R:localhost/127.0.0.1:61409]' for 'POST' to 'http://localhost:61409/session/edbd8769d7ab740c6882bedda495403b/window/rect'
21:13:55.493 [Forwarding setCurrentWindowSize on session edbd8769d7ab740c6882bedda495403b to remote] DEBUG org.asynchttpclient.netty.request.NettyRequestSender - Using open Channel [id: 0x71f94cb5, L:/127.0.0.1:57402 - R:localhost/127.0.0.1:61409] for POST '/session/edbd8769d7ab740c6882bedda495403b/window/rect'
21:13:55.610 [AsyncHttpClient-1-2] DEBUG org.asynchttpclient.netty.handler.HttpHandler - 

Request DefaultHttpRequest(decodeResult: success, version: HTTP/1.1)
POST /session/edbd8769d7ab740c6882bedda495403b/window/rect HTTP/1.1
User-Agent: selenium/4.1.2 (java windows)
Content-Length: 37
Content-Type: application/json; charset=utf-8
host: localhost:61409
accept: */*

Response DefaultHttpResponse(decodeResult: success, version: HTTP/1.1)
HTTP/1.1 200 OK
Content-Type: application/json; charset=utf-8
cache-control: no-cache
content-length: 51

21:13:55.610 [AsyncHttpClient-1-2] DEBUG org.asynchttpclient.netty.channel.ChannelManager - Adding key: http://localhost:61409 for channel [id: 0x71f94cb5, L:/127.0.0.1:57402 - R:localhost/127.0.0.1:61409]
21:13:55.612 [Forwarding setWindowPosition on session edbd8769d7ab740c6882bedda495403b to remote] DEBUG org.asynchttpclient.netty.request.NettyRequestSender - Using pooled Channel '[id: 0x71f94cb5, L:/127.0.0.1:57402 - R:localhost/127.0.0.1:61409]' for 'POST' to 'http://localhost:61409/session/edbd8769d7ab740c6882bedda495403b/window/rect'
21:13:55.612 [Forwarding setWindowPosition on session edbd8769d7ab740c6882bedda495403b to remote] DEBUG org.asynchttpclient.netty.request.NettyRequestSender - Using open Channel [id: 0x71f94cb5, L:/127.0.0.1:57402 - R:localhost/127.0.0.1:61409] for POST '/session/edbd8769d7ab740c6882bedda495403b/window/rect'
21:13:55.721 [AsyncHttpClient-1-2] DEBUG org.asynchttpclient.netty.handler.HttpHandler - 

Request DefaultHttpRequest(decodeResult: success, version: HTTP/1.1)
POST /session/edbd8769d7ab740c6882bedda495403b/window/rect HTTP/1.1
User-Agent: selenium/4.1.2 (java windows)
Content-Length: 22
Content-Type: application/json; charset=utf-8
host: localhost:61409
accept: */*

Response DefaultHttpResponse(decodeResult: success, version: HTTP/1.1)
HTTP/1.1 200 OK
Content-Type: application/json; charset=utf-8
cache-control: no-cache
content-length: 49

21:13:55.721 [AsyncHttpClient-1-2] DEBUG org.asynchttpclient.netty.channel.ChannelManager - Adding key: http://localhost:61409 for channel [id: 0x71f94cb5, L:/127.0.0.1:57402 - R:localhost/127.0.0.1:61409]
21:13:55.723 [Forwarding get on session edbd8769d7ab740c6882bedda495403b to remote] DEBUG org.asynchttpclient.netty.request.NettyRequestSender - Using pooled Channel '[id: 0x71f94cb5, L:/127.0.0.1:57402 - R:localhost/127.0.0.1:61409]' for 'POST' to 'http://localhost:61409/session/edbd8769d7ab740c6882bedda495403b/url'
21:13:55.723 [Forwarding get on session edbd8769d7ab740c6882bedda495403b to remote] DEBUG org.asynchttpclient.netty.request.NettyRequestSender - Using open Channel [id: 0x71f94cb5, L:/127.0.0.1:57402 - R:localhost/127.0.0.1:61409] for POST '/session/edbd8769d7ab740c6882bedda495403b/url'
21:13:56.195 [AsyncHttpClient-1-1] DEBUG org.asynchttpclient.netty.channel.DefaultChannelPool - Entry count for : http://localhost:57403 : 1
21:13:57.290 [AsyncHttpClient-1-1] DEBUG org.asynchttpclient.netty.channel.DefaultChannelPool - Entry count for : http://localhost:57403 : 1
21:13:58.395 [AsyncHttpClient-1-1] DEBUG org.asynchttpclient.netty.channel.DefaultChannelPool - Entry count for : http://localhost:57403 : 1
21:13:59.491 [AsyncHttpClient-1-1] DEBUG org.asynchttpclient.netty.channel.DefaultChannelPool - Entry count for : http://localhost:57403 : 1
21:14:00.594 [AsyncHttpClient-1-1] DEBUG org.asynchttpclient.netty.channel.DefaultChannelPool - Entry count for : http://localhost:57403 : 1
21:14:00.670 [AsyncHttpClient-1-2] DEBUG org.asynchttpclient.netty.handler.HttpHandler - 

Request DefaultHttpRequest(decodeResult: success, version: HTTP/1.1)
POST /session/edbd8769d7ab740c6882bedda495403b/url HTTP/1.1
User-Agent: selenium/4.1.2 (java windows)
Content-Length: 49
Content-Type: application/json; charset=utf-8
host: localhost:61409
accept: */*

Response DefaultHttpResponse(decodeResult: success, version: HTTP/1.1)
HTTP/1.1 200 OK
Content-Type: application/json; charset=utf-8
cache-control: no-cache
content-length: 14

21:14:00.670 [AsyncHttpClient-1-2] DEBUG org.asynchttpclient.netty.channel.ChannelManager - Adding key: http://localhost:61409 for channel [id: 0x71f94cb5, L:/127.0.0.1:57402 - R:localhost/127.0.0.1:61409]
21:14:00.674 [Forwarding setTimeout on session edbd8769d7ab740c6882bedda495403b to remote] DEBUG org.asynchttpclient.netty.request.NettyRequestSender - Using pooled Channel '[id: 0x71f94cb5, L:/127.0.0.1:57402 - R:localhost/127.0.0.1:61409]' for 'POST' to 'http://localhost:61409/session/edbd8769d7ab740c6882bedda495403b/timeouts'
21:14:00.674 [Forwarding setTimeout on session edbd8769d7ab740c6882bedda495403b to remote] DEBUG org.asynchttpclient.netty.request.NettyRequestSender - Using open Channel [id: 0x71f94cb5, L:/127.0.0.1:57402 - R:localhost/127.0.0.1:61409] for POST '/session/edbd8769d7ab740c6882bedda495403b/timeouts'
21:14:00.676 [AsyncHttpClient-1-2] DEBUG org.asynchttpclient.netty.handler.HttpHandler - 

Request DefaultHttpRequest(decodeResult: success, version: HTTP/1.1)
POST /session/edbd8769d7ab740c6882bedda495403b/timeouts HTTP/1.1
User-Agent: selenium/4.1.2 (java windows)
Content-Length: 22
Content-Type: application/json; charset=utf-8
host: localhost:61409
accept: */*

Response DefaultHttpResponse(decodeResult: success, version: HTTP/1.1)
HTTP/1.1 200 OK
Content-Type: application/json; charset=utf-8
cache-control: no-cache
content-length: 14

21:14:00.676 [AsyncHttpClient-1-2] DEBUG org.asynchttpclient.netty.channel.ChannelManager - Adding key: http://localhost:61409 for channel [id: 0x71f94cb5, L:/127.0.0.1:57402 - R:localhost/127.0.0.1:61409]
21:14:00.685 [Forwarding getCurrentUrl on session edbd8769d7ab740c6882bedda495403b to remote] DEBUG org.asynchttpclient.netty.request.NettyRequestSender - Using pooled Channel '[id: 0x71f94cb5, L:/127.0.0.1:57402 - R:localhost/127.0.0.1:61409]' for 'GET' to 'http://localhost:61409/session/edbd8769d7ab740c6882bedda495403b/url'
21:14:00.685 [Forwarding getCurrentUrl on session edbd8769d7ab740c6882bedda495403b to remote] DEBUG org.asynchttpclient.netty.request.NettyRequestSender - Using open Channel [id: 0x71f94cb5, L:/127.0.0.1:57402 - R:localhost/127.0.0.1:61409] for GET '/session/edbd8769d7ab740c6882bedda495403b/url'
21:14:00.693 [AsyncHttpClient-1-2] DEBUG org.asynchttpclient.netty.handler.HttpHandler - 

Request DefaultFullHttpRequest(decodeResult: success, version: HTTP/1.1, content: EmptyByteBufBE)
GET /session/edbd8769d7ab740c6882bedda495403b/url HTTP/1.1
User-Agent: selenium/4.1.2 (java windows)
Cache-Control: no-cache
Content-Type: application/json; charset=utf-8
host: localhost:61409
accept: */*

Response DefaultHttpResponse(decodeResult: success, version: HTTP/1.1)
HTTP/1.1 200 OK
Content-Type: application/json; charset=utf-8
cache-control: no-cache
content-length: 31

21:14:00.694 [AsyncHttpClient-1-2] DEBUG org.asynchttpclient.netty.channel.ChannelManager - Adding key: http://localhost:61409 for channel [id: 0x71f94cb5, L:/127.0.0.1:57402 - R:localhost/127.0.0.1:61409]
21:14:00.700 [Forwarding getCurrentUrl on session edbd8769d7ab740c6882bedda495403b to remote] DEBUG org.asynchttpclient.netty.request.NettyRequestSender - Using pooled Channel '[id: 0x71f94cb5, L:/127.0.0.1:57402 - R:localhost/127.0.0.1:61409]' for 'GET' to 'http://localhost:61409/session/edbd8769d7ab740c6882bedda495403b/url'
21:14:00.701 [Forwarding getCurrentUrl on session edbd8769d7ab740c6882bedda495403b to remote] DEBUG org.asynchttpclient.netty.request.NettyRequestSender - Using open Channel [id: 0x71f94cb5, L:/127.0.0.1:57402 - R:localhost/127.0.0.1:61409] for GET '/session/edbd8769d7ab740c6882bedda495403b/url'
21:14:00.709 [AsyncHttpClient-1-2] DEBUG org.asynchttpclient.netty.handler.HttpHandler - 

Request DefaultFullHttpRequest(decodeResult: success, version: HTTP/1.1, content: EmptyByteBufBE)
GET /session/edbd8769d7ab740c6882bedda495403b/url HTTP/1.1
User-Agent: selenium/4.1.2 (java windows)
Cache-Control: no-cache
Content-Type: application/json; charset=utf-8
host: localhost:61409
accept: */*

Response DefaultHttpResponse(decodeResult: success, version: HTTP/1.1)
HTTP/1.1 200 OK
Content-Type: application/json; charset=utf-8
cache-control: no-cache
content-length: 31

21:14:00.710 [AsyncHttpClient-1-2] DEBUG org.asynchttpclient.netty.channel.ChannelManager - Adding key: http://localhost:61409 for channel [id: 0x71f94cb5, L:/127.0.0.1:57402 - R:localhost/127.0.0.1:61409]
21:14:00.727 [Forwarding screenshot on session edbd8769d7ab740c6882bedda495403b to remote] DEBUG org.asynchttpclient.netty.request.NettyRequestSender - Using pooled Channel '[id: 0x71f94cb5, L:/127.0.0.1:57402 - R:localhost/127.0.0.1:61409]' for 'GET' to 'http://localhost:61409/session/edbd8769d7ab740c6882bedda495403b/screenshot'
21:14:00.727 [Forwarding screenshot on session edbd8769d7ab740c6882bedda495403b to remote] DEBUG org.asynchttpclient.netty.request.NettyRequestSender - Using open Channel [id: 0x71f94cb5, L:/127.0.0.1:57402 - R:localhost/127.0.0.1:61409] for GET '/session/edbd8769d7ab740c6882bedda495403b/screenshot'
21:14:00.999 [AsyncHttpClient-1-2] DEBUG org.asynchttpclient.netty.handler.HttpHandler - 

Request DefaultFullHttpRequest(decodeResult: success, version: HTTP/1.1, content: EmptyByteBufBE)
GET /session/edbd8769d7ab740c6882bedda495403b/screenshot HTTP/1.1
User-Agent: selenium/4.1.2 (java windows)
Cache-Control: no-cache
Content-Type: application/json; charset=utf-8
host: localhost:61409
accept: */*

Response DefaultHttpResponse(decodeResult: success, version: HTTP/1.1)
HTTP/1.1 200 OK
Content-Type: application/json; charset=utf-8
cache-control: no-cache
content-length: 32472

21:14:01.000 [AsyncHttpClient-1-2] DEBUG org.asynchttpclient.netty.channel.ChannelManager - Adding key: http://localhost:61409 for channel [id: 0x71f94cb5, L:/127.0.0.1:57402 - R:localhost/127.0.0.1:61409]
21:14:01.004 [main] DEBUG net.serenitybdd.core.photography.Darkroom - Send negative for processing for target\site\serenity\39d9d4b5f825a0da17c900bd1b136ddf60cc4fa512f435730bd7182d6cc10854.png
21:14:01.005 [main] DEBUG net.thucydides.core.steps.StepInterceptor - STEP DONE: openPage
21:14:01.005 [Darkroom Processing Line] DEBUG net.serenitybdd.core.photography.DarkroomProcessingLine - Processing screenshot image in /var/screenshots/screenshot-2132143424514749510
21:14:01.006 [Darkroom Processing Line] DEBUG net.serenitybdd.core.photography.DarkroomProcessingLine - Saving screenshot to target\site\serenity\39d9d4b5f825a0da17c900bd1b136ddf60cc4fa512f435730bd7182d6cc10854.png
21:14:01.015 [main] DEBUG net.thucydides.core.steps.StepInterceptor - STARTING STEP: RegisterSteps.onRegisterPage - clickLoginIcon
21:14:01.018 [Forwarding findElement on session edbd8769d7ab740c6882bedda495403b to remote] DEBUG org.asynchttpclient.netty.request.NettyRequestSender - Using pooled Channel '[id: 0x71f94cb5, L:/127.0.0.1:57402 - R:localhost/127.0.0.1:61409]' for 'POST' to 'http://localhost:61409/session/edbd8769d7ab740c6882bedda495403b/element'
21:14:01.018 [Forwarding findElement on session edbd8769d7ab740c6882bedda495403b to remote] DEBUG org.asynchttpclient.netty.request.NettyRequestSender - Using open Channel [id: 0x71f94cb5, L:/127.0.0.1:57402 - R:localhost/127.0.0.1:61409] for POST '/session/edbd8769d7ab740c6882bedda495403b/element'
21:14:01.035 [AsyncHttpClient-1-2] DEBUG org.asynchttpclient.netty.handler.HttpHandler - 

Request DefaultHttpRequest(decodeResult: success, version: HTTP/1.1)
POST /session/edbd8769d7ab740c6882bedda495403b/element HTTP/1.1
User-Agent: selenium/4.1.2 (java windows)
Content-Length: 129
Content-Type: application/json; charset=utf-8
host: localhost:61409
accept: */*

Response DefaultHttpResponse(decodeResult: success, version: HTTP/1.1)
HTTP/1.1 200 OK
Content-Type: application/json; charset=utf-8
cache-control: no-cache
content-length: 88

21:14:01.035 [AsyncHttpClient-1-2] DEBUG org.asynchttpclient.netty.channel.ChannelManager - Adding key: http://localhost:61409 for channel [id: 0x71f94cb5, L:/127.0.0.1:57402 - R:localhost/127.0.0.1:61409]
21:14:01.036 [Forwarding getElementTagName on session edbd8769d7ab740c6882bedda495403b to remote] DEBUG org.asynchttpclient.netty.request.NettyRequestSender - Using pooled Channel '[id: 0x71f94cb5, L:/127.0.0.1:57402 - R:localhost/127.0.0.1:61409]' for 'GET' to 'http://localhost:61409/session/edbd8769d7ab740c6882bedda495403b/element/2d02162f-3e8d-4331-91ba-65a35a8386f5/name'
21:14:01.036 [Forwarding getElementTagName on session edbd8769d7ab740c6882bedda495403b to remote] DEBUG org.asynchttpclient.netty.request.NettyRequestSender - Using open Channel [id: 0x71f94cb5, L:/127.0.0.1:57402 - R:localhost/127.0.0.1:61409] for GET '/session/edbd8769d7ab740c6882bedda495403b/element/2d02162f-3e8d-4331-91ba-65a35a8386f5/name'
21:14:01.040 [AsyncHttpClient-1-2] DEBUG org.asynchttpclient.netty.handler.HttpHandler - 

Request DefaultFullHttpRequest(decodeResult: success, version: HTTP/1.1, content: EmptyByteBufBE)
GET /session/edbd8769d7ab740c6882bedda495403b/element/2d02162f-3e8d-4331-91ba-65a35a8386f5/name HTTP/1.1
User-Agent: selenium/4.1.2 (java windows)
Cache-Control: no-cache
Content-Type: application/json; charset=utf-8
host: localhost:61409
accept: */*

Response DefaultHttpResponse(decodeResult: success, version: HTTP/1.1)
HTTP/1.1 200 OK
Content-Type: application/json; charset=utf-8
cache-control: no-cache
content-length: 18

21:14:01.041 [AsyncHttpClient-1-2] DEBUG org.asynchttpclient.netty.channel.ChannelManager - Adding key: http://localhost:61409 for channel [id: 0x71f94cb5, L:/127.0.0.1:57402 - R:localhost/127.0.0.1:61409]
21:14:01.044 [Forwarding getElementTagName on session edbd8769d7ab740c6882bedda495403b to remote] DEBUG org.asynchttpclient.netty.request.NettyRequestSender - Using pooled Channel '[id: 0x71f94cb5, L:/127.0.0.1:57402 - R:localhost/127.0.0.1:61409]' for 'GET' to 'http://localhost:61409/session/edbd8769d7ab740c6882bedda495403b/element/2d02162f-3e8d-4331-91ba-65a35a8386f5/name'
21:14:01.044 [Forwarding getElementTagName on session edbd8769d7ab740c6882bedda495403b to remote] DEBUG org.asynchttpclient.netty.request.NettyRequestSender - Using open Channel [id: 0x71f94cb5, L:/127.0.0.1:57402 - R:localhost/127.0.0.1:61409] for GET '/session/edbd8769d7ab740c6882bedda495403b/element/2d02162f-3e8d-4331-91ba-65a35a8386f5/name'
21:14:01.050 [AsyncHttpClient-1-2] DEBUG org.asynchttpclient.netty.handler.HttpHandler - 

Request DefaultFullHttpRequest(decodeResult: success, version: HTTP/1.1, content: EmptyByteBufBE)
GET /session/edbd8769d7ab740c6882bedda495403b/element/2d02162f-3e8d-4331-91ba-65a35a8386f5/name HTTP/1.1
User-Agent: selenium/4.1.2 (java windows)
Cache-Control: no-cache
Content-Type: application/json; charset=utf-8
host: localhost:61409
accept: */*

Response DefaultHttpResponse(decodeResult: success, version: HTTP/1.1)
HTTP/1.1 200 OK
Content-Type: application/json; charset=utf-8
cache-control: no-cache
content-length: 18

21:14:01.050 [AsyncHttpClient-1-2] DEBUG org.asynchttpclient.netty.channel.ChannelManager - Adding key: http://localhost:61409 for channel [id: 0x71f94cb5, L:/127.0.0.1:57402 - R:localhost/127.0.0.1:61409]
21:14:01.052 [Forwarding isElementEnabled on session edbd8769d7ab740c6882bedda495403b to remote] DEBUG org.asynchttpclient.netty.request.NettyRequestSender - Using pooled Channel '[id: 0x71f94cb5, L:/127.0.0.1:57402 - R:localhost/127.0.0.1:61409]' for 'GET' to 'http://localhost:61409/session/edbd8769d7ab740c6882bedda495403b/element/2d02162f-3e8d-4331-91ba-65a35a8386f5/enabled'
21:14:01.053 [Forwarding isElementEnabled on session edbd8769d7ab740c6882bedda495403b to remote] DEBUG org.asynchttpclient.netty.request.NettyRequestSender - Using open Channel [id: 0x71f94cb5, L:/127.0.0.1:57402 - R:localhost/127.0.0.1:61409] for GET '/session/edbd8769d7ab740c6882bedda495403b/element/2d02162f-3e8d-4331-91ba-65a35a8386f5/enabled'
21:14:01.066 [AsyncHttpClient-1-2] DEBUG org.asynchttpclient.netty.handler.HttpHandler - 

Request DefaultFullHttpRequest(decodeResult: success, version: HTTP/1.1, content: EmptyByteBufBE)
GET /session/edbd8769d7ab740c6882bedda495403b/element/2d02162f-3e8d-4331-91ba-65a35a8386f5/enabled HTTP/1.1
User-Agent: selenium/4.1.2 (java windows)
Cache-Control: no-cache
Content-Type: application/json; charset=utf-8
host: localhost:61409
accept: */*

Response DefaultHttpResponse(decodeResult: success, version: HTTP/1.1)
HTTP/1.1 200 OK
Content-Type: application/json; charset=utf-8
cache-control: no-cache
content-length: 14

21:14:01.066 [AsyncHttpClient-1-2] DEBUG org.asynchttpclient.netty.channel.ChannelManager - Adding key: http://localhost:61409 for channel [id: 0x71f94cb5, L:/127.0.0.1:57402 - R:localhost/127.0.0.1:61409]
21:14:01.067 [Forwarding isElementEnabled on session edbd8769d7ab740c6882bedda495403b to remote] DEBUG org.asynchttpclient.netty.request.NettyRequestSender - Using pooled Channel '[id: 0x71f94cb5, L:/127.0.0.1:57402 - R:localhost/127.0.0.1:61409]' for 'GET' to 'http://localhost:61409/session/edbd8769d7ab740c6882bedda495403b/element/2d02162f-3e8d-4331-91ba-65a35a8386f5/enabled'
21:14:01.067 [Forwarding isElementEnabled on session edbd8769d7ab740c6882bedda495403b to remote] DEBUG org.asynchttpclient.netty.request.NettyRequestSender - Using open Channel [id: 0x71f94cb5, L:/127.0.0.1:57402 - R:localhost/127.0.0.1:61409] for GET '/session/edbd8769d7ab740c6882bedda495403b/element/2d02162f-3e8d-4331-91ba-65a35a8386f5/enabled'
21:14:01.075 [AsyncHttpClient-1-2] DEBUG org.asynchttpclient.netty.handler.HttpHandler - 

Request DefaultFullHttpRequest(decodeResult: success, version: HTTP/1.1, content: EmptyByteBufBE)
GET /session/edbd8769d7ab740c6882bedda495403b/element/2d02162f-3e8d-4331-91ba-65a35a8386f5/enabled HTTP/1.1
User-Agent: selenium/4.1.2 (java windows)
Cache-Control: no-cache
Content-Type: application/json; charset=utf-8
host: localhost:61409
accept: */*

Response DefaultHttpResponse(decodeResult: success, version: HTTP/1.1)
HTTP/1.1 200 OK
Content-Type: application/json; charset=utf-8
cache-control: no-cache
content-length: 14

21:14:01.075 [AsyncHttpClient-1-2] DEBUG org.asynchttpclient.netty.channel.ChannelManager - Adding key: http://localhost:61409 for channel [id: 0x71f94cb5, L:/127.0.0.1:57402 - R:localhost/127.0.0.1:61409]
21:14:01.077 [Forwarding findElement on session edbd8769d7ab740c6882bedda495403b to remote] DEBUG org.asynchttpclient.netty.request.NettyRequestSender - Using pooled Channel '[id: 0x71f94cb5, L:/127.0.0.1:57402 - R:localhost/127.0.0.1:61409]' for 'POST' to 'http://localhost:61409/session/edbd8769d7ab740c6882bedda495403b/element'
21:14:01.077 [Forwarding findElement on session edbd8769d7ab740c6882bedda495403b to remote] DEBUG org.asynchttpclient.netty.request.NettyRequestSender - Using open Channel [id: 0x71f94cb5, L:/127.0.0.1:57402 - R:localhost/127.0.0.1:61409] for POST '/session/edbd8769d7ab740c6882bedda495403b/element'
21:14:01.100 [AsyncHttpClient-1-2] DEBUG org.asynchttpclient.netty.handler.HttpHandler - 

Request DefaultHttpRequest(decodeResult: success, version: HTTP/1.1)
POST /session/edbd8769d7ab740c6882bedda495403b/element HTTP/1.1
User-Agent: selenium/4.1.2 (java windows)
Content-Length: 129
Content-Type: application/json; charset=utf-8
host: localhost:61409
accept: */*

Response DefaultHttpResponse(decodeResult: success, version: HTTP/1.1)
HTTP/1.1 200 OK
Content-Type: application/json; charset=utf-8
cache-control: no-cache
content-length: 88

21:14:01.100 [AsyncHttpClient-1-2] DEBUG org.asynchttpclient.netty.channel.ChannelManager - Adding key: http://localhost:61409 for channel [id: 0x71f94cb5, L:/127.0.0.1:57402 - R:localhost/127.0.0.1:61409]
21:14:01.101 [Forwarding clickElement on session edbd8769d7ab740c6882bedda495403b to remote] DEBUG org.asynchttpclient.netty.request.NettyRequestSender - Using pooled Channel '[id: 0x71f94cb5, L:/127.0.0.1:57402 - R:localhost/127.0.0.1:61409]' for 'POST' to 'http://localhost:61409/session/edbd8769d7ab740c6882bedda495403b/element/2d02162f-3e8d-4331-91ba-65a35a8386f5/click'
21:14:01.101 [Forwarding clickElement on session edbd8769d7ab740c6882bedda495403b to remote] DEBUG org.asynchttpclient.netty.request.NettyRequestSender - Using open Channel [id: 0x71f94cb5, L:/127.0.0.1:57402 - R:localhost/127.0.0.1:61409] for POST '/session/edbd8769d7ab740c6882bedda495403b/element/2d02162f-3e8d-4331-91ba-65a35a8386f5/click'
21:14:01.314 [AsyncHttpClient-1-2] DEBUG org.asynchttpclient.netty.handler.HttpHandler - 

Request DefaultHttpRequest(decodeResult: success, version: HTTP/1.1)
POST /session/edbd8769d7ab740c6882bedda495403b/element/2d02162f-3e8d-4331-91ba-65a35a8386f5/click HTTP/1.1
User-Agent: selenium/4.1.2 (java windows)
Content-Length: 50
Content-Type: application/json; charset=utf-8
host: localhost:61409
accept: */*

Response DefaultHttpResponse(decodeResult: success, version: HTTP/1.1)
HTTP/1.1 200 OK
Content-Type: application/json; charset=utf-8
cache-control: no-cache
content-length: 14

21:14:01.315 [AsyncHttpClient-1-2] DEBUG org.asynchttpclient.netty.channel.ChannelManager - Adding key: http://localhost:61409 for channel [id: 0x71f94cb5, L:/127.0.0.1:57402 - R:localhost/127.0.0.1:61409]
21:14:01.332 [Forwarding screenshot on session edbd8769d7ab740c6882bedda495403b to remote] DEBUG org.asynchttpclient.netty.request.NettyRequestSender - Using pooled Channel '[id: 0x71f94cb5, L:/127.0.0.1:57402 - R:localhost/127.0.0.1:61409]' for 'GET' to 'http://localhost:61409/session/edbd8769d7ab740c6882bedda495403b/screenshot'
21:14:01.332 [Forwarding screenshot on session edbd8769d7ab740c6882bedda495403b to remote] DEBUG org.asynchttpclient.netty.request.NettyRequestSender - Using open Channel [id: 0x71f94cb5, L:/127.0.0.1:57402 - R:localhost/127.0.0.1:61409] for GET '/session/edbd8769d7ab740c6882bedda495403b/screenshot'
21:14:01.643 [AsyncHttpClient-1-2] DEBUG org.asynchttpclient.netty.handler.HttpHandler - 

Request DefaultFullHttpRequest(decodeResult: success, version: HTTP/1.1, content: EmptyByteBufBE)
GET /session/edbd8769d7ab740c6882bedda495403b/screenshot HTTP/1.1
User-Agent: selenium/4.1.2 (java windows)
Cache-Control: no-cache
Content-Type: application/json; charset=utf-8
host: localhost:61409
accept: */*

Response DefaultHttpResponse(decodeResult: success, version: HTTP/1.1)
HTTP/1.1 200 OK
Content-Type: application/json; charset=utf-8
cache-control: no-cache
content-length: 27024

21:14:01.644 [AsyncHttpClient-1-2] DEBUG org.asynchttpclient.netty.channel.ChannelManager - Adding key: http://localhost:61409 for channel [id: 0x71f94cb5, L:/127.0.0.1:57402 - R:localhost/127.0.0.1:61409]
21:14:01.646 [main] DEBUG net.serenitybdd.core.photography.Darkroom - Send negative for processing for target\site\serenity\1c4f1077ad11113b99e03da86571eca714e35c59c86ce2250c65053e6b1fd2cf.png
21:14:01.646 [main] DEBUG net.thucydides.core.steps.StepInterceptor - STEP DONE: clickLoginIcon
21:14:01.647 [Darkroom Processing Line] DEBUG net.serenitybdd.core.photography.DarkroomProcessingLine - Processing screenshot image in /var/screenshots/screenshot-1773134923210429001
21:14:01.647 [Darkroom Processing Line] DEBUG net.serenitybdd.core.photography.DarkroomProcessingLine - Saving screenshot to target\site\serenity\1c4f1077ad11113b99e03da86571eca714e35c59c86ce2250c65053e6b1fd2cf.png
21:14:01.654 [main] DEBUG net.thucydides.core.steps.StepInterceptor - STARTING STEP: RegisterSteps.onRegisterPage - clickRegisterIcon
21:14:01.657 [Forwarding findElement on session edbd8769d7ab740c6882bedda495403b to remote] DEBUG org.asynchttpclient.netty.request.NettyRequestSender - Using pooled Channel '[id: 0x71f94cb5, L:/127.0.0.1:57402 - R:localhost/127.0.0.1:61409]' for 'POST' to 'http://localhost:61409/session/edbd8769d7ab740c6882bedda495403b/element'
21:14:01.657 [Forwarding findElement on session edbd8769d7ab740c6882bedda495403b to remote] DEBUG org.asynchttpclient.netty.request.NettyRequestSender - Using open Channel [id: 0x71f94cb5, L:/127.0.0.1:57402 - R:localhost/127.0.0.1:61409] for POST '/session/edbd8769d7ab740c6882bedda495403b/element'
21:14:01.670 [AsyncHttpClient-1-2] DEBUG org.asynchttpclient.netty.handler.HttpHandler - 

Request DefaultHttpRequest(decodeResult: success, version: HTTP/1.1)
POST /session/edbd8769d7ab740c6882bedda495403b/element HTTP/1.1
User-Agent: selenium/4.1.2 (java windows)
Content-Length: 50
Content-Type: application/json; charset=utf-8
host: localhost:61409
accept: */*

Response DefaultHttpResponse(decodeResult: success, version: HTTP/1.1)
HTTP/1.1 200 OK
Content-Type: application/json; charset=utf-8
cache-control: no-cache
content-length: 88

21:14:01.670 [AsyncHttpClient-1-2] DEBUG org.asynchttpclient.netty.channel.ChannelManager - Adding key: http://localhost:61409 for channel [id: 0x71f94cb5, L:/127.0.0.1:57402 - R:localhost/127.0.0.1:61409]
21:14:01.672 [Forwarding getElementTagName on session edbd8769d7ab740c6882bedda495403b to remote] DEBUG org.asynchttpclient.netty.request.NettyRequestSender - Using pooled Channel '[id: 0x71f94cb5, L:/127.0.0.1:57402 - R:localhost/127.0.0.1:61409]' for 'GET' to 'http://localhost:61409/session/edbd8769d7ab740c6882bedda495403b/element/1abd7f3b-aba4-4d1e-a007-d86580400f5c/name'
21:14:01.672 [Forwarding getElementTagName on session edbd8769d7ab740c6882bedda495403b to remote] DEBUG org.asynchttpclient.netty.request.NettyRequestSender - Using open Channel [id: 0x71f94cb5, L:/127.0.0.1:57402 - R:localhost/127.0.0.1:61409] for GET '/session/edbd8769d7ab740c6882bedda495403b/element/1abd7f3b-aba4-4d1e-a007-d86580400f5c/name'
21:14:01.676 [AsyncHttpClient-1-2] DEBUG org.asynchttpclient.netty.handler.HttpHandler - 

Request DefaultFullHttpRequest(decodeResult: success, version: HTTP/1.1, content: EmptyByteBufBE)
GET /session/edbd8769d7ab740c6882bedda495403b/element/1abd7f3b-aba4-4d1e-a007-d86580400f5c/name HTTP/1.1
User-Agent: selenium/4.1.2 (java windows)
Cache-Control: no-cache
Content-Type: application/json; charset=utf-8
host: localhost:61409
accept: */*

Response DefaultHttpResponse(decodeResult: success, version: HTTP/1.1)
HTTP/1.1 200 OK
Content-Type: application/json; charset=utf-8
cache-control: no-cache
content-length: 13

21:14:01.676 [AsyncHttpClient-1-2] DEBUG org.asynchttpclient.netty.channel.ChannelManager - Adding key: http://localhost:61409 for channel [id: 0x71f94cb5, L:/127.0.0.1:57402 - R:localhost/127.0.0.1:61409]
21:14:01.678 [Forwarding getElementTagName on session edbd8769d7ab740c6882bedda495403b to remote] DEBUG org.asynchttpclient.netty.request.NettyRequestSender - Using pooled Channel '[id: 0x71f94cb5, L:/127.0.0.1:57402 - R:localhost/127.0.0.1:61409]' for 'GET' to 'http://localhost:61409/session/edbd8769d7ab740c6882bedda495403b/element/1abd7f3b-aba4-4d1e-a007-d86580400f5c/name'
21:14:01.678 [Forwarding getElementTagName on session edbd8769d7ab740c6882bedda495403b to remote] DEBUG org.asynchttpclient.netty.request.NettyRequestSender - Using open Channel [id: 0x71f94cb5, L:/127.0.0.1:57402 - R:localhost/127.0.0.1:61409] for GET '/session/edbd8769d7ab740c6882bedda495403b/element/1abd7f3b-aba4-4d1e-a007-d86580400f5c/name'
21:14:01.681 [AsyncHttpClient-1-2] DEBUG org.asynchttpclient.netty.handler.HttpHandler - 

Request DefaultFullHttpRequest(decodeResult: success, version: HTTP/1.1, content: EmptyByteBufBE)
GET /session/edbd8769d7ab740c6882bedda495403b/element/1abd7f3b-aba4-4d1e-a007-d86580400f5c/name HTTP/1.1
User-Agent: selenium/4.1.2 (java windows)
Cache-Control: no-cache
Content-Type: application/json; charset=utf-8
host: localhost:61409
accept: */*

Response DefaultHttpResponse(decodeResult: success, version: HTTP/1.1)
HTTP/1.1 200 OK
Content-Type: application/json; charset=utf-8
cache-control: no-cache
content-length: 13

21:14:01.681 [AsyncHttpClient-1-2] DEBUG org.asynchttpclient.netty.channel.ChannelManager - Adding key: http://localhost:61409 for channel [id: 0x71f94cb5, L:/127.0.0.1:57402 - R:localhost/127.0.0.1:61409]
21:14:01.683 [Forwarding findElement on session edbd8769d7ab740c6882bedda495403b to remote] DEBUG org.asynchttpclient.netty.request.NettyRequestSender - Using pooled Channel '[id: 0x71f94cb5, L:/127.0.0.1:57402 - R:localhost/127.0.0.1:61409]' for 'POST' to 'http://localhost:61409/session/edbd8769d7ab740c6882bedda495403b/element'
21:14:01.683 [Forwarding findElement on session edbd8769d7ab740c6882bedda495403b to remote] DEBUG org.asynchttpclient.netty.request.NettyRequestSender - Using open Channel [id: 0x71f94cb5, L:/127.0.0.1:57402 - R:localhost/127.0.0.1:61409] for POST '/session/edbd8769d7ab740c6882bedda495403b/element'
21:14:01.690 [AsyncHttpClient-1-2] DEBUG org.asynchttpclient.netty.handler.HttpHandler - 

Request DefaultHttpRequest(decodeResult: success, version: HTTP/1.1)
POST /session/edbd8769d7ab740c6882bedda495403b/element HTTP/1.1
User-Agent: selenium/4.1.2 (java windows)
Content-Length: 50
Content-Type: application/json; charset=utf-8
host: localhost:61409
accept: */*

Response DefaultHttpResponse(decodeResult: success, version: HTTP/1.1)
HTTP/1.1 200 OK
Content-Type: application/json; charset=utf-8
cache-control: no-cache
content-length: 88

21:14:01.691 [AsyncHttpClient-1-2] DEBUG org.asynchttpclient.netty.channel.ChannelManager - Adding key: http://localhost:61409 for channel [id: 0x71f94cb5, L:/127.0.0.1:57402 - R:localhost/127.0.0.1:61409]
21:14:01.692 [Forwarding clickElement on session edbd8769d7ab740c6882bedda495403b to remote] DEBUG org.asynchttpclient.netty.request.NettyRequestSender - Using pooled Channel '[id: 0x71f94cb5, L:/127.0.0.1:57402 - R:localhost/127.0.0.1:61409]' for 'POST' to 'http://localhost:61409/session/edbd8769d7ab740c6882bedda495403b/element/1abd7f3b-aba4-4d1e-a007-d86580400f5c/click'
21:14:01.692 [Forwarding clickElement on session edbd8769d7ab740c6882bedda495403b to remote] DEBUG org.asynchttpclient.netty.request.NettyRequestSender - Using open Channel [id: 0x71f94cb5, L:/127.0.0.1:57402 - R:localhost/127.0.0.1:61409] for POST '/session/edbd8769d7ab740c6882bedda495403b/element/1abd7f3b-aba4-4d1e-a007-d86580400f5c/click'
21:14:01.703 [AsyncHttpClient-1-1] DEBUG org.asynchttpclient.netty.channel.DefaultChannelPool - Entry count for : http://localhost:57403 : 1
21:14:01.736 [AsyncHttpClient-1-2] DEBUG org.asynchttpclient.netty.handler.HttpHandler - 

Request DefaultHttpRequest(decodeResult: success, version: HTTP/1.1)
POST /session/edbd8769d7ab740c6882bedda495403b/element/1abd7f3b-aba4-4d1e-a007-d86580400f5c/click HTTP/1.1
User-Agent: selenium/4.1.2 (java windows)
Content-Length: 50
Content-Type: application/json; charset=utf-8
host: localhost:61409
accept: */*

Response DefaultHttpResponse(decodeResult: success, version: HTTP/1.1)
HTTP/1.1 200 OK
Content-Type: application/json; charset=utf-8
cache-control: no-cache
content-length: 14

21:14:01.736 [AsyncHttpClient-1-2] DEBUG org.asynchttpclient.netty.channel.ChannelManager - Adding key: http://localhost:61409 for channel [id: 0x71f94cb5, L:/127.0.0.1:57402 - R:localhost/127.0.0.1:61409]
21:14:01.747 [Forwarding screenshot on session edbd8769d7ab740c6882bedda495403b to remote] DEBUG org.asynchttpclient.netty.request.NettyRequestSender - Using pooled Channel '[id: 0x71f94cb5, L:/127.0.0.1:57402 - R:localhost/127.0.0.1:61409]' for 'GET' to 'http://localhost:61409/session/edbd8769d7ab740c6882bedda495403b/screenshot'
21:14:01.748 [Forwarding screenshot on session edbd8769d7ab740c6882bedda495403b to remote] DEBUG org.asynchttpclient.netty.request.NettyRequestSender - Using open Channel [id: 0x71f94cb5, L:/127.0.0.1:57402 - R:localhost/127.0.0.1:61409] for GET '/session/edbd8769d7ab740c6882bedda495403b/screenshot'
21:14:01.940 [AsyncHttpClient-1-2] DEBUG org.asynchttpclient.netty.handler.HttpHandler - 

Request DefaultFullHttpRequest(decodeResult: success, version: HTTP/1.1, content: EmptyByteBufBE)
GET /session/edbd8769d7ab740c6882bedda495403b/screenshot HTTP/1.1
User-Agent: selenium/4.1.2 (java windows)
Cache-Control: no-cache
Content-Type: application/json; charset=utf-8
host: localhost:61409
accept: */*

Response DefaultHttpResponse(decodeResult: success, version: HTTP/1.1)
HTTP/1.1 200 OK
Content-Type: application/json; charset=utf-8
cache-control: no-cache
content-length: 31136

21:14:01.941 [AsyncHttpClient-1-2] DEBUG org.asynchttpclient.netty.channel.ChannelManager - Adding key: http://localhost:61409 for channel [id: 0x71f94cb5, L:/127.0.0.1:57402 - R:localhost/127.0.0.1:61409]
21:14:01.943 [main] DEBUG net.serenitybdd.core.photography.Darkroom - Send negative for processing for target\site\serenity\697626eac14c707d44f1a2eb9a31bbb8d63b601913410d90995fa62ef82e2e4d.png
21:14:01.943 [main] DEBUG net.thucydides.core.steps.StepInterceptor - STEP DONE: clickRegisterIcon
  &amp#27;[32mGiven &amp#27;[0m&amp#27;[32muser on the register page&amp#27;[0m                                               &amp#27;[90m# starter.stepdefenitions.RegisterSteps.onRegisterPage()&amp#27;[0m
21:14:01.943 [Darkroom Processing Line] DEBUG net.serenitybdd.core.photography.DarkroomProcessingLine - Processing screenshot image in /var/screenshots/screenshot-4172437613888910766
21:14:01.943 [Darkroom Processing Line] DEBUG net.serenitybdd.core.photography.DarkroomProcessingLine - Saving screenshot to target\site\serenity\697626eac14c707d44f1a2eb9a31bbb8d63b601913410d90995fa62ef82e2e4d.png
21:14:01.960 [main] DEBUG net.thucydides.core.steps.StepInterceptor - STARTING STEP: RegisterSteps.userInputRegisteredName - inputFullName
21:14:01.962 [Forwarding findElement on session edbd8769d7ab740c6882bedda495403b to remote] DEBUG org.asynchttpclient.netty.request.NettyRequestSender - Using pooled Channel '[id: 0x71f94cb5, L:/127.0.0.1:57402 - R:localhost/127.0.0.1:61409]' for 'POST' to 'http://localhost:61409/session/edbd8769d7ab740c6882bedda495403b/element'
21:14:01.962 [Forwarding findElement on session edbd8769d7ab740c6882bedda495403b to remote] DEBUG org.asynchttpclient.netty.request.NettyRequestSender - Using open Channel [id: 0x71f94cb5, L:/127.0.0.1:57402 - R:localhost/127.0.0.1:61409] for POST '/session/edbd8769d7ab740c6882bedda495403b/element'
21:14:01.977 [AsyncHttpClient-1-2] DEBUG org.asynchttpclient.netty.handler.HttpHandler - 

Request DefaultHttpRequest(decodeResult: success, version: HTTP/1.1)
POST /session/edbd8769d7ab740c6882bedda495403b/element HTTP/1.1
User-Agent: selenium/4.1.2 (java windows)
Content-Length: 123
Content-Type: application/json; charset=utf-8
host: localhost:61409
accept: */*

Response DefaultHttpResponse(decodeResult: success, version: HTTP/1.1)
HTTP/1.1 200 OK
Content-Type: application/json; charset=utf-8
cache-control: no-cache
content-length: 88

21:14:01.977 [AsyncHttpClient-1-2] DEBUG org.asynchttpclient.netty.channel.ChannelManager - Adding key: http://localhost:61409 for channel [id: 0x71f94cb5, L:/127.0.0.1:57402 - R:localhost/127.0.0.1:61409]
21:14:01.979 [Forwarding clearElement on session edbd8769d7ab740c6882bedda495403b to remote] DEBUG org.asynchttpclient.netty.request.NettyRequestSender - Using pooled Channel '[id: 0x71f94cb5, L:/127.0.0.1:57402 - R:localhost/127.0.0.1:61409]' for 'POST' to 'http://localhost:61409/session/edbd8769d7ab740c6882bedda495403b/element/d8d04773-c8b7-48da-96de-845792dd2fea/clear'
21:14:01.979 [Forwarding clearElement on session edbd8769d7ab740c6882bedda495403b to remote] DEBUG org.asynchttpclient.netty.request.NettyRequestSender - Using open Channel [id: 0x71f94cb5, L:/127.0.0.1:57402 - R:localhost/127.0.0.1:61409] for POST '/session/edbd8769d7ab740c6882bedda495403b/element/d8d04773-c8b7-48da-96de-845792dd2fea/clear'
21:14:02.020 [AsyncHttpClient-1-2] DEBUG org.asynchttpclient.netty.handler.HttpHandler - 

Request DefaultHttpRequest(decodeResult: success, version: HTTP/1.1)
POST /session/edbd8769d7ab740c6882bedda495403b/element/d8d04773-c8b7-48da-96de-845792dd2fea/clear HTTP/1.1
User-Agent: selenium/4.1.2 (java windows)
Content-Length: 50
Content-Type: application/json; charset=utf-8
host: localhost:61409
accept: */*

Response DefaultHttpResponse(decodeResult: success, version: HTTP/1.1)
HTTP/1.1 200 OK
Content-Type: application/json; charset=utf-8
cache-control: no-cache
content-length: 14

21:14:02.020 [AsyncHttpClient-1-2] DEBUG org.asynchttpclient.netty.channel.ChannelManager - Adding key: http://localhost:61409 for channel [id: 0x71f94cb5, L:/127.0.0.1:57402 - R:localhost/127.0.0.1:61409]
21:14:02.023 [Forwarding sendKeysToElement on session edbd8769d7ab740c6882bedda495403b to remote] DEBUG org.asynchttpclient.netty.request.NettyRequestSender - Using pooled Channel '[id: 0x71f94cb5, L:/127.0.0.1:57402 - R:localhost/127.0.0.1:61409]' for 'POST' to 'http://localhost:61409/session/edbd8769d7ab740c6882bedda495403b/element/d8d04773-c8b7-48da-96de-845792dd2fea/value'
21:14:02.023 [Forwarding sendKeysToElement on session edbd8769d7ab740c6882bedda495403b to remote] DEBUG org.asynchttpclient.netty.request.NettyRequestSender - Using open Channel [id: 0x71f94cb5, L:/127.0.0.1:57402 - R:localhost/127.0.0.1:61409] for POST '/session/edbd8769d7ab740c6882bedda495403b/element/d8d04773-c8b7-48da-96de-845792dd2fea/value'
21:14:02.100 [AsyncHttpClient-1-2] DEBUG org.asynchttpclient.netty.handler.HttpHandler - 

Request DefaultHttpRequest(decodeResult: success, version: HTTP/1.1)
POST /session/edbd8769d7ab740c6882bedda495403b/element/d8d04773-c8b7-48da-96de-845792dd2fea/value HTTP/1.1
User-Agent: selenium/4.1.2 (java windows)
Content-Length: 121
Content-Type: application/json; charset=utf-8
host: localhost:61409
accept: */*

Response DefaultHttpResponse(decodeResult: success, version: HTTP/1.1)
HTTP/1.1 200 OK
Content-Type: application/json; charset=utf-8
cache-control: no-cache
content-length: 14

21:14:02.101 [AsyncHttpClient-1-2] DEBUG org.asynchttpclient.netty.channel.ChannelManager - Adding key: http://localhost:61409 for channel [id: 0x71f94cb5, L:/127.0.0.1:57402 - R:localhost/127.0.0.1:61409]
21:14:02.112 [Forwarding screenshot on session edbd8769d7ab740c6882bedda495403b to remote] DEBUG org.asynchttpclient.netty.request.NettyRequestSender - Using pooled Channel '[id: 0x71f94cb5, L:/127.0.0.1:57402 - R:localhost/127.0.0.1:61409]' for 'GET' to 'http://localhost:61409/session/edbd8769d7ab740c6882bedda495403b/screenshot'
21:14:02.112 [Forwarding screenshot on session edbd8769d7ab740c6882bedda495403b to remote] DEBUG org.asynchttpclient.netty.request.NettyRequestSender - Using open Channel [id: 0x71f94cb5, L:/127.0.0.1:57402 - R:localhost/127.0.0.1:61409] for GET '/session/edbd8769d7ab740c6882bedda495403b/screenshot'
21:14:02.299 [AsyncHttpClient-1-2] DEBUG org.asynchttpclient.netty.handler.HttpHandler - 

Request DefaultFullHttpRequest(decodeResult: success, version: HTTP/1.1, content: EmptyByteBufBE)
GET /session/edbd8769d7ab740c6882bedda495403b/screenshot HTTP/1.1
User-Agent: selenium/4.1.2 (java windows)
Cache-Control: no-cache
Content-Type: application/json; charset=utf-8
host: localhost:61409
accept: */*

Response DefaultHttpResponse(decodeResult: success, version: HTTP/1.1)
HTTP/1.1 200 OK
Content-Type: application/json; charset=utf-8
cache-control: no-cache
content-length: 31740

21:14:02.300 [AsyncHttpClient-1-2] DEBUG org.asynchttpclient.netty.channel.ChannelManager - Adding key: http://localhost:61409 for channel [id: 0x71f94cb5, L:/127.0.0.1:57402 - R:localhost/127.0.0.1:61409]
21:14:02.302 [main] DEBUG net.serenitybdd.core.photography.Darkroom - Send negative for processing for target\site\serenity\fda82e94b46cd266e266eece36a133124128f7588369fcc646c10a5d075d370f.png
21:14:02.302 [main] DEBUG net.thucydides.core.steps.StepInterceptor - STEP DONE: inputFullName
21:14:02.302 [Darkroom Processing Line] DEBUG net.serenitybdd.core.photography.DarkroomProcessingLine - Processing screenshot image in /var/screenshots/screenshot-4901586161167569392
21:14:02.302 [Darkroom Processing Line] DEBUG net.serenitybdd.core.photography.DarkroomProcessingLine - Saving screenshot to target\site\serenity\fda82e94b46cd266e266eece36a133124128f7588369fcc646c10a5d075d370f.png
  &amp#27;[32mWhen &amp#27;[0m&amp#27;[32muser input registered name&amp#27;[0m                                               &amp#27;[90m# starter.stepdefenitions.RegisterSteps.userInputRegisteredName()&amp#27;[0m
21:14:02.319 [main] DEBUG net.thucydides.core.steps.StepInterceptor - STARTING STEP: RegisterSteps.userInputRegisteredEmail - inputEmail
21:14:02.321 [Forwarding findElement on session edbd8769d7ab740c6882bedda495403b to remote] DEBUG org.asynchttpclient.netty.request.NettyRequestSender - Using pooled Channel '[id: 0x71f94cb5, L:/127.0.0.1:57402 - R:localhost/127.0.0.1:61409]' for 'POST' to 'http://localhost:61409/session/edbd8769d7ab740c6882bedda495403b/element'
21:14:02.321 [Forwarding findElement on session edbd8769d7ab740c6882bedda495403b to remote] DEBUG org.asynchttpclient.netty.request.NettyRequestSender - Using open Channel [id: 0x71f94cb5, L:/127.0.0.1:57402 - R:localhost/127.0.0.1:61409] for POST '/session/edbd8769d7ab740c6882bedda495403b/element'
21:14:02.337 [AsyncHttpClient-1-2] DEBUG org.asynchttpclient.netty.handler.HttpHandler - 

Request DefaultHttpRequest(decodeResult: success, version: HTTP/1.1)
POST /session/edbd8769d7ab740c6882bedda495403b/element HTTP/1.1
User-Agent: selenium/4.1.2 (java windows)
Content-Length: 116
Content-Type: application/json; charset=utf-8
host: localhost:61409
accept: */*

Response DefaultHttpResponse(decodeResult: success, version: HTTP/1.1)
HTTP/1.1 200 OK
Content-Type: application/json; charset=utf-8
cache-control: no-cache
content-length: 88

21:14:02.337 [AsyncHttpClient-1-2] DEBUG org.asynchttpclient.netty.channel.ChannelManager - Adding key: http://localhost:61409 for channel [id: 0x71f94cb5, L:/127.0.0.1:57402 - R:localhost/127.0.0.1:61409]
21:14:02.339 [Forwarding clearElement on session edbd8769d7ab740c6882bedda495403b to remote] DEBUG org.asynchttpclient.netty.request.NettyRequestSender - Using pooled Channel '[id: 0x71f94cb5, L:/127.0.0.1:57402 - R:localhost/127.0.0.1:61409]' for 'POST' to 'http://localhost:61409/session/edbd8769d7ab740c6882bedda495403b/element/b82c7f15-252d-4c37-820a-962e3413df09/clear'
21:14:02.339 [Forwarding clearElement on session edbd8769d7ab740c6882bedda495403b to remote] DEBUG org.asynchttpclient.netty.request.NettyRequestSender - Using open Channel [id: 0x71f94cb5, L:/127.0.0.1:57402 - R:localhost/127.0.0.1:61409] for POST '/session/edbd8769d7ab740c6882bedda495403b/element/b82c7f15-252d-4c37-820a-962e3413df09/clear'
21:14:02.378 [AsyncHttpClient-1-2] DEBUG org.asynchttpclient.netty.handler.HttpHandler - 

Request DefaultHttpRequest(decodeResult: success, version: HTTP/1.1)
POST /session/edbd8769d7ab740c6882bedda495403b/element/b82c7f15-252d-4c37-820a-962e3413df09/clear HTTP/1.1
User-Agent: selenium/4.1.2 (java windows)
Content-Length: 50
Content-Type: application/json; charset=utf-8
host: localhost:61409
accept: */*

Response DefaultHttpResponse(decodeResult: success, version: HTTP/1.1)
HTTP/1.1 200 OK
Content-Type: application/json; charset=utf-8
cache-control: no-cache
content-length: 14

21:14:02.379 [AsyncHttpClient-1-2] DEBUG org.asynchttpclient.netty.channel.ChannelManager - Adding key: http://localhost:61409 for channel [id: 0x71f94cb5, L:/127.0.0.1:57402 - R:localhost/127.0.0.1:61409]
21:14:02.380 [Forwarding sendKeysToElement on session edbd8769d7ab740c6882bedda495403b to remote] DEBUG org.asynchttpclient.netty.request.NettyRequestSender - Using pooled Channel '[id: 0x71f94cb5, L:/127.0.0.1:57402 - R:localhost/127.0.0.1:61409]' for 'POST' to 'http://localhost:61409/session/edbd8769d7ab740c6882bedda495403b/element/b82c7f15-252d-4c37-820a-962e3413df09/value'
21:14:02.380 [Forwarding sendKeysToElement on session edbd8769d7ab740c6882bedda495403b to remote] DEBUG org.asynchttpclient.netty.request.NettyRequestSender - Using open Channel [id: 0x71f94cb5, L:/127.0.0.1:57402 - R:localhost/127.0.0.1:61409] for POST '/session/edbd8769d7ab740c6882bedda495403b/element/b82c7f15-252d-4c37-820a-962e3413df09/value'
21:14:02.533 [AsyncHttpClient-1-2] DEBUG org.asynchttpclient.netty.handler.HttpHandler - 

Request DefaultHttpRequest(decodeResult: success, version: HTTP/1.1)
POST /session/edbd8769d7ab740c6882bedda495403b/element/b82c7f15-252d-4c37-820a-962e3413df09/value HTTP/1.1
User-Agent: selenium/4.1.2 (java windows)
Content-Length: 221
Content-Type: application/json; charset=utf-8
host: localhost:61409
accept: */*

Response DefaultHttpResponse(decodeResult: success, version: HTTP/1.1)
HTTP/1.1 200 OK
Content-Type: application/json; charset=utf-8
cache-control: no-cache
content-length: 14

21:14:02.534 [AsyncHttpClient-1-2] DEBUG org.asynchttpclient.netty.channel.ChannelManager - Adding key: http://localhost:61409 for channel [id: 0x71f94cb5, L:/127.0.0.1:57402 - R:localhost/127.0.0.1:61409]
21:14:02.545 [Forwarding screenshot on session edbd8769d7ab740c6882bedda495403b to remote] DEBUG org.asynchttpclient.netty.request.NettyRequestSender - Using pooled Channel '[id: 0x71f94cb5, L:/127.0.0.1:57402 - R:localhost/127.0.0.1:61409]' for 'GET' to 'http://localhost:61409/session/edbd8769d7ab740c6882bedda495403b/screenshot'
21:14:02.545 [Forwarding screenshot on session edbd8769d7ab740c6882bedda495403b to remote] DEBUG org.asynchttpclient.netty.request.NettyRequestSender - Using open Channel [id: 0x71f94cb5, L:/127.0.0.1:57402 - R:localhost/127.0.0.1:61409] for GET '/session/edbd8769d7ab740c6882bedda495403b/screenshot'
21:14:02.772 [AsyncHttpClient-1-2] DEBUG org.asynchttpclient.netty.handler.HttpHandler - 

Request DefaultFullHttpRequest(decodeResult: success, version: HTTP/1.1, content: EmptyByteBufBE)
GET /session/edbd8769d7ab740c6882bedda495403b/screenshot HTTP/1.1
User-Agent: selenium/4.1.2 (java windows)
Cache-Control: no-cache
Content-Type: application/json; charset=utf-8
host: localhost:61409
accept: */*

Response DefaultHttpResponse(decodeResult: success, version: HTTP/1.1)
HTTP/1.1 200 OK
Content-Type: application/json; charset=utf-8
cache-control: no-cache
content-length: 34456

21:14:02.773 [AsyncHttpClient-1-2] DEBUG org.asynchttpclient.netty.channel.ChannelManager - Adding key: http://localhost:61409 for channel [id: 0x71f94cb5, L:/127.0.0.1:57402 - R:localhost/127.0.0.1:61409]
21:14:02.776 [main] DEBUG net.serenitybdd.core.photography.Darkroom - Send negative for processing for target\site\serenity\b1278ca470d6fb83009788b173554cfe5f7d48478ff6eaa01cd95e3359db0e18.png
21:14:02.777 [main] DEBUG net.thucydides.core.steps.StepInterceptor - STEP DONE: inputEmail
  &amp#27;[32mAnd &amp#27;[0m&amp#27;[32muser input registered email&amp#27;[0m                                               &amp#27;[90m# starter.stepdefenitions.RegisterSteps.userInputRegisteredEmail()&amp#27;[0m
21:14:02.777 [Darkroom Processing Line] DEBUG net.serenitybdd.core.photography.DarkroomProcessingLine - Processing screenshot image in /var/screenshots/screenshot-2013692769450011156
21:14:02.778 [Darkroom Processing Line] DEBUG net.serenitybdd.core.photography.DarkroomProcessingLine - Saving screenshot to target\site\serenity\b1278ca470d6fb83009788b173554cfe5f7d48478ff6eaa01cd95e3359db0e18.png
21:14:02.792 [AsyncHttpClient-1-1] DEBUG org.asynchttpclient.netty.channel.DefaultChannelPool - Entry count for : http://localhost:57403 : 1
21:14:02.792 [AsyncHttpClient-1-1] DEBUG org.asynchttpclient.netty.channel.DefaultChannelPool - Entry count for : http://localhost:61409 : 1
21:14:02.795 [main] DEBUG net.thucydides.core.steps.StepInterceptor - STARTING STEP: RegisterSteps.userInputValidPassword - inputPassword
21:14:02.800 [Forwarding findElement on session edbd8769d7ab740c6882bedda495403b to remote] DEBUG org.asynchttpclient.netty.request.NettyRequestSender - Using pooled Channel '[id: 0x71f94cb5, L:/127.0.0.1:57402 - R:localhost/127.0.0.1:61409]' for 'POST' to 'http://localhost:61409/session/edbd8769d7ab740c6882bedda495403b/element'
21:14:02.800 [Forwarding findElement on session edbd8769d7ab740c6882bedda495403b to remote] DEBUG org.asynchttpclient.netty.request.NettyRequestSender - Using open Channel [id: 0x71f94cb5, L:/127.0.0.1:57402 - R:localhost/127.0.0.1:61409] for POST '/session/edbd8769d7ab740c6882bedda495403b/element'
21:14:02.815 [AsyncHttpClient-1-2] DEBUG org.asynchttpclient.netty.handler.HttpHandler - 

Request DefaultHttpRequest(decodeResult: success, version: HTTP/1.1)
POST /session/edbd8769d7ab740c6882bedda495403b/element HTTP/1.1
User-Agent: selenium/4.1.2 (java windows)
Content-Length: 119
Content-Type: application/json; charset=utf-8
host: localhost:61409
accept: */*

Response DefaultHttpResponse(decodeResult: success, version: HTTP/1.1)
HTTP/1.1 200 OK
Content-Type: application/json; charset=utf-8
cache-control: no-cache
content-length: 88

21:14:02.815 [AsyncHttpClient-1-2] DEBUG org.asynchttpclient.netty.channel.ChannelManager - Adding key: http://localhost:61409 for channel [id: 0x71f94cb5, L:/127.0.0.1:57402 - R:localhost/127.0.0.1:61409]
21:14:02.816 [Forwarding clearElement on session edbd8769d7ab740c6882bedda495403b to remote] DEBUG org.asynchttpclient.netty.request.NettyRequestSender - Using pooled Channel '[id: 0x71f94cb5, L:/127.0.0.1:57402 - R:localhost/127.0.0.1:61409]' for 'POST' to 'http://localhost:61409/session/edbd8769d7ab740c6882bedda495403b/element/743e4e13-9ddc-4d96-972f-35882c8106f0/clear'
21:14:02.816 [Forwarding clearElement on session edbd8769d7ab740c6882bedda495403b to remote] DEBUG org.asynchttpclient.netty.request.NettyRequestSender - Using open Channel [id: 0x71f94cb5, L:/127.0.0.1:57402 - R:localhost/127.0.0.1:61409] for POST '/session/edbd8769d7ab740c6882bedda495403b/element/743e4e13-9ddc-4d96-972f-35882c8106f0/clear'
21:14:02.862 [AsyncHttpClient-1-2] DEBUG org.asynchttpclient.netty.handler.HttpHandler - 

Request DefaultHttpRequest(decodeResult: success, version: HTTP/1.1)
POST /session/edbd8769d7ab740c6882bedda495403b/element/743e4e13-9ddc-4d96-972f-35882c8106f0/clear HTTP/1.1
User-Agent: selenium/4.1.2 (java windows)
Content-Length: 50
Content-Type: application/json; charset=utf-8
host: localhost:61409
accept: */*

Response DefaultHttpResponse(decodeResult: success, version: HTTP/1.1)
HTTP/1.1 200 OK
Content-Type: application/json; charset=utf-8
cache-control: no-cache
content-length: 14

21:14:02.863 [AsyncHttpClient-1-2] DEBUG org.asynchttpclient.netty.channel.ChannelManager - Adding key: http://localhost:61409 for channel [id: 0x71f94cb5, L:/127.0.0.1:57402 - R:localhost/127.0.0.1:61409]
21:14:02.865 [Forwarding sendKeysToElement on session edbd8769d7ab740c6882bedda495403b to remote] DEBUG org.asynchttpclient.netty.request.NettyRequestSender - Using pooled Channel '[id: 0x71f94cb5, L:/127.0.0.1:57402 - R:localhost/127.0.0.1:61409]' for 'POST' to 'http://localhost:61409/session/edbd8769d7ab740c6882bedda495403b/element/743e4e13-9ddc-4d96-972f-35882c8106f0/value'
21:14:02.865 [Forwarding sendKeysToElement on session edbd8769d7ab740c6882bedda495403b to remote] DEBUG org.asynchttpclient.netty.request.NettyRequestSender - Using open Channel [id: 0x71f94cb5, L:/127.0.0.1:57402 - R:localhost/127.0.0.1:61409] for POST '/session/edbd8769d7ab740c6882bedda495403b/element/743e4e13-9ddc-4d96-972f-35882c8106f0/value'
21:14:02.989 [AsyncHttpClient-1-2] DEBUG org.asynchttpclient.netty.handler.HttpHandler - 

Request DefaultHttpRequest(decodeResult: success, version: HTTP/1.1)
POST /session/edbd8769d7ab740c6882bedda495403b/element/743e4e13-9ddc-4d96-972f-35882c8106f0/value HTTP/1.1
User-Agent: selenium/4.1.2 (java windows)
Content-Length: 181
Content-Type: application/json; charset=utf-8
host: localhost:61409
accept: */*

Response DefaultHttpResponse(decodeResult: success, version: HTTP/1.1)
HTTP/1.1 200 OK
Content-Type: application/json; charset=utf-8
cache-control: no-cache
content-length: 14

21:14:02.989 [AsyncHttpClient-1-2] DEBUG org.asynchttpclient.netty.channel.ChannelManager - Adding key: http://localhost:61409 for channel [id: 0x71f94cb5, L:/127.0.0.1:57402 - R:localhost/127.0.0.1:61409]
21:14:02.997 [Forwarding screenshot on session edbd8769d7ab740c6882bedda495403b to remote] DEBUG org.asynchttpclient.netty.request.NettyRequestSender - Using pooled Channel '[id: 0x71f94cb5, L:/127.0.0.1:57402 - R:localhost/127.0.0.1:61409]' for 'GET' to 'http://localhost:61409/session/edbd8769d7ab740c6882bedda495403b/screenshot'
21:14:02.998 [Forwarding screenshot on session edbd8769d7ab740c6882bedda495403b to remote] DEBUG org.asynchttpclient.netty.request.NettyRequestSender - Using open Channel [id: 0x71f94cb5, L:/127.0.0.1:57402 - R:localhost/127.0.0.1:61409] for GET '/session/edbd8769d7ab740c6882bedda495403b/screenshot'
21:14:03.192 [AsyncHttpClient-1-2] DEBUG org.asynchttpclient.netty.handler.HttpHandler - 

Request DefaultFullHttpRequest(decodeResult: success, version: HTTP/1.1, content: EmptyByteBufBE)
GET /session/edbd8769d7ab740c6882bedda495403b/screenshot HTTP/1.1
User-Agent: selenium/4.1.2 (java windows)
Cache-Control: no-cache
Content-Type: application/json; charset=utf-8
host: localhost:61409
accept: */*

Response DefaultHttpResponse(decodeResult: success, version: HTTP/1.1)
HTTP/1.1 200 OK
Content-Type: application/json; charset=utf-8
cache-control: no-cache
content-length: 37080

21:14:03.192 [AsyncHttpClient-1-2] DEBUG org.asynchttpclient.netty.channel.ChannelManager - Adding key: http://localhost:61409 for channel [id: 0x71f94cb5, L:/127.0.0.1:57402 - R:localhost/127.0.0.1:61409]
21:14:03.195 [main] DEBUG net.serenitybdd.core.photography.Darkroom - Send negative for processing for target\site\serenity\8d8167f6c10601aa220d7dbd2b797878a08847b0e8a6705daaf1e1a5c97b1161.png
21:14:03.195 [main] DEBUG net.thucydides.core.steps.StepInterceptor - STEP DONE: inputPassword
  &amp#27;[32mAnd &amp#27;[0m&amp#27;[32muser input valid password&amp#27;[0m                                                 &amp#27;[90m# starter.stepdefenitions.RegisterSteps.userInputValidPassword()&amp#27;[0m
21:14:03.195 [Darkroom Processing Line] DEBUG net.serenitybdd.core.photography.DarkroomProcessingLine - Processing screenshot image in /var/screenshots/screenshot-6964182862857238012
21:14:03.195 [Darkroom Processing Line] DEBUG net.serenitybdd.core.photography.DarkroomProcessingLine - Saving screenshot to target\site\serenity\8d8167f6c10601aa220d7dbd2b797878a08847b0e8a6705daaf1e1a5c97b1161.png
21:14:03.217 [main] DEBUG net.thucydides.core.steps.StepInterceptor - STARTING STEP: RegisterSteps.userClickRegisterButton - clickRegisterButton
21:14:03.219 [Forwarding findElement on session edbd8769d7ab740c6882bedda495403b to remote] DEBUG org.asynchttpclient.netty.request.NettyRequestSender - Using pooled Channel '[id: 0x71f94cb5, L:/127.0.0.1:57402 - R:localhost/127.0.0.1:61409]' for 'POST' to 'http://localhost:61409/session/edbd8769d7ab740c6882bedda495403b/element'
21:14:03.220 [Forwarding findElement on session edbd8769d7ab740c6882bedda495403b to remote] DEBUG org.asynchttpclient.netty.request.NettyRequestSender - Using open Channel [id: 0x71f94cb5, L:/127.0.0.1:57402 - R:localhost/127.0.0.1:61409] for POST '/session/edbd8769d7ab740c6882bedda495403b/element'
21:14:03.235 [AsyncHttpClient-1-2] DEBUG org.asynchttpclient.netty.handler.HttpHandler - 

Request DefaultHttpRequest(decodeResult: success, version: HTTP/1.1)
POST /session/edbd8769d7ab740c6882bedda495403b/element HTTP/1.1
User-Agent: selenium/4.1.2 (java windows)
Content-Length: 108
Content-Type: application/json; charset=utf-8
host: localhost:61409
accept: */*

Response DefaultHttpResponse(decodeResult: success, version: HTTP/1.1)
HTTP/1.1 200 OK
Content-Type: application/json; charset=utf-8
cache-control: no-cache
content-length: 88

21:14:03.235 [AsyncHttpClient-1-2] DEBUG org.asynchttpclient.netty.channel.ChannelManager - Adding key: http://localhost:61409 for channel [id: 0x71f94cb5, L:/127.0.0.1:57402 - R:localhost/127.0.0.1:61409]
21:14:03.237 [Forwarding getElementTagName on session edbd8769d7ab740c6882bedda495403b to remote] DEBUG org.asynchttpclient.netty.request.NettyRequestSender - Using pooled Channel '[id: 0x71f94cb5, L:/127.0.0.1:57402 - R:localhost/127.0.0.1:61409]' for 'GET' to 'http://localhost:61409/session/edbd8769d7ab740c6882bedda495403b/element/617ebf0c-a040-444e-aae8-94385d5021db/name'
21:14:03.237 [Forwarding getElementTagName on session edbd8769d7ab740c6882bedda495403b to remote] DEBUG org.asynchttpclient.netty.request.NettyRequestSender - Using open Channel [id: 0x71f94cb5, L:/127.0.0.1:57402 - R:localhost/127.0.0.1:61409] for GET '/session/edbd8769d7ab740c6882bedda495403b/element/617ebf0c-a040-444e-aae8-94385d5021db/name'
21:14:03.241 [AsyncHttpClient-1-2] DEBUG org.asynchttpclient.netty.handler.HttpHandler - 

Request DefaultFullHttpRequest(decodeResult: success, version: HTTP/1.1, content: EmptyByteBufBE)
GET /session/edbd8769d7ab740c6882bedda495403b/element/617ebf0c-a040-444e-aae8-94385d5021db/name HTTP/1.1
User-Agent: selenium/4.1.2 (java windows)
Cache-Control: no-cache
Content-Type: application/json; charset=utf-8
host: localhost:61409
accept: */*

Response DefaultHttpResponse(decodeResult: success, version: HTTP/1.1)
HTTP/1.1 200 OK
Content-Type: application/json; charset=utf-8
cache-control: no-cache
content-length: 18

21:14:03.242 [AsyncHttpClient-1-2] DEBUG org.asynchttpclient.netty.channel.ChannelManager - Adding key: http://localhost:61409 for channel [id: 0x71f94cb5, L:/127.0.0.1:57402 - R:localhost/127.0.0.1:61409]
21:14:03.247 [Forwarding getElementTagName on session edbd8769d7ab740c6882bedda495403b to remote] DEBUG org.asynchttpclient.netty.request.NettyRequestSender - Using pooled Channel '[id: 0x71f94cb5, L:/127.0.0.1:57402 - R:localhost/127.0.0.1:61409]' for 'GET' to 'http://localhost:61409/session/edbd8769d7ab740c6882bedda495403b/element/617ebf0c-a040-444e-aae8-94385d5021db/name'
21:14:03.247 [Forwarding getElementTagName on session edbd8769d7ab740c6882bedda495403b to remote] DEBUG org.asynchttpclient.netty.request.NettyRequestSender - Using open Channel [id: 0x71f94cb5, L:/127.0.0.1:57402 - R:localhost/127.0.0.1:61409] for GET '/session/edbd8769d7ab740c6882bedda495403b/element/617ebf0c-a040-444e-aae8-94385d5021db/name'
21:14:03.252 [AsyncHttpClient-1-2] DEBUG org.asynchttpclient.netty.handler.HttpHandler - 

Request DefaultFullHttpRequest(decodeResult: success, version: HTTP/1.1, content: EmptyByteBufBE)
GET /session/edbd8769d7ab740c6882bedda495403b/element/617ebf0c-a040-444e-aae8-94385d5021db/name HTTP/1.1
User-Agent: selenium/4.1.2 (java windows)
Cache-Control: no-cache
Content-Type: application/json; charset=utf-8
host: localhost:61409
accept: */*

Response DefaultHttpResponse(decodeResult: success, version: HTTP/1.1)
HTTP/1.1 200 OK
Content-Type: application/json; charset=utf-8
cache-control: no-cache
content-length: 18

21:14:03.252 [AsyncHttpClient-1-2] DEBUG org.asynchttpclient.netty.channel.ChannelManager - Adding key: http://localhost:61409 for channel [id: 0x71f94cb5, L:/127.0.0.1:57402 - R:localhost/127.0.0.1:61409]
21:14:03.254 [Forwarding isElementEnabled on session edbd8769d7ab740c6882bedda495403b to remote] DEBUG org.asynchttpclient.netty.request.NettyRequestSender - Using pooled Channel '[id: 0x71f94cb5, L:/127.0.0.1:57402 - R:localhost/127.0.0.1:61409]' for 'GET' to 'http://localhost:61409/session/edbd8769d7ab740c6882bedda495403b/element/617ebf0c-a040-444e-aae8-94385d5021db/enabled'
21:14:03.254 [Forwarding isElementEnabled on session edbd8769d7ab740c6882bedda495403b to remote] DEBUG org.asynchttpclient.netty.request.NettyRequestSender - Using open Channel [id: 0x71f94cb5, L:/127.0.0.1:57402 - R:localhost/127.0.0.1:61409] for GET '/session/edbd8769d7ab740c6882bedda495403b/element/617ebf0c-a040-444e-aae8-94385d5021db/enabled'
21:14:03.263 [AsyncHttpClient-1-2] DEBUG org.asynchttpclient.netty.handler.HttpHandler - 

Request DefaultFullHttpRequest(decodeResult: success, version: HTTP/1.1, content: EmptyByteBufBE)
GET /session/edbd8769d7ab740c6882bedda495403b/element/617ebf0c-a040-444e-aae8-94385d5021db/enabled HTTP/1.1
User-Agent: selenium/4.1.2 (java windows)
Cache-Control: no-cache
Content-Type: application/json; charset=utf-8
host: localhost:61409
accept: */*

Response DefaultHttpResponse(decodeResult: success, version: HTTP/1.1)
HTTP/1.1 200 OK
Content-Type: application/json; charset=utf-8
cache-control: no-cache
content-length: 14

21:14:03.264 [AsyncHttpClient-1-2] DEBUG org.asynchttpclient.netty.channel.ChannelManager - Adding key: http://localhost:61409 for channel [id: 0x71f94cb5, L:/127.0.0.1:57402 - R:localhost/127.0.0.1:61409]
21:14:03.266 [Forwarding isElementEnabled on session edbd8769d7ab740c6882bedda495403b to remote] DEBUG org.asynchttpclient.netty.request.NettyRequestSender - Using pooled Channel '[id: 0x71f94cb5, L:/127.0.0.1:57402 - R:localhost/127.0.0.1:61409]' for 'GET' to 'http://localhost:61409/session/edbd8769d7ab740c6882bedda495403b/element/617ebf0c-a040-444e-aae8-94385d5021db/enabled'
21:14:03.266 [Forwarding isElementEnabled on session edbd8769d7ab740c6882bedda495403b to remote] DEBUG org.asynchttpclient.netty.request.NettyRequestSender - Using open Channel [id: 0x71f94cb5, L:/127.0.0.1:57402 - R:localhost/127.0.0.1:61409] for GET '/session/edbd8769d7ab740c6882bedda495403b/element/617ebf0c-a040-444e-aae8-94385d5021db/enabled'
21:14:03.274 [AsyncHttpClient-1-2] DEBUG org.asynchttpclient.netty.handler.HttpHandler - 

Request DefaultFullHttpRequest(decodeResult: success, version: HTTP/1.1, content: EmptyByteBufBE)
GET /session/edbd8769d7ab740c6882bedda495403b/element/617ebf0c-a040-444e-aae8-94385d5021db/enabled HTTP/1.1
User-Agent: selenium/4.1.2 (java windows)
Cache-Control: no-cache
Content-Type: application/json; charset=utf-8
host: localhost:61409
accept: */*

Response DefaultHttpResponse(decodeResult: success, version: HTTP/1.1)
HTTP/1.1 200 OK
Content-Type: application/json; charset=utf-8
cache-control: no-cache
content-length: 14

21:14:03.274 [AsyncHttpClient-1-2] DEBUG org.asynchttpclient.netty.channel.ChannelManager - Adding key: http://localhost:61409 for channel [id: 0x71f94cb5, L:/127.0.0.1:57402 - R:localhost/127.0.0.1:61409]
21:14:03.277 [Forwarding findElement on session edbd8769d7ab740c6882bedda495403b to remote] DEBUG org.asynchttpclient.netty.request.NettyRequestSender - Using pooled Channel '[id: 0x71f94cb5, L:/127.0.0.1:57402 - R:localhost/127.0.0.1:61409]' for 'POST' to 'http://localhost:61409/session/edbd8769d7ab740c6882bedda495403b/element'
21:14:03.277 [Forwarding findElement on session edbd8769d7ab740c6882bedda495403b to remote] DEBUG org.asynchttpclient.netty.request.NettyRequestSender - Using open Channel [id: 0x71f94cb5, L:/127.0.0.1:57402 - R:localhost/127.0.0.1:61409] for POST '/session/edbd8769d7ab740c6882bedda495403b/element'
21:14:03.292 [AsyncHttpClient-1-2] DEBUG org.asynchttpclient.netty.handler.HttpHandler - 

Request DefaultHttpRequest(decodeResult: success, version: HTTP/1.1)
POST /session/edbd8769d7ab740c6882bedda495403b/element HTTP/1.1
User-Agent: selenium/4.1.2 (java windows)
Content-Length: 108
Content-Type: application/json; charset=utf-8
host: localhost:61409
accept: */*

Response DefaultHttpResponse(decodeResult: success, version: HTTP/1.1)
HTTP/1.1 200 OK
Content-Type: application/json; charset=utf-8
cache-control: no-cache
content-length: 88

21:14:03.292 [AsyncHttpClient-1-2] DEBUG org.asynchttpclient.netty.channel.ChannelManager - Adding key: http://localhost:61409 for channel [id: 0x71f94cb5, L:/127.0.0.1:57402 - R:localhost/127.0.0.1:61409]
21:14:03.294 [Forwarding clickElement on session edbd8769d7ab740c6882bedda495403b to remote] DEBUG org.asynchttpclient.netty.request.NettyRequestSender - Using pooled Channel '[id: 0x71f94cb5, L:/127.0.0.1:57402 - R:localhost/127.0.0.1:61409]' for 'POST' to 'http://localhost:61409/session/edbd8769d7ab740c6882bedda495403b/element/617ebf0c-a040-444e-aae8-94385d5021db/click'
21:14:03.294 [Forwarding clickElement on session edbd8769d7ab740c6882bedda495403b to remote] DEBUG org.asynchttpclient.netty.request.NettyRequestSender - Using open Channel [id: 0x71f94cb5, L:/127.0.0.1:57402 - R:localhost/127.0.0.1:61409] for POST '/session/edbd8769d7ab740c6882bedda495403b/element/617ebf0c-a040-444e-aae8-94385d5021db/click'
21:14:03.390 [AsyncHttpClient-1-2] DEBUG org.asynchttpclient.netty.handler.HttpHandler - 

Request DefaultHttpRequest(decodeResult: success, version: HTTP/1.1)
POST /session/edbd8769d7ab740c6882bedda495403b/element/617ebf0c-a040-444e-aae8-94385d5021db/click HTTP/1.1
User-Agent: selenium/4.1.2 (java windows)
Content-Length: 50
Content-Type: application/json; charset=utf-8
host: localhost:61409
accept: */*

Response DefaultHttpResponse(decodeResult: success, version: HTTP/1.1)
HTTP/1.1 200 OK
Content-Type: application/json; charset=utf-8
cache-control: no-cache
content-length: 14

21:14:03.390 [AsyncHttpClient-1-2] DEBUG org.asynchttpclient.netty.channel.ChannelManager - Adding key: http://localhost:61409 for channel [id: 0x71f94cb5, L:/127.0.0.1:57402 - R:localhost/127.0.0.1:61409]
21:14:03.402 [Forwarding screenshot on session edbd8769d7ab740c6882bedda495403b to remote] DEBUG org.asynchttpclient.netty.request.NettyRequestSender - Using pooled Channel '[id: 0x71f94cb5, L:/127.0.0.1:57402 - R:localhost/127.0.0.1:61409]' for 'GET' to 'http://localhost:61409/session/edbd8769d7ab740c6882bedda495403b/screenshot'
21:14:03.402 [Forwarding screenshot on session edbd8769d7ab740c6882bedda495403b to remote] DEBUG org.asynchttpclient.netty.request.NettyRequestSender - Using open Channel [id: 0x71f94cb5, L:/127.0.0.1:57402 - R:localhost/127.0.0.1:61409] for GET '/session/edbd8769d7ab740c6882bedda495403b/screenshot'
21:14:03.615 [AsyncHttpClient-1-2] DEBUG org.asynchttpclient.netty.handler.HttpHandler - 

Request DefaultFullHttpRequest(decodeResult: success, version: HTTP/1.1, content: EmptyByteBufBE)
GET /session/edbd8769d7ab740c6882bedda495403b/screenshot HTTP/1.1
User-Agent: selenium/4.1.2 (java windows)
Cache-Control: no-cache
Content-Type: application/json; charset=utf-8
host: localhost:61409
accept: */*

Response DefaultHttpResponse(decodeResult: success, version: HTTP/1.1)
HTTP/1.1 200 OK
Content-Type: application/json; charset=utf-8
cache-control: no-cache
content-length: 36464

21:14:03.615 [AsyncHttpClient-1-2] DEBUG org.asynchttpclient.netty.channel.ChannelManager - Adding key: http://localhost:61409 for channel [id: 0x71f94cb5, L:/127.0.0.1:57402 - R:localhost/127.0.0.1:61409]
21:14:03.618 [main] DEBUG net.serenitybdd.core.photography.Darkroom - Send negative for processing for target\site\serenity\067bc30dbf9777615e9d5dcb93253547a0a1ac85acb1abc5d3e3a6ce164d4754.png
21:14:03.618 [main] DEBUG net.thucydides.core.steps.StepInterceptor - STEP DONE: clickRegisterButton
  &amp#27;[32mAnd &amp#27;[0m&amp#27;[32muser click register button&amp#27;[0m                                                &amp#27;[90m# starter.stepdefenitions.RegisterSteps.userClickRegisterButton()&amp#27;[0m
21:14:03.622 [Darkroom Processing Line] DEBUG net.serenitybdd.core.photography.DarkroomProcessingLine - Processing screenshot image in /var/screenshots/screenshot-1863552752959583983
21:14:03.623 [Darkroom Processing Line] DEBUG net.serenitybdd.core.photography.DarkroomProcessingLine - Saving screenshot to target\site\serenity\067bc30dbf9777615e9d5dcb93253547a0a1ac85acb1abc5d3e3a6ce164d4754.png
21:14:03.643 [main] DEBUG net.thucydides.core.steps.StepInterceptor - STARTING STEP: RegisterSteps.userFailToCreateAccountAndGetErrorMessage - getErrorMessage
21:14:03.645 [Forwarding findElement on session edbd8769d7ab740c6882bedda495403b to remote] DEBUG org.asynchttpclient.netty.request.NettyRequestSender - Using pooled Channel '[id: 0x71f94cb5, L:/127.0.0.1:57402 - R:localhost/127.0.0.1:61409]' for 'POST' to 'http://localhost:61409/session/edbd8769d7ab740c6882bedda495403b/element'
21:14:03.645 [Forwarding findElement on session edbd8769d7ab740c6882bedda495403b to remote] DEBUG org.asynchttpclient.netty.request.NettyRequestSender - Using open Channel [id: 0x71f94cb5, L:/127.0.0.1:57402 - R:localhost/127.0.0.1:61409] for POST '/session/edbd8769d7ab740c6882bedda495403b/element'
21:14:03.652 [AsyncHttpClient-1-2] DEBUG org.asynchttpclient.netty.handler.HttpHandler - 

Request DefaultHttpRequest(decodeResult: success, version: HTTP/1.1)
POST /session/edbd8769d7ab740c6882bedda495403b/element HTTP/1.1
User-Agent: selenium/4.1.2 (java windows)
Content-Length: 53
Content-Type: application/json; charset=utf-8
host: localhost:61409
accept: */*

Response DefaultHttpResponse(decodeResult: success, version: HTTP/1.1)
HTTP/1.1 400 Bad Request
Content-Type: application/json; charset=utf-8
cache-control: no-cache
content-length: 957

21:14:03.652 [AsyncHttpClient-1-2] DEBUG org.asynchttpclient.netty.channel.ChannelManager - Adding key: http://localhost:61409 for channel [id: 0x71f94cb5, L:/127.0.0.1:57402 - R:localhost/127.0.0.1:61409]
21:14:03.654 [Forwarding findElement on session edbd8769d7ab740c6882bedda495403b to remote] DEBUG org.asynchttpclient.netty.request.NettyRequestSender - Using pooled Channel '[id: 0x71f94cb5, L:/127.0.0.1:57402 - R:localhost/127.0.0.1:61409]' for 'POST' to 'http://localhost:61409/session/edbd8769d7ab740c6882bedda495403b/element'
21:14:03.654 [Forwarding findElement on session edbd8769d7ab740c6882bedda495403b to remote] DEBUG org.asynchttpclient.netty.request.NettyRequestSender - Using open Channel [id: 0x71f94cb5, L:/127.0.0.1:57402 - R:localhost/127.0.0.1:61409] for POST '/session/edbd8769d7ab740c6882bedda495403b/element'
21:14:03.666 [AsyncHttpClient-1-2] DEBUG org.asynchttpclient.netty.handler.HttpHandler - 

Request DefaultHttpRequest(decodeResult: success, version: HTTP/1.1)
POST /session/edbd8769d7ab740c6882bedda495403b/element HTTP/1.1
User-Agent: selenium/4.1.2 (java windows)
Content-Length: 63
Content-Type: application/json; charset=utf-8
host: localhost:61409
accept: */*

Response DefaultHttpResponse(decodeResult: success, version: HTTP/1.1)
HTTP/1.1 200 OK
Content-Type: application/json; charset=utf-8
cache-control: no-cache
content-length: 88

21:14:03.667 [AsyncHttpClient-1-2] DEBUG org.asynchttpclient.netty.channel.ChannelManager - Adding key: http://localhost:61409 for channel [id: 0x71f94cb5, L:/127.0.0.1:57402 - R:localhost/127.0.0.1:61409]
21:14:03.672 [Forwarding isElementDisplayed on session edbd8769d7ab740c6882bedda495403b to remote] DEBUG org.asynchttpclient.netty.request.NettyRequestSender - Using pooled Channel '[id: 0x71f94cb5, L:/127.0.0.1:57402 - R:localhost/127.0.0.1:61409]' for 'POST' to 'http://localhost:61409/session/edbd8769d7ab740c6882bedda495403b/execute/sync'
21:14:03.672 [Forwarding isElementDisplayed on session edbd8769d7ab740c6882bedda495403b to remote] DEBUG org.asynchttpclient.netty.request.NettyRequestSender - Using open Channel [id: 0x71f94cb5, L:/127.0.0.1:57402 - R:localhost/127.0.0.1:61409] for POST '/session/edbd8769d7ab740c6882bedda495403b/execute/sync'
21:14:03.691 [AsyncHttpClient-1-2] DEBUG org.asynchttpclient.netty.handler.HttpHandler - 

Request DefaultHttpRequest(decodeResult: success, version: HTTP/1.1)
POST /session/edbd8769d7ab740c6882bedda495403b/execute/sync HTTP/1.1
User-Agent: selenium/4.1.2 (java windows)
Content-Length: 48780
Content-Type: application/json; charset=utf-8
host: localhost:61409
accept: */*

Response DefaultHttpResponse(decodeResult: success, version: HTTP/1.1)
HTTP/1.1 200 OK
Content-Type: application/json; charset=utf-8
cache-control: no-cache
content-length: 14

21:14:03.691 [AsyncHttpClient-1-2] DEBUG org.asynchttpclient.netty.channel.ChannelManager - Adding key: http://localhost:61409 for channel [id: 0x71f94cb5, L:/127.0.0.1:57402 - R:localhost/127.0.0.1:61409]
21:14:03.695 [Forwarding screenshot on session edbd8769d7ab740c6882bedda495403b to remote] DEBUG org.asynchttpclient.netty.request.NettyRequestSender - Using pooled Channel '[id: 0x71f94cb5, L:/127.0.0.1:57402 - R:localhost/127.0.0.1:61409]' for 'GET' to 'http://localhost:61409/session/edbd8769d7ab740c6882bedda495403b/screenshot'
21:14:03.695 [Forwarding screenshot on session edbd8769d7ab740c6882bedda495403b to remote] DEBUG org.asynchttpclient.netty.request.NettyRequestSender - Using open Channel [id: 0x71f94cb5, L:/127.0.0.1:57402 - R:localhost/127.0.0.1:61409] for GET '/session/edbd8769d7ab740c6882bedda495403b/screenshot'
21:14:03.895 [AsyncHttpClient-1-1] DEBUG org.asynchttpclient.netty.channel.DefaultChannelPool - Entry count for : http://localhost:57403 : 1
21:14:03.899 [AsyncHttpClient-1-2] DEBUG org.asynchttpclient.netty.handler.HttpHandler - 

Request DefaultFullHttpRequest(decodeResult: success, version: HTTP/1.1, content: EmptyByteBufBE)
GET /session/edbd8769d7ab740c6882bedda495403b/screenshot HTTP/1.1
User-Agent: selenium/4.1.2 (java windows)
Cache-Control: no-cache
Content-Type: application/json; charset=utf-8
host: localhost:61409
accept: */*

Response DefaultHttpResponse(decodeResult: success, version: HTTP/1.1)
HTTP/1.1 200 OK
Content-Type: application/json; charset=utf-8
cache-control: no-cache
content-length: 37944

21:14:03.900 [AsyncHttpClient-1-2] DEBUG org.asynchttpclient.netty.channel.ChannelManager - Adding key: http://localhost:61409 for channel [id: 0x71f94cb5, L:/127.0.0.1:57402 - R:localhost/127.0.0.1:61409]
21:14:03.903 [main] DEBUG net.serenitybdd.core.photography.Darkroom - Send negative for processing for target\site\serenity\f887378e6e3ad1bed29da346098d116ade6fd5afe6c18a2205e42ea3d4cdac54.png
21:14:03.903 [main] DEBUG net.thucydides.core.steps.StepInterceptor - STEP DONE: getErrorMessage
  &amp#27;[32mThen &amp#27;[0m&amp#27;[32muser fail to create account and get error message &amp#27;[0m&amp#27;[32m&amp#27;[1m"ERROR: duplicate key"&amp#27;[0m &amp#27;[90m# starter.stepdefenitions.RegisterSteps.userFailToCreateAccountAndGetErrorMessage(java.lang.String)&amp#27;[0m
21:14:03.903 [Darkroom Processing Line] DEBUG net.serenitybdd.core.photography.DarkroomProcessingLine - Processing screenshot image in /var/screenshots/screenshot-5333039424805659632
21:14:03.903 [Darkroom Processing Line] DEBUG net.serenitybdd.core.photography.DarkroomProcessingLine - Saving screenshot to target\site\serenity\f887378e6e3ad1bed29da346098d116ade6fd5afe6c18a2205e42ea3d4cdac54.png
21:14:03.911 [main] INFO  - 
  _____   ___   ___   _____     ___     _     ___   ___   ___   ___  
 |_   _| | __| / __| |_   _|   | _ \   /_\   / __| / __| | __| |   \ 
   | |   | _|  \__ \   | |     |  _/  / _ \  \__ \ \__ \ | _|  | |) |
   |_|   |___| |___/   |_|     |_|   /_/ \_\ |___/ |___/ |___| |___/ 

As user i have failed to create account with registered data
----------------------------------------------------------------------
21:14:03.912 [AsyncHttpClient-1-4] DEBUG org.asynchttpclient.netty.handler.WebSocketHandler - Channel Closed: [id: 0x4203445b, L:/127.0.0.1:57410 ! R:localhost/127.0.0.1:57403] with attribute NettyResponseFuture{currentRetry=5,
	isDone=1,
	isCancelled=0,
	asyncHandler=org.asynchttpclient.ws.WebSocketUpgradeHandler@5c870bd1,
	nettyRequest=org.asynchttpclient.netty.request.NettyRequest@6b9dfba6,
	future=java.util.concurrent.CompletableFuture@5fff33b3[Completed normally],
	uri=ws://localhost:57403/devtools/browser/3800cabb-8253-4462-a5d8-97e3e38148f4,
	keepAlive=true,
	redirectCount=0,
	timeoutsHolder=null,
	inAuth=0,
	touch=1652796835482}
21:14:03.912 [AsyncHttpClient-1-4] DEBUG org.asynchttpclient.netty.channel.ChannelManager - Closing Channel [id: 0x4203445b, L:/127.0.0.1:57410 ! R:localhost/127.0.0.1:57403] 
21:14:03.912 [Driver Command Executor] DEBUG org.asynchttpclient.netty.request.NettyRequestSender - Using pooled Channel '[id: 0x71f94cb5, L:/127.0.0.1:57402 - R:localhost/127.0.0.1:61409]' for 'DELETE' to 'http://localhost:61409/session/edbd8769d7ab740c6882bedda495403b'
21:14:03.912 [Driver Command Executor] DEBUG org.asynchttpclient.netty.request.NettyRequestSender - Using open Channel [id: 0x71f94cb5, L:/127.0.0.1:57402 - R:localhost/127.0.0.1:61409] for DELETE '/session/edbd8769d7ab740c6882bedda495403b'
21:14:04.010 [AsyncHttpClient-1-3] DEBUG org.asynchttpclient.netty.handler.HttpHandler - Unexpected I/O exception on channel [id: 0x8a8675d5, L:/127.0.0.1:57409 - R:localhost/127.0.0.1:57403]
java.io.IOException: An existing connection was forcibly closed by the remote host
	at sun.nio.ch.SocketDispatcher.read0(Native Method)
	at sun.nio.ch.SocketDispatcher.read(SocketDispatcher.java:43)
	at sun.nio.ch.IOUtil.readIntoNativeBuffer(IOUtil.java:223)
	at sun.nio.ch.IOUtil.read(IOUtil.java:192)
	at sun.nio.ch.SocketChannelImpl.read(SocketChannelImpl.java:378)
	at io.netty.buffer.PooledByteBuf.setBytes(PooledByteBuf.java:258)
	at io.netty.buffer.AbstractByteBuf.writeBytes(AbstractByteBuf.java:1132)
	at io.netty.channel.socket.nio.NioSocketChannel.doReadBytes(NioSocketChannel.java:350)
	at io.netty.channel.nio.AbstractNioByteChannel$NioByteUnsafe.read(AbstractNioByteChannel.java:151)
	at io.netty.channel.nio.NioEventLoop.processSelectedKey(NioEventLoop.java:722)
	at io.netty.channel.nio.NioEventLoop.processSelectedKeysOptimized(NioEventLoop.java:658)
	at io.netty.channel.nio.NioEventLoop.processSelectedKeys(NioEventLoop.java:584)
	at io.netty.channel.nio.NioEventLoop.run(NioEventLoop.java:496)
	at io.netty.util.concurrent.SingleThreadEventExecutor$4.run(SingleThreadEventExecutor.java:986)
	at io.netty.util.internal.ThreadExecutorMap$2.run(ThreadExecutorMap.java:74)
	at io.netty.util.concurrent.FastThreadLocalRunnable.run(FastThreadLocalRunnable.java:30)
	at java.lang.Thread.run(Thread.java:750)
21:14:04.010 [AsyncHttpClient-1-3] DEBUG org.asynchttpclient.netty.channel.ChannelManager - Closing Channel [id: 0x8a8675d5, L:/127.0.0.1:57409 - R:localhost/127.0.0.1:57403] 
21:14:04.011 [AsyncHttpClient-1-3] DEBUG org.asynchttpclient.netty.handler.HttpHandler - Channel Closed: [id: 0x8a8675d5, L:/127.0.0.1:57409 ! R:localhost/127.0.0.1:57403] with attribute DISCARD
21:14:04.027 [AsyncHttpClient-1-2] DEBUG org.asynchttpclient.netty.handler.HttpHandler - 

Request DefaultFullHttpRequest(decodeResult: success, version: HTTP/1.1, content: EmptyByteBufBE)
DELETE /session/edbd8769d7ab740c6882bedda495403b HTTP/1.1
User-Agent: selenium/4.1.2 (java windows)
Content-Type: application/json; charset=utf-8
host: localhost:61409
accept: */*

Response DefaultHttpResponse(decodeResult: success, version: HTTP/1.1)
HTTP/1.1 200 OK
Content-Type: application/json; charset=utf-8
cache-control: no-cache
content-length: 14

21:14:04.027 [AsyncHttpClient-1-2] DEBUG org.asynchttpclient.netty.channel.ChannelManager - Adding key: http://localhost:61409 for channel [id: 0x71f94cb5, L:/127.0.0.1:57402 - R:localhost/127.0.0.1:61409]
21:14:04.119 [AsyncHttpClient-1-2] DEBUG org.asynchttpclient.netty.handler.HttpHandler - Channel Closed: [id: 0x71f94cb5, L:/127.0.0.1:57402 ! R:localhost/127.0.0.1:61409] with attribute DISCARD
]]></system-out>
    <system-err><![CDATA[Starting ChromeDriver 100.0.4896.60 (6a5d10861ce8de5fce22564658033b43cb7de047-refs/branch-heads/4896@{#875}) on port 61409
Only local connections are allowed.
Please see https://chromedriver.chromium.org/security-considerations for suggestions on keeping ChromeDriver safe.
ChromeDriver was started successfully.
[1652796835.418][WARNING]: This version of ChromeDriver has not been tested with Chrome version 101.
May 17, 2022 9:13:55 PM org.openqa.selenium.remote.ProtocolHandshake createSession
INFO: Detected dialect: W3C
May 17, 2022 9:13:55 PM org.openqa.selenium.devtools.CdpVersionFinder findNearestMatch
WARNING: Unable to find an exact match for CDP version 101, so returning the closest version found: 97
May 17, 2022 9:13:55 PM org.openqa.selenium.devtools.CdpVersionFinder findNearestMatch
INFO: Found CDP implementation for version 101 of 97
]]></system-err>
  </testcase>
  <testcase name="As user i have failed to create account with no input password" classname="As user i want to create account So that i can login" time="15.755">
    <system-out><![CDATA[
@register @negative2
Scenario: As user i have failed to create account with no input password &amp#27;[90m# src/test/resources/features/Register.feature:23&amp#27;[0m
21:14:04.691 [main] INFO io.cucumber.core.plugin.SerenityReporter - Running feature from file:///D:/github/QE_MUHAMMAD-ADIBASYAH/miniproject/web/src/test/resources/features/Register.feature
21:14:04.694 [main] INFO  - 
  _____   ___   ___   _____     ___   _____     _     ___   _____   ___   ___  
 |_   _| | __| / __| |_   _|   / __| |_   _|   /_\   | _ \ |_   _| | __| |   \ 
   | |   | _|  \__ \   | |     \__ \   | |    / _ \  |   /   | |   | _|  | |) |
   |_|   |___| |___/   |_|     |___/   |_|   /_/ \_\ |_|_\   |_|   |___| |___/ 

As user i have failed to create account with no input password(as-user-i-want-to-create-account-so-that-i-can-login;as-user-i-have-failed-to-create-account-with-no-input-password)
--------------------------------------------------------------------------------
21:14:04.719 [main] DEBUG net.thucydides.core.steps.StepInterceptor - STARTING STEP: RegisterSteps.onRegisterPage - openPage
21:14:04.722 [main] INFO net.serenitybdd.core.webdriver.driverproviders.ChromeDriverProvider - Using automatically driver download
21:14:04.867 [main] DEBUG io.github.bonigarcia.wdm.cache.ResolutionCache - Resolution chrome=101 in cache (valid until 22:11:26 17/05/2022 ICT)
21:14:04.871 [main] DEBUG io.github.bonigarcia.wdm.cache.ResolutionCache - Resolution chrome101=101.0.4951.41 in cache (valid until 18:44:33 18/05/2022 ICT)
21:14:04.873 [main] INFO io.github.bonigarcia.wdm.WebDriverManager - Using chromedriver 101.0.4951.41 (resolved driver for Chrome 101)
21:14:04.883 [main] DEBUG io.github.bonigarcia.wdm.WebDriverManager - Driver chromedriver 101.0.4951.41 found in cache
21:14:04.883 [main] INFO io.github.bonigarcia.wdm.WebDriverManager - Exporting webdriver.chrome.driver as C:\Users\Admin\.cache\selenium\chromedriver\win32\101.0.4951.41\chromedriver.exe
21:14:04.992 [AsyncHttpClient-1-1] DEBUG org.asynchttpclient.netty.channel.DefaultChannelPool - Entry count for : http://localhost:57403 : 1
21:14:04.992 [AsyncHttpClient-1-1] DEBUG org.asynchttpclient.netty.channel.DefaultChannelPool - Entry count for : http://localhost:61409 : 1
21:14:04.992 [AsyncHttpClient-1-1] DEBUG org.asynchttpclient.netty.channel.DefaultChannelPool - Adding Candidate expired Channel [id: 0x8a8675d5, L:/127.0.0.1:57409 ! R:localhost/127.0.0.1:57403] isIdleTimeoutExpired=false isRemotelyClosed=true isTtlExpired=false
21:14:04.992 [AsyncHttpClient-1-1] DEBUG org.asynchttpclient.netty.channel.DefaultChannelPool - Closing Idle Channel [id: 0x8a8675d5, L:/127.0.0.1:57409 ! R:localhost/127.0.0.1:57403]
21:14:04.992 [AsyncHttpClient-1-1] DEBUG org.asynchttpclient.netty.channel.DefaultChannelPool - Adding Candidate expired Channel [id: 0x71f94cb5, L:/127.0.0.1:57402 ! R:localhost/127.0.0.1:61409] isIdleTimeoutExpired=false isRemotelyClosed=true isTtlExpired=false
21:14:04.992 [AsyncHttpClient-1-1] DEBUG org.asynchttpclient.netty.channel.DefaultChannelPool - Closing Idle Channel [id: 0x71f94cb5, L:/127.0.0.1:57402 ! R:localhost/127.0.0.1:61409]
21:14:04.992 [AsyncHttpClient-1-1] DEBUG org.asynchttpclient.netty.channel.DefaultChannelPool - Closed 2 connections out of 2 in 0 ms
21:14:05.046 [main] DEBUG net.serenitybdd.core.webdriver.driverproviders.ProvideNewDriver - Instantiating driver
21:14:05.046 [main] DEBUG net.serenitybdd.core.webdriver.driverproviders.ProvideNewDriver - Driver capabilities: Capabilities {acceptInsecureCerts: false, base.url: https://qa.alta.id/, browserName: chrome, chrome.driver: src/test/resources/webdrive..., driver: chrome, goog:chromeOptions: {args: [], extensions: []}}
21:14:05.602 [AsyncHttpClient-1-5] DEBUG org.asynchttpclient.netty.channel.NettyConnectListener - Using new Channel '[id: 0x2c1956ce, L:/127.0.0.1:57433 - R:localhost/127.0.0.1:54248]' for 'POST' to '/session'
21:14:06.688 [AsyncHttpClient-1-5] DEBUG org.asynchttpclient.netty.handler.HttpHandler - 

Request DefaultHttpRequest(decodeResult: success, version: HTTP/1.1)
POST /session HTTP/1.1
User-Agent: selenium/4.1.2 (java windows)
Content-Length: 605
Content-Type: application/json; charset=utf-8
host: localhost:54248
accept: */*

Response DefaultHttpResponse(decodeResult: success, version: HTTP/1.1)
HTTP/1.1 200 OK
Content-Type: application/json; charset=utf-8
cache-control: no-cache
content-length: 790

21:14:06.689 [AsyncHttpClient-1-5] DEBUG org.asynchttpclient.netty.channel.ChannelManager - Adding key: http://localhost:54248 for channel [id: 0x2c1956ce, L:/127.0.0.1:57433 - R:localhost/127.0.0.1:54248]
21:14:06.701 [AsyncHttpClient-1-6] DEBUG org.asynchttpclient.netty.channel.NettyConnectListener - Using new Channel '[id: 0x5b8dbcb4, L:/127.0.0.1:57440 - R:localhost/127.0.0.1:57434]' for 'GET' to '/json/version'
21:14:06.702 [AsyncHttpClient-1-6] DEBUG org.asynchttpclient.netty.handler.HttpHandler - 

Request DefaultFullHttpRequest(decodeResult: success, version: HTTP/1.1, content: EmptyByteBufBE)
GET /json/version HTTP/1.1
User-Agent: selenium/4.1.2 (java windows)
host: localhost:57434
accept: */*

Response DefaultHttpResponse(decodeResult: success, version: HTTP/1.1)
HTTP/1.1 200 OK
Content-Type: application/json; charset=UTF-8
content-length: 427

21:14:06.702 [AsyncHttpClient-1-6] DEBUG org.asynchttpclient.netty.channel.ChannelManager - Adding key: http://localhost:57434 for channel [id: 0x5b8dbcb4, L:/127.0.0.1:57440 - R:localhost/127.0.0.1:57434]
21:14:06.705 [AsyncHttpClient-1-7] DEBUG org.asynchttpclient.netty.channel.NettyConnectListener - Using new Channel '[id: 0x31a0ce9c, L:/127.0.0.1:57441 - R:localhost/127.0.0.1:57434]' for 'GET' to '/devtools/browser/33321128-ea0e-4125-8932-b851360ca48d'
21:14:06.706 [AsyncHttpClient-1-7] DEBUG org.asynchttpclient.netty.handler.WebSocketHandler - 

Request DefaultFullHttpRequest(decodeResult: success, version: HTTP/1.1, content: EmptyByteBufBE)
GET /devtools/browser/33321128-ea0e-4125-8932-b851360ca48d HTTP/1.1
upgrade: websocket
connection: upgrade
sec-websocket-key: +KT5YojWFkbYRtHSlT0tEQ==
sec-websocket-version: 13
origin: http://localhost:57434
host: localhost:57434
accept: */*
user-agent: AHC/2.1

Response DefaultHttpResponse(decodeResult: success, version: HTTP/1.1)
HTTP/1.1 101 WebSocket Protocol Handshake
Upgrade: WebSocket
Connection: Upgrade
Sec-WebSocket-Accept: z3LqnfTs4i5yq30saD4thxrr0e0=

21:14:06.710 [Forwarding setCurrentWindowSize on session 349965ae54556a3de5645157198cb228 to remote] DEBUG org.asynchttpclient.netty.request.NettyRequestSender - Using pooled Channel '[id: 0x2c1956ce, L:/127.0.0.1:57433 - R:localhost/127.0.0.1:54248]' for 'POST' to 'http://localhost:54248/session/349965ae54556a3de5645157198cb228/window/rect'
21:14:06.710 [Forwarding setCurrentWindowSize on session 349965ae54556a3de5645157198cb228 to remote] DEBUG org.asynchttpclient.netty.request.NettyRequestSender - Using open Channel [id: 0x2c1956ce, L:/127.0.0.1:57433 - R:localhost/127.0.0.1:54248] for POST '/session/349965ae54556a3de5645157198cb228/window/rect'
21:14:06.829 [AsyncHttpClient-1-5] DEBUG org.asynchttpclient.netty.handler.HttpHandler - 

Request DefaultHttpRequest(decodeResult: success, version: HTTP/1.1)
POST /session/349965ae54556a3de5645157198cb228/window/rect HTTP/1.1
User-Agent: selenium/4.1.2 (java windows)
Content-Length: 37
Content-Type: application/json; charset=utf-8
host: localhost:54248
accept: */*

Response DefaultHttpResponse(decodeResult: success, version: HTTP/1.1)
HTTP/1.1 200 OK
Content-Type: application/json; charset=utf-8
cache-control: no-cache
content-length: 51

21:14:06.829 [AsyncHttpClient-1-5] DEBUG org.asynchttpclient.netty.channel.ChannelManager - Adding key: http://localhost:54248 for channel [id: 0x2c1956ce, L:/127.0.0.1:57433 - R:localhost/127.0.0.1:54248]
21:14:06.831 [Forwarding setWindowPosition on session 349965ae54556a3de5645157198cb228 to remote] DEBUG org.asynchttpclient.netty.request.NettyRequestSender - Using pooled Channel '[id: 0x2c1956ce, L:/127.0.0.1:57433 - R:localhost/127.0.0.1:54248]' for 'POST' to 'http://localhost:54248/session/349965ae54556a3de5645157198cb228/window/rect'
21:14:06.831 [Forwarding setWindowPosition on session 349965ae54556a3de5645157198cb228 to remote] DEBUG org.asynchttpclient.netty.request.NettyRequestSender - Using open Channel [id: 0x2c1956ce, L:/127.0.0.1:57433 - R:localhost/127.0.0.1:54248] for POST '/session/349965ae54556a3de5645157198cb228/window/rect'
21:14:06.939 [AsyncHttpClient-1-5] DEBUG org.asynchttpclient.netty.handler.HttpHandler - 

Request DefaultHttpRequest(decodeResult: success, version: HTTP/1.1)
POST /session/349965ae54556a3de5645157198cb228/window/rect HTTP/1.1
User-Agent: selenium/4.1.2 (java windows)
Content-Length: 22
Content-Type: application/json; charset=utf-8
host: localhost:54248
accept: */*

Response DefaultHttpResponse(decodeResult: success, version: HTTP/1.1)
HTTP/1.1 200 OK
Content-Type: application/json; charset=utf-8
cache-control: no-cache
content-length: 49

21:14:06.939 [AsyncHttpClient-1-5] DEBUG org.asynchttpclient.netty.channel.ChannelManager - Adding key: http://localhost:54248 for channel [id: 0x2c1956ce, L:/127.0.0.1:57433 - R:localhost/127.0.0.1:54248]
21:14:06.941 [Forwarding get on session 349965ae54556a3de5645157198cb228 to remote] DEBUG org.asynchttpclient.netty.request.NettyRequestSender - Using pooled Channel '[id: 0x2c1956ce, L:/127.0.0.1:57433 - R:localhost/127.0.0.1:54248]' for 'POST' to 'http://localhost:54248/session/349965ae54556a3de5645157198cb228/url'
21:14:06.941 [Forwarding get on session 349965ae54556a3de5645157198cb228 to remote] DEBUG org.asynchttpclient.netty.request.NettyRequestSender - Using open Channel [id: 0x2c1956ce, L:/127.0.0.1:57433 - R:localhost/127.0.0.1:54248] for POST '/session/349965ae54556a3de5645157198cb228/url'
21:14:07.192 [AsyncHttpClient-1-1] DEBUG org.asynchttpclient.netty.channel.DefaultChannelPool - Entry count for : http://localhost:57434 : 1
21:14:08.291 [AsyncHttpClient-1-1] DEBUG org.asynchttpclient.netty.channel.DefaultChannelPool - Entry count for : http://localhost:57434 : 1
21:14:09.391 [AsyncHttpClient-1-1] DEBUG org.asynchttpclient.netty.channel.DefaultChannelPool - Entry count for : http://localhost:57434 : 1
21:14:10.492 [AsyncHttpClient-1-1] DEBUG org.asynchttpclient.netty.channel.DefaultChannelPool - Entry count for : http://localhost:57434 : 1
21:14:11.591 [AsyncHttpClient-1-1] DEBUG org.asynchttpclient.netty.channel.DefaultChannelPool - Entry count for : http://localhost:57434 : 1
21:14:12.692 [AsyncHttpClient-1-1] DEBUG org.asynchttpclient.netty.channel.DefaultChannelPool - Entry count for : http://localhost:57434 : 1
21:14:13.393 [AsyncHttpClient-1-5] DEBUG org.asynchttpclient.netty.handler.HttpHandler - 

Request DefaultHttpRequest(decodeResult: success, version: HTTP/1.1)
POST /session/349965ae54556a3de5645157198cb228/url HTTP/1.1
User-Agent: selenium/4.1.2 (java windows)
Content-Length: 49
Content-Type: application/json; charset=utf-8
host: localhost:54248
accept: */*

Response DefaultHttpResponse(decodeResult: success, version: HTTP/1.1)
HTTP/1.1 200 OK
Content-Type: application/json; charset=utf-8
cache-control: no-cache
content-length: 14

21:14:13.393 [AsyncHttpClient-1-5] DEBUG org.asynchttpclient.netty.channel.ChannelManager - Adding key: http://localhost:54248 for channel [id: 0x2c1956ce, L:/127.0.0.1:57433 - R:localhost/127.0.0.1:54248]
21:14:13.394 [Forwarding setTimeout on session 349965ae54556a3de5645157198cb228 to remote] DEBUG org.asynchttpclient.netty.request.NettyRequestSender - Using pooled Channel '[id: 0x2c1956ce, L:/127.0.0.1:57433 - R:localhost/127.0.0.1:54248]' for 'POST' to 'http://localhost:54248/session/349965ae54556a3de5645157198cb228/timeouts'
21:14:13.394 [Forwarding setTimeout on session 349965ae54556a3de5645157198cb228 to remote] DEBUG org.asynchttpclient.netty.request.NettyRequestSender - Using open Channel [id: 0x2c1956ce, L:/127.0.0.1:57433 - R:localhost/127.0.0.1:54248] for POST '/session/349965ae54556a3de5645157198cb228/timeouts'
21:14:13.397 [AsyncHttpClient-1-5] DEBUG org.asynchttpclient.netty.handler.HttpHandler - 

Request DefaultHttpRequest(decodeResult: success, version: HTTP/1.1)
POST /session/349965ae54556a3de5645157198cb228/timeouts HTTP/1.1
User-Agent: selenium/4.1.2 (java windows)
Content-Length: 22
Content-Type: application/json; charset=utf-8
host: localhost:54248
accept: */*

Response DefaultHttpResponse(decodeResult: success, version: HTTP/1.1)
HTTP/1.1 200 OK
Content-Type: application/json; charset=utf-8
cache-control: no-cache
content-length: 14

21:14:13.398 [AsyncHttpClient-1-5] DEBUG org.asynchttpclient.netty.channel.ChannelManager - Adding key: http://localhost:54248 for channel [id: 0x2c1956ce, L:/127.0.0.1:57433 - R:localhost/127.0.0.1:54248]
21:14:13.403 [Forwarding getCurrentUrl on session 349965ae54556a3de5645157198cb228 to remote] DEBUG org.asynchttpclient.netty.request.NettyRequestSender - Using pooled Channel '[id: 0x2c1956ce, L:/127.0.0.1:57433 - R:localhost/127.0.0.1:54248]' for 'GET' to 'http://localhost:54248/session/349965ae54556a3de5645157198cb228/url'
21:14:13.403 [Forwarding getCurrentUrl on session 349965ae54556a3de5645157198cb228 to remote] DEBUG org.asynchttpclient.netty.request.NettyRequestSender - Using open Channel [id: 0x2c1956ce, L:/127.0.0.1:57433 - R:localhost/127.0.0.1:54248] for GET '/session/349965ae54556a3de5645157198cb228/url'
21:14:13.425 [AsyncHttpClient-1-5] DEBUG org.asynchttpclient.netty.handler.HttpHandler - 

Request DefaultFullHttpRequest(decodeResult: success, version: HTTP/1.1, content: EmptyByteBufBE)
GET /session/349965ae54556a3de5645157198cb228/url HTTP/1.1
User-Agent: selenium/4.1.2 (java windows)
Cache-Control: no-cache
Content-Type: application/json; charset=utf-8
host: localhost:54248
accept: */*

Response DefaultHttpResponse(decodeResult: success, version: HTTP/1.1)
HTTP/1.1 200 OK
Content-Type: application/json; charset=utf-8
cache-control: no-cache
content-length: 31

21:14:13.425 [AsyncHttpClient-1-5] DEBUG org.asynchttpclient.netty.channel.ChannelManager - Adding key: http://localhost:54248 for channel [id: 0x2c1956ce, L:/127.0.0.1:57433 - R:localhost/127.0.0.1:54248]
21:14:13.429 [Forwarding getCurrentUrl on session 349965ae54556a3de5645157198cb228 to remote] DEBUG org.asynchttpclient.netty.request.NettyRequestSender - Using pooled Channel '[id: 0x2c1956ce, L:/127.0.0.1:57433 - R:localhost/127.0.0.1:54248]' for 'GET' to 'http://localhost:54248/session/349965ae54556a3de5645157198cb228/url'
21:14:13.429 [Forwarding getCurrentUrl on session 349965ae54556a3de5645157198cb228 to remote] DEBUG org.asynchttpclient.netty.request.NettyRequestSender - Using open Channel [id: 0x2c1956ce, L:/127.0.0.1:57433 - R:localhost/127.0.0.1:54248] for GET '/session/349965ae54556a3de5645157198cb228/url'
21:14:13.434 [AsyncHttpClient-1-5] DEBUG org.asynchttpclient.netty.handler.HttpHandler - 

Request DefaultFullHttpRequest(decodeResult: success, version: HTTP/1.1, content: EmptyByteBufBE)
GET /session/349965ae54556a3de5645157198cb228/url HTTP/1.1
User-Agent: selenium/4.1.2 (java windows)
Cache-Control: no-cache
Content-Type: application/json; charset=utf-8
host: localhost:54248
accept: */*

Response DefaultHttpResponse(decodeResult: success, version: HTTP/1.1)
HTTP/1.1 200 OK
Content-Type: application/json; charset=utf-8
cache-control: no-cache
content-length: 31

21:14:13.434 [AsyncHttpClient-1-5] DEBUG org.asynchttpclient.netty.channel.ChannelManager - Adding key: http://localhost:54248 for channel [id: 0x2c1956ce, L:/127.0.0.1:57433 - R:localhost/127.0.0.1:54248]
21:14:13.446 [Forwarding screenshot on session 349965ae54556a3de5645157198cb228 to remote] DEBUG org.asynchttpclient.netty.request.NettyRequestSender - Using pooled Channel '[id: 0x2c1956ce, L:/127.0.0.1:57433 - R:localhost/127.0.0.1:54248]' for 'GET' to 'http://localhost:54248/session/349965ae54556a3de5645157198cb228/screenshot'
21:14:13.446 [Forwarding screenshot on session 349965ae54556a3de5645157198cb228 to remote] DEBUG org.asynchttpclient.netty.request.NettyRequestSender - Using open Channel [id: 0x2c1956ce, L:/127.0.0.1:57433 - R:localhost/127.0.0.1:54248] for GET '/session/349965ae54556a3de5645157198cb228/screenshot'
21:14:13.731 [AsyncHttpClient-1-5] DEBUG org.asynchttpclient.netty.handler.HttpHandler - 

Request DefaultFullHttpRequest(decodeResult: success, version: HTTP/1.1, content: EmptyByteBufBE)
GET /session/349965ae54556a3de5645157198cb228/screenshot HTTP/1.1
User-Agent: selenium/4.1.2 (java windows)
Cache-Control: no-cache
Content-Type: application/json; charset=utf-8
host: localhost:54248
accept: */*

Response DefaultHttpResponse(decodeResult: success, version: HTTP/1.1)
HTTP/1.1 200 OK
Content-Type: application/json; charset=utf-8
cache-control: no-cache
content-length: 27204

21:14:13.732 [AsyncHttpClient-1-5] DEBUG org.asynchttpclient.netty.channel.ChannelManager - Adding key: http://localhost:54248 for channel [id: 0x2c1956ce, L:/127.0.0.1:57433 - R:localhost/127.0.0.1:54248]
21:14:13.735 [main] DEBUG net.serenitybdd.core.photography.Darkroom - Send negative for processing for target\site\serenity\aa4e49cb9570a5cdcb32d8e4326a650c5e6be24ee6488095524eff3569bbb896.png
21:14:13.735 [main] DEBUG net.thucydides.core.steps.StepInterceptor - STEP DONE: openPage
21:14:13.735 [Darkroom Processing Line] DEBUG net.serenitybdd.core.photography.DarkroomProcessingLine - Processing screenshot image in /var/screenshots/screenshot-1928196456702056152
21:14:13.735 [Darkroom Processing Line] DEBUG net.serenitybdd.core.photography.DarkroomProcessingLine - Saving screenshot to target\site\serenity\aa4e49cb9570a5cdcb32d8e4326a650c5e6be24ee6488095524eff3569bbb896.png
21:14:13.749 [main] DEBUG net.thucydides.core.steps.StepInterceptor - STARTING STEP: RegisterSteps.onRegisterPage - clickLoginIcon
21:14:13.754 [Forwarding findElement on session 349965ae54556a3de5645157198cb228 to remote] DEBUG org.asynchttpclient.netty.request.NettyRequestSender - Using pooled Channel '[id: 0x2c1956ce, L:/127.0.0.1:57433 - R:localhost/127.0.0.1:54248]' for 'POST' to 'http://localhost:54248/session/349965ae54556a3de5645157198cb228/element'
21:14:13.754 [Forwarding findElement on session 349965ae54556a3de5645157198cb228 to remote] DEBUG org.asynchttpclient.netty.request.NettyRequestSender - Using open Channel [id: 0x2c1956ce, L:/127.0.0.1:57433 - R:localhost/127.0.0.1:54248] for POST '/session/349965ae54556a3de5645157198cb228/element'
21:14:13.787 [AsyncHttpClient-1-5] DEBUG org.asynchttpclient.netty.handler.HttpHandler - 

Request DefaultHttpRequest(decodeResult: success, version: HTTP/1.1)
POST /session/349965ae54556a3de5645157198cb228/element HTTP/1.1
User-Agent: selenium/4.1.2 (java windows)
Content-Length: 129
Content-Type: application/json; charset=utf-8
host: localhost:54248
accept: */*

Response DefaultHttpResponse(decodeResult: success, version: HTTP/1.1)
HTTP/1.1 200 OK
Content-Type: application/json; charset=utf-8
cache-control: no-cache
content-length: 88

21:14:13.787 [AsyncHttpClient-1-5] DEBUG org.asynchttpclient.netty.channel.ChannelManager - Adding key: http://localhost:54248 for channel [id: 0x2c1956ce, L:/127.0.0.1:57433 - R:localhost/127.0.0.1:54248]
21:14:13.789 [Forwarding getElementTagName on session 349965ae54556a3de5645157198cb228 to remote] DEBUG org.asynchttpclient.netty.request.NettyRequestSender - Using pooled Channel '[id: 0x2c1956ce, L:/127.0.0.1:57433 - R:localhost/127.0.0.1:54248]' for 'GET' to 'http://localhost:54248/session/349965ae54556a3de5645157198cb228/element/01e70afd-1670-4b27-8d94-7d06bfc55f2b/name'
21:14:13.789 [Forwarding getElementTagName on session 349965ae54556a3de5645157198cb228 to remote] DEBUG org.asynchttpclient.netty.request.NettyRequestSender - Using open Channel [id: 0x2c1956ce, L:/127.0.0.1:57433 - R:localhost/127.0.0.1:54248] for GET '/session/349965ae54556a3de5645157198cb228/element/01e70afd-1670-4b27-8d94-7d06bfc55f2b/name'
21:14:13.791 [AsyncHttpClient-1-1] DEBUG org.asynchttpclient.netty.channel.DefaultChannelPool - Entry count for : http://localhost:57434 : 1
21:14:13.795 [AsyncHttpClient-1-5] DEBUG org.asynchttpclient.netty.handler.HttpHandler - 

Request DefaultFullHttpRequest(decodeResult: success, version: HTTP/1.1, content: EmptyByteBufBE)
GET /session/349965ae54556a3de5645157198cb228/element/01e70afd-1670-4b27-8d94-7d06bfc55f2b/name HTTP/1.1
User-Agent: selenium/4.1.2 (java windows)
Cache-Control: no-cache
Content-Type: application/json; charset=utf-8
host: localhost:54248
accept: */*

Response DefaultHttpResponse(decodeResult: success, version: HTTP/1.1)
HTTP/1.1 200 OK
Content-Type: application/json; charset=utf-8
cache-control: no-cache
content-length: 18

21:14:13.795 [AsyncHttpClient-1-5] DEBUG org.asynchttpclient.netty.channel.ChannelManager - Adding key: http://localhost:54248 for channel [id: 0x2c1956ce, L:/127.0.0.1:57433 - R:localhost/127.0.0.1:54248]
21:14:13.797 [Forwarding getElementTagName on session 349965ae54556a3de5645157198cb228 to remote] DEBUG org.asynchttpclient.netty.request.NettyRequestSender - Using pooled Channel '[id: 0x2c1956ce, L:/127.0.0.1:57433 - R:localhost/127.0.0.1:54248]' for 'GET' to 'http://localhost:54248/session/349965ae54556a3de5645157198cb228/element/01e70afd-1670-4b27-8d94-7d06bfc55f2b/name'
21:14:13.797 [Forwarding getElementTagName on session 349965ae54556a3de5645157198cb228 to remote] DEBUG org.asynchttpclient.netty.request.NettyRequestSender - Using open Channel [id: 0x2c1956ce, L:/127.0.0.1:57433 - R:localhost/127.0.0.1:54248] for GET '/session/349965ae54556a3de5645157198cb228/element/01e70afd-1670-4b27-8d94-7d06bfc55f2b/name'
21:14:13.806 [AsyncHttpClient-1-5] DEBUG org.asynchttpclient.netty.handler.HttpHandler - 

Request DefaultFullHttpRequest(decodeResult: success, version: HTTP/1.1, content: EmptyByteBufBE)
GET /session/349965ae54556a3de5645157198cb228/element/01e70afd-1670-4b27-8d94-7d06bfc55f2b/name HTTP/1.1
User-Agent: selenium/4.1.2 (java windows)
Cache-Control: no-cache
Content-Type: application/json; charset=utf-8
host: localhost:54248
accept: */*

Response DefaultHttpResponse(decodeResult: success, version: HTTP/1.1)
HTTP/1.1 200 OK
Content-Type: application/json; charset=utf-8
cache-control: no-cache
content-length: 18

21:14:13.806 [AsyncHttpClient-1-5] DEBUG org.asynchttpclient.netty.channel.ChannelManager - Adding key: http://localhost:54248 for channel [id: 0x2c1956ce, L:/127.0.0.1:57433 - R:localhost/127.0.0.1:54248]
21:14:13.808 [Forwarding isElementEnabled on session 349965ae54556a3de5645157198cb228 to remote] DEBUG org.asynchttpclient.netty.request.NettyRequestSender - Using pooled Channel '[id: 0x2c1956ce, L:/127.0.0.1:57433 - R:localhost/127.0.0.1:54248]' for 'GET' to 'http://localhost:54248/session/349965ae54556a3de5645157198cb228/element/01e70afd-1670-4b27-8d94-7d06bfc55f2b/enabled'
21:14:13.809 [Forwarding isElementEnabled on session 349965ae54556a3de5645157198cb228 to remote] DEBUG org.asynchttpclient.netty.request.NettyRequestSender - Using open Channel [id: 0x2c1956ce, L:/127.0.0.1:57433 - R:localhost/127.0.0.1:54248] for GET '/session/349965ae54556a3de5645157198cb228/element/01e70afd-1670-4b27-8d94-7d06bfc55f2b/enabled'
21:14:13.824 [AsyncHttpClient-1-5] DEBUG org.asynchttpclient.netty.handler.HttpHandler - 

Request DefaultFullHttpRequest(decodeResult: success, version: HTTP/1.1, content: EmptyByteBufBE)
GET /session/349965ae54556a3de5645157198cb228/element/01e70afd-1670-4b27-8d94-7d06bfc55f2b/enabled HTTP/1.1
User-Agent: selenium/4.1.2 (java windows)
Cache-Control: no-cache
Content-Type: application/json; charset=utf-8
host: localhost:54248
accept: */*

Response DefaultHttpResponse(decodeResult: success, version: HTTP/1.1)
HTTP/1.1 200 OK
Content-Type: application/json; charset=utf-8
cache-control: no-cache
content-length: 14

21:14:13.824 [AsyncHttpClient-1-5] DEBUG org.asynchttpclient.netty.channel.ChannelManager - Adding key: http://localhost:54248 for channel [id: 0x2c1956ce, L:/127.0.0.1:57433 - R:localhost/127.0.0.1:54248]
21:14:13.826 [Forwarding isElementEnabled on session 349965ae54556a3de5645157198cb228 to remote] DEBUG org.asynchttpclient.netty.request.NettyRequestSender - Using pooled Channel '[id: 0x2c1956ce, L:/127.0.0.1:57433 - R:localhost/127.0.0.1:54248]' for 'GET' to 'http://localhost:54248/session/349965ae54556a3de5645157198cb228/element/01e70afd-1670-4b27-8d94-7d06bfc55f2b/enabled'
21:14:13.826 [Forwarding isElementEnabled on session 349965ae54556a3de5645157198cb228 to remote] DEBUG org.asynchttpclient.netty.request.NettyRequestSender - Using open Channel [id: 0x2c1956ce, L:/127.0.0.1:57433 - R:localhost/127.0.0.1:54248] for GET '/session/349965ae54556a3de5645157198cb228/element/01e70afd-1670-4b27-8d94-7d06bfc55f2b/enabled'
21:14:13.834 [AsyncHttpClient-1-5] DEBUG org.asynchttpclient.netty.handler.HttpHandler - 

Request DefaultFullHttpRequest(decodeResult: success, version: HTTP/1.1, content: EmptyByteBufBE)
GET /session/349965ae54556a3de5645157198cb228/element/01e70afd-1670-4b27-8d94-7d06bfc55f2b/enabled HTTP/1.1
User-Agent: selenium/4.1.2 (java windows)
Cache-Control: no-cache
Content-Type: application/json; charset=utf-8
host: localhost:54248
accept: */*

Response DefaultHttpResponse(decodeResult: success, version: HTTP/1.1)
HTTP/1.1 200 OK
Content-Type: application/json; charset=utf-8
cache-control: no-cache
content-length: 14

21:14:13.834 [AsyncHttpClient-1-5] DEBUG org.asynchttpclient.netty.channel.ChannelManager - Adding key: http://localhost:54248 for channel [id: 0x2c1956ce, L:/127.0.0.1:57433 - R:localhost/127.0.0.1:54248]
21:14:13.837 [Forwarding findElement on session 349965ae54556a3de5645157198cb228 to remote] DEBUG org.asynchttpclient.netty.request.NettyRequestSender - Using pooled Channel '[id: 0x2c1956ce, L:/127.0.0.1:57433 - R:localhost/127.0.0.1:54248]' for 'POST' to 'http://localhost:54248/session/349965ae54556a3de5645157198cb228/element'
21:14:13.837 [Forwarding findElement on session 349965ae54556a3de5645157198cb228 to remote] DEBUG org.asynchttpclient.netty.request.NettyRequestSender - Using open Channel [id: 0x2c1956ce, L:/127.0.0.1:57433 - R:localhost/127.0.0.1:54248] for POST '/session/349965ae54556a3de5645157198cb228/element'
21:14:13.873 [AsyncHttpClient-1-5] DEBUG org.asynchttpclient.netty.handler.HttpHandler - 

Request DefaultHttpRequest(decodeResult: success, version: HTTP/1.1)
POST /session/349965ae54556a3de5645157198cb228/element HTTP/1.1
User-Agent: selenium/4.1.2 (java windows)
Content-Length: 129
Content-Type: application/json; charset=utf-8
host: localhost:54248
accept: */*

Response DefaultHttpResponse(decodeResult: success, version: HTTP/1.1)
HTTP/1.1 200 OK
Content-Type: application/json; charset=utf-8
cache-control: no-cache
content-length: 88

21:14:13.873 [AsyncHttpClient-1-5] DEBUG org.asynchttpclient.netty.channel.ChannelManager - Adding key: http://localhost:54248 for channel [id: 0x2c1956ce, L:/127.0.0.1:57433 - R:localhost/127.0.0.1:54248]
21:14:13.875 [Forwarding clickElement on session 349965ae54556a3de5645157198cb228 to remote] DEBUG org.asynchttpclient.netty.request.NettyRequestSender - Using pooled Channel '[id: 0x2c1956ce, L:/127.0.0.1:57433 - R:localhost/127.0.0.1:54248]' for 'POST' to 'http://localhost:54248/session/349965ae54556a3de5645157198cb228/element/01e70afd-1670-4b27-8d94-7d06bfc55f2b/click'
21:14:13.875 [Forwarding clickElement on session 349965ae54556a3de5645157198cb228 to remote] DEBUG org.asynchttpclient.netty.request.NettyRequestSender - Using open Channel [id: 0x2c1956ce, L:/127.0.0.1:57433 - R:localhost/127.0.0.1:54248] for POST '/session/349965ae54556a3de5645157198cb228/element/01e70afd-1670-4b27-8d94-7d06bfc55f2b/click'
21:14:14.900 [AsyncHttpClient-1-1] DEBUG org.asynchttpclient.netty.channel.DefaultChannelPool - Entry count for : http://localhost:57434 : 1
21:14:15.991 [AsyncHttpClient-1-1] DEBUG org.asynchttpclient.netty.channel.DefaultChannelPool - Entry count for : http://localhost:57434 : 1
21:14:16.662 [AsyncHttpClient-1-5] DEBUG org.asynchttpclient.netty.handler.HttpHandler - 

Request DefaultHttpRequest(decodeResult: success, version: HTTP/1.1)
POST /session/349965ae54556a3de5645157198cb228/element/01e70afd-1670-4b27-8d94-7d06bfc55f2b/click HTTP/1.1
User-Agent: selenium/4.1.2 (java windows)
Content-Length: 50
Content-Type: application/json; charset=utf-8
host: localhost:54248
accept: */*

Response DefaultHttpResponse(decodeResult: success, version: HTTP/1.1)
HTTP/1.1 200 OK
Content-Type: application/json; charset=utf-8
cache-control: no-cache
content-length: 14

21:14:16.663 [AsyncHttpClient-1-5] DEBUG org.asynchttpclient.netty.channel.ChannelManager - Adding key: http://localhost:54248 for channel [id: 0x2c1956ce, L:/127.0.0.1:57433 - R:localhost/127.0.0.1:54248]
21:14:16.680 [Forwarding screenshot on session 349965ae54556a3de5645157198cb228 to remote] DEBUG org.asynchttpclient.netty.request.NettyRequestSender - Using pooled Channel '[id: 0x2c1956ce, L:/127.0.0.1:57433 - R:localhost/127.0.0.1:54248]' for 'GET' to 'http://localhost:54248/session/349965ae54556a3de5645157198cb228/screenshot'
21:14:16.681 [Forwarding screenshot on session 349965ae54556a3de5645157198cb228 to remote] DEBUG org.asynchttpclient.netty.request.NettyRequestSender - Using open Channel [id: 0x2c1956ce, L:/127.0.0.1:57433 - R:localhost/127.0.0.1:54248] for GET '/session/349965ae54556a3de5645157198cb228/screenshot'
21:14:17.055 [AsyncHttpClient-1-5] DEBUG org.asynchttpclient.netty.handler.HttpHandler - 

Request DefaultFullHttpRequest(decodeResult: success, version: HTTP/1.1, content: EmptyByteBufBE)
GET /session/349965ae54556a3de5645157198cb228/screenshot HTTP/1.1
User-Agent: selenium/4.1.2 (java windows)
Cache-Control: no-cache
Content-Type: application/json; charset=utf-8
host: localhost:54248
accept: */*

Response DefaultHttpResponse(decodeResult: success, version: HTTP/1.1)
HTTP/1.1 200 OK
Content-Type: application/json; charset=utf-8
cache-control: no-cache
content-length: 26636

21:14:17.055 [AsyncHttpClient-1-5] DEBUG org.asynchttpclient.netty.channel.ChannelManager - Adding key: http://localhost:54248 for channel [id: 0x2c1956ce, L:/127.0.0.1:57433 - R:localhost/127.0.0.1:54248]
21:14:17.057 [main] DEBUG net.serenitybdd.core.photography.Darkroom - Send negative for processing for target\site\serenity\a858c04a38cd62c7c679ca86fc9e39cc64df5cb0a3dfa8fa06e7e3b6b2aa1244.png
21:14:17.057 [main] DEBUG net.thucydides.core.steps.StepInterceptor - STEP DONE: clickLoginIcon
21:14:17.062 [main] DEBUG net.thucydides.core.steps.StepInterceptor - STARTING STEP: RegisterSteps.onRegisterPage - clickRegisterIcon
21:14:17.065 [Forwarding findElement on session 349965ae54556a3de5645157198cb228 to remote] DEBUG org.asynchttpclient.netty.request.NettyRequestSender - Using pooled Channel '[id: 0x2c1956ce, L:/127.0.0.1:57433 - R:localhost/127.0.0.1:54248]' for 'POST' to 'http://localhost:54248/session/349965ae54556a3de5645157198cb228/element'
21:14:17.065 [Forwarding findElement on session 349965ae54556a3de5645157198cb228 to remote] DEBUG org.asynchttpclient.netty.request.NettyRequestSender - Using open Channel [id: 0x2c1956ce, L:/127.0.0.1:57433 - R:localhost/127.0.0.1:54248] for POST '/session/349965ae54556a3de5645157198cb228/element'
21:14:17.077 [AsyncHttpClient-1-5] DEBUG org.asynchttpclient.netty.handler.HttpHandler - 

Request DefaultHttpRequest(decodeResult: success, version: HTTP/1.1)
POST /session/349965ae54556a3de5645157198cb228/element HTTP/1.1
User-Agent: selenium/4.1.2 (java windows)
Content-Length: 50
Content-Type: application/json; charset=utf-8
host: localhost:54248
accept: */*

Response DefaultHttpResponse(decodeResult: success, version: HTTP/1.1)
HTTP/1.1 200 OK
Content-Type: application/json; charset=utf-8
cache-control: no-cache
content-length: 88

21:14:17.078 [AsyncHttpClient-1-5] DEBUG org.asynchttpclient.netty.channel.ChannelManager - Adding key: http://localhost:54248 for channel [id: 0x2c1956ce, L:/127.0.0.1:57433 - R:localhost/127.0.0.1:54248]
21:14:17.079 [Forwarding getElementTagName on session 349965ae54556a3de5645157198cb228 to remote] DEBUG org.asynchttpclient.netty.request.NettyRequestSender - Using pooled Channel '[id: 0x2c1956ce, L:/127.0.0.1:57433 - R:localhost/127.0.0.1:54248]' for 'GET' to 'http://localhost:54248/session/349965ae54556a3de5645157198cb228/element/7c5f7c92-40ea-47b7-8fbd-2c22c0a41391/name'
21:14:17.079 [Forwarding getElementTagName on session 349965ae54556a3de5645157198cb228 to remote] DEBUG org.asynchttpclient.netty.request.NettyRequestSender - Using open Channel [id: 0x2c1956ce, L:/127.0.0.1:57433 - R:localhost/127.0.0.1:54248] for GET '/session/349965ae54556a3de5645157198cb228/element/7c5f7c92-40ea-47b7-8fbd-2c22c0a41391/name'
21:14:17.083 [AsyncHttpClient-1-5] DEBUG org.asynchttpclient.netty.handler.HttpHandler - 

Request DefaultFullHttpRequest(decodeResult: success, version: HTTP/1.1, content: EmptyByteBufBE)
GET /session/349965ae54556a3de5645157198cb228/element/7c5f7c92-40ea-47b7-8fbd-2c22c0a41391/name HTTP/1.1
User-Agent: selenium/4.1.2 (java windows)
Cache-Control: no-cache
Content-Type: application/json; charset=utf-8
host: localhost:54248
accept: */*

Response DefaultHttpResponse(decodeResult: success, version: HTTP/1.1)
HTTP/1.1 200 OK
Content-Type: application/json; charset=utf-8
cache-control: no-cache
content-length: 13

21:14:17.083 [AsyncHttpClient-1-5] DEBUG org.asynchttpclient.netty.channel.ChannelManager - Adding key: http://localhost:54248 for channel [id: 0x2c1956ce, L:/127.0.0.1:57433 - R:localhost/127.0.0.1:54248]
21:14:17.084 [Forwarding getElementTagName on session 349965ae54556a3de5645157198cb228 to remote] DEBUG org.asynchttpclient.netty.request.NettyRequestSender - Using pooled Channel '[id: 0x2c1956ce, L:/127.0.0.1:57433 - R:localhost/127.0.0.1:54248]' for 'GET' to 'http://localhost:54248/session/349965ae54556a3de5645157198cb228/element/7c5f7c92-40ea-47b7-8fbd-2c22c0a41391/name'
21:14:17.084 [Forwarding getElementTagName on session 349965ae54556a3de5645157198cb228 to remote] DEBUG org.asynchttpclient.netty.request.NettyRequestSender - Using open Channel [id: 0x2c1956ce, L:/127.0.0.1:57433 - R:localhost/127.0.0.1:54248] for GET '/session/349965ae54556a3de5645157198cb228/element/7c5f7c92-40ea-47b7-8fbd-2c22c0a41391/name'
21:14:17.088 [AsyncHttpClient-1-5] DEBUG org.asynchttpclient.netty.handler.HttpHandler - 

Request DefaultFullHttpRequest(decodeResult: success, version: HTTP/1.1, content: EmptyByteBufBE)
GET /session/349965ae54556a3de5645157198cb228/element/7c5f7c92-40ea-47b7-8fbd-2c22c0a41391/name HTTP/1.1
User-Agent: selenium/4.1.2 (java windows)
Cache-Control: no-cache
Content-Type: application/json; charset=utf-8
host: localhost:54248
accept: */*

Response DefaultHttpResponse(decodeResult: success, version: HTTP/1.1)
HTTP/1.1 200 OK
Content-Type: application/json; charset=utf-8
cache-control: no-cache
content-length: 13

21:14:17.088 [AsyncHttpClient-1-5] DEBUG org.asynchttpclient.netty.channel.ChannelManager - Adding key: http://localhost:54248 for channel [id: 0x2c1956ce, L:/127.0.0.1:57433 - R:localhost/127.0.0.1:54248]
21:14:17.090 [Forwarding findElement on session 349965ae54556a3de5645157198cb228 to remote] DEBUG org.asynchttpclient.netty.request.NettyRequestSender - Using pooled Channel '[id: 0x2c1956ce, L:/127.0.0.1:57433 - R:localhost/127.0.0.1:54248]' for 'POST' to 'http://localhost:54248/session/349965ae54556a3de5645157198cb228/element'
21:14:17.090 [Forwarding findElement on session 349965ae54556a3de5645157198cb228 to remote] DEBUG org.asynchttpclient.netty.request.NettyRequestSender - Using open Channel [id: 0x2c1956ce, L:/127.0.0.1:57433 - R:localhost/127.0.0.1:54248] for POST '/session/349965ae54556a3de5645157198cb228/element'
21:14:17.097 [AsyncHttpClient-1-5] DEBUG org.asynchttpclient.netty.handler.HttpHandler - 

Request DefaultHttpRequest(decodeResult: success, version: HTTP/1.1)
POST /session/349965ae54556a3de5645157198cb228/element HTTP/1.1
User-Agent: selenium/4.1.2 (java windows)
Content-Length: 50
Content-Type: application/json; charset=utf-8
host: localhost:54248
accept: */*

Response DefaultHttpResponse(decodeResult: success, version: HTTP/1.1)
HTTP/1.1 200 OK
Content-Type: application/json; charset=utf-8
cache-control: no-cache
content-length: 88

21:14:17.097 [AsyncHttpClient-1-5] DEBUG org.asynchttpclient.netty.channel.ChannelManager - Adding key: http://localhost:54248 for channel [id: 0x2c1956ce, L:/127.0.0.1:57433 - R:localhost/127.0.0.1:54248]
21:14:17.098 [Forwarding clickElement on session 349965ae54556a3de5645157198cb228 to remote] DEBUG org.asynchttpclient.netty.request.NettyRequestSender - Using pooled Channel '[id: 0x2c1956ce, L:/127.0.0.1:57433 - R:localhost/127.0.0.1:54248]' for 'POST' to 'http://localhost:54248/session/349965ae54556a3de5645157198cb228/element/7c5f7c92-40ea-47b7-8fbd-2c22c0a41391/click'
21:14:17.098 [Forwarding clickElement on session 349965ae54556a3de5645157198cb228 to remote] DEBUG org.asynchttpclient.netty.request.NettyRequestSender - Using open Channel [id: 0x2c1956ce, L:/127.0.0.1:57433 - R:localhost/127.0.0.1:54248] for POST '/session/349965ae54556a3de5645157198cb228/element/7c5f7c92-40ea-47b7-8fbd-2c22c0a41391/click'
21:14:17.102 [AsyncHttpClient-1-1] DEBUG org.asynchttpclient.netty.channel.DefaultChannelPool - Entry count for : http://localhost:57434 : 1
21:14:17.160 [AsyncHttpClient-1-5] DEBUG org.asynchttpclient.netty.handler.HttpHandler - 

Request DefaultHttpRequest(decodeResult: success, version: HTTP/1.1)
POST /session/349965ae54556a3de5645157198cb228/element/7c5f7c92-40ea-47b7-8fbd-2c22c0a41391/click HTTP/1.1
User-Agent: selenium/4.1.2 (java windows)
Content-Length: 50
Content-Type: application/json; charset=utf-8
host: localhost:54248
accept: */*

Response DefaultHttpResponse(decodeResult: success, version: HTTP/1.1)
HTTP/1.1 200 OK
Content-Type: application/json; charset=utf-8
cache-control: no-cache
content-length: 14

21:14:17.160 [AsyncHttpClient-1-5] DEBUG org.asynchttpclient.netty.channel.ChannelManager - Adding key: http://localhost:54248 for channel [id: 0x2c1956ce, L:/127.0.0.1:57433 - R:localhost/127.0.0.1:54248]
21:14:17.171 [Forwarding screenshot on session 349965ae54556a3de5645157198cb228 to remote] DEBUG org.asynchttpclient.netty.request.NettyRequestSender - Using pooled Channel '[id: 0x2c1956ce, L:/127.0.0.1:57433 - R:localhost/127.0.0.1:54248]' for 'GET' to 'http://localhost:54248/session/349965ae54556a3de5645157198cb228/screenshot'
21:14:17.171 [Forwarding screenshot on session 349965ae54556a3de5645157198cb228 to remote] DEBUG org.asynchttpclient.netty.request.NettyRequestSender - Using open Channel [id: 0x2c1956ce, L:/127.0.0.1:57433 - R:localhost/127.0.0.1:54248] for GET '/session/349965ae54556a3de5645157198cb228/screenshot'
21:14:17.441 [AsyncHttpClient-1-5] DEBUG org.asynchttpclient.netty.handler.HttpHandler - 

Request DefaultFullHttpRequest(decodeResult: success, version: HTTP/1.1, content: EmptyByteBufBE)
GET /session/349965ae54556a3de5645157198cb228/screenshot HTTP/1.1
User-Agent: selenium/4.1.2 (java windows)
Cache-Control: no-cache
Content-Type: application/json; charset=utf-8
host: localhost:54248
accept: */*

Response DefaultHttpResponse(decodeResult: success, version: HTTP/1.1)
HTTP/1.1 200 OK
Content-Type: application/json; charset=utf-8
cache-control: no-cache
content-length: 30736

21:14:17.441 [AsyncHttpClient-1-5] DEBUG org.asynchttpclient.netty.channel.ChannelManager - Adding key: http://localhost:54248 for channel [id: 0x2c1956ce, L:/127.0.0.1:57433 - R:localhost/127.0.0.1:54248]
21:14:17.444 [main] DEBUG net.serenitybdd.core.photography.Darkroom - Send negative for processing for target\site\serenity\7ae9def9345013aa8ee88b1991c7ec30ff5ad5f08970d9e5a3681f93cb08d1b7.png
21:14:17.444 [main] DEBUG net.thucydides.core.steps.StepInterceptor - STEP DONE: clickRegisterIcon
  &amp#27;[32mGiven &amp#27;[0m&amp#27;[32muser on the register page&amp#27;[0m                                        &amp#27;[90m# starter.stepdefenitions.RegisterSteps.onRegisterPage()&amp#27;[0m
21:14:17.445 [Darkroom Processing Line] DEBUG net.serenitybdd.core.photography.DarkroomProcessingLine - Processing screenshot image in /var/screenshots/screenshot-713798220741622395
21:14:17.445 [Darkroom Processing Line] DEBUG net.serenitybdd.core.photography.DarkroomProcessingLine - Saving screenshot to target\site\serenity\7ae9def9345013aa8ee88b1991c7ec30ff5ad5f08970d9e5a3681f93cb08d1b7.png
21:14:17.477 [main] DEBUG net.thucydides.core.steps.StepInterceptor - STARTING STEP: RegisterSteps.userInputValidName - inputFullName
21:14:17.481 [Forwarding findElement on session 349965ae54556a3de5645157198cb228 to remote] DEBUG org.asynchttpclient.netty.request.NettyRequestSender - Using pooled Channel '[id: 0x2c1956ce, L:/127.0.0.1:57433 - R:localhost/127.0.0.1:54248]' for 'POST' to 'http://localhost:54248/session/349965ae54556a3de5645157198cb228/element'
21:14:17.482 [Forwarding findElement on session 349965ae54556a3de5645157198cb228 to remote] DEBUG org.asynchttpclient.netty.request.NettyRequestSender - Using open Channel [id: 0x2c1956ce, L:/127.0.0.1:57433 - R:localhost/127.0.0.1:54248] for POST '/session/349965ae54556a3de5645157198cb228/element'
21:14:17.498 [AsyncHttpClient-1-5] DEBUG org.asynchttpclient.netty.handler.HttpHandler - 

Request DefaultHttpRequest(decodeResult: success, version: HTTP/1.1)
POST /session/349965ae54556a3de5645157198cb228/element HTTP/1.1
User-Agent: selenium/4.1.2 (java windows)
Content-Length: 123
Content-Type: application/json; charset=utf-8
host: localhost:54248
accept: */*

Response DefaultHttpResponse(decodeResult: success, version: HTTP/1.1)
HTTP/1.1 200 OK
Content-Type: application/json; charset=utf-8
cache-control: no-cache
content-length: 88

21:14:17.498 [AsyncHttpClient-1-5] DEBUG org.asynchttpclient.netty.channel.ChannelManager - Adding key: http://localhost:54248 for channel [id: 0x2c1956ce, L:/127.0.0.1:57433 - R:localhost/127.0.0.1:54248]
21:14:17.499 [Forwarding clearElement on session 349965ae54556a3de5645157198cb228 to remote] DEBUG org.asynchttpclient.netty.request.NettyRequestSender - Using pooled Channel '[id: 0x2c1956ce, L:/127.0.0.1:57433 - R:localhost/127.0.0.1:54248]' for 'POST' to 'http://localhost:54248/session/349965ae54556a3de5645157198cb228/element/559280e4-33a8-4385-a7b4-76bea098b67f/clear'
21:14:17.499 [Forwarding clearElement on session 349965ae54556a3de5645157198cb228 to remote] DEBUG org.asynchttpclient.netty.request.NettyRequestSender - Using open Channel [id: 0x2c1956ce, L:/127.0.0.1:57433 - R:localhost/127.0.0.1:54248] for POST '/session/349965ae54556a3de5645157198cb228/element/559280e4-33a8-4385-a7b4-76bea098b67f/clear'
21:14:17.550 [AsyncHttpClient-1-5] DEBUG org.asynchttpclient.netty.handler.HttpHandler - 

Request DefaultHttpRequest(decodeResult: success, version: HTTP/1.1)
POST /session/349965ae54556a3de5645157198cb228/element/559280e4-33a8-4385-a7b4-76bea098b67f/clear HTTP/1.1
User-Agent: selenium/4.1.2 (java windows)
Content-Length: 50
Content-Type: application/json; charset=utf-8
host: localhost:54248
accept: */*

Response DefaultHttpResponse(decodeResult: success, version: HTTP/1.1)
HTTP/1.1 200 OK
Content-Type: application/json; charset=utf-8
cache-control: no-cache
content-length: 14

21:14:17.551 [AsyncHttpClient-1-5] DEBUG org.asynchttpclient.netty.channel.ChannelManager - Adding key: http://localhost:54248 for channel [id: 0x2c1956ce, L:/127.0.0.1:57433 - R:localhost/127.0.0.1:54248]
21:14:17.553 [Forwarding sendKeysToElement on session 349965ae54556a3de5645157198cb228 to remote] DEBUG org.asynchttpclient.netty.request.NettyRequestSender - Using pooled Channel '[id: 0x2c1956ce, L:/127.0.0.1:57433 - R:localhost/127.0.0.1:54248]' for 'POST' to 'http://localhost:54248/session/349965ae54556a3de5645157198cb228/element/559280e4-33a8-4385-a7b4-76bea098b67f/value'
21:14:17.553 [Forwarding sendKeysToElement on session 349965ae54556a3de5645157198cb228 to remote] DEBUG org.asynchttpclient.netty.request.NettyRequestSender - Using open Channel [id: 0x2c1956ce, L:/127.0.0.1:57433 - R:localhost/127.0.0.1:54248] for POST '/session/349965ae54556a3de5645157198cb228/element/559280e4-33a8-4385-a7b4-76bea098b67f/value'
21:14:17.672 [AsyncHttpClient-1-5] DEBUG org.asynchttpclient.netty.handler.HttpHandler - 

Request DefaultHttpRequest(decodeResult: success, version: HTTP/1.1)
POST /session/349965ae54556a3de5645157198cb228/element/559280e4-33a8-4385-a7b4-76bea098b67f/value HTTP/1.1
User-Agent: selenium/4.1.2 (java windows)
Content-Length: 121
Content-Type: application/json; charset=utf-8
host: localhost:54248
accept: */*

Response DefaultHttpResponse(decodeResult: success, version: HTTP/1.1)
HTTP/1.1 200 OK
Content-Type: application/json; charset=utf-8
cache-control: no-cache
content-length: 14

21:14:17.672 [AsyncHttpClient-1-5] DEBUG org.asynchttpclient.netty.channel.ChannelManager - Adding key: http://localhost:54248 for channel [id: 0x2c1956ce, L:/127.0.0.1:57433 - R:localhost/127.0.0.1:54248]
21:14:17.681 [Forwarding screenshot on session 349965ae54556a3de5645157198cb228 to remote] DEBUG org.asynchttpclient.netty.request.NettyRequestSender - Using pooled Channel '[id: 0x2c1956ce, L:/127.0.0.1:57433 - R:localhost/127.0.0.1:54248]' for 'GET' to 'http://localhost:54248/session/349965ae54556a3de5645157198cb228/screenshot'
21:14:17.682 [Forwarding screenshot on session 349965ae54556a3de5645157198cb228 to remote] DEBUG org.asynchttpclient.netty.request.NettyRequestSender - Using open Channel [id: 0x2c1956ce, L:/127.0.0.1:57433 - R:localhost/127.0.0.1:54248] for GET '/session/349965ae54556a3de5645157198cb228/screenshot'
21:14:17.856 [AsyncHttpClient-1-5] DEBUG org.asynchttpclient.netty.handler.HttpHandler - 

Request DefaultFullHttpRequest(decodeResult: success, version: HTTP/1.1, content: EmptyByteBufBE)
GET /session/349965ae54556a3de5645157198cb228/screenshot HTTP/1.1
User-Agent: selenium/4.1.2 (java windows)
Cache-Control: no-cache
Content-Type: application/json; charset=utf-8
host: localhost:54248
accept: */*

Response DefaultHttpResponse(decodeResult: success, version: HTTP/1.1)
HTTP/1.1 200 OK
Content-Type: application/json; charset=utf-8
cache-control: no-cache
content-length: 31368

21:14:17.857 [AsyncHttpClient-1-5] DEBUG org.asynchttpclient.netty.channel.ChannelManager - Adding key: http://localhost:54248 for channel [id: 0x2c1956ce, L:/127.0.0.1:57433 - R:localhost/127.0.0.1:54248]
21:14:17.859 [main] DEBUG net.serenitybdd.core.photography.Darkroom - Send negative for processing for target\site\serenity\08267ea1ee73803ac57defffebe038ea79c514bea891f4fb58a1f59f1c9009b6.png
21:14:17.860 [main] DEBUG net.thucydides.core.steps.StepInterceptor - STEP DONE: inputFullName
  &amp#27;[32mWhen &amp#27;[0m&amp#27;[32muser input valid name&amp#27;[0m                                             &amp#27;[90m# starter.stepdefenitions.RegisterSteps.userInputValidName()&amp#27;[0m
21:14:17.860 [Darkroom Processing Line] DEBUG net.serenitybdd.core.photography.DarkroomProcessingLine - Processing screenshot image in /var/screenshots/screenshot-4218977415186645450
21:14:17.860 [Darkroom Processing Line] DEBUG net.serenitybdd.core.photography.DarkroomProcessingLine - Saving screenshot to target\site\serenity\08267ea1ee73803ac57defffebe038ea79c514bea891f4fb58a1f59f1c9009b6.png
21:14:17.873 [main] DEBUG net.thucydides.core.steps.StepInterceptor - STARTING STEP: RegisterSteps.userInputValidEmail - inputEmail
21:14:17.876 [Forwarding findElement on session 349965ae54556a3de5645157198cb228 to remote] DEBUG org.asynchttpclient.netty.request.NettyRequestSender - Using pooled Channel '[id: 0x2c1956ce, L:/127.0.0.1:57433 - R:localhost/127.0.0.1:54248]' for 'POST' to 'http://localhost:54248/session/349965ae54556a3de5645157198cb228/element'
21:14:17.876 [Forwarding findElement on session 349965ae54556a3de5645157198cb228 to remote] DEBUG org.asynchttpclient.netty.request.NettyRequestSender - Using open Channel [id: 0x2c1956ce, L:/127.0.0.1:57433 - R:localhost/127.0.0.1:54248] for POST '/session/349965ae54556a3de5645157198cb228/element'
21:14:17.891 [AsyncHttpClient-1-5] DEBUG org.asynchttpclient.netty.handler.HttpHandler - 

Request DefaultHttpRequest(decodeResult: success, version: HTTP/1.1)
POST /session/349965ae54556a3de5645157198cb228/element HTTP/1.1
User-Agent: selenium/4.1.2 (java windows)
Content-Length: 116
Content-Type: application/json; charset=utf-8
host: localhost:54248
accept: */*

Response DefaultHttpResponse(decodeResult: success, version: HTTP/1.1)
HTTP/1.1 200 OK
Content-Type: application/json; charset=utf-8
cache-control: no-cache
content-length: 88

21:14:17.891 [AsyncHttpClient-1-5] DEBUG org.asynchttpclient.netty.channel.ChannelManager - Adding key: http://localhost:54248 for channel [id: 0x2c1956ce, L:/127.0.0.1:57433 - R:localhost/127.0.0.1:54248]
21:14:17.893 [Forwarding clearElement on session 349965ae54556a3de5645157198cb228 to remote] DEBUG org.asynchttpclient.netty.request.NettyRequestSender - Using pooled Channel '[id: 0x2c1956ce, L:/127.0.0.1:57433 - R:localhost/127.0.0.1:54248]' for 'POST' to 'http://localhost:54248/session/349965ae54556a3de5645157198cb228/element/9f43bf3b-19f0-4968-aac8-cb73c70492a7/clear'
21:14:17.893 [Forwarding clearElement on session 349965ae54556a3de5645157198cb228 to remote] DEBUG org.asynchttpclient.netty.request.NettyRequestSender - Using open Channel [id: 0x2c1956ce, L:/127.0.0.1:57433 - R:localhost/127.0.0.1:54248] for POST '/session/349965ae54556a3de5645157198cb228/element/9f43bf3b-19f0-4968-aac8-cb73c70492a7/clear'
21:14:17.934 [AsyncHttpClient-1-5] DEBUG org.asynchttpclient.netty.handler.HttpHandler - 

Request DefaultHttpRequest(decodeResult: success, version: HTTP/1.1)
POST /session/349965ae54556a3de5645157198cb228/element/9f43bf3b-19f0-4968-aac8-cb73c70492a7/clear HTTP/1.1
User-Agent: selenium/4.1.2 (java windows)
Content-Length: 50
Content-Type: application/json; charset=utf-8
host: localhost:54248
accept: */*

Response DefaultHttpResponse(decodeResult: success, version: HTTP/1.1)
HTTP/1.1 200 OK
Content-Type: application/json; charset=utf-8
cache-control: no-cache
content-length: 14

21:14:17.934 [AsyncHttpClient-1-5] DEBUG org.asynchttpclient.netty.channel.ChannelManager - Adding key: http://localhost:54248 for channel [id: 0x2c1956ce, L:/127.0.0.1:57433 - R:localhost/127.0.0.1:54248]
21:14:17.937 [Forwarding sendKeysToElement on session 349965ae54556a3de5645157198cb228 to remote] DEBUG org.asynchttpclient.netty.request.NettyRequestSender - Using pooled Channel '[id: 0x2c1956ce, L:/127.0.0.1:57433 - R:localhost/127.0.0.1:54248]' for 'POST' to 'http://localhost:54248/session/349965ae54556a3de5645157198cb228/element/9f43bf3b-19f0-4968-aac8-cb73c70492a7/value'
21:14:17.937 [Forwarding sendKeysToElement on session 349965ae54556a3de5645157198cb228 to remote] DEBUG org.asynchttpclient.netty.request.NettyRequestSender - Using open Channel [id: 0x2c1956ce, L:/127.0.0.1:57433 - R:localhost/127.0.0.1:54248] for POST '/session/349965ae54556a3de5645157198cb228/element/9f43bf3b-19f0-4968-aac8-cb73c70492a7/value'
21:14:18.135 [AsyncHttpClient-1-5] DEBUG org.asynchttpclient.netty.handler.HttpHandler - 

Request DefaultHttpRequest(decodeResult: success, version: HTTP/1.1)
POST /session/349965ae54556a3de5645157198cb228/element/9f43bf3b-19f0-4968-aac8-cb73c70492a7/value HTTP/1.1
User-Agent: selenium/4.1.2 (java windows)
Content-Length: 271
Content-Type: application/json; charset=utf-8
host: localhost:54248
accept: */*

Response DefaultHttpResponse(decodeResult: success, version: HTTP/1.1)
HTTP/1.1 200 OK
Content-Type: application/json; charset=utf-8
cache-control: no-cache
content-length: 14

21:14:18.136 [AsyncHttpClient-1-5] DEBUG org.asynchttpclient.netty.channel.ChannelManager - Adding key: http://localhost:54248 for channel [id: 0x2c1956ce, L:/127.0.0.1:57433 - R:localhost/127.0.0.1:54248]
21:14:18.151 [Forwarding screenshot on session 349965ae54556a3de5645157198cb228 to remote] DEBUG org.asynchttpclient.netty.request.NettyRequestSender - Using pooled Channel '[id: 0x2c1956ce, L:/127.0.0.1:57433 - R:localhost/127.0.0.1:54248]' for 'GET' to 'http://localhost:54248/session/349965ae54556a3de5645157198cb228/screenshot'
21:14:18.151 [Forwarding screenshot on session 349965ae54556a3de5645157198cb228 to remote] DEBUG org.asynchttpclient.netty.request.NettyRequestSender - Using open Channel [id: 0x2c1956ce, L:/127.0.0.1:57433 - R:localhost/127.0.0.1:54248] for GET '/session/349965ae54556a3de5645157198cb228/screenshot'
21:14:18.192 [AsyncHttpClient-1-1] DEBUG org.asynchttpclient.netty.channel.DefaultChannelPool - Entry count for : http://localhost:57434 : 1
21:14:18.341 [AsyncHttpClient-1-5] DEBUG org.asynchttpclient.netty.handler.HttpHandler - 

Request DefaultFullHttpRequest(decodeResult: success, version: HTTP/1.1, content: EmptyByteBufBE)
GET /session/349965ae54556a3de5645157198cb228/screenshot HTTP/1.1
User-Agent: selenium/4.1.2 (java windows)
Cache-Control: no-cache
Content-Type: application/json; charset=utf-8
host: localhost:54248
accept: */*

Response DefaultHttpResponse(decodeResult: success, version: HTTP/1.1)
HTTP/1.1 200 OK
Content-Type: application/json; charset=utf-8
cache-control: no-cache
content-length: 35892

21:14:18.342 [AsyncHttpClient-1-5] DEBUG org.asynchttpclient.netty.channel.ChannelManager - Adding key: http://localhost:54248 for channel [id: 0x2c1956ce, L:/127.0.0.1:57433 - R:localhost/127.0.0.1:54248]
21:14:18.346 [main] DEBUG net.serenitybdd.core.photography.Darkroom - Send negative for processing for target\site\serenity\c2e2c1c28dc44ad1912732b9569b5fec5ddb73319ccf58364cac3ac23ac883a5.png
21:14:18.346 [main] DEBUG net.thucydides.core.steps.StepInterceptor - STEP DONE: inputEmail
21:14:18.346 [Darkroom Processing Line] DEBUG net.serenitybdd.core.photography.DarkroomProcessingLine - Processing screenshot image in /var/screenshots/screenshot-662971353803251358
21:14:18.346 [Darkroom Processing Line] DEBUG net.serenitybdd.core.photography.DarkroomProcessingLine - Saving screenshot to target\site\serenity\c2e2c1c28dc44ad1912732b9569b5fec5ddb73319ccf58364cac3ac23ac883a5.png
  &amp#27;[32mAnd &amp#27;[0m&amp#27;[32muser input valid email&amp#27;[0m                                             &amp#27;[90m# starter.stepdefenitions.RegisterSteps.userInputValidEmail()&amp#27;[0m
21:14:18.364 [main] DEBUG net.thucydides.core.steps.StepInterceptor - STARTING STEP: RegisterSteps.userNotInputPassword - inputPassword
21:14:18.367 [Forwarding findElement on session 349965ae54556a3de5645157198cb228 to remote] DEBUG org.asynchttpclient.netty.request.NettyRequestSender - Using pooled Channel '[id: 0x2c1956ce, L:/127.0.0.1:57433 - R:localhost/127.0.0.1:54248]' for 'POST' to 'http://localhost:54248/session/349965ae54556a3de5645157198cb228/element'
21:14:18.367 [Forwarding findElement on session 349965ae54556a3de5645157198cb228 to remote] DEBUG org.asynchttpclient.netty.request.NettyRequestSender - Using open Channel [id: 0x2c1956ce, L:/127.0.0.1:57433 - R:localhost/127.0.0.1:54248] for POST '/session/349965ae54556a3de5645157198cb228/element'
21:14:18.388 [AsyncHttpClient-1-5] DEBUG org.asynchttpclient.netty.handler.HttpHandler - 

Request DefaultHttpRequest(decodeResult: success, version: HTTP/1.1)
POST /session/349965ae54556a3de5645157198cb228/element HTTP/1.1
User-Agent: selenium/4.1.2 (java windows)
Content-Length: 119
Content-Type: application/json; charset=utf-8
host: localhost:54248
accept: */*

Response DefaultHttpResponse(decodeResult: success, version: HTTP/1.1)
HTTP/1.1 200 OK
Content-Type: application/json; charset=utf-8
cache-control: no-cache
content-length: 88

21:14:18.388 [AsyncHttpClient-1-5] DEBUG org.asynchttpclient.netty.channel.ChannelManager - Adding key: http://localhost:54248 for channel [id: 0x2c1956ce, L:/127.0.0.1:57433 - R:localhost/127.0.0.1:54248]
21:14:18.389 [Forwarding clearElement on session 349965ae54556a3de5645157198cb228 to remote] DEBUG org.asynchttpclient.netty.request.NettyRequestSender - Using pooled Channel '[id: 0x2c1956ce, L:/127.0.0.1:57433 - R:localhost/127.0.0.1:54248]' for 'POST' to 'http://localhost:54248/session/349965ae54556a3de5645157198cb228/element/f9a40a67-b736-4882-8a30-592f7cebb696/clear'
21:14:18.389 [Forwarding clearElement on session 349965ae54556a3de5645157198cb228 to remote] DEBUG org.asynchttpclient.netty.request.NettyRequestSender - Using open Channel [id: 0x2c1956ce, L:/127.0.0.1:57433 - R:localhost/127.0.0.1:54248] for POST '/session/349965ae54556a3de5645157198cb228/element/f9a40a67-b736-4882-8a30-592f7cebb696/clear'
21:14:18.434 [AsyncHttpClient-1-5] DEBUG org.asynchttpclient.netty.handler.HttpHandler - 

Request DefaultHttpRequest(decodeResult: success, version: HTTP/1.1)
POST /session/349965ae54556a3de5645157198cb228/element/f9a40a67-b736-4882-8a30-592f7cebb696/clear HTTP/1.1
User-Agent: selenium/4.1.2 (java windows)
Content-Length: 50
Content-Type: application/json; charset=utf-8
host: localhost:54248
accept: */*

Response DefaultHttpResponse(decodeResult: success, version: HTTP/1.1)
HTTP/1.1 200 OK
Content-Type: application/json; charset=utf-8
cache-control: no-cache
content-length: 14

21:14:18.434 [AsyncHttpClient-1-5] DEBUG org.asynchttpclient.netty.channel.ChannelManager - Adding key: http://localhost:54248 for channel [id: 0x2c1956ce, L:/127.0.0.1:57433 - R:localhost/127.0.0.1:54248]
21:14:18.436 [Forwarding sendKeysToElement on session 349965ae54556a3de5645157198cb228 to remote] DEBUG org.asynchttpclient.netty.request.NettyRequestSender - Using pooled Channel '[id: 0x2c1956ce, L:/127.0.0.1:57433 - R:localhost/127.0.0.1:54248]' for 'POST' to 'http://localhost:54248/session/349965ae54556a3de5645157198cb228/element/f9a40a67-b736-4882-8a30-592f7cebb696/value'
21:14:18.436 [Forwarding sendKeysToElement on session 349965ae54556a3de5645157198cb228 to remote] DEBUG org.asynchttpclient.netty.request.NettyRequestSender - Using open Channel [id: 0x2c1956ce, L:/127.0.0.1:57433 - R:localhost/127.0.0.1:54248] for POST '/session/349965ae54556a3de5645157198cb228/element/f9a40a67-b736-4882-8a30-592f7cebb696/value'
21:14:18.603 [AsyncHttpClient-1-5] DEBUG org.asynchttpclient.netty.handler.HttpHandler - 

Request DefaultHttpRequest(decodeResult: success, version: HTTP/1.1)
POST /session/349965ae54556a3de5645157198cb228/element/f9a40a67-b736-4882-8a30-592f7cebb696/value HTTP/1.1
User-Agent: selenium/4.1.2 (java windows)
Content-Length: 82
Content-Type: application/json; charset=utf-8
host: localhost:54248
accept: */*

Response DefaultHttpResponse(decodeResult: success, version: HTTP/1.1)
HTTP/1.1 200 OK
Content-Type: application/json; charset=utf-8
cache-control: no-cache
content-length: 14

21:14:18.604 [AsyncHttpClient-1-5] DEBUG org.asynchttpclient.netty.channel.ChannelManager - Adding key: http://localhost:54248 for channel [id: 0x2c1956ce, L:/127.0.0.1:57433 - R:localhost/127.0.0.1:54248]
21:14:18.614 [Forwarding screenshot on session 349965ae54556a3de5645157198cb228 to remote] DEBUG org.asynchttpclient.netty.request.NettyRequestSender - Using pooled Channel '[id: 0x2c1956ce, L:/127.0.0.1:57433 - R:localhost/127.0.0.1:54248]' for 'GET' to 'http://localhost:54248/session/349965ae54556a3de5645157198cb228/screenshot'
21:14:18.615 [Forwarding screenshot on session 349965ae54556a3de5645157198cb228 to remote] DEBUG org.asynchttpclient.netty.request.NettyRequestSender - Using open Channel [id: 0x2c1956ce, L:/127.0.0.1:57433 - R:localhost/127.0.0.1:54248] for GET '/session/349965ae54556a3de5645157198cb228/screenshot'
21:14:18.824 [AsyncHttpClient-1-5] DEBUG org.asynchttpclient.netty.handler.HttpHandler - 

Request DefaultFullHttpRequest(decodeResult: success, version: HTTP/1.1, content: EmptyByteBufBE)
GET /session/349965ae54556a3de5645157198cb228/screenshot HTTP/1.1
User-Agent: selenium/4.1.2 (java windows)
Cache-Control: no-cache
Content-Type: application/json; charset=utf-8
host: localhost:54248
accept: */*

Response DefaultHttpResponse(decodeResult: success, version: HTTP/1.1)
HTTP/1.1 200 OK
Content-Type: application/json; charset=utf-8
cache-control: no-cache
content-length: 35088

21:14:18.825 [AsyncHttpClient-1-5] DEBUG org.asynchttpclient.netty.channel.ChannelManager - Adding key: http://localhost:54248 for channel [id: 0x2c1956ce, L:/127.0.0.1:57433 - R:localhost/127.0.0.1:54248]
21:14:18.830 [main] DEBUG net.serenitybdd.core.photography.Darkroom - Send negative for processing for target\site\serenity\959dfc4c2c6e8ee40cf650c5b74b324e6185c8290380a1009f51cd3af6a6f2df.png
21:14:18.830 [main] DEBUG net.thucydides.core.steps.StepInterceptor - STEP DONE: inputPassword
  &amp#27;[32mAnd &amp#27;[0m&amp#27;[32muser not input password&amp#27;[0m                                            &amp#27;[90m# starter.stepdefenitions.RegisterSteps.userNotInputPassword()&amp#27;[0m
21:14:18.830 [Darkroom Processing Line] DEBUG net.serenitybdd.core.photography.DarkroomProcessingLine - Processing screenshot image in /var/screenshots/screenshot-3149995183050130193
21:14:18.830 [Darkroom Processing Line] DEBUG net.serenitybdd.core.photography.DarkroomProcessingLine - Saving screenshot to target\site\serenity\959dfc4c2c6e8ee40cf650c5b74b324e6185c8290380a1009f51cd3af6a6f2df.png
21:14:18.845 [main] DEBUG net.thucydides.core.steps.StepInterceptor - STARTING STEP: RegisterSteps.userClickRegisterButton - clickRegisterButton
21:14:18.852 [Forwarding findElement on session 349965ae54556a3de5645157198cb228 to remote] DEBUG org.asynchttpclient.netty.request.NettyRequestSender - Using pooled Channel '[id: 0x2c1956ce, L:/127.0.0.1:57433 - R:localhost/127.0.0.1:54248]' for 'POST' to 'http://localhost:54248/session/349965ae54556a3de5645157198cb228/element'
21:14:18.852 [Forwarding findElement on session 349965ae54556a3de5645157198cb228 to remote] DEBUG org.asynchttpclient.netty.request.NettyRequestSender - Using open Channel [id: 0x2c1956ce, L:/127.0.0.1:57433 - R:localhost/127.0.0.1:54248] for POST '/session/349965ae54556a3de5645157198cb228/element'
21:14:18.870 [AsyncHttpClient-1-5] DEBUG org.asynchttpclient.netty.handler.HttpHandler - 

Request DefaultHttpRequest(decodeResult: success, version: HTTP/1.1)
POST /session/349965ae54556a3de5645157198cb228/element HTTP/1.1
User-Agent: selenium/4.1.2 (java windows)
Content-Length: 108
Content-Type: application/json; charset=utf-8
host: localhost:54248
accept: */*

Response DefaultHttpResponse(decodeResult: success, version: HTTP/1.1)
HTTP/1.1 200 OK
Content-Type: application/json; charset=utf-8
cache-control: no-cache
content-length: 88

21:14:18.871 [AsyncHttpClient-1-5] DEBUG org.asynchttpclient.netty.channel.ChannelManager - Adding key: http://localhost:54248 for channel [id: 0x2c1956ce, L:/127.0.0.1:57433 - R:localhost/127.0.0.1:54248]
21:14:18.872 [Forwarding getElementTagName on session 349965ae54556a3de5645157198cb228 to remote] DEBUG org.asynchttpclient.netty.request.NettyRequestSender - Using pooled Channel '[id: 0x2c1956ce, L:/127.0.0.1:57433 - R:localhost/127.0.0.1:54248]' for 'GET' to 'http://localhost:54248/session/349965ae54556a3de5645157198cb228/element/88585d38-807c-47c6-a7f1-51e414f9e241/name'
21:14:18.872 [Forwarding getElementTagName on session 349965ae54556a3de5645157198cb228 to remote] DEBUG org.asynchttpclient.netty.request.NettyRequestSender - Using open Channel [id: 0x2c1956ce, L:/127.0.0.1:57433 - R:localhost/127.0.0.1:54248] for GET '/session/349965ae54556a3de5645157198cb228/element/88585d38-807c-47c6-a7f1-51e414f9e241/name'
21:14:18.876 [AsyncHttpClient-1-5] DEBUG org.asynchttpclient.netty.handler.HttpHandler - 

Request DefaultFullHttpRequest(decodeResult: success, version: HTTP/1.1, content: EmptyByteBufBE)
GET /session/349965ae54556a3de5645157198cb228/element/88585d38-807c-47c6-a7f1-51e414f9e241/name HTTP/1.1
User-Agent: selenium/4.1.2 (java windows)
Cache-Control: no-cache
Content-Type: application/json; charset=utf-8
host: localhost:54248
accept: */*

Response DefaultHttpResponse(decodeResult: success, version: HTTP/1.1)
HTTP/1.1 200 OK
Content-Type: application/json; charset=utf-8
cache-control: no-cache
content-length: 18

21:14:18.877 [AsyncHttpClient-1-5] DEBUG org.asynchttpclient.netty.channel.ChannelManager - Adding key: http://localhost:54248 for channel [id: 0x2c1956ce, L:/127.0.0.1:57433 - R:localhost/127.0.0.1:54248]
21:14:18.878 [Forwarding getElementTagName on session 349965ae54556a3de5645157198cb228 to remote] DEBUG org.asynchttpclient.netty.request.NettyRequestSender - Using pooled Channel '[id: 0x2c1956ce, L:/127.0.0.1:57433 - R:localhost/127.0.0.1:54248]' for 'GET' to 'http://localhost:54248/session/349965ae54556a3de5645157198cb228/element/88585d38-807c-47c6-a7f1-51e414f9e241/name'
21:14:18.878 [Forwarding getElementTagName on session 349965ae54556a3de5645157198cb228 to remote] DEBUG org.asynchttpclient.netty.request.NettyRequestSender - Using open Channel [id: 0x2c1956ce, L:/127.0.0.1:57433 - R:localhost/127.0.0.1:54248] for GET '/session/349965ae54556a3de5645157198cb228/element/88585d38-807c-47c6-a7f1-51e414f9e241/name'
21:14:18.882 [AsyncHttpClient-1-5] DEBUG org.asynchttpclient.netty.handler.HttpHandler - 

Request DefaultFullHttpRequest(decodeResult: success, version: HTTP/1.1, content: EmptyByteBufBE)
GET /session/349965ae54556a3de5645157198cb228/element/88585d38-807c-47c6-a7f1-51e414f9e241/name HTTP/1.1
User-Agent: selenium/4.1.2 (java windows)
Cache-Control: no-cache
Content-Type: application/json; charset=utf-8
host: localhost:54248
accept: */*

Response DefaultHttpResponse(decodeResult: success, version: HTTP/1.1)
HTTP/1.1 200 OK
Content-Type: application/json; charset=utf-8
cache-control: no-cache
content-length: 18

21:14:18.882 [AsyncHttpClient-1-5] DEBUG org.asynchttpclient.netty.channel.ChannelManager - Adding key: http://localhost:54248 for channel [id: 0x2c1956ce, L:/127.0.0.1:57433 - R:localhost/127.0.0.1:54248]
21:14:18.884 [Forwarding isElementEnabled on session 349965ae54556a3de5645157198cb228 to remote] DEBUG org.asynchttpclient.netty.request.NettyRequestSender - Using pooled Channel '[id: 0x2c1956ce, L:/127.0.0.1:57433 - R:localhost/127.0.0.1:54248]' for 'GET' to 'http://localhost:54248/session/349965ae54556a3de5645157198cb228/element/88585d38-807c-47c6-a7f1-51e414f9e241/enabled'
21:14:18.884 [Forwarding isElementEnabled on session 349965ae54556a3de5645157198cb228 to remote] DEBUG org.asynchttpclient.netty.request.NettyRequestSender - Using open Channel [id: 0x2c1956ce, L:/127.0.0.1:57433 - R:localhost/127.0.0.1:54248] for GET '/session/349965ae54556a3de5645157198cb228/element/88585d38-807c-47c6-a7f1-51e414f9e241/enabled'
21:14:18.899 [AsyncHttpClient-1-5] DEBUG org.asynchttpclient.netty.handler.HttpHandler - 

Request DefaultFullHttpRequest(decodeResult: success, version: HTTP/1.1, content: EmptyByteBufBE)
GET /session/349965ae54556a3de5645157198cb228/element/88585d38-807c-47c6-a7f1-51e414f9e241/enabled HTTP/1.1
User-Agent: selenium/4.1.2 (java windows)
Cache-Control: no-cache
Content-Type: application/json; charset=utf-8
host: localhost:54248
accept: */*

Response DefaultHttpResponse(decodeResult: success, version: HTTP/1.1)
HTTP/1.1 200 OK
Content-Type: application/json; charset=utf-8
cache-control: no-cache
content-length: 14

21:14:18.899 [AsyncHttpClient-1-5] DEBUG org.asynchttpclient.netty.channel.ChannelManager - Adding key: http://localhost:54248 for channel [id: 0x2c1956ce, L:/127.0.0.1:57433 - R:localhost/127.0.0.1:54248]
21:14:18.901 [Forwarding isElementEnabled on session 349965ae54556a3de5645157198cb228 to remote] DEBUG org.asynchttpclient.netty.request.NettyRequestSender - Using pooled Channel '[id: 0x2c1956ce, L:/127.0.0.1:57433 - R:localhost/127.0.0.1:54248]' for 'GET' to 'http://localhost:54248/session/349965ae54556a3de5645157198cb228/element/88585d38-807c-47c6-a7f1-51e414f9e241/enabled'
21:14:18.901 [Forwarding isElementEnabled on session 349965ae54556a3de5645157198cb228 to remote] DEBUG org.asynchttpclient.netty.request.NettyRequestSender - Using open Channel [id: 0x2c1956ce, L:/127.0.0.1:57433 - R:localhost/127.0.0.1:54248] for GET '/session/349965ae54556a3de5645157198cb228/element/88585d38-807c-47c6-a7f1-51e414f9e241/enabled'
21:14:18.910 [AsyncHttpClient-1-5] DEBUG org.asynchttpclient.netty.handler.HttpHandler - 

Request DefaultFullHttpRequest(decodeResult: success, version: HTTP/1.1, content: EmptyByteBufBE)
GET /session/349965ae54556a3de5645157198cb228/element/88585d38-807c-47c6-a7f1-51e414f9e241/enabled HTTP/1.1
User-Agent: selenium/4.1.2 (java windows)
Cache-Control: no-cache
Content-Type: application/json; charset=utf-8
host: localhost:54248
accept: */*

Response DefaultHttpResponse(decodeResult: success, version: HTTP/1.1)
HTTP/1.1 200 OK
Content-Type: application/json; charset=utf-8
cache-control: no-cache
content-length: 14

21:14:18.910 [AsyncHttpClient-1-5] DEBUG org.asynchttpclient.netty.channel.ChannelManager - Adding key: http://localhost:54248 for channel [id: 0x2c1956ce, L:/127.0.0.1:57433 - R:localhost/127.0.0.1:54248]
21:14:18.913 [Forwarding findElement on session 349965ae54556a3de5645157198cb228 to remote] DEBUG org.asynchttpclient.netty.request.NettyRequestSender - Using pooled Channel '[id: 0x2c1956ce, L:/127.0.0.1:57433 - R:localhost/127.0.0.1:54248]' for 'POST' to 'http://localhost:54248/session/349965ae54556a3de5645157198cb228/element'
21:14:18.913 [Forwarding findElement on session 349965ae54556a3de5645157198cb228 to remote] DEBUG org.asynchttpclient.netty.request.NettyRequestSender - Using open Channel [id: 0x2c1956ce, L:/127.0.0.1:57433 - R:localhost/127.0.0.1:54248] for POST '/session/349965ae54556a3de5645157198cb228/element'
21:14:18.926 [AsyncHttpClient-1-5] DEBUG org.asynchttpclient.netty.handler.HttpHandler - 

Request DefaultHttpRequest(decodeResult: success, version: HTTP/1.1)
POST /session/349965ae54556a3de5645157198cb228/element HTTP/1.1
User-Agent: selenium/4.1.2 (java windows)
Content-Length: 108
Content-Type: application/json; charset=utf-8
host: localhost:54248
accept: */*

Response DefaultHttpResponse(decodeResult: success, version: HTTP/1.1)
HTTP/1.1 200 OK
Content-Type: application/json; charset=utf-8
cache-control: no-cache
content-length: 88

21:14:18.927 [AsyncHttpClient-1-5] DEBUG org.asynchttpclient.netty.channel.ChannelManager - Adding key: http://localhost:54248 for channel [id: 0x2c1956ce, L:/127.0.0.1:57433 - R:localhost/127.0.0.1:54248]
21:14:18.929 [Forwarding clickElement on session 349965ae54556a3de5645157198cb228 to remote] DEBUG org.asynchttpclient.netty.request.NettyRequestSender - Using pooled Channel '[id: 0x2c1956ce, L:/127.0.0.1:57433 - R:localhost/127.0.0.1:54248]' for 'POST' to 'http://localhost:54248/session/349965ae54556a3de5645157198cb228/element/88585d38-807c-47c6-a7f1-51e414f9e241/click'
21:14:18.929 [Forwarding clickElement on session 349965ae54556a3de5645157198cb228 to remote] DEBUG org.asynchttpclient.netty.request.NettyRequestSender - Using open Channel [id: 0x2c1956ce, L:/127.0.0.1:57433 - R:localhost/127.0.0.1:54248] for POST '/session/349965ae54556a3de5645157198cb228/element/88585d38-807c-47c6-a7f1-51e414f9e241/click'
21:14:19.041 [AsyncHttpClient-1-5] DEBUG org.asynchttpclient.netty.handler.HttpHandler - 

Request DefaultHttpRequest(decodeResult: success, version: HTTP/1.1)
POST /session/349965ae54556a3de5645157198cb228/element/88585d38-807c-47c6-a7f1-51e414f9e241/click HTTP/1.1
User-Agent: selenium/4.1.2 (java windows)
Content-Length: 50
Content-Type: application/json; charset=utf-8
host: localhost:54248
accept: */*

Response DefaultHttpResponse(decodeResult: success, version: HTTP/1.1)
HTTP/1.1 200 OK
Content-Type: application/json; charset=utf-8
cache-control: no-cache
content-length: 14

21:14:19.042 [AsyncHttpClient-1-5] DEBUG org.asynchttpclient.netty.channel.ChannelManager - Adding key: http://localhost:54248 for channel [id: 0x2c1956ce, L:/127.0.0.1:57433 - R:localhost/127.0.0.1:54248]
21:14:19.052 [Forwarding screenshot on session 349965ae54556a3de5645157198cb228 to remote] DEBUG org.asynchttpclient.netty.request.NettyRequestSender - Using pooled Channel '[id: 0x2c1956ce, L:/127.0.0.1:57433 - R:localhost/127.0.0.1:54248]' for 'GET' to 'http://localhost:54248/session/349965ae54556a3de5645157198cb228/screenshot'
21:14:19.052 [Forwarding screenshot on session 349965ae54556a3de5645157198cb228 to remote] DEBUG org.asynchttpclient.netty.request.NettyRequestSender - Using open Channel [id: 0x2c1956ce, L:/127.0.0.1:57433 - R:localhost/127.0.0.1:54248] for GET '/session/349965ae54556a3de5645157198cb228/screenshot'
21:14:19.266 [AsyncHttpClient-1-5] DEBUG org.asynchttpclient.netty.handler.HttpHandler - 

Request DefaultFullHttpRequest(decodeResult: success, version: HTTP/1.1, content: EmptyByteBufBE)
GET /session/349965ae54556a3de5645157198cb228/screenshot HTTP/1.1
User-Agent: selenium/4.1.2 (java windows)
Cache-Control: no-cache
Content-Type: application/json; charset=utf-8
host: localhost:54248
accept: */*

Response DefaultHttpResponse(decodeResult: success, version: HTTP/1.1)
HTTP/1.1 200 OK
Content-Type: application/json; charset=utf-8
cache-control: no-cache
content-length: 35544

21:14:19.268 [AsyncHttpClient-1-5] DEBUG org.asynchttpclient.netty.channel.ChannelManager - Adding key: http://localhost:54248 for channel [id: 0x2c1956ce, L:/127.0.0.1:57433 - R:localhost/127.0.0.1:54248]
21:14:19.272 [main] DEBUG net.serenitybdd.core.photography.Darkroom - Send negative for processing for target\site\serenity\7a4a84ca646d05aa711685aa0d715946940927889ed2353626147c19d6bf1ccf.png
21:14:19.273 [main] DEBUG net.thucydides.core.steps.StepInterceptor - STEP DONE: clickRegisterButton
  &amp#27;[32mAnd &amp#27;[0m&amp#27;[32muser click register button&amp#27;[0m                                         &amp#27;[90m# starter.stepdefenitions.RegisterSteps.userClickRegisterButton()&amp#27;[0m
21:14:19.275 [Darkroom Processing Line] DEBUG net.serenitybdd.core.photography.DarkroomProcessingLine - Processing screenshot image in /var/screenshots/screenshot-5380738518860972604
21:14:19.275 [Darkroom Processing Line] DEBUG net.serenitybdd.core.photography.DarkroomProcessingLine - Saving screenshot to target\site\serenity\7a4a84ca646d05aa711685aa0d715946940927889ed2353626147c19d6bf1ccf.png
21:14:19.299 [AsyncHttpClient-1-1] DEBUG org.asynchttpclient.netty.channel.DefaultChannelPool - Entry count for : http://localhost:57434 : 1
21:14:19.301 [AsyncHttpClient-1-1] DEBUG org.asynchttpclient.netty.channel.DefaultChannelPool - Entry count for : http://localhost:54248 : 1
21:14:19.303 [main] DEBUG net.thucydides.core.steps.StepInterceptor - STARTING STEP: RegisterSteps.userFailToCreateAccountAndGetErrorMessage - getErrorNoPassword
21:14:19.307 [Forwarding findElement on session 349965ae54556a3de5645157198cb228 to remote] DEBUG org.asynchttpclient.netty.request.NettyRequestSender - Using pooled Channel '[id: 0x2c1956ce, L:/127.0.0.1:57433 - R:localhost/127.0.0.1:54248]' for 'POST' to 'http://localhost:54248/session/349965ae54556a3de5645157198cb228/element'
21:14:19.307 [Forwarding findElement on session 349965ae54556a3de5645157198cb228 to remote] DEBUG org.asynchttpclient.netty.request.NettyRequestSender - Using open Channel [id: 0x2c1956ce, L:/127.0.0.1:57433 - R:localhost/127.0.0.1:54248] for POST '/session/349965ae54556a3de5645157198cb228/element'
21:14:19.317 [AsyncHttpClient-1-5] DEBUG org.asynchttpclient.netty.handler.HttpHandler - 

Request DefaultHttpRequest(decodeResult: success, version: HTTP/1.1)
POST /session/349965ae54556a3de5645157198cb228/element HTTP/1.1
User-Agent: selenium/4.1.2 (java windows)
Content-Length: 53
Content-Type: application/json; charset=utf-8
host: localhost:54248
accept: */*

Response DefaultHttpResponse(decodeResult: success, version: HTTP/1.1)
HTTP/1.1 400 Bad Request
Content-Type: application/json; charset=utf-8
cache-control: no-cache
content-length: 957

21:14:19.317 [AsyncHttpClient-1-5] DEBUG org.asynchttpclient.netty.channel.ChannelManager - Adding key: http://localhost:54248 for channel [id: 0x2c1956ce, L:/127.0.0.1:57433 - R:localhost/127.0.0.1:54248]
21:14:19.319 [Forwarding findElement on session 349965ae54556a3de5645157198cb228 to remote] DEBUG org.asynchttpclient.netty.request.NettyRequestSender - Using pooled Channel '[id: 0x2c1956ce, L:/127.0.0.1:57433 - R:localhost/127.0.0.1:54248]' for 'POST' to 'http://localhost:54248/session/349965ae54556a3de5645157198cb228/element'
21:14:19.319 [Forwarding findElement on session 349965ae54556a3de5645157198cb228 to remote] DEBUG org.asynchttpclient.netty.request.NettyRequestSender - Using open Channel [id: 0x2c1956ce, L:/127.0.0.1:57433 - R:localhost/127.0.0.1:54248] for POST '/session/349965ae54556a3de5645157198cb228/element'
21:14:19.466 [AsyncHttpClient-1-5] DEBUG org.asynchttpclient.netty.handler.HttpHandler - 

Request DefaultHttpRequest(decodeResult: success, version: HTTP/1.1)
POST /session/349965ae54556a3de5645157198cb228/element HTTP/1.1
User-Agent: selenium/4.1.2 (java windows)
Content-Length: 63
Content-Type: application/json; charset=utf-8
host: localhost:54248
accept: */*

Response DefaultHttpResponse(decodeResult: success, version: HTTP/1.1)
HTTP/1.1 200 OK
Content-Type: application/json; charset=utf-8
cache-control: no-cache
content-length: 88

21:14:19.466 [AsyncHttpClient-1-5] DEBUG org.asynchttpclient.netty.channel.ChannelManager - Adding key: http://localhost:54248 for channel [id: 0x2c1956ce, L:/127.0.0.1:57433 - R:localhost/127.0.0.1:54248]
21:14:19.472 [Forwarding isElementDisplayed on session 349965ae54556a3de5645157198cb228 to remote] DEBUG org.asynchttpclient.netty.request.NettyRequestSender - Using pooled Channel '[id: 0x2c1956ce, L:/127.0.0.1:57433 - R:localhost/127.0.0.1:54248]' for 'POST' to 'http://localhost:54248/session/349965ae54556a3de5645157198cb228/execute/sync'
21:14:19.472 [Forwarding isElementDisplayed on session 349965ae54556a3de5645157198cb228 to remote] DEBUG org.asynchttpclient.netty.request.NettyRequestSender - Using open Channel [id: 0x2c1956ce, L:/127.0.0.1:57433 - R:localhost/127.0.0.1:54248] for POST '/session/349965ae54556a3de5645157198cb228/execute/sync'
21:14:19.499 [AsyncHttpClient-1-5] DEBUG org.asynchttpclient.netty.handler.HttpHandler - 

Request DefaultHttpRequest(decodeResult: success, version: HTTP/1.1)
POST /session/349965ae54556a3de5645157198cb228/execute/sync HTTP/1.1
User-Agent: selenium/4.1.2 (java windows)
Content-Length: 48780
Content-Type: application/json; charset=utf-8
host: localhost:54248
accept: */*

Response DefaultHttpResponse(decodeResult: success, version: HTTP/1.1)
HTTP/1.1 200 OK
Content-Type: application/json; charset=utf-8
cache-control: no-cache
content-length: 14

21:14:19.499 [AsyncHttpClient-1-5] DEBUG org.asynchttpclient.netty.channel.ChannelManager - Adding key: http://localhost:54248 for channel [id: 0x2c1956ce, L:/127.0.0.1:57433 - R:localhost/127.0.0.1:54248]
21:14:19.505 [Forwarding screenshot on session 349965ae54556a3de5645157198cb228 to remote] DEBUG org.asynchttpclient.netty.request.NettyRequestSender - Using pooled Channel '[id: 0x2c1956ce, L:/127.0.0.1:57433 - R:localhost/127.0.0.1:54248]' for 'GET' to 'http://localhost:54248/session/349965ae54556a3de5645157198cb228/screenshot'
21:14:19.505 [Forwarding screenshot on session 349965ae54556a3de5645157198cb228 to remote] DEBUG org.asynchttpclient.netty.request.NettyRequestSender - Using open Channel [id: 0x2c1956ce, L:/127.0.0.1:57433 - R:localhost/127.0.0.1:54248] for GET '/session/349965ae54556a3de5645157198cb228/screenshot'
21:14:19.651 [AsyncHttpClient-1-5] DEBUG org.asynchttpclient.netty.handler.HttpHandler - 

Request DefaultFullHttpRequest(decodeResult: success, version: HTTP/1.1, content: EmptyByteBufBE)
GET /session/349965ae54556a3de5645157198cb228/screenshot HTTP/1.1
User-Agent: selenium/4.1.2 (java windows)
Cache-Control: no-cache
Content-Type: application/json; charset=utf-8
host: localhost:54248
accept: */*

Response DefaultHttpResponse(decodeResult: success, version: HTTP/1.1)
HTTP/1.1 200 OK
Content-Type: application/json; charset=utf-8
cache-control: no-cache
content-length: 36876

21:14:19.652 [AsyncHttpClient-1-5] DEBUG org.asynchttpclient.netty.channel.ChannelManager - Adding key: http://localhost:54248 for channel [id: 0x2c1956ce, L:/127.0.0.1:57433 - R:localhost/127.0.0.1:54248]
21:14:19.655 [main] DEBUG net.serenitybdd.core.photography.Darkroom - Send negative for processing for target\site\serenity\50b3fbf4d52ff4fe2c0ce39c773fe0ce3fe1612f67ec6114e850b2aaf7cfac2b.png
21:14:19.655 [main] DEBUG net.thucydides.core.steps.StepInterceptor - STEP DONE: getErrorNoPassword
  &amp#27;[32mThen &amp#27;[0m&amp#27;[32muser fail to create account and get error message&amp#27;[0m                 &amp#27;[90m# starter.stepdefenitions.RegisterSteps.userFailToCreateAccountAndGetErrorMessage()&amp#27;[0m
21:14:19.655 [Darkroom Processing Line] DEBUG net.serenitybdd.core.photography.DarkroomProcessingLine - Processing screenshot image in /var/screenshots/screenshot-8773439981147979772
21:14:19.655 [Darkroom Processing Line] DEBUG net.serenitybdd.core.photography.DarkroomProcessingLine - Saving screenshot to target\site\serenity\50b3fbf4d52ff4fe2c0ce39c773fe0ce3fe1612f67ec6114e850b2aaf7cfac2b.png
21:14:19.662 [main] INFO  - 
  _____   ___   ___   _____     ___     _     ___   ___   ___   ___  
 |_   _| | __| / __| |_   _|   | _ \   /_\   / __| / __| | __| |   \ 
   | |   | _|  \__ \   | |     |  _/  / _ \  \__ \ \__ \ | _|  | |) |
   |_|   |___| |___/   |_|     |_|   /_/ \_\ |___/ |___/ |___| |___/ 

As user i have failed to create account with no input password
----------------------------------------------------------------------
21:14:19.664 [AsyncHttpClient-1-7] DEBUG org.asynchttpclient.netty.handler.WebSocketHandler - Channel Closed: [id: 0x31a0ce9c, L:/127.0.0.1:57441 ! R:localhost/127.0.0.1:57434] with attribute NettyResponseFuture{currentRetry=5,
	isDone=1,
	isCancelled=0,
	asyncHandler=org.asynchttpclient.ws.WebSocketUpgradeHandler@2ca0c43d,
	nettyRequest=org.asynchttpclient.netty.request.NettyRequest@7274d92b,
	future=java.util.concurrent.CompletableFuture@4c72056f[Completed normally],
	uri=ws://localhost:57434/devtools/browser/33321128-ea0e-4125-8932-b851360ca48d,
	keepAlive=true,
	redirectCount=0,
	timeoutsHolder=null,
	inAuth=0,
	touch=1652796846706}
21:14:19.664 [AsyncHttpClient-1-7] DEBUG org.asynchttpclient.netty.channel.ChannelManager - Closing Channel [id: 0x31a0ce9c, L:/127.0.0.1:57441 ! R:localhost/127.0.0.1:57434] 
21:14:19.664 [Driver Command Executor] DEBUG org.asynchttpclient.netty.request.NettyRequestSender - Using pooled Channel '[id: 0x2c1956ce, L:/127.0.0.1:57433 - R:localhost/127.0.0.1:54248]' for 'DELETE' to 'http://localhost:54248/session/349965ae54556a3de5645157198cb228'
21:14:19.664 [Driver Command Executor] DEBUG org.asynchttpclient.netty.request.NettyRequestSender - Using open Channel [id: 0x2c1956ce, L:/127.0.0.1:57433 - R:localhost/127.0.0.1:54248] for DELETE '/session/349965ae54556a3de5645157198cb228'
21:14:19.736 [AsyncHttpClient-1-6] DEBUG org.asynchttpclient.netty.handler.HttpHandler - Unexpected I/O exception on channel [id: 0x5b8dbcb4, L:/127.0.0.1:57440 - R:localhost/127.0.0.1:57434]
java.io.IOException: An existing connection was forcibly closed by the remote host
	at sun.nio.ch.SocketDispatcher.read0(Native Method)
	at sun.nio.ch.SocketDispatcher.read(SocketDispatcher.java:43)
	at sun.nio.ch.IOUtil.readIntoNativeBuffer(IOUtil.java:223)
	at sun.nio.ch.IOUtil.read(IOUtil.java:192)
	at sun.nio.ch.SocketChannelImpl.read(SocketChannelImpl.java:378)
	at io.netty.buffer.PooledByteBuf.setBytes(PooledByteBuf.java:258)
	at io.netty.buffer.AbstractByteBuf.writeBytes(AbstractByteBuf.java:1132)
	at io.netty.channel.socket.nio.NioSocketChannel.doReadBytes(NioSocketChannel.java:350)
	at io.netty.channel.nio.AbstractNioByteChannel$NioByteUnsafe.read(AbstractNioByteChannel.java:151)
	at io.netty.channel.nio.NioEventLoop.processSelectedKey(NioEventLoop.java:722)
	at io.netty.channel.nio.NioEventLoop.processSelectedKeysOptimized(NioEventLoop.java:658)
	at io.netty.channel.nio.NioEventLoop.processSelectedKeys(NioEventLoop.java:584)
	at io.netty.channel.nio.NioEventLoop.run(NioEventLoop.java:496)
	at io.netty.util.concurrent.SingleThreadEventExecutor$4.run(SingleThreadEventExecutor.java:986)
	at io.netty.util.internal.ThreadExecutorMap$2.run(ThreadExecutorMap.java:74)
	at io.netty.util.concurrent.FastThreadLocalRunnable.run(FastThreadLocalRunnable.java:30)
	at java.lang.Thread.run(Thread.java:750)
21:14:19.736 [AsyncHttpClient-1-6] DEBUG org.asynchttpclient.netty.channel.ChannelManager - Closing Channel [id: 0x5b8dbcb4, L:/127.0.0.1:57440 - R:localhost/127.0.0.1:57434] 
21:14:19.736 [AsyncHttpClient-1-6] DEBUG org.asynchttpclient.netty.handler.HttpHandler - Channel Closed: [id: 0x5b8dbcb4, L:/127.0.0.1:57440 ! R:localhost/127.0.0.1:57434] with attribute DISCARD
21:14:19.779 [AsyncHttpClient-1-5] DEBUG org.asynchttpclient.netty.handler.HttpHandler - 

Request DefaultFullHttpRequest(decodeResult: success, version: HTTP/1.1, content: EmptyByteBufBE)
DELETE /session/349965ae54556a3de5645157198cb228 HTTP/1.1
User-Agent: selenium/4.1.2 (java windows)
Content-Type: application/json; charset=utf-8
host: localhost:54248
accept: */*

Response DefaultHttpResponse(decodeResult: success, version: HTTP/1.1)
HTTP/1.1 200 OK
Content-Type: application/json; charset=utf-8
cache-control: no-cache
content-length: 14

21:14:19.779 [AsyncHttpClient-1-5] DEBUG org.asynchttpclient.netty.channel.ChannelManager - Adding key: http://localhost:54248 for channel [id: 0x2c1956ce, L:/127.0.0.1:57433 - R:localhost/127.0.0.1:54248]
21:14:19.878 [AsyncHttpClient-1-5] DEBUG org.asynchttpclient.netty.handler.HttpHandler - Channel Closed: [id: 0x2c1956ce, L:/127.0.0.1:57433 ! R:localhost/127.0.0.1:54248] with attribute DISCARD
21:14:20.391 [AsyncHttpClient-1-1] DEBUG org.asynchttpclient.netty.channel.DefaultChannelPool - Entry count for : http://localhost:57434 : 1
21:14:20.391 [AsyncHttpClient-1-1] DEBUG org.asynchttpclient.netty.channel.DefaultChannelPool - Entry count for : http://localhost:54248 : 1
21:14:20.391 [AsyncHttpClient-1-1] DEBUG org.asynchttpclient.netty.channel.DefaultChannelPool - Adding Candidate expired Channel [id: 0x5b8dbcb4, L:/127.0.0.1:57440 ! R:localhost/127.0.0.1:57434] isIdleTimeoutExpired=false isRemotelyClosed=true isTtlExpired=false
21:14:20.391 [AsyncHttpClient-1-1] DEBUG org.asynchttpclient.netty.channel.DefaultChannelPool - Closing Idle Channel [id: 0x5b8dbcb4, L:/127.0.0.1:57440 ! R:localhost/127.0.0.1:57434]
21:14:20.391 [AsyncHttpClient-1-1] DEBUG org.asynchttpclient.netty.channel.DefaultChannelPool - Adding Candidate expired Channel [id: 0x2c1956ce, L:/127.0.0.1:57433 ! R:localhost/127.0.0.1:54248] isIdleTimeoutExpired=false isRemotelyClosed=true isTtlExpired=false
21:14:20.391 [AsyncHttpClient-1-1] DEBUG org.asynchttpclient.netty.channel.DefaultChannelPool - Closing Idle Channel [id: 0x2c1956ce, L:/127.0.0.1:57433 ! R:localhost/127.0.0.1:54248]
21:14:20.391 [AsyncHttpClient-1-1] DEBUG org.asynchttpclient.netty.channel.DefaultChannelPool - Closed 2 connections out of 2 in 0 ms
]]></system-out>
    <system-err><![CDATA[Starting ChromeDriver 100.0.4896.60 (6a5d10861ce8de5fce22564658033b43cb7de047-refs/branch-heads/4896@{#875}) on port 54248
Only local connections are allowed.
Please see https://chromedriver.chromium.org/security-considerations for suggestions on keeping ChromeDriver safe.
ChromeDriver was started successfully.
[1652796846.660][WARNING]: This version of ChromeDriver has not been tested with Chrome version 101.
May 17, 2022 9:14:06 PM org.openqa.selenium.remote.ProtocolHandshake createSession
INFO: Detected dialect: W3C
May 17, 2022 9:14:06 PM org.openqa.selenium.devtools.CdpVersionFinder findNearestMatch
WARNING: Unable to find an exact match for CDP version 101, so returning the closest version found: 97
May 17, 2022 9:14:06 PM org.openqa.selenium.devtools.CdpVersionFinder findNearestMatch
INFO: Found CDP implementation for version 101 of 97
]]></system-err>
  </testcase>
  <testcase name="As user i have be able to success pay all items" classname="As a user I want to pay for all items in the basket" time="22.402">
    <system-out><![CDATA[21:14:20.422 [main] INFO io.cucumber.core.plugin.SerenityReporter - Running feature from file:///D:/github/QE_MUHAMMAD-ADIBASYAH/miniproject/web/src/test/resources/features/Transaction.feature
21:14:20.429 [main] DEBUG net.thucydides.core.steps.StepEventBus - Test suite started for story net.thucydides.core.model.Story@2fff0c52
21:14:20.431 [main] INFO  - Test Suite Started: As a user I want to pay for all items in the basket

@transaction @positive
Scenario: As user i have be able to success pay all items &amp#27;[90m# src/test/resources/features/Transaction.feature:5&amp#27;[0m
21:14:20.455 [main] INFO io.cucumber.core.plugin.SerenityReporter - Running feature from file:///D:/github/QE_MUHAMMAD-ADIBASYAH/miniproject/web/src/test/resources/features/Transaction.feature
21:14:20.458 [main] INFO  - 
  _____   ___   ___   _____     ___   _____     _     ___   _____   ___   ___  
 |_   _| | __| / __| |_   _|   / __| |_   _|   /_\   | _ \ |_   _| | __| |   \ 
   | |   | _|  \__ \   | |     \__ \   | |    / _ \  |   /   | |   | _|  | |) |
   |_|   |___| |___/   |_|     |___/   |_|   /_/ \_\ |_|_\   |_|   |___| |___/ 

As user i have be able to success pay all items(as-a-user-i-want-to-pay-for-all-items-in-the-basket;as-user-i-have-be-able-to-success-pay-all-items)
--------------------------------------------------------------------------------
21:14:20.477 [main] DEBUG net.thucydides.core.steps.StepInterceptor - STARTING STEP: LoginSteps.onLoginPage - openPage
21:14:20.480 [main] INFO net.serenitybdd.core.webdriver.driverproviders.ChromeDriverProvider - Using automatically driver download
21:14:20.696 [main] DEBUG io.github.bonigarcia.wdm.cache.ResolutionCache - Resolution chrome=101 in cache (valid until 22:11:26 17/05/2022 ICT)
21:14:20.701 [main] DEBUG io.github.bonigarcia.wdm.cache.ResolutionCache - Resolution chrome101=101.0.4951.41 in cache (valid until 18:44:33 18/05/2022 ICT)
21:14:20.704 [main] INFO io.github.bonigarcia.wdm.WebDriverManager - Using chromedriver 101.0.4951.41 (resolved driver for Chrome 101)
21:14:20.722 [main] DEBUG io.github.bonigarcia.wdm.WebDriverManager - Driver chromedriver 101.0.4951.41 found in cache
21:14:20.723 [main] INFO io.github.bonigarcia.wdm.WebDriverManager - Exporting webdriver.chrome.driver as C:\Users\Admin\.cache\selenium\chromedriver\win32\101.0.4951.41\chromedriver.exe
21:14:20.902 [main] DEBUG net.serenitybdd.core.webdriver.driverproviders.ProvideNewDriver - Instantiating driver
21:14:20.902 [main] DEBUG net.serenitybdd.core.webdriver.driverproviders.ProvideNewDriver - Driver capabilities: Capabilities {acceptInsecureCerts: false, base.url: https://qa.alta.id/, browserName: chrome, chrome.driver: src/test/resources/webdrive..., driver: chrome, goog:chromeOptions: {args: [], extensions: []}}
21:14:21.439 [AsyncHttpClient-1-8] DEBUG org.asynchttpclient.netty.channel.NettyConnectListener - Using new Channel '[id: 0xfee7f827, L:/127.0.0.1:57465 - R:localhost/127.0.0.1:49927]' for 'POST' to '/session'
21:14:22.559 [AsyncHttpClient-1-8] DEBUG org.asynchttpclient.netty.handler.HttpHandler - 

Request DefaultHttpRequest(decodeResult: success, version: HTTP/1.1)
POST /session HTTP/1.1
User-Agent: selenium/4.1.2 (java windows)
Content-Length: 605
Content-Type: application/json; charset=utf-8
host: localhost:49927
accept: */*

Response DefaultHttpResponse(decodeResult: success, version: HTTP/1.1)
HTTP/1.1 200 OK
Content-Type: application/json; charset=utf-8
cache-control: no-cache
content-length: 790

21:14:22.559 [AsyncHttpClient-1-8] DEBUG org.asynchttpclient.netty.channel.ChannelManager - Adding key: http://localhost:49927 for channel [id: 0xfee7f827, L:/127.0.0.1:57465 - R:localhost/127.0.0.1:49927]
21:14:22.570 [AsyncHttpClient-1-9] DEBUG org.asynchttpclient.netty.channel.NettyConnectListener - Using new Channel '[id: 0xda863672, L:/127.0.0.1:57471 - R:localhost/127.0.0.1:57466]' for 'GET' to '/json/version'
21:14:22.571 [AsyncHttpClient-1-9] DEBUG org.asynchttpclient.netty.handler.HttpHandler - 

Request DefaultFullHttpRequest(decodeResult: success, version: HTTP/1.1, content: EmptyByteBufBE)
GET /json/version HTTP/1.1
User-Agent: selenium/4.1.2 (java windows)
host: localhost:57466
accept: */*

Response DefaultHttpResponse(decodeResult: success, version: HTTP/1.1)
HTTP/1.1 200 OK
Content-Type: application/json; charset=UTF-8
content-length: 427

21:14:22.571 [AsyncHttpClient-1-9] DEBUG org.asynchttpclient.netty.channel.ChannelManager - Adding key: http://localhost:57466 for channel [id: 0xda863672, L:/127.0.0.1:57471 - R:localhost/127.0.0.1:57466]
21:14:22.574 [AsyncHttpClient-1-2] DEBUG org.asynchttpclient.netty.channel.NettyConnectListener - Using new Channel '[id: 0x0d2e5636, L:/127.0.0.1:57472 - R:localhost/127.0.0.1:57466]' for 'GET' to '/devtools/browser/6ad60817-f1dc-4c58-a7f0-b4794468e026'
21:14:22.575 [AsyncHttpClient-1-2] DEBUG org.asynchttpclient.netty.handler.WebSocketHandler - 

Request DefaultFullHttpRequest(decodeResult: success, version: HTTP/1.1, content: EmptyByteBufBE)
GET /devtools/browser/6ad60817-f1dc-4c58-a7f0-b4794468e026 HTTP/1.1
upgrade: websocket
connection: upgrade
sec-websocket-key: KnAFR7ceqzMXIwkzo1XcYw==
sec-websocket-version: 13
origin: http://localhost:57466
host: localhost:57466
accept: */*
user-agent: AHC/2.1

Response DefaultHttpResponse(decodeResult: success, version: HTTP/1.1)
HTTP/1.1 101 WebSocket Protocol Handshake
Upgrade: WebSocket
Connection: Upgrade
Sec-WebSocket-Accept: hnAFGDfi4SPNQ7EHYeppHTRAaXo=

21:14:22.585 [Forwarding setCurrentWindowSize on session 7d380c480d3a95bc8f8894881e391ab1 to remote] DEBUG org.asynchttpclient.netty.request.NettyRequestSender - Using pooled Channel '[id: 0xfee7f827, L:/127.0.0.1:57465 - R:localhost/127.0.0.1:49927]' for 'POST' to 'http://localhost:49927/session/7d380c480d3a95bc8f8894881e391ab1/window/rect'
21:14:22.585 [Forwarding setCurrentWindowSize on session 7d380c480d3a95bc8f8894881e391ab1 to remote] DEBUG org.asynchttpclient.netty.request.NettyRequestSender - Using open Channel [id: 0xfee7f827, L:/127.0.0.1:57465 - R:localhost/127.0.0.1:49927] for POST '/session/7d380c480d3a95bc8f8894881e391ab1/window/rect'
21:14:22.594 [AsyncHttpClient-1-1] DEBUG org.asynchttpclient.netty.channel.DefaultChannelPool - Entry count for : http://localhost:57466 : 1
21:14:22.717 [AsyncHttpClient-1-8] DEBUG org.asynchttpclient.netty.handler.HttpHandler - 

Request DefaultHttpRequest(decodeResult: success, version: HTTP/1.1)
POST /session/7d380c480d3a95bc8f8894881e391ab1/window/rect HTTP/1.1
User-Agent: selenium/4.1.2 (java windows)
Content-Length: 37
Content-Type: application/json; charset=utf-8
host: localhost:49927
accept: */*

Response DefaultHttpResponse(decodeResult: success, version: HTTP/1.1)
HTTP/1.1 200 OK
Content-Type: application/json; charset=utf-8
cache-control: no-cache
content-length: 51

21:14:22.718 [AsyncHttpClient-1-8] DEBUG org.asynchttpclient.netty.channel.ChannelManager - Adding key: http://localhost:49927 for channel [id: 0xfee7f827, L:/127.0.0.1:57465 - R:localhost/127.0.0.1:49927]
21:14:22.720 [Forwarding setWindowPosition on session 7d380c480d3a95bc8f8894881e391ab1 to remote] DEBUG org.asynchttpclient.netty.request.NettyRequestSender - Using pooled Channel '[id: 0xfee7f827, L:/127.0.0.1:57465 - R:localhost/127.0.0.1:49927]' for 'POST' to 'http://localhost:49927/session/7d380c480d3a95bc8f8894881e391ab1/window/rect'
21:14:22.720 [Forwarding setWindowPosition on session 7d380c480d3a95bc8f8894881e391ab1 to remote] DEBUG org.asynchttpclient.netty.request.NettyRequestSender - Using open Channel [id: 0xfee7f827, L:/127.0.0.1:57465 - R:localhost/127.0.0.1:49927] for POST '/session/7d380c480d3a95bc8f8894881e391ab1/window/rect'
21:14:22.827 [AsyncHttpClient-1-8] DEBUG org.asynchttpclient.netty.handler.HttpHandler - 

Request DefaultHttpRequest(decodeResult: success, version: HTTP/1.1)
POST /session/7d380c480d3a95bc8f8894881e391ab1/window/rect HTTP/1.1
User-Agent: selenium/4.1.2 (java windows)
Content-Length: 22
Content-Type: application/json; charset=utf-8
host: localhost:49927
accept: */*

Response DefaultHttpResponse(decodeResult: success, version: HTTP/1.1)
HTTP/1.1 200 OK
Content-Type: application/json; charset=utf-8
cache-control: no-cache
content-length: 49

21:14:22.827 [AsyncHttpClient-1-8] DEBUG org.asynchttpclient.netty.channel.ChannelManager - Adding key: http://localhost:49927 for channel [id: 0xfee7f827, L:/127.0.0.1:57465 - R:localhost/127.0.0.1:49927]
21:14:22.831 [Forwarding get on session 7d380c480d3a95bc8f8894881e391ab1 to remote] DEBUG org.asynchttpclient.netty.request.NettyRequestSender - Using pooled Channel '[id: 0xfee7f827, L:/127.0.0.1:57465 - R:localhost/127.0.0.1:49927]' for 'POST' to 'http://localhost:49927/session/7d380c480d3a95bc8f8894881e391ab1/url'
21:14:22.831 [Forwarding get on session 7d380c480d3a95bc8f8894881e391ab1 to remote] DEBUG org.asynchttpclient.netty.request.NettyRequestSender - Using open Channel [id: 0xfee7f827, L:/127.0.0.1:57465 - R:localhost/127.0.0.1:49927] for POST '/session/7d380c480d3a95bc8f8894881e391ab1/url'
21:14:23.690 [AsyncHttpClient-1-1] DEBUG org.asynchttpclient.netty.channel.DefaultChannelPool - Entry count for : http://localhost:57466 : 1
21:14:24.791 [AsyncHttpClient-1-1] DEBUG org.asynchttpclient.netty.channel.DefaultChannelPool - Entry count for : http://localhost:57466 : 1
21:14:25.893 [AsyncHttpClient-1-1] DEBUG org.asynchttpclient.netty.channel.DefaultChannelPool - Entry count for : http://localhost:57466 : 1
21:14:26.990 [AsyncHttpClient-1-1] DEBUG org.asynchttpclient.netty.channel.DefaultChannelPool - Entry count for : http://localhost:57466 : 1
21:14:28.098 [AsyncHttpClient-1-1] DEBUG org.asynchttpclient.netty.channel.DefaultChannelPool - Entry count for : http://localhost:57466 : 1
21:14:29.191 [AsyncHttpClient-1-1] DEBUG org.asynchttpclient.netty.channel.DefaultChannelPool - Entry count for : http://localhost:57466 : 1
21:14:30.292 [AsyncHttpClient-1-1] DEBUG org.asynchttpclient.netty.channel.DefaultChannelPool - Entry count for : http://localhost:57466 : 1
21:14:30.991 [AsyncHttpClient-1-8] DEBUG org.asynchttpclient.netty.handler.HttpHandler - 

Request DefaultHttpRequest(decodeResult: success, version: HTTP/1.1)
POST /session/7d380c480d3a95bc8f8894881e391ab1/url HTTP/1.1
User-Agent: selenium/4.1.2 (java windows)
Content-Length: 49
Content-Type: application/json; charset=utf-8
host: localhost:49927
accept: */*

Response DefaultHttpResponse(decodeResult: success, version: HTTP/1.1)
HTTP/1.1 200 OK
Content-Type: application/json; charset=utf-8
cache-control: no-cache
content-length: 14

21:14:30.991 [AsyncHttpClient-1-8] DEBUG org.asynchttpclient.netty.channel.ChannelManager - Adding key: http://localhost:49927 for channel [id: 0xfee7f827, L:/127.0.0.1:57465 - R:localhost/127.0.0.1:49927]
21:14:30.994 [Forwarding setTimeout on session 7d380c480d3a95bc8f8894881e391ab1 to remote] DEBUG org.asynchttpclient.netty.request.NettyRequestSender - Using pooled Channel '[id: 0xfee7f827, L:/127.0.0.1:57465 - R:localhost/127.0.0.1:49927]' for 'POST' to 'http://localhost:49927/session/7d380c480d3a95bc8f8894881e391ab1/timeouts'
21:14:30.994 [Forwarding setTimeout on session 7d380c480d3a95bc8f8894881e391ab1 to remote] DEBUG org.asynchttpclient.netty.request.NettyRequestSender - Using open Channel [id: 0xfee7f827, L:/127.0.0.1:57465 - R:localhost/127.0.0.1:49927] for POST '/session/7d380c480d3a95bc8f8894881e391ab1/timeouts'
21:14:31.001 [AsyncHttpClient-1-8] DEBUG org.asynchttpclient.netty.handler.HttpHandler - 

Request DefaultHttpRequest(decodeResult: success, version: HTTP/1.1)
POST /session/7d380c480d3a95bc8f8894881e391ab1/timeouts HTTP/1.1
User-Agent: selenium/4.1.2 (java windows)
Content-Length: 22
Content-Type: application/json; charset=utf-8
host: localhost:49927
accept: */*

Response DefaultHttpResponse(decodeResult: success, version: HTTP/1.1)
HTTP/1.1 200 OK
Content-Type: application/json; charset=utf-8
cache-control: no-cache
content-length: 14

21:14:31.001 [AsyncHttpClient-1-8] DEBUG org.asynchttpclient.netty.channel.ChannelManager - Adding key: http://localhost:49927 for channel [id: 0xfee7f827, L:/127.0.0.1:57465 - R:localhost/127.0.0.1:49927]
21:14:31.008 [Forwarding getCurrentUrl on session 7d380c480d3a95bc8f8894881e391ab1 to remote] DEBUG org.asynchttpclient.netty.request.NettyRequestSender - Using pooled Channel '[id: 0xfee7f827, L:/127.0.0.1:57465 - R:localhost/127.0.0.1:49927]' for 'GET' to 'http://localhost:49927/session/7d380c480d3a95bc8f8894881e391ab1/url'
21:14:31.008 [Forwarding getCurrentUrl on session 7d380c480d3a95bc8f8894881e391ab1 to remote] DEBUG org.asynchttpclient.netty.request.NettyRequestSender - Using open Channel [id: 0xfee7f827, L:/127.0.0.1:57465 - R:localhost/127.0.0.1:49927] for GET '/session/7d380c480d3a95bc8f8894881e391ab1/url'
21:14:31.014 [AsyncHttpClient-1-8] DEBUG org.asynchttpclient.netty.handler.HttpHandler - 

Request DefaultFullHttpRequest(decodeResult: success, version: HTTP/1.1, content: EmptyByteBufBE)
GET /session/7d380c480d3a95bc8f8894881e391ab1/url HTTP/1.1
User-Agent: selenium/4.1.2 (java windows)
Cache-Control: no-cache
Content-Type: application/json; charset=utf-8
host: localhost:49927
accept: */*

Response DefaultHttpResponse(decodeResult: success, version: HTTP/1.1)
HTTP/1.1 200 OK
Content-Type: application/json; charset=utf-8
cache-control: no-cache
content-length: 31

21:14:31.015 [AsyncHttpClient-1-8] DEBUG org.asynchttpclient.netty.channel.ChannelManager - Adding key: http://localhost:49927 for channel [id: 0xfee7f827, L:/127.0.0.1:57465 - R:localhost/127.0.0.1:49927]
21:14:31.021 [Forwarding getCurrentUrl on session 7d380c480d3a95bc8f8894881e391ab1 to remote] DEBUG org.asynchttpclient.netty.request.NettyRequestSender - Using pooled Channel '[id: 0xfee7f827, L:/127.0.0.1:57465 - R:localhost/127.0.0.1:49927]' for 'GET' to 'http://localhost:49927/session/7d380c480d3a95bc8f8894881e391ab1/url'
21:14:31.022 [Forwarding getCurrentUrl on session 7d380c480d3a95bc8f8894881e391ab1 to remote] DEBUG org.asynchttpclient.netty.request.NettyRequestSender - Using open Channel [id: 0xfee7f827, L:/127.0.0.1:57465 - R:localhost/127.0.0.1:49927] for GET '/session/7d380c480d3a95bc8f8894881e391ab1/url'
21:14:31.037 [AsyncHttpClient-1-8] DEBUG org.asynchttpclient.netty.handler.HttpHandler - 

Request DefaultFullHttpRequest(decodeResult: success, version: HTTP/1.1, content: EmptyByteBufBE)
GET /session/7d380c480d3a95bc8f8894881e391ab1/url HTTP/1.1
User-Agent: selenium/4.1.2 (java windows)
Cache-Control: no-cache
Content-Type: application/json; charset=utf-8
host: localhost:49927
accept: */*

Response DefaultHttpResponse(decodeResult: success, version: HTTP/1.1)
HTTP/1.1 200 OK
Content-Type: application/json; charset=utf-8
cache-control: no-cache
content-length: 31

21:14:31.038 [AsyncHttpClient-1-8] DEBUG org.asynchttpclient.netty.channel.ChannelManager - Adding key: http://localhost:49927 for channel [id: 0xfee7f827, L:/127.0.0.1:57465 - R:localhost/127.0.0.1:49927]
21:14:31.045 [main] DEBUG net.serenitybdd.core.photography.Darkroom - Opening darkroom
21:14:31.045 [Darkroom Processing Line] DEBUG net.serenitybdd.core.photography.DarkroomProcessingLine - Darkroom processing line starting up
21:14:31.045 [Forwarding screenshot on session 7d380c480d3a95bc8f8894881e391ab1 to remote] DEBUG org.asynchttpclient.netty.request.NettyRequestSender - Using pooled Channel '[id: 0xfee7f827, L:/127.0.0.1:57465 - R:localhost/127.0.0.1:49927]' for 'GET' to 'http://localhost:49927/session/7d380c480d3a95bc8f8894881e391ab1/screenshot'
21:14:31.045 [Forwarding screenshot on session 7d380c480d3a95bc8f8894881e391ab1 to remote] DEBUG org.asynchttpclient.netty.request.NettyRequestSender - Using open Channel [id: 0xfee7f827, L:/127.0.0.1:57465 - R:localhost/127.0.0.1:49927] for GET '/session/7d380c480d3a95bc8f8894881e391ab1/screenshot'
21:14:31.264 [AsyncHttpClient-1-8] DEBUG org.asynchttpclient.netty.handler.HttpHandler - 

Request DefaultFullHttpRequest(decodeResult: success, version: HTTP/1.1, content: EmptyByteBufBE)
GET /session/7d380c480d3a95bc8f8894881e391ab1/screenshot HTTP/1.1
User-Agent: selenium/4.1.2 (java windows)
Cache-Control: no-cache
Content-Type: application/json; charset=utf-8
host: localhost:49927
accept: */*

Response DefaultHttpResponse(decodeResult: success, version: HTTP/1.1)
HTTP/1.1 200 OK
Content-Type: application/json; charset=utf-8
cache-control: no-cache
content-length: 27452

21:14:31.265 [AsyncHttpClient-1-8] DEBUG org.asynchttpclient.netty.channel.ChannelManager - Adding key: http://localhost:49927 for channel [id: 0xfee7f827, L:/127.0.0.1:57465 - R:localhost/127.0.0.1:49927]
21:14:31.268 [main] DEBUG net.serenitybdd.core.photography.Darkroom - Send negative for processing for target\site\serenity\6b10c986f19f4796d25ced5b119b9fd6eec3ee55e90d38fdd13308223c035a8b.png
21:14:31.269 [main] DEBUG net.thucydides.core.steps.StepInterceptor - STEP DONE: openPage
21:14:31.269 [Darkroom Processing Line] DEBUG net.serenitybdd.core.photography.DarkroomProcessingLine - Processing screenshot image in /var/screenshots/screenshot-688420958933016362
21:14:31.269 [Darkroom Processing Line] DEBUG net.serenitybdd.core.photography.DarkroomProcessingLine - Saving screenshot to target\site\serenity\6b10c986f19f4796d25ced5b119b9fd6eec3ee55e90d38fdd13308223c035a8b.png
21:14:31.280 [main] DEBUG net.thucydides.core.steps.StepInterceptor - STARTING STEP: LoginSteps.onLoginPage - clickLoginIcon
21:14:31.285 [Forwarding findElement on session 7d380c480d3a95bc8f8894881e391ab1 to remote] DEBUG org.asynchttpclient.netty.request.NettyRequestSender - Using pooled Channel '[id: 0xfee7f827, L:/127.0.0.1:57465 - R:localhost/127.0.0.1:49927]' for 'POST' to 'http://localhost:49927/session/7d380c480d3a95bc8f8894881e391ab1/element'
21:14:31.285 [Forwarding findElement on session 7d380c480d3a95bc8f8894881e391ab1 to remote] DEBUG org.asynchttpclient.netty.request.NettyRequestSender - Using open Channel [id: 0xfee7f827, L:/127.0.0.1:57465 - R:localhost/127.0.0.1:49927] for POST '/session/7d380c480d3a95bc8f8894881e391ab1/element'
21:14:31.308 [AsyncHttpClient-1-8] DEBUG org.asynchttpclient.netty.handler.HttpHandler - 

Request DefaultHttpRequest(decodeResult: success, version: HTTP/1.1)
POST /session/7d380c480d3a95bc8f8894881e391ab1/element HTTP/1.1
User-Agent: selenium/4.1.2 (java windows)
Content-Length: 129
Content-Type: application/json; charset=utf-8
host: localhost:49927
accept: */*

Response DefaultHttpResponse(decodeResult: success, version: HTTP/1.1)
HTTP/1.1 200 OK
Content-Type: application/json; charset=utf-8
cache-control: no-cache
content-length: 88

21:14:31.308 [AsyncHttpClient-1-8] DEBUG org.asynchttpclient.netty.channel.ChannelManager - Adding key: http://localhost:49927 for channel [id: 0xfee7f827, L:/127.0.0.1:57465 - R:localhost/127.0.0.1:49927]
21:14:31.310 [Forwarding getElementTagName on session 7d380c480d3a95bc8f8894881e391ab1 to remote] DEBUG org.asynchttpclient.netty.request.NettyRequestSender - Using pooled Channel '[id: 0xfee7f827, L:/127.0.0.1:57465 - R:localhost/127.0.0.1:49927]' for 'GET' to 'http://localhost:49927/session/7d380c480d3a95bc8f8894881e391ab1/element/b04bd885-b0bf-459f-a318-089293291d57/name'
21:14:31.310 [Forwarding getElementTagName on session 7d380c480d3a95bc8f8894881e391ab1 to remote] DEBUG org.asynchttpclient.netty.request.NettyRequestSender - Using open Channel [id: 0xfee7f827, L:/127.0.0.1:57465 - R:localhost/127.0.0.1:49927] for GET '/session/7d380c480d3a95bc8f8894881e391ab1/element/b04bd885-b0bf-459f-a318-089293291d57/name'
21:14:31.317 [AsyncHttpClient-1-8] DEBUG org.asynchttpclient.netty.handler.HttpHandler - 

Request DefaultFullHttpRequest(decodeResult: success, version: HTTP/1.1, content: EmptyByteBufBE)
GET /session/7d380c480d3a95bc8f8894881e391ab1/element/b04bd885-b0bf-459f-a318-089293291d57/name HTTP/1.1
User-Agent: selenium/4.1.2 (java windows)
Cache-Control: no-cache
Content-Type: application/json; charset=utf-8
host: localhost:49927
accept: */*

Response DefaultHttpResponse(decodeResult: success, version: HTTP/1.1)
HTTP/1.1 200 OK
Content-Type: application/json; charset=utf-8
cache-control: no-cache
content-length: 18

21:14:31.317 [AsyncHttpClient-1-8] DEBUG org.asynchttpclient.netty.channel.ChannelManager - Adding key: http://localhost:49927 for channel [id: 0xfee7f827, L:/127.0.0.1:57465 - R:localhost/127.0.0.1:49927]
21:14:31.322 [Forwarding getElementTagName on session 7d380c480d3a95bc8f8894881e391ab1 to remote] DEBUG org.asynchttpclient.netty.request.NettyRequestSender - Using pooled Channel '[id: 0xfee7f827, L:/127.0.0.1:57465 - R:localhost/127.0.0.1:49927]' for 'GET' to 'http://localhost:49927/session/7d380c480d3a95bc8f8894881e391ab1/element/b04bd885-b0bf-459f-a318-089293291d57/name'
21:14:31.322 [Forwarding getElementTagName on session 7d380c480d3a95bc8f8894881e391ab1 to remote] DEBUG org.asynchttpclient.netty.request.NettyRequestSender - Using open Channel [id: 0xfee7f827, L:/127.0.0.1:57465 - R:localhost/127.0.0.1:49927] for GET '/session/7d380c480d3a95bc8f8894881e391ab1/element/b04bd885-b0bf-459f-a318-089293291d57/name'
21:14:31.327 [AsyncHttpClient-1-8] DEBUG org.asynchttpclient.netty.handler.HttpHandler - 

Request DefaultFullHttpRequest(decodeResult: success, version: HTTP/1.1, content: EmptyByteBufBE)
GET /session/7d380c480d3a95bc8f8894881e391ab1/element/b04bd885-b0bf-459f-a318-089293291d57/name HTTP/1.1
User-Agent: selenium/4.1.2 (java windows)
Cache-Control: no-cache
Content-Type: application/json; charset=utf-8
host: localhost:49927
accept: */*

Response DefaultHttpResponse(decodeResult: success, version: HTTP/1.1)
HTTP/1.1 200 OK
Content-Type: application/json; charset=utf-8
cache-control: no-cache
content-length: 18

21:14:31.327 [AsyncHttpClient-1-8] DEBUG org.asynchttpclient.netty.channel.ChannelManager - Adding key: http://localhost:49927 for channel [id: 0xfee7f827, L:/127.0.0.1:57465 - R:localhost/127.0.0.1:49927]
21:14:31.332 [Forwarding isElementEnabled on session 7d380c480d3a95bc8f8894881e391ab1 to remote] DEBUG org.asynchttpclient.netty.request.NettyRequestSender - Using pooled Channel '[id: 0xfee7f827, L:/127.0.0.1:57465 - R:localhost/127.0.0.1:49927]' for 'GET' to 'http://localhost:49927/session/7d380c480d3a95bc8f8894881e391ab1/element/b04bd885-b0bf-459f-a318-089293291d57/enabled'
21:14:31.332 [Forwarding isElementEnabled on session 7d380c480d3a95bc8f8894881e391ab1 to remote] DEBUG org.asynchttpclient.netty.request.NettyRequestSender - Using open Channel [id: 0xfee7f827, L:/127.0.0.1:57465 - R:localhost/127.0.0.1:49927] for GET '/session/7d380c480d3a95bc8f8894881e391ab1/element/b04bd885-b0bf-459f-a318-089293291d57/enabled'
21:14:31.347 [AsyncHttpClient-1-8] DEBUG org.asynchttpclient.netty.handler.HttpHandler - 

Request DefaultFullHttpRequest(decodeResult: success, version: HTTP/1.1, content: EmptyByteBufBE)
GET /session/7d380c480d3a95bc8f8894881e391ab1/element/b04bd885-b0bf-459f-a318-089293291d57/enabled HTTP/1.1
User-Agent: selenium/4.1.2 (java windows)
Cache-Control: no-cache
Content-Type: application/json; charset=utf-8
host: localhost:49927
accept: */*

Response DefaultHttpResponse(decodeResult: success, version: HTTP/1.1)
HTTP/1.1 200 OK
Content-Type: application/json; charset=utf-8
cache-control: no-cache
content-length: 14

21:14:31.348 [AsyncHttpClient-1-8] DEBUG org.asynchttpclient.netty.channel.ChannelManager - Adding key: http://localhost:49927 for channel [id: 0xfee7f827, L:/127.0.0.1:57465 - R:localhost/127.0.0.1:49927]
21:14:31.349 [Forwarding isElementEnabled on session 7d380c480d3a95bc8f8894881e391ab1 to remote] DEBUG org.asynchttpclient.netty.request.NettyRequestSender - Using pooled Channel '[id: 0xfee7f827, L:/127.0.0.1:57465 - R:localhost/127.0.0.1:49927]' for 'GET' to 'http://localhost:49927/session/7d380c480d3a95bc8f8894881e391ab1/element/b04bd885-b0bf-459f-a318-089293291d57/enabled'
21:14:31.349 [Forwarding isElementEnabled on session 7d380c480d3a95bc8f8894881e391ab1 to remote] DEBUG org.asynchttpclient.netty.request.NettyRequestSender - Using open Channel [id: 0xfee7f827, L:/127.0.0.1:57465 - R:localhost/127.0.0.1:49927] for GET '/session/7d380c480d3a95bc8f8894881e391ab1/element/b04bd885-b0bf-459f-a318-089293291d57/enabled'
21:14:31.360 [AsyncHttpClient-1-8] DEBUG org.asynchttpclient.netty.handler.HttpHandler - 

Request DefaultFullHttpRequest(decodeResult: success, version: HTTP/1.1, content: EmptyByteBufBE)
GET /session/7d380c480d3a95bc8f8894881e391ab1/element/b04bd885-b0bf-459f-a318-089293291d57/enabled HTTP/1.1
User-Agent: selenium/4.1.2 (java windows)
Cache-Control: no-cache
Content-Type: application/json; charset=utf-8
host: localhost:49927
accept: */*

Response DefaultHttpResponse(decodeResult: success, version: HTTP/1.1)
HTTP/1.1 200 OK
Content-Type: application/json; charset=utf-8
cache-control: no-cache
content-length: 14

21:14:31.361 [AsyncHttpClient-1-8] DEBUG org.asynchttpclient.netty.channel.ChannelManager - Adding key: http://localhost:49927 for channel [id: 0xfee7f827, L:/127.0.0.1:57465 - R:localhost/127.0.0.1:49927]
21:14:31.364 [Forwarding findElement on session 7d380c480d3a95bc8f8894881e391ab1 to remote] DEBUG org.asynchttpclient.netty.request.NettyRequestSender - Using pooled Channel '[id: 0xfee7f827, L:/127.0.0.1:57465 - R:localhost/127.0.0.1:49927]' for 'POST' to 'http://localhost:49927/session/7d380c480d3a95bc8f8894881e391ab1/element'
21:14:31.364 [Forwarding findElement on session 7d380c480d3a95bc8f8894881e391ab1 to remote] DEBUG org.asynchttpclient.netty.request.NettyRequestSender - Using open Channel [id: 0xfee7f827, L:/127.0.0.1:57465 - R:localhost/127.0.0.1:49927] for POST '/session/7d380c480d3a95bc8f8894881e391ab1/element'
21:14:31.377 [AsyncHttpClient-1-8] DEBUG org.asynchttpclient.netty.handler.HttpHandler - 

Request DefaultHttpRequest(decodeResult: success, version: HTTP/1.1)
POST /session/7d380c480d3a95bc8f8894881e391ab1/element HTTP/1.1
User-Agent: selenium/4.1.2 (java windows)
Content-Length: 129
Content-Type: application/json; charset=utf-8
host: localhost:49927
accept: */*

Response DefaultHttpResponse(decodeResult: success, version: HTTP/1.1)
HTTP/1.1 200 OK
Content-Type: application/json; charset=utf-8
cache-control: no-cache
content-length: 88

21:14:31.378 [AsyncHttpClient-1-8] DEBUG org.asynchttpclient.netty.channel.ChannelManager - Adding key: http://localhost:49927 for channel [id: 0xfee7f827, L:/127.0.0.1:57465 - R:localhost/127.0.0.1:49927]
21:14:31.385 [Forwarding clickElement on session 7d380c480d3a95bc8f8894881e391ab1 to remote] DEBUG org.asynchttpclient.netty.request.NettyRequestSender - Using pooled Channel '[id: 0xfee7f827, L:/127.0.0.1:57465 - R:localhost/127.0.0.1:49927]' for 'POST' to 'http://localhost:49927/session/7d380c480d3a95bc8f8894881e391ab1/element/b04bd885-b0bf-459f-a318-089293291d57/click'
21:14:31.385 [Forwarding clickElement on session 7d380c480d3a95bc8f8894881e391ab1 to remote] DEBUG org.asynchttpclient.netty.request.NettyRequestSender - Using open Channel [id: 0xfee7f827, L:/127.0.0.1:57465 - R:localhost/127.0.0.1:49927] for POST '/session/7d380c480d3a95bc8f8894881e391ab1/element/b04bd885-b0bf-459f-a318-089293291d57/click'
21:14:31.406 [AsyncHttpClient-1-1] DEBUG org.asynchttpclient.netty.channel.DefaultChannelPool - Entry count for : http://localhost:57466 : 1
21:14:31.844 [AsyncHttpClient-1-8] DEBUG org.asynchttpclient.netty.handler.HttpHandler - 

Request DefaultHttpRequest(decodeResult: success, version: HTTP/1.1)
POST /session/7d380c480d3a95bc8f8894881e391ab1/element/b04bd885-b0bf-459f-a318-089293291d57/click HTTP/1.1
User-Agent: selenium/4.1.2 (java windows)
Content-Length: 50
Content-Type: application/json; charset=utf-8
host: localhost:49927
accept: */*

Response DefaultHttpResponse(decodeResult: success, version: HTTP/1.1)
HTTP/1.1 200 OK
Content-Type: application/json; charset=utf-8
cache-control: no-cache
content-length: 14

21:14:31.845 [AsyncHttpClient-1-8] DEBUG org.asynchttpclient.netty.channel.ChannelManager - Adding key: http://localhost:49927 for channel [id: 0xfee7f827, L:/127.0.0.1:57465 - R:localhost/127.0.0.1:49927]
21:14:31.866 [Forwarding screenshot on session 7d380c480d3a95bc8f8894881e391ab1 to remote] DEBUG org.asynchttpclient.netty.request.NettyRequestSender - Using pooled Channel '[id: 0xfee7f827, L:/127.0.0.1:57465 - R:localhost/127.0.0.1:49927]' for 'GET' to 'http://localhost:49927/session/7d380c480d3a95bc8f8894881e391ab1/screenshot'
21:14:31.866 [Forwarding screenshot on session 7d380c480d3a95bc8f8894881e391ab1 to remote] DEBUG org.asynchttpclient.netty.request.NettyRequestSender - Using open Channel [id: 0xfee7f827, L:/127.0.0.1:57465 - R:localhost/127.0.0.1:49927] for GET '/session/7d380c480d3a95bc8f8894881e391ab1/screenshot'
21:14:32.209 [AsyncHttpClient-1-8] DEBUG org.asynchttpclient.netty.handler.HttpHandler - 

Request DefaultFullHttpRequest(decodeResult: success, version: HTTP/1.1, content: EmptyByteBufBE)
GET /session/7d380c480d3a95bc8f8894881e391ab1/screenshot HTTP/1.1
User-Agent: selenium/4.1.2 (java windows)
Cache-Control: no-cache
Content-Type: application/json; charset=utf-8
host: localhost:49927
accept: */*

Response DefaultHttpResponse(decodeResult: success, version: HTTP/1.1)
HTTP/1.1 200 OK
Content-Type: application/json; charset=utf-8
cache-control: no-cache
content-length: 26736

21:14:32.209 [AsyncHttpClient-1-8] DEBUG org.asynchttpclient.netty.channel.ChannelManager - Adding key: http://localhost:49927 for channel [id: 0xfee7f827, L:/127.0.0.1:57465 - R:localhost/127.0.0.1:49927]
21:14:32.211 [main] DEBUG net.serenitybdd.core.photography.Darkroom - Send negative for processing for target\site\serenity\bc280ee90c49691caf6aee51af8b7727012956a542e84f2e791354cb07c782a2.png
21:14:32.211 [main] DEBUG net.thucydides.core.steps.StepInterceptor - STEP DONE: clickLoginIcon
  &amp#27;[32mGiven &amp#27;[0m&amp#27;[32mi am on the login page&amp#27;[0m                            &amp#27;[90m# starter.stepdefenitions.LoginSteps.onLoginPage()&amp#27;[0m
21:14:32.211 [Darkroom Processing Line] DEBUG net.serenitybdd.core.photography.DarkroomProcessingLine - Processing screenshot image in /var/screenshots/screenshot-2407131164933441113
21:14:32.211 [Darkroom Processing Line] DEBUG net.serenitybdd.core.photography.DarkroomProcessingLine - Saving screenshot to target\site\serenity\bc280ee90c49691caf6aee51af8b7727012956a542e84f2e791354cb07c782a2.png
21:14:32.229 [main] DEBUG net.thucydides.core.steps.StepInterceptor - STARTING STEP: LoginSteps.inputValidEmail - inputEmail
21:14:32.234 [Forwarding findElement on session 7d380c480d3a95bc8f8894881e391ab1 to remote] DEBUG org.asynchttpclient.netty.request.NettyRequestSender - Using pooled Channel '[id: 0xfee7f827, L:/127.0.0.1:57465 - R:localhost/127.0.0.1:49927]' for 'POST' to 'http://localhost:49927/session/7d380c480d3a95bc8f8894881e391ab1/element'
21:14:32.234 [Forwarding findElement on session 7d380c480d3a95bc8f8894881e391ab1 to remote] DEBUG org.asynchttpclient.netty.request.NettyRequestSender - Using open Channel [id: 0xfee7f827, L:/127.0.0.1:57465 - R:localhost/127.0.0.1:49927] for POST '/session/7d380c480d3a95bc8f8894881e391ab1/element'
21:14:32.247 [AsyncHttpClient-1-8] DEBUG org.asynchttpclient.netty.handler.HttpHandler - 

Request DefaultHttpRequest(decodeResult: success, version: HTTP/1.1)
POST /session/7d380c480d3a95bc8f8894881e391ab1/element HTTP/1.1
User-Agent: selenium/4.1.2 (java windows)
Content-Length: 110
Content-Type: application/json; charset=utf-8
host: localhost:49927
accept: */*

Response DefaultHttpResponse(decodeResult: success, version: HTTP/1.1)
HTTP/1.1 200 OK
Content-Type: application/json; charset=utf-8
cache-control: no-cache
content-length: 88

21:14:32.247 [AsyncHttpClient-1-8] DEBUG org.asynchttpclient.netty.channel.ChannelManager - Adding key: http://localhost:49927 for channel [id: 0xfee7f827, L:/127.0.0.1:57465 - R:localhost/127.0.0.1:49927]
21:14:32.248 [Forwarding clearElement on session 7d380c480d3a95bc8f8894881e391ab1 to remote] DEBUG org.asynchttpclient.netty.request.NettyRequestSender - Using pooled Channel '[id: 0xfee7f827, L:/127.0.0.1:57465 - R:localhost/127.0.0.1:49927]' for 'POST' to 'http://localhost:49927/session/7d380c480d3a95bc8f8894881e391ab1/element/0a77f0a0-b4dd-4728-9b5d-58c0c068a694/clear'
21:14:32.249 [Forwarding clearElement on session 7d380c480d3a95bc8f8894881e391ab1 to remote] DEBUG org.asynchttpclient.netty.request.NettyRequestSender - Using open Channel [id: 0xfee7f827, L:/127.0.0.1:57465 - R:localhost/127.0.0.1:49927] for POST '/session/7d380c480d3a95bc8f8894881e391ab1/element/0a77f0a0-b4dd-4728-9b5d-58c0c068a694/clear'
21:14:32.283 [AsyncHttpClient-1-8] DEBUG org.asynchttpclient.netty.handler.HttpHandler - 

Request DefaultHttpRequest(decodeResult: success, version: HTTP/1.1)
POST /session/7d380c480d3a95bc8f8894881e391ab1/element/0a77f0a0-b4dd-4728-9b5d-58c0c068a694/clear HTTP/1.1
User-Agent: selenium/4.1.2 (java windows)
Content-Length: 50
Content-Type: application/json; charset=utf-8
host: localhost:49927
accept: */*

Response DefaultHttpResponse(decodeResult: success, version: HTTP/1.1)
HTTP/1.1 200 OK
Content-Type: application/json; charset=utf-8
cache-control: no-cache
content-length: 14

21:14:32.283 [AsyncHttpClient-1-8] DEBUG org.asynchttpclient.netty.channel.ChannelManager - Adding key: http://localhost:49927 for channel [id: 0xfee7f827, L:/127.0.0.1:57465 - R:localhost/127.0.0.1:49927]
21:14:32.285 [Forwarding sendKeysToElement on session 7d380c480d3a95bc8f8894881e391ab1 to remote] DEBUG org.asynchttpclient.netty.request.NettyRequestSender - Using pooled Channel '[id: 0xfee7f827, L:/127.0.0.1:57465 - R:localhost/127.0.0.1:49927]' for 'POST' to 'http://localhost:49927/session/7d380c480d3a95bc8f8894881e391ab1/element/0a77f0a0-b4dd-4728-9b5d-58c0c068a694/value'
21:14:32.285 [Forwarding sendKeysToElement on session 7d380c480d3a95bc8f8894881e391ab1 to remote] DEBUG org.asynchttpclient.netty.request.NettyRequestSender - Using open Channel [id: 0xfee7f827, L:/127.0.0.1:57465 - R:localhost/127.0.0.1:49927] for POST '/session/7d380c480d3a95bc8f8894881e391ab1/element/0a77f0a0-b4dd-4728-9b5d-58c0c068a694/value'
21:14:32.457 [AsyncHttpClient-1-8] DEBUG org.asynchttpclient.netty.handler.HttpHandler - 

Request DefaultHttpRequest(decodeResult: success, version: HTTP/1.1)
POST /session/7d380c480d3a95bc8f8894881e391ab1/element/0a77f0a0-b4dd-4728-9b5d-58c0c068a694/value HTTP/1.1
User-Agent: selenium/4.1.2 (java windows)
Content-Length: 231
Content-Type: application/json; charset=utf-8
host: localhost:49927
accept: */*

Response DefaultHttpResponse(decodeResult: success, version: HTTP/1.1)
HTTP/1.1 200 OK
Content-Type: application/json; charset=utf-8
cache-control: no-cache
content-length: 14

21:14:32.457 [AsyncHttpClient-1-8] DEBUG org.asynchttpclient.netty.channel.ChannelManager - Adding key: http://localhost:49927 for channel [id: 0xfee7f827, L:/127.0.0.1:57465 - R:localhost/127.0.0.1:49927]
21:14:32.464 [Forwarding screenshot on session 7d380c480d3a95bc8f8894881e391ab1 to remote] DEBUG org.asynchttpclient.netty.request.NettyRequestSender - Using pooled Channel '[id: 0xfee7f827, L:/127.0.0.1:57465 - R:localhost/127.0.0.1:49927]' for 'GET' to 'http://localhost:49927/session/7d380c480d3a95bc8f8894881e391ab1/screenshot'
21:14:32.464 [Forwarding screenshot on session 7d380c480d3a95bc8f8894881e391ab1 to remote] DEBUG org.asynchttpclient.netty.request.NettyRequestSender - Using open Channel [id: 0xfee7f827, L:/127.0.0.1:57465 - R:localhost/127.0.0.1:49927] for GET '/session/7d380c480d3a95bc8f8894881e391ab1/screenshot'
21:14:32.496 [AsyncHttpClient-1-1] DEBUG org.asynchttpclient.netty.channel.DefaultChannelPool - Entry count for : http://localhost:57466 : 1
21:14:32.651 [AsyncHttpClient-1-8] DEBUG org.asynchttpclient.netty.handler.HttpHandler - 

Request DefaultFullHttpRequest(decodeResult: success, version: HTTP/1.1, content: EmptyByteBufBE)
GET /session/7d380c480d3a95bc8f8894881e391ab1/screenshot HTTP/1.1
User-Agent: selenium/4.1.2 (java windows)
Cache-Control: no-cache
Content-Type: application/json; charset=utf-8
host: localhost:49927
accept: */*

Response DefaultHttpResponse(decodeResult: success, version: HTTP/1.1)
HTTP/1.1 200 OK
Content-Type: application/json; charset=utf-8
cache-control: no-cache
content-length: 30304

21:14:32.651 [AsyncHttpClient-1-8] DEBUG org.asynchttpclient.netty.channel.ChannelManager - Adding key: http://localhost:49927 for channel [id: 0xfee7f827, L:/127.0.0.1:57465 - R:localhost/127.0.0.1:49927]
21:14:32.654 [main] DEBUG net.serenitybdd.core.photography.Darkroom - Send negative for processing for target\site\serenity\2dfb648463f0dc4e481d4219ccca852fa21aef90eabb6b5a6bdcd1fa7f4c6f76.png
21:14:32.654 [main] DEBUG net.thucydides.core.steps.StepInterceptor - STEP DONE: inputEmail
  &amp#27;[32mWhen &amp#27;[0m&amp#27;[32mi input valid email&amp#27;[0m                                &amp#27;[90m# starter.stepdefenitions.LoginSteps.inputValidEmail()&amp#27;[0m
21:14:32.655 [Darkroom Processing Line] DEBUG net.serenitybdd.core.photography.DarkroomProcessingLine - Processing screenshot image in /var/screenshots/screenshot-2434984619222543478
21:14:32.655 [Darkroom Processing Line] DEBUG net.serenitybdd.core.photography.DarkroomProcessingLine - Saving screenshot to target\site\serenity\2dfb648463f0dc4e481d4219ccca852fa21aef90eabb6b5a6bdcd1fa7f4c6f76.png
21:14:32.669 [main] DEBUG net.thucydides.core.steps.StepInterceptor - STARTING STEP: LoginSteps.inputValidPassword - inputPassword
21:14:32.673 [Forwarding findElement on session 7d380c480d3a95bc8f8894881e391ab1 to remote] DEBUG org.asynchttpclient.netty.request.NettyRequestSender - Using pooled Channel '[id: 0xfee7f827, L:/127.0.0.1:57465 - R:localhost/127.0.0.1:49927]' for 'POST' to 'http://localhost:49927/session/7d380c480d3a95bc8f8894881e391ab1/element'
21:14:32.673 [Forwarding findElement on session 7d380c480d3a95bc8f8894881e391ab1 to remote] DEBUG org.asynchttpclient.netty.request.NettyRequestSender - Using open Channel [id: 0xfee7f827, L:/127.0.0.1:57465 - R:localhost/127.0.0.1:49927] for POST '/session/7d380c480d3a95bc8f8894881e391ab1/element'
21:14:32.686 [AsyncHttpClient-1-8] DEBUG org.asynchttpclient.netty.handler.HttpHandler - 

Request DefaultHttpRequest(decodeResult: success, version: HTTP/1.1)
POST /session/7d380c480d3a95bc8f8894881e391ab1/element HTTP/1.1
User-Agent: selenium/4.1.2 (java windows)
Content-Length: 113
Content-Type: application/json; charset=utf-8
host: localhost:49927
accept: */*

Response DefaultHttpResponse(decodeResult: success, version: HTTP/1.1)
HTTP/1.1 200 OK
Content-Type: application/json; charset=utf-8
cache-control: no-cache
content-length: 88

21:14:32.686 [AsyncHttpClient-1-8] DEBUG org.asynchttpclient.netty.channel.ChannelManager - Adding key: http://localhost:49927 for channel [id: 0xfee7f827, L:/127.0.0.1:57465 - R:localhost/127.0.0.1:49927]
21:14:32.687 [Forwarding clearElement on session 7d380c480d3a95bc8f8894881e391ab1 to remote] DEBUG org.asynchttpclient.netty.request.NettyRequestSender - Using pooled Channel '[id: 0xfee7f827, L:/127.0.0.1:57465 - R:localhost/127.0.0.1:49927]' for 'POST' to 'http://localhost:49927/session/7d380c480d3a95bc8f8894881e391ab1/element/6345bf73-9760-44c6-9c27-7449e58239d0/clear'
21:14:32.688 [Forwarding clearElement on session 7d380c480d3a95bc8f8894881e391ab1 to remote] DEBUG org.asynchttpclient.netty.request.NettyRequestSender - Using open Channel [id: 0xfee7f827, L:/127.0.0.1:57465 - R:localhost/127.0.0.1:49927] for POST '/session/7d380c480d3a95bc8f8894881e391ab1/element/6345bf73-9760-44c6-9c27-7449e58239d0/clear'
21:14:32.730 [AsyncHttpClient-1-8] DEBUG org.asynchttpclient.netty.handler.HttpHandler - 

Request DefaultHttpRequest(decodeResult: success, version: HTTP/1.1)
POST /session/7d380c480d3a95bc8f8894881e391ab1/element/6345bf73-9760-44c6-9c27-7449e58239d0/clear HTTP/1.1
User-Agent: selenium/4.1.2 (java windows)
Content-Length: 50
Content-Type: application/json; charset=utf-8
host: localhost:49927
accept: */*

Response DefaultHttpResponse(decodeResult: success, version: HTTP/1.1)
HTTP/1.1 200 OK
Content-Type: application/json; charset=utf-8
cache-control: no-cache
content-length: 14

21:14:32.731 [AsyncHttpClient-1-8] DEBUG org.asynchttpclient.netty.channel.ChannelManager - Adding key: http://localhost:49927 for channel [id: 0xfee7f827, L:/127.0.0.1:57465 - R:localhost/127.0.0.1:49927]
21:14:32.735 [Forwarding sendKeysToElement on session 7d380c480d3a95bc8f8894881e391ab1 to remote] DEBUG org.asynchttpclient.netty.request.NettyRequestSender - Using pooled Channel '[id: 0xfee7f827, L:/127.0.0.1:57465 - R:localhost/127.0.0.1:49927]' for 'POST' to 'http://localhost:49927/session/7d380c480d3a95bc8f8894881e391ab1/element/6345bf73-9760-44c6-9c27-7449e58239d0/value'
21:14:32.735 [Forwarding sendKeysToElement on session 7d380c480d3a95bc8f8894881e391ab1 to remote] DEBUG org.asynchttpclient.netty.request.NettyRequestSender - Using open Channel [id: 0xfee7f827, L:/127.0.0.1:57465 - R:localhost/127.0.0.1:49927] for POST '/session/7d380c480d3a95bc8f8894881e391ab1/element/6345bf73-9760-44c6-9c27-7449e58239d0/value'
21:14:32.825 [AsyncHttpClient-1-8] DEBUG org.asynchttpclient.netty.handler.HttpHandler - 

Request DefaultHttpRequest(decodeResult: success, version: HTTP/1.1)
POST /session/7d380c480d3a95bc8f8894881e391ab1/element/6345bf73-9760-44c6-9c27-7449e58239d0/value HTTP/1.1
User-Agent: selenium/4.1.2 (java windows)
Content-Length: 111
Content-Type: application/json; charset=utf-8
host: localhost:49927
accept: */*

Response DefaultHttpResponse(decodeResult: success, version: HTTP/1.1)
HTTP/1.1 200 OK
Content-Type: application/json; charset=utf-8
cache-control: no-cache
content-length: 14

21:14:32.825 [AsyncHttpClient-1-8] DEBUG org.asynchttpclient.netty.channel.ChannelManager - Adding key: http://localhost:49927 for channel [id: 0xfee7f827, L:/127.0.0.1:57465 - R:localhost/127.0.0.1:49927]
21:14:32.831 [Forwarding screenshot on session 7d380c480d3a95bc8f8894881e391ab1 to remote] DEBUG org.asynchttpclient.netty.request.NettyRequestSender - Using pooled Channel '[id: 0xfee7f827, L:/127.0.0.1:57465 - R:localhost/127.0.0.1:49927]' for 'GET' to 'http://localhost:49927/session/7d380c480d3a95bc8f8894881e391ab1/screenshot'
21:14:32.831 [Forwarding screenshot on session 7d380c480d3a95bc8f8894881e391ab1 to remote] DEBUG org.asynchttpclient.netty.request.NettyRequestSender - Using open Channel [id: 0xfee7f827, L:/127.0.0.1:57465 - R:localhost/127.0.0.1:49927] for GET '/session/7d380c480d3a95bc8f8894881e391ab1/screenshot'
21:14:33.063 [AsyncHttpClient-1-8] DEBUG org.asynchttpclient.netty.handler.HttpHandler - 

Request DefaultFullHttpRequest(decodeResult: success, version: HTTP/1.1, content: EmptyByteBufBE)
GET /session/7d380c480d3a95bc8f8894881e391ab1/screenshot HTTP/1.1
User-Agent: selenium/4.1.2 (java windows)
Cache-Control: no-cache
Content-Type: application/json; charset=utf-8
host: localhost:49927
accept: */*

Response DefaultHttpResponse(decodeResult: success, version: HTTP/1.1)
HTTP/1.1 200 OK
Content-Type: application/json; charset=utf-8
cache-control: no-cache
content-length: 30720

21:14:33.064 [AsyncHttpClient-1-8] DEBUG org.asynchttpclient.netty.channel.ChannelManager - Adding key: http://localhost:49927 for channel [id: 0xfee7f827, L:/127.0.0.1:57465 - R:localhost/127.0.0.1:49927]
21:14:33.066 [main] DEBUG net.serenitybdd.core.photography.Darkroom - Send negative for processing for target\site\serenity\c0f0e4010db561ccb91dd86ffffb7e1e3580bbfb581f8c39e82d4c988d13fef4.png
21:14:33.066 [main] DEBUG net.thucydides.core.steps.StepInterceptor - STEP DONE: inputPassword
  &amp#27;[32mAnd &amp#27;[0m&amp#27;[32mi input valid password&amp#27;[0m                              &amp#27;[90m# starter.stepdefenitions.LoginSteps.inputValidPassword()&amp#27;[0m
21:14:33.066 [Darkroom Processing Line] DEBUG net.serenitybdd.core.photography.DarkroomProcessingLine - Processing screenshot image in /var/screenshots/screenshot-8973710507309056970
21:14:33.066 [Darkroom Processing Line] DEBUG net.serenitybdd.core.photography.DarkroomProcessingLine - Saving screenshot to target\site\serenity\c0f0e4010db561ccb91dd86ffffb7e1e3580bbfb581f8c39e82d4c988d13fef4.png
21:14:33.088 [main] DEBUG net.thucydides.core.steps.StepInterceptor - STARTING STEP: LoginSteps.clickLoginButton - clickLoginButton
21:14:33.091 [Forwarding findElement on session 7d380c480d3a95bc8f8894881e391ab1 to remote] DEBUG org.asynchttpclient.netty.request.NettyRequestSender - Using pooled Channel '[id: 0xfee7f827, L:/127.0.0.1:57465 - R:localhost/127.0.0.1:49927]' for 'POST' to 'http://localhost:49927/session/7d380c480d3a95bc8f8894881e391ab1/element'
21:14:33.091 [Forwarding findElement on session 7d380c480d3a95bc8f8894881e391ab1 to remote] DEBUG org.asynchttpclient.netty.request.NettyRequestSender - Using open Channel [id: 0xfee7f827, L:/127.0.0.1:57465 - R:localhost/127.0.0.1:49927] for POST '/session/7d380c480d3a95bc8f8894881e391ab1/element'
21:14:33.109 [AsyncHttpClient-1-8] DEBUG org.asynchttpclient.netty.handler.HttpHandler - 

Request DefaultHttpRequest(decodeResult: success, version: HTTP/1.1)
POST /session/7d380c480d3a95bc8f8894881e391ab1/element HTTP/1.1
User-Agent: selenium/4.1.2 (java windows)
Content-Length: 83
Content-Type: application/json; charset=utf-8
host: localhost:49927
accept: */*

Response DefaultHttpResponse(decodeResult: success, version: HTTP/1.1)
HTTP/1.1 200 OK
Content-Type: application/json; charset=utf-8
cache-control: no-cache
content-length: 88

21:14:33.109 [AsyncHttpClient-1-8] DEBUG org.asynchttpclient.netty.channel.ChannelManager - Adding key: http://localhost:49927 for channel [id: 0xfee7f827, L:/127.0.0.1:57465 - R:localhost/127.0.0.1:49927]
21:14:33.110 [Forwarding getElementTagName on session 7d380c480d3a95bc8f8894881e391ab1 to remote] DEBUG org.asynchttpclient.netty.request.NettyRequestSender - Using pooled Channel '[id: 0xfee7f827, L:/127.0.0.1:57465 - R:localhost/127.0.0.1:49927]' for 'GET' to 'http://localhost:49927/session/7d380c480d3a95bc8f8894881e391ab1/element/b3dd4a3f-5c47-4b4e-b91a-1d5a0d22db2b/name'
21:14:33.110 [Forwarding getElementTagName on session 7d380c480d3a95bc8f8894881e391ab1 to remote] DEBUG org.asynchttpclient.netty.request.NettyRequestSender - Using open Channel [id: 0xfee7f827, L:/127.0.0.1:57465 - R:localhost/127.0.0.1:49927] for GET '/session/7d380c480d3a95bc8f8894881e391ab1/element/b3dd4a3f-5c47-4b4e-b91a-1d5a0d22db2b/name'
21:14:33.116 [AsyncHttpClient-1-8] DEBUG org.asynchttpclient.netty.handler.HttpHandler - 

Request DefaultFullHttpRequest(decodeResult: success, version: HTTP/1.1, content: EmptyByteBufBE)
GET /session/7d380c480d3a95bc8f8894881e391ab1/element/b3dd4a3f-5c47-4b4e-b91a-1d5a0d22db2b/name HTTP/1.1
User-Agent: selenium/4.1.2 (java windows)
Cache-Control: no-cache
Content-Type: application/json; charset=utf-8
host: localhost:49927
accept: */*

Response DefaultHttpResponse(decodeResult: success, version: HTTP/1.1)
HTTP/1.1 200 OK
Content-Type: application/json; charset=utf-8
cache-control: no-cache
content-length: 16

21:14:33.117 [AsyncHttpClient-1-8] DEBUG org.asynchttpclient.netty.channel.ChannelManager - Adding key: http://localhost:49927 for channel [id: 0xfee7f827, L:/127.0.0.1:57465 - R:localhost/127.0.0.1:49927]
21:14:33.119 [Forwarding getElementTagName on session 7d380c480d3a95bc8f8894881e391ab1 to remote] DEBUG org.asynchttpclient.netty.request.NettyRequestSender - Using pooled Channel '[id: 0xfee7f827, L:/127.0.0.1:57465 - R:localhost/127.0.0.1:49927]' for 'GET' to 'http://localhost:49927/session/7d380c480d3a95bc8f8894881e391ab1/element/b3dd4a3f-5c47-4b4e-b91a-1d5a0d22db2b/name'
21:14:33.119 [Forwarding getElementTagName on session 7d380c480d3a95bc8f8894881e391ab1 to remote] DEBUG org.asynchttpclient.netty.request.NettyRequestSender - Using open Channel [id: 0xfee7f827, L:/127.0.0.1:57465 - R:localhost/127.0.0.1:49927] for GET '/session/7d380c480d3a95bc8f8894881e391ab1/element/b3dd4a3f-5c47-4b4e-b91a-1d5a0d22db2b/name'
21:14:33.123 [AsyncHttpClient-1-8] DEBUG org.asynchttpclient.netty.handler.HttpHandler - 

Request DefaultFullHttpRequest(decodeResult: success, version: HTTP/1.1, content: EmptyByteBufBE)
GET /session/7d380c480d3a95bc8f8894881e391ab1/element/b3dd4a3f-5c47-4b4e-b91a-1d5a0d22db2b/name HTTP/1.1
User-Agent: selenium/4.1.2 (java windows)
Cache-Control: no-cache
Content-Type: application/json; charset=utf-8
host: localhost:49927
accept: */*

Response DefaultHttpResponse(decodeResult: success, version: HTTP/1.1)
HTTP/1.1 200 OK
Content-Type: application/json; charset=utf-8
cache-control: no-cache
content-length: 16

21:14:33.123 [AsyncHttpClient-1-8] DEBUG org.asynchttpclient.netty.channel.ChannelManager - Adding key: http://localhost:49927 for channel [id: 0xfee7f827, L:/127.0.0.1:57465 - R:localhost/127.0.0.1:49927]
21:14:33.125 [Forwarding findElement on session 7d380c480d3a95bc8f8894881e391ab1 to remote] DEBUG org.asynchttpclient.netty.request.NettyRequestSender - Using pooled Channel '[id: 0xfee7f827, L:/127.0.0.1:57465 - R:localhost/127.0.0.1:49927]' for 'POST' to 'http://localhost:49927/session/7d380c480d3a95bc8f8894881e391ab1/element'
21:14:33.125 [Forwarding findElement on session 7d380c480d3a95bc8f8894881e391ab1 to remote] DEBUG org.asynchttpclient.netty.request.NettyRequestSender - Using open Channel [id: 0xfee7f827, L:/127.0.0.1:57465 - R:localhost/127.0.0.1:49927] for POST '/session/7d380c480d3a95bc8f8894881e391ab1/element'
21:14:33.132 [AsyncHttpClient-1-8] DEBUG org.asynchttpclient.netty.handler.HttpHandler - 

Request DefaultHttpRequest(decodeResult: success, version: HTTP/1.1)
POST /session/7d380c480d3a95bc8f8894881e391ab1/element HTTP/1.1
User-Agent: selenium/4.1.2 (java windows)
Content-Length: 83
Content-Type: application/json; charset=utf-8
host: localhost:49927
accept: */*

Response DefaultHttpResponse(decodeResult: success, version: HTTP/1.1)
HTTP/1.1 200 OK
Content-Type: application/json; charset=utf-8
cache-control: no-cache
content-length: 88

21:14:33.133 [AsyncHttpClient-1-8] DEBUG org.asynchttpclient.netty.channel.ChannelManager - Adding key: http://localhost:49927 for channel [id: 0xfee7f827, L:/127.0.0.1:57465 - R:localhost/127.0.0.1:49927]
21:14:33.134 [Forwarding clickElement on session 7d380c480d3a95bc8f8894881e391ab1 to remote] DEBUG org.asynchttpclient.netty.request.NettyRequestSender - Using pooled Channel '[id: 0xfee7f827, L:/127.0.0.1:57465 - R:localhost/127.0.0.1:49927]' for 'POST' to 'http://localhost:49927/session/7d380c480d3a95bc8f8894881e391ab1/element/b3dd4a3f-5c47-4b4e-b91a-1d5a0d22db2b/click'
21:14:33.134 [Forwarding clickElement on session 7d380c480d3a95bc8f8894881e391ab1 to remote] DEBUG org.asynchttpclient.netty.request.NettyRequestSender - Using open Channel [id: 0xfee7f827, L:/127.0.0.1:57465 - R:localhost/127.0.0.1:49927] for POST '/session/7d380c480d3a95bc8f8894881e391ab1/element/b3dd4a3f-5c47-4b4e-b91a-1d5a0d22db2b/click'
21:14:33.192 [AsyncHttpClient-1-8] DEBUG org.asynchttpclient.netty.handler.HttpHandler - 

Request DefaultHttpRequest(decodeResult: success, version: HTTP/1.1)
POST /session/7d380c480d3a95bc8f8894881e391ab1/element/b3dd4a3f-5c47-4b4e-b91a-1d5a0d22db2b/click HTTP/1.1
User-Agent: selenium/4.1.2 (java windows)
Content-Length: 50
Content-Type: application/json; charset=utf-8
host: localhost:49927
accept: */*

Response DefaultHttpResponse(decodeResult: success, version: HTTP/1.1)
HTTP/1.1 200 OK
Content-Type: application/json; charset=utf-8
cache-control: no-cache
content-length: 14

21:14:33.192 [AsyncHttpClient-1-8] DEBUG org.asynchttpclient.netty.channel.ChannelManager - Adding key: http://localhost:49927 for channel [id: 0xfee7f827, L:/127.0.0.1:57465 - R:localhost/127.0.0.1:49927]
21:14:33.200 [Forwarding screenshot on session 7d380c480d3a95bc8f8894881e391ab1 to remote] DEBUG org.asynchttpclient.netty.request.NettyRequestSender - Using pooled Channel '[id: 0xfee7f827, L:/127.0.0.1:57465 - R:localhost/127.0.0.1:49927]' for 'GET' to 'http://localhost:49927/session/7d380c480d3a95bc8f8894881e391ab1/screenshot'
21:14:33.200 [Forwarding screenshot on session 7d380c480d3a95bc8f8894881e391ab1 to remote] DEBUG org.asynchttpclient.netty.request.NettyRequestSender - Using open Channel [id: 0xfee7f827, L:/127.0.0.1:57465 - R:localhost/127.0.0.1:49927] for GET '/session/7d380c480d3a95bc8f8894881e391ab1/screenshot'
21:14:33.591 [AsyncHttpClient-1-1] DEBUG org.asynchttpclient.netty.channel.DefaultChannelPool - Entry count for : http://localhost:57466 : 1
21:14:34.697 [AsyncHttpClient-1-1] DEBUG org.asynchttpclient.netty.channel.DefaultChannelPool - Entry count for : http://localhost:57466 : 1
21:14:34.786 [AsyncHttpClient-1-8] DEBUG org.asynchttpclient.netty.handler.HttpHandler - 

Request DefaultFullHttpRequest(decodeResult: success, version: HTTP/1.1, content: EmptyByteBufBE)
GET /session/7d380c480d3a95bc8f8894881e391ab1/screenshot HTTP/1.1
User-Agent: selenium/4.1.2 (java windows)
Cache-Control: no-cache
Content-Type: application/json; charset=utf-8
host: localhost:49927
accept: */*

Response DefaultHttpResponse(decodeResult: success, version: HTTP/1.1)
HTTP/1.1 200 OK
Content-Type: application/json; charset=utf-8
cache-control: no-cache
content-length: 30464

21:14:34.787 [AsyncHttpClient-1-8] DEBUG org.asynchttpclient.netty.channel.ChannelManager - Adding key: http://localhost:49927 for channel [id: 0xfee7f827, L:/127.0.0.1:57465 - R:localhost/127.0.0.1:49927]
21:14:34.791 [main] DEBUG net.serenitybdd.core.photography.Darkroom - Send negative for processing for target\site\serenity\056ba18912ee248ff356a9f258104506fbe0d29b32f5be58e38ea1d8e832d650.png
21:14:34.791 [main] DEBUG net.thucydides.core.steps.StepInterceptor - STEP DONE: clickLoginButton
  &amp#27;[32mAnd &amp#27;[0m&amp#27;[32mi click login button&amp#27;[0m                                &amp#27;[90m# starter.stepdefenitions.LoginSteps.clickLoginButton()&amp#27;[0m
21:14:34.792 [Darkroom Processing Line] DEBUG net.serenitybdd.core.photography.DarkroomProcessingLine - Processing screenshot image in /var/screenshots/screenshot-1607538671993706847
21:14:34.792 [Darkroom Processing Line] DEBUG net.serenitybdd.core.photography.DarkroomProcessingLine - Saving screenshot to target\site\serenity\056ba18912ee248ff356a9f258104506fbe0d29b32f5be58e38ea1d8e832d650.png
21:14:34.847 [Forwarding screenshot on session 7d380c480d3a95bc8f8894881e391ab1 to remote] DEBUG org.asynchttpclient.netty.request.NettyRequestSender - Using pooled Channel '[id: 0xfee7f827, L:/127.0.0.1:57465 - R:localhost/127.0.0.1:49927]' for 'GET' to 'http://localhost:49927/session/7d380c480d3a95bc8f8894881e391ab1/screenshot'
21:14:34.847 [Forwarding screenshot on session 7d380c480d3a95bc8f8894881e391ab1 to remote] DEBUG org.asynchttpclient.netty.request.NettyRequestSender - Using open Channel [id: 0xfee7f827, L:/127.0.0.1:57465 - R:localhost/127.0.0.1:49927] for GET '/session/7d380c480d3a95bc8f8894881e391ab1/screenshot'
21:14:35.091 [AsyncHttpClient-1-8] DEBUG org.asynchttpclient.netty.handler.HttpHandler - 

Request DefaultFullHttpRequest(decodeResult: success, version: HTTP/1.1, content: EmptyByteBufBE)
GET /session/7d380c480d3a95bc8f8894881e391ab1/screenshot HTTP/1.1
User-Agent: selenium/4.1.2 (java windows)
Cache-Control: no-cache
Content-Type: application/json; charset=utf-8
host: localhost:49927
accept: */*

Response DefaultHttpResponse(decodeResult: success, version: HTTP/1.1)
HTTP/1.1 200 OK
Content-Type: application/json; charset=utf-8
cache-control: no-cache
content-length: 27832

21:14:35.091 [AsyncHttpClient-1-8] DEBUG org.asynchttpclient.netty.channel.ChannelManager - Adding key: http://localhost:49927 for channel [id: 0xfee7f827, L:/127.0.0.1:57465 - R:localhost/127.0.0.1:49927]
21:14:35.096 [main] DEBUG net.serenitybdd.core.photography.Darkroom - Send negative for processing for target\site\serenity\beb4ee8386510d687829b956d6c9eb204702f47f87928bfef1a20fa7491336c3.png
21:14:35.097 [main] DEBUG net.thucydides.core.steps.StepInterceptor - STARTING STEP: TransactionSteps.userClickItems - clickItems
21:14:35.097 [Darkroom Processing Line] DEBUG net.serenitybdd.core.photography.DarkroomProcessingLine - Processing screenshot image in /var/screenshots/screenshot-8968980215948868826
21:14:35.097 [Darkroom Processing Line] DEBUG net.serenitybdd.core.photography.DarkroomProcessingLine - Saving screenshot to target\site\serenity\beb4ee8386510d687829b956d6c9eb204702f47f87928bfef1a20fa7491336c3.png
21:14:35.103 [Forwarding findElement on session 7d380c480d3a95bc8f8894881e391ab1 to remote] DEBUG org.asynchttpclient.netty.request.NettyRequestSender - Using pooled Channel '[id: 0xfee7f827, L:/127.0.0.1:57465 - R:localhost/127.0.0.1:49927]' for 'POST' to 'http://localhost:49927/session/7d380c480d3a95bc8f8894881e391ab1/element'
21:14:35.103 [Forwarding findElement on session 7d380c480d3a95bc8f8894881e391ab1 to remote] DEBUG org.asynchttpclient.netty.request.NettyRequestSender - Using open Channel [id: 0xfee7f827, L:/127.0.0.1:57465 - R:localhost/127.0.0.1:49927] for POST '/session/7d380c480d3a95bc8f8894881e391ab1/element'
21:14:35.790 [AsyncHttpClient-1-1] DEBUG org.asynchttpclient.netty.channel.DefaultChannelPool - Entry count for : http://localhost:57466 : 1
21:14:36.890 [AsyncHttpClient-1-1] DEBUG org.asynchttpclient.netty.channel.DefaultChannelPool - Entry count for : http://localhost:57466 : 1
21:14:37.779 [AsyncHttpClient-1-8] DEBUG org.asynchttpclient.netty.handler.HttpHandler - 

Request DefaultHttpRequest(decodeResult: success, version: HTTP/1.1)
POST /session/7d380c480d3a95bc8f8894881e391ab1/element HTTP/1.1
User-Agent: selenium/4.1.2 (java windows)
Content-Length: 150
Content-Type: application/json; charset=utf-8
host: localhost:49927
accept: */*

Response DefaultHttpResponse(decodeResult: success, version: HTTP/1.1)
HTTP/1.1 200 OK
Content-Type: application/json; charset=utf-8
cache-control: no-cache
content-length: 88

21:14:37.780 [AsyncHttpClient-1-8] DEBUG org.asynchttpclient.netty.channel.ChannelManager - Adding key: http://localhost:49927 for channel [id: 0xfee7f827, L:/127.0.0.1:57465 - R:localhost/127.0.0.1:49927]
21:14:37.782 [Forwarding getElementTagName on session 7d380c480d3a95bc8f8894881e391ab1 to remote] DEBUG org.asynchttpclient.netty.request.NettyRequestSender - Using pooled Channel '[id: 0xfee7f827, L:/127.0.0.1:57465 - R:localhost/127.0.0.1:49927]' for 'GET' to 'http://localhost:49927/session/7d380c480d3a95bc8f8894881e391ab1/element/316882f0-6006-445d-bf5a-452e883dfbca/name'
21:14:37.782 [Forwarding getElementTagName on session 7d380c480d3a95bc8f8894881e391ab1 to remote] DEBUG org.asynchttpclient.netty.request.NettyRequestSender - Using open Channel [id: 0xfee7f827, L:/127.0.0.1:57465 - R:localhost/127.0.0.1:49927] for GET '/session/7d380c480d3a95bc8f8894881e391ab1/element/316882f0-6006-445d-bf5a-452e883dfbca/name'
21:14:37.804 [AsyncHttpClient-1-8] DEBUG org.asynchttpclient.netty.handler.HttpHandler - 

Request DefaultFullHttpRequest(decodeResult: success, version: HTTP/1.1, content: EmptyByteBufBE)
GET /session/7d380c480d3a95bc8f8894881e391ab1/element/316882f0-6006-445d-bf5a-452e883dfbca/name HTTP/1.1
User-Agent: selenium/4.1.2 (java windows)
Cache-Control: no-cache
Content-Type: application/json; charset=utf-8
host: localhost:49927
accept: */*

Response DefaultHttpResponse(decodeResult: success, version: HTTP/1.1)
HTTP/1.1 200 OK
Content-Type: application/json; charset=utf-8
cache-control: no-cache
content-length: 18

21:14:37.804 [AsyncHttpClient-1-8] DEBUG org.asynchttpclient.netty.channel.ChannelManager - Adding key: http://localhost:49927 for channel [id: 0xfee7f827, L:/127.0.0.1:57465 - R:localhost/127.0.0.1:49927]
21:14:37.806 [Forwarding getElementTagName on session 7d380c480d3a95bc8f8894881e391ab1 to remote] DEBUG org.asynchttpclient.netty.request.NettyRequestSender - Using pooled Channel '[id: 0xfee7f827, L:/127.0.0.1:57465 - R:localhost/127.0.0.1:49927]' for 'GET' to 'http://localhost:49927/session/7d380c480d3a95bc8f8894881e391ab1/element/316882f0-6006-445d-bf5a-452e883dfbca/name'
21:14:37.806 [Forwarding getElementTagName on session 7d380c480d3a95bc8f8894881e391ab1 to remote] DEBUG org.asynchttpclient.netty.request.NettyRequestSender - Using open Channel [id: 0xfee7f827, L:/127.0.0.1:57465 - R:localhost/127.0.0.1:49927] for GET '/session/7d380c480d3a95bc8f8894881e391ab1/element/316882f0-6006-445d-bf5a-452e883dfbca/name'
21:14:37.810 [AsyncHttpClient-1-8] DEBUG org.asynchttpclient.netty.handler.HttpHandler - 

Request DefaultFullHttpRequest(decodeResult: success, version: HTTP/1.1, content: EmptyByteBufBE)
GET /session/7d380c480d3a95bc8f8894881e391ab1/element/316882f0-6006-445d-bf5a-452e883dfbca/name HTTP/1.1
User-Agent: selenium/4.1.2 (java windows)
Cache-Control: no-cache
Content-Type: application/json; charset=utf-8
host: localhost:49927
accept: */*

Response DefaultHttpResponse(decodeResult: success, version: HTTP/1.1)
HTTP/1.1 200 OK
Content-Type: application/json; charset=utf-8
cache-control: no-cache
content-length: 18

21:14:37.810 [AsyncHttpClient-1-8] DEBUG org.asynchttpclient.netty.channel.ChannelManager - Adding key: http://localhost:49927 for channel [id: 0xfee7f827, L:/127.0.0.1:57465 - R:localhost/127.0.0.1:49927]
21:14:37.813 [Forwarding isElementEnabled on session 7d380c480d3a95bc8f8894881e391ab1 to remote] DEBUG org.asynchttpclient.netty.request.NettyRequestSender - Using pooled Channel '[id: 0xfee7f827, L:/127.0.0.1:57465 - R:localhost/127.0.0.1:49927]' for 'GET' to 'http://localhost:49927/session/7d380c480d3a95bc8f8894881e391ab1/element/316882f0-6006-445d-bf5a-452e883dfbca/enabled'
21:14:37.814 [Forwarding isElementEnabled on session 7d380c480d3a95bc8f8894881e391ab1 to remote] DEBUG org.asynchttpclient.netty.request.NettyRequestSender - Using open Channel [id: 0xfee7f827, L:/127.0.0.1:57465 - R:localhost/127.0.0.1:49927] for GET '/session/7d380c480d3a95bc8f8894881e391ab1/element/316882f0-6006-445d-bf5a-452e883dfbca/enabled'
21:14:37.825 [AsyncHttpClient-1-8] DEBUG org.asynchttpclient.netty.handler.HttpHandler - 

Request DefaultFullHttpRequest(decodeResult: success, version: HTTP/1.1, content: EmptyByteBufBE)
GET /session/7d380c480d3a95bc8f8894881e391ab1/element/316882f0-6006-445d-bf5a-452e883dfbca/enabled HTTP/1.1
User-Agent: selenium/4.1.2 (java windows)
Cache-Control: no-cache
Content-Type: application/json; charset=utf-8
host: localhost:49927
accept: */*

Response DefaultHttpResponse(decodeResult: success, version: HTTP/1.1)
HTTP/1.1 200 OK
Content-Type: application/json; charset=utf-8
cache-control: no-cache
content-length: 14

21:14:37.826 [AsyncHttpClient-1-8] DEBUG org.asynchttpclient.netty.channel.ChannelManager - Adding key: http://localhost:49927 for channel [id: 0xfee7f827, L:/127.0.0.1:57465 - R:localhost/127.0.0.1:49927]
21:14:37.827 [Forwarding isElementEnabled on session 7d380c480d3a95bc8f8894881e391ab1 to remote] DEBUG org.asynchttpclient.netty.request.NettyRequestSender - Using pooled Channel '[id: 0xfee7f827, L:/127.0.0.1:57465 - R:localhost/127.0.0.1:49927]' for 'GET' to 'http://localhost:49927/session/7d380c480d3a95bc8f8894881e391ab1/element/316882f0-6006-445d-bf5a-452e883dfbca/enabled'
21:14:37.827 [Forwarding isElementEnabled on session 7d380c480d3a95bc8f8894881e391ab1 to remote] DEBUG org.asynchttpclient.netty.request.NettyRequestSender - Using open Channel [id: 0xfee7f827, L:/127.0.0.1:57465 - R:localhost/127.0.0.1:49927] for GET '/session/7d380c480d3a95bc8f8894881e391ab1/element/316882f0-6006-445d-bf5a-452e883dfbca/enabled'
21:14:37.835 [AsyncHttpClient-1-8] DEBUG org.asynchttpclient.netty.handler.HttpHandler - 

Request DefaultFullHttpRequest(decodeResult: success, version: HTTP/1.1, content: EmptyByteBufBE)
GET /session/7d380c480d3a95bc8f8894881e391ab1/element/316882f0-6006-445d-bf5a-452e883dfbca/enabled HTTP/1.1
User-Agent: selenium/4.1.2 (java windows)
Cache-Control: no-cache
Content-Type: application/json; charset=utf-8
host: localhost:49927
accept: */*

Response DefaultHttpResponse(decodeResult: success, version: HTTP/1.1)
HTTP/1.1 200 OK
Content-Type: application/json; charset=utf-8
cache-control: no-cache
content-length: 14

21:14:37.835 [AsyncHttpClient-1-8] DEBUG org.asynchttpclient.netty.channel.ChannelManager - Adding key: http://localhost:49927 for channel [id: 0xfee7f827, L:/127.0.0.1:57465 - R:localhost/127.0.0.1:49927]
21:14:37.839 [Forwarding findElement on session 7d380c480d3a95bc8f8894881e391ab1 to remote] DEBUG org.asynchttpclient.netty.request.NettyRequestSender - Using pooled Channel '[id: 0xfee7f827, L:/127.0.0.1:57465 - R:localhost/127.0.0.1:49927]' for 'POST' to 'http://localhost:49927/session/7d380c480d3a95bc8f8894881e391ab1/element'
21:14:37.839 [Forwarding findElement on session 7d380c480d3a95bc8f8894881e391ab1 to remote] DEBUG org.asynchttpclient.netty.request.NettyRequestSender - Using open Channel [id: 0xfee7f827, L:/127.0.0.1:57465 - R:localhost/127.0.0.1:49927] for POST '/session/7d380c480d3a95bc8f8894881e391ab1/element'
21:14:37.856 [AsyncHttpClient-1-8] DEBUG org.asynchttpclient.netty.handler.HttpHandler - 

Request DefaultHttpRequest(decodeResult: success, version: HTTP/1.1)
POST /session/7d380c480d3a95bc8f8894881e391ab1/element HTTP/1.1
User-Agent: selenium/4.1.2 (java windows)
Content-Length: 150
Content-Type: application/json; charset=utf-8
host: localhost:49927
accept: */*

Response DefaultHttpResponse(decodeResult: success, version: HTTP/1.1)
HTTP/1.1 200 OK
Content-Type: application/json; charset=utf-8
cache-control: no-cache
content-length: 88

21:14:37.856 [AsyncHttpClient-1-8] DEBUG org.asynchttpclient.netty.channel.ChannelManager - Adding key: http://localhost:49927 for channel [id: 0xfee7f827, L:/127.0.0.1:57465 - R:localhost/127.0.0.1:49927]
21:14:37.858 [Forwarding clickElement on session 7d380c480d3a95bc8f8894881e391ab1 to remote] DEBUG org.asynchttpclient.netty.request.NettyRequestSender - Using pooled Channel '[id: 0xfee7f827, L:/127.0.0.1:57465 - R:localhost/127.0.0.1:49927]' for 'POST' to 'http://localhost:49927/session/7d380c480d3a95bc8f8894881e391ab1/element/316882f0-6006-445d-bf5a-452e883dfbca/click'
21:14:37.858 [Forwarding clickElement on session 7d380c480d3a95bc8f8894881e391ab1 to remote] DEBUG org.asynchttpclient.netty.request.NettyRequestSender - Using open Channel [id: 0xfee7f827, L:/127.0.0.1:57465 - R:localhost/127.0.0.1:49927] for POST '/session/7d380c480d3a95bc8f8894881e391ab1/element/316882f0-6006-445d-bf5a-452e883dfbca/click'
21:14:37.993 [AsyncHttpClient-1-8] DEBUG org.asynchttpclient.netty.handler.HttpHandler - 

Request DefaultHttpRequest(decodeResult: success, version: HTTP/1.1)
POST /session/7d380c480d3a95bc8f8894881e391ab1/element/316882f0-6006-445d-bf5a-452e883dfbca/click HTTP/1.1
User-Agent: selenium/4.1.2 (java windows)
Content-Length: 50
Content-Type: application/json; charset=utf-8
host: localhost:49927
accept: */*

Response DefaultHttpResponse(decodeResult: success, version: HTTP/1.1)
HTTP/1.1 200 OK
Content-Type: application/json; charset=utf-8
cache-control: no-cache
content-length: 14

21:14:37.994 [AsyncHttpClient-1-8] DEBUG org.asynchttpclient.netty.channel.ChannelManager - Adding key: http://localhost:49927 for channel [id: 0xfee7f827, L:/127.0.0.1:57465 - R:localhost/127.0.0.1:49927]
21:14:37.995 [AsyncHttpClient-1-1] DEBUG org.asynchttpclient.netty.channel.DefaultChannelPool - Entry count for : http://localhost:49927 : 1
21:14:37.995 [AsyncHttpClient-1-1] DEBUG org.asynchttpclient.netty.channel.DefaultChannelPool - Entry count for : http://localhost:57466 : 1
21:14:38.005 [Forwarding screenshot on session 7d380c480d3a95bc8f8894881e391ab1 to remote] DEBUG org.asynchttpclient.netty.request.NettyRequestSender - Using pooled Channel '[id: 0xfee7f827, L:/127.0.0.1:57465 - R:localhost/127.0.0.1:49927]' for 'GET' to 'http://localhost:49927/session/7d380c480d3a95bc8f8894881e391ab1/screenshot'
21:14:38.005 [Forwarding screenshot on session 7d380c480d3a95bc8f8894881e391ab1 to remote] DEBUG org.asynchttpclient.netty.request.NettyRequestSender - Using open Channel [id: 0xfee7f827, L:/127.0.0.1:57465 - R:localhost/127.0.0.1:49927] for GET '/session/7d380c480d3a95bc8f8894881e391ab1/screenshot'
21:14:38.249 [AsyncHttpClient-1-8] DEBUG org.asynchttpclient.netty.handler.HttpHandler - 

Request DefaultFullHttpRequest(decodeResult: success, version: HTTP/1.1, content: EmptyByteBufBE)
GET /session/7d380c480d3a95bc8f8894881e391ab1/screenshot HTTP/1.1
User-Agent: selenium/4.1.2 (java windows)
Cache-Control: no-cache
Content-Type: application/json; charset=utf-8
host: localhost:49927
accept: */*

Response DefaultHttpResponse(decodeResult: success, version: HTTP/1.1)
HTTP/1.1 200 OK
Content-Type: application/json; charset=utf-8
cache-control: no-cache
content-length: 90032

21:14:38.250 [AsyncHttpClient-1-8] DEBUG org.asynchttpclient.netty.channel.ChannelManager - Adding key: http://localhost:49927 for channel [id: 0xfee7f827, L:/127.0.0.1:57465 - R:localhost/127.0.0.1:49927]
21:14:38.257 [main] DEBUG net.serenitybdd.core.photography.Darkroom - Send negative for processing for target\site\serenity\f4072befa16ec57fd5cf564c8e1113fa56693219ad31818fda2a3f6da5e7c3c3.png
21:14:38.257 [main] DEBUG net.thucydides.core.steps.StepInterceptor - STEP DONE: clickItems
21:14:38.257 [Darkroom Processing Line] DEBUG net.serenitybdd.core.photography.DarkroomProcessingLine - Processing screenshot image in /var/screenshots/screenshot-5860196837201675587
21:14:38.257 [Darkroom Processing Line] DEBUG net.serenitybdd.core.photography.DarkroomProcessingLine - Saving screenshot to target\site\serenity\f4072befa16ec57fd5cf564c8e1113fa56693219ad31818fda2a3f6da5e7c3c3.png
21:14:38.273 [main] DEBUG net.thucydides.core.steps.StepInterceptor - STARTING STEP: TransactionSteps.userClickItems - clickItems
21:14:38.278 [Forwarding findElement on session 7d380c480d3a95bc8f8894881e391ab1 to remote] DEBUG org.asynchttpclient.netty.request.NettyRequestSender - Using pooled Channel '[id: 0xfee7f827, L:/127.0.0.1:57465 - R:localhost/127.0.0.1:49927]' for 'POST' to 'http://localhost:49927/session/7d380c480d3a95bc8f8894881e391ab1/element'
21:14:38.278 [Forwarding findElement on session 7d380c480d3a95bc8f8894881e391ab1 to remote] DEBUG org.asynchttpclient.netty.request.NettyRequestSender - Using open Channel [id: 0xfee7f827, L:/127.0.0.1:57465 - R:localhost/127.0.0.1:49927] for POST '/session/7d380c480d3a95bc8f8894881e391ab1/element'
21:14:38.335 [AsyncHttpClient-1-8] DEBUG org.asynchttpclient.netty.handler.HttpHandler - 

Request DefaultHttpRequest(decodeResult: success, version: HTTP/1.1)
POST /session/7d380c480d3a95bc8f8894881e391ab1/element HTTP/1.1
User-Agent: selenium/4.1.2 (java windows)
Content-Length: 150
Content-Type: application/json; charset=utf-8
host: localhost:49927
accept: */*

Response DefaultHttpResponse(decodeResult: success, version: HTTP/1.1)
HTTP/1.1 200 OK
Content-Type: application/json; charset=utf-8
cache-control: no-cache
content-length: 88

21:14:38.335 [AsyncHttpClient-1-8] DEBUG org.asynchttpclient.netty.channel.ChannelManager - Adding key: http://localhost:49927 for channel [id: 0xfee7f827, L:/127.0.0.1:57465 - R:localhost/127.0.0.1:49927]
21:14:38.337 [Forwarding getElementTagName on session 7d380c480d3a95bc8f8894881e391ab1 to remote] DEBUG org.asynchttpclient.netty.request.NettyRequestSender - Using pooled Channel '[id: 0xfee7f827, L:/127.0.0.1:57465 - R:localhost/127.0.0.1:49927]' for 'GET' to 'http://localhost:49927/session/7d380c480d3a95bc8f8894881e391ab1/element/316882f0-6006-445d-bf5a-452e883dfbca/name'
21:14:38.337 [Forwarding getElementTagName on session 7d380c480d3a95bc8f8894881e391ab1 to remote] DEBUG org.asynchttpclient.netty.request.NettyRequestSender - Using open Channel [id: 0xfee7f827, L:/127.0.0.1:57465 - R:localhost/127.0.0.1:49927] for GET '/session/7d380c480d3a95bc8f8894881e391ab1/element/316882f0-6006-445d-bf5a-452e883dfbca/name'
21:14:38.346 [AsyncHttpClient-1-8] DEBUG org.asynchttpclient.netty.handler.HttpHandler - 

Request DefaultFullHttpRequest(decodeResult: success, version: HTTP/1.1, content: EmptyByteBufBE)
GET /session/7d380c480d3a95bc8f8894881e391ab1/element/316882f0-6006-445d-bf5a-452e883dfbca/name HTTP/1.1
User-Agent: selenium/4.1.2 (java windows)
Cache-Control: no-cache
Content-Type: application/json; charset=utf-8
host: localhost:49927
accept: */*

Response DefaultHttpResponse(decodeResult: success, version: HTTP/1.1)
HTTP/1.1 200 OK
Content-Type: application/json; charset=utf-8
cache-control: no-cache
content-length: 18

21:14:38.347 [AsyncHttpClient-1-8] DEBUG org.asynchttpclient.netty.channel.ChannelManager - Adding key: http://localhost:49927 for channel [id: 0xfee7f827, L:/127.0.0.1:57465 - R:localhost/127.0.0.1:49927]
21:14:38.349 [Forwarding getElementTagName on session 7d380c480d3a95bc8f8894881e391ab1 to remote] DEBUG org.asynchttpclient.netty.request.NettyRequestSender - Using pooled Channel '[id: 0xfee7f827, L:/127.0.0.1:57465 - R:localhost/127.0.0.1:49927]' for 'GET' to 'http://localhost:49927/session/7d380c480d3a95bc8f8894881e391ab1/element/316882f0-6006-445d-bf5a-452e883dfbca/name'
21:14:38.349 [Forwarding getElementTagName on session 7d380c480d3a95bc8f8894881e391ab1 to remote] DEBUG org.asynchttpclient.netty.request.NettyRequestSender - Using open Channel [id: 0xfee7f827, L:/127.0.0.1:57465 - R:localhost/127.0.0.1:49927] for GET '/session/7d380c480d3a95bc8f8894881e391ab1/element/316882f0-6006-445d-bf5a-452e883dfbca/name'
21:14:38.355 [AsyncHttpClient-1-8] DEBUG org.asynchttpclient.netty.handler.HttpHandler - 

Request DefaultFullHttpRequest(decodeResult: success, version: HTTP/1.1, content: EmptyByteBufBE)
GET /session/7d380c480d3a95bc8f8894881e391ab1/element/316882f0-6006-445d-bf5a-452e883dfbca/name HTTP/1.1
User-Agent: selenium/4.1.2 (java windows)
Cache-Control: no-cache
Content-Type: application/json; charset=utf-8
host: localhost:49927
accept: */*

Response DefaultHttpResponse(decodeResult: success, version: HTTP/1.1)
HTTP/1.1 200 OK
Content-Type: application/json; charset=utf-8
cache-control: no-cache
content-length: 18

21:14:38.355 [AsyncHttpClient-1-8] DEBUG org.asynchttpclient.netty.channel.ChannelManager - Adding key: http://localhost:49927 for channel [id: 0xfee7f827, L:/127.0.0.1:57465 - R:localhost/127.0.0.1:49927]
21:14:38.360 [Forwarding isElementEnabled on session 7d380c480d3a95bc8f8894881e391ab1 to remote] DEBUG org.asynchttpclient.netty.request.NettyRequestSender - Using pooled Channel '[id: 0xfee7f827, L:/127.0.0.1:57465 - R:localhost/127.0.0.1:49927]' for 'GET' to 'http://localhost:49927/session/7d380c480d3a95bc8f8894881e391ab1/element/316882f0-6006-445d-bf5a-452e883dfbca/enabled'
21:14:38.360 [Forwarding isElementEnabled on session 7d380c480d3a95bc8f8894881e391ab1 to remote] DEBUG org.asynchttpclient.netty.request.NettyRequestSender - Using open Channel [id: 0xfee7f827, L:/127.0.0.1:57465 - R:localhost/127.0.0.1:49927] for GET '/session/7d380c480d3a95bc8f8894881e391ab1/element/316882f0-6006-445d-bf5a-452e883dfbca/enabled'
21:14:38.371 [AsyncHttpClient-1-8] DEBUG org.asynchttpclient.netty.handler.HttpHandler - 

Request DefaultFullHttpRequest(decodeResult: success, version: HTTP/1.1, content: EmptyByteBufBE)
GET /session/7d380c480d3a95bc8f8894881e391ab1/element/316882f0-6006-445d-bf5a-452e883dfbca/enabled HTTP/1.1
User-Agent: selenium/4.1.2 (java windows)
Cache-Control: no-cache
Content-Type: application/json; charset=utf-8
host: localhost:49927
accept: */*

Response DefaultHttpResponse(decodeResult: success, version: HTTP/1.1)
HTTP/1.1 200 OK
Content-Type: application/json; charset=utf-8
cache-control: no-cache
content-length: 14

21:14:38.371 [AsyncHttpClient-1-8] DEBUG org.asynchttpclient.netty.channel.ChannelManager - Adding key: http://localhost:49927 for channel [id: 0xfee7f827, L:/127.0.0.1:57465 - R:localhost/127.0.0.1:49927]
21:14:38.373 [Forwarding isElementEnabled on session 7d380c480d3a95bc8f8894881e391ab1 to remote] DEBUG org.asynchttpclient.netty.request.NettyRequestSender - Using pooled Channel '[id: 0xfee7f827, L:/127.0.0.1:57465 - R:localhost/127.0.0.1:49927]' for 'GET' to 'http://localhost:49927/session/7d380c480d3a95bc8f8894881e391ab1/element/316882f0-6006-445d-bf5a-452e883dfbca/enabled'
21:14:38.373 [Forwarding isElementEnabled on session 7d380c480d3a95bc8f8894881e391ab1 to remote] DEBUG org.asynchttpclient.netty.request.NettyRequestSender - Using open Channel [id: 0xfee7f827, L:/127.0.0.1:57465 - R:localhost/127.0.0.1:49927] for GET '/session/7d380c480d3a95bc8f8894881e391ab1/element/316882f0-6006-445d-bf5a-452e883dfbca/enabled'
21:14:38.380 [AsyncHttpClient-1-8] DEBUG org.asynchttpclient.netty.handler.HttpHandler - 

Request DefaultFullHttpRequest(decodeResult: success, version: HTTP/1.1, content: EmptyByteBufBE)
GET /session/7d380c480d3a95bc8f8894881e391ab1/element/316882f0-6006-445d-bf5a-452e883dfbca/enabled HTTP/1.1
User-Agent: selenium/4.1.2 (java windows)
Cache-Control: no-cache
Content-Type: application/json; charset=utf-8
host: localhost:49927
accept: */*

Response DefaultHttpResponse(decodeResult: success, version: HTTP/1.1)
HTTP/1.1 200 OK
Content-Type: application/json; charset=utf-8
cache-control: no-cache
content-length: 14

21:14:38.381 [AsyncHttpClient-1-8] DEBUG org.asynchttpclient.netty.channel.ChannelManager - Adding key: http://localhost:49927 for channel [id: 0xfee7f827, L:/127.0.0.1:57465 - R:localhost/127.0.0.1:49927]
21:14:38.385 [Forwarding findElement on session 7d380c480d3a95bc8f8894881e391ab1 to remote] DEBUG org.asynchttpclient.netty.request.NettyRequestSender - Using pooled Channel '[id: 0xfee7f827, L:/127.0.0.1:57465 - R:localhost/127.0.0.1:49927]' for 'POST' to 'http://localhost:49927/session/7d380c480d3a95bc8f8894881e391ab1/element'
21:14:38.385 [Forwarding findElement on session 7d380c480d3a95bc8f8894881e391ab1 to remote] DEBUG org.asynchttpclient.netty.request.NettyRequestSender - Using open Channel [id: 0xfee7f827, L:/127.0.0.1:57465 - R:localhost/127.0.0.1:49927] for POST '/session/7d380c480d3a95bc8f8894881e391ab1/element'
21:14:38.401 [AsyncHttpClient-1-8] DEBUG org.asynchttpclient.netty.handler.HttpHandler - 

Request DefaultHttpRequest(decodeResult: success, version: HTTP/1.1)
POST /session/7d380c480d3a95bc8f8894881e391ab1/element HTTP/1.1
User-Agent: selenium/4.1.2 (java windows)
Content-Length: 150
Content-Type: application/json; charset=utf-8
host: localhost:49927
accept: */*

Response DefaultHttpResponse(decodeResult: success, version: HTTP/1.1)
HTTP/1.1 200 OK
Content-Type: application/json; charset=utf-8
cache-control: no-cache
content-length: 88

21:14:38.402 [AsyncHttpClient-1-8] DEBUG org.asynchttpclient.netty.channel.ChannelManager - Adding key: http://localhost:49927 for channel [id: 0xfee7f827, L:/127.0.0.1:57465 - R:localhost/127.0.0.1:49927]
21:14:38.404 [Forwarding clickElement on session 7d380c480d3a95bc8f8894881e391ab1 to remote] DEBUG org.asynchttpclient.netty.request.NettyRequestSender - Using pooled Channel '[id: 0xfee7f827, L:/127.0.0.1:57465 - R:localhost/127.0.0.1:49927]' for 'POST' to 'http://localhost:49927/session/7d380c480d3a95bc8f8894881e391ab1/element/316882f0-6006-445d-bf5a-452e883dfbca/click'
21:14:38.404 [Forwarding clickElement on session 7d380c480d3a95bc8f8894881e391ab1 to remote] DEBUG org.asynchttpclient.netty.request.NettyRequestSender - Using open Channel [id: 0xfee7f827, L:/127.0.0.1:57465 - R:localhost/127.0.0.1:49927] for POST '/session/7d380c480d3a95bc8f8894881e391ab1/element/316882f0-6006-445d-bf5a-452e883dfbca/click'
21:14:38.496 [AsyncHttpClient-1-8] DEBUG org.asynchttpclient.netty.handler.HttpHandler - 

Request DefaultHttpRequest(decodeResult: success, version: HTTP/1.1)
POST /session/7d380c480d3a95bc8f8894881e391ab1/element/316882f0-6006-445d-bf5a-452e883dfbca/click HTTP/1.1
User-Agent: selenium/4.1.2 (java windows)
Content-Length: 50
Content-Type: application/json; charset=utf-8
host: localhost:49927
accept: */*

Response DefaultHttpResponse(decodeResult: success, version: HTTP/1.1)
HTTP/1.1 200 OK
Content-Type: application/json; charset=utf-8
cache-control: no-cache
content-length: 14

21:14:38.496 [AsyncHttpClient-1-8] DEBUG org.asynchttpclient.netty.channel.ChannelManager - Adding key: http://localhost:49927 for channel [id: 0xfee7f827, L:/127.0.0.1:57465 - R:localhost/127.0.0.1:49927]
21:14:38.501 [Forwarding screenshot on session 7d380c480d3a95bc8f8894881e391ab1 to remote] DEBUG org.asynchttpclient.netty.request.NettyRequestSender - Using pooled Channel '[id: 0xfee7f827, L:/127.0.0.1:57465 - R:localhost/127.0.0.1:49927]' for 'GET' to 'http://localhost:49927/session/7d380c480d3a95bc8f8894881e391ab1/screenshot'
21:14:38.501 [Forwarding screenshot on session 7d380c480d3a95bc8f8894881e391ab1 to remote] DEBUG org.asynchttpclient.netty.request.NettyRequestSender - Using open Channel [id: 0xfee7f827, L:/127.0.0.1:57465 - R:localhost/127.0.0.1:49927] for GET '/session/7d380c480d3a95bc8f8894881e391ab1/screenshot'
21:14:38.724 [AsyncHttpClient-1-8] DEBUG org.asynchttpclient.netty.handler.HttpHandler - 

Request DefaultFullHttpRequest(decodeResult: success, version: HTTP/1.1, content: EmptyByteBufBE)
GET /session/7d380c480d3a95bc8f8894881e391ab1/screenshot HTTP/1.1
User-Agent: selenium/4.1.2 (java windows)
Cache-Control: no-cache
Content-Type: application/json; charset=utf-8
host: localhost:49927
accept: */*

Response DefaultHttpResponse(decodeResult: success, version: HTTP/1.1)
HTTP/1.1 200 OK
Content-Type: application/json; charset=utf-8
cache-control: no-cache
content-length: 89892

21:14:38.725 [AsyncHttpClient-1-8] DEBUG org.asynchttpclient.netty.channel.ChannelManager - Adding key: http://localhost:49927 for channel [id: 0xfee7f827, L:/127.0.0.1:57465 - R:localhost/127.0.0.1:49927]
21:14:38.732 [main] DEBUG net.serenitybdd.core.photography.Darkroom - Send negative for processing for target\site\serenity\9e6898b89105437632c92ea0dd2e65dc5ced81d8f3de1c4bb2012d8b237d3321.png
21:14:38.733 [main] DEBUG net.thucydides.core.steps.StepInterceptor - STEP DONE: clickItems
21:14:38.733 [Darkroom Processing Line] DEBUG net.serenitybdd.core.photography.DarkroomProcessingLine - Processing screenshot image in /var/screenshots/screenshot-7928953197935563082
21:14:38.733 [Darkroom Processing Line] DEBUG net.serenitybdd.core.photography.DarkroomProcessingLine - Saving screenshot to target\site\serenity\9e6898b89105437632c92ea0dd2e65dc5ced81d8f3de1c4bb2012d8b237d3321.png
21:14:38.738 [main] DEBUG net.thucydides.core.steps.StepInterceptor - STARTING STEP: TransactionSteps.userClickItems - clickItems2
21:14:38.741 [Forwarding findElement on session 7d380c480d3a95bc8f8894881e391ab1 to remote] DEBUG org.asynchttpclient.netty.request.NettyRequestSender - Using pooled Channel '[id: 0xfee7f827, L:/127.0.0.1:57465 - R:localhost/127.0.0.1:49927]' for 'POST' to 'http://localhost:49927/session/7d380c480d3a95bc8f8894881e391ab1/element'
21:14:38.741 [Forwarding findElement on session 7d380c480d3a95bc8f8894881e391ab1 to remote] DEBUG org.asynchttpclient.netty.request.NettyRequestSender - Using open Channel [id: 0xfee7f827, L:/127.0.0.1:57465 - R:localhost/127.0.0.1:49927] for POST '/session/7d380c480d3a95bc8f8894881e391ab1/element'
21:14:38.766 [AsyncHttpClient-1-8] DEBUG org.asynchttpclient.netty.handler.HttpHandler - 

Request DefaultHttpRequest(decodeResult: success, version: HTTP/1.1)
POST /session/7d380c480d3a95bc8f8894881e391ab1/element HTTP/1.1
User-Agent: selenium/4.1.2 (java windows)
Content-Length: 150
Content-Type: application/json; charset=utf-8
host: localhost:49927
accept: */*

Response DefaultHttpResponse(decodeResult: success, version: HTTP/1.1)
HTTP/1.1 200 OK
Content-Type: application/json; charset=utf-8
cache-control: no-cache
content-length: 88

21:14:38.767 [AsyncHttpClient-1-8] DEBUG org.asynchttpclient.netty.channel.ChannelManager - Adding key: http://localhost:49927 for channel [id: 0xfee7f827, L:/127.0.0.1:57465 - R:localhost/127.0.0.1:49927]
21:14:38.769 [Forwarding getElementTagName on session 7d380c480d3a95bc8f8894881e391ab1 to remote] DEBUG org.asynchttpclient.netty.request.NettyRequestSender - Using pooled Channel '[id: 0xfee7f827, L:/127.0.0.1:57465 - R:localhost/127.0.0.1:49927]' for 'GET' to 'http://localhost:49927/session/7d380c480d3a95bc8f8894881e391ab1/element/cd87614f-4090-4812-a6c6-4d44499d4807/name'
21:14:38.769 [Forwarding getElementTagName on session 7d380c480d3a95bc8f8894881e391ab1 to remote] DEBUG org.asynchttpclient.netty.request.NettyRequestSender - Using open Channel [id: 0xfee7f827, L:/127.0.0.1:57465 - R:localhost/127.0.0.1:49927] for GET '/session/7d380c480d3a95bc8f8894881e391ab1/element/cd87614f-4090-4812-a6c6-4d44499d4807/name'
21:14:38.774 [AsyncHttpClient-1-8] DEBUG org.asynchttpclient.netty.handler.HttpHandler - 

Request DefaultFullHttpRequest(decodeResult: success, version: HTTP/1.1, content: EmptyByteBufBE)
GET /session/7d380c480d3a95bc8f8894881e391ab1/element/cd87614f-4090-4812-a6c6-4d44499d4807/name HTTP/1.1
User-Agent: selenium/4.1.2 (java windows)
Cache-Control: no-cache
Content-Type: application/json; charset=utf-8
host: localhost:49927
accept: */*

Response DefaultHttpResponse(decodeResult: success, version: HTTP/1.1)
HTTP/1.1 200 OK
Content-Type: application/json; charset=utf-8
cache-control: no-cache
content-length: 18

21:14:38.775 [AsyncHttpClient-1-8] DEBUG org.asynchttpclient.netty.channel.ChannelManager - Adding key: http://localhost:49927 for channel [id: 0xfee7f827, L:/127.0.0.1:57465 - R:localhost/127.0.0.1:49927]
21:14:38.776 [Forwarding getElementTagName on session 7d380c480d3a95bc8f8894881e391ab1 to remote] DEBUG org.asynchttpclient.netty.request.NettyRequestSender - Using pooled Channel '[id: 0xfee7f827, L:/127.0.0.1:57465 - R:localhost/127.0.0.1:49927]' for 'GET' to 'http://localhost:49927/session/7d380c480d3a95bc8f8894881e391ab1/element/cd87614f-4090-4812-a6c6-4d44499d4807/name'
21:14:38.776 [Forwarding getElementTagName on session 7d380c480d3a95bc8f8894881e391ab1 to remote] DEBUG org.asynchttpclient.netty.request.NettyRequestSender - Using open Channel [id: 0xfee7f827, L:/127.0.0.1:57465 - R:localhost/127.0.0.1:49927] for GET '/session/7d380c480d3a95bc8f8894881e391ab1/element/cd87614f-4090-4812-a6c6-4d44499d4807/name'
21:14:38.780 [AsyncHttpClient-1-8] DEBUG org.asynchttpclient.netty.handler.HttpHandler - 

Request DefaultFullHttpRequest(decodeResult: success, version: HTTP/1.1, content: EmptyByteBufBE)
GET /session/7d380c480d3a95bc8f8894881e391ab1/element/cd87614f-4090-4812-a6c6-4d44499d4807/name HTTP/1.1
User-Agent: selenium/4.1.2 (java windows)
Cache-Control: no-cache
Content-Type: application/json; charset=utf-8
host: localhost:49927
accept: */*

Response DefaultHttpResponse(decodeResult: success, version: HTTP/1.1)
HTTP/1.1 200 OK
Content-Type: application/json; charset=utf-8
cache-control: no-cache
content-length: 18

21:14:38.780 [AsyncHttpClient-1-8] DEBUG org.asynchttpclient.netty.channel.ChannelManager - Adding key: http://localhost:49927 for channel [id: 0xfee7f827, L:/127.0.0.1:57465 - R:localhost/127.0.0.1:49927]
21:14:38.782 [Forwarding isElementEnabled on session 7d380c480d3a95bc8f8894881e391ab1 to remote] DEBUG org.asynchttpclient.netty.request.NettyRequestSender - Using pooled Channel '[id: 0xfee7f827, L:/127.0.0.1:57465 - R:localhost/127.0.0.1:49927]' for 'GET' to 'http://localhost:49927/session/7d380c480d3a95bc8f8894881e391ab1/element/cd87614f-4090-4812-a6c6-4d44499d4807/enabled'
21:14:38.782 [Forwarding isElementEnabled on session 7d380c480d3a95bc8f8894881e391ab1 to remote] DEBUG org.asynchttpclient.netty.request.NettyRequestSender - Using open Channel [id: 0xfee7f827, L:/127.0.0.1:57465 - R:localhost/127.0.0.1:49927] for GET '/session/7d380c480d3a95bc8f8894881e391ab1/element/cd87614f-4090-4812-a6c6-4d44499d4807/enabled'
21:14:38.792 [AsyncHttpClient-1-8] DEBUG org.asynchttpclient.netty.handler.HttpHandler - 

Request DefaultFullHttpRequest(decodeResult: success, version: HTTP/1.1, content: EmptyByteBufBE)
GET /session/7d380c480d3a95bc8f8894881e391ab1/element/cd87614f-4090-4812-a6c6-4d44499d4807/enabled HTTP/1.1
User-Agent: selenium/4.1.2 (java windows)
Cache-Control: no-cache
Content-Type: application/json; charset=utf-8
host: localhost:49927
accept: */*

Response DefaultHttpResponse(decodeResult: success, version: HTTP/1.1)
HTTP/1.1 200 OK
Content-Type: application/json; charset=utf-8
cache-control: no-cache
content-length: 14

21:14:38.792 [AsyncHttpClient-1-8] DEBUG org.asynchttpclient.netty.channel.ChannelManager - Adding key: http://localhost:49927 for channel [id: 0xfee7f827, L:/127.0.0.1:57465 - R:localhost/127.0.0.1:49927]
21:14:38.793 [Forwarding isElementEnabled on session 7d380c480d3a95bc8f8894881e391ab1 to remote] DEBUG org.asynchttpclient.netty.request.NettyRequestSender - Using pooled Channel '[id: 0xfee7f827, L:/127.0.0.1:57465 - R:localhost/127.0.0.1:49927]' for 'GET' to 'http://localhost:49927/session/7d380c480d3a95bc8f8894881e391ab1/element/cd87614f-4090-4812-a6c6-4d44499d4807/enabled'
21:14:38.793 [Forwarding isElementEnabled on session 7d380c480d3a95bc8f8894881e391ab1 to remote] DEBUG org.asynchttpclient.netty.request.NettyRequestSender - Using open Channel [id: 0xfee7f827, L:/127.0.0.1:57465 - R:localhost/127.0.0.1:49927] for GET '/session/7d380c480d3a95bc8f8894881e391ab1/element/cd87614f-4090-4812-a6c6-4d44499d4807/enabled'
21:14:38.798 [AsyncHttpClient-1-8] DEBUG org.asynchttpclient.netty.handler.HttpHandler - 

Request DefaultFullHttpRequest(decodeResult: success, version: HTTP/1.1, content: EmptyByteBufBE)
GET /session/7d380c480d3a95bc8f8894881e391ab1/element/cd87614f-4090-4812-a6c6-4d44499d4807/enabled HTTP/1.1
User-Agent: selenium/4.1.2 (java windows)
Cache-Control: no-cache
Content-Type: application/json; charset=utf-8
host: localhost:49927
accept: */*

Response DefaultHttpResponse(decodeResult: success, version: HTTP/1.1)
HTTP/1.1 200 OK
Content-Type: application/json; charset=utf-8
cache-control: no-cache
content-length: 14

21:14:38.798 [AsyncHttpClient-1-8] DEBUG org.asynchttpclient.netty.channel.ChannelManager - Adding key: http://localhost:49927 for channel [id: 0xfee7f827, L:/127.0.0.1:57465 - R:localhost/127.0.0.1:49927]
21:14:38.800 [Forwarding findElement on session 7d380c480d3a95bc8f8894881e391ab1 to remote] DEBUG org.asynchttpclient.netty.request.NettyRequestSender - Using pooled Channel '[id: 0xfee7f827, L:/127.0.0.1:57465 - R:localhost/127.0.0.1:49927]' for 'POST' to 'http://localhost:49927/session/7d380c480d3a95bc8f8894881e391ab1/element'
21:14:38.800 [Forwarding findElement on session 7d380c480d3a95bc8f8894881e391ab1 to remote] DEBUG org.asynchttpclient.netty.request.NettyRequestSender - Using open Channel [id: 0xfee7f827, L:/127.0.0.1:57465 - R:localhost/127.0.0.1:49927] for POST '/session/7d380c480d3a95bc8f8894881e391ab1/element'
21:14:38.810 [AsyncHttpClient-1-8] DEBUG org.asynchttpclient.netty.handler.HttpHandler - 

Request DefaultHttpRequest(decodeResult: success, version: HTTP/1.1)
POST /session/7d380c480d3a95bc8f8894881e391ab1/element HTTP/1.1
User-Agent: selenium/4.1.2 (java windows)
Content-Length: 150
Content-Type: application/json; charset=utf-8
host: localhost:49927
accept: */*

Response DefaultHttpResponse(decodeResult: success, version: HTTP/1.1)
HTTP/1.1 200 OK
Content-Type: application/json; charset=utf-8
cache-control: no-cache
content-length: 88

21:14:38.810 [AsyncHttpClient-1-8] DEBUG org.asynchttpclient.netty.channel.ChannelManager - Adding key: http://localhost:49927 for channel [id: 0xfee7f827, L:/127.0.0.1:57465 - R:localhost/127.0.0.1:49927]
21:14:38.811 [Forwarding clickElement on session 7d380c480d3a95bc8f8894881e391ab1 to remote] DEBUG org.asynchttpclient.netty.request.NettyRequestSender - Using pooled Channel '[id: 0xfee7f827, L:/127.0.0.1:57465 - R:localhost/127.0.0.1:49927]' for 'POST' to 'http://localhost:49927/session/7d380c480d3a95bc8f8894881e391ab1/element/cd87614f-4090-4812-a6c6-4d44499d4807/click'
21:14:38.811 [Forwarding clickElement on session 7d380c480d3a95bc8f8894881e391ab1 to remote] DEBUG org.asynchttpclient.netty.request.NettyRequestSender - Using open Channel [id: 0xfee7f827, L:/127.0.0.1:57465 - R:localhost/127.0.0.1:49927] for POST '/session/7d380c480d3a95bc8f8894881e391ab1/element/cd87614f-4090-4812-a6c6-4d44499d4807/click'
21:14:38.902 [AsyncHttpClient-1-8] DEBUG org.asynchttpclient.netty.handler.HttpHandler - 

Request DefaultHttpRequest(decodeResult: success, version: HTTP/1.1)
POST /session/7d380c480d3a95bc8f8894881e391ab1/element/cd87614f-4090-4812-a6c6-4d44499d4807/click HTTP/1.1
User-Agent: selenium/4.1.2 (java windows)
Content-Length: 50
Content-Type: application/json; charset=utf-8
host: localhost:49927
accept: */*

Response DefaultHttpResponse(decodeResult: success, version: HTTP/1.1)
HTTP/1.1 200 OK
Content-Type: application/json; charset=utf-8
cache-control: no-cache
content-length: 14

21:14:38.902 [AsyncHttpClient-1-8] DEBUG org.asynchttpclient.netty.channel.ChannelManager - Adding key: http://localhost:49927 for channel [id: 0xfee7f827, L:/127.0.0.1:57465 - R:localhost/127.0.0.1:49927]
21:14:38.908 [Forwarding screenshot on session 7d380c480d3a95bc8f8894881e391ab1 to remote] DEBUG org.asynchttpclient.netty.request.NettyRequestSender - Using pooled Channel '[id: 0xfee7f827, L:/127.0.0.1:57465 - R:localhost/127.0.0.1:49927]' for 'GET' to 'http://localhost:49927/session/7d380c480d3a95bc8f8894881e391ab1/screenshot'
21:14:38.908 [Forwarding screenshot on session 7d380c480d3a95bc8f8894881e391ab1 to remote] DEBUG org.asynchttpclient.netty.request.NettyRequestSender - Using open Channel [id: 0xfee7f827, L:/127.0.0.1:57465 - R:localhost/127.0.0.1:49927] for GET '/session/7d380c480d3a95bc8f8894881e391ab1/screenshot'
21:14:39.090 [AsyncHttpClient-1-1] DEBUG org.asynchttpclient.netty.channel.DefaultChannelPool - Entry count for : http://localhost:57466 : 1
21:14:39.127 [AsyncHttpClient-1-8] DEBUG org.asynchttpclient.netty.handler.HttpHandler - 

Request DefaultFullHttpRequest(decodeResult: success, version: HTTP/1.1, content: EmptyByteBufBE)
GET /session/7d380c480d3a95bc8f8894881e391ab1/screenshot HTTP/1.1
User-Agent: selenium/4.1.2 (java windows)
Cache-Control: no-cache
Content-Type: application/json; charset=utf-8
host: localhost:49927
accept: */*

Response DefaultHttpResponse(decodeResult: success, version: HTTP/1.1)
HTTP/1.1 200 OK
Content-Type: application/json; charset=utf-8
cache-control: no-cache
content-length: 90416

21:14:39.128 [AsyncHttpClient-1-8] DEBUG org.asynchttpclient.netty.channel.ChannelManager - Adding key: http://localhost:49927 for channel [id: 0xfee7f827, L:/127.0.0.1:57465 - R:localhost/127.0.0.1:49927]
21:14:39.133 [main] DEBUG net.serenitybdd.core.photography.Darkroom - Send negative for processing for target\site\serenity\ab13518a19264707ec1306e86eba49d5ec3d307ef1eee0b72da1ad3c52f62e92.png
21:14:39.133 [main] DEBUG net.thucydides.core.steps.StepInterceptor - STEP DONE: clickItems2
21:14:39.133 [Darkroom Processing Line] DEBUG net.serenitybdd.core.photography.DarkroomProcessingLine - Processing screenshot image in /var/screenshots/screenshot-3822018646371358292
21:14:39.133 [Darkroom Processing Line] DEBUG net.serenitybdd.core.photography.DarkroomProcessingLine - Saving screenshot to target\site\serenity\ab13518a19264707ec1306e86eba49d5ec3d307ef1eee0b72da1ad3c52f62e92.png
21:14:39.139 [main] DEBUG net.thucydides.core.steps.StepInterceptor - STARTING STEP: TransactionSteps.userClickItems - clickItems2
21:14:39.143 [Forwarding findElement on session 7d380c480d3a95bc8f8894881e391ab1 to remote] DEBUG org.asynchttpclient.netty.request.NettyRequestSender - Using pooled Channel '[id: 0xfee7f827, L:/127.0.0.1:57465 - R:localhost/127.0.0.1:49927]' for 'POST' to 'http://localhost:49927/session/7d380c480d3a95bc8f8894881e391ab1/element'
21:14:39.143 [Forwarding findElement on session 7d380c480d3a95bc8f8894881e391ab1 to remote] DEBUG org.asynchttpclient.netty.request.NettyRequestSender - Using open Channel [id: 0xfee7f827, L:/127.0.0.1:57465 - R:localhost/127.0.0.1:49927] for POST '/session/7d380c480d3a95bc8f8894881e391ab1/element'
21:14:39.156 [AsyncHttpClient-1-8] DEBUG org.asynchttpclient.netty.handler.HttpHandler - 

Request DefaultHttpRequest(decodeResult: success, version: HTTP/1.1)
POST /session/7d380c480d3a95bc8f8894881e391ab1/element HTTP/1.1
User-Agent: selenium/4.1.2 (java windows)
Content-Length: 150
Content-Type: application/json; charset=utf-8
host: localhost:49927
accept: */*

Response DefaultHttpResponse(decodeResult: success, version: HTTP/1.1)
HTTP/1.1 200 OK
Content-Type: application/json; charset=utf-8
cache-control: no-cache
content-length: 88

21:14:39.156 [AsyncHttpClient-1-8] DEBUG org.asynchttpclient.netty.channel.ChannelManager - Adding key: http://localhost:49927 for channel [id: 0xfee7f827, L:/127.0.0.1:57465 - R:localhost/127.0.0.1:49927]
21:14:39.158 [Forwarding getElementTagName on session 7d380c480d3a95bc8f8894881e391ab1 to remote] DEBUG org.asynchttpclient.netty.request.NettyRequestSender - Using pooled Channel '[id: 0xfee7f827, L:/127.0.0.1:57465 - R:localhost/127.0.0.1:49927]' for 'GET' to 'http://localhost:49927/session/7d380c480d3a95bc8f8894881e391ab1/element/cd87614f-4090-4812-a6c6-4d44499d4807/name'
21:14:39.158 [Forwarding getElementTagName on session 7d380c480d3a95bc8f8894881e391ab1 to remote] DEBUG org.asynchttpclient.netty.request.NettyRequestSender - Using open Channel [id: 0xfee7f827, L:/127.0.0.1:57465 - R:localhost/127.0.0.1:49927] for GET '/session/7d380c480d3a95bc8f8894881e391ab1/element/cd87614f-4090-4812-a6c6-4d44499d4807/name'
21:14:39.161 [AsyncHttpClient-1-8] DEBUG org.asynchttpclient.netty.handler.HttpHandler - 

Request DefaultFullHttpRequest(decodeResult: success, version: HTTP/1.1, content: EmptyByteBufBE)
GET /session/7d380c480d3a95bc8f8894881e391ab1/element/cd87614f-4090-4812-a6c6-4d44499d4807/name HTTP/1.1
User-Agent: selenium/4.1.2 (java windows)
Cache-Control: no-cache
Content-Type: application/json; charset=utf-8
host: localhost:49927
accept: */*

Response DefaultHttpResponse(decodeResult: success, version: HTTP/1.1)
HTTP/1.1 200 OK
Content-Type: application/json; charset=utf-8
cache-control: no-cache
content-length: 18

21:14:39.162 [AsyncHttpClient-1-8] DEBUG org.asynchttpclient.netty.channel.ChannelManager - Adding key: http://localhost:49927 for channel [id: 0xfee7f827, L:/127.0.0.1:57465 - R:localhost/127.0.0.1:49927]
21:14:39.163 [Forwarding getElementTagName on session 7d380c480d3a95bc8f8894881e391ab1 to remote] DEBUG org.asynchttpclient.netty.request.NettyRequestSender - Using pooled Channel '[id: 0xfee7f827, L:/127.0.0.1:57465 - R:localhost/127.0.0.1:49927]' for 'GET' to 'http://localhost:49927/session/7d380c480d3a95bc8f8894881e391ab1/element/cd87614f-4090-4812-a6c6-4d44499d4807/name'
21:14:39.163 [Forwarding getElementTagName on session 7d380c480d3a95bc8f8894881e391ab1 to remote] DEBUG org.asynchttpclient.netty.request.NettyRequestSender - Using open Channel [id: 0xfee7f827, L:/127.0.0.1:57465 - R:localhost/127.0.0.1:49927] for GET '/session/7d380c480d3a95bc8f8894881e391ab1/element/cd87614f-4090-4812-a6c6-4d44499d4807/name'
21:14:39.166 [AsyncHttpClient-1-8] DEBUG org.asynchttpclient.netty.handler.HttpHandler - 

Request DefaultFullHttpRequest(decodeResult: success, version: HTTP/1.1, content: EmptyByteBufBE)
GET /session/7d380c480d3a95bc8f8894881e391ab1/element/cd87614f-4090-4812-a6c6-4d44499d4807/name HTTP/1.1
User-Agent: selenium/4.1.2 (java windows)
Cache-Control: no-cache
Content-Type: application/json; charset=utf-8
host: localhost:49927
accept: */*

Response DefaultHttpResponse(decodeResult: success, version: HTTP/1.1)
HTTP/1.1 200 OK
Content-Type: application/json; charset=utf-8
cache-control: no-cache
content-length: 18

21:14:39.166 [AsyncHttpClient-1-8] DEBUG org.asynchttpclient.netty.channel.ChannelManager - Adding key: http://localhost:49927 for channel [id: 0xfee7f827, L:/127.0.0.1:57465 - R:localhost/127.0.0.1:49927]
21:14:39.170 [Forwarding isElementEnabled on session 7d380c480d3a95bc8f8894881e391ab1 to remote] DEBUG org.asynchttpclient.netty.request.NettyRequestSender - Using pooled Channel '[id: 0xfee7f827, L:/127.0.0.1:57465 - R:localhost/127.0.0.1:49927]' for 'GET' to 'http://localhost:49927/session/7d380c480d3a95bc8f8894881e391ab1/element/cd87614f-4090-4812-a6c6-4d44499d4807/enabled'
21:14:39.170 [Forwarding isElementEnabled on session 7d380c480d3a95bc8f8894881e391ab1 to remote] DEBUG org.asynchttpclient.netty.request.NettyRequestSender - Using open Channel [id: 0xfee7f827, L:/127.0.0.1:57465 - R:localhost/127.0.0.1:49927] for GET '/session/7d380c480d3a95bc8f8894881e391ab1/element/cd87614f-4090-4812-a6c6-4d44499d4807/enabled'
21:14:39.176 [AsyncHttpClient-1-8] DEBUG org.asynchttpclient.netty.handler.HttpHandler - 

Request DefaultFullHttpRequest(decodeResult: success, version: HTTP/1.1, content: EmptyByteBufBE)
GET /session/7d380c480d3a95bc8f8894881e391ab1/element/cd87614f-4090-4812-a6c6-4d44499d4807/enabled HTTP/1.1
User-Agent: selenium/4.1.2 (java windows)
Cache-Control: no-cache
Content-Type: application/json; charset=utf-8
host: localhost:49927
accept: */*

Response DefaultHttpResponse(decodeResult: success, version: HTTP/1.1)
HTTP/1.1 200 OK
Content-Type: application/json; charset=utf-8
cache-control: no-cache
content-length: 14

21:14:39.177 [AsyncHttpClient-1-8] DEBUG org.asynchttpclient.netty.channel.ChannelManager - Adding key: http://localhost:49927 for channel [id: 0xfee7f827, L:/127.0.0.1:57465 - R:localhost/127.0.0.1:49927]
21:14:39.178 [Forwarding isElementEnabled on session 7d380c480d3a95bc8f8894881e391ab1 to remote] DEBUG org.asynchttpclient.netty.request.NettyRequestSender - Using pooled Channel '[id: 0xfee7f827, L:/127.0.0.1:57465 - R:localhost/127.0.0.1:49927]' for 'GET' to 'http://localhost:49927/session/7d380c480d3a95bc8f8894881e391ab1/element/cd87614f-4090-4812-a6c6-4d44499d4807/enabled'
21:14:39.178 [Forwarding isElementEnabled on session 7d380c480d3a95bc8f8894881e391ab1 to remote] DEBUG org.asynchttpclient.netty.request.NettyRequestSender - Using open Channel [id: 0xfee7f827, L:/127.0.0.1:57465 - R:localhost/127.0.0.1:49927] for GET '/session/7d380c480d3a95bc8f8894881e391ab1/element/cd87614f-4090-4812-a6c6-4d44499d4807/enabled'
21:14:39.184 [AsyncHttpClient-1-8] DEBUG org.asynchttpclient.netty.handler.HttpHandler - 

Request DefaultFullHttpRequest(decodeResult: success, version: HTTP/1.1, content: EmptyByteBufBE)
GET /session/7d380c480d3a95bc8f8894881e391ab1/element/cd87614f-4090-4812-a6c6-4d44499d4807/enabled HTTP/1.1
User-Agent: selenium/4.1.2 (java windows)
Cache-Control: no-cache
Content-Type: application/json; charset=utf-8
host: localhost:49927
accept: */*

Response DefaultHttpResponse(decodeResult: success, version: HTTP/1.1)
HTTP/1.1 200 OK
Content-Type: application/json; charset=utf-8
cache-control: no-cache
content-length: 14

21:14:39.184 [AsyncHttpClient-1-8] DEBUG org.asynchttpclient.netty.channel.ChannelManager - Adding key: http://localhost:49927 for channel [id: 0xfee7f827, L:/127.0.0.1:57465 - R:localhost/127.0.0.1:49927]
21:14:39.186 [Forwarding findElement on session 7d380c480d3a95bc8f8894881e391ab1 to remote] DEBUG org.asynchttpclient.netty.request.NettyRequestSender - Using pooled Channel '[id: 0xfee7f827, L:/127.0.0.1:57465 - R:localhost/127.0.0.1:49927]' for 'POST' to 'http://localhost:49927/session/7d380c480d3a95bc8f8894881e391ab1/element'
21:14:39.186 [Forwarding findElement on session 7d380c480d3a95bc8f8894881e391ab1 to remote] DEBUG org.asynchttpclient.netty.request.NettyRequestSender - Using open Channel [id: 0xfee7f827, L:/127.0.0.1:57465 - R:localhost/127.0.0.1:49927] for POST '/session/7d380c480d3a95bc8f8894881e391ab1/element'
21:14:39.197 [AsyncHttpClient-1-8] DEBUG org.asynchttpclient.netty.handler.HttpHandler - 

Request DefaultHttpRequest(decodeResult: success, version: HTTP/1.1)
POST /session/7d380c480d3a95bc8f8894881e391ab1/element HTTP/1.1
User-Agent: selenium/4.1.2 (java windows)
Content-Length: 150
Content-Type: application/json; charset=utf-8
host: localhost:49927
accept: */*

Response DefaultHttpResponse(decodeResult: success, version: HTTP/1.1)
HTTP/1.1 200 OK
Content-Type: application/json; charset=utf-8
cache-control: no-cache
content-length: 88

21:14:39.197 [AsyncHttpClient-1-8] DEBUG org.asynchttpclient.netty.channel.ChannelManager - Adding key: http://localhost:49927 for channel [id: 0xfee7f827, L:/127.0.0.1:57465 - R:localhost/127.0.0.1:49927]
21:14:39.198 [Forwarding clickElement on session 7d380c480d3a95bc8f8894881e391ab1 to remote] DEBUG org.asynchttpclient.netty.request.NettyRequestSender - Using pooled Channel '[id: 0xfee7f827, L:/127.0.0.1:57465 - R:localhost/127.0.0.1:49927]' for 'POST' to 'http://localhost:49927/session/7d380c480d3a95bc8f8894881e391ab1/element/cd87614f-4090-4812-a6c6-4d44499d4807/click'
21:14:39.198 [Forwarding clickElement on session 7d380c480d3a95bc8f8894881e391ab1 to remote] DEBUG org.asynchttpclient.netty.request.NettyRequestSender - Using open Channel [id: 0xfee7f827, L:/127.0.0.1:57465 - R:localhost/127.0.0.1:49927] for POST '/session/7d380c480d3a95bc8f8894881e391ab1/element/cd87614f-4090-4812-a6c6-4d44499d4807/click'
21:14:39.263 [AsyncHttpClient-1-8] DEBUG org.asynchttpclient.netty.handler.HttpHandler - 

Request DefaultHttpRequest(decodeResult: success, version: HTTP/1.1)
POST /session/7d380c480d3a95bc8f8894881e391ab1/element/cd87614f-4090-4812-a6c6-4d44499d4807/click HTTP/1.1
User-Agent: selenium/4.1.2 (java windows)
Content-Length: 50
Content-Type: application/json; charset=utf-8
host: localhost:49927
accept: */*

Response DefaultHttpResponse(decodeResult: success, version: HTTP/1.1)
HTTP/1.1 200 OK
Content-Type: application/json; charset=utf-8
cache-control: no-cache
content-length: 14

21:14:39.264 [AsyncHttpClient-1-8] DEBUG org.asynchttpclient.netty.channel.ChannelManager - Adding key: http://localhost:49927 for channel [id: 0xfee7f827, L:/127.0.0.1:57465 - R:localhost/127.0.0.1:49927]
21:14:39.269 [Forwarding screenshot on session 7d380c480d3a95bc8f8894881e391ab1 to remote] DEBUG org.asynchttpclient.netty.request.NettyRequestSender - Using pooled Channel '[id: 0xfee7f827, L:/127.0.0.1:57465 - R:localhost/127.0.0.1:49927]' for 'GET' to 'http://localhost:49927/session/7d380c480d3a95bc8f8894881e391ab1/screenshot'
21:14:39.269 [Forwarding screenshot on session 7d380c480d3a95bc8f8894881e391ab1 to remote] DEBUG org.asynchttpclient.netty.request.NettyRequestSender - Using open Channel [id: 0xfee7f827, L:/127.0.0.1:57465 - R:localhost/127.0.0.1:49927] for GET '/session/7d380c480d3a95bc8f8894881e391ab1/screenshot'
21:14:39.471 [AsyncHttpClient-1-8] DEBUG org.asynchttpclient.netty.handler.HttpHandler - 

Request DefaultFullHttpRequest(decodeResult: success, version: HTTP/1.1, content: EmptyByteBufBE)
GET /session/7d380c480d3a95bc8f8894881e391ab1/screenshot HTTP/1.1
User-Agent: selenium/4.1.2 (java windows)
Cache-Control: no-cache
Content-Type: application/json; charset=utf-8
host: localhost:49927
accept: */*

Response DefaultHttpResponse(decodeResult: success, version: HTTP/1.1)
HTTP/1.1 200 OK
Content-Type: application/json; charset=utf-8
cache-control: no-cache
content-length: 90240

21:14:39.472 [AsyncHttpClient-1-8] DEBUG org.asynchttpclient.netty.channel.ChannelManager - Adding key: http://localhost:49927 for channel [id: 0xfee7f827, L:/127.0.0.1:57465 - R:localhost/127.0.0.1:49927]
21:14:39.477 [main] DEBUG net.serenitybdd.core.photography.Darkroom - Send negative for processing for target\site\serenity\c79b0994bb921ff8a7bd83930434853e6de20cf6f050b69454068a29aa08a761.png
21:14:39.477 [main] DEBUG net.thucydides.core.steps.StepInterceptor - STEP DONE: clickItems2
21:14:39.477 [Darkroom Processing Line] DEBUG net.serenitybdd.core.photography.DarkroomProcessingLine - Processing screenshot image in /var/screenshots/screenshot-8235574582057209485
21:14:39.478 [Darkroom Processing Line] DEBUG net.serenitybdd.core.photography.DarkroomProcessingLine - Saving screenshot to target\site\serenity\c79b0994bb921ff8a7bd83930434853e6de20cf6f050b69454068a29aa08a761.png
21:14:39.483 [main] DEBUG net.thucydides.core.steps.StepInterceptor - STARTING STEP: TransactionSteps.userClickItems - clickItems3
21:14:39.486 [Forwarding findElement on session 7d380c480d3a95bc8f8894881e391ab1 to remote] DEBUG org.asynchttpclient.netty.request.NettyRequestSender - Using pooled Channel '[id: 0xfee7f827, L:/127.0.0.1:57465 - R:localhost/127.0.0.1:49927]' for 'POST' to 'http://localhost:49927/session/7d380c480d3a95bc8f8894881e391ab1/element'
21:14:39.486 [Forwarding findElement on session 7d380c480d3a95bc8f8894881e391ab1 to remote] DEBUG org.asynchttpclient.netty.request.NettyRequestSender - Using open Channel [id: 0xfee7f827, L:/127.0.0.1:57465 - R:localhost/127.0.0.1:49927] for POST '/session/7d380c480d3a95bc8f8894881e391ab1/element'
21:14:39.507 [AsyncHttpClient-1-8] DEBUG org.asynchttpclient.netty.handler.HttpHandler - 

Request DefaultHttpRequest(decodeResult: success, version: HTTP/1.1)
POST /session/7d380c480d3a95bc8f8894881e391ab1/element HTTP/1.1
User-Agent: selenium/4.1.2 (java windows)
Content-Length: 150
Content-Type: application/json; charset=utf-8
host: localhost:49927
accept: */*

Response DefaultHttpResponse(decodeResult: success, version: HTTP/1.1)
HTTP/1.1 200 OK
Content-Type: application/json; charset=utf-8
cache-control: no-cache
content-length: 88

21:14:39.507 [AsyncHttpClient-1-8] DEBUG org.asynchttpclient.netty.channel.ChannelManager - Adding key: http://localhost:49927 for channel [id: 0xfee7f827, L:/127.0.0.1:57465 - R:localhost/127.0.0.1:49927]
21:14:39.508 [Forwarding getElementTagName on session 7d380c480d3a95bc8f8894881e391ab1 to remote] DEBUG org.asynchttpclient.netty.request.NettyRequestSender - Using pooled Channel '[id: 0xfee7f827, L:/127.0.0.1:57465 - R:localhost/127.0.0.1:49927]' for 'GET' to 'http://localhost:49927/session/7d380c480d3a95bc8f8894881e391ab1/element/4a5e970f-d872-45a8-b985-fe4465ab978e/name'
21:14:39.508 [Forwarding getElementTagName on session 7d380c480d3a95bc8f8894881e391ab1 to remote] DEBUG org.asynchttpclient.netty.request.NettyRequestSender - Using open Channel [id: 0xfee7f827, L:/127.0.0.1:57465 - R:localhost/127.0.0.1:49927] for GET '/session/7d380c480d3a95bc8f8894881e391ab1/element/4a5e970f-d872-45a8-b985-fe4465ab978e/name'
21:14:39.516 [AsyncHttpClient-1-8] DEBUG org.asynchttpclient.netty.handler.HttpHandler - 

Request DefaultFullHttpRequest(decodeResult: success, version: HTTP/1.1, content: EmptyByteBufBE)
GET /session/7d380c480d3a95bc8f8894881e391ab1/element/4a5e970f-d872-45a8-b985-fe4465ab978e/name HTTP/1.1
User-Agent: selenium/4.1.2 (java windows)
Cache-Control: no-cache
Content-Type: application/json; charset=utf-8
host: localhost:49927
accept: */*

Response DefaultHttpResponse(decodeResult: success, version: HTTP/1.1)
HTTP/1.1 200 OK
Content-Type: application/json; charset=utf-8
cache-control: no-cache
content-length: 18

21:14:39.516 [AsyncHttpClient-1-8] DEBUG org.asynchttpclient.netty.channel.ChannelManager - Adding key: http://localhost:49927 for channel [id: 0xfee7f827, L:/127.0.0.1:57465 - R:localhost/127.0.0.1:49927]
21:14:39.523 [Forwarding getElementTagName on session 7d380c480d3a95bc8f8894881e391ab1 to remote] DEBUG org.asynchttpclient.netty.request.NettyRequestSender - Using pooled Channel '[id: 0xfee7f827, L:/127.0.0.1:57465 - R:localhost/127.0.0.1:49927]' for 'GET' to 'http://localhost:49927/session/7d380c480d3a95bc8f8894881e391ab1/element/4a5e970f-d872-45a8-b985-fe4465ab978e/name'
21:14:39.523 [Forwarding getElementTagName on session 7d380c480d3a95bc8f8894881e391ab1 to remote] DEBUG org.asynchttpclient.netty.request.NettyRequestSender - Using open Channel [id: 0xfee7f827, L:/127.0.0.1:57465 - R:localhost/127.0.0.1:49927] for GET '/session/7d380c480d3a95bc8f8894881e391ab1/element/4a5e970f-d872-45a8-b985-fe4465ab978e/name'
21:14:39.526 [AsyncHttpClient-1-8] DEBUG org.asynchttpclient.netty.handler.HttpHandler - 

Request DefaultFullHttpRequest(decodeResult: success, version: HTTP/1.1, content: EmptyByteBufBE)
GET /session/7d380c480d3a95bc8f8894881e391ab1/element/4a5e970f-d872-45a8-b985-fe4465ab978e/name HTTP/1.1
User-Agent: selenium/4.1.2 (java windows)
Cache-Control: no-cache
Content-Type: application/json; charset=utf-8
host: localhost:49927
accept: */*

Response DefaultHttpResponse(decodeResult: success, version: HTTP/1.1)
HTTP/1.1 200 OK
Content-Type: application/json; charset=utf-8
cache-control: no-cache
content-length: 18

21:14:39.527 [AsyncHttpClient-1-8] DEBUG org.asynchttpclient.netty.channel.ChannelManager - Adding key: http://localhost:49927 for channel [id: 0xfee7f827, L:/127.0.0.1:57465 - R:localhost/127.0.0.1:49927]
21:14:39.530 [Forwarding isElementEnabled on session 7d380c480d3a95bc8f8894881e391ab1 to remote] DEBUG org.asynchttpclient.netty.request.NettyRequestSender - Using pooled Channel '[id: 0xfee7f827, L:/127.0.0.1:57465 - R:localhost/127.0.0.1:49927]' for 'GET' to 'http://localhost:49927/session/7d380c480d3a95bc8f8894881e391ab1/element/4a5e970f-d872-45a8-b985-fe4465ab978e/enabled'
21:14:39.530 [Forwarding isElementEnabled on session 7d380c480d3a95bc8f8894881e391ab1 to remote] DEBUG org.asynchttpclient.netty.request.NettyRequestSender - Using open Channel [id: 0xfee7f827, L:/127.0.0.1:57465 - R:localhost/127.0.0.1:49927] for GET '/session/7d380c480d3a95bc8f8894881e391ab1/element/4a5e970f-d872-45a8-b985-fe4465ab978e/enabled'
21:14:39.543 [AsyncHttpClient-1-8] DEBUG org.asynchttpclient.netty.handler.HttpHandler - 

Request DefaultFullHttpRequest(decodeResult: success, version: HTTP/1.1, content: EmptyByteBufBE)
GET /session/7d380c480d3a95bc8f8894881e391ab1/element/4a5e970f-d872-45a8-b985-fe4465ab978e/enabled HTTP/1.1
User-Agent: selenium/4.1.2 (java windows)
Cache-Control: no-cache
Content-Type: application/json; charset=utf-8
host: localhost:49927
accept: */*

Response DefaultHttpResponse(decodeResult: success, version: HTTP/1.1)
HTTP/1.1 200 OK
Content-Type: application/json; charset=utf-8
cache-control: no-cache
content-length: 14

21:14:39.543 [AsyncHttpClient-1-8] DEBUG org.asynchttpclient.netty.channel.ChannelManager - Adding key: http://localhost:49927 for channel [id: 0xfee7f827, L:/127.0.0.1:57465 - R:localhost/127.0.0.1:49927]
21:14:39.544 [Forwarding isElementEnabled on session 7d380c480d3a95bc8f8894881e391ab1 to remote] DEBUG org.asynchttpclient.netty.request.NettyRequestSender - Using pooled Channel '[id: 0xfee7f827, L:/127.0.0.1:57465 - R:localhost/127.0.0.1:49927]' for 'GET' to 'http://localhost:49927/session/7d380c480d3a95bc8f8894881e391ab1/element/4a5e970f-d872-45a8-b985-fe4465ab978e/enabled'
21:14:39.544 [Forwarding isElementEnabled on session 7d380c480d3a95bc8f8894881e391ab1 to remote] DEBUG org.asynchttpclient.netty.request.NettyRequestSender - Using open Channel [id: 0xfee7f827, L:/127.0.0.1:57465 - R:localhost/127.0.0.1:49927] for GET '/session/7d380c480d3a95bc8f8894881e391ab1/element/4a5e970f-d872-45a8-b985-fe4465ab978e/enabled'
21:14:39.551 [AsyncHttpClient-1-8] DEBUG org.asynchttpclient.netty.handler.HttpHandler - 

Request DefaultFullHttpRequest(decodeResult: success, version: HTTP/1.1, content: EmptyByteBufBE)
GET /session/7d380c480d3a95bc8f8894881e391ab1/element/4a5e970f-d872-45a8-b985-fe4465ab978e/enabled HTTP/1.1
User-Agent: selenium/4.1.2 (java windows)
Cache-Control: no-cache
Content-Type: application/json; charset=utf-8
host: localhost:49927
accept: */*

Response DefaultHttpResponse(decodeResult: success, version: HTTP/1.1)
HTTP/1.1 200 OK
Content-Type: application/json; charset=utf-8
cache-control: no-cache
content-length: 14

21:14:39.551 [AsyncHttpClient-1-8] DEBUG org.asynchttpclient.netty.channel.ChannelManager - Adding key: http://localhost:49927 for channel [id: 0xfee7f827, L:/127.0.0.1:57465 - R:localhost/127.0.0.1:49927]
21:14:39.558 [Forwarding findElement on session 7d380c480d3a95bc8f8894881e391ab1 to remote] DEBUG org.asynchttpclient.netty.request.NettyRequestSender - Using pooled Channel '[id: 0xfee7f827, L:/127.0.0.1:57465 - R:localhost/127.0.0.1:49927]' for 'POST' to 'http://localhost:49927/session/7d380c480d3a95bc8f8894881e391ab1/element'
21:14:39.558 [Forwarding findElement on session 7d380c480d3a95bc8f8894881e391ab1 to remote] DEBUG org.asynchttpclient.netty.request.NettyRequestSender - Using open Channel [id: 0xfee7f827, L:/127.0.0.1:57465 - R:localhost/127.0.0.1:49927] for POST '/session/7d380c480d3a95bc8f8894881e391ab1/element'
21:14:39.570 [AsyncHttpClient-1-8] DEBUG org.asynchttpclient.netty.handler.HttpHandler - 

Request DefaultHttpRequest(decodeResult: success, version: HTTP/1.1)
POST /session/7d380c480d3a95bc8f8894881e391ab1/element HTTP/1.1
User-Agent: selenium/4.1.2 (java windows)
Content-Length: 150
Content-Type: application/json; charset=utf-8
host: localhost:49927
accept: */*

Response DefaultHttpResponse(decodeResult: success, version: HTTP/1.1)
HTTP/1.1 200 OK
Content-Type: application/json; charset=utf-8
cache-control: no-cache
content-length: 88

21:14:39.570 [AsyncHttpClient-1-8] DEBUG org.asynchttpclient.netty.channel.ChannelManager - Adding key: http://localhost:49927 for channel [id: 0xfee7f827, L:/127.0.0.1:57465 - R:localhost/127.0.0.1:49927]
21:14:39.571 [Forwarding clickElement on session 7d380c480d3a95bc8f8894881e391ab1 to remote] DEBUG org.asynchttpclient.netty.request.NettyRequestSender - Using pooled Channel '[id: 0xfee7f827, L:/127.0.0.1:57465 - R:localhost/127.0.0.1:49927]' for 'POST' to 'http://localhost:49927/session/7d380c480d3a95bc8f8894881e391ab1/element/4a5e970f-d872-45a8-b985-fe4465ab978e/click'
21:14:39.571 [Forwarding clickElement on session 7d380c480d3a95bc8f8894881e391ab1 to remote] DEBUG org.asynchttpclient.netty.request.NettyRequestSender - Using open Channel [id: 0xfee7f827, L:/127.0.0.1:57465 - R:localhost/127.0.0.1:49927] for POST '/session/7d380c480d3a95bc8f8894881e391ab1/element/4a5e970f-d872-45a8-b985-fe4465ab978e/click'
21:14:39.698 [AsyncHttpClient-1-8] DEBUG org.asynchttpclient.netty.handler.HttpHandler - 

Request DefaultHttpRequest(decodeResult: success, version: HTTP/1.1)
POST /session/7d380c480d3a95bc8f8894881e391ab1/element/4a5e970f-d872-45a8-b985-fe4465ab978e/click HTTP/1.1
User-Agent: selenium/4.1.2 (java windows)
Content-Length: 50
Content-Type: application/json; charset=utf-8
host: localhost:49927
accept: */*

Response DefaultHttpResponse(decodeResult: success, version: HTTP/1.1)
HTTP/1.1 200 OK
Content-Type: application/json; charset=utf-8
cache-control: no-cache
content-length: 14

21:14:39.698 [AsyncHttpClient-1-8] DEBUG org.asynchttpclient.netty.channel.ChannelManager - Adding key: http://localhost:49927 for channel [id: 0xfee7f827, L:/127.0.0.1:57465 - R:localhost/127.0.0.1:49927]
21:14:39.703 [Forwarding screenshot on session 7d380c480d3a95bc8f8894881e391ab1 to remote] DEBUG org.asynchttpclient.netty.request.NettyRequestSender - Using pooled Channel '[id: 0xfee7f827, L:/127.0.0.1:57465 - R:localhost/127.0.0.1:49927]' for 'GET' to 'http://localhost:49927/session/7d380c480d3a95bc8f8894881e391ab1/screenshot'
21:14:39.703 [Forwarding screenshot on session 7d380c480d3a95bc8f8894881e391ab1 to remote] DEBUG org.asynchttpclient.netty.request.NettyRequestSender - Using open Channel [id: 0xfee7f827, L:/127.0.0.1:57465 - R:localhost/127.0.0.1:49927] for GET '/session/7d380c480d3a95bc8f8894881e391ab1/screenshot'
21:14:39.910 [AsyncHttpClient-1-8] DEBUG org.asynchttpclient.netty.handler.HttpHandler - 

Request DefaultFullHttpRequest(decodeResult: success, version: HTTP/1.1, content: EmptyByteBufBE)
GET /session/7d380c480d3a95bc8f8894881e391ab1/screenshot HTTP/1.1
User-Agent: selenium/4.1.2 (java windows)
Cache-Control: no-cache
Content-Type: application/json; charset=utf-8
host: localhost:49927
accept: */*

Response DefaultHttpResponse(decodeResult: success, version: HTTP/1.1)
HTTP/1.1 200 OK
Content-Type: application/json; charset=utf-8
cache-control: no-cache
content-length: 90876

21:14:39.911 [AsyncHttpClient-1-8] DEBUG org.asynchttpclient.netty.channel.ChannelManager - Adding key: http://localhost:49927 for channel [id: 0xfee7f827, L:/127.0.0.1:57465 - R:localhost/127.0.0.1:49927]
21:14:39.917 [main] DEBUG net.serenitybdd.core.photography.Darkroom - Send negative for processing for target\site\serenity\138bf13dcafb9b7548c0d18541968cbf918c0c9c8635fd43b7f0e25e20bbbbd3.png
21:14:39.917 [main] DEBUG net.thucydides.core.steps.StepInterceptor - STEP DONE: clickItems3
21:14:39.917 [Darkroom Processing Line] DEBUG net.serenitybdd.core.photography.DarkroomProcessingLine - Processing screenshot image in /var/screenshots/screenshot-8620629915662733291
21:14:39.917 [Darkroom Processing Line] DEBUG net.serenitybdd.core.photography.DarkroomProcessingLine - Saving screenshot to target\site\serenity\138bf13dcafb9b7548c0d18541968cbf918c0c9c8635fd43b7f0e25e20bbbbd3.png
21:14:39.925 [main] DEBUG net.thucydides.core.steps.StepInterceptor - STARTING STEP: TransactionSteps.userClickItems - clickItems3
21:14:39.927 [Forwarding findElement on session 7d380c480d3a95bc8f8894881e391ab1 to remote] DEBUG org.asynchttpclient.netty.request.NettyRequestSender - Using pooled Channel '[id: 0xfee7f827, L:/127.0.0.1:57465 - R:localhost/127.0.0.1:49927]' for 'POST' to 'http://localhost:49927/session/7d380c480d3a95bc8f8894881e391ab1/element'
21:14:39.927 [Forwarding findElement on session 7d380c480d3a95bc8f8894881e391ab1 to remote] DEBUG org.asynchttpclient.netty.request.NettyRequestSender - Using open Channel [id: 0xfee7f827, L:/127.0.0.1:57465 - R:localhost/127.0.0.1:49927] for POST '/session/7d380c480d3a95bc8f8894881e391ab1/element'
21:14:39.941 [AsyncHttpClient-1-8] DEBUG org.asynchttpclient.netty.handler.HttpHandler - 

Request DefaultHttpRequest(decodeResult: success, version: HTTP/1.1)
POST /session/7d380c480d3a95bc8f8894881e391ab1/element HTTP/1.1
User-Agent: selenium/4.1.2 (java windows)
Content-Length: 150
Content-Type: application/json; charset=utf-8
host: localhost:49927
accept: */*

Response DefaultHttpResponse(decodeResult: success, version: HTTP/1.1)
HTTP/1.1 200 OK
Content-Type: application/json; charset=utf-8
cache-control: no-cache
content-length: 88

21:14:39.941 [AsyncHttpClient-1-8] DEBUG org.asynchttpclient.netty.channel.ChannelManager - Adding key: http://localhost:49927 for channel [id: 0xfee7f827, L:/127.0.0.1:57465 - R:localhost/127.0.0.1:49927]
21:14:39.942 [Forwarding getElementTagName on session 7d380c480d3a95bc8f8894881e391ab1 to remote] DEBUG org.asynchttpclient.netty.request.NettyRequestSender - Using pooled Channel '[id: 0xfee7f827, L:/127.0.0.1:57465 - R:localhost/127.0.0.1:49927]' for 'GET' to 'http://localhost:49927/session/7d380c480d3a95bc8f8894881e391ab1/element/4a5e970f-d872-45a8-b985-fe4465ab978e/name'
21:14:39.942 [Forwarding getElementTagName on session 7d380c480d3a95bc8f8894881e391ab1 to remote] DEBUG org.asynchttpclient.netty.request.NettyRequestSender - Using open Channel [id: 0xfee7f827, L:/127.0.0.1:57465 - R:localhost/127.0.0.1:49927] for GET '/session/7d380c480d3a95bc8f8894881e391ab1/element/4a5e970f-d872-45a8-b985-fe4465ab978e/name'
21:14:39.946 [AsyncHttpClient-1-8] DEBUG org.asynchttpclient.netty.handler.HttpHandler - 

Request DefaultFullHttpRequest(decodeResult: success, version: HTTP/1.1, content: EmptyByteBufBE)
GET /session/7d380c480d3a95bc8f8894881e391ab1/element/4a5e970f-d872-45a8-b985-fe4465ab978e/name HTTP/1.1
User-Agent: selenium/4.1.2 (java windows)
Cache-Control: no-cache
Content-Type: application/json; charset=utf-8
host: localhost:49927
accept: */*

Response DefaultHttpResponse(decodeResult: success, version: HTTP/1.1)
HTTP/1.1 200 OK
Content-Type: application/json; charset=utf-8
cache-control: no-cache
content-length: 18

21:14:39.946 [AsyncHttpClient-1-8] DEBUG org.asynchttpclient.netty.channel.ChannelManager - Adding key: http://localhost:49927 for channel [id: 0xfee7f827, L:/127.0.0.1:57465 - R:localhost/127.0.0.1:49927]
21:14:39.948 [Forwarding getElementTagName on session 7d380c480d3a95bc8f8894881e391ab1 to remote] DEBUG org.asynchttpclient.netty.request.NettyRequestSender - Using pooled Channel '[id: 0xfee7f827, L:/127.0.0.1:57465 - R:localhost/127.0.0.1:49927]' for 'GET' to 'http://localhost:49927/session/7d380c480d3a95bc8f8894881e391ab1/element/4a5e970f-d872-45a8-b985-fe4465ab978e/name'
21:14:39.948 [Forwarding getElementTagName on session 7d380c480d3a95bc8f8894881e391ab1 to remote] DEBUG org.asynchttpclient.netty.request.NettyRequestSender - Using open Channel [id: 0xfee7f827, L:/127.0.0.1:57465 - R:localhost/127.0.0.1:49927] for GET '/session/7d380c480d3a95bc8f8894881e391ab1/element/4a5e970f-d872-45a8-b985-fe4465ab978e/name'
21:14:39.951 [AsyncHttpClient-1-8] DEBUG org.asynchttpclient.netty.handler.HttpHandler - 

Request DefaultFullHttpRequest(decodeResult: success, version: HTTP/1.1, content: EmptyByteBufBE)
GET /session/7d380c480d3a95bc8f8894881e391ab1/element/4a5e970f-d872-45a8-b985-fe4465ab978e/name HTTP/1.1
User-Agent: selenium/4.1.2 (java windows)
Cache-Control: no-cache
Content-Type: application/json; charset=utf-8
host: localhost:49927
accept: */*

Response DefaultHttpResponse(decodeResult: success, version: HTTP/1.1)
HTTP/1.1 200 OK
Content-Type: application/json; charset=utf-8
cache-control: no-cache
content-length: 18

21:14:39.951 [AsyncHttpClient-1-8] DEBUG org.asynchttpclient.netty.channel.ChannelManager - Adding key: http://localhost:49927 for channel [id: 0xfee7f827, L:/127.0.0.1:57465 - R:localhost/127.0.0.1:49927]
21:14:39.954 [Forwarding isElementEnabled on session 7d380c480d3a95bc8f8894881e391ab1 to remote] DEBUG org.asynchttpclient.netty.request.NettyRequestSender - Using pooled Channel '[id: 0xfee7f827, L:/127.0.0.1:57465 - R:localhost/127.0.0.1:49927]' for 'GET' to 'http://localhost:49927/session/7d380c480d3a95bc8f8894881e391ab1/element/4a5e970f-d872-45a8-b985-fe4465ab978e/enabled'
21:14:39.954 [Forwarding isElementEnabled on session 7d380c480d3a95bc8f8894881e391ab1 to remote] DEBUG org.asynchttpclient.netty.request.NettyRequestSender - Using open Channel [id: 0xfee7f827, L:/127.0.0.1:57465 - R:localhost/127.0.0.1:49927] for GET '/session/7d380c480d3a95bc8f8894881e391ab1/element/4a5e970f-d872-45a8-b985-fe4465ab978e/enabled'
21:14:39.962 [AsyncHttpClient-1-8] DEBUG org.asynchttpclient.netty.handler.HttpHandler - 

Request DefaultFullHttpRequest(decodeResult: success, version: HTTP/1.1, content: EmptyByteBufBE)
GET /session/7d380c480d3a95bc8f8894881e391ab1/element/4a5e970f-d872-45a8-b985-fe4465ab978e/enabled HTTP/1.1
User-Agent: selenium/4.1.2 (java windows)
Cache-Control: no-cache
Content-Type: application/json; charset=utf-8
host: localhost:49927
accept: */*

Response DefaultHttpResponse(decodeResult: success, version: HTTP/1.1)
HTTP/1.1 200 OK
Content-Type: application/json; charset=utf-8
cache-control: no-cache
content-length: 14

21:14:39.962 [AsyncHttpClient-1-8] DEBUG org.asynchttpclient.netty.channel.ChannelManager - Adding key: http://localhost:49927 for channel [id: 0xfee7f827, L:/127.0.0.1:57465 - R:localhost/127.0.0.1:49927]
21:14:39.963 [Forwarding isElementEnabled on session 7d380c480d3a95bc8f8894881e391ab1 to remote] DEBUG org.asynchttpclient.netty.request.NettyRequestSender - Using pooled Channel '[id: 0xfee7f827, L:/127.0.0.1:57465 - R:localhost/127.0.0.1:49927]' for 'GET' to 'http://localhost:49927/session/7d380c480d3a95bc8f8894881e391ab1/element/4a5e970f-d872-45a8-b985-fe4465ab978e/enabled'
21:14:39.964 [Forwarding isElementEnabled on session 7d380c480d3a95bc8f8894881e391ab1 to remote] DEBUG org.asynchttpclient.netty.request.NettyRequestSender - Using open Channel [id: 0xfee7f827, L:/127.0.0.1:57465 - R:localhost/127.0.0.1:49927] for GET '/session/7d380c480d3a95bc8f8894881e391ab1/element/4a5e970f-d872-45a8-b985-fe4465ab978e/enabled'
21:14:39.971 [AsyncHttpClient-1-8] DEBUG org.asynchttpclient.netty.handler.HttpHandler - 

Request DefaultFullHttpRequest(decodeResult: success, version: HTTP/1.1, content: EmptyByteBufBE)
GET /session/7d380c480d3a95bc8f8894881e391ab1/element/4a5e970f-d872-45a8-b985-fe4465ab978e/enabled HTTP/1.1
User-Agent: selenium/4.1.2 (java windows)
Cache-Control: no-cache
Content-Type: application/json; charset=utf-8
host: localhost:49927
accept: */*

Response DefaultHttpResponse(decodeResult: success, version: HTTP/1.1)
HTTP/1.1 200 OK
Content-Type: application/json; charset=utf-8
cache-control: no-cache
content-length: 14

21:14:39.971 [AsyncHttpClient-1-8] DEBUG org.asynchttpclient.netty.channel.ChannelManager - Adding key: http://localhost:49927 for channel [id: 0xfee7f827, L:/127.0.0.1:57465 - R:localhost/127.0.0.1:49927]
21:14:39.973 [Forwarding findElement on session 7d380c480d3a95bc8f8894881e391ab1 to remote] DEBUG org.asynchttpclient.netty.request.NettyRequestSender - Using pooled Channel '[id: 0xfee7f827, L:/127.0.0.1:57465 - R:localhost/127.0.0.1:49927]' for 'POST' to 'http://localhost:49927/session/7d380c480d3a95bc8f8894881e391ab1/element'
21:14:39.973 [Forwarding findElement on session 7d380c480d3a95bc8f8894881e391ab1 to remote] DEBUG org.asynchttpclient.netty.request.NettyRequestSender - Using open Channel [id: 0xfee7f827, L:/127.0.0.1:57465 - R:localhost/127.0.0.1:49927] for POST '/session/7d380c480d3a95bc8f8894881e391ab1/element'
21:14:39.986 [AsyncHttpClient-1-8] DEBUG org.asynchttpclient.netty.handler.HttpHandler - 

Request DefaultHttpRequest(decodeResult: success, version: HTTP/1.1)
POST /session/7d380c480d3a95bc8f8894881e391ab1/element HTTP/1.1
User-Agent: selenium/4.1.2 (java windows)
Content-Length: 150
Content-Type: application/json; charset=utf-8
host: localhost:49927
accept: */*

Response DefaultHttpResponse(decodeResult: success, version: HTTP/1.1)
HTTP/1.1 200 OK
Content-Type: application/json; charset=utf-8
cache-control: no-cache
content-length: 88

21:14:39.986 [AsyncHttpClient-1-8] DEBUG org.asynchttpclient.netty.channel.ChannelManager - Adding key: http://localhost:49927 for channel [id: 0xfee7f827, L:/127.0.0.1:57465 - R:localhost/127.0.0.1:49927]
21:14:39.987 [Forwarding clickElement on session 7d380c480d3a95bc8f8894881e391ab1 to remote] DEBUG org.asynchttpclient.netty.request.NettyRequestSender - Using pooled Channel '[id: 0xfee7f827, L:/127.0.0.1:57465 - R:localhost/127.0.0.1:49927]' for 'POST' to 'http://localhost:49927/session/7d380c480d3a95bc8f8894881e391ab1/element/4a5e970f-d872-45a8-b985-fe4465ab978e/click'
21:14:39.987 [Forwarding clickElement on session 7d380c480d3a95bc8f8894881e391ab1 to remote] DEBUG org.asynchttpclient.netty.request.NettyRequestSender - Using open Channel [id: 0xfee7f827, L:/127.0.0.1:57465 - R:localhost/127.0.0.1:49927] for POST '/session/7d380c480d3a95bc8f8894881e391ab1/element/4a5e970f-d872-45a8-b985-fe4465ab978e/click'
21:14:40.072 [AsyncHttpClient-1-8] DEBUG org.asynchttpclient.netty.handler.HttpHandler - 

Request DefaultHttpRequest(decodeResult: success, version: HTTP/1.1)
POST /session/7d380c480d3a95bc8f8894881e391ab1/element/4a5e970f-d872-45a8-b985-fe4465ab978e/click HTTP/1.1
User-Agent: selenium/4.1.2 (java windows)
Content-Length: 50
Content-Type: application/json; charset=utf-8
host: localhost:49927
accept: */*

Response DefaultHttpResponse(decodeResult: success, version: HTTP/1.1)
HTTP/1.1 200 OK
Content-Type: application/json; charset=utf-8
cache-control: no-cache
content-length: 14

21:14:40.072 [AsyncHttpClient-1-8] DEBUG org.asynchttpclient.netty.channel.ChannelManager - Adding key: http://localhost:49927 for channel [id: 0xfee7f827, L:/127.0.0.1:57465 - R:localhost/127.0.0.1:49927]
21:14:40.081 [Forwarding screenshot on session 7d380c480d3a95bc8f8894881e391ab1 to remote] DEBUG org.asynchttpclient.netty.request.NettyRequestSender - Using pooled Channel '[id: 0xfee7f827, L:/127.0.0.1:57465 - R:localhost/127.0.0.1:49927]' for 'GET' to 'http://localhost:49927/session/7d380c480d3a95bc8f8894881e391ab1/screenshot'
21:14:40.081 [Forwarding screenshot on session 7d380c480d3a95bc8f8894881e391ab1 to remote] DEBUG org.asynchttpclient.netty.request.NettyRequestSender - Using open Channel [id: 0xfee7f827, L:/127.0.0.1:57465 - R:localhost/127.0.0.1:49927] for GET '/session/7d380c480d3a95bc8f8894881e391ab1/screenshot'
21:14:40.191 [AsyncHttpClient-1-1] DEBUG org.asynchttpclient.netty.channel.DefaultChannelPool - Entry count for : http://localhost:57466 : 1
21:14:40.309 [AsyncHttpClient-1-8] DEBUG org.asynchttpclient.netty.handler.HttpHandler - 

Request DefaultFullHttpRequest(decodeResult: success, version: HTTP/1.1, content: EmptyByteBufBE)
GET /session/7d380c480d3a95bc8f8894881e391ab1/screenshot HTTP/1.1
User-Agent: selenium/4.1.2 (java windows)
Cache-Control: no-cache
Content-Type: application/json; charset=utf-8
host: localhost:49927
accept: */*

Response DefaultHttpResponse(decodeResult: success, version: HTTP/1.1)
HTTP/1.1 200 OK
Content-Type: application/json; charset=utf-8
cache-control: no-cache
content-length: 90320

21:14:40.309 [AsyncHttpClient-1-8] DEBUG org.asynchttpclient.netty.channel.ChannelManager - Adding key: http://localhost:49927 for channel [id: 0xfee7f827, L:/127.0.0.1:57465 - R:localhost/127.0.0.1:49927]
21:14:40.315 [main] DEBUG net.serenitybdd.core.photography.Darkroom - Send negative for processing for target\site\serenity\7d95c891f82730767fa292a824a74f315d695992c810dcbd057d3ffd4226447a.png
21:14:40.315 [main] DEBUG net.thucydides.core.steps.StepInterceptor - STEP DONE: clickItems3
  &amp#27;[32mAnd &amp#27;[0m&amp#27;[32muser click items&amp#27;[0m                                    &amp#27;[90m# starter.stepdefenitions.TransactionSteps.userClickItems()&amp#27;[0m
21:14:40.315 [Darkroom Processing Line] DEBUG net.serenitybdd.core.photography.DarkroomProcessingLine - Processing screenshot image in /var/screenshots/screenshot-490971904410191376
21:14:40.315 [Darkroom Processing Line] DEBUG net.serenitybdd.core.photography.DarkroomProcessingLine - Saving screenshot to target\site\serenity\7d95c891f82730767fa292a824a74f315d695992c810dcbd057d3ffd4226447a.png
21:14:40.331 [main] DEBUG net.thucydides.core.steps.StepInterceptor - STARTING STEP: TransactionSteps.userClickIconBasket - clickIconBasket
21:14:40.333 [Forwarding findElement on session 7d380c480d3a95bc8f8894881e391ab1 to remote] DEBUG org.asynchttpclient.netty.request.NettyRequestSender - Using pooled Channel '[id: 0xfee7f827, L:/127.0.0.1:57465 - R:localhost/127.0.0.1:49927]' for 'POST' to 'http://localhost:49927/session/7d380c480d3a95bc8f8894881e391ab1/element'
21:14:40.333 [Forwarding findElement on session 7d380c480d3a95bc8f8894881e391ab1 to remote] DEBUG org.asynchttpclient.netty.request.NettyRequestSender - Using open Channel [id: 0xfee7f827, L:/127.0.0.1:57465 - R:localhost/127.0.0.1:49927] for POST '/session/7d380c480d3a95bc8f8894881e391ab1/element'
21:14:40.349 [AsyncHttpClient-1-8] DEBUG org.asynchttpclient.netty.handler.HttpHandler - 

Request DefaultHttpRequest(decodeResult: success, version: HTTP/1.1)
POST /session/7d380c480d3a95bc8f8894881e391ab1/element HTTP/1.1
User-Agent: selenium/4.1.2 (java windows)
Content-Length: 129
Content-Type: application/json; charset=utf-8
host: localhost:49927
accept: */*

Response DefaultHttpResponse(decodeResult: success, version: HTTP/1.1)
HTTP/1.1 200 OK
Content-Type: application/json; charset=utf-8
cache-control: no-cache
content-length: 88

21:14:40.349 [AsyncHttpClient-1-8] DEBUG org.asynchttpclient.netty.channel.ChannelManager - Adding key: http://localhost:49927 for channel [id: 0xfee7f827, L:/127.0.0.1:57465 - R:localhost/127.0.0.1:49927]
21:14:40.351 [Forwarding getElementTagName on session 7d380c480d3a95bc8f8894881e391ab1 to remote] DEBUG org.asynchttpclient.netty.request.NettyRequestSender - Using pooled Channel '[id: 0xfee7f827, L:/127.0.0.1:57465 - R:localhost/127.0.0.1:49927]' for 'GET' to 'http://localhost:49927/session/7d380c480d3a95bc8f8894881e391ab1/element/45dcbeac-58a8-4d6b-be3f-1a9381c344f0/name'
21:14:40.351 [Forwarding getElementTagName on session 7d380c480d3a95bc8f8894881e391ab1 to remote] DEBUG org.asynchttpclient.netty.request.NettyRequestSender - Using open Channel [id: 0xfee7f827, L:/127.0.0.1:57465 - R:localhost/127.0.0.1:49927] for GET '/session/7d380c480d3a95bc8f8894881e391ab1/element/45dcbeac-58a8-4d6b-be3f-1a9381c344f0/name'
21:14:40.356 [AsyncHttpClient-1-8] DEBUG org.asynchttpclient.netty.handler.HttpHandler - 

Request DefaultFullHttpRequest(decodeResult: success, version: HTTP/1.1, content: EmptyByteBufBE)
GET /session/7d380c480d3a95bc8f8894881e391ab1/element/45dcbeac-58a8-4d6b-be3f-1a9381c344f0/name HTTP/1.1
User-Agent: selenium/4.1.2 (java windows)
Cache-Control: no-cache
Content-Type: application/json; charset=utf-8
host: localhost:49927
accept: */*

Response DefaultHttpResponse(decodeResult: success, version: HTTP/1.1)
HTTP/1.1 200 OK
Content-Type: application/json; charset=utf-8
cache-control: no-cache
content-length: 18

21:14:40.356 [AsyncHttpClient-1-8] DEBUG org.asynchttpclient.netty.channel.ChannelManager - Adding key: http://localhost:49927 for channel [id: 0xfee7f827, L:/127.0.0.1:57465 - R:localhost/127.0.0.1:49927]
21:14:40.357 [Forwarding getElementTagName on session 7d380c480d3a95bc8f8894881e391ab1 to remote] DEBUG org.asynchttpclient.netty.request.NettyRequestSender - Using pooled Channel '[id: 0xfee7f827, L:/127.0.0.1:57465 - R:localhost/127.0.0.1:49927]' for 'GET' to 'http://localhost:49927/session/7d380c480d3a95bc8f8894881e391ab1/element/45dcbeac-58a8-4d6b-be3f-1a9381c344f0/name'
21:14:40.357 [Forwarding getElementTagName on session 7d380c480d3a95bc8f8894881e391ab1 to remote] DEBUG org.asynchttpclient.netty.request.NettyRequestSender - Using open Channel [id: 0xfee7f827, L:/127.0.0.1:57465 - R:localhost/127.0.0.1:49927] for GET '/session/7d380c480d3a95bc8f8894881e391ab1/element/45dcbeac-58a8-4d6b-be3f-1a9381c344f0/name'
21:14:40.362 [AsyncHttpClient-1-8] DEBUG org.asynchttpclient.netty.handler.HttpHandler - 

Request DefaultFullHttpRequest(decodeResult: success, version: HTTP/1.1, content: EmptyByteBufBE)
GET /session/7d380c480d3a95bc8f8894881e391ab1/element/45dcbeac-58a8-4d6b-be3f-1a9381c344f0/name HTTP/1.1
User-Agent: selenium/4.1.2 (java windows)
Cache-Control: no-cache
Content-Type: application/json; charset=utf-8
host: localhost:49927
accept: */*

Response DefaultHttpResponse(decodeResult: success, version: HTTP/1.1)
HTTP/1.1 200 OK
Content-Type: application/json; charset=utf-8
cache-control: no-cache
content-length: 18

21:14:40.362 [AsyncHttpClient-1-8] DEBUG org.asynchttpclient.netty.channel.ChannelManager - Adding key: http://localhost:49927 for channel [id: 0xfee7f827, L:/127.0.0.1:57465 - R:localhost/127.0.0.1:49927]
21:14:40.364 [Forwarding isElementEnabled on session 7d380c480d3a95bc8f8894881e391ab1 to remote] DEBUG org.asynchttpclient.netty.request.NettyRequestSender - Using pooled Channel '[id: 0xfee7f827, L:/127.0.0.1:57465 - R:localhost/127.0.0.1:49927]' for 'GET' to 'http://localhost:49927/session/7d380c480d3a95bc8f8894881e391ab1/element/45dcbeac-58a8-4d6b-be3f-1a9381c344f0/enabled'
21:14:40.364 [Forwarding isElementEnabled on session 7d380c480d3a95bc8f8894881e391ab1 to remote] DEBUG org.asynchttpclient.netty.request.NettyRequestSender - Using open Channel [id: 0xfee7f827, L:/127.0.0.1:57465 - R:localhost/127.0.0.1:49927] for GET '/session/7d380c480d3a95bc8f8894881e391ab1/element/45dcbeac-58a8-4d6b-be3f-1a9381c344f0/enabled'
21:14:40.373 [AsyncHttpClient-1-8] DEBUG org.asynchttpclient.netty.handler.HttpHandler - 

Request DefaultFullHttpRequest(decodeResult: success, version: HTTP/1.1, content: EmptyByteBufBE)
GET /session/7d380c480d3a95bc8f8894881e391ab1/element/45dcbeac-58a8-4d6b-be3f-1a9381c344f0/enabled HTTP/1.1
User-Agent: selenium/4.1.2 (java windows)
Cache-Control: no-cache
Content-Type: application/json; charset=utf-8
host: localhost:49927
accept: */*

Response DefaultHttpResponse(decodeResult: success, version: HTTP/1.1)
HTTP/1.1 200 OK
Content-Type: application/json; charset=utf-8
cache-control: no-cache
content-length: 14

21:14:40.373 [AsyncHttpClient-1-8] DEBUG org.asynchttpclient.netty.channel.ChannelManager - Adding key: http://localhost:49927 for channel [id: 0xfee7f827, L:/127.0.0.1:57465 - R:localhost/127.0.0.1:49927]
21:14:40.374 [Forwarding isElementEnabled on session 7d380c480d3a95bc8f8894881e391ab1 to remote] DEBUG org.asynchttpclient.netty.request.NettyRequestSender - Using pooled Channel '[id: 0xfee7f827, L:/127.0.0.1:57465 - R:localhost/127.0.0.1:49927]' for 'GET' to 'http://localhost:49927/session/7d380c480d3a95bc8f8894881e391ab1/element/45dcbeac-58a8-4d6b-be3f-1a9381c344f0/enabled'
21:14:40.374 [Forwarding isElementEnabled on session 7d380c480d3a95bc8f8894881e391ab1 to remote] DEBUG org.asynchttpclient.netty.request.NettyRequestSender - Using open Channel [id: 0xfee7f827, L:/127.0.0.1:57465 - R:localhost/127.0.0.1:49927] for GET '/session/7d380c480d3a95bc8f8894881e391ab1/element/45dcbeac-58a8-4d6b-be3f-1a9381c344f0/enabled'
21:14:40.380 [AsyncHttpClient-1-8] DEBUG org.asynchttpclient.netty.handler.HttpHandler - 

Request DefaultFullHttpRequest(decodeResult: success, version: HTTP/1.1, content: EmptyByteBufBE)
GET /session/7d380c480d3a95bc8f8894881e391ab1/element/45dcbeac-58a8-4d6b-be3f-1a9381c344f0/enabled HTTP/1.1
User-Agent: selenium/4.1.2 (java windows)
Cache-Control: no-cache
Content-Type: application/json; charset=utf-8
host: localhost:49927
accept: */*

Response DefaultHttpResponse(decodeResult: success, version: HTTP/1.1)
HTTP/1.1 200 OK
Content-Type: application/json; charset=utf-8
cache-control: no-cache
content-length: 14

21:14:40.380 [AsyncHttpClient-1-8] DEBUG org.asynchttpclient.netty.channel.ChannelManager - Adding key: http://localhost:49927 for channel [id: 0xfee7f827, L:/127.0.0.1:57465 - R:localhost/127.0.0.1:49927]
21:14:40.382 [Forwarding findElement on session 7d380c480d3a95bc8f8894881e391ab1 to remote] DEBUG org.asynchttpclient.netty.request.NettyRequestSender - Using pooled Channel '[id: 0xfee7f827, L:/127.0.0.1:57465 - R:localhost/127.0.0.1:49927]' for 'POST' to 'http://localhost:49927/session/7d380c480d3a95bc8f8894881e391ab1/element'
21:14:40.382 [Forwarding findElement on session 7d380c480d3a95bc8f8894881e391ab1 to remote] DEBUG org.asynchttpclient.netty.request.NettyRequestSender - Using open Channel [id: 0xfee7f827, L:/127.0.0.1:57465 - R:localhost/127.0.0.1:49927] for POST '/session/7d380c480d3a95bc8f8894881e391ab1/element'
21:14:40.393 [AsyncHttpClient-1-8] DEBUG org.asynchttpclient.netty.handler.HttpHandler - 

Request DefaultHttpRequest(decodeResult: success, version: HTTP/1.1)
POST /session/7d380c480d3a95bc8f8894881e391ab1/element HTTP/1.1
User-Agent: selenium/4.1.2 (java windows)
Content-Length: 129
Content-Type: application/json; charset=utf-8
host: localhost:49927
accept: */*

Response DefaultHttpResponse(decodeResult: success, version: HTTP/1.1)
HTTP/1.1 200 OK
Content-Type: application/json; charset=utf-8
cache-control: no-cache
content-length: 88

21:14:40.393 [AsyncHttpClient-1-8] DEBUG org.asynchttpclient.netty.channel.ChannelManager - Adding key: http://localhost:49927 for channel [id: 0xfee7f827, L:/127.0.0.1:57465 - R:localhost/127.0.0.1:49927]
21:14:40.394 [Forwarding clickElement on session 7d380c480d3a95bc8f8894881e391ab1 to remote] DEBUG org.asynchttpclient.netty.request.NettyRequestSender - Using pooled Channel '[id: 0xfee7f827, L:/127.0.0.1:57465 - R:localhost/127.0.0.1:49927]' for 'POST' to 'http://localhost:49927/session/7d380c480d3a95bc8f8894881e391ab1/element/45dcbeac-58a8-4d6b-be3f-1a9381c344f0/click'
21:14:40.394 [Forwarding clickElement on session 7d380c480d3a95bc8f8894881e391ab1 to remote] DEBUG org.asynchttpclient.netty.request.NettyRequestSender - Using open Channel [id: 0xfee7f827, L:/127.0.0.1:57465 - R:localhost/127.0.0.1:49927] for POST '/session/7d380c480d3a95bc8f8894881e391ab1/element/45dcbeac-58a8-4d6b-be3f-1a9381c344f0/click'
21:14:40.451 [AsyncHttpClient-1-8] DEBUG org.asynchttpclient.netty.handler.HttpHandler - 

Request DefaultHttpRequest(decodeResult: success, version: HTTP/1.1)
POST /session/7d380c480d3a95bc8f8894881e391ab1/element/45dcbeac-58a8-4d6b-be3f-1a9381c344f0/click HTTP/1.1
User-Agent: selenium/4.1.2 (java windows)
Content-Length: 50
Content-Type: application/json; charset=utf-8
host: localhost:49927
accept: */*

Response DefaultHttpResponse(decodeResult: success, version: HTTP/1.1)
HTTP/1.1 200 OK
Content-Type: application/json; charset=utf-8
cache-control: no-cache
content-length: 14

21:14:40.451 [AsyncHttpClient-1-8] DEBUG org.asynchttpclient.netty.channel.ChannelManager - Adding key: http://localhost:49927 for channel [id: 0xfee7f827, L:/127.0.0.1:57465 - R:localhost/127.0.0.1:49927]
21:14:40.463 [Forwarding screenshot on session 7d380c480d3a95bc8f8894881e391ab1 to remote] DEBUG org.asynchttpclient.netty.request.NettyRequestSender - Using pooled Channel '[id: 0xfee7f827, L:/127.0.0.1:57465 - R:localhost/127.0.0.1:49927]' for 'GET' to 'http://localhost:49927/session/7d380c480d3a95bc8f8894881e391ab1/screenshot'
21:14:40.463 [Forwarding screenshot on session 7d380c480d3a95bc8f8894881e391ab1 to remote] DEBUG org.asynchttpclient.netty.request.NettyRequestSender - Using open Channel [id: 0xfee7f827, L:/127.0.0.1:57465 - R:localhost/127.0.0.1:49927] for GET '/session/7d380c480d3a95bc8f8894881e391ab1/screenshot'
21:14:40.803 [AsyncHttpClient-1-8] DEBUG org.asynchttpclient.netty.handler.HttpHandler - 

Request DefaultFullHttpRequest(decodeResult: success, version: HTTP/1.1, content: EmptyByteBufBE)
GET /session/7d380c480d3a95bc8f8894881e391ab1/screenshot HTTP/1.1
User-Agent: selenium/4.1.2 (java windows)
Cache-Control: no-cache
Content-Type: application/json; charset=utf-8
host: localhost:49927
accept: */*

Response DefaultHttpResponse(decodeResult: success, version: HTTP/1.1)
HTTP/1.1 200 OK
Content-Type: application/json; charset=utf-8
cache-control: no-cache
content-length: 48188

21:14:40.803 [AsyncHttpClient-1-8] DEBUG org.asynchttpclient.netty.channel.ChannelManager - Adding key: http://localhost:49927 for channel [id: 0xfee7f827, L:/127.0.0.1:57465 - R:localhost/127.0.0.1:49927]
21:14:40.806 [main] DEBUG net.serenitybdd.core.photography.Darkroom - Send negative for processing for target\site\serenity\9e82605a9842dbdf36f523f3028ae2e2ddd9ab9d3de7ce8c6294e2d927e93921.png
21:14:40.806 [main] DEBUG net.thucydides.core.steps.StepInterceptor - STEP DONE: clickIconBasket
  &amp#27;[32mAnd &amp#27;[0m&amp#27;[32muser click icon basket&amp#27;[0m                              &amp#27;[90m# starter.stepdefenitions.TransactionSteps.userClickIconBasket()&amp#27;[0m
21:14:40.806 [Darkroom Processing Line] DEBUG net.serenitybdd.core.photography.DarkroomProcessingLine - Processing screenshot image in /var/screenshots/screenshot-5488381601202970691
21:14:40.807 [Darkroom Processing Line] DEBUG net.serenitybdd.core.photography.DarkroomProcessingLine - Saving screenshot to target\site\serenity\9e82605a9842dbdf36f523f3028ae2e2ddd9ab9d3de7ce8c6294e2d927e93921.png
21:14:40.820 [main] DEBUG net.thucydides.core.steps.StepInterceptor - STARTING STEP: TransactionSteps.userClickPayButton - clickPayButton
21:14:40.823 [Forwarding findElement on session 7d380c480d3a95bc8f8894881e391ab1 to remote] DEBUG org.asynchttpclient.netty.request.NettyRequestSender - Using pooled Channel '[id: 0xfee7f827, L:/127.0.0.1:57465 - R:localhost/127.0.0.1:49927]' for 'POST' to 'http://localhost:49927/session/7d380c480d3a95bc8f8894881e391ab1/element'
21:14:40.823 [Forwarding findElement on session 7d380c480d3a95bc8f8894881e391ab1 to remote] DEBUG org.asynchttpclient.netty.request.NettyRequestSender - Using open Channel [id: 0xfee7f827, L:/127.0.0.1:57465 - R:localhost/127.0.0.1:49927] for POST '/session/7d380c480d3a95bc8f8894881e391ab1/element'
21:14:40.836 [AsyncHttpClient-1-8] DEBUG org.asynchttpclient.netty.handler.HttpHandler - 

Request DefaultHttpRequest(decodeResult: success, version: HTTP/1.1)
POST /session/7d380c480d3a95bc8f8894881e391ab1/element HTTP/1.1
User-Agent: selenium/4.1.2 (java windows)
Content-Length: 59
Content-Type: application/json; charset=utf-8
host: localhost:49927
accept: */*

Response DefaultHttpResponse(decodeResult: success, version: HTTP/1.1)
HTTP/1.1 200 OK
Content-Type: application/json; charset=utf-8
cache-control: no-cache
content-length: 88

21:14:40.836 [AsyncHttpClient-1-8] DEBUG org.asynchttpclient.netty.channel.ChannelManager - Adding key: http://localhost:49927 for channel [id: 0xfee7f827, L:/127.0.0.1:57465 - R:localhost/127.0.0.1:49927]
21:14:40.837 [Forwarding getElementTagName on session 7d380c480d3a95bc8f8894881e391ab1 to remote] DEBUG org.asynchttpclient.netty.request.NettyRequestSender - Using pooled Channel '[id: 0xfee7f827, L:/127.0.0.1:57465 - R:localhost/127.0.0.1:49927]' for 'GET' to 'http://localhost:49927/session/7d380c480d3a95bc8f8894881e391ab1/element/ff3b4b82-dda7-4017-a46e-29e2b9b9305c/name'
21:14:40.837 [Forwarding getElementTagName on session 7d380c480d3a95bc8f8894881e391ab1 to remote] DEBUG org.asynchttpclient.netty.request.NettyRequestSender - Using open Channel [id: 0xfee7f827, L:/127.0.0.1:57465 - R:localhost/127.0.0.1:49927] for GET '/session/7d380c480d3a95bc8f8894881e391ab1/element/ff3b4b82-dda7-4017-a46e-29e2b9b9305c/name'
21:14:40.841 [AsyncHttpClient-1-8] DEBUG org.asynchttpclient.netty.handler.HttpHandler - 

Request DefaultFullHttpRequest(decodeResult: success, version: HTTP/1.1, content: EmptyByteBufBE)
GET /session/7d380c480d3a95bc8f8894881e391ab1/element/ff3b4b82-dda7-4017-a46e-29e2b9b9305c/name HTTP/1.1
User-Agent: selenium/4.1.2 (java windows)
Cache-Control: no-cache
Content-Type: application/json; charset=utf-8
host: localhost:49927
accept: */*

Response DefaultHttpResponse(decodeResult: success, version: HTTP/1.1)
HTTP/1.1 200 OK
Content-Type: application/json; charset=utf-8
cache-control: no-cache
content-length: 18

21:14:40.841 [AsyncHttpClient-1-8] DEBUG org.asynchttpclient.netty.channel.ChannelManager - Adding key: http://localhost:49927 for channel [id: 0xfee7f827, L:/127.0.0.1:57465 - R:localhost/127.0.0.1:49927]
21:14:40.842 [Forwarding getElementTagName on session 7d380c480d3a95bc8f8894881e391ab1 to remote] DEBUG org.asynchttpclient.netty.request.NettyRequestSender - Using pooled Channel '[id: 0xfee7f827, L:/127.0.0.1:57465 - R:localhost/127.0.0.1:49927]' for 'GET' to 'http://localhost:49927/session/7d380c480d3a95bc8f8894881e391ab1/element/ff3b4b82-dda7-4017-a46e-29e2b9b9305c/name'
21:14:40.842 [Forwarding getElementTagName on session 7d380c480d3a95bc8f8894881e391ab1 to remote] DEBUG org.asynchttpclient.netty.request.NettyRequestSender - Using open Channel [id: 0xfee7f827, L:/127.0.0.1:57465 - R:localhost/127.0.0.1:49927] for GET '/session/7d380c480d3a95bc8f8894881e391ab1/element/ff3b4b82-dda7-4017-a46e-29e2b9b9305c/name'
21:14:40.847 [AsyncHttpClient-1-8] DEBUG org.asynchttpclient.netty.handler.HttpHandler - 

Request DefaultFullHttpRequest(decodeResult: success, version: HTTP/1.1, content: EmptyByteBufBE)
GET /session/7d380c480d3a95bc8f8894881e391ab1/element/ff3b4b82-dda7-4017-a46e-29e2b9b9305c/name HTTP/1.1
User-Agent: selenium/4.1.2 (java windows)
Cache-Control: no-cache
Content-Type: application/json; charset=utf-8
host: localhost:49927
accept: */*

Response DefaultHttpResponse(decodeResult: success, version: HTTP/1.1)
HTTP/1.1 200 OK
Content-Type: application/json; charset=utf-8
cache-control: no-cache
content-length: 18

21:14:40.847 [AsyncHttpClient-1-8] DEBUG org.asynchttpclient.netty.channel.ChannelManager - Adding key: http://localhost:49927 for channel [id: 0xfee7f827, L:/127.0.0.1:57465 - R:localhost/127.0.0.1:49927]
21:14:40.849 [Forwarding isElementEnabled on session 7d380c480d3a95bc8f8894881e391ab1 to remote] DEBUG org.asynchttpclient.netty.request.NettyRequestSender - Using pooled Channel '[id: 0xfee7f827, L:/127.0.0.1:57465 - R:localhost/127.0.0.1:49927]' for 'GET' to 'http://localhost:49927/session/7d380c480d3a95bc8f8894881e391ab1/element/ff3b4b82-dda7-4017-a46e-29e2b9b9305c/enabled'
21:14:40.849 [Forwarding isElementEnabled on session 7d380c480d3a95bc8f8894881e391ab1 to remote] DEBUG org.asynchttpclient.netty.request.NettyRequestSender - Using open Channel [id: 0xfee7f827, L:/127.0.0.1:57465 - R:localhost/127.0.0.1:49927] for GET '/session/7d380c480d3a95bc8f8894881e391ab1/element/ff3b4b82-dda7-4017-a46e-29e2b9b9305c/enabled'
21:14:40.857 [AsyncHttpClient-1-8] DEBUG org.asynchttpclient.netty.handler.HttpHandler - 

Request DefaultFullHttpRequest(decodeResult: success, version: HTTP/1.1, content: EmptyByteBufBE)
GET /session/7d380c480d3a95bc8f8894881e391ab1/element/ff3b4b82-dda7-4017-a46e-29e2b9b9305c/enabled HTTP/1.1
User-Agent: selenium/4.1.2 (java windows)
Cache-Control: no-cache
Content-Type: application/json; charset=utf-8
host: localhost:49927
accept: */*

Response DefaultHttpResponse(decodeResult: success, version: HTTP/1.1)
HTTP/1.1 200 OK
Content-Type: application/json; charset=utf-8
cache-control: no-cache
content-length: 14

21:14:40.858 [AsyncHttpClient-1-8] DEBUG org.asynchttpclient.netty.channel.ChannelManager - Adding key: http://localhost:49927 for channel [id: 0xfee7f827, L:/127.0.0.1:57465 - R:localhost/127.0.0.1:49927]
21:14:40.859 [Forwarding isElementEnabled on session 7d380c480d3a95bc8f8894881e391ab1 to remote] DEBUG org.asynchttpclient.netty.request.NettyRequestSender - Using pooled Channel '[id: 0xfee7f827, L:/127.0.0.1:57465 - R:localhost/127.0.0.1:49927]' for 'GET' to 'http://localhost:49927/session/7d380c480d3a95bc8f8894881e391ab1/element/ff3b4b82-dda7-4017-a46e-29e2b9b9305c/enabled'
21:14:40.859 [Forwarding isElementEnabled on session 7d380c480d3a95bc8f8894881e391ab1 to remote] DEBUG org.asynchttpclient.netty.request.NettyRequestSender - Using open Channel [id: 0xfee7f827, L:/127.0.0.1:57465 - R:localhost/127.0.0.1:49927] for GET '/session/7d380c480d3a95bc8f8894881e391ab1/element/ff3b4b82-dda7-4017-a46e-29e2b9b9305c/enabled'
21:14:40.864 [AsyncHttpClient-1-8] DEBUG org.asynchttpclient.netty.handler.HttpHandler - 

Request DefaultFullHttpRequest(decodeResult: success, version: HTTP/1.1, content: EmptyByteBufBE)
GET /session/7d380c480d3a95bc8f8894881e391ab1/element/ff3b4b82-dda7-4017-a46e-29e2b9b9305c/enabled HTTP/1.1
User-Agent: selenium/4.1.2 (java windows)
Cache-Control: no-cache
Content-Type: application/json; charset=utf-8
host: localhost:49927
accept: */*

Response DefaultHttpResponse(decodeResult: success, version: HTTP/1.1)
HTTP/1.1 200 OK
Content-Type: application/json; charset=utf-8
cache-control: no-cache
content-length: 14

21:14:40.865 [AsyncHttpClient-1-8] DEBUG org.asynchttpclient.netty.channel.ChannelManager - Adding key: http://localhost:49927 for channel [id: 0xfee7f827, L:/127.0.0.1:57465 - R:localhost/127.0.0.1:49927]
21:14:40.866 [Forwarding findElement on session 7d380c480d3a95bc8f8894881e391ab1 to remote] DEBUG org.asynchttpclient.netty.request.NettyRequestSender - Using pooled Channel '[id: 0xfee7f827, L:/127.0.0.1:57465 - R:localhost/127.0.0.1:49927]' for 'POST' to 'http://localhost:49927/session/7d380c480d3a95bc8f8894881e391ab1/element'
21:14:40.867 [Forwarding findElement on session 7d380c480d3a95bc8f8894881e391ab1 to remote] DEBUG org.asynchttpclient.netty.request.NettyRequestSender - Using open Channel [id: 0xfee7f827, L:/127.0.0.1:57465 - R:localhost/127.0.0.1:49927] for POST '/session/7d380c480d3a95bc8f8894881e391ab1/element'
21:14:40.874 [AsyncHttpClient-1-8] DEBUG org.asynchttpclient.netty.handler.HttpHandler - 

Request DefaultHttpRequest(decodeResult: success, version: HTTP/1.1)
POST /session/7d380c480d3a95bc8f8894881e391ab1/element HTTP/1.1
User-Agent: selenium/4.1.2 (java windows)
Content-Length: 59
Content-Type: application/json; charset=utf-8
host: localhost:49927
accept: */*

Response DefaultHttpResponse(decodeResult: success, version: HTTP/1.1)
HTTP/1.1 200 OK
Content-Type: application/json; charset=utf-8
cache-control: no-cache
content-length: 88

21:14:40.874 [AsyncHttpClient-1-8] DEBUG org.asynchttpclient.netty.channel.ChannelManager - Adding key: http://localhost:49927 for channel [id: 0xfee7f827, L:/127.0.0.1:57465 - R:localhost/127.0.0.1:49927]
21:14:40.875 [Forwarding clickElement on session 7d380c480d3a95bc8f8894881e391ab1 to remote] DEBUG org.asynchttpclient.netty.request.NettyRequestSender - Using pooled Channel '[id: 0xfee7f827, L:/127.0.0.1:57465 - R:localhost/127.0.0.1:49927]' for 'POST' to 'http://localhost:49927/session/7d380c480d3a95bc8f8894881e391ab1/element/ff3b4b82-dda7-4017-a46e-29e2b9b9305c/click'
21:14:40.875 [Forwarding clickElement on session 7d380c480d3a95bc8f8894881e391ab1 to remote] DEBUG org.asynchttpclient.netty.request.NettyRequestSender - Using open Channel [id: 0xfee7f827, L:/127.0.0.1:57465 - R:localhost/127.0.0.1:49927] for POST '/session/7d380c480d3a95bc8f8894881e391ab1/element/ff3b4b82-dda7-4017-a46e-29e2b9b9305c/click'
21:14:40.939 [AsyncHttpClient-1-8] DEBUG org.asynchttpclient.netty.handler.HttpHandler - 

Request DefaultHttpRequest(decodeResult: success, version: HTTP/1.1)
POST /session/7d380c480d3a95bc8f8894881e391ab1/element/ff3b4b82-dda7-4017-a46e-29e2b9b9305c/click HTTP/1.1
User-Agent: selenium/4.1.2 (java windows)
Content-Length: 50
Content-Type: application/json; charset=utf-8
host: localhost:49927
accept: */*

Response DefaultHttpResponse(decodeResult: success, version: HTTP/1.1)
HTTP/1.1 200 OK
Content-Type: application/json; charset=utf-8
cache-control: no-cache
content-length: 14

21:14:40.939 [AsyncHttpClient-1-8] DEBUG org.asynchttpclient.netty.channel.ChannelManager - Adding key: http://localhost:49927 for channel [id: 0xfee7f827, L:/127.0.0.1:57465 - R:localhost/127.0.0.1:49927]
21:14:40.950 [Forwarding screenshot on session 7d380c480d3a95bc8f8894881e391ab1 to remote] DEBUG org.asynchttpclient.netty.request.NettyRequestSender - Using pooled Channel '[id: 0xfee7f827, L:/127.0.0.1:57465 - R:localhost/127.0.0.1:49927]' for 'GET' to 'http://localhost:49927/session/7d380c480d3a95bc8f8894881e391ab1/screenshot'
21:14:40.950 [Forwarding screenshot on session 7d380c480d3a95bc8f8894881e391ab1 to remote] DEBUG org.asynchttpclient.netty.request.NettyRequestSender - Using open Channel [id: 0xfee7f827, L:/127.0.0.1:57465 - R:localhost/127.0.0.1:49927] for GET '/session/7d380c480d3a95bc8f8894881e391ab1/screenshot'
21:14:41.230 [AsyncHttpClient-1-8] DEBUG org.asynchttpclient.netty.handler.HttpHandler - 

Request DefaultFullHttpRequest(decodeResult: success, version: HTTP/1.1, content: EmptyByteBufBE)
GET /session/7d380c480d3a95bc8f8894881e391ab1/screenshot HTTP/1.1
User-Agent: selenium/4.1.2 (java windows)
Cache-Control: no-cache
Content-Type: application/json; charset=utf-8
host: localhost:49927
accept: */*

Response DefaultHttpResponse(decodeResult: success, version: HTTP/1.1)
HTTP/1.1 200 OK
Content-Type: application/json; charset=utf-8
cache-control: no-cache
content-length: 31016

21:14:41.230 [AsyncHttpClient-1-8] DEBUG org.asynchttpclient.netty.channel.ChannelManager - Adding key: http://localhost:49927 for channel [id: 0xfee7f827, L:/127.0.0.1:57465 - R:localhost/127.0.0.1:49927]
21:14:41.232 [main] DEBUG net.serenitybdd.core.photography.Darkroom - Send negative for processing for target\site\serenity\9fa1040a72616db5c7aeb2e958892143e330a5fd0869b10acbc295793320873c.png
21:14:41.232 [main] DEBUG net.thucydides.core.steps.StepInterceptor - STEP DONE: clickPayButton
  &amp#27;[32mAnd &amp#27;[0m&amp#27;[32muser click pay button&amp#27;[0m                               &amp#27;[90m# starter.stepdefenitions.TransactionSteps.userClickPayButton()&amp#27;[0m
21:14:41.233 [Darkroom Processing Line] DEBUG net.serenitybdd.core.photography.DarkroomProcessingLine - Processing screenshot image in /var/screenshots/screenshot-4872172902038903218
21:14:41.233 [Darkroom Processing Line] DEBUG net.serenitybdd.core.photography.DarkroomProcessingLine - Saving screenshot to target\site\serenity\9fa1040a72616db5c7aeb2e958892143e330a5fd0869b10acbc295793320873c.png
21:14:41.247 [main] DEBUG net.thucydides.core.steps.StepInterceptor - STARTING STEP: TransactionSteps.userSuccessToPayAllItems - successPay
21:14:41.249 [Forwarding findElement on session 7d380c480d3a95bc8f8894881e391ab1 to remote] DEBUG org.asynchttpclient.netty.request.NettyRequestSender - Using pooled Channel '[id: 0xfee7f827, L:/127.0.0.1:57465 - R:localhost/127.0.0.1:49927]' for 'POST' to 'http://localhost:49927/session/7d380c480d3a95bc8f8894881e391ab1/element'
21:14:41.250 [Forwarding findElement on session 7d380c480d3a95bc8f8894881e391ab1 to remote] DEBUG org.asynchttpclient.netty.request.NettyRequestSender - Using open Channel [id: 0xfee7f827, L:/127.0.0.1:57465 - R:localhost/127.0.0.1:49927] for POST '/session/7d380c480d3a95bc8f8894881e391ab1/element'
21:14:41.252 [AsyncHttpClient-1-8] DEBUG org.asynchttpclient.netty.handler.HttpHandler - 

Request DefaultHttpRequest(decodeResult: success, version: HTTP/1.1)
POST /session/7d380c480d3a95bc8f8894881e391ab1/element HTTP/1.1
User-Agent: selenium/4.1.2 (java windows)
Content-Length: 46
Content-Type: application/json; charset=utf-8
host: localhost:49927
accept: */*

Response DefaultHttpResponse(decodeResult: success, version: HTTP/1.1)
HTTP/1.1 400 Bad Request
Content-Type: application/json; charset=utf-8
cache-control: no-cache
content-length: 957

21:14:41.253 [AsyncHttpClient-1-8] DEBUG org.asynchttpclient.netty.channel.ChannelManager - Adding key: http://localhost:49927 for channel [id: 0xfee7f827, L:/127.0.0.1:57465 - R:localhost/127.0.0.1:49927]
21:14:41.254 [Forwarding findElement on session 7d380c480d3a95bc8f8894881e391ab1 to remote] DEBUG org.asynchttpclient.netty.request.NettyRequestSender - Using pooled Channel '[id: 0xfee7f827, L:/127.0.0.1:57465 - R:localhost/127.0.0.1:49927]' for 'POST' to 'http://localhost:49927/session/7d380c480d3a95bc8f8894881e391ab1/element'
21:14:41.254 [Forwarding findElement on session 7d380c480d3a95bc8f8894881e391ab1 to remote] DEBUG org.asynchttpclient.netty.request.NettyRequestSender - Using open Channel [id: 0xfee7f827, L:/127.0.0.1:57465 - R:localhost/127.0.0.1:49927] for POST '/session/7d380c480d3a95bc8f8894881e391ab1/element'
21:14:41.265 [AsyncHttpClient-1-8] DEBUG org.asynchttpclient.netty.handler.HttpHandler - 

Request DefaultHttpRequest(decodeResult: success, version: HTTP/1.1)
POST /session/7d380c480d3a95bc8f8894881e391ab1/element HTTP/1.1
User-Agent: selenium/4.1.2 (java windows)
Content-Length: 54
Content-Type: application/json; charset=utf-8
host: localhost:49927
accept: */*

Response DefaultHttpResponse(decodeResult: success, version: HTTP/1.1)
HTTP/1.1 200 OK
Content-Type: application/json; charset=utf-8
cache-control: no-cache
content-length: 88

21:14:41.265 [AsyncHttpClient-1-8] DEBUG org.asynchttpclient.netty.channel.ChannelManager - Adding key: http://localhost:49927 for channel [id: 0xfee7f827, L:/127.0.0.1:57465 - R:localhost/127.0.0.1:49927]
21:14:41.268 [Forwarding isElementDisplayed on session 7d380c480d3a95bc8f8894881e391ab1 to remote] DEBUG org.asynchttpclient.netty.request.NettyRequestSender - Using pooled Channel '[id: 0xfee7f827, L:/127.0.0.1:57465 - R:localhost/127.0.0.1:49927]' for 'POST' to 'http://localhost:49927/session/7d380c480d3a95bc8f8894881e391ab1/execute/sync'
21:14:41.269 [Forwarding isElementDisplayed on session 7d380c480d3a95bc8f8894881e391ab1 to remote] DEBUG org.asynchttpclient.netty.request.NettyRequestSender - Using open Channel [id: 0xfee7f827, L:/127.0.0.1:57465 - R:localhost/127.0.0.1:49927] for POST '/session/7d380c480d3a95bc8f8894881e391ab1/execute/sync'
21:14:41.283 [AsyncHttpClient-1-8] DEBUG org.asynchttpclient.netty.handler.HttpHandler - 

Request DefaultHttpRequest(decodeResult: success, version: HTTP/1.1)
POST /session/7d380c480d3a95bc8f8894881e391ab1/execute/sync HTTP/1.1
User-Agent: selenium/4.1.2 (java windows)
Content-Length: 48780
Content-Type: application/json; charset=utf-8
host: localhost:49927
accept: */*

Response DefaultHttpResponse(decodeResult: success, version: HTTP/1.1)
HTTP/1.1 200 OK
Content-Type: application/json; charset=utf-8
cache-control: no-cache
content-length: 14

21:14:41.283 [AsyncHttpClient-1-8] DEBUG org.asynchttpclient.netty.channel.ChannelManager - Adding key: http://localhost:49927 for channel [id: 0xfee7f827, L:/127.0.0.1:57465 - R:localhost/127.0.0.1:49927]
21:14:41.287 [Forwarding screenshot on session 7d380c480d3a95bc8f8894881e391ab1 to remote] DEBUG org.asynchttpclient.netty.request.NettyRequestSender - Using pooled Channel '[id: 0xfee7f827, L:/127.0.0.1:57465 - R:localhost/127.0.0.1:49927]' for 'GET' to 'http://localhost:49927/session/7d380c480d3a95bc8f8894881e391ab1/screenshot'
21:14:41.287 [Forwarding screenshot on session 7d380c480d3a95bc8f8894881e391ab1 to remote] DEBUG org.asynchttpclient.netty.request.NettyRequestSender - Using open Channel [id: 0xfee7f827, L:/127.0.0.1:57465 - R:localhost/127.0.0.1:49927] for GET '/session/7d380c480d3a95bc8f8894881e391ab1/screenshot'
21:14:41.291 [AsyncHttpClient-1-1] DEBUG org.asynchttpclient.netty.channel.DefaultChannelPool - Entry count for : http://localhost:57466 : 1
21:14:42.082 [AsyncHttpClient-1-8] DEBUG org.asynchttpclient.netty.handler.HttpHandler - 

Request DefaultFullHttpRequest(decodeResult: success, version: HTTP/1.1, content: EmptyByteBufBE)
GET /session/7d380c480d3a95bc8f8894881e391ab1/screenshot HTTP/1.1
User-Agent: selenium/4.1.2 (java windows)
Cache-Control: no-cache
Content-Type: application/json; charset=utf-8
host: localhost:49927
accept: */*

Response DefaultHttpResponse(decodeResult: success, version: HTTP/1.1)
HTTP/1.1 200 OK
Content-Type: application/json; charset=utf-8
cache-control: no-cache
content-length: 31012

21:14:42.083 [AsyncHttpClient-1-8] DEBUG org.asynchttpclient.netty.channel.ChannelManager - Adding key: http://localhost:49927 for channel [id: 0xfee7f827, L:/127.0.0.1:57465 - R:localhost/127.0.0.1:49927]
21:14:42.085 [main] DEBUG net.serenitybdd.core.photography.Darkroom - Send negative for processing for target\site\serenity\6f546ae3d62de92ee305fa7b0069472eaf8c0ca335f2506a20262ba7c56da9c2.png
21:14:42.085 [main] DEBUG net.thucydides.core.steps.StepInterceptor - STEP DONE: successPay
  &amp#27;[32mThen &amp#27;[0m&amp#27;[32muser success to pay all items&amp#27;[0m                      &amp#27;[90m# starter.stepdefenitions.TransactionSteps.userSuccessToPayAllItems()&amp#27;[0m
21:14:42.085 [Darkroom Processing Line] DEBUG net.serenitybdd.core.photography.DarkroomProcessingLine - Processing screenshot image in /var/screenshots/screenshot-4915913164485633645
21:14:42.086 [Darkroom Processing Line] DEBUG net.serenitybdd.core.photography.DarkroomProcessingLine - Saving screenshot to target\site\serenity\6f546ae3d62de92ee305fa7b0069472eaf8c0ca335f2506a20262ba7c56da9c2.png
21:14:42.097 [main] INFO  - 
  _____   ___   ___   _____     ___     _     ___   ___   ___   ___  
 |_   _| | __| / __| |_   _|   | _ \   /_\   / __| / __| | __| |   \ 
   | |   | _|  \__ \   | |     |  _/  / _ \  \__ \ \__ \ | _|  | |) |
   |_|   |___| |___/   |_|     |_|   /_/ \_\ |___/ |___/ |___| |___/ 

As user i have be able to success pay all items
----------------------------------------------------------------------
21:14:42.098 [AsyncHttpClient-1-2] DEBUG org.asynchttpclient.netty.handler.WebSocketHandler - Channel Closed: [id: 0x0d2e5636, L:/127.0.0.1:57472 ! R:localhost/127.0.0.1:57466] with attribute NettyResponseFuture{currentRetry=5,
	isDone=1,
	isCancelled=0,
	asyncHandler=org.asynchttpclient.ws.WebSocketUpgradeHandler@4de5c6fd,
	nettyRequest=org.asynchttpclient.netty.request.NettyRequest@56d9fd62,
	future=java.util.concurrent.CompletableFuture@3c8c4476[Completed normally],
	uri=ws://localhost:57466/devtools/browser/6ad60817-f1dc-4c58-a7f0-b4794468e026,
	keepAlive=true,
	redirectCount=0,
	timeoutsHolder=null,
	inAuth=0,
	touch=1652796862576}
21:14:42.098 [AsyncHttpClient-1-2] DEBUG org.asynchttpclient.netty.channel.ChannelManager - Closing Channel [id: 0x0d2e5636, L:/127.0.0.1:57472 ! R:localhost/127.0.0.1:57466] 
21:14:42.098 [Driver Command Executor] DEBUG org.asynchttpclient.netty.request.NettyRequestSender - Using pooled Channel '[id: 0xfee7f827, L:/127.0.0.1:57465 - R:localhost/127.0.0.1:49927]' for 'DELETE' to 'http://localhost:49927/session/7d380c480d3a95bc8f8894881e391ab1'
21:14:42.098 [Driver Command Executor] DEBUG org.asynchttpclient.netty.request.NettyRequestSender - Using open Channel [id: 0xfee7f827, L:/127.0.0.1:57465 - R:localhost/127.0.0.1:49927] for DELETE '/session/7d380c480d3a95bc8f8894881e391ab1'
21:14:42.189 [AsyncHttpClient-1-9] DEBUG org.asynchttpclient.netty.handler.HttpHandler - Unexpected I/O exception on channel [id: 0xda863672, L:/127.0.0.1:57471 - R:localhost/127.0.0.1:57466]
java.io.IOException: An existing connection was forcibly closed by the remote host
	at sun.nio.ch.SocketDispatcher.read0(Native Method)
	at sun.nio.ch.SocketDispatcher.read(SocketDispatcher.java:43)
	at sun.nio.ch.IOUtil.readIntoNativeBuffer(IOUtil.java:223)
	at sun.nio.ch.IOUtil.read(IOUtil.java:192)
	at sun.nio.ch.SocketChannelImpl.read(SocketChannelImpl.java:378)
	at io.netty.buffer.PooledByteBuf.setBytes(PooledByteBuf.java:258)
	at io.netty.buffer.AbstractByteBuf.writeBytes(AbstractByteBuf.java:1132)
	at io.netty.channel.socket.nio.NioSocketChannel.doReadBytes(NioSocketChannel.java:350)
	at io.netty.channel.nio.AbstractNioByteChannel$NioByteUnsafe.read(AbstractNioByteChannel.java:151)
	at io.netty.channel.nio.NioEventLoop.processSelectedKey(NioEventLoop.java:722)
	at io.netty.channel.nio.NioEventLoop.processSelectedKeysOptimized(NioEventLoop.java:658)
	at io.netty.channel.nio.NioEventLoop.processSelectedKeys(NioEventLoop.java:584)
	at io.netty.channel.nio.NioEventLoop.run(NioEventLoop.java:496)
	at io.netty.util.concurrent.SingleThreadEventExecutor$4.run(SingleThreadEventExecutor.java:986)
	at io.netty.util.internal.ThreadExecutorMap$2.run(ThreadExecutorMap.java:74)
	at io.netty.util.concurrent.FastThreadLocalRunnable.run(FastThreadLocalRunnable.java:30)
	at java.lang.Thread.run(Thread.java:750)
21:14:42.189 [AsyncHttpClient-1-9] DEBUG org.asynchttpclient.netty.channel.ChannelManager - Closing Channel [id: 0xda863672, L:/127.0.0.1:57471 - R:localhost/127.0.0.1:57466] 
21:14:42.189 [AsyncHttpClient-1-9] DEBUG org.asynchttpclient.netty.handler.HttpHandler - Channel Closed: [id: 0xda863672, L:/127.0.0.1:57471 ! R:localhost/127.0.0.1:57466] with attribute DISCARD
21:14:42.210 [AsyncHttpClient-1-8] DEBUG org.asynchttpclient.netty.handler.HttpHandler - 

Request DefaultFullHttpRequest(decodeResult: success, version: HTTP/1.1, content: EmptyByteBufBE)
DELETE /session/7d380c480d3a95bc8f8894881e391ab1 HTTP/1.1
User-Agent: selenium/4.1.2 (java windows)
Content-Type: application/json; charset=utf-8
host: localhost:49927
accept: */*

Response DefaultHttpResponse(decodeResult: success, version: HTTP/1.1)
HTTP/1.1 200 OK
Content-Type: application/json; charset=utf-8
cache-control: no-cache
content-length: 14

21:14:42.211 [AsyncHttpClient-1-8] DEBUG org.asynchttpclient.netty.channel.ChannelManager - Adding key: http://localhost:49927 for channel [id: 0xfee7f827, L:/127.0.0.1:57465 - R:localhost/127.0.0.1:49927]
21:14:42.297 [AsyncHttpClient-1-8] DEBUG org.asynchttpclient.netty.handler.HttpHandler - Channel Closed: [id: 0xfee7f827, L:/127.0.0.1:57465 ! R:localhost/127.0.0.1:49927] with attribute DISCARD
21:14:42.392 [AsyncHttpClient-1-1] DEBUG org.asynchttpclient.netty.channel.DefaultChannelPool - Entry count for : http://localhost:49927 : 1
21:14:42.392 [AsyncHttpClient-1-1] DEBUG org.asynchttpclient.netty.channel.DefaultChannelPool - Entry count for : http://localhost:57466 : 1
21:14:42.392 [AsyncHttpClient-1-1] DEBUG org.asynchttpclient.netty.channel.DefaultChannelPool - Adding Candidate expired Channel [id: 0xfee7f827, L:/127.0.0.1:57465 ! R:localhost/127.0.0.1:49927] isIdleTimeoutExpired=false isRemotelyClosed=true isTtlExpired=false
21:14:42.392 [AsyncHttpClient-1-1] DEBUG org.asynchttpclient.netty.channel.DefaultChannelPool - Closing Idle Channel [id: 0xfee7f827, L:/127.0.0.1:57465 ! R:localhost/127.0.0.1:49927]
21:14:42.392 [AsyncHttpClient-1-1] DEBUG org.asynchttpclient.netty.channel.DefaultChannelPool - Adding Candidate expired Channel [id: 0xda863672, L:/127.0.0.1:57471 ! R:localhost/127.0.0.1:57466] isIdleTimeoutExpired=false isRemotelyClosed=true isTtlExpired=false
21:14:42.392 [AsyncHttpClient-1-1] DEBUG org.asynchttpclient.netty.channel.DefaultChannelPool - Closing Idle Channel [id: 0xda863672, L:/127.0.0.1:57471 ! R:localhost/127.0.0.1:57466]
21:14:42.392 [AsyncHttpClient-1-1] DEBUG org.asynchttpclient.netty.channel.DefaultChannelPool - Closed 2 connections out of 2 in 0 ms
]]></system-out>
    <system-err><![CDATA[Starting ChromeDriver 100.0.4896.60 (6a5d10861ce8de5fce22564658033b43cb7de047-refs/branch-heads/4896@{#875}) on port 49927
Only local connections are allowed.
Please see https://chromedriver.chromium.org/security-considerations for suggestions on keeping ChromeDriver safe.
ChromeDriver was started successfully.
[1652796862.486][WARNING]: This version of ChromeDriver has not been tested with Chrome version 101.
May 17, 2022 9:14:22 PM org.openqa.selenium.remote.ProtocolHandshake createSession
INFO: Detected dialect: W3C
May 17, 2022 9:14:22 PM org.openqa.selenium.devtools.CdpVersionFinder findNearestMatch
WARNING: Unable to find an exact match for CDP version 101, so returning the closest version found: 97
May 17, 2022 9:14:22 PM org.openqa.selenium.devtools.CdpVersionFinder findNearestMatch
INFO: Found CDP implementation for version 101 of 97
]]></system-err>
  </testcase>
  <testcase name="As user i have fail to pay all items with not login" classname="As a user I want to pay for all items in the basket" time="17.037">
    <system-out><![CDATA[
@transaction @negative
Scenario: As user i have fail to pay all items with not login &amp#27;[90m# src/test/resources/features/Transaction.feature:16&amp#27;[0m
21:14:42.848 [main] INFO io.cucumber.core.plugin.SerenityReporter - Running feature from file:///D:/github/QE_MUHAMMAD-ADIBASYAH/miniproject/web/src/test/resources/features/Transaction.feature
21:14:42.852 [main] INFO  - 
  _____   ___   ___   _____     ___   _____     _     ___   _____   ___   ___  
 |_   _| | __| / __| |_   _|   / __| |_   _|   /_\   | _ \ |_   _| | __| |   \ 
   | |   | _|  \__ \   | |     \__ \   | |    / _ \  |   /   | |   | _|  | |) |
   |_|   |___| |___/   |_|     |___/   |_|   /_/ \_\ |_|_\   |_|   |___| |___/ 

As user i have fail to pay all items with not login(as-a-user-i-want-to-pay-for-all-items-in-the-basket;as-user-i-have-fail-to-pay-all-items-with-not-login)
--------------------------------------------------------------------------------
21:14:42.877 [main] DEBUG net.thucydides.core.steps.StepInterceptor - STARTING STEP: TransactionSteps.iAmOnHomePage - openPage
21:14:42.878 [main] INFO net.serenitybdd.core.webdriver.driverproviders.ChromeDriverProvider - Using automatically driver download
21:14:43.013 [main] DEBUG io.github.bonigarcia.wdm.cache.ResolutionCache - Resolution chrome=101 in cache (valid until 22:11:26 17/05/2022 ICT)
21:14:43.017 [main] DEBUG io.github.bonigarcia.wdm.cache.ResolutionCache - Resolution chrome101=101.0.4951.41 in cache (valid until 18:44:33 18/05/2022 ICT)
21:14:43.019 [main] INFO io.github.bonigarcia.wdm.WebDriverManager - Using chromedriver 101.0.4951.41 (resolved driver for Chrome 101)
21:14:43.029 [main] DEBUG io.github.bonigarcia.wdm.WebDriverManager - Driver chromedriver 101.0.4951.41 found in cache
21:14:43.029 [main] INFO io.github.bonigarcia.wdm.WebDriverManager - Exporting webdriver.chrome.driver as C:\Users\Admin\.cache\selenium\chromedriver\win32\101.0.4951.41\chromedriver.exe
21:14:43.151 [main] DEBUG net.serenitybdd.core.webdriver.driverproviders.ProvideNewDriver - Instantiating driver
21:14:43.151 [main] DEBUG net.serenitybdd.core.webdriver.driverproviders.ProvideNewDriver - Driver capabilities: Capabilities {acceptInsecureCerts: false, base.url: https://qa.alta.id/, browserName: chrome, chrome.driver: src/test/resources/webdrive..., driver: chrome, goog:chromeOptions: {args: [], extensions: []}}
21:14:43.712 [AsyncHttpClient-1-3] DEBUG org.asynchttpclient.netty.channel.NettyConnectListener - Using new Channel '[id: 0xe5d2de37, L:/127.0.0.1:57503 - R:localhost/127.0.0.1:59133]' for 'POST' to '/session'
21:14:44.765 [AsyncHttpClient-1-3] DEBUG org.asynchttpclient.netty.handler.HttpHandler - 

Request DefaultHttpRequest(decodeResult: success, version: HTTP/1.1)
POST /session HTTP/1.1
User-Agent: selenium/4.1.2 (java windows)
Content-Length: 605
Content-Type: application/json; charset=utf-8
host: localhost:59133
accept: */*

Response DefaultHttpResponse(decodeResult: success, version: HTTP/1.1)
HTTP/1.1 200 OK
Content-Type: application/json; charset=utf-8
cache-control: no-cache
content-length: 790

21:14:44.765 [AsyncHttpClient-1-3] DEBUG org.asynchttpclient.netty.channel.ChannelManager - Adding key: http://localhost:59133 for channel [id: 0xe5d2de37, L:/127.0.0.1:57503 - R:localhost/127.0.0.1:59133]
21:14:44.783 [AsyncHttpClient-1-4] DEBUG org.asynchttpclient.netty.channel.NettyConnectListener - Using new Channel '[id: 0xf6ca070e, L:/127.0.0.1:57511 - R:localhost/127.0.0.1:57504]' for 'GET' to '/json/version'
21:14:44.785 [AsyncHttpClient-1-4] DEBUG org.asynchttpclient.netty.handler.HttpHandler - 

Request DefaultFullHttpRequest(decodeResult: success, version: HTTP/1.1, content: EmptyByteBufBE)
GET /json/version HTTP/1.1
User-Agent: selenium/4.1.2 (java windows)
host: localhost:57504
accept: */*

Response DefaultHttpResponse(decodeResult: success, version: HTTP/1.1)
HTTP/1.1 200 OK
Content-Type: application/json; charset=UTF-8
content-length: 427

21:14:44.785 [AsyncHttpClient-1-4] DEBUG org.asynchttpclient.netty.channel.ChannelManager - Adding key: http://localhost:57504 for channel [id: 0xf6ca070e, L:/127.0.0.1:57511 - R:localhost/127.0.0.1:57504]
21:14:44.791 [AsyncHttpClient-1-5] DEBUG org.asynchttpclient.netty.channel.NettyConnectListener - Using new Channel '[id: 0x0bd9b309, L:/127.0.0.1:57512 - R:localhost/127.0.0.1:57504]' for 'GET' to '/devtools/browser/6ad7ed81-f673-4be7-bd17-da1acc3c8132'
21:14:44.792 [AsyncHttpClient-1-5] DEBUG org.asynchttpclient.netty.handler.WebSocketHandler - 

Request DefaultFullHttpRequest(decodeResult: success, version: HTTP/1.1, content: EmptyByteBufBE)
GET /devtools/browser/6ad7ed81-f673-4be7-bd17-da1acc3c8132 HTTP/1.1
upgrade: websocket
connection: upgrade
sec-websocket-key: uMh8XmLvR2/HmA6aqnWwDQ==
sec-websocket-version: 13
origin: http://localhost:57504
host: localhost:57504
accept: */*
user-agent: AHC/2.1

Response DefaultHttpResponse(decodeResult: success, version: HTTP/1.1)
HTTP/1.1 101 WebSocket Protocol Handshake
Upgrade: WebSocket
Connection: Upgrade
Sec-WebSocket-Accept: CQhCwXa9DHaBW07FcCutKKbF3IY=

21:14:44.802 [Forwarding setCurrentWindowSize on session e02a866d6a2aa648753f42da33f05113 to remote] DEBUG org.asynchttpclient.netty.request.NettyRequestSender - Using pooled Channel '[id: 0xe5d2de37, L:/127.0.0.1:57503 - R:localhost/127.0.0.1:59133]' for 'POST' to 'http://localhost:59133/session/e02a866d6a2aa648753f42da33f05113/window/rect'
21:14:44.802 [Forwarding setCurrentWindowSize on session e02a866d6a2aa648753f42da33f05113 to remote] DEBUG org.asynchttpclient.netty.request.NettyRequestSender - Using open Channel [id: 0xe5d2de37, L:/127.0.0.1:57503 - R:localhost/127.0.0.1:59133] for POST '/session/e02a866d6a2aa648753f42da33f05113/window/rect'
21:14:44.944 [AsyncHttpClient-1-3] DEBUG org.asynchttpclient.netty.handler.HttpHandler - 

Request DefaultHttpRequest(decodeResult: success, version: HTTP/1.1)
POST /session/e02a866d6a2aa648753f42da33f05113/window/rect HTTP/1.1
User-Agent: selenium/4.1.2 (java windows)
Content-Length: 37
Content-Type: application/json; charset=utf-8
host: localhost:59133
accept: */*

Response DefaultHttpResponse(decodeResult: success, version: HTTP/1.1)
HTTP/1.1 200 OK
Content-Type: application/json; charset=utf-8
cache-control: no-cache
content-length: 51

21:14:44.944 [AsyncHttpClient-1-3] DEBUG org.asynchttpclient.netty.channel.ChannelManager - Adding key: http://localhost:59133 for channel [id: 0xe5d2de37, L:/127.0.0.1:57503 - R:localhost/127.0.0.1:59133]
21:14:44.946 [Forwarding setWindowPosition on session e02a866d6a2aa648753f42da33f05113 to remote] DEBUG org.asynchttpclient.netty.request.NettyRequestSender - Using pooled Channel '[id: 0xe5d2de37, L:/127.0.0.1:57503 - R:localhost/127.0.0.1:59133]' for 'POST' to 'http://localhost:59133/session/e02a866d6a2aa648753f42da33f05113/window/rect'
21:14:44.946 [Forwarding setWindowPosition on session e02a866d6a2aa648753f42da33f05113 to remote] DEBUG org.asynchttpclient.netty.request.NettyRequestSender - Using open Channel [id: 0xe5d2de37, L:/127.0.0.1:57503 - R:localhost/127.0.0.1:59133] for POST '/session/e02a866d6a2aa648753f42da33f05113/window/rect'
21:14:45.054 [AsyncHttpClient-1-3] DEBUG org.asynchttpclient.netty.handler.HttpHandler - 

Request DefaultHttpRequest(decodeResult: success, version: HTTP/1.1)
POST /session/e02a866d6a2aa648753f42da33f05113/window/rect HTTP/1.1
User-Agent: selenium/4.1.2 (java windows)
Content-Length: 22
Content-Type: application/json; charset=utf-8
host: localhost:59133
accept: */*

Response DefaultHttpResponse(decodeResult: success, version: HTTP/1.1)
HTTP/1.1 200 OK
Content-Type: application/json; charset=utf-8
cache-control: no-cache
content-length: 49

21:14:45.054 [AsyncHttpClient-1-3] DEBUG org.asynchttpclient.netty.channel.ChannelManager - Adding key: http://localhost:59133 for channel [id: 0xe5d2de37, L:/127.0.0.1:57503 - R:localhost/127.0.0.1:59133]
21:14:45.055 [Forwarding get on session e02a866d6a2aa648753f42da33f05113 to remote] DEBUG org.asynchttpclient.netty.request.NettyRequestSender - Using pooled Channel '[id: 0xe5d2de37, L:/127.0.0.1:57503 - R:localhost/127.0.0.1:59133]' for 'POST' to 'http://localhost:59133/session/e02a866d6a2aa648753f42da33f05113/url'
21:14:45.055 [Forwarding get on session e02a866d6a2aa648753f42da33f05113 to remote] DEBUG org.asynchttpclient.netty.request.NettyRequestSender - Using open Channel [id: 0xe5d2de37, L:/127.0.0.1:57503 - R:localhost/127.0.0.1:59133] for POST '/session/e02a866d6a2aa648753f42da33f05113/url'
21:14:45.695 [AsyncHttpClient-1-1] DEBUG org.asynchttpclient.netty.channel.DefaultChannelPool - Entry count for : http://localhost:57504 : 1
21:14:46.791 [AsyncHttpClient-1-1] DEBUG org.asynchttpclient.netty.channel.DefaultChannelPool - Entry count for : http://localhost:57504 : 1
21:14:47.900 [AsyncHttpClient-1-1] DEBUG org.asynchttpclient.netty.channel.DefaultChannelPool - Entry count for : http://localhost:57504 : 1
21:14:48.991 [AsyncHttpClient-1-1] DEBUG org.asynchttpclient.netty.channel.DefaultChannelPool - Entry count for : http://localhost:57504 : 1
21:14:50.095 [AsyncHttpClient-1-1] DEBUG org.asynchttpclient.netty.channel.DefaultChannelPool - Entry count for : http://localhost:57504 : 1
21:14:51.193 [AsyncHttpClient-1-1] DEBUG org.asynchttpclient.netty.channel.DefaultChannelPool - Entry count for : http://localhost:57504 : 1
21:14:51.400 [AsyncHttpClient-1-3] DEBUG org.asynchttpclient.netty.handler.HttpHandler - 

Request DefaultHttpRequest(decodeResult: success, version: HTTP/1.1)
POST /session/e02a866d6a2aa648753f42da33f05113/url HTTP/1.1
User-Agent: selenium/4.1.2 (java windows)
Content-Length: 49
Content-Type: application/json; charset=utf-8
host: localhost:59133
accept: */*

Response DefaultHttpResponse(decodeResult: success, version: HTTP/1.1)
HTTP/1.1 200 OK
Content-Type: application/json; charset=utf-8
cache-control: no-cache
content-length: 14

21:14:51.400 [AsyncHttpClient-1-3] DEBUG org.asynchttpclient.netty.channel.ChannelManager - Adding key: http://localhost:59133 for channel [id: 0xe5d2de37, L:/127.0.0.1:57503 - R:localhost/127.0.0.1:59133]
21:14:51.402 [Forwarding setTimeout on session e02a866d6a2aa648753f42da33f05113 to remote] DEBUG org.asynchttpclient.netty.request.NettyRequestSender - Using pooled Channel '[id: 0xe5d2de37, L:/127.0.0.1:57503 - R:localhost/127.0.0.1:59133]' for 'POST' to 'http://localhost:59133/session/e02a866d6a2aa648753f42da33f05113/timeouts'
21:14:51.402 [Forwarding setTimeout on session e02a866d6a2aa648753f42da33f05113 to remote] DEBUG org.asynchttpclient.netty.request.NettyRequestSender - Using open Channel [id: 0xe5d2de37, L:/127.0.0.1:57503 - R:localhost/127.0.0.1:59133] for POST '/session/e02a866d6a2aa648753f42da33f05113/timeouts'
21:14:51.405 [AsyncHttpClient-1-3] DEBUG org.asynchttpclient.netty.handler.HttpHandler - 

Request DefaultHttpRequest(decodeResult: success, version: HTTP/1.1)
POST /session/e02a866d6a2aa648753f42da33f05113/timeouts HTTP/1.1
User-Agent: selenium/4.1.2 (java windows)
Content-Length: 22
Content-Type: application/json; charset=utf-8
host: localhost:59133
accept: */*

Response DefaultHttpResponse(decodeResult: success, version: HTTP/1.1)
HTTP/1.1 200 OK
Content-Type: application/json; charset=utf-8
cache-control: no-cache
content-length: 14

21:14:51.405 [AsyncHttpClient-1-3] DEBUG org.asynchttpclient.netty.channel.ChannelManager - Adding key: http://localhost:59133 for channel [id: 0xe5d2de37, L:/127.0.0.1:57503 - R:localhost/127.0.0.1:59133]
21:14:51.411 [Forwarding getCurrentUrl on session e02a866d6a2aa648753f42da33f05113 to remote] DEBUG org.asynchttpclient.netty.request.NettyRequestSender - Using pooled Channel '[id: 0xe5d2de37, L:/127.0.0.1:57503 - R:localhost/127.0.0.1:59133]' for 'GET' to 'http://localhost:59133/session/e02a866d6a2aa648753f42da33f05113/url'
21:14:51.411 [Forwarding getCurrentUrl on session e02a866d6a2aa648753f42da33f05113 to remote] DEBUG org.asynchttpclient.netty.request.NettyRequestSender - Using open Channel [id: 0xe5d2de37, L:/127.0.0.1:57503 - R:localhost/127.0.0.1:59133] for GET '/session/e02a866d6a2aa648753f42da33f05113/url'
21:14:51.438 [AsyncHttpClient-1-3] DEBUG org.asynchttpclient.netty.handler.HttpHandler - 

Request DefaultFullHttpRequest(decodeResult: success, version: HTTP/1.1, content: EmptyByteBufBE)
GET /session/e02a866d6a2aa648753f42da33f05113/url HTTP/1.1
User-Agent: selenium/4.1.2 (java windows)
Cache-Control: no-cache
Content-Type: application/json; charset=utf-8
host: localhost:59133
accept: */*

Response DefaultHttpResponse(decodeResult: success, version: HTTP/1.1)
HTTP/1.1 200 OK
Content-Type: application/json; charset=utf-8
cache-control: no-cache
content-length: 31

21:14:51.438 [AsyncHttpClient-1-3] DEBUG org.asynchttpclient.netty.channel.ChannelManager - Adding key: http://localhost:59133 for channel [id: 0xe5d2de37, L:/127.0.0.1:57503 - R:localhost/127.0.0.1:59133]
21:14:51.443 [Forwarding getCurrentUrl on session e02a866d6a2aa648753f42da33f05113 to remote] DEBUG org.asynchttpclient.netty.request.NettyRequestSender - Using pooled Channel '[id: 0xe5d2de37, L:/127.0.0.1:57503 - R:localhost/127.0.0.1:59133]' for 'GET' to 'http://localhost:59133/session/e02a866d6a2aa648753f42da33f05113/url'
21:14:51.443 [Forwarding getCurrentUrl on session e02a866d6a2aa648753f42da33f05113 to remote] DEBUG org.asynchttpclient.netty.request.NettyRequestSender - Using open Channel [id: 0xe5d2de37, L:/127.0.0.1:57503 - R:localhost/127.0.0.1:59133] for GET '/session/e02a866d6a2aa648753f42da33f05113/url'
21:14:51.453 [AsyncHttpClient-1-3] DEBUG org.asynchttpclient.netty.handler.HttpHandler - 

Request DefaultFullHttpRequest(decodeResult: success, version: HTTP/1.1, content: EmptyByteBufBE)
GET /session/e02a866d6a2aa648753f42da33f05113/url HTTP/1.1
User-Agent: selenium/4.1.2 (java windows)
Cache-Control: no-cache
Content-Type: application/json; charset=utf-8
host: localhost:59133
accept: */*

Response DefaultHttpResponse(decodeResult: success, version: HTTP/1.1)
HTTP/1.1 200 OK
Content-Type: application/json; charset=utf-8
cache-control: no-cache
content-length: 31

21:14:51.453 [AsyncHttpClient-1-3] DEBUG org.asynchttpclient.netty.channel.ChannelManager - Adding key: http://localhost:59133 for channel [id: 0xe5d2de37, L:/127.0.0.1:57503 - R:localhost/127.0.0.1:59133]
21:14:51.459 [Forwarding screenshot on session e02a866d6a2aa648753f42da33f05113 to remote] DEBUG org.asynchttpclient.netty.request.NettyRequestSender - Using pooled Channel '[id: 0xe5d2de37, L:/127.0.0.1:57503 - R:localhost/127.0.0.1:59133]' for 'GET' to 'http://localhost:59133/session/e02a866d6a2aa648753f42da33f05113/screenshot'
21:14:51.459 [Forwarding screenshot on session e02a866d6a2aa648753f42da33f05113 to remote] DEBUG org.asynchttpclient.netty.request.NettyRequestSender - Using open Channel [id: 0xe5d2de37, L:/127.0.0.1:57503 - R:localhost/127.0.0.1:59133] for GET '/session/e02a866d6a2aa648753f42da33f05113/screenshot'
21:14:51.667 [AsyncHttpClient-1-3] DEBUG org.asynchttpclient.netty.handler.HttpHandler - 

Request DefaultFullHttpRequest(decodeResult: success, version: HTTP/1.1, content: EmptyByteBufBE)
GET /session/e02a866d6a2aa648753f42da33f05113/screenshot HTTP/1.1
User-Agent: selenium/4.1.2 (java windows)
Cache-Control: no-cache
Content-Type: application/json; charset=utf-8
host: localhost:59133
accept: */*

Response DefaultHttpResponse(decodeResult: success, version: HTTP/1.1)
HTTP/1.1 200 OK
Content-Type: application/json; charset=utf-8
cache-control: no-cache
content-length: 25208

21:14:51.668 [AsyncHttpClient-1-3] DEBUG org.asynchttpclient.netty.channel.ChannelManager - Adding key: http://localhost:59133 for channel [id: 0xe5d2de37, L:/127.0.0.1:57503 - R:localhost/127.0.0.1:59133]
21:14:51.670 [main] DEBUG net.serenitybdd.core.photography.Darkroom - Send negative for processing for target\site\serenity\1734d5a7fb15a41217d95462c9b4ff2721e8157c2e43b3d2e2a4be012a0f4678.png
21:14:51.670 [main] DEBUG net.thucydides.core.steps.StepInterceptor - STEP DONE: openPage
21:14:51.681 [main] DEBUG net.thucydides.core.steps.StepInterceptor - STARTING STEP: TransactionSteps.iAmOnHomePage - onHome
21:14:51.683 [Forwarding findElement on session e02a866d6a2aa648753f42da33f05113 to remote] DEBUG org.asynchttpclient.netty.request.NettyRequestSender - Using pooled Channel '[id: 0xe5d2de37, L:/127.0.0.1:57503 - R:localhost/127.0.0.1:59133]' for 'POST' to 'http://localhost:59133/session/e02a866d6a2aa648753f42da33f05113/element'
21:14:51.683 [Forwarding findElement on session e02a866d6a2aa648753f42da33f05113 to remote] DEBUG org.asynchttpclient.netty.request.NettyRequestSender - Using open Channel [id: 0xe5d2de37, L:/127.0.0.1:57503 - R:localhost/127.0.0.1:59133] for POST '/session/e02a866d6a2aa648753f42da33f05113/element'
21:14:51.688 [AsyncHttpClient-1-3] DEBUG org.asynchttpclient.netty.handler.HttpHandler - 

Request DefaultHttpRequest(decodeResult: success, version: HTTP/1.1)
POST /session/e02a866d6a2aa648753f42da33f05113/element HTTP/1.1
User-Agent: selenium/4.1.2 (java windows)
Content-Length: 46
Content-Type: application/json; charset=utf-8
host: localhost:59133
accept: */*

Response DefaultHttpResponse(decodeResult: success, version: HTTP/1.1)
HTTP/1.1 400 Bad Request
Content-Type: application/json; charset=utf-8
cache-control: no-cache
content-length: 957

21:14:51.688 [AsyncHttpClient-1-3] DEBUG org.asynchttpclient.netty.channel.ChannelManager - Adding key: http://localhost:59133 for channel [id: 0xe5d2de37, L:/127.0.0.1:57503 - R:localhost/127.0.0.1:59133]
21:14:51.690 [Forwarding findElement on session e02a866d6a2aa648753f42da33f05113 to remote] DEBUG org.asynchttpclient.netty.request.NettyRequestSender - Using pooled Channel '[id: 0xe5d2de37, L:/127.0.0.1:57503 - R:localhost/127.0.0.1:59133]' for 'POST' to 'http://localhost:59133/session/e02a866d6a2aa648753f42da33f05113/element'
21:14:51.690 [Forwarding findElement on session e02a866d6a2aa648753f42da33f05113 to remote] DEBUG org.asynchttpclient.netty.request.NettyRequestSender - Using open Channel [id: 0xe5d2de37, L:/127.0.0.1:57503 - R:localhost/127.0.0.1:59133] for POST '/session/e02a866d6a2aa648753f42da33f05113/element'
21:14:51.706 [AsyncHttpClient-1-3] DEBUG org.asynchttpclient.netty.handler.HttpHandler - 

Request DefaultHttpRequest(decodeResult: success, version: HTTP/1.1)
POST /session/e02a866d6a2aa648753f42da33f05113/element HTTP/1.1
User-Agent: selenium/4.1.2 (java windows)
Content-Length: 54
Content-Type: application/json; charset=utf-8
host: localhost:59133
accept: */*

Response DefaultHttpResponse(decodeResult: success, version: HTTP/1.1)
HTTP/1.1 200 OK
Content-Type: application/json; charset=utf-8
cache-control: no-cache
content-length: 88

21:14:51.706 [AsyncHttpClient-1-3] DEBUG org.asynchttpclient.netty.channel.ChannelManager - Adding key: http://localhost:59133 for channel [id: 0xe5d2de37, L:/127.0.0.1:57503 - R:localhost/127.0.0.1:59133]
21:14:51.711 [Forwarding isElementDisplayed on session e02a866d6a2aa648753f42da33f05113 to remote] DEBUG org.asynchttpclient.netty.request.NettyRequestSender - Using pooled Channel '[id: 0xe5d2de37, L:/127.0.0.1:57503 - R:localhost/127.0.0.1:59133]' for 'POST' to 'http://localhost:59133/session/e02a866d6a2aa648753f42da33f05113/execute/sync'
21:14:51.711 [Forwarding isElementDisplayed on session e02a866d6a2aa648753f42da33f05113 to remote] DEBUG org.asynchttpclient.netty.request.NettyRequestSender - Using open Channel [id: 0xe5d2de37, L:/127.0.0.1:57503 - R:localhost/127.0.0.1:59133] for POST '/session/e02a866d6a2aa648753f42da33f05113/execute/sync'
21:14:51.734 [AsyncHttpClient-1-3] DEBUG org.asynchttpclient.netty.handler.HttpHandler - 

Request DefaultHttpRequest(decodeResult: success, version: HTTP/1.1)
POST /session/e02a866d6a2aa648753f42da33f05113/execute/sync HTTP/1.1
User-Agent: selenium/4.1.2 (java windows)
Content-Length: 48780
Content-Type: application/json; charset=utf-8
host: localhost:59133
accept: */*

Response DefaultHttpResponse(decodeResult: success, version: HTTP/1.1)
HTTP/1.1 200 OK
Content-Type: application/json; charset=utf-8
cache-control: no-cache
content-length: 14

21:14:51.734 [AsyncHttpClient-1-3] DEBUG org.asynchttpclient.netty.channel.ChannelManager - Adding key: http://localhost:59133 for channel [id: 0xe5d2de37, L:/127.0.0.1:57503 - R:localhost/127.0.0.1:59133]
21:14:51.740 [Forwarding screenshot on session e02a866d6a2aa648753f42da33f05113 to remote] DEBUG org.asynchttpclient.netty.request.NettyRequestSender - Using pooled Channel '[id: 0xe5d2de37, L:/127.0.0.1:57503 - R:localhost/127.0.0.1:59133]' for 'GET' to 'http://localhost:59133/session/e02a866d6a2aa648753f42da33f05113/screenshot'
21:14:51.740 [Forwarding screenshot on session e02a866d6a2aa648753f42da33f05113 to remote] DEBUG org.asynchttpclient.netty.request.NettyRequestSender - Using open Channel [id: 0xe5d2de37, L:/127.0.0.1:57503 - R:localhost/127.0.0.1:59133] for GET '/session/e02a866d6a2aa648753f42da33f05113/screenshot'
21:14:52.016 [AsyncHttpClient-1-3] DEBUG org.asynchttpclient.netty.handler.HttpHandler - 

Request DefaultFullHttpRequest(decodeResult: success, version: HTTP/1.1, content: EmptyByteBufBE)
GET /session/e02a866d6a2aa648753f42da33f05113/screenshot HTTP/1.1
User-Agent: selenium/4.1.2 (java windows)
Cache-Control: no-cache
Content-Type: application/json; charset=utf-8
host: localhost:59133
accept: */*

Response DefaultHttpResponse(decodeResult: success, version: HTTP/1.1)
HTTP/1.1 200 OK
Content-Type: application/json; charset=utf-8
cache-control: no-cache
content-length: 27732

21:14:52.016 [AsyncHttpClient-1-3] DEBUG org.asynchttpclient.netty.channel.ChannelManager - Adding key: http://localhost:59133 for channel [id: 0xe5d2de37, L:/127.0.0.1:57503 - R:localhost/127.0.0.1:59133]
21:14:52.019 [main] DEBUG net.serenitybdd.core.photography.Darkroom - Send negative for processing for target\site\serenity\be9986626c9061d2ef449c6d2dc4860b3083224a2f29055877d0bc159d58a872.png
21:14:52.019 [main] DEBUG net.thucydides.core.steps.StepInterceptor - STEP DONE: onHome
  &amp#27;[32mGiven &amp#27;[0m&amp#27;[32mi am on home page&amp#27;[0m                                     &amp#27;[90m# starter.stepdefenitions.TransactionSteps.iAmOnHomePage()&amp#27;[0m
21:14:52.020 [Darkroom Processing Line] DEBUG net.serenitybdd.core.photography.DarkroomProcessingLine - Processing screenshot image in /var/screenshots/screenshot-7182958685931869941
21:14:52.020 [Darkroom Processing Line] DEBUG net.serenitybdd.core.photography.DarkroomProcessingLine - Saving screenshot to target\site\serenity\be9986626c9061d2ef449c6d2dc4860b3083224a2f29055877d0bc159d58a872.png
21:14:52.037 [main] DEBUG net.thucydides.core.steps.StepInterceptor - STARTING STEP: TransactionSteps.userClickItems - clickItems
21:14:52.042 [Forwarding findElement on session e02a866d6a2aa648753f42da33f05113 to remote] DEBUG org.asynchttpclient.netty.request.NettyRequestSender - Using pooled Channel '[id: 0xe5d2de37, L:/127.0.0.1:57503 - R:localhost/127.0.0.1:59133]' for 'POST' to 'http://localhost:59133/session/e02a866d6a2aa648753f42da33f05113/element'
21:14:52.042 [Forwarding findElement on session e02a866d6a2aa648753f42da33f05113 to remote] DEBUG org.asynchttpclient.netty.request.NettyRequestSender - Using open Channel [id: 0xe5d2de37, L:/127.0.0.1:57503 - R:localhost/127.0.0.1:59133] for POST '/session/e02a866d6a2aa648753f42da33f05113/element'
21:14:52.293 [AsyncHttpClient-1-1] DEBUG org.asynchttpclient.netty.channel.DefaultChannelPool - Entry count for : http://localhost:57504 : 1
21:14:53.391 [AsyncHttpClient-1-1] DEBUG org.asynchttpclient.netty.channel.DefaultChannelPool - Entry count for : http://localhost:57504 : 1
21:14:54.501 [AsyncHttpClient-1-1] DEBUG org.asynchttpclient.netty.channel.DefaultChannelPool - Entry count for : http://localhost:57504 : 1
21:14:55.095 [AsyncHttpClient-1-3] DEBUG org.asynchttpclient.netty.handler.HttpHandler - 

Request DefaultHttpRequest(decodeResult: success, version: HTTP/1.1)
POST /session/e02a866d6a2aa648753f42da33f05113/element HTTP/1.1
User-Agent: selenium/4.1.2 (java windows)
Content-Length: 150
Content-Type: application/json; charset=utf-8
host: localhost:59133
accept: */*

Response DefaultHttpResponse(decodeResult: success, version: HTTP/1.1)
HTTP/1.1 200 OK
Content-Type: application/json; charset=utf-8
cache-control: no-cache
content-length: 88

21:14:55.095 [AsyncHttpClient-1-3] DEBUG org.asynchttpclient.netty.channel.ChannelManager - Adding key: http://localhost:59133 for channel [id: 0xe5d2de37, L:/127.0.0.1:57503 - R:localhost/127.0.0.1:59133]
21:14:55.098 [Forwarding getElementTagName on session e02a866d6a2aa648753f42da33f05113 to remote] DEBUG org.asynchttpclient.netty.request.NettyRequestSender - Using pooled Channel '[id: 0xe5d2de37, L:/127.0.0.1:57503 - R:localhost/127.0.0.1:59133]' for 'GET' to 'http://localhost:59133/session/e02a866d6a2aa648753f42da33f05113/element/d72a459f-7c33-47e1-b150-88be359a8fc9/name'
21:14:55.098 [Forwarding getElementTagName on session e02a866d6a2aa648753f42da33f05113 to remote] DEBUG org.asynchttpclient.netty.request.NettyRequestSender - Using open Channel [id: 0xe5d2de37, L:/127.0.0.1:57503 - R:localhost/127.0.0.1:59133] for GET '/session/e02a866d6a2aa648753f42da33f05113/element/d72a459f-7c33-47e1-b150-88be359a8fc9/name'
21:14:55.160 [AsyncHttpClient-1-3] DEBUG org.asynchttpclient.netty.handler.HttpHandler - 

Request DefaultFullHttpRequest(decodeResult: success, version: HTTP/1.1, content: EmptyByteBufBE)
GET /session/e02a866d6a2aa648753f42da33f05113/element/d72a459f-7c33-47e1-b150-88be359a8fc9/name HTTP/1.1
User-Agent: selenium/4.1.2 (java windows)
Cache-Control: no-cache
Content-Type: application/json; charset=utf-8
host: localhost:59133
accept: */*

Response DefaultHttpResponse(decodeResult: success, version: HTTP/1.1)
HTTP/1.1 200 OK
Content-Type: application/json; charset=utf-8
cache-control: no-cache
content-length: 18

21:14:55.160 [AsyncHttpClient-1-3] DEBUG org.asynchttpclient.netty.channel.ChannelManager - Adding key: http://localhost:59133 for channel [id: 0xe5d2de37, L:/127.0.0.1:57503 - R:localhost/127.0.0.1:59133]
21:14:55.164 [Forwarding getElementTagName on session e02a866d6a2aa648753f42da33f05113 to remote] DEBUG org.asynchttpclient.netty.request.NettyRequestSender - Using pooled Channel '[id: 0xe5d2de37, L:/127.0.0.1:57503 - R:localhost/127.0.0.1:59133]' for 'GET' to 'http://localhost:59133/session/e02a866d6a2aa648753f42da33f05113/element/d72a459f-7c33-47e1-b150-88be359a8fc9/name'
21:14:55.165 [Forwarding getElementTagName on session e02a866d6a2aa648753f42da33f05113 to remote] DEBUG org.asynchttpclient.netty.request.NettyRequestSender - Using open Channel [id: 0xe5d2de37, L:/127.0.0.1:57503 - R:localhost/127.0.0.1:59133] for GET '/session/e02a866d6a2aa648753f42da33f05113/element/d72a459f-7c33-47e1-b150-88be359a8fc9/name'
21:14:55.178 [AsyncHttpClient-1-3] DEBUG org.asynchttpclient.netty.handler.HttpHandler - 

Request DefaultFullHttpRequest(decodeResult: success, version: HTTP/1.1, content: EmptyByteBufBE)
GET /session/e02a866d6a2aa648753f42da33f05113/element/d72a459f-7c33-47e1-b150-88be359a8fc9/name HTTP/1.1
User-Agent: selenium/4.1.2 (java windows)
Cache-Control: no-cache
Content-Type: application/json; charset=utf-8
host: localhost:59133
accept: */*

Response DefaultHttpResponse(decodeResult: success, version: HTTP/1.1)
HTTP/1.1 200 OK
Content-Type: application/json; charset=utf-8
cache-control: no-cache
content-length: 18

21:14:55.178 [AsyncHttpClient-1-3] DEBUG org.asynchttpclient.netty.channel.ChannelManager - Adding key: http://localhost:59133 for channel [id: 0xe5d2de37, L:/127.0.0.1:57503 - R:localhost/127.0.0.1:59133]
21:14:55.182 [Forwarding isElementEnabled on session e02a866d6a2aa648753f42da33f05113 to remote] DEBUG org.asynchttpclient.netty.request.NettyRequestSender - Using pooled Channel '[id: 0xe5d2de37, L:/127.0.0.1:57503 - R:localhost/127.0.0.1:59133]' for 'GET' to 'http://localhost:59133/session/e02a866d6a2aa648753f42da33f05113/element/d72a459f-7c33-47e1-b150-88be359a8fc9/enabled'
21:14:55.182 [Forwarding isElementEnabled on session e02a866d6a2aa648753f42da33f05113 to remote] DEBUG org.asynchttpclient.netty.request.NettyRequestSender - Using open Channel [id: 0xe5d2de37, L:/127.0.0.1:57503 - R:localhost/127.0.0.1:59133] for GET '/session/e02a866d6a2aa648753f42da33f05113/element/d72a459f-7c33-47e1-b150-88be359a8fc9/enabled'
21:14:55.198 [AsyncHttpClient-1-3] DEBUG org.asynchttpclient.netty.handler.HttpHandler - 

Request DefaultFullHttpRequest(decodeResult: success, version: HTTP/1.1, content: EmptyByteBufBE)
GET /session/e02a866d6a2aa648753f42da33f05113/element/d72a459f-7c33-47e1-b150-88be359a8fc9/enabled HTTP/1.1
User-Agent: selenium/4.1.2 (java windows)
Cache-Control: no-cache
Content-Type: application/json; charset=utf-8
host: localhost:59133
accept: */*

Response DefaultHttpResponse(decodeResult: success, version: HTTP/1.1)
HTTP/1.1 200 OK
Content-Type: application/json; charset=utf-8
cache-control: no-cache
content-length: 14

21:14:55.198 [AsyncHttpClient-1-3] DEBUG org.asynchttpclient.netty.channel.ChannelManager - Adding key: http://localhost:59133 for channel [id: 0xe5d2de37, L:/127.0.0.1:57503 - R:localhost/127.0.0.1:59133]
21:14:55.200 [Forwarding isElementEnabled on session e02a866d6a2aa648753f42da33f05113 to remote] DEBUG org.asynchttpclient.netty.request.NettyRequestSender - Using pooled Channel '[id: 0xe5d2de37, L:/127.0.0.1:57503 - R:localhost/127.0.0.1:59133]' for 'GET' to 'http://localhost:59133/session/e02a866d6a2aa648753f42da33f05113/element/d72a459f-7c33-47e1-b150-88be359a8fc9/enabled'
21:14:55.200 [Forwarding isElementEnabled on session e02a866d6a2aa648753f42da33f05113 to remote] DEBUG org.asynchttpclient.netty.request.NettyRequestSender - Using open Channel [id: 0xe5d2de37, L:/127.0.0.1:57503 - R:localhost/127.0.0.1:59133] for GET '/session/e02a866d6a2aa648753f42da33f05113/element/d72a459f-7c33-47e1-b150-88be359a8fc9/enabled'
21:14:55.207 [AsyncHttpClient-1-3] DEBUG org.asynchttpclient.netty.handler.HttpHandler - 

Request DefaultFullHttpRequest(decodeResult: success, version: HTTP/1.1, content: EmptyByteBufBE)
GET /session/e02a866d6a2aa648753f42da33f05113/element/d72a459f-7c33-47e1-b150-88be359a8fc9/enabled HTTP/1.1
User-Agent: selenium/4.1.2 (java windows)
Cache-Control: no-cache
Content-Type: application/json; charset=utf-8
host: localhost:59133
accept: */*

Response DefaultHttpResponse(decodeResult: success, version: HTTP/1.1)
HTTP/1.1 200 OK
Content-Type: application/json; charset=utf-8
cache-control: no-cache
content-length: 14

21:14:55.207 [AsyncHttpClient-1-3] DEBUG org.asynchttpclient.netty.channel.ChannelManager - Adding key: http://localhost:59133 for channel [id: 0xe5d2de37, L:/127.0.0.1:57503 - R:localhost/127.0.0.1:59133]
21:14:55.210 [Forwarding findElement on session e02a866d6a2aa648753f42da33f05113 to remote] DEBUG org.asynchttpclient.netty.request.NettyRequestSender - Using pooled Channel '[id: 0xe5d2de37, L:/127.0.0.1:57503 - R:localhost/127.0.0.1:59133]' for 'POST' to 'http://localhost:59133/session/e02a866d6a2aa648753f42da33f05113/element'
21:14:55.210 [Forwarding findElement on session e02a866d6a2aa648753f42da33f05113 to remote] DEBUG org.asynchttpclient.netty.request.NettyRequestSender - Using open Channel [id: 0xe5d2de37, L:/127.0.0.1:57503 - R:localhost/127.0.0.1:59133] for POST '/session/e02a866d6a2aa648753f42da33f05113/element'
21:14:55.226 [AsyncHttpClient-1-3] DEBUG org.asynchttpclient.netty.handler.HttpHandler - 

Request DefaultHttpRequest(decodeResult: success, version: HTTP/1.1)
POST /session/e02a866d6a2aa648753f42da33f05113/element HTTP/1.1
User-Agent: selenium/4.1.2 (java windows)
Content-Length: 150
Content-Type: application/json; charset=utf-8
host: localhost:59133
accept: */*

Response DefaultHttpResponse(decodeResult: success, version: HTTP/1.1)
HTTP/1.1 200 OK
Content-Type: application/json; charset=utf-8
cache-control: no-cache
content-length: 88

21:14:55.226 [AsyncHttpClient-1-3] DEBUG org.asynchttpclient.netty.channel.ChannelManager - Adding key: http://localhost:59133 for channel [id: 0xe5d2de37, L:/127.0.0.1:57503 - R:localhost/127.0.0.1:59133]
21:14:55.228 [Forwarding clickElement on session e02a866d6a2aa648753f42da33f05113 to remote] DEBUG org.asynchttpclient.netty.request.NettyRequestSender - Using pooled Channel '[id: 0xe5d2de37, L:/127.0.0.1:57503 - R:localhost/127.0.0.1:59133]' for 'POST' to 'http://localhost:59133/session/e02a866d6a2aa648753f42da33f05113/element/d72a459f-7c33-47e1-b150-88be359a8fc9/click'
21:14:55.228 [Forwarding clickElement on session e02a866d6a2aa648753f42da33f05113 to remote] DEBUG org.asynchttpclient.netty.request.NettyRequestSender - Using open Channel [id: 0xe5d2de37, L:/127.0.0.1:57503 - R:localhost/127.0.0.1:59133] for POST '/session/e02a866d6a2aa648753f42da33f05113/element/d72a459f-7c33-47e1-b150-88be359a8fc9/click'
21:14:55.394 [AsyncHttpClient-1-3] DEBUG org.asynchttpclient.netty.handler.HttpHandler - 

Request DefaultHttpRequest(decodeResult: success, version: HTTP/1.1)
POST /session/e02a866d6a2aa648753f42da33f05113/element/d72a459f-7c33-47e1-b150-88be359a8fc9/click HTTP/1.1
User-Agent: selenium/4.1.2 (java windows)
Content-Length: 50
Content-Type: application/json; charset=utf-8
host: localhost:59133
accept: */*

Response DefaultHttpResponse(decodeResult: success, version: HTTP/1.1)
HTTP/1.1 200 OK
Content-Type: application/json; charset=utf-8
cache-control: no-cache
content-length: 14

21:14:55.394 [AsyncHttpClient-1-3] DEBUG org.asynchttpclient.netty.channel.ChannelManager - Adding key: http://localhost:59133 for channel [id: 0xe5d2de37, L:/127.0.0.1:57503 - R:localhost/127.0.0.1:59133]
21:14:55.408 [Forwarding screenshot on session e02a866d6a2aa648753f42da33f05113 to remote] DEBUG org.asynchttpclient.netty.request.NettyRequestSender - Using pooled Channel '[id: 0xe5d2de37, L:/127.0.0.1:57503 - R:localhost/127.0.0.1:59133]' for 'GET' to 'http://localhost:59133/session/e02a866d6a2aa648753f42da33f05113/screenshot'
21:14:55.409 [Forwarding screenshot on session e02a866d6a2aa648753f42da33f05113 to remote] DEBUG org.asynchttpclient.netty.request.NettyRequestSender - Using open Channel [id: 0xe5d2de37, L:/127.0.0.1:57503 - R:localhost/127.0.0.1:59133] for GET '/session/e02a866d6a2aa648753f42da33f05113/screenshot'
21:14:55.590 [AsyncHttpClient-1-1] DEBUG org.asynchttpclient.netty.channel.DefaultChannelPool - Entry count for : http://localhost:57504 : 1
21:14:55.651 [AsyncHttpClient-1-3] DEBUG org.asynchttpclient.netty.handler.HttpHandler - 

Request DefaultFullHttpRequest(decodeResult: success, version: HTTP/1.1, content: EmptyByteBufBE)
GET /session/e02a866d6a2aa648753f42da33f05113/screenshot HTTP/1.1
User-Agent: selenium/4.1.2 (java windows)
Cache-Control: no-cache
Content-Type: application/json; charset=utf-8
host: localhost:59133
accept: */*

Response DefaultHttpResponse(decodeResult: success, version: HTTP/1.1)
HTTP/1.1 200 OK
Content-Type: application/json; charset=utf-8
cache-control: no-cache
content-length: 90260

21:14:55.651 [AsyncHttpClient-1-3] DEBUG org.asynchttpclient.netty.channel.ChannelManager - Adding key: http://localhost:59133 for channel [id: 0xe5d2de37, L:/127.0.0.1:57503 - R:localhost/127.0.0.1:59133]
21:14:55.656 [main] DEBUG net.serenitybdd.core.photography.Darkroom - Send negative for processing for target\site\serenity\fb02c468cbc430fb16326acb2a5ff56f83642d4dd7955db3e13f4a53dec06549.png
21:14:55.656 [main] DEBUG net.thucydides.core.steps.StepInterceptor - STEP DONE: clickItems
21:14:55.656 [Darkroom Processing Line] DEBUG net.serenitybdd.core.photography.DarkroomProcessingLine - Processing screenshot image in /var/screenshots/screenshot-832899556923848572
21:14:55.657 [Darkroom Processing Line] DEBUG net.serenitybdd.core.photography.DarkroomProcessingLine - Saving screenshot to target\site\serenity\fb02c468cbc430fb16326acb2a5ff56f83642d4dd7955db3e13f4a53dec06549.png
21:14:55.670 [main] DEBUG net.thucydides.core.steps.StepInterceptor - STARTING STEP: TransactionSteps.userClickItems - clickItems
21:14:55.673 [Forwarding findElement on session e02a866d6a2aa648753f42da33f05113 to remote] DEBUG org.asynchttpclient.netty.request.NettyRequestSender - Using pooled Channel '[id: 0xe5d2de37, L:/127.0.0.1:57503 - R:localhost/127.0.0.1:59133]' for 'POST' to 'http://localhost:59133/session/e02a866d6a2aa648753f42da33f05113/element'
21:14:55.673 [Forwarding findElement on session e02a866d6a2aa648753f42da33f05113 to remote] DEBUG org.asynchttpclient.netty.request.NettyRequestSender - Using open Channel [id: 0xe5d2de37, L:/127.0.0.1:57503 - R:localhost/127.0.0.1:59133] for POST '/session/e02a866d6a2aa648753f42da33f05113/element'
21:14:55.689 [AsyncHttpClient-1-3] DEBUG org.asynchttpclient.netty.handler.HttpHandler - 

Request DefaultHttpRequest(decodeResult: success, version: HTTP/1.1)
POST /session/e02a866d6a2aa648753f42da33f05113/element HTTP/1.1
User-Agent: selenium/4.1.2 (java windows)
Content-Length: 150
Content-Type: application/json; charset=utf-8
host: localhost:59133
accept: */*

Response DefaultHttpResponse(decodeResult: success, version: HTTP/1.1)
HTTP/1.1 200 OK
Content-Type: application/json; charset=utf-8
cache-control: no-cache
content-length: 88

21:14:55.689 [AsyncHttpClient-1-3] DEBUG org.asynchttpclient.netty.channel.ChannelManager - Adding key: http://localhost:59133 for channel [id: 0xe5d2de37, L:/127.0.0.1:57503 - R:localhost/127.0.0.1:59133]
21:14:55.690 [Forwarding getElementTagName on session e02a866d6a2aa648753f42da33f05113 to remote] DEBUG org.asynchttpclient.netty.request.NettyRequestSender - Using pooled Channel '[id: 0xe5d2de37, L:/127.0.0.1:57503 - R:localhost/127.0.0.1:59133]' for 'GET' to 'http://localhost:59133/session/e02a866d6a2aa648753f42da33f05113/element/d72a459f-7c33-47e1-b150-88be359a8fc9/name'
21:14:55.690 [Forwarding getElementTagName on session e02a866d6a2aa648753f42da33f05113 to remote] DEBUG org.asynchttpclient.netty.request.NettyRequestSender - Using open Channel [id: 0xe5d2de37, L:/127.0.0.1:57503 - R:localhost/127.0.0.1:59133] for GET '/session/e02a866d6a2aa648753f42da33f05113/element/d72a459f-7c33-47e1-b150-88be359a8fc9/name'
21:14:55.693 [AsyncHttpClient-1-3] DEBUG org.asynchttpclient.netty.handler.HttpHandler - 

Request DefaultFullHttpRequest(decodeResult: success, version: HTTP/1.1, content: EmptyByteBufBE)
GET /session/e02a866d6a2aa648753f42da33f05113/element/d72a459f-7c33-47e1-b150-88be359a8fc9/name HTTP/1.1
User-Agent: selenium/4.1.2 (java windows)
Cache-Control: no-cache
Content-Type: application/json; charset=utf-8
host: localhost:59133
accept: */*

Response DefaultHttpResponse(decodeResult: success, version: HTTP/1.1)
HTTP/1.1 200 OK
Content-Type: application/json; charset=utf-8
cache-control: no-cache
content-length: 18

21:14:55.693 [AsyncHttpClient-1-3] DEBUG org.asynchttpclient.netty.channel.ChannelManager - Adding key: http://localhost:59133 for channel [id: 0xe5d2de37, L:/127.0.0.1:57503 - R:localhost/127.0.0.1:59133]
21:14:55.695 [Forwarding getElementTagName on session e02a866d6a2aa648753f42da33f05113 to remote] DEBUG org.asynchttpclient.netty.request.NettyRequestSender - Using pooled Channel '[id: 0xe5d2de37, L:/127.0.0.1:57503 - R:localhost/127.0.0.1:59133]' for 'GET' to 'http://localhost:59133/session/e02a866d6a2aa648753f42da33f05113/element/d72a459f-7c33-47e1-b150-88be359a8fc9/name'
21:14:55.695 [Forwarding getElementTagName on session e02a866d6a2aa648753f42da33f05113 to remote] DEBUG org.asynchttpclient.netty.request.NettyRequestSender - Using open Channel [id: 0xe5d2de37, L:/127.0.0.1:57503 - R:localhost/127.0.0.1:59133] for GET '/session/e02a866d6a2aa648753f42da33f05113/element/d72a459f-7c33-47e1-b150-88be359a8fc9/name'
21:14:55.699 [AsyncHttpClient-1-3] DEBUG org.asynchttpclient.netty.handler.HttpHandler - 

Request DefaultFullHttpRequest(decodeResult: success, version: HTTP/1.1, content: EmptyByteBufBE)
GET /session/e02a866d6a2aa648753f42da33f05113/element/d72a459f-7c33-47e1-b150-88be359a8fc9/name HTTP/1.1
User-Agent: selenium/4.1.2 (java windows)
Cache-Control: no-cache
Content-Type: application/json; charset=utf-8
host: localhost:59133
accept: */*

Response DefaultHttpResponse(decodeResult: success, version: HTTP/1.1)
HTTP/1.1 200 OK
Content-Type: application/json; charset=utf-8
cache-control: no-cache
content-length: 18

21:14:55.699 [AsyncHttpClient-1-3] DEBUG org.asynchttpclient.netty.channel.ChannelManager - Adding key: http://localhost:59133 for channel [id: 0xe5d2de37, L:/127.0.0.1:57503 - R:localhost/127.0.0.1:59133]
21:14:55.705 [Forwarding isElementEnabled on session e02a866d6a2aa648753f42da33f05113 to remote] DEBUG org.asynchttpclient.netty.request.NettyRequestSender - Using pooled Channel '[id: 0xe5d2de37, L:/127.0.0.1:57503 - R:localhost/127.0.0.1:59133]' for 'GET' to 'http://localhost:59133/session/e02a866d6a2aa648753f42da33f05113/element/d72a459f-7c33-47e1-b150-88be359a8fc9/enabled'
21:14:55.705 [Forwarding isElementEnabled on session e02a866d6a2aa648753f42da33f05113 to remote] DEBUG org.asynchttpclient.netty.request.NettyRequestSender - Using open Channel [id: 0xe5d2de37, L:/127.0.0.1:57503 - R:localhost/127.0.0.1:59133] for GET '/session/e02a866d6a2aa648753f42da33f05113/element/d72a459f-7c33-47e1-b150-88be359a8fc9/enabled'
21:14:55.730 [AsyncHttpClient-1-3] DEBUG org.asynchttpclient.netty.handler.HttpHandler - 

Request DefaultFullHttpRequest(decodeResult: success, version: HTTP/1.1, content: EmptyByteBufBE)
GET /session/e02a866d6a2aa648753f42da33f05113/element/d72a459f-7c33-47e1-b150-88be359a8fc9/enabled HTTP/1.1
User-Agent: selenium/4.1.2 (java windows)
Cache-Control: no-cache
Content-Type: application/json; charset=utf-8
host: localhost:59133
accept: */*

Response DefaultHttpResponse(decodeResult: success, version: HTTP/1.1)
HTTP/1.1 200 OK
Content-Type: application/json; charset=utf-8
cache-control: no-cache
content-length: 14

21:14:55.731 [AsyncHttpClient-1-3] DEBUG org.asynchttpclient.netty.channel.ChannelManager - Adding key: http://localhost:59133 for channel [id: 0xe5d2de37, L:/127.0.0.1:57503 - R:localhost/127.0.0.1:59133]
21:14:55.732 [Forwarding isElementEnabled on session e02a866d6a2aa648753f42da33f05113 to remote] DEBUG org.asynchttpclient.netty.request.NettyRequestSender - Using pooled Channel '[id: 0xe5d2de37, L:/127.0.0.1:57503 - R:localhost/127.0.0.1:59133]' for 'GET' to 'http://localhost:59133/session/e02a866d6a2aa648753f42da33f05113/element/d72a459f-7c33-47e1-b150-88be359a8fc9/enabled'
21:14:55.732 [Forwarding isElementEnabled on session e02a866d6a2aa648753f42da33f05113 to remote] DEBUG org.asynchttpclient.netty.request.NettyRequestSender - Using open Channel [id: 0xe5d2de37, L:/127.0.0.1:57503 - R:localhost/127.0.0.1:59133] for GET '/session/e02a866d6a2aa648753f42da33f05113/element/d72a459f-7c33-47e1-b150-88be359a8fc9/enabled'
21:14:55.738 [AsyncHttpClient-1-3] DEBUG org.asynchttpclient.netty.handler.HttpHandler - 

Request DefaultFullHttpRequest(decodeResult: success, version: HTTP/1.1, content: EmptyByteBufBE)
GET /session/e02a866d6a2aa648753f42da33f05113/element/d72a459f-7c33-47e1-b150-88be359a8fc9/enabled HTTP/1.1
User-Agent: selenium/4.1.2 (java windows)
Cache-Control: no-cache
Content-Type: application/json; charset=utf-8
host: localhost:59133
accept: */*

Response DefaultHttpResponse(decodeResult: success, version: HTTP/1.1)
HTTP/1.1 200 OK
Content-Type: application/json; charset=utf-8
cache-control: no-cache
content-length: 14

21:14:55.738 [AsyncHttpClient-1-3] DEBUG org.asynchttpclient.netty.channel.ChannelManager - Adding key: http://localhost:59133 for channel [id: 0xe5d2de37, L:/127.0.0.1:57503 - R:localhost/127.0.0.1:59133]
21:14:55.742 [Forwarding findElement on session e02a866d6a2aa648753f42da33f05113 to remote] DEBUG org.asynchttpclient.netty.request.NettyRequestSender - Using pooled Channel '[id: 0xe5d2de37, L:/127.0.0.1:57503 - R:localhost/127.0.0.1:59133]' for 'POST' to 'http://localhost:59133/session/e02a866d6a2aa648753f42da33f05113/element'
21:14:55.742 [Forwarding findElement on session e02a866d6a2aa648753f42da33f05113 to remote] DEBUG org.asynchttpclient.netty.request.NettyRequestSender - Using open Channel [id: 0xe5d2de37, L:/127.0.0.1:57503 - R:localhost/127.0.0.1:59133] for POST '/session/e02a866d6a2aa648753f42da33f05113/element'
21:14:55.753 [AsyncHttpClient-1-3] DEBUG org.asynchttpclient.netty.handler.HttpHandler - 

Request DefaultHttpRequest(decodeResult: success, version: HTTP/1.1)
POST /session/e02a866d6a2aa648753f42da33f05113/element HTTP/1.1
User-Agent: selenium/4.1.2 (java windows)
Content-Length: 150
Content-Type: application/json; charset=utf-8
host: localhost:59133
accept: */*

Response DefaultHttpResponse(decodeResult: success, version: HTTP/1.1)
HTTP/1.1 200 OK
Content-Type: application/json; charset=utf-8
cache-control: no-cache
content-length: 88

21:14:55.753 [AsyncHttpClient-1-3] DEBUG org.asynchttpclient.netty.channel.ChannelManager - Adding key: http://localhost:59133 for channel [id: 0xe5d2de37, L:/127.0.0.1:57503 - R:localhost/127.0.0.1:59133]
21:14:55.755 [Forwarding clickElement on session e02a866d6a2aa648753f42da33f05113 to remote] DEBUG org.asynchttpclient.netty.request.NettyRequestSender - Using pooled Channel '[id: 0xe5d2de37, L:/127.0.0.1:57503 - R:localhost/127.0.0.1:59133]' for 'POST' to 'http://localhost:59133/session/e02a866d6a2aa648753f42da33f05113/element/d72a459f-7c33-47e1-b150-88be359a8fc9/click'
21:14:55.755 [Forwarding clickElement on session e02a866d6a2aa648753f42da33f05113 to remote] DEBUG org.asynchttpclient.netty.request.NettyRequestSender - Using open Channel [id: 0xe5d2de37, L:/127.0.0.1:57503 - R:localhost/127.0.0.1:59133] for POST '/session/e02a866d6a2aa648753f42da33f05113/element/d72a459f-7c33-47e1-b150-88be359a8fc9/click'
21:14:55.835 [AsyncHttpClient-1-3] DEBUG org.asynchttpclient.netty.handler.HttpHandler - 

Request DefaultHttpRequest(decodeResult: success, version: HTTP/1.1)
POST /session/e02a866d6a2aa648753f42da33f05113/element/d72a459f-7c33-47e1-b150-88be359a8fc9/click HTTP/1.1
User-Agent: selenium/4.1.2 (java windows)
Content-Length: 50
Content-Type: application/json; charset=utf-8
host: localhost:59133
accept: */*

Response DefaultHttpResponse(decodeResult: success, version: HTTP/1.1)
HTTP/1.1 200 OK
Content-Type: application/json; charset=utf-8
cache-control: no-cache
content-length: 14

21:14:55.835 [AsyncHttpClient-1-3] DEBUG org.asynchttpclient.netty.channel.ChannelManager - Adding key: http://localhost:59133 for channel [id: 0xe5d2de37, L:/127.0.0.1:57503 - R:localhost/127.0.0.1:59133]
21:14:55.840 [Forwarding screenshot on session e02a866d6a2aa648753f42da33f05113 to remote] DEBUG org.asynchttpclient.netty.request.NettyRequestSender - Using pooled Channel '[id: 0xe5d2de37, L:/127.0.0.1:57503 - R:localhost/127.0.0.1:59133]' for 'GET' to 'http://localhost:59133/session/e02a866d6a2aa648753f42da33f05113/screenshot'
21:14:55.840 [Forwarding screenshot on session e02a866d6a2aa648753f42da33f05113 to remote] DEBUG org.asynchttpclient.netty.request.NettyRequestSender - Using open Channel [id: 0xe5d2de37, L:/127.0.0.1:57503 - R:localhost/127.0.0.1:59133] for GET '/session/e02a866d6a2aa648753f42da33f05113/screenshot'
21:14:56.081 [AsyncHttpClient-1-3] DEBUG org.asynchttpclient.netty.handler.HttpHandler - 

Request DefaultFullHttpRequest(decodeResult: success, version: HTTP/1.1, content: EmptyByteBufBE)
GET /session/e02a866d6a2aa648753f42da33f05113/screenshot HTTP/1.1
User-Agent: selenium/4.1.2 (java windows)
Cache-Control: no-cache
Content-Type: application/json; charset=utf-8
host: localhost:59133
accept: */*

Response DefaultHttpResponse(decodeResult: success, version: HTTP/1.1)
HTTP/1.1 200 OK
Content-Type: application/json; charset=utf-8
cache-control: no-cache
content-length: 90064

21:14:56.082 [AsyncHttpClient-1-3] DEBUG org.asynchttpclient.netty.channel.ChannelManager - Adding key: http://localhost:59133 for channel [id: 0xe5d2de37, L:/127.0.0.1:57503 - R:localhost/127.0.0.1:59133]
21:14:56.089 [main] DEBUG net.serenitybdd.core.photography.Darkroom - Send negative for processing for target\site\serenity\f38f8b1ac4724e318df365d0e96f510b8edaa92644d1449784e3b66c9df63320.png
21:14:56.090 [main] DEBUG net.thucydides.core.steps.StepInterceptor - STEP DONE: clickItems
21:14:56.090 [Darkroom Processing Line] DEBUG net.serenitybdd.core.photography.DarkroomProcessingLine - Processing screenshot image in /var/screenshots/screenshot-4103100592427360637
21:14:56.090 [Darkroom Processing Line] DEBUG net.serenitybdd.core.photography.DarkroomProcessingLine - Saving screenshot to target\site\serenity\f38f8b1ac4724e318df365d0e96f510b8edaa92644d1449784e3b66c9df63320.png
21:14:56.096 [main] DEBUG net.thucydides.core.steps.StepInterceptor - STARTING STEP: TransactionSteps.userClickItems - clickItems2
21:14:56.099 [Forwarding findElement on session e02a866d6a2aa648753f42da33f05113 to remote] DEBUG org.asynchttpclient.netty.request.NettyRequestSender - Using pooled Channel '[id: 0xe5d2de37, L:/127.0.0.1:57503 - R:localhost/127.0.0.1:59133]' for 'POST' to 'http://localhost:59133/session/e02a866d6a2aa648753f42da33f05113/element'
21:14:56.099 [Forwarding findElement on session e02a866d6a2aa648753f42da33f05113 to remote] DEBUG org.asynchttpclient.netty.request.NettyRequestSender - Using open Channel [id: 0xe5d2de37, L:/127.0.0.1:57503 - R:localhost/127.0.0.1:59133] for POST '/session/e02a866d6a2aa648753f42da33f05113/element'
21:14:56.119 [AsyncHttpClient-1-3] DEBUG org.asynchttpclient.netty.handler.HttpHandler - 

Request DefaultHttpRequest(decodeResult: success, version: HTTP/1.1)
POST /session/e02a866d6a2aa648753f42da33f05113/element HTTP/1.1
User-Agent: selenium/4.1.2 (java windows)
Content-Length: 150
Content-Type: application/json; charset=utf-8
host: localhost:59133
accept: */*

Response DefaultHttpResponse(decodeResult: success, version: HTTP/1.1)
HTTP/1.1 200 OK
Content-Type: application/json; charset=utf-8
cache-control: no-cache
content-length: 88

21:14:56.119 [AsyncHttpClient-1-3] DEBUG org.asynchttpclient.netty.channel.ChannelManager - Adding key: http://localhost:59133 for channel [id: 0xe5d2de37, L:/127.0.0.1:57503 - R:localhost/127.0.0.1:59133]
21:14:56.120 [Forwarding getElementTagName on session e02a866d6a2aa648753f42da33f05113 to remote] DEBUG org.asynchttpclient.netty.request.NettyRequestSender - Using pooled Channel '[id: 0xe5d2de37, L:/127.0.0.1:57503 - R:localhost/127.0.0.1:59133]' for 'GET' to 'http://localhost:59133/session/e02a866d6a2aa648753f42da33f05113/element/6cf81206-68a3-41db-b144-a2210015a30f/name'
21:14:56.120 [Forwarding getElementTagName on session e02a866d6a2aa648753f42da33f05113 to remote] DEBUG org.asynchttpclient.netty.request.NettyRequestSender - Using open Channel [id: 0xe5d2de37, L:/127.0.0.1:57503 - R:localhost/127.0.0.1:59133] for GET '/session/e02a866d6a2aa648753f42da33f05113/element/6cf81206-68a3-41db-b144-a2210015a30f/name'
21:14:56.127 [AsyncHttpClient-1-3] DEBUG org.asynchttpclient.netty.handler.HttpHandler - 

Request DefaultFullHttpRequest(decodeResult: success, version: HTTP/1.1, content: EmptyByteBufBE)
GET /session/e02a866d6a2aa648753f42da33f05113/element/6cf81206-68a3-41db-b144-a2210015a30f/name HTTP/1.1
User-Agent: selenium/4.1.2 (java windows)
Cache-Control: no-cache
Content-Type: application/json; charset=utf-8
host: localhost:59133
accept: */*

Response DefaultHttpResponse(decodeResult: success, version: HTTP/1.1)
HTTP/1.1 200 OK
Content-Type: application/json; charset=utf-8
cache-control: no-cache
content-length: 18

21:14:56.127 [AsyncHttpClient-1-3] DEBUG org.asynchttpclient.netty.channel.ChannelManager - Adding key: http://localhost:59133 for channel [id: 0xe5d2de37, L:/127.0.0.1:57503 - R:localhost/127.0.0.1:59133]
21:14:56.129 [Forwarding getElementTagName on session e02a866d6a2aa648753f42da33f05113 to remote] DEBUG org.asynchttpclient.netty.request.NettyRequestSender - Using pooled Channel '[id: 0xe5d2de37, L:/127.0.0.1:57503 - R:localhost/127.0.0.1:59133]' for 'GET' to 'http://localhost:59133/session/e02a866d6a2aa648753f42da33f05113/element/6cf81206-68a3-41db-b144-a2210015a30f/name'
21:14:56.129 [Forwarding getElementTagName on session e02a866d6a2aa648753f42da33f05113 to remote] DEBUG org.asynchttpclient.netty.request.NettyRequestSender - Using open Channel [id: 0xe5d2de37, L:/127.0.0.1:57503 - R:localhost/127.0.0.1:59133] for GET '/session/e02a866d6a2aa648753f42da33f05113/element/6cf81206-68a3-41db-b144-a2210015a30f/name'
21:14:56.133 [AsyncHttpClient-1-3] DEBUG org.asynchttpclient.netty.handler.HttpHandler - 

Request DefaultFullHttpRequest(decodeResult: success, version: HTTP/1.1, content: EmptyByteBufBE)
GET /session/e02a866d6a2aa648753f42da33f05113/element/6cf81206-68a3-41db-b144-a2210015a30f/name HTTP/1.1
User-Agent: selenium/4.1.2 (java windows)
Cache-Control: no-cache
Content-Type: application/json; charset=utf-8
host: localhost:59133
accept: */*

Response DefaultHttpResponse(decodeResult: success, version: HTTP/1.1)
HTTP/1.1 200 OK
Content-Type: application/json; charset=utf-8
cache-control: no-cache
content-length: 18

21:14:56.133 [AsyncHttpClient-1-3] DEBUG org.asynchttpclient.netty.channel.ChannelManager - Adding key: http://localhost:59133 for channel [id: 0xe5d2de37, L:/127.0.0.1:57503 - R:localhost/127.0.0.1:59133]
21:14:56.136 [Forwarding isElementEnabled on session e02a866d6a2aa648753f42da33f05113 to remote] DEBUG org.asynchttpclient.netty.request.NettyRequestSender - Using pooled Channel '[id: 0xe5d2de37, L:/127.0.0.1:57503 - R:localhost/127.0.0.1:59133]' for 'GET' to 'http://localhost:59133/session/e02a866d6a2aa648753f42da33f05113/element/6cf81206-68a3-41db-b144-a2210015a30f/enabled'
21:14:56.136 [Forwarding isElementEnabled on session e02a866d6a2aa648753f42da33f05113 to remote] DEBUG org.asynchttpclient.netty.request.NettyRequestSender - Using open Channel [id: 0xe5d2de37, L:/127.0.0.1:57503 - R:localhost/127.0.0.1:59133] for GET '/session/e02a866d6a2aa648753f42da33f05113/element/6cf81206-68a3-41db-b144-a2210015a30f/enabled'
21:14:56.156 [AsyncHttpClient-1-3] DEBUG org.asynchttpclient.netty.handler.HttpHandler - 

Request DefaultFullHttpRequest(decodeResult: success, version: HTTP/1.1, content: EmptyByteBufBE)
GET /session/e02a866d6a2aa648753f42da33f05113/element/6cf81206-68a3-41db-b144-a2210015a30f/enabled HTTP/1.1
User-Agent: selenium/4.1.2 (java windows)
Cache-Control: no-cache
Content-Type: application/json; charset=utf-8
host: localhost:59133
accept: */*

Response DefaultHttpResponse(decodeResult: success, version: HTTP/1.1)
HTTP/1.1 200 OK
Content-Type: application/json; charset=utf-8
cache-control: no-cache
content-length: 14

21:14:56.156 [AsyncHttpClient-1-3] DEBUG org.asynchttpclient.netty.channel.ChannelManager - Adding key: http://localhost:59133 for channel [id: 0xe5d2de37, L:/127.0.0.1:57503 - R:localhost/127.0.0.1:59133]
21:14:56.157 [Forwarding isElementEnabled on session e02a866d6a2aa648753f42da33f05113 to remote] DEBUG org.asynchttpclient.netty.request.NettyRequestSender - Using pooled Channel '[id: 0xe5d2de37, L:/127.0.0.1:57503 - R:localhost/127.0.0.1:59133]' for 'GET' to 'http://localhost:59133/session/e02a866d6a2aa648753f42da33f05113/element/6cf81206-68a3-41db-b144-a2210015a30f/enabled'
21:14:56.157 [Forwarding isElementEnabled on session e02a866d6a2aa648753f42da33f05113 to remote] DEBUG org.asynchttpclient.netty.request.NettyRequestSender - Using open Channel [id: 0xe5d2de37, L:/127.0.0.1:57503 - R:localhost/127.0.0.1:59133] for GET '/session/e02a866d6a2aa648753f42da33f05113/element/6cf81206-68a3-41db-b144-a2210015a30f/enabled'
21:14:56.167 [AsyncHttpClient-1-3] DEBUG org.asynchttpclient.netty.handler.HttpHandler - 

Request DefaultFullHttpRequest(decodeResult: success, version: HTTP/1.1, content: EmptyByteBufBE)
GET /session/e02a866d6a2aa648753f42da33f05113/element/6cf81206-68a3-41db-b144-a2210015a30f/enabled HTTP/1.1
User-Agent: selenium/4.1.2 (java windows)
Cache-Control: no-cache
Content-Type: application/json; charset=utf-8
host: localhost:59133
accept: */*

Response DefaultHttpResponse(decodeResult: success, version: HTTP/1.1)
HTTP/1.1 200 OK
Content-Type: application/json; charset=utf-8
cache-control: no-cache
content-length: 14

21:14:56.167 [AsyncHttpClient-1-3] DEBUG org.asynchttpclient.netty.channel.ChannelManager - Adding key: http://localhost:59133 for channel [id: 0xe5d2de37, L:/127.0.0.1:57503 - R:localhost/127.0.0.1:59133]
21:14:56.170 [Forwarding findElement on session e02a866d6a2aa648753f42da33f05113 to remote] DEBUG org.asynchttpclient.netty.request.NettyRequestSender - Using pooled Channel '[id: 0xe5d2de37, L:/127.0.0.1:57503 - R:localhost/127.0.0.1:59133]' for 'POST' to 'http://localhost:59133/session/e02a866d6a2aa648753f42da33f05113/element'
21:14:56.170 [Forwarding findElement on session e02a866d6a2aa648753f42da33f05113 to remote] DEBUG org.asynchttpclient.netty.request.NettyRequestSender - Using open Channel [id: 0xe5d2de37, L:/127.0.0.1:57503 - R:localhost/127.0.0.1:59133] for POST '/session/e02a866d6a2aa648753f42da33f05113/element'
21:14:56.184 [AsyncHttpClient-1-3] DEBUG org.asynchttpclient.netty.handler.HttpHandler - 

Request DefaultHttpRequest(decodeResult: success, version: HTTP/1.1)
POST /session/e02a866d6a2aa648753f42da33f05113/element HTTP/1.1
User-Agent: selenium/4.1.2 (java windows)
Content-Length: 150
Content-Type: application/json; charset=utf-8
host: localhost:59133
accept: */*

Response DefaultHttpResponse(decodeResult: success, version: HTTP/1.1)
HTTP/1.1 200 OK
Content-Type: application/json; charset=utf-8
cache-control: no-cache
content-length: 88

21:14:56.185 [AsyncHttpClient-1-3] DEBUG org.asynchttpclient.netty.channel.ChannelManager - Adding key: http://localhost:59133 for channel [id: 0xe5d2de37, L:/127.0.0.1:57503 - R:localhost/127.0.0.1:59133]
21:14:56.187 [Forwarding clickElement on session e02a866d6a2aa648753f42da33f05113 to remote] DEBUG org.asynchttpclient.netty.request.NettyRequestSender - Using pooled Channel '[id: 0xe5d2de37, L:/127.0.0.1:57503 - R:localhost/127.0.0.1:59133]' for 'POST' to 'http://localhost:59133/session/e02a866d6a2aa648753f42da33f05113/element/6cf81206-68a3-41db-b144-a2210015a30f/click'
21:14:56.187 [Forwarding clickElement on session e02a866d6a2aa648753f42da33f05113 to remote] DEBUG org.asynchttpclient.netty.request.NettyRequestSender - Using open Channel [id: 0xe5d2de37, L:/127.0.0.1:57503 - R:localhost/127.0.0.1:59133] for POST '/session/e02a866d6a2aa648753f42da33f05113/element/6cf81206-68a3-41db-b144-a2210015a30f/click'
21:14:56.298 [AsyncHttpClient-1-3] DEBUG org.asynchttpclient.netty.handler.HttpHandler - 

Request DefaultHttpRequest(decodeResult: success, version: HTTP/1.1)
POST /session/e02a866d6a2aa648753f42da33f05113/element/6cf81206-68a3-41db-b144-a2210015a30f/click HTTP/1.1
User-Agent: selenium/4.1.2 (java windows)
Content-Length: 50
Content-Type: application/json; charset=utf-8
host: localhost:59133
accept: */*

Response DefaultHttpResponse(decodeResult: success, version: HTTP/1.1)
HTTP/1.1 200 OK
Content-Type: application/json; charset=utf-8
cache-control: no-cache
content-length: 14

21:14:56.298 [AsyncHttpClient-1-3] DEBUG org.asynchttpclient.netty.channel.ChannelManager - Adding key: http://localhost:59133 for channel [id: 0xe5d2de37, L:/127.0.0.1:57503 - R:localhost/127.0.0.1:59133]
21:14:56.307 [Forwarding screenshot on session e02a866d6a2aa648753f42da33f05113 to remote] DEBUG org.asynchttpclient.netty.request.NettyRequestSender - Using pooled Channel '[id: 0xe5d2de37, L:/127.0.0.1:57503 - R:localhost/127.0.0.1:59133]' for 'GET' to 'http://localhost:59133/session/e02a866d6a2aa648753f42da33f05113/screenshot'
21:14:56.307 [Forwarding screenshot on session e02a866d6a2aa648753f42da33f05113 to remote] DEBUG org.asynchttpclient.netty.request.NettyRequestSender - Using open Channel [id: 0xe5d2de37, L:/127.0.0.1:57503 - R:localhost/127.0.0.1:59133] for GET '/session/e02a866d6a2aa648753f42da33f05113/screenshot'
21:14:56.551 [AsyncHttpClient-1-3] DEBUG org.asynchttpclient.netty.handler.HttpHandler - 

Request DefaultFullHttpRequest(decodeResult: success, version: HTTP/1.1, content: EmptyByteBufBE)
GET /session/e02a866d6a2aa648753f42da33f05113/screenshot HTTP/1.1
User-Agent: selenium/4.1.2 (java windows)
Cache-Control: no-cache
Content-Type: application/json; charset=utf-8
host: localhost:59133
accept: */*

Response DefaultHttpResponse(decodeResult: success, version: HTTP/1.1)
HTTP/1.1 200 OK
Content-Type: application/json; charset=utf-8
cache-control: no-cache
content-length: 90628

21:14:56.552 [AsyncHttpClient-1-3] DEBUG org.asynchttpclient.netty.channel.ChannelManager - Adding key: http://localhost:59133 for channel [id: 0xe5d2de37, L:/127.0.0.1:57503 - R:localhost/127.0.0.1:59133]
21:14:56.556 [main] DEBUG net.serenitybdd.core.photography.Darkroom - Send negative for processing for target\site\serenity\1e942b4a786180f5be24399379678fc248c9146a941ff494e9adaa103cfef4e3.png
21:14:56.556 [main] DEBUG net.thucydides.core.steps.StepInterceptor - STEP DONE: clickItems2
21:14:56.557 [Darkroom Processing Line] DEBUG net.serenitybdd.core.photography.DarkroomProcessingLine - Processing screenshot image in /var/screenshots/screenshot-5591516290904230279
21:14:56.557 [Darkroom Processing Line] DEBUG net.serenitybdd.core.photography.DarkroomProcessingLine - Saving screenshot to target\site\serenity\1e942b4a786180f5be24399379678fc248c9146a941ff494e9adaa103cfef4e3.png
21:14:56.563 [main] DEBUG net.thucydides.core.steps.StepInterceptor - STARTING STEP: TransactionSteps.userClickItems - clickItems2
21:14:56.566 [Forwarding findElement on session e02a866d6a2aa648753f42da33f05113 to remote] DEBUG org.asynchttpclient.netty.request.NettyRequestSender - Using pooled Channel '[id: 0xe5d2de37, L:/127.0.0.1:57503 - R:localhost/127.0.0.1:59133]' for 'POST' to 'http://localhost:59133/session/e02a866d6a2aa648753f42da33f05113/element'
21:14:56.566 [Forwarding findElement on session e02a866d6a2aa648753f42da33f05113 to remote] DEBUG org.asynchttpclient.netty.request.NettyRequestSender - Using open Channel [id: 0xe5d2de37, L:/127.0.0.1:57503 - R:localhost/127.0.0.1:59133] for POST '/session/e02a866d6a2aa648753f42da33f05113/element'
21:14:56.578 [AsyncHttpClient-1-3] DEBUG org.asynchttpclient.netty.handler.HttpHandler - 

Request DefaultHttpRequest(decodeResult: success, version: HTTP/1.1)
POST /session/e02a866d6a2aa648753f42da33f05113/element HTTP/1.1
User-Agent: selenium/4.1.2 (java windows)
Content-Length: 150
Content-Type: application/json; charset=utf-8
host: localhost:59133
accept: */*

Response DefaultHttpResponse(decodeResult: success, version: HTTP/1.1)
HTTP/1.1 200 OK
Content-Type: application/json; charset=utf-8
cache-control: no-cache
content-length: 88

21:14:56.578 [AsyncHttpClient-1-3] DEBUG org.asynchttpclient.netty.channel.ChannelManager - Adding key: http://localhost:59133 for channel [id: 0xe5d2de37, L:/127.0.0.1:57503 - R:localhost/127.0.0.1:59133]
21:14:56.580 [Forwarding getElementTagName on session e02a866d6a2aa648753f42da33f05113 to remote] DEBUG org.asynchttpclient.netty.request.NettyRequestSender - Using pooled Channel '[id: 0xe5d2de37, L:/127.0.0.1:57503 - R:localhost/127.0.0.1:59133]' for 'GET' to 'http://localhost:59133/session/e02a866d6a2aa648753f42da33f05113/element/6cf81206-68a3-41db-b144-a2210015a30f/name'
21:14:56.580 [Forwarding getElementTagName on session e02a866d6a2aa648753f42da33f05113 to remote] DEBUG org.asynchttpclient.netty.request.NettyRequestSender - Using open Channel [id: 0xe5d2de37, L:/127.0.0.1:57503 - R:localhost/127.0.0.1:59133] for GET '/session/e02a866d6a2aa648753f42da33f05113/element/6cf81206-68a3-41db-b144-a2210015a30f/name'
21:14:56.583 [AsyncHttpClient-1-3] DEBUG org.asynchttpclient.netty.handler.HttpHandler - 

Request DefaultFullHttpRequest(decodeResult: success, version: HTTP/1.1, content: EmptyByteBufBE)
GET /session/e02a866d6a2aa648753f42da33f05113/element/6cf81206-68a3-41db-b144-a2210015a30f/name HTTP/1.1
User-Agent: selenium/4.1.2 (java windows)
Cache-Control: no-cache
Content-Type: application/json; charset=utf-8
host: localhost:59133
accept: */*

Response DefaultHttpResponse(decodeResult: success, version: HTTP/1.1)
HTTP/1.1 200 OK
Content-Type: application/json; charset=utf-8
cache-control: no-cache
content-length: 18

21:14:56.583 [AsyncHttpClient-1-3] DEBUG org.asynchttpclient.netty.channel.ChannelManager - Adding key: http://localhost:59133 for channel [id: 0xe5d2de37, L:/127.0.0.1:57503 - R:localhost/127.0.0.1:59133]
21:14:56.584 [Forwarding getElementTagName on session e02a866d6a2aa648753f42da33f05113 to remote] DEBUG org.asynchttpclient.netty.request.NettyRequestSender - Using pooled Channel '[id: 0xe5d2de37, L:/127.0.0.1:57503 - R:localhost/127.0.0.1:59133]' for 'GET' to 'http://localhost:59133/session/e02a866d6a2aa648753f42da33f05113/element/6cf81206-68a3-41db-b144-a2210015a30f/name'
21:14:56.584 [Forwarding getElementTagName on session e02a866d6a2aa648753f42da33f05113 to remote] DEBUG org.asynchttpclient.netty.request.NettyRequestSender - Using open Channel [id: 0xe5d2de37, L:/127.0.0.1:57503 - R:localhost/127.0.0.1:59133] for GET '/session/e02a866d6a2aa648753f42da33f05113/element/6cf81206-68a3-41db-b144-a2210015a30f/name'
21:14:56.588 [AsyncHttpClient-1-3] DEBUG org.asynchttpclient.netty.handler.HttpHandler - 

Request DefaultFullHttpRequest(decodeResult: success, version: HTTP/1.1, content: EmptyByteBufBE)
GET /session/e02a866d6a2aa648753f42da33f05113/element/6cf81206-68a3-41db-b144-a2210015a30f/name HTTP/1.1
User-Agent: selenium/4.1.2 (java windows)
Cache-Control: no-cache
Content-Type: application/json; charset=utf-8
host: localhost:59133
accept: */*

Response DefaultHttpResponse(decodeResult: success, version: HTTP/1.1)
HTTP/1.1 200 OK
Content-Type: application/json; charset=utf-8
cache-control: no-cache
content-length: 18

21:14:56.588 [AsyncHttpClient-1-3] DEBUG org.asynchttpclient.netty.channel.ChannelManager - Adding key: http://localhost:59133 for channel [id: 0xe5d2de37, L:/127.0.0.1:57503 - R:localhost/127.0.0.1:59133]
21:14:56.591 [Forwarding isElementEnabled on session e02a866d6a2aa648753f42da33f05113 to remote] DEBUG org.asynchttpclient.netty.request.NettyRequestSender - Using pooled Channel '[id: 0xe5d2de37, L:/127.0.0.1:57503 - R:localhost/127.0.0.1:59133]' for 'GET' to 'http://localhost:59133/session/e02a866d6a2aa648753f42da33f05113/element/6cf81206-68a3-41db-b144-a2210015a30f/enabled'
21:14:56.591 [Forwarding isElementEnabled on session e02a866d6a2aa648753f42da33f05113 to remote] DEBUG org.asynchttpclient.netty.request.NettyRequestSender - Using open Channel [id: 0xe5d2de37, L:/127.0.0.1:57503 - R:localhost/127.0.0.1:59133] for GET '/session/e02a866d6a2aa648753f42da33f05113/element/6cf81206-68a3-41db-b144-a2210015a30f/enabled'
21:14:56.597 [AsyncHttpClient-1-3] DEBUG org.asynchttpclient.netty.handler.HttpHandler - 

Request DefaultFullHttpRequest(decodeResult: success, version: HTTP/1.1, content: EmptyByteBufBE)
GET /session/e02a866d6a2aa648753f42da33f05113/element/6cf81206-68a3-41db-b144-a2210015a30f/enabled HTTP/1.1
User-Agent: selenium/4.1.2 (java windows)
Cache-Control: no-cache
Content-Type: application/json; charset=utf-8
host: localhost:59133
accept: */*

Response DefaultHttpResponse(decodeResult: success, version: HTTP/1.1)
HTTP/1.1 200 OK
Content-Type: application/json; charset=utf-8
cache-control: no-cache
content-length: 14

21:14:56.598 [AsyncHttpClient-1-3] DEBUG org.asynchttpclient.netty.channel.ChannelManager - Adding key: http://localhost:59133 for channel [id: 0xe5d2de37, L:/127.0.0.1:57503 - R:localhost/127.0.0.1:59133]
21:14:56.599 [Forwarding isElementEnabled on session e02a866d6a2aa648753f42da33f05113 to remote] DEBUG org.asynchttpclient.netty.request.NettyRequestSender - Using pooled Channel '[id: 0xe5d2de37, L:/127.0.0.1:57503 - R:localhost/127.0.0.1:59133]' for 'GET' to 'http://localhost:59133/session/e02a866d6a2aa648753f42da33f05113/element/6cf81206-68a3-41db-b144-a2210015a30f/enabled'
21:14:56.599 [Forwarding isElementEnabled on session e02a866d6a2aa648753f42da33f05113 to remote] DEBUG org.asynchttpclient.netty.request.NettyRequestSender - Using open Channel [id: 0xe5d2de37, L:/127.0.0.1:57503 - R:localhost/127.0.0.1:59133] for GET '/session/e02a866d6a2aa648753f42da33f05113/element/6cf81206-68a3-41db-b144-a2210015a30f/enabled'
21:14:56.604 [AsyncHttpClient-1-3] DEBUG org.asynchttpclient.netty.handler.HttpHandler - 

Request DefaultFullHttpRequest(decodeResult: success, version: HTTP/1.1, content: EmptyByteBufBE)
GET /session/e02a866d6a2aa648753f42da33f05113/element/6cf81206-68a3-41db-b144-a2210015a30f/enabled HTTP/1.1
User-Agent: selenium/4.1.2 (java windows)
Cache-Control: no-cache
Content-Type: application/json; charset=utf-8
host: localhost:59133
accept: */*

Response DefaultHttpResponse(decodeResult: success, version: HTTP/1.1)
HTTP/1.1 200 OK
Content-Type: application/json; charset=utf-8
cache-control: no-cache
content-length: 14

21:14:56.604 [AsyncHttpClient-1-3] DEBUG org.asynchttpclient.netty.channel.ChannelManager - Adding key: http://localhost:59133 for channel [id: 0xe5d2de37, L:/127.0.0.1:57503 - R:localhost/127.0.0.1:59133]
21:14:56.607 [Forwarding findElement on session e02a866d6a2aa648753f42da33f05113 to remote] DEBUG org.asynchttpclient.netty.request.NettyRequestSender - Using pooled Channel '[id: 0xe5d2de37, L:/127.0.0.1:57503 - R:localhost/127.0.0.1:59133]' for 'POST' to 'http://localhost:59133/session/e02a866d6a2aa648753f42da33f05113/element'
21:14:56.607 [Forwarding findElement on session e02a866d6a2aa648753f42da33f05113 to remote] DEBUG org.asynchttpclient.netty.request.NettyRequestSender - Using open Channel [id: 0xe5d2de37, L:/127.0.0.1:57503 - R:localhost/127.0.0.1:59133] for POST '/session/e02a866d6a2aa648753f42da33f05113/element'
21:14:56.632 [AsyncHttpClient-1-3] DEBUG org.asynchttpclient.netty.handler.HttpHandler - 

Request DefaultHttpRequest(decodeResult: success, version: HTTP/1.1)
POST /session/e02a866d6a2aa648753f42da33f05113/element HTTP/1.1
User-Agent: selenium/4.1.2 (java windows)
Content-Length: 150
Content-Type: application/json; charset=utf-8
host: localhost:59133
accept: */*

Response DefaultHttpResponse(decodeResult: success, version: HTTP/1.1)
HTTP/1.1 200 OK
Content-Type: application/json; charset=utf-8
cache-control: no-cache
content-length: 88

21:14:56.633 [AsyncHttpClient-1-3] DEBUG org.asynchttpclient.netty.channel.ChannelManager - Adding key: http://localhost:59133 for channel [id: 0xe5d2de37, L:/127.0.0.1:57503 - R:localhost/127.0.0.1:59133]
21:14:56.634 [Forwarding clickElement on session e02a866d6a2aa648753f42da33f05113 to remote] DEBUG org.asynchttpclient.netty.request.NettyRequestSender - Using pooled Channel '[id: 0xe5d2de37, L:/127.0.0.1:57503 - R:localhost/127.0.0.1:59133]' for 'POST' to 'http://localhost:59133/session/e02a866d6a2aa648753f42da33f05113/element/6cf81206-68a3-41db-b144-a2210015a30f/click'
21:14:56.635 [Forwarding clickElement on session e02a866d6a2aa648753f42da33f05113 to remote] DEBUG org.asynchttpclient.netty.request.NettyRequestSender - Using open Channel [id: 0xe5d2de37, L:/127.0.0.1:57503 - R:localhost/127.0.0.1:59133] for POST '/session/e02a866d6a2aa648753f42da33f05113/element/6cf81206-68a3-41db-b144-a2210015a30f/click'
21:14:56.690 [AsyncHttpClient-1-1] DEBUG org.asynchttpclient.netty.channel.DefaultChannelPool - Entry count for : http://localhost:57504 : 1
21:14:56.765 [AsyncHttpClient-1-3] DEBUG org.asynchttpclient.netty.handler.HttpHandler - 

Request DefaultHttpRequest(decodeResult: success, version: HTTP/1.1)
POST /session/e02a866d6a2aa648753f42da33f05113/element/6cf81206-68a3-41db-b144-a2210015a30f/click HTTP/1.1
User-Agent: selenium/4.1.2 (java windows)
Content-Length: 50
Content-Type: application/json; charset=utf-8
host: localhost:59133
accept: */*

Response DefaultHttpResponse(decodeResult: success, version: HTTP/1.1)
HTTP/1.1 200 OK
Content-Type: application/json; charset=utf-8
cache-control: no-cache
content-length: 14

21:14:56.765 [AsyncHttpClient-1-3] DEBUG org.asynchttpclient.netty.channel.ChannelManager - Adding key: http://localhost:59133 for channel [id: 0xe5d2de37, L:/127.0.0.1:57503 - R:localhost/127.0.0.1:59133]
21:14:56.773 [Forwarding screenshot on session e02a866d6a2aa648753f42da33f05113 to remote] DEBUG org.asynchttpclient.netty.request.NettyRequestSender - Using pooled Channel '[id: 0xe5d2de37, L:/127.0.0.1:57503 - R:localhost/127.0.0.1:59133]' for 'GET' to 'http://localhost:59133/session/e02a866d6a2aa648753f42da33f05113/screenshot'
21:14:56.773 [Forwarding screenshot on session e02a866d6a2aa648753f42da33f05113 to remote] DEBUG org.asynchttpclient.netty.request.NettyRequestSender - Using open Channel [id: 0xe5d2de37, L:/127.0.0.1:57503 - R:localhost/127.0.0.1:59133] for GET '/session/e02a866d6a2aa648753f42da33f05113/screenshot'
21:14:57.000 [AsyncHttpClient-1-3] DEBUG org.asynchttpclient.netty.handler.HttpHandler - 

Request DefaultFullHttpRequest(decodeResult: success, version: HTTP/1.1, content: EmptyByteBufBE)
GET /session/e02a866d6a2aa648753f42da33f05113/screenshot HTTP/1.1
User-Agent: selenium/4.1.2 (java windows)
Cache-Control: no-cache
Content-Type: application/json; charset=utf-8
host: localhost:59133
accept: */*

Response DefaultHttpResponse(decodeResult: success, version: HTTP/1.1)
HTTP/1.1 200 OK
Content-Type: application/json; charset=utf-8
cache-control: no-cache
content-length: 90216

21:14:57.001 [AsyncHttpClient-1-3] DEBUG org.asynchttpclient.netty.channel.ChannelManager - Adding key: http://localhost:59133 for channel [id: 0xe5d2de37, L:/127.0.0.1:57503 - R:localhost/127.0.0.1:59133]
21:14:57.006 [main] DEBUG net.serenitybdd.core.photography.Darkroom - Send negative for processing for target\site\serenity\3a5b292b831db1edfea5368f58feb820749791411c6ecdf5a954d476f93e1efb.png
21:14:57.006 [main] DEBUG net.thucydides.core.steps.StepInterceptor - STEP DONE: clickItems2
21:14:57.006 [Darkroom Processing Line] DEBUG net.serenitybdd.core.photography.DarkroomProcessingLine - Processing screenshot image in /var/screenshots/screenshot-6250285678780218827
21:14:57.006 [Darkroom Processing Line] DEBUG net.serenitybdd.core.photography.DarkroomProcessingLine - Saving screenshot to target\site\serenity\3a5b292b831db1edfea5368f58feb820749791411c6ecdf5a954d476f93e1efb.png
21:14:57.016 [main] DEBUG net.thucydides.core.steps.StepInterceptor - STARTING STEP: TransactionSteps.userClickItems - clickItems3
21:14:57.020 [Forwarding findElement on session e02a866d6a2aa648753f42da33f05113 to remote] DEBUG org.asynchttpclient.netty.request.NettyRequestSender - Using pooled Channel '[id: 0xe5d2de37, L:/127.0.0.1:57503 - R:localhost/127.0.0.1:59133]' for 'POST' to 'http://localhost:59133/session/e02a866d6a2aa648753f42da33f05113/element'
21:14:57.020 [Forwarding findElement on session e02a866d6a2aa648753f42da33f05113 to remote] DEBUG org.asynchttpclient.netty.request.NettyRequestSender - Using open Channel [id: 0xe5d2de37, L:/127.0.0.1:57503 - R:localhost/127.0.0.1:59133] for POST '/session/e02a866d6a2aa648753f42da33f05113/element'
21:14:57.040 [AsyncHttpClient-1-3] DEBUG org.asynchttpclient.netty.handler.HttpHandler - 

Request DefaultHttpRequest(decodeResult: success, version: HTTP/1.1)
POST /session/e02a866d6a2aa648753f42da33f05113/element HTTP/1.1
User-Agent: selenium/4.1.2 (java windows)
Content-Length: 150
Content-Type: application/json; charset=utf-8
host: localhost:59133
accept: */*

Response DefaultHttpResponse(decodeResult: success, version: HTTP/1.1)
HTTP/1.1 200 OK
Content-Type: application/json; charset=utf-8
cache-control: no-cache
content-length: 88

21:14:57.040 [AsyncHttpClient-1-3] DEBUG org.asynchttpclient.netty.channel.ChannelManager - Adding key: http://localhost:59133 for channel [id: 0xe5d2de37, L:/127.0.0.1:57503 - R:localhost/127.0.0.1:59133]
21:14:57.041 [Forwarding getElementTagName on session e02a866d6a2aa648753f42da33f05113 to remote] DEBUG org.asynchttpclient.netty.request.NettyRequestSender - Using pooled Channel '[id: 0xe5d2de37, L:/127.0.0.1:57503 - R:localhost/127.0.0.1:59133]' for 'GET' to 'http://localhost:59133/session/e02a866d6a2aa648753f42da33f05113/element/f0922e8e-b683-4836-aba9-ad3b6dc53013/name'
21:14:57.042 [Forwarding getElementTagName on session e02a866d6a2aa648753f42da33f05113 to remote] DEBUG org.asynchttpclient.netty.request.NettyRequestSender - Using open Channel [id: 0xe5d2de37, L:/127.0.0.1:57503 - R:localhost/127.0.0.1:59133] for GET '/session/e02a866d6a2aa648753f42da33f05113/element/f0922e8e-b683-4836-aba9-ad3b6dc53013/name'
21:14:57.046 [AsyncHttpClient-1-3] DEBUG org.asynchttpclient.netty.handler.HttpHandler - 

Request DefaultFullHttpRequest(decodeResult: success, version: HTTP/1.1, content: EmptyByteBufBE)
GET /session/e02a866d6a2aa648753f42da33f05113/element/f0922e8e-b683-4836-aba9-ad3b6dc53013/name HTTP/1.1
User-Agent: selenium/4.1.2 (java windows)
Cache-Control: no-cache
Content-Type: application/json; charset=utf-8
host: localhost:59133
accept: */*

Response DefaultHttpResponse(decodeResult: success, version: HTTP/1.1)
HTTP/1.1 200 OK
Content-Type: application/json; charset=utf-8
cache-control: no-cache
content-length: 18

21:14:57.046 [AsyncHttpClient-1-3] DEBUG org.asynchttpclient.netty.channel.ChannelManager - Adding key: http://localhost:59133 for channel [id: 0xe5d2de37, L:/127.0.0.1:57503 - R:localhost/127.0.0.1:59133]
21:14:57.047 [Forwarding getElementTagName on session e02a866d6a2aa648753f42da33f05113 to remote] DEBUG org.asynchttpclient.netty.request.NettyRequestSender - Using pooled Channel '[id: 0xe5d2de37, L:/127.0.0.1:57503 - R:localhost/127.0.0.1:59133]' for 'GET' to 'http://localhost:59133/session/e02a866d6a2aa648753f42da33f05113/element/f0922e8e-b683-4836-aba9-ad3b6dc53013/name'
21:14:57.047 [Forwarding getElementTagName on session e02a866d6a2aa648753f42da33f05113 to remote] DEBUG org.asynchttpclient.netty.request.NettyRequestSender - Using open Channel [id: 0xe5d2de37, L:/127.0.0.1:57503 - R:localhost/127.0.0.1:59133] for GET '/session/e02a866d6a2aa648753f42da33f05113/element/f0922e8e-b683-4836-aba9-ad3b6dc53013/name'
21:14:57.051 [AsyncHttpClient-1-3] DEBUG org.asynchttpclient.netty.handler.HttpHandler - 

Request DefaultFullHttpRequest(decodeResult: success, version: HTTP/1.1, content: EmptyByteBufBE)
GET /session/e02a866d6a2aa648753f42da33f05113/element/f0922e8e-b683-4836-aba9-ad3b6dc53013/name HTTP/1.1
User-Agent: selenium/4.1.2 (java windows)
Cache-Control: no-cache
Content-Type: application/json; charset=utf-8
host: localhost:59133
accept: */*

Response DefaultHttpResponse(decodeResult: success, version: HTTP/1.1)
HTTP/1.1 200 OK
Content-Type: application/json; charset=utf-8
cache-control: no-cache
content-length: 18

21:14:57.051 [AsyncHttpClient-1-3] DEBUG org.asynchttpclient.netty.channel.ChannelManager - Adding key: http://localhost:59133 for channel [id: 0xe5d2de37, L:/127.0.0.1:57503 - R:localhost/127.0.0.1:59133]
21:14:57.054 [Forwarding isElementEnabled on session e02a866d6a2aa648753f42da33f05113 to remote] DEBUG org.asynchttpclient.netty.request.NettyRequestSender - Using pooled Channel '[id: 0xe5d2de37, L:/127.0.0.1:57503 - R:localhost/127.0.0.1:59133]' for 'GET' to 'http://localhost:59133/session/e02a866d6a2aa648753f42da33f05113/element/f0922e8e-b683-4836-aba9-ad3b6dc53013/enabled'
21:14:57.054 [Forwarding isElementEnabled on session e02a866d6a2aa648753f42da33f05113 to remote] DEBUG org.asynchttpclient.netty.request.NettyRequestSender - Using open Channel [id: 0xe5d2de37, L:/127.0.0.1:57503 - R:localhost/127.0.0.1:59133] for GET '/session/e02a866d6a2aa648753f42da33f05113/element/f0922e8e-b683-4836-aba9-ad3b6dc53013/enabled'
21:14:57.063 [AsyncHttpClient-1-3] DEBUG org.asynchttpclient.netty.handler.HttpHandler - 

Request DefaultFullHttpRequest(decodeResult: success, version: HTTP/1.1, content: EmptyByteBufBE)
GET /session/e02a866d6a2aa648753f42da33f05113/element/f0922e8e-b683-4836-aba9-ad3b6dc53013/enabled HTTP/1.1
User-Agent: selenium/4.1.2 (java windows)
Cache-Control: no-cache
Content-Type: application/json; charset=utf-8
host: localhost:59133
accept: */*

Response DefaultHttpResponse(decodeResult: success, version: HTTP/1.1)
HTTP/1.1 200 OK
Content-Type: application/json; charset=utf-8
cache-control: no-cache
content-length: 14

21:14:57.063 [AsyncHttpClient-1-3] DEBUG org.asynchttpclient.netty.channel.ChannelManager - Adding key: http://localhost:59133 for channel [id: 0xe5d2de37, L:/127.0.0.1:57503 - R:localhost/127.0.0.1:59133]
21:14:57.064 [Forwarding isElementEnabled on session e02a866d6a2aa648753f42da33f05113 to remote] DEBUG org.asynchttpclient.netty.request.NettyRequestSender - Using pooled Channel '[id: 0xe5d2de37, L:/127.0.0.1:57503 - R:localhost/127.0.0.1:59133]' for 'GET' to 'http://localhost:59133/session/e02a866d6a2aa648753f42da33f05113/element/f0922e8e-b683-4836-aba9-ad3b6dc53013/enabled'
21:14:57.064 [Forwarding isElementEnabled on session e02a866d6a2aa648753f42da33f05113 to remote] DEBUG org.asynchttpclient.netty.request.NettyRequestSender - Using open Channel [id: 0xe5d2de37, L:/127.0.0.1:57503 - R:localhost/127.0.0.1:59133] for GET '/session/e02a866d6a2aa648753f42da33f05113/element/f0922e8e-b683-4836-aba9-ad3b6dc53013/enabled'
21:14:57.070 [AsyncHttpClient-1-3] DEBUG org.asynchttpclient.netty.handler.HttpHandler - 

Request DefaultFullHttpRequest(decodeResult: success, version: HTTP/1.1, content: EmptyByteBufBE)
GET /session/e02a866d6a2aa648753f42da33f05113/element/f0922e8e-b683-4836-aba9-ad3b6dc53013/enabled HTTP/1.1
User-Agent: selenium/4.1.2 (java windows)
Cache-Control: no-cache
Content-Type: application/json; charset=utf-8
host: localhost:59133
accept: */*

Response DefaultHttpResponse(decodeResult: success, version: HTTP/1.1)
HTTP/1.1 200 OK
Content-Type: application/json; charset=utf-8
cache-control: no-cache
content-length: 14

21:14:57.070 [AsyncHttpClient-1-3] DEBUG org.asynchttpclient.netty.channel.ChannelManager - Adding key: http://localhost:59133 for channel [id: 0xe5d2de37, L:/127.0.0.1:57503 - R:localhost/127.0.0.1:59133]
21:14:57.073 [Forwarding findElement on session e02a866d6a2aa648753f42da33f05113 to remote] DEBUG org.asynchttpclient.netty.request.NettyRequestSender - Using pooled Channel '[id: 0xe5d2de37, L:/127.0.0.1:57503 - R:localhost/127.0.0.1:59133]' for 'POST' to 'http://localhost:59133/session/e02a866d6a2aa648753f42da33f05113/element'
21:14:57.073 [Forwarding findElement on session e02a866d6a2aa648753f42da33f05113 to remote] DEBUG org.asynchttpclient.netty.request.NettyRequestSender - Using open Channel [id: 0xe5d2de37, L:/127.0.0.1:57503 - R:localhost/127.0.0.1:59133] for POST '/session/e02a866d6a2aa648753f42da33f05113/element'
21:14:57.083 [AsyncHttpClient-1-3] DEBUG org.asynchttpclient.netty.handler.HttpHandler - 

Request DefaultHttpRequest(decodeResult: success, version: HTTP/1.1)
POST /session/e02a866d6a2aa648753f42da33f05113/element HTTP/1.1
User-Agent: selenium/4.1.2 (java windows)
Content-Length: 150
Content-Type: application/json; charset=utf-8
host: localhost:59133
accept: */*

Response DefaultHttpResponse(decodeResult: success, version: HTTP/1.1)
HTTP/1.1 200 OK
Content-Type: application/json; charset=utf-8
cache-control: no-cache
content-length: 88

21:14:57.083 [AsyncHttpClient-1-3] DEBUG org.asynchttpclient.netty.channel.ChannelManager - Adding key: http://localhost:59133 for channel [id: 0xe5d2de37, L:/127.0.0.1:57503 - R:localhost/127.0.0.1:59133]
21:14:57.084 [Forwarding clickElement on session e02a866d6a2aa648753f42da33f05113 to remote] DEBUG org.asynchttpclient.netty.request.NettyRequestSender - Using pooled Channel '[id: 0xe5d2de37, L:/127.0.0.1:57503 - R:localhost/127.0.0.1:59133]' for 'POST' to 'http://localhost:59133/session/e02a866d6a2aa648753f42da33f05113/element/f0922e8e-b683-4836-aba9-ad3b6dc53013/click'
21:14:57.084 [Forwarding clickElement on session e02a866d6a2aa648753f42da33f05113 to remote] DEBUG org.asynchttpclient.netty.request.NettyRequestSender - Using open Channel [id: 0xe5d2de37, L:/127.0.0.1:57503 - R:localhost/127.0.0.1:59133] for POST '/session/e02a866d6a2aa648753f42da33f05113/element/f0922e8e-b683-4836-aba9-ad3b6dc53013/click'
21:14:57.201 [AsyncHttpClient-1-3] DEBUG org.asynchttpclient.netty.handler.HttpHandler - 

Request DefaultHttpRequest(decodeResult: success, version: HTTP/1.1)
POST /session/e02a866d6a2aa648753f42da33f05113/element/f0922e8e-b683-4836-aba9-ad3b6dc53013/click HTTP/1.1
User-Agent: selenium/4.1.2 (java windows)
Content-Length: 50
Content-Type: application/json; charset=utf-8
host: localhost:59133
accept: */*

Response DefaultHttpResponse(decodeResult: success, version: HTTP/1.1)
HTTP/1.1 200 OK
Content-Type: application/json; charset=utf-8
cache-control: no-cache
content-length: 14

21:14:57.201 [AsyncHttpClient-1-3] DEBUG org.asynchttpclient.netty.channel.ChannelManager - Adding key: http://localhost:59133 for channel [id: 0xe5d2de37, L:/127.0.0.1:57503 - R:localhost/127.0.0.1:59133]
21:14:57.208 [Forwarding screenshot on session e02a866d6a2aa648753f42da33f05113 to remote] DEBUG org.asynchttpclient.netty.request.NettyRequestSender - Using pooled Channel '[id: 0xe5d2de37, L:/127.0.0.1:57503 - R:localhost/127.0.0.1:59133]' for 'GET' to 'http://localhost:59133/session/e02a866d6a2aa648753f42da33f05113/screenshot'
21:14:57.208 [Forwarding screenshot on session e02a866d6a2aa648753f42da33f05113 to remote] DEBUG org.asynchttpclient.netty.request.NettyRequestSender - Using open Channel [id: 0xe5d2de37, L:/127.0.0.1:57503 - R:localhost/127.0.0.1:59133] for GET '/session/e02a866d6a2aa648753f42da33f05113/screenshot'
21:14:57.396 [AsyncHttpClient-1-3] DEBUG org.asynchttpclient.netty.handler.HttpHandler - 

Request DefaultFullHttpRequest(decodeResult: success, version: HTTP/1.1, content: EmptyByteBufBE)
GET /session/e02a866d6a2aa648753f42da33f05113/screenshot HTTP/1.1
User-Agent: selenium/4.1.2 (java windows)
Cache-Control: no-cache
Content-Type: application/json; charset=utf-8
host: localhost:59133
accept: */*

Response DefaultHttpResponse(decodeResult: success, version: HTTP/1.1)
HTTP/1.1 200 OK
Content-Type: application/json; charset=utf-8
cache-control: no-cache
content-length: 90772

21:14:57.396 [AsyncHttpClient-1-3] DEBUG org.asynchttpclient.netty.channel.ChannelManager - Adding key: http://localhost:59133 for channel [id: 0xe5d2de37, L:/127.0.0.1:57503 - R:localhost/127.0.0.1:59133]
21:14:57.401 [main] DEBUG net.serenitybdd.core.photography.Darkroom - Send negative for processing for target\site\serenity\6458d5fefa1a3b92d7e700d76ffcbfd23708d64991deb23de20a1bf031c946c2.png
21:14:57.401 [main] DEBUG net.thucydides.core.steps.StepInterceptor - STEP DONE: clickItems3
21:14:57.401 [Darkroom Processing Line] DEBUG net.serenitybdd.core.photography.DarkroomProcessingLine - Processing screenshot image in /var/screenshots/screenshot-2693904031294666092
21:14:57.401 [Darkroom Processing Line] DEBUG net.serenitybdd.core.photography.DarkroomProcessingLine - Saving screenshot to target\site\serenity\6458d5fefa1a3b92d7e700d76ffcbfd23708d64991deb23de20a1bf031c946c2.png
21:14:57.408 [main] DEBUG net.thucydides.core.steps.StepInterceptor - STARTING STEP: TransactionSteps.userClickItems - clickItems3
21:14:57.411 [Forwarding findElement on session e02a866d6a2aa648753f42da33f05113 to remote] DEBUG org.asynchttpclient.netty.request.NettyRequestSender - Using pooled Channel '[id: 0xe5d2de37, L:/127.0.0.1:57503 - R:localhost/127.0.0.1:59133]' for 'POST' to 'http://localhost:59133/session/e02a866d6a2aa648753f42da33f05113/element'
21:14:57.411 [Forwarding findElement on session e02a866d6a2aa648753f42da33f05113 to remote] DEBUG org.asynchttpclient.netty.request.NettyRequestSender - Using open Channel [id: 0xe5d2de37, L:/127.0.0.1:57503 - R:localhost/127.0.0.1:59133] for POST '/session/e02a866d6a2aa648753f42da33f05113/element'
21:14:57.433 [AsyncHttpClient-1-3] DEBUG org.asynchttpclient.netty.handler.HttpHandler - 

Request DefaultHttpRequest(decodeResult: success, version: HTTP/1.1)
POST /session/e02a866d6a2aa648753f42da33f05113/element HTTP/1.1
User-Agent: selenium/4.1.2 (java windows)
Content-Length: 150
Content-Type: application/json; charset=utf-8
host: localhost:59133
accept: */*

Response DefaultHttpResponse(decodeResult: success, version: HTTP/1.1)
HTTP/1.1 200 OK
Content-Type: application/json; charset=utf-8
cache-control: no-cache
content-length: 88

21:14:57.433 [AsyncHttpClient-1-3] DEBUG org.asynchttpclient.netty.channel.ChannelManager - Adding key: http://localhost:59133 for channel [id: 0xe5d2de37, L:/127.0.0.1:57503 - R:localhost/127.0.0.1:59133]
21:14:57.435 [Forwarding getElementTagName on session e02a866d6a2aa648753f42da33f05113 to remote] DEBUG org.asynchttpclient.netty.request.NettyRequestSender - Using pooled Channel '[id: 0xe5d2de37, L:/127.0.0.1:57503 - R:localhost/127.0.0.1:59133]' for 'GET' to 'http://localhost:59133/session/e02a866d6a2aa648753f42da33f05113/element/f0922e8e-b683-4836-aba9-ad3b6dc53013/name'
21:14:57.435 [Forwarding getElementTagName on session e02a866d6a2aa648753f42da33f05113 to remote] DEBUG org.asynchttpclient.netty.request.NettyRequestSender - Using open Channel [id: 0xe5d2de37, L:/127.0.0.1:57503 - R:localhost/127.0.0.1:59133] for GET '/session/e02a866d6a2aa648753f42da33f05113/element/f0922e8e-b683-4836-aba9-ad3b6dc53013/name'
21:14:57.442 [AsyncHttpClient-1-3] DEBUG org.asynchttpclient.netty.handler.HttpHandler - 

Request DefaultFullHttpRequest(decodeResult: success, version: HTTP/1.1, content: EmptyByteBufBE)
GET /session/e02a866d6a2aa648753f42da33f05113/element/f0922e8e-b683-4836-aba9-ad3b6dc53013/name HTTP/1.1
User-Agent: selenium/4.1.2 (java windows)
Cache-Control: no-cache
Content-Type: application/json; charset=utf-8
host: localhost:59133
accept: */*

Response DefaultHttpResponse(decodeResult: success, version: HTTP/1.1)
HTTP/1.1 200 OK
Content-Type: application/json; charset=utf-8
cache-control: no-cache
content-length: 18

21:14:57.442 [AsyncHttpClient-1-3] DEBUG org.asynchttpclient.netty.channel.ChannelManager - Adding key: http://localhost:59133 for channel [id: 0xe5d2de37, L:/127.0.0.1:57503 - R:localhost/127.0.0.1:59133]
21:14:57.443 [Forwarding getElementTagName on session e02a866d6a2aa648753f42da33f05113 to remote] DEBUG org.asynchttpclient.netty.request.NettyRequestSender - Using pooled Channel '[id: 0xe5d2de37, L:/127.0.0.1:57503 - R:localhost/127.0.0.1:59133]' for 'GET' to 'http://localhost:59133/session/e02a866d6a2aa648753f42da33f05113/element/f0922e8e-b683-4836-aba9-ad3b6dc53013/name'
21:14:57.443 [Forwarding getElementTagName on session e02a866d6a2aa648753f42da33f05113 to remote] DEBUG org.asynchttpclient.netty.request.NettyRequestSender - Using open Channel [id: 0xe5d2de37, L:/127.0.0.1:57503 - R:localhost/127.0.0.1:59133] for GET '/session/e02a866d6a2aa648753f42da33f05113/element/f0922e8e-b683-4836-aba9-ad3b6dc53013/name'
21:14:57.446 [AsyncHttpClient-1-3] DEBUG org.asynchttpclient.netty.handler.HttpHandler - 

Request DefaultFullHttpRequest(decodeResult: success, version: HTTP/1.1, content: EmptyByteBufBE)
GET /session/e02a866d6a2aa648753f42da33f05113/element/f0922e8e-b683-4836-aba9-ad3b6dc53013/name HTTP/1.1
User-Agent: selenium/4.1.2 (java windows)
Cache-Control: no-cache
Content-Type: application/json; charset=utf-8
host: localhost:59133
accept: */*

Response DefaultHttpResponse(decodeResult: success, version: HTTP/1.1)
HTTP/1.1 200 OK
Content-Type: application/json; charset=utf-8
cache-control: no-cache
content-length: 18

21:14:57.447 [AsyncHttpClient-1-3] DEBUG org.asynchttpclient.netty.channel.ChannelManager - Adding key: http://localhost:59133 for channel [id: 0xe5d2de37, L:/127.0.0.1:57503 - R:localhost/127.0.0.1:59133]
21:14:57.449 [Forwarding isElementEnabled on session e02a866d6a2aa648753f42da33f05113 to remote] DEBUG org.asynchttpclient.netty.request.NettyRequestSender - Using pooled Channel '[id: 0xe5d2de37, L:/127.0.0.1:57503 - R:localhost/127.0.0.1:59133]' for 'GET' to 'http://localhost:59133/session/e02a866d6a2aa648753f42da33f05113/element/f0922e8e-b683-4836-aba9-ad3b6dc53013/enabled'
21:14:57.449 [Forwarding isElementEnabled on session e02a866d6a2aa648753f42da33f05113 to remote] DEBUG org.asynchttpclient.netty.request.NettyRequestSender - Using open Channel [id: 0xe5d2de37, L:/127.0.0.1:57503 - R:localhost/127.0.0.1:59133] for GET '/session/e02a866d6a2aa648753f42da33f05113/element/f0922e8e-b683-4836-aba9-ad3b6dc53013/enabled'
21:14:57.455 [AsyncHttpClient-1-3] DEBUG org.asynchttpclient.netty.handler.HttpHandler - 

Request DefaultFullHttpRequest(decodeResult: success, version: HTTP/1.1, content: EmptyByteBufBE)
GET /session/e02a866d6a2aa648753f42da33f05113/element/f0922e8e-b683-4836-aba9-ad3b6dc53013/enabled HTTP/1.1
User-Agent: selenium/4.1.2 (java windows)
Cache-Control: no-cache
Content-Type: application/json; charset=utf-8
host: localhost:59133
accept: */*

Response DefaultHttpResponse(decodeResult: success, version: HTTP/1.1)
HTTP/1.1 200 OK
Content-Type: application/json; charset=utf-8
cache-control: no-cache
content-length: 14

21:14:57.455 [AsyncHttpClient-1-3] DEBUG org.asynchttpclient.netty.channel.ChannelManager - Adding key: http://localhost:59133 for channel [id: 0xe5d2de37, L:/127.0.0.1:57503 - R:localhost/127.0.0.1:59133]
21:14:57.457 [Forwarding isElementEnabled on session e02a866d6a2aa648753f42da33f05113 to remote] DEBUG org.asynchttpclient.netty.request.NettyRequestSender - Using pooled Channel '[id: 0xe5d2de37, L:/127.0.0.1:57503 - R:localhost/127.0.0.1:59133]' for 'GET' to 'http://localhost:59133/session/e02a866d6a2aa648753f42da33f05113/element/f0922e8e-b683-4836-aba9-ad3b6dc53013/enabled'
21:14:57.457 [Forwarding isElementEnabled on session e02a866d6a2aa648753f42da33f05113 to remote] DEBUG org.asynchttpclient.netty.request.NettyRequestSender - Using open Channel [id: 0xe5d2de37, L:/127.0.0.1:57503 - R:localhost/127.0.0.1:59133] for GET '/session/e02a866d6a2aa648753f42da33f05113/element/f0922e8e-b683-4836-aba9-ad3b6dc53013/enabled'
21:14:57.462 [AsyncHttpClient-1-3] DEBUG org.asynchttpclient.netty.handler.HttpHandler - 

Request DefaultFullHttpRequest(decodeResult: success, version: HTTP/1.1, content: EmptyByteBufBE)
GET /session/e02a866d6a2aa648753f42da33f05113/element/f0922e8e-b683-4836-aba9-ad3b6dc53013/enabled HTTP/1.1
User-Agent: selenium/4.1.2 (java windows)
Cache-Control: no-cache
Content-Type: application/json; charset=utf-8
host: localhost:59133
accept: */*

Response DefaultHttpResponse(decodeResult: success, version: HTTP/1.1)
HTTP/1.1 200 OK
Content-Type: application/json; charset=utf-8
cache-control: no-cache
content-length: 14

21:14:57.463 [AsyncHttpClient-1-3] DEBUG org.asynchttpclient.netty.channel.ChannelManager - Adding key: http://localhost:59133 for channel [id: 0xe5d2de37, L:/127.0.0.1:57503 - R:localhost/127.0.0.1:59133]
21:14:57.464 [Forwarding findElement on session e02a866d6a2aa648753f42da33f05113 to remote] DEBUG org.asynchttpclient.netty.request.NettyRequestSender - Using pooled Channel '[id: 0xe5d2de37, L:/127.0.0.1:57503 - R:localhost/127.0.0.1:59133]' for 'POST' to 'http://localhost:59133/session/e02a866d6a2aa648753f42da33f05113/element'
21:14:57.464 [Forwarding findElement on session e02a866d6a2aa648753f42da33f05113 to remote] DEBUG org.asynchttpclient.netty.request.NettyRequestSender - Using open Channel [id: 0xe5d2de37, L:/127.0.0.1:57503 - R:localhost/127.0.0.1:59133] for POST '/session/e02a866d6a2aa648753f42da33f05113/element'
21:14:57.476 [AsyncHttpClient-1-3] DEBUG org.asynchttpclient.netty.handler.HttpHandler - 

Request DefaultHttpRequest(decodeResult: success, version: HTTP/1.1)
POST /session/e02a866d6a2aa648753f42da33f05113/element HTTP/1.1
User-Agent: selenium/4.1.2 (java windows)
Content-Length: 150
Content-Type: application/json; charset=utf-8
host: localhost:59133
accept: */*

Response DefaultHttpResponse(decodeResult: success, version: HTTP/1.1)
HTTP/1.1 200 OK
Content-Type: application/json; charset=utf-8
cache-control: no-cache
content-length: 88

21:14:57.476 [AsyncHttpClient-1-3] DEBUG org.asynchttpclient.netty.channel.ChannelManager - Adding key: http://localhost:59133 for channel [id: 0xe5d2de37, L:/127.0.0.1:57503 - R:localhost/127.0.0.1:59133]
21:14:57.478 [Forwarding clickElement on session e02a866d6a2aa648753f42da33f05113 to remote] DEBUG org.asynchttpclient.netty.request.NettyRequestSender - Using pooled Channel '[id: 0xe5d2de37, L:/127.0.0.1:57503 - R:localhost/127.0.0.1:59133]' for 'POST' to 'http://localhost:59133/session/e02a866d6a2aa648753f42da33f05113/element/f0922e8e-b683-4836-aba9-ad3b6dc53013/click'
21:14:57.478 [Forwarding clickElement on session e02a866d6a2aa648753f42da33f05113 to remote] DEBUG org.asynchttpclient.netty.request.NettyRequestSender - Using open Channel [id: 0xe5d2de37, L:/127.0.0.1:57503 - R:localhost/127.0.0.1:59133] for POST '/session/e02a866d6a2aa648753f42da33f05113/element/f0922e8e-b683-4836-aba9-ad3b6dc53013/click'
21:14:57.549 [AsyncHttpClient-1-3] DEBUG org.asynchttpclient.netty.handler.HttpHandler - 

Request DefaultHttpRequest(decodeResult: success, version: HTTP/1.1)
POST /session/e02a866d6a2aa648753f42da33f05113/element/f0922e8e-b683-4836-aba9-ad3b6dc53013/click HTTP/1.1
User-Agent: selenium/4.1.2 (java windows)
Content-Length: 50
Content-Type: application/json; charset=utf-8
host: localhost:59133
accept: */*

Response DefaultHttpResponse(decodeResult: success, version: HTTP/1.1)
HTTP/1.1 200 OK
Content-Type: application/json; charset=utf-8
cache-control: no-cache
content-length: 14

21:14:57.549 [AsyncHttpClient-1-3] DEBUG org.asynchttpclient.netty.channel.ChannelManager - Adding key: http://localhost:59133 for channel [id: 0xe5d2de37, L:/127.0.0.1:57503 - R:localhost/127.0.0.1:59133]
21:14:57.554 [Forwarding screenshot on session e02a866d6a2aa648753f42da33f05113 to remote] DEBUG org.asynchttpclient.netty.request.NettyRequestSender - Using pooled Channel '[id: 0xe5d2de37, L:/127.0.0.1:57503 - R:localhost/127.0.0.1:59133]' for 'GET' to 'http://localhost:59133/session/e02a866d6a2aa648753f42da33f05113/screenshot'
21:14:57.554 [Forwarding screenshot on session e02a866d6a2aa648753f42da33f05113 to remote] DEBUG org.asynchttpclient.netty.request.NettyRequestSender - Using open Channel [id: 0xe5d2de37, L:/127.0.0.1:57503 - R:localhost/127.0.0.1:59133] for GET '/session/e02a866d6a2aa648753f42da33f05113/screenshot'
21:14:57.761 [AsyncHttpClient-1-3] DEBUG org.asynchttpclient.netty.handler.HttpHandler - 

Request DefaultFullHttpRequest(decodeResult: success, version: HTTP/1.1, content: EmptyByteBufBE)
GET /session/e02a866d6a2aa648753f42da33f05113/screenshot HTTP/1.1
User-Agent: selenium/4.1.2 (java windows)
Cache-Control: no-cache
Content-Type: application/json; charset=utf-8
host: localhost:59133
accept: */*

Response DefaultHttpResponse(decodeResult: success, version: HTTP/1.1)
HTTP/1.1 200 OK
Content-Type: application/json; charset=utf-8
cache-control: no-cache
content-length: 90336

21:14:57.761 [AsyncHttpClient-1-3] DEBUG org.asynchttpclient.netty.channel.ChannelManager - Adding key: http://localhost:59133 for channel [id: 0xe5d2de37, L:/127.0.0.1:57503 - R:localhost/127.0.0.1:59133]
21:14:57.766 [main] DEBUG net.serenitybdd.core.photography.Darkroom - Send negative for processing for target\site\serenity\c3d9405a75ebc5ef5b54b4949d7c4b24a88c2a4724bb8891aa139e18d86503f1.png
21:14:57.766 [main] DEBUG net.thucydides.core.steps.StepInterceptor - STEP DONE: clickItems3
  &amp#27;[32mWhen &amp#27;[0m&amp#27;[32muser click items&amp#27;[0m                                       &amp#27;[90m# starter.stepdefenitions.TransactionSteps.userClickItems()&amp#27;[0m
21:14:57.766 [Darkroom Processing Line] DEBUG net.serenitybdd.core.photography.DarkroomProcessingLine - Processing screenshot image in /var/screenshots/screenshot-4743968184514821560
21:14:57.766 [Darkroom Processing Line] DEBUG net.serenitybdd.core.photography.DarkroomProcessingLine - Saving screenshot to target\site\serenity\c3d9405a75ebc5ef5b54b4949d7c4b24a88c2a4724bb8891aa139e18d86503f1.png
21:14:57.784 [main] DEBUG net.thucydides.core.steps.StepInterceptor - STARTING STEP: TransactionSteps.userClickIconBasket - clickIconBasket
21:14:57.788 [Forwarding findElement on session e02a866d6a2aa648753f42da33f05113 to remote] DEBUG org.asynchttpclient.netty.request.NettyRequestSender - Using pooled Channel '[id: 0xe5d2de37, L:/127.0.0.1:57503 - R:localhost/127.0.0.1:59133]' for 'POST' to 'http://localhost:59133/session/e02a866d6a2aa648753f42da33f05113/element'
21:14:57.788 [Forwarding findElement on session e02a866d6a2aa648753f42da33f05113 to remote] DEBUG org.asynchttpclient.netty.request.NettyRequestSender - Using open Channel [id: 0xe5d2de37, L:/127.0.0.1:57503 - R:localhost/127.0.0.1:59133] for POST '/session/e02a866d6a2aa648753f42da33f05113/element'
21:14:57.796 [AsyncHttpClient-1-1] DEBUG org.asynchttpclient.netty.channel.DefaultChannelPool - Entry count for : http://localhost:57504 : 1
21:14:57.812 [AsyncHttpClient-1-3] DEBUG org.asynchttpclient.netty.handler.HttpHandler - 

Request DefaultHttpRequest(decodeResult: success, version: HTTP/1.1)
POST /session/e02a866d6a2aa648753f42da33f05113/element HTTP/1.1
User-Agent: selenium/4.1.2 (java windows)
Content-Length: 129
Content-Type: application/json; charset=utf-8
host: localhost:59133
accept: */*

Response DefaultHttpResponse(decodeResult: success, version: HTTP/1.1)
HTTP/1.1 200 OK
Content-Type: application/json; charset=utf-8
cache-control: no-cache
content-length: 88

21:14:57.812 [AsyncHttpClient-1-3] DEBUG org.asynchttpclient.netty.channel.ChannelManager - Adding key: http://localhost:59133 for channel [id: 0xe5d2de37, L:/127.0.0.1:57503 - R:localhost/127.0.0.1:59133]
21:14:57.813 [Forwarding getElementTagName on session e02a866d6a2aa648753f42da33f05113 to remote] DEBUG org.asynchttpclient.netty.request.NettyRequestSender - Using pooled Channel '[id: 0xe5d2de37, L:/127.0.0.1:57503 - R:localhost/127.0.0.1:59133]' for 'GET' to 'http://localhost:59133/session/e02a866d6a2aa648753f42da33f05113/element/c7010bff-b504-4284-a51c-43400c41e186/name'
21:14:57.813 [Forwarding getElementTagName on session e02a866d6a2aa648753f42da33f05113 to remote] DEBUG org.asynchttpclient.netty.request.NettyRequestSender - Using open Channel [id: 0xe5d2de37, L:/127.0.0.1:57503 - R:localhost/127.0.0.1:59133] for GET '/session/e02a866d6a2aa648753f42da33f05113/element/c7010bff-b504-4284-a51c-43400c41e186/name'
21:14:57.818 [AsyncHttpClient-1-3] DEBUG org.asynchttpclient.netty.handler.HttpHandler - 

Request DefaultFullHttpRequest(decodeResult: success, version: HTTP/1.1, content: EmptyByteBufBE)
GET /session/e02a866d6a2aa648753f42da33f05113/element/c7010bff-b504-4284-a51c-43400c41e186/name HTTP/1.1
User-Agent: selenium/4.1.2 (java windows)
Cache-Control: no-cache
Content-Type: application/json; charset=utf-8
host: localhost:59133
accept: */*

Response DefaultHttpResponse(decodeResult: success, version: HTTP/1.1)
HTTP/1.1 200 OK
Content-Type: application/json; charset=utf-8
cache-control: no-cache
content-length: 18

21:14:57.818 [AsyncHttpClient-1-3] DEBUG org.asynchttpclient.netty.channel.ChannelManager - Adding key: http://localhost:59133 for channel [id: 0xe5d2de37, L:/127.0.0.1:57503 - R:localhost/127.0.0.1:59133]
21:14:57.820 [Forwarding getElementTagName on session e02a866d6a2aa648753f42da33f05113 to remote] DEBUG org.asynchttpclient.netty.request.NettyRequestSender - Using pooled Channel '[id: 0xe5d2de37, L:/127.0.0.1:57503 - R:localhost/127.0.0.1:59133]' for 'GET' to 'http://localhost:59133/session/e02a866d6a2aa648753f42da33f05113/element/c7010bff-b504-4284-a51c-43400c41e186/name'
21:14:57.820 [Forwarding getElementTagName on session e02a866d6a2aa648753f42da33f05113 to remote] DEBUG org.asynchttpclient.netty.request.NettyRequestSender - Using open Channel [id: 0xe5d2de37, L:/127.0.0.1:57503 - R:localhost/127.0.0.1:59133] for GET '/session/e02a866d6a2aa648753f42da33f05113/element/c7010bff-b504-4284-a51c-43400c41e186/name'
21:14:57.834 [AsyncHttpClient-1-3] DEBUG org.asynchttpclient.netty.handler.HttpHandler - 

Request DefaultFullHttpRequest(decodeResult: success, version: HTTP/1.1, content: EmptyByteBufBE)
GET /session/e02a866d6a2aa648753f42da33f05113/element/c7010bff-b504-4284-a51c-43400c41e186/name HTTP/1.1
User-Agent: selenium/4.1.2 (java windows)
Cache-Control: no-cache
Content-Type: application/json; charset=utf-8
host: localhost:59133
accept: */*

Response DefaultHttpResponse(decodeResult: success, version: HTTP/1.1)
HTTP/1.1 200 OK
Content-Type: application/json; charset=utf-8
cache-control: no-cache
content-length: 18

21:14:57.835 [AsyncHttpClient-1-3] DEBUG org.asynchttpclient.netty.channel.ChannelManager - Adding key: http://localhost:59133 for channel [id: 0xe5d2de37, L:/127.0.0.1:57503 - R:localhost/127.0.0.1:59133]
21:14:57.837 [Forwarding isElementEnabled on session e02a866d6a2aa648753f42da33f05113 to remote] DEBUG org.asynchttpclient.netty.request.NettyRequestSender - Using pooled Channel '[id: 0xe5d2de37, L:/127.0.0.1:57503 - R:localhost/127.0.0.1:59133]' for 'GET' to 'http://localhost:59133/session/e02a866d6a2aa648753f42da33f05113/element/c7010bff-b504-4284-a51c-43400c41e186/enabled'
21:14:57.837 [Forwarding isElementEnabled on session e02a866d6a2aa648753f42da33f05113 to remote] DEBUG org.asynchttpclient.netty.request.NettyRequestSender - Using open Channel [id: 0xe5d2de37, L:/127.0.0.1:57503 - R:localhost/127.0.0.1:59133] for GET '/session/e02a866d6a2aa648753f42da33f05113/element/c7010bff-b504-4284-a51c-43400c41e186/enabled'
21:14:57.849 [AsyncHttpClient-1-3] DEBUG org.asynchttpclient.netty.handler.HttpHandler - 

Request DefaultFullHttpRequest(decodeResult: success, version: HTTP/1.1, content: EmptyByteBufBE)
GET /session/e02a866d6a2aa648753f42da33f05113/element/c7010bff-b504-4284-a51c-43400c41e186/enabled HTTP/1.1
User-Agent: selenium/4.1.2 (java windows)
Cache-Control: no-cache
Content-Type: application/json; charset=utf-8
host: localhost:59133
accept: */*

Response DefaultHttpResponse(decodeResult: success, version: HTTP/1.1)
HTTP/1.1 200 OK
Content-Type: application/json; charset=utf-8
cache-control: no-cache
content-length: 14

21:14:57.849 [AsyncHttpClient-1-3] DEBUG org.asynchttpclient.netty.channel.ChannelManager - Adding key: http://localhost:59133 for channel [id: 0xe5d2de37, L:/127.0.0.1:57503 - R:localhost/127.0.0.1:59133]
21:14:57.850 [Forwarding isElementEnabled on session e02a866d6a2aa648753f42da33f05113 to remote] DEBUG org.asynchttpclient.netty.request.NettyRequestSender - Using pooled Channel '[id: 0xe5d2de37, L:/127.0.0.1:57503 - R:localhost/127.0.0.1:59133]' for 'GET' to 'http://localhost:59133/session/e02a866d6a2aa648753f42da33f05113/element/c7010bff-b504-4284-a51c-43400c41e186/enabled'
21:14:57.851 [Forwarding isElementEnabled on session e02a866d6a2aa648753f42da33f05113 to remote] DEBUG org.asynchttpclient.netty.request.NettyRequestSender - Using open Channel [id: 0xe5d2de37, L:/127.0.0.1:57503 - R:localhost/127.0.0.1:59133] for GET '/session/e02a866d6a2aa648753f42da33f05113/element/c7010bff-b504-4284-a51c-43400c41e186/enabled'
21:14:57.857 [AsyncHttpClient-1-3] DEBUG org.asynchttpclient.netty.handler.HttpHandler - 

Request DefaultFullHttpRequest(decodeResult: success, version: HTTP/1.1, content: EmptyByteBufBE)
GET /session/e02a866d6a2aa648753f42da33f05113/element/c7010bff-b504-4284-a51c-43400c41e186/enabled HTTP/1.1
User-Agent: selenium/4.1.2 (java windows)
Cache-Control: no-cache
Content-Type: application/json; charset=utf-8
host: localhost:59133
accept: */*

Response DefaultHttpResponse(decodeResult: success, version: HTTP/1.1)
HTTP/1.1 200 OK
Content-Type: application/json; charset=utf-8
cache-control: no-cache
content-length: 14

21:14:57.857 [AsyncHttpClient-1-3] DEBUG org.asynchttpclient.netty.channel.ChannelManager - Adding key: http://localhost:59133 for channel [id: 0xe5d2de37, L:/127.0.0.1:57503 - R:localhost/127.0.0.1:59133]
21:14:57.859 [Forwarding findElement on session e02a866d6a2aa648753f42da33f05113 to remote] DEBUG org.asynchttpclient.netty.request.NettyRequestSender - Using pooled Channel '[id: 0xe5d2de37, L:/127.0.0.1:57503 - R:localhost/127.0.0.1:59133]' for 'POST' to 'http://localhost:59133/session/e02a866d6a2aa648753f42da33f05113/element'
21:14:57.860 [Forwarding findElement on session e02a866d6a2aa648753f42da33f05113 to remote] DEBUG org.asynchttpclient.netty.request.NettyRequestSender - Using open Channel [id: 0xe5d2de37, L:/127.0.0.1:57503 - R:localhost/127.0.0.1:59133] for POST '/session/e02a866d6a2aa648753f42da33f05113/element'
21:14:57.871 [AsyncHttpClient-1-3] DEBUG org.asynchttpclient.netty.handler.HttpHandler - 

Request DefaultHttpRequest(decodeResult: success, version: HTTP/1.1)
POST /session/e02a866d6a2aa648753f42da33f05113/element HTTP/1.1
User-Agent: selenium/4.1.2 (java windows)
Content-Length: 129
Content-Type: application/json; charset=utf-8
host: localhost:59133
accept: */*

Response DefaultHttpResponse(decodeResult: success, version: HTTP/1.1)
HTTP/1.1 200 OK
Content-Type: application/json; charset=utf-8
cache-control: no-cache
content-length: 88

21:14:57.871 [AsyncHttpClient-1-3] DEBUG org.asynchttpclient.netty.channel.ChannelManager - Adding key: http://localhost:59133 for channel [id: 0xe5d2de37, L:/127.0.0.1:57503 - R:localhost/127.0.0.1:59133]
21:14:57.872 [Forwarding clickElement on session e02a866d6a2aa648753f42da33f05113 to remote] DEBUG org.asynchttpclient.netty.request.NettyRequestSender - Using pooled Channel '[id: 0xe5d2de37, L:/127.0.0.1:57503 - R:localhost/127.0.0.1:59133]' for 'POST' to 'http://localhost:59133/session/e02a866d6a2aa648753f42da33f05113/element/c7010bff-b504-4284-a51c-43400c41e186/click'
21:14:57.872 [Forwarding clickElement on session e02a866d6a2aa648753f42da33f05113 to remote] DEBUG org.asynchttpclient.netty.request.NettyRequestSender - Using open Channel [id: 0xe5d2de37, L:/127.0.0.1:57503 - R:localhost/127.0.0.1:59133] for POST '/session/e02a866d6a2aa648753f42da33f05113/element/c7010bff-b504-4284-a51c-43400c41e186/click'
21:14:57.937 [AsyncHttpClient-1-3] DEBUG org.asynchttpclient.netty.handler.HttpHandler - 

Request DefaultHttpRequest(decodeResult: success, version: HTTP/1.1)
POST /session/e02a866d6a2aa648753f42da33f05113/element/c7010bff-b504-4284-a51c-43400c41e186/click HTTP/1.1
User-Agent: selenium/4.1.2 (java windows)
Content-Length: 50
Content-Type: application/json; charset=utf-8
host: localhost:59133
accept: */*

Response DefaultHttpResponse(decodeResult: success, version: HTTP/1.1)
HTTP/1.1 200 OK
Content-Type: application/json; charset=utf-8
cache-control: no-cache
content-length: 14

21:14:57.937 [AsyncHttpClient-1-3] DEBUG org.asynchttpclient.netty.channel.ChannelManager - Adding key: http://localhost:59133 for channel [id: 0xe5d2de37, L:/127.0.0.1:57503 - R:localhost/127.0.0.1:59133]
21:14:57.951 [Forwarding screenshot on session e02a866d6a2aa648753f42da33f05113 to remote] DEBUG org.asynchttpclient.netty.request.NettyRequestSender - Using pooled Channel '[id: 0xe5d2de37, L:/127.0.0.1:57503 - R:localhost/127.0.0.1:59133]' for 'GET' to 'http://localhost:59133/session/e02a866d6a2aa648753f42da33f05113/screenshot'
21:14:57.951 [Forwarding screenshot on session e02a866d6a2aa648753f42da33f05113 to remote] DEBUG org.asynchttpclient.netty.request.NettyRequestSender - Using open Channel [id: 0xe5d2de37, L:/127.0.0.1:57503 - R:localhost/127.0.0.1:59133] for GET '/session/e02a866d6a2aa648753f42da33f05113/screenshot'
21:14:58.381 [AsyncHttpClient-1-3] DEBUG org.asynchttpclient.netty.handler.HttpHandler - 

Request DefaultFullHttpRequest(decodeResult: success, version: HTTP/1.1, content: EmptyByteBufBE)
GET /session/e02a866d6a2aa648753f42da33f05113/screenshot HTTP/1.1
User-Agent: selenium/4.1.2 (java windows)
Cache-Control: no-cache
Content-Type: application/json; charset=utf-8
host: localhost:59133
accept: */*

Response DefaultHttpResponse(decodeResult: success, version: HTTP/1.1)
HTTP/1.1 200 OK
Content-Type: application/json; charset=utf-8
cache-control: no-cache
content-length: 48032

21:14:58.381 [AsyncHttpClient-1-3] DEBUG org.asynchttpclient.netty.channel.ChannelManager - Adding key: http://localhost:59133 for channel [id: 0xe5d2de37, L:/127.0.0.1:57503 - R:localhost/127.0.0.1:59133]
21:14:58.387 [main] DEBUG net.serenitybdd.core.photography.Darkroom - Send negative for processing for target\site\serenity\978bf0f38ae4ffaca49e1163c9e5ce970260c03d744ccb7f23580dc6d6dfabbf.png
21:14:58.387 [main] DEBUG net.thucydides.core.steps.StepInterceptor - STEP DONE: clickIconBasket
  &amp#27;[32mAnd &amp#27;[0m&amp#27;[32muser click icon basket&amp#27;[0m                                  &amp#27;[90m# starter.stepdefenitions.TransactionSteps.userClickIconBasket()&amp#27;[0m
21:14:58.390 [Darkroom Processing Line] DEBUG net.serenitybdd.core.photography.DarkroomProcessingLine - Processing screenshot image in /var/screenshots/screenshot-1691746527153767958
21:14:58.390 [Darkroom Processing Line] DEBUG net.serenitybdd.core.photography.DarkroomProcessingLine - Saving screenshot to target\site\serenity\978bf0f38ae4ffaca49e1163c9e5ce970260c03d744ccb7f23580dc6d6dfabbf.png
21:14:58.411 [main] DEBUG net.thucydides.core.steps.StepInterceptor - STARTING STEP: TransactionSteps.userClickPayButton - clickPayButton
21:14:58.421 [Forwarding findElement on session e02a866d6a2aa648753f42da33f05113 to remote] DEBUG org.asynchttpclient.netty.request.NettyRequestSender - Using pooled Channel '[id: 0xe5d2de37, L:/127.0.0.1:57503 - R:localhost/127.0.0.1:59133]' for 'POST' to 'http://localhost:59133/session/e02a866d6a2aa648753f42da33f05113/element'
21:14:58.421 [Forwarding findElement on session e02a866d6a2aa648753f42da33f05113 to remote] DEBUG org.asynchttpclient.netty.request.NettyRequestSender - Using open Channel [id: 0xe5d2de37, L:/127.0.0.1:57503 - R:localhost/127.0.0.1:59133] for POST '/session/e02a866d6a2aa648753f42da33f05113/element'
21:14:58.445 [AsyncHttpClient-1-3] DEBUG org.asynchttpclient.netty.handler.HttpHandler - 

Request DefaultHttpRequest(decodeResult: success, version: HTTP/1.1)
POST /session/e02a866d6a2aa648753f42da33f05113/element HTTP/1.1
User-Agent: selenium/4.1.2 (java windows)
Content-Length: 59
Content-Type: application/json; charset=utf-8
host: localhost:59133
accept: */*

Response DefaultHttpResponse(decodeResult: success, version: HTTP/1.1)
HTTP/1.1 200 OK
Content-Type: application/json; charset=utf-8
cache-control: no-cache
content-length: 88

21:14:58.445 [AsyncHttpClient-1-3] DEBUG org.asynchttpclient.netty.channel.ChannelManager - Adding key: http://localhost:59133 for channel [id: 0xe5d2de37, L:/127.0.0.1:57503 - R:localhost/127.0.0.1:59133]
21:14:58.447 [Forwarding getElementTagName on session e02a866d6a2aa648753f42da33f05113 to remote] DEBUG org.asynchttpclient.netty.request.NettyRequestSender - Using pooled Channel '[id: 0xe5d2de37, L:/127.0.0.1:57503 - R:localhost/127.0.0.1:59133]' for 'GET' to 'http://localhost:59133/session/e02a866d6a2aa648753f42da33f05113/element/b3aaddbe-d582-41a6-8034-f8723d211d59/name'
21:14:58.447 [Forwarding getElementTagName on session e02a866d6a2aa648753f42da33f05113 to remote] DEBUG org.asynchttpclient.netty.request.NettyRequestSender - Using open Channel [id: 0xe5d2de37, L:/127.0.0.1:57503 - R:localhost/127.0.0.1:59133] for GET '/session/e02a866d6a2aa648753f42da33f05113/element/b3aaddbe-d582-41a6-8034-f8723d211d59/name'
21:14:58.454 [AsyncHttpClient-1-3] DEBUG org.asynchttpclient.netty.handler.HttpHandler - 

Request DefaultFullHttpRequest(decodeResult: success, version: HTTP/1.1, content: EmptyByteBufBE)
GET /session/e02a866d6a2aa648753f42da33f05113/element/b3aaddbe-d582-41a6-8034-f8723d211d59/name HTTP/1.1
User-Agent: selenium/4.1.2 (java windows)
Cache-Control: no-cache
Content-Type: application/json; charset=utf-8
host: localhost:59133
accept: */*

Response DefaultHttpResponse(decodeResult: success, version: HTTP/1.1)
HTTP/1.1 200 OK
Content-Type: application/json; charset=utf-8
cache-control: no-cache
content-length: 18

21:14:58.454 [AsyncHttpClient-1-3] DEBUG org.asynchttpclient.netty.channel.ChannelManager - Adding key: http://localhost:59133 for channel [id: 0xe5d2de37, L:/127.0.0.1:57503 - R:localhost/127.0.0.1:59133]
21:14:58.455 [Forwarding getElementTagName on session e02a866d6a2aa648753f42da33f05113 to remote] DEBUG org.asynchttpclient.netty.request.NettyRequestSender - Using pooled Channel '[id: 0xe5d2de37, L:/127.0.0.1:57503 - R:localhost/127.0.0.1:59133]' for 'GET' to 'http://localhost:59133/session/e02a866d6a2aa648753f42da33f05113/element/b3aaddbe-d582-41a6-8034-f8723d211d59/name'
21:14:58.455 [Forwarding getElementTagName on session e02a866d6a2aa648753f42da33f05113 to remote] DEBUG org.asynchttpclient.netty.request.NettyRequestSender - Using open Channel [id: 0xe5d2de37, L:/127.0.0.1:57503 - R:localhost/127.0.0.1:59133] for GET '/session/e02a866d6a2aa648753f42da33f05113/element/b3aaddbe-d582-41a6-8034-f8723d211d59/name'
21:14:58.463 [AsyncHttpClient-1-3] DEBUG org.asynchttpclient.netty.handler.HttpHandler - 

Request DefaultFullHttpRequest(decodeResult: success, version: HTTP/1.1, content: EmptyByteBufBE)
GET /session/e02a866d6a2aa648753f42da33f05113/element/b3aaddbe-d582-41a6-8034-f8723d211d59/name HTTP/1.1
User-Agent: selenium/4.1.2 (java windows)
Cache-Control: no-cache
Content-Type: application/json; charset=utf-8
host: localhost:59133
accept: */*

Response DefaultHttpResponse(decodeResult: success, version: HTTP/1.1)
HTTP/1.1 200 OK
Content-Type: application/json; charset=utf-8
cache-control: no-cache
content-length: 18

21:14:58.463 [AsyncHttpClient-1-3] DEBUG org.asynchttpclient.netty.channel.ChannelManager - Adding key: http://localhost:59133 for channel [id: 0xe5d2de37, L:/127.0.0.1:57503 - R:localhost/127.0.0.1:59133]
21:14:58.466 [Forwarding isElementEnabled on session e02a866d6a2aa648753f42da33f05113 to remote] DEBUG org.asynchttpclient.netty.request.NettyRequestSender - Using pooled Channel '[id: 0xe5d2de37, L:/127.0.0.1:57503 - R:localhost/127.0.0.1:59133]' for 'GET' to 'http://localhost:59133/session/e02a866d6a2aa648753f42da33f05113/element/b3aaddbe-d582-41a6-8034-f8723d211d59/enabled'
21:14:58.466 [Forwarding isElementEnabled on session e02a866d6a2aa648753f42da33f05113 to remote] DEBUG org.asynchttpclient.netty.request.NettyRequestSender - Using open Channel [id: 0xe5d2de37, L:/127.0.0.1:57503 - R:localhost/127.0.0.1:59133] for GET '/session/e02a866d6a2aa648753f42da33f05113/element/b3aaddbe-d582-41a6-8034-f8723d211d59/enabled'
21:14:58.477 [AsyncHttpClient-1-3] DEBUG org.asynchttpclient.netty.handler.HttpHandler - 

Request DefaultFullHttpRequest(decodeResult: success, version: HTTP/1.1, content: EmptyByteBufBE)
GET /session/e02a866d6a2aa648753f42da33f05113/element/b3aaddbe-d582-41a6-8034-f8723d211d59/enabled HTTP/1.1
User-Agent: selenium/4.1.2 (java windows)
Cache-Control: no-cache
Content-Type: application/json; charset=utf-8
host: localhost:59133
accept: */*

Response DefaultHttpResponse(decodeResult: success, version: HTTP/1.1)
HTTP/1.1 200 OK
Content-Type: application/json; charset=utf-8
cache-control: no-cache
content-length: 14

21:14:58.478 [AsyncHttpClient-1-3] DEBUG org.asynchttpclient.netty.channel.ChannelManager - Adding key: http://localhost:59133 for channel [id: 0xe5d2de37, L:/127.0.0.1:57503 - R:localhost/127.0.0.1:59133]
21:14:58.479 [Forwarding isElementEnabled on session e02a866d6a2aa648753f42da33f05113 to remote] DEBUG org.asynchttpclient.netty.request.NettyRequestSender - Using pooled Channel '[id: 0xe5d2de37, L:/127.0.0.1:57503 - R:localhost/127.0.0.1:59133]' for 'GET' to 'http://localhost:59133/session/e02a866d6a2aa648753f42da33f05113/element/b3aaddbe-d582-41a6-8034-f8723d211d59/enabled'
21:14:58.479 [Forwarding isElementEnabled on session e02a866d6a2aa648753f42da33f05113 to remote] DEBUG org.asynchttpclient.netty.request.NettyRequestSender - Using open Channel [id: 0xe5d2de37, L:/127.0.0.1:57503 - R:localhost/127.0.0.1:59133] for GET '/session/e02a866d6a2aa648753f42da33f05113/element/b3aaddbe-d582-41a6-8034-f8723d211d59/enabled'
21:14:58.495 [AsyncHttpClient-1-3] DEBUG org.asynchttpclient.netty.handler.HttpHandler - 

Request DefaultFullHttpRequest(decodeResult: success, version: HTTP/1.1, content: EmptyByteBufBE)
GET /session/e02a866d6a2aa648753f42da33f05113/element/b3aaddbe-d582-41a6-8034-f8723d211d59/enabled HTTP/1.1
User-Agent: selenium/4.1.2 (java windows)
Cache-Control: no-cache
Content-Type: application/json; charset=utf-8
host: localhost:59133
accept: */*

Response DefaultHttpResponse(decodeResult: success, version: HTTP/1.1)
HTTP/1.1 200 OK
Content-Type: application/json; charset=utf-8
cache-control: no-cache
content-length: 14

21:14:58.495 [AsyncHttpClient-1-3] DEBUG org.asynchttpclient.netty.channel.ChannelManager - Adding key: http://localhost:59133 for channel [id: 0xe5d2de37, L:/127.0.0.1:57503 - R:localhost/127.0.0.1:59133]
21:14:58.498 [Forwarding findElement on session e02a866d6a2aa648753f42da33f05113 to remote] DEBUG org.asynchttpclient.netty.request.NettyRequestSender - Using pooled Channel '[id: 0xe5d2de37, L:/127.0.0.1:57503 - R:localhost/127.0.0.1:59133]' for 'POST' to 'http://localhost:59133/session/e02a866d6a2aa648753f42da33f05113/element'
21:14:58.498 [Forwarding findElement on session e02a866d6a2aa648753f42da33f05113 to remote] DEBUG org.asynchttpclient.netty.request.NettyRequestSender - Using open Channel [id: 0xe5d2de37, L:/127.0.0.1:57503 - R:localhost/127.0.0.1:59133] for POST '/session/e02a866d6a2aa648753f42da33f05113/element'
21:14:58.510 [AsyncHttpClient-1-3] DEBUG org.asynchttpclient.netty.handler.HttpHandler - 

Request DefaultHttpRequest(decodeResult: success, version: HTTP/1.1)
POST /session/e02a866d6a2aa648753f42da33f05113/element HTTP/1.1
User-Agent: selenium/4.1.2 (java windows)
Content-Length: 59
Content-Type: application/json; charset=utf-8
host: localhost:59133
accept: */*

Response DefaultHttpResponse(decodeResult: success, version: HTTP/1.1)
HTTP/1.1 200 OK
Content-Type: application/json; charset=utf-8
cache-control: no-cache
content-length: 88

21:14:58.510 [AsyncHttpClient-1-3] DEBUG org.asynchttpclient.netty.channel.ChannelManager - Adding key: http://localhost:59133 for channel [id: 0xe5d2de37, L:/127.0.0.1:57503 - R:localhost/127.0.0.1:59133]
21:14:58.511 [Forwarding clickElement on session e02a866d6a2aa648753f42da33f05113 to remote] DEBUG org.asynchttpclient.netty.request.NettyRequestSender - Using pooled Channel '[id: 0xe5d2de37, L:/127.0.0.1:57503 - R:localhost/127.0.0.1:59133]' for 'POST' to 'http://localhost:59133/session/e02a866d6a2aa648753f42da33f05113/element/b3aaddbe-d582-41a6-8034-f8723d211d59/click'
21:14:58.511 [Forwarding clickElement on session e02a866d6a2aa648753f42da33f05113 to remote] DEBUG org.asynchttpclient.netty.request.NettyRequestSender - Using open Channel [id: 0xe5d2de37, L:/127.0.0.1:57503 - R:localhost/127.0.0.1:59133] for POST '/session/e02a866d6a2aa648753f42da33f05113/element/b3aaddbe-d582-41a6-8034-f8723d211d59/click'
21:14:58.558 [AsyncHttpClient-1-3] DEBUG org.asynchttpclient.netty.handler.HttpHandler - 

Request DefaultHttpRequest(decodeResult: success, version: HTTP/1.1)
POST /session/e02a866d6a2aa648753f42da33f05113/element/b3aaddbe-d582-41a6-8034-f8723d211d59/click HTTP/1.1
User-Agent: selenium/4.1.2 (java windows)
Content-Length: 50
Content-Type: application/json; charset=utf-8
host: localhost:59133
accept: */*

Response DefaultHttpResponse(decodeResult: success, version: HTTP/1.1)
HTTP/1.1 200 OK
Content-Type: application/json; charset=utf-8
cache-control: no-cache
content-length: 14

21:14:58.558 [AsyncHttpClient-1-3] DEBUG org.asynchttpclient.netty.channel.ChannelManager - Adding key: http://localhost:59133 for channel [id: 0xe5d2de37, L:/127.0.0.1:57503 - R:localhost/127.0.0.1:59133]
21:14:58.573 [Forwarding screenshot on session e02a866d6a2aa648753f42da33f05113 to remote] DEBUG org.asynchttpclient.netty.request.NettyRequestSender - Using pooled Channel '[id: 0xe5d2de37, L:/127.0.0.1:57503 - R:localhost/127.0.0.1:59133]' for 'GET' to 'http://localhost:59133/session/e02a866d6a2aa648753f42da33f05113/screenshot'
21:14:58.573 [Forwarding screenshot on session e02a866d6a2aa648753f42da33f05113 to remote] DEBUG org.asynchttpclient.netty.request.NettyRequestSender - Using open Channel [id: 0xe5d2de37, L:/127.0.0.1:57503 - R:localhost/127.0.0.1:59133] for GET '/session/e02a866d6a2aa648753f42da33f05113/screenshot'
21:14:58.810 [AsyncHttpClient-1-3] DEBUG org.asynchttpclient.netty.handler.HttpHandler - 

Request DefaultFullHttpRequest(decodeResult: success, version: HTTP/1.1, content: EmptyByteBufBE)
GET /session/e02a866d6a2aa648753f42da33f05113/screenshot HTTP/1.1
User-Agent: selenium/4.1.2 (java windows)
Cache-Control: no-cache
Content-Type: application/json; charset=utf-8
host: localhost:59133
accept: */*

Response DefaultHttpResponse(decodeResult: success, version: HTTP/1.1)
HTTP/1.1 200 OK
Content-Type: application/json; charset=utf-8
cache-control: no-cache
content-length: 26648

21:14:58.810 [AsyncHttpClient-1-3] DEBUG org.asynchttpclient.netty.channel.ChannelManager - Adding key: http://localhost:59133 for channel [id: 0xe5d2de37, L:/127.0.0.1:57503 - R:localhost/127.0.0.1:59133]
21:14:58.812 [main] DEBUG net.serenitybdd.core.photography.Darkroom - Send negative for processing for target\site\serenity\d776e0531847b58a1f0a3f1bd3d4c9c7e33aa38a7f8c8bec025de08171ba9014.png
21:14:58.813 [main] DEBUG net.thucydides.core.steps.StepInterceptor - STEP DONE: clickPayButton
  &amp#27;[32mAnd &amp#27;[0m&amp#27;[32muser click pay button&amp#27;[0m                                   &amp#27;[90m# starter.stepdefenitions.TransactionSteps.userClickPayButton()&amp#27;[0m
21:14:58.813 [Darkroom Processing Line] DEBUG net.serenitybdd.core.photography.DarkroomProcessingLine - Processing screenshot image in /var/screenshots/screenshot-6398120199702737282
21:14:58.813 [Darkroom Processing Line] DEBUG net.serenitybdd.core.photography.DarkroomProcessingLine - Saving screenshot to target\site\serenity\d776e0531847b58a1f0a3f1bd3d4c9c7e33aa38a7f8c8bec025de08171ba9014.png
21:14:58.827 [main] DEBUG net.thucydides.core.steps.StepInterceptor - STARTING STEP: TransactionSteps.thenUserIsMovedToTheLoginPage - moveToLoginPage
21:14:58.830 [Forwarding findElement on session e02a866d6a2aa648753f42da33f05113 to remote] DEBUG org.asynchttpclient.netty.request.NettyRequestSender - Using pooled Channel '[id: 0xe5d2de37, L:/127.0.0.1:57503 - R:localhost/127.0.0.1:59133]' for 'POST' to 'http://localhost:59133/session/e02a866d6a2aa648753f42da33f05113/element'
21:14:58.830 [Forwarding findElement on session e02a866d6a2aa648753f42da33f05113 to remote] DEBUG org.asynchttpclient.netty.request.NettyRequestSender - Using open Channel [id: 0xe5d2de37, L:/127.0.0.1:57503 - R:localhost/127.0.0.1:59133] for POST '/session/e02a866d6a2aa648753f42da33f05113/element'
21:14:58.842 [AsyncHttpClient-1-3] DEBUG org.asynchttpclient.netty.handler.HttpHandler - 

Request DefaultHttpRequest(decodeResult: success, version: HTTP/1.1)
POST /session/e02a866d6a2aa648753f42da33f05113/element HTTP/1.1
User-Agent: selenium/4.1.2 (java windows)
Content-Length: 60
Content-Type: application/json; charset=utf-8
host: localhost:59133
accept: */*

Response DefaultHttpResponse(decodeResult: success, version: HTTP/1.1)
HTTP/1.1 200 OK
Content-Type: application/json; charset=utf-8
cache-control: no-cache
content-length: 88

21:14:58.842 [AsyncHttpClient-1-3] DEBUG org.asynchttpclient.netty.channel.ChannelManager - Adding key: http://localhost:59133 for channel [id: 0xe5d2de37, L:/127.0.0.1:57503 - R:localhost/127.0.0.1:59133]
21:14:58.846 [Forwarding isElementDisplayed on session e02a866d6a2aa648753f42da33f05113 to remote] DEBUG org.asynchttpclient.netty.request.NettyRequestSender - Using pooled Channel '[id: 0xe5d2de37, L:/127.0.0.1:57503 - R:localhost/127.0.0.1:59133]' for 'POST' to 'http://localhost:59133/session/e02a866d6a2aa648753f42da33f05113/execute/sync'
21:14:58.846 [Forwarding isElementDisplayed on session e02a866d6a2aa648753f42da33f05113 to remote] DEBUG org.asynchttpclient.netty.request.NettyRequestSender - Using open Channel [id: 0xe5d2de37, L:/127.0.0.1:57503 - R:localhost/127.0.0.1:59133] for POST '/session/e02a866d6a2aa648753f42da33f05113/execute/sync'
21:14:58.870 [AsyncHttpClient-1-3] DEBUG org.asynchttpclient.netty.handler.HttpHandler - 

Request DefaultHttpRequest(decodeResult: success, version: HTTP/1.1)
POST /session/e02a866d6a2aa648753f42da33f05113/execute/sync HTTP/1.1
User-Agent: selenium/4.1.2 (java windows)
Content-Length: 48780
Content-Type: application/json; charset=utf-8
host: localhost:59133
accept: */*

Response DefaultHttpResponse(decodeResult: success, version: HTTP/1.1)
HTTP/1.1 200 OK
Content-Type: application/json; charset=utf-8
cache-control: no-cache
content-length: 14

21:14:58.871 [AsyncHttpClient-1-3] DEBUG org.asynchttpclient.netty.channel.ChannelManager - Adding key: http://localhost:59133 for channel [id: 0xe5d2de37, L:/127.0.0.1:57503 - R:localhost/127.0.0.1:59133]
21:14:58.877 [Forwarding screenshot on session e02a866d6a2aa648753f42da33f05113 to remote] DEBUG org.asynchttpclient.netty.request.NettyRequestSender - Using pooled Channel '[id: 0xe5d2de37, L:/127.0.0.1:57503 - R:localhost/127.0.0.1:59133]' for 'GET' to 'http://localhost:59133/session/e02a866d6a2aa648753f42da33f05113/screenshot'
21:14:58.877 [Forwarding screenshot on session e02a866d6a2aa648753f42da33f05113 to remote] DEBUG org.asynchttpclient.netty.request.NettyRequestSender - Using open Channel [id: 0xe5d2de37, L:/127.0.0.1:57503 - R:localhost/127.0.0.1:59133] for GET '/session/e02a866d6a2aa648753f42da33f05113/screenshot'
21:14:58.902 [AsyncHttpClient-1-1] DEBUG org.asynchttpclient.netty.channel.DefaultChannelPool - Entry count for : http://localhost:57504 : 1
21:14:59.011 [AsyncHttpClient-1-3] DEBUG org.asynchttpclient.netty.handler.HttpHandler - 

Request DefaultFullHttpRequest(decodeResult: success, version: HTTP/1.1, content: EmptyByteBufBE)
GET /session/e02a866d6a2aa648753f42da33f05113/screenshot HTTP/1.1
User-Agent: selenium/4.1.2 (java windows)
Cache-Control: no-cache
Content-Type: application/json; charset=utf-8
host: localhost:59133
accept: */*

Response DefaultHttpResponse(decodeResult: success, version: HTTP/1.1)
HTTP/1.1 200 OK
Content-Type: application/json; charset=utf-8
cache-control: no-cache
content-length: 26072

21:14:59.011 [AsyncHttpClient-1-3] DEBUG org.asynchttpclient.netty.channel.ChannelManager - Adding key: http://localhost:59133 for channel [id: 0xe5d2de37, L:/127.0.0.1:57503 - R:localhost/127.0.0.1:59133]
21:14:59.014 [main] DEBUG net.serenitybdd.core.photography.Darkroom - Send negative for processing for target\site\serenity\0641a669f2477655d585dd9e02bb3d1dd7842c292ae97a05e9695b02e6bc648f.png
21:14:59.014 [main] DEBUG net.thucydides.core.steps.StepInterceptor - STEP DONE: moveToLoginPage
  &amp#27;[32mThen &amp#27;[0m&amp#27;[32mThen user is moved to the login page&amp#27;[0m                   &amp#27;[90m# starter.stepdefenitions.TransactionSteps.thenUserIsMovedToTheLoginPage()&amp#27;[0m
21:14:59.014 [Darkroom Processing Line] DEBUG net.serenitybdd.core.photography.DarkroomProcessingLine - Processing screenshot image in /var/screenshots/screenshot-730946433519559854
21:14:59.014 [Darkroom Processing Line] DEBUG net.serenitybdd.core.photography.DarkroomProcessingLine - Saving screenshot to target\site\serenity\0641a669f2477655d585dd9e02bb3d1dd7842c292ae97a05e9695b02e6bc648f.png
21:14:59.022 [main] INFO  - 
  _____   ___   ___   _____     ___     _     ___   ___   ___   ___  
 |_   _| | __| / __| |_   _|   | _ \   /_\   / __| / __| | __| |   \ 
   | |   | _|  \__ \   | |     |  _/  / _ \  \__ \ \__ \ | _|  | |) |
   |_|   |___| |___/   |_|     |_|   /_/ \_\ |___/ |___/ |___| |___/ 

As user i have fail to pay all items with not login
----------------------------------------------------------------------
21:14:59.023 [AsyncHttpClient-1-5] DEBUG org.asynchttpclient.netty.handler.WebSocketHandler - Channel Closed: [id: 0x0bd9b309, L:/127.0.0.1:57512 ! R:localhost/127.0.0.1:57504] with attribute NettyResponseFuture{currentRetry=5,
	isDone=1,
	isCancelled=0,
	asyncHandler=org.asynchttpclient.ws.WebSocketUpgradeHandler@296d1f3a,
	nettyRequest=org.asynchttpclient.netty.request.NettyRequest@64d4e231,
	future=java.util.concurrent.CompletableFuture@6552e505[Completed normally],
	uri=ws://localhost:57504/devtools/browser/6ad7ed81-f673-4be7-bd17-da1acc3c8132,
	keepAlive=true,
	redirectCount=0,
	timeoutsHolder=null,
	inAuth=0,
	touch=1652796884792}
21:14:59.023 [AsyncHttpClient-1-5] DEBUG org.asynchttpclient.netty.channel.ChannelManager - Closing Channel [id: 0x0bd9b309, L:/127.0.0.1:57512 ! R:localhost/127.0.0.1:57504] 
21:14:59.024 [Driver Command Executor] DEBUG org.asynchttpclient.netty.request.NettyRequestSender - Using pooled Channel '[id: 0xe5d2de37, L:/127.0.0.1:57503 - R:localhost/127.0.0.1:59133]' for 'DELETE' to 'http://localhost:59133/session/e02a866d6a2aa648753f42da33f05113'
21:14:59.024 [Driver Command Executor] DEBUG org.asynchttpclient.netty.request.NettyRequestSender - Using open Channel [id: 0xe5d2de37, L:/127.0.0.1:57503 - R:localhost/127.0.0.1:59133] for DELETE '/session/e02a866d6a2aa648753f42da33f05113'
21:14:59.191 [AsyncHttpClient-1-4] DEBUG org.asynchttpclient.netty.handler.HttpHandler - Unexpected I/O exception on channel [id: 0xf6ca070e, L:/127.0.0.1:57511 - R:localhost/127.0.0.1:57504]
java.io.IOException: An existing connection was forcibly closed by the remote host
	at sun.nio.ch.SocketDispatcher.read0(Native Method)
	at sun.nio.ch.SocketDispatcher.read(SocketDispatcher.java:43)
	at sun.nio.ch.IOUtil.readIntoNativeBuffer(IOUtil.java:223)
	at sun.nio.ch.IOUtil.read(IOUtil.java:192)
	at sun.nio.ch.SocketChannelImpl.read(SocketChannelImpl.java:378)
	at io.netty.buffer.PooledByteBuf.setBytes(PooledByteBuf.java:258)
	at io.netty.buffer.AbstractByteBuf.writeBytes(AbstractByteBuf.java:1132)
	at io.netty.channel.socket.nio.NioSocketChannel.doReadBytes(NioSocketChannel.java:350)
	at io.netty.channel.nio.AbstractNioByteChannel$NioByteUnsafe.read(AbstractNioByteChannel.java:151)
	at io.netty.channel.nio.NioEventLoop.processSelectedKey(NioEventLoop.java:722)
	at io.netty.channel.nio.NioEventLoop.processSelectedKeysOptimized(NioEventLoop.java:658)
	at io.netty.channel.nio.NioEventLoop.processSelectedKeys(NioEventLoop.java:584)
	at io.netty.channel.nio.NioEventLoop.run(NioEventLoop.java:496)
	at io.netty.util.concurrent.SingleThreadEventExecutor$4.run(SingleThreadEventExecutor.java:986)
	at io.netty.util.internal.ThreadExecutorMap$2.run(ThreadExecutorMap.java:74)
	at io.netty.util.concurrent.FastThreadLocalRunnable.run(FastThreadLocalRunnable.java:30)
	at java.lang.Thread.run(Thread.java:750)
21:14:59.191 [AsyncHttpClient-1-4] DEBUG org.asynchttpclient.netty.channel.ChannelManager - Closing Channel [id: 0xf6ca070e, L:/127.0.0.1:57511 - R:localhost/127.0.0.1:57504] 
21:14:59.191 [AsyncHttpClient-1-4] DEBUG org.asynchttpclient.netty.handler.HttpHandler - Channel Closed: [id: 0xf6ca070e, L:/127.0.0.1:57511 ! R:localhost/127.0.0.1:57504] with attribute DISCARD
21:14:59.222 [AsyncHttpClient-1-3] DEBUG org.asynchttpclient.netty.handler.HttpHandler - 

Request DefaultFullHttpRequest(decodeResult: success, version: HTTP/1.1, content: EmptyByteBufBE)
DELETE /session/e02a866d6a2aa648753f42da33f05113 HTTP/1.1
User-Agent: selenium/4.1.2 (java windows)
Content-Type: application/json; charset=utf-8
host: localhost:59133
accept: */*

Response DefaultHttpResponse(decodeResult: success, version: HTTP/1.1)
HTTP/1.1 200 OK
Content-Type: application/json; charset=utf-8
cache-control: no-cache
content-length: 14

21:14:59.222 [AsyncHttpClient-1-3] DEBUG org.asynchttpclient.netty.channel.ChannelManager - Adding key: http://localhost:59133 for channel [id: 0xe5d2de37, L:/127.0.0.1:57503 - R:localhost/127.0.0.1:59133]
21:14:59.333 [AsyncHttpClient-1-3] DEBUG org.asynchttpclient.netty.handler.HttpHandler - Channel Closed: [id: 0xe5d2de37, L:/127.0.0.1:57503 ! R:localhost/127.0.0.1:59133] with attribute DISCARD
]]></system-out>
    <system-err><![CDATA[Starting ChromeDriver 100.0.4896.60 (6a5d10861ce8de5fce22564658033b43cb7de047-refs/branch-heads/4896@{#875}) on port 59133
Only local connections are allowed.
Please see https://chromedriver.chromium.org/security-considerations for suggestions on keeping ChromeDriver safe.
ChromeDriver was started successfully.
[1652796884.716][WARNING]: This version of ChromeDriver has not been tested with Chrome version 101.
May 17, 2022 9:14:44 PM org.openqa.selenium.remote.ProtocolHandshake createSession
INFO: Detected dialect: W3C
May 17, 2022 9:14:44 PM org.openqa.selenium.devtools.CdpVersionFinder findNearestMatch
WARNING: Unable to find an exact match for CDP version 101, so returning the closest version found: 97
May 17, 2022 9:14:44 PM org.openqa.selenium.devtools.CdpVersionFinder findNearestMatch
INFO: Found CDP implementation for version 101 of 97
]]></system-err>
  </testcase>
</testsuite>